<?xml version="1.0" encoding="UTF-8"?>
<!-- Generated by org.testng.reporters.JUnitReportReporter -->
<testsuite hostname="DESKTOP-6RSBDQK" failures="0" tests="1" name="ipltesting.Z_googleNext" time="0.008" errors="0" timestamp="2024-12-07T22:40:08 IST" skipped="0">
  <testcase classname="ipltesting.Z_googleNext" name="mvain" time="0.008"/>
</testsuite> <!-- ipltesting.Z_googleNext -->
