<?xml version="1.0" encoding="UTF-8"?>
<!-- Generated by org.testng.reporters.JUnitReportReporter -->
<testsuite hostname="DESKTOP-6RSBDQK" failures="0" tests="1" name="ipltesting.Rollsroycewait" time="11.252" errors="0" timestamp="2025-07-11T15:43:11 IST" skipped="0">
  <testcase classname="ipltesting.Rollsroycewait" name="mediaNavigation" time="11.252"/>
</testsuite> <!-- ipltesting.Rollsroycewait -->
