<?xml version="1.0" encoding="UTF-8"?>
<!-- Generated by org.testng.reporters.JUnitReportReporter -->
<testsuite hostname="DESKTOP-6RSBDQK" failures="0" tests="1" name="Live_testcases.ExplicitWait" time="3.851" errors="0" timestamp="2025-07-11T12:57:15 IST" skipped="0">
  <testcase classname="Live_testcases.ExplicitWait" name="waitExample" time="3.851"/>
</testsuite> <!-- Live_testcases.ExplicitWait -->
