<?xml version="1.0" encoding="UTF-8"?>
<!-- Generated by org.testng.reporters.JUnitReportReporter -->
<testsuite hostname="DESKTOP-6RSBDQK" failures="0" tests="1" name="api_testing.Hamcrest_Method" time="2.830" errors="0" timestamp="2025-01-10T10:43:55 IST" skipped="0">
  <testcase classname="api_testing.Hamcrest_Method" name="request_response_logging" time="2.830"/>
</testsuite> <!-- api_testing.Hamcrest_Method -->
