<?xml version="1.0" encoding="UTF-8"?>
<!-- Generated by org.testng.reporters.JUnitReportReporter -->
<testsuite hostname="DESKTOP-6RSBDQK" failures="0" tests="1" name="basic.Flipkart" time="5.591" errors="0" timestamp="2025-07-21T09:02:15 IST" skipped="0">
  <testcase classname="basic.Flipkart" name="software" time="5.591"/>
</testsuite> <!-- basic.Flipkart -->
