<?xml version="1.0" encoding="UTF-8"?>
<!-- Generated by org.testng.reporters.JUnitReportReporter -->
<testsuite hostname="DESKTOP-6RSBDQK" failures="0" tests="2" name="ipltesting.DataprovidesExample" time="0.009" errors="0" timestamp="2024-12-07T23:10:15 IST" skipped="0">
  <testcase classname="ipltesting.DataprovidesExample" name="InvalidLogin" time="0.009">
    <system-out>
      <![CDATA[Username =software@qa.com
Passowrd =mypassword]]>
    </system-out>
  </testcase> <!-- InvalidLogin -->
  <testcase classname="ipltesting.DataprovidesExample" name="validLogin" time="0.000">
    <system-out>
      <![CDATA[Username =software@qa.com
Passowrd =mypassword]]>
    </system-out>
  </testcase> <!-- validLogin -->
  <system-out>
    <![CDATA[Username =software@qa.com
Passowrd =mypassword
Username =software@qa.com
Passowrd =mypassword]]>
  </system-out>
</testsuite> <!-- ipltesting.DataprovidesExample -->
