<?xml version="1.0" encoding="UTF-8"?>
<!-- Generated by org.testng.reporters.JUnitReportReporter -->
<testsuite hostname="DESKTOP-6RSBDQK" failures="0" tests="3" name="api_testing.RequestSpecDefault" time="6.510" errors="0" timestamp="2025-06-02T16:22:06 IST" skipped="0">
  <testcase classname="api_testing.RequestSpecDefault" name="validate_response_body" time="4.688"/>
  <testcase classname="api_testing.RequestSpecDefault" name="QueryTest" time="0.015"/>
  <testcase classname="api_testing.RequestSpecDefault" name="validate_status_code" time="1.807"/>
</testsuite> <!-- api_testing.RequestSpecDefault -->
