<?xml version="1.0" encoding="UTF-8"?>
<!-- Generated by org.testng.reporters.JUnitReportReporter -->
<testsuite hostname="DESKTOP-6RSBDQK" failures="0" tests="2" name="ipltesting.HardAssertExample" time="0.016" errors="0" timestamp="2025-07-20T14:34:36 IST" skipped="0">
  <testcase classname="ipltesting.HardAssertExample" name="tc1" time="0.015">
    <system-out>
      <![CDATA[a = 6]]>
    </system-out>
  </testcase> <!-- tc1 -->
  <testcase classname="ipltesting.HardAssertExample" name="tc2" time="0.001"/>
  <system-out>
    <![CDATA[a = 6]]>
  </system-out>
</testsuite> <!-- ipltesting.HardAssertExample -->
