<?xml version="1.0" encoding="UTF-8"?>
<!-- Generated by org.testng.reporters.JUnitReportReporter -->
<testsuite hostname="DESKTOP-6RSBDQK" failures="0" tests="2" name="basic.GoogleLogin" time="23.042" errors="0" timestamp="2025-05-01T18:38:27 IST" skipped="0">
  <testcase classname="basic.GoogleLogin" name="software" time="13.127"/>
  <testcase classname="basic.GoogleLogin" name="software" time="9.915"/>
</testsuite> <!-- basic.GoogleLogin -->
