<?xml version="1.0" encoding="UTF-8"?>
<!-- Generated by org.testng.reporters.JUnitReportReporter -->
<testsuite hostname="DESKTOP-6RSBDQK" failures="0" tests="2" name="ipltesting.DataProviderTest" time="0.010" errors="0" timestamp="2024-12-07T22:59:46 IST" skipped="0">
  <testcase classname="ipltesting.DataProviderTest" name="validLogin" time="0.001">
    <system-out>
      <![CDATA[Username =2
Passowrd =patel]]>
    </system-out>
  </testcase> <!-- validLogin -->
  <testcase classname="ipltesting.DataProviderTest" name="validLogin" time="0.009">
    <system-out>
      <![CDATA[Username =1
Passowrd =chnirag]]>
    </system-out>
  </testcase> <!-- validLogin -->
  <system-out>
    <![CDATA[Username =1
Passowrd =chnirag
Username =2
Passowrd =patel]]>
  </system-out>
</testsuite> <!-- ipltesting.DataProviderTest -->
