<?xml version="1.0" encoding="UTF-8"?>
<!-- Generated by org.testng.reporters.JUnitReportReporter -->
<testsuite hostname="DESKTOP-6RSBDQK" failures="0" tests="1" name="basic.Dummy" time="5.232" errors="0" timestamp="2025-07-23T23:12:00 IST" skipped="0">
  <testcase classname="basic.Dummy" name="Testcheckbox" time="5.232"/>
</testsuite> <!-- basic.Dummy -->
