<?xml version="1.0" encoding="UTF-8"?>
<!-- Generated by org.testng.reporters.JUnitReportReporter -->
<testsuite hostname="DESKTOP-6RSBDQK" failures="0" tests="2" name="api_testing.RequestSpecificationDefault" time="5.809" errors="0" timestamp="2025-02-04T18:06:07 IST" skipped="0">
  <testcase classname="api_testing.RequestSpecificationDefault" name="validate_status_code" time="1.460"/>
  <testcase classname="api_testing.RequestSpecificationDefault" name="validate_response_body" time="4.349"/>
</testsuite> <!-- api_testing.RequestSpecificationDefault -->
