<?xml version="1.0" encoding="UTF-8"?>
<!-- Generated by org.testng.reporters.JUnitReportReporter -->
<testsuite hostname="DESKTOP-6RSBDQK" failures="0" tests="1" name="basic.Flipkart" time="5.231" errors="0" timestamp="2025-07-23T23:12:00 IST" skipped="0">
  <testcase classname="basic.Flipkart" name="software" time="5.231"/>
</testsuite> <!-- basic.Flipkart -->
