<?xml version="1.0" encoding="UTF-8"?>
<!-- Generated by org.testng.reporters.JUnitReportReporter -->
<testsuite hostname="DESKTOP-6RSBDQK" failures="0" tests="1" name="basic.Flipkart" time="3.797" errors="0" timestamp="2025-07-23T20:01:07 IST" skipped="0">
  <testcase classname="basic.Flipkart" name="software" time="3.797"/>
</testsuite> <!-- basic.Flipkart -->
