<?xml version="1.0" encoding="UTF-8"?>
<!-- Generated by org.testng.reporters.JUnitReportReporter -->
<testsuite hostname="DESKTOP-6RSBDQK" failures="0" tests="1" name="api_testing.AutomatePostFile" time="1.900" errors="0" timestamp="2025-02-12T16:05:28 IST" skipped="0">
  <testcase classname="api_testing.AutomatePostFile" name="validate_post_request_build_style" time="1.900"/>
</testsuite> <!-- api_testing.AutomatePostFile -->
