<?xml version="1.0" encoding="UTF-8"?>
<!-- Generated by org.testng.reporters.JUnitReportReporter -->
<testsuite hostname="DESKTOP-6RSBDQK" failures="0" tests="1" name="ipltesting.Rollsroyce" time="186.688" errors="1" timestamp="2025-07-22T19:38:22 IST" skipped="0">
  <testcase classname="ipltesting.Rollsroyce" name="mediaNavigation" time="186.688">
    <error message="java.util.concurrent.TimeoutException
Build info: version: &#039;4.34.0&#039;, revision: &#039;707dcb4246*&#039;
System info: os.name: &#039;Windows 11&#039;, os.arch: &#039;amd64&#039;, os.version: &#039;10.0&#039;, java.version: &#039;21.0.4&#039;
Driver info: org.openqa.selenium.chrome.ChromeDriver
Command: [c4fdf5d920242469447d5df00f6087cd, findElement {value=//li[@id=&#039;nav-results-reports-and-presentations-level2&#039; and @class=&#039;level2 haschildren&#039; and @aria-haspopup=&#039;true&#039;], using=xpath}]
Capabilities {acceptInsecureCerts: false, browserName: chrome, browserVersion: 138.0.7204.158, chrome: {chromedriverVersion: 138.0.7204.157 (e533e98b126..., userDataDir: C:\Users\DELLEN~1\AppData\L...}, fedcm:accounts: true, goog:chromeOptions: {debuggerAddress: localhost:56468}, networkConnectionEnabled: false, pageLoadStrategy: normal, platformName: windows, proxy: Proxy(), se:cdp: ws://localhost:56468/devtoo..., se:cdpVersion: 138.0.7204.158, setWindowRect: true, strictFileInteractability: false, timeouts: {implicit: 0, pageLoad: 300000, script: 30000}, unhandledPromptBehavior: dismiss and notify, webauthn:extension:credBlob: true, webauthn:extension:largeBlob: true, webauthn:extension:minPinLength: true, webauthn:extension:prf: true, webauthn:virtualAuthenticators: true}
Session ID: c4fdf5d920242469447d5df00f6087cd" type="org.openqa.selenium.TimeoutException">
      <![CDATA[org.openqa.selenium.TimeoutException: java.util.concurrent.TimeoutException
Build info: version: '4.34.0', revision: '707dcb4246*'
System info: os.name: 'Windows 11', os.arch: 'amd64', os.version: '10.0', java.version: '21.0.4'
Driver info: org.openqa.selenium.chrome.ChromeDriver
Command: [c4fdf5d920242469447d5df00f6087cd, findElement {value=//li[@id='nav-results-reports-and-presentations-level2' and @class='level2 haschildren' and @aria-haspopup='true'], using=xpath}]
Capabilities {acceptInsecureCerts: false, browserName: chrome, browserVersion: 138.0.7204.158, chrome: {chromedriverVersion: 138.0.7204.157 (e533e98b126..., userDataDir: C:\Users\DELLEN~1\AppData\L...}, fedcm:accounts: true, goog:chromeOptions: {debuggerAddress: localhost:56468}, networkConnectionEnabled: false, pageLoadStrategy: normal, platformName: windows, proxy: Proxy(), se:cdp: ws://localhost:56468/devtoo..., se:cdpVersion: 138.0.7204.158, setWindowRect: true, strictFileInteractability: false, timeouts: {implicit: 0, pageLoad: 300000, script: 30000}, unhandledPromptBehavior: dismiss and notify, webauthn:extension:credBlob: true, webauthn:extension:largeBlob: true, webauthn:extension:minPinLength: true, webauthn:extension:prf: true, webauthn:virtualAuthenticators: true}
Session ID: c4fdf5d920242469447d5df00f6087cd
at org.openqa.selenium.remote.http.jdk.JdkHttpClient.execute(JdkHttpClient.java:427)
at org.openqa.selenium.remote.HttpCommandExecutor.execute(HttpCommandExecutor.java:212)
at org.openqa.selenium.remote.service.DriverCommandExecutor.invokeExecute(DriverCommandExecutor.java:216)
at org.openqa.selenium.remote.service.DriverCommandExecutor.execute(DriverCommandExecutor.java:174)
at org.openqa.selenium.remote.RemoteWebDriver.execute(RemoteWebDriver.java:544)
at org.openqa.selenium.remote.ElementLocation$ElementFinder$2.findElement(ElementLocation.java:165)
at org.openqa.selenium.remote.ElementLocation.findElement(ElementLocation.java:59)
at org.openqa.selenium.remote.RemoteWebDriver.findElement(RemoteWebDriver.java:367)
at org.openqa.selenium.remote.RemoteWebDriver.findElement(RemoteWebDriver.java:361)
at org.openqa.selenium.support.ui.ExpectedConditions$7.apply(ExpectedConditions.java:194)
at org.openqa.selenium.support.ui.ExpectedConditions$7.apply(ExpectedConditions.java:190)
at org.openqa.selenium.support.ui.ExpectedConditions$22.apply(ExpectedConditions.java:627)
at org.openqa.selenium.support.ui.ExpectedConditions$22.apply(ExpectedConditions.java:624)
at org.openqa.selenium.support.ui.FluentWait.until(FluentWait.java:203)
at pom.Obj_Rollsroyce.clickreportpresent(Obj_Rollsroyce.java:51)
at ipltesting.Rollsroyce.mediaNavigation(Rollsroyce.java:39)
at java.base/jdk.internal.reflect.DirectMethodHandleAccessor.invoke(DirectMethodHandleAccessor.java:103)
at java.base/java.lang.reflect.Method.invoke(Method.java:580)
at org.testng.internal.invokers.MethodInvocationHelper.invokeMethod(MethodInvocationHelper.java:141)
at org.testng.internal.invokers.TestInvoker.invokeMethod(TestInvoker.java:687)
at org.testng.internal.invokers.TestInvoker.invokeTestMethod(TestInvoker.java:230)
at org.testng.internal.invokers.MethodRunner.runInSequence(MethodRunner.java:63)
at org.testng.internal.invokers.TestInvoker$MethodInvocationAgent.invoke(TestInvoker.java:995)
at org.testng.internal.invokers.TestInvoker.invokeTestMethods(TestInvoker.java:203)
at org.testng.internal.invokers.TestMethodWorker.invokeTestMethods(TestMethodWorker.java:154)
at org.testng.internal.invokers.TestMethodWorker.run(TestMethodWorker.java:134)
at java.base/java.util.ArrayList.forEach(ArrayList.java:1596)
at org.testng.TestRunner.privateRun(TestRunner.java:741)
at org.testng.TestRunner.run(TestRunner.java:616)
at org.testng.SuiteRunner.runTest(SuiteRunner.java:421)
at org.testng.SuiteRunner.runSequentially(SuiteRunner.java:413)
at org.testng.SuiteRunner.privateRun(SuiteRunner.java:373)
at org.testng.SuiteRunner.run(SuiteRunner.java:312)
at org.testng.SuiteRunnerWorker.runSuite(SuiteRunnerWorker.java:52)
at org.testng.SuiteRunnerWorker.run(SuiteRunnerWorker.java:95)
at org.testng.TestNG.runSuitesSequentially(TestNG.java:1274)
at org.testng.TestNG.runSuitesLocally(TestNG.java:1208)
at org.testng.TestNG.runSuites(TestNG.java:1112)
at org.testng.TestNG.run(TestNG.java:1079)
at org.testng.remote.AbstractRemoteTestNG.run(AbstractRemoteTestNG.java:115)
at org.testng.remote.RemoteTestNG.initAndRun(RemoteTestNG.java:293)
at org.testng.remote.RemoteTestNG.main(RemoteTestNG.java:91)
Caused by: java.util.concurrent.TimeoutException
at java.base/java.util.concurrent.CompletableFuture$Timeout.run(CompletableFuture.java:2920)
at java.base/java.util.concurrent.Executors$RunnableAdapter.call(Executors.java:572)
at java.base/java.util.concurrent.FutureTask.run(FutureTask.java:317)
at java.base/java.util.concurrent.ScheduledThreadPoolExecutor$ScheduledFutureTask.run(ScheduledThreadPoolExecutor.java:304)
at java.base/java.util.concurrent.ThreadPoolExecutor.runWorker(ThreadPoolExecutor.java:1144)
at java.base/java.util.concurrent.ThreadPoolExecutor$Worker.run(ThreadPoolExecutor.java:642)
at java.base/java.lang.Thread.run(Thread.java:1583)
]]>
    </error>
  </testcase> <!-- mediaNavigation -->
  <system-out>
    <![CDATA[Current URL=https://accounts.google.com/v3/signin/identifier?continue=https%3A%2F%2Fmail.google.com%2Fmail%2Fu%2F0%2F&emr=1&followup=https%3A%2F%2Fmail.google.com%2Fmail%2Fu%2F0%2F&ifkv=AdBytiOCSXn4wk6AOGnZdwRtiv0axMEqlrDxrcbEH95AtMn4p-1CR3Ka0IBYRfmDN1jXpy6Et-Bw&osid=1&passive=1209600&service=mail&flowName=GlifWebSignIn&flowEntry=ServiceLogin&dsh=S573162389%3A1753192815235993
Title of the browser=Gmail
Page source testing of site=<html lang="en-US" dir="ltr" class="eC9N2e"><head><script src="https://www.gstatic.com/_/mss/boq-identity/_/js/k=boq-identity.AccountsSignInUi.en_US.eZwNFZB8n4g.es5.O/ck=boq-identity.AccountsSignInUi.YNGqAUJsfjE.L.B1.O/am=MQ4AzJbH7k0AIP7_nzIL6ixAAkIGAAAAAAAQAABsAQAAWMcAEA/d=1/exm=A7fCU,CMcBD,E87wgc,EFQ78c,EN3i8d,Fndnac,GwYlN,IZT63,K0PMbc,K1ZKnb,KUM7Z,L9OGUe,LDQI,LEikZe,LvGhrf,MY7mZe,MpJwZc,NLiXbe,OpGpZb,P6sQOc,PHUIyb,PrPYRd,RMhBfe,RqjULd,SCuOPb,SD8Jgb,SpsfSb,Tbb4sb,UUJqVe,Uas9Hd,WpP9Yc,YHI3We,YTxL4,YgOFye,ZDZcre,ZwDk9d,_b,_tp,b3kMqb,bTi8wc,byfTOb,cYShmd,cciGGe,eefjlf,f8Gu1e,gJzDyc,hc6Ubd,iAskyc,lsjVmc,ltDFwf,lwddkf,m9oV,mvkUhe,mzzZzc,n73qwf,oLggrd,oqkvIf,p3hmRc,pxq3x,qPYxq,qmdT9,rCcCxc,rmumx,siKnQd,soHxf,t2srLd,tUnxGc,vHEMJe,vfuNJf,vjKJJ,w9hDv,wg1P6b,ws9Tlc,xQtZb,xiZRqc,y5vRwf,yGfSdd,yRXbo,ywOR5c,z0u0L,zbML3c,ziXSP,ziZ8Mc,zr1jrb,zy0vNb/excm=_b,_tp,identifierview/ed=1/wt=2/ujg=1/rs=AOaEmlEGTl6Ux7AQ3FY5KUBhAYdcvHSn5w/ee=ASJRFf:DAnQ7e;Al0B8:kibjWe;DaIJ8c:iAskyc;EVNhjf:pw70Gc;EkYFhd:GwYlN;EmZ2Bf:zr1jrb;JsbNhc:Xd8iUd;K5nYTd:ZDZcre;LBgRLc:XVMNvd;Me32dd:MEeYgc;NJ1rfe:yGfSdd;NPKaK:PVlQOd;NSEoX:lazG7b;Pjplud:EEDORb;QGR0gd:Mlhmy;SMDL4c:K0PMbc;SNUn3:ZwDk9d;ScI3Yc:e7Hzgb;UpnZUd:nnwwYc;Uvc8o:VDovNc;XdiAjb:NLiXbe;YIZmRd:A1yn5d;a56pNe:JEfCwb;cEt90b:ws9Tlc;dIoSBb:SpsfSb;dowIGb:ebZ3mb;eBAeSb:zbML3c;iFQyKf:vfuNJf;lOO0Vd:OTA3Ae;nTuGK:JKNPM;oGtAuc:sOXFj;oSUNyd:K0PMbc;oXZmbc:tUnxGc;pXdRYb:L9OGUe;qafBPd:yDVVkb;qddgKe:xQtZb;tbg2ob:Up7mff;vNjB7d:YTxL4;wR5FRb:siKnQd;yxTchf:KUM7Z/m=Wt6vjf,hhhU8,FCpbqb,WhJNk" nonce="" crossorigin="anonymous"></script><base href="https://accounts.google.com/v3/signin/"><link rel="preconnect" href="//www.gstatic.com"><meta name="referrer" content="origin"><script data-id="_gd" nonce="">window.WIZ_global_data = {"DndLYb":"","DpimGf":false,"EP1ykd":["/_/*"],"EaOSAe":"https://kidsmanagement-pa.googleapis.com","FdrFJe":"-7937392678554553341","FoW6je":false,"GWsdKe":"en-US","HAZvpc":"https://accounts.google.com/v3/signin/interstitial/doritos/forward/success?continue\u003dhttps://mail.google.com/mail/u/0/\u0026timeStmp\u003d1753192815337","HiPsbb":1,"Im6cmf":"/v3/signin/_/AccountsSignInUi","LVIXXb":1,"LoQv7e":true,"MT7f9b":[],"MUE6Ne":"AccountsSignInUi","Mypbod":"https://www.googleapis.com/reauth","QrtxK":"","Qzxixc":"S573162389:1753192815235993","S06Grb":"","S6lZl":128566913,"SNlM0e":"AEObw40pb5q-9mMUcSR3cDZWZOVY:1753192815338","TSDtV":"%.@.[[null,[[45703546,null,null,null,\"\",null,\"eqLaD\"],[45450723,null,false,null,null,null,\"XQkE7e\"],[45453809,null,false,null,null,null,\"D1bn1b\"],[45451649,null,true,null,null,null,\"LeUU4b\"],[45711479,null,false,null,null,null,\"Tsdvnf\"],[45651384,null,true,null,null,null,\"GmAFDc\"],[45682322,null,false,null,null,null,\"HgjJSe\"],[45451922,null,false,null,null,null,\"TFYsbf\"],[45647029,null,true,null,null,null,\"NpaWBe\"],[45667279,0,null,null,null,null,\"mIC16c\"],[45451657,null,true,null,null,null,\"XibpJd\"],[45714020,null,false,null,null,null,\"s0v9Fe\"],[45459555,null,false,null,null,null,\"Imeoqb\"],[45699405,null,false,null,null,null,\"v7fSvc\"],[45706603,null,false,null,null,null,\"D87wMe\"],[45686230,null,false,null,null,null,\"nfxin\"],[45684016,null,true,null,null,null,\"xsnBVe\"],[45690017,null,true,null,null,null,\"eSX4ub\"],[45686077,null,false,null,null,null,\"O5EhJf\"],[45692956,null,true,null,null,null,\"XurJcf\"],[45685953,null,true,null,null,null,\"BnD2Db\"],[45628954,null,true,null,null,null,\"ZjTJve\"],[45702488,null,false,null,null,null,\"YFj8kb\"],[45450722,null,true,null,null,null,\"b1Rcdc\"],[45689304,null,true,null,null,null,\"Qv5Wf\"],[45665011,null,true,null,null,null,\"RtNLWd\"],[45670065,null,true,null,null,null,\"X2ebUb\"],[45688128,null,true,null,null,null,\"LKakW\"],[45640338,null,true,null,null,null,\"Kx5bKc\"],[45663970,null,true,null,null,null,\"tztmNc\"],[45705715,null,false,null,null,null,\"wnG6Ib\"],[45451648,null,false,null,null,null,\"YUO2Me\"],[45613970,null,true,null,null,null,\"RnAUFf\"],[45670993,null,true,null,null,null,\"rqg0xd\"],[45688675,null,true,null,null,null,\"hUUsIb\"],[45451647,null,false,null,null,null,\"gsHY5c\"],[45451644,null,false,null,null,null,\"Yxy2vd\"],[45667278,0,null,null,null,null,\"r79HEc\"],[45451989,100,null,null,null,null,\"pmL3bc\"],[45697035,null,false,null,null,null,\"pUlX6d\"]],\"CAMSMR0outPFKQTI0woEy5ABBO44BOjVDgT9nwQE7qYEBMfbBQS4fw+L9AYEl40GBJj+Dw8\\u003d\"]]]","TTHqvb":"https://kidsmanagement-pa.googleapis.com","U2g13c":"https://accounts.google.com/v3/signin/interstitial/doritos/forward/timeout?continue\u003dhttps://mail.google.com/mail/u/0/\u0026timeStmp\u003d1753192815337","UUFaWc":"%.@.null,1000,2]","Vvafkd":false,"Yllh3e":"%.@.1753192815326425,24372073,2636887639]","YlwcZe":"%.@.3,[1],[3600],2,[15,4,13,14,12,2]]","aVMDSb":"AIzaSyCDfgD1Iy2hw8qagbOoe3r0VPNTxeeTUVc","b5W2zf":"default_AccountsSignInUi","blXOUe":false,"cfb2h":"boq_identityfrontendauthuiserver_20250715.05_p0","eNnkwf":"","eptZe":"/v3/signin/_/AccountsSignInUi/","fPDxwd":[98218435,98413842],"gGcLoe":true,"hRpCee":"%.@.true,[[\"/v3/signin/identifier\",null,[\"TL\",\"checkConnection\"]]]]","iCzhFc":false,"jtXsWe":"https://kidsmanagement-pa.clients6.google.com","la8u5e":"%.@.false,true,false,false,\"ServiceLogin\",false,null,\"\",false,[[\"RelayState\",\"SAMLRequest\",\"SigAlg\",\"Signature\",\"TL\",\"af\",\"alignment\",\"alwf\",\"atu\",\"authuser\",\"btmpl\",\"c\",\"c_afwt\",\"c_brsz\",\"c_enable\",\"c_gutw\",\"c_ps_e\",\"c_ps_s\",\"c_ps_t\",\"c_stfs\",\"c_stfwt\",\"c_sts_b\",\"c_sts_t\",\"c_tfs\",\"c_tfwt\",\"c_ts_b\",\"c_ts_t\",\"cbflow\",\"cd\",\"checkConnection\",\"checkedDomains\",\"client_id\",\"color_scheme\",\"continue\",\"cpbps\",\"domains\",\"dsh\",\"ec\",\"emr\",\"faa\",\"ff\",\"flowEntry\",\"flowName\",\"followup\",\"forceOsidOriginForTest\",\"gae\",\"go\",\"hd\",\"hide_status_bar\",\"hl\",\"idvToken\",\"ifkv\",\"ifr\",\"ignoreShadow\",\"kdi\",\"kid_continue\",\"kp_cid\",\"ltmpl\",\"marl\",\"multilogin\",\"next\",\"oauth\",\"osid\",\"pageId\",\"palette_colors\",\"passwdsession\",\"pav\",\"platform_variant\",\"pstMsg\",\"rart\",\"rast\",\"rip\",\"rm\",\"rpbg\",\"sarp\",\"sc_type\",\"scc\",\"scope\",\"secondDevice\",\"secure\",\"sendvemail\",\"service\",\"session\",\"skipShadow\",\"skipvpage\",\"source\",\"ss\",\"ss_mode\",\"sspa\",\"t\",\"target\",\"theme\",\"ul\"]],true,null,[],[[null,null,\"https://accounts.google.com/AccountChooser?continue\\u003dhttps://mail.google.com/mail/u/0/\\u0026followup\\u003dhttps://mail.google.com/mail/u/0/\\u0026osid\\u003d1\\u0026service\\u003dmail\"],[null,[null,null,\"https://accounts.google.com/Logout?continue\\u003dhttps://accounts.google.com/restart?continue%3Dhttps://mail.google.com/mail/u/0/%26dsh%3DS573162389:1753192815235993%26emr%3D1%26flowEntry%3DServiceLogin%26flowName%3DGlifWebSignIn%26followup%3Dhttps://mail.google.com/mail/u/0/%26ifkv%3DAdBytiOCSXn4wk6AOGnZdwRtiv0axMEqlrDxrcbEH95AtMn4p-1CR3Ka0IBYRfmDN1jXpy6Et-Bw%26osid%3D1%26service%3Dmail\"]],[null,null,\"https://accounts.google.com/signin/recovery?flowName\\u003dGlifWebSignIn\\u0026continue\\u003dhttps://mail.google.com/mail/u/0/\\u0026followup\\u003dhttps://mail.google.com/mail/u/0/\\u0026osid\\u003d1\\u0026service\\u003dmail\"],null,[[\"/restart\",null,[\"TL\",\"checkConnection\"]]]],null,true,[],null,true,true,false,true]","mJR7jf":false,"nQyAE":{"YUO2Me":"false","BnD2Db":"true","LeUU4b":"true","ZjTJve":"true","O5EhJf":"false","nfxin":"false","v7fSvc":"false","hUUsIb":"true","HgjJSe":"false","YFj8kb":"false","Yxy2vd":"false","Qv5Wf":"true","LKakW":"true","b1Rcdc":"true","XQkE7e":"false","gsHY5c":"false","pmL3bc":"100","Kx5bKc":"true","TFYsbf":"false","X2ebUb":"true","eSX4ub":"true","D1bn1b":"false"},"p9hQne":"https://www.gstatic.com/_/boq-identity/_/r/","qwAQke":"AccountsSignInUi","qymVe":"","roa9cd":1000,"rtQCxc":-330,"tRszL":"%.@.null,null,null,null,null,null,[null,true,null,null,null,null,null,false]]","thykhd":"AFWLbD3x3OL4GOk5lTYl5yLS25hwKixaYX5dtO7xXlg-m8_QQvhRMVv1Okns1TCVg4nrtrETbmyxqLDCjNmCRRfIZpAyB9PFvfz8ZN07yyR5x9NClDGXVV8Z0VSOn2l8xtPg","u4g7r":"%.@.null,1,2]","unNRMb":"AKctkzm5Hql2OyRvakEuUmWFLEOSrmIVaHidUuM3y08_tYpg98vx09cf-i60o47ZQPektM7ApcJu","vAyiz":"ChYInoTp/5THyrW2ARDikOuT5+OM/4sB","vJQk6":false,"w2btAe":"%.@.null,null,\"\",true,null,null,true,false]","xn5OId":false,"xnI9P":true,"xwAfE":true,"y2FhP":"prod","yFnxrf":1884,"zChJod":"%.@.]","zLbquc":"%.@.false,false]"};</script><script nonce="">(function(){'use strict';var a=window,d=a.performance,l=k();a.cc_latency_start_time=d&&d.now?0:d&&d.timing&&d.timing.navigationStart?d.timing.navigationStart:l;function k(){return d&&d.now?d.now():(new Date).getTime()}function n(e){if(d&&d.now&&d.mark){var g=d.mark(e);if(g)return g.startTime;if(d.getEntriesByName&&(e=d.getEntriesByName(e).pop()))return e.startTime}return k()}a.onaft=function(){n("aft")};a._isLazyImage=function(e){return e.hasAttribute("data-src")||e.hasAttribute("data-ils")||e.getAttribute("loading")==="lazy"};
a.l=function(e){function g(b){var c={};c[b]=k();a.cc_latency.push(c)}function m(b){var c=n("iml");b.setAttribute("data-iml",c);return c}a.cc_aid=e;a.iml_start=a.cc_latency_start_time;a.css_size=0;a.cc_latency=[];a.ccTick=g;a.onJsLoad=function(){g("jsl")};a.onCssLoad=function(){g("cssl")};a._isVisible=function(b,c){if(!c||c.style.display=="none")return!1;var f=b.defaultView;if(f&&f.getComputedStyle&&(f=f.getComputedStyle(c),f.height=="0px"||f.width=="0px"||f.visibility=="hidden"))return!1;if(!c.getBoundingClientRect)return!0;
var h=c.getBoundingClientRect();c=h.left+a.pageXOffset;f=h.top+a.pageYOffset;if(f+h.height<0||c+h.width<0||h.height<=0||h.width<=0)return!1;b=b.documentElement;return f<=(a.innerHeight||b.clientHeight)&&c<=(a.innerWidth||b.clientWidth)};a._recordImlEl=m;document.documentElement.addEventListener("load",function(b){b=b.target;var c;b.tagName!="IMG"||b.hasAttribute("data-iid")||a._isLazyImage(b)||b.hasAttribute("data-noaft")||(c=m(b));if(a.aft_counter&&(b=a.aft_counter.indexOf(b),b!==-1&&(b=a.aft_counter.splice(b,
1).length===1,a.aft_counter.length===0&&b&&c)))a.onaft(c)},!0);a.prt=-1;a.wiz_tick=function(){var b=n("prt");a.prt=b}};}).call(this);
l('CqPtcb')</script><script nonce="">var _F_cssRowKey = 'boq-identity.AccountsSignInUi.YNGqAUJsfjE.L.B1.O';var _F_combinedSignature = 'AOaEmlEGTl6Ux7AQ3FY5KUBhAYdcvHSn5w';function _DumpException(e) {throw e;}</script><style data-href="https://www.gstatic.com/_/mss/boq-identity/_/ss/k=boq-identity.AccountsSignInUi.YNGqAUJsfjE.L.B1.O/am=MQ4AzJbH7k0AIP7_nzIL6ixAAkIGAAAAAAAQAABsAQAAWMcAEA/d=1/ed=1/rs=AOaEmlFi3ndm-VMjlW1kJ-1HSiRNDarJ6w/m=identifierview,_b,_tp" nonce="">@keyframes quantumWizBoxInkSpread{0%{transform:translate(-50%,-50%) scale(0.2)}to{transform:translate(-50%,-50%) scale(2.2)}}@keyframes quantumWizIconFocusPulse{0%{transform:translate(-50%,-50%) scale(1.5);opacity:0}to{transform:translate(-50%,-50%) scale(2);opacity:1}}@keyframes quantumWizRadialInkSpread{0%{transform:scale(1.5);opacity:0}to{transform:scale(2.5);opacity:1}}@keyframes quantumWizRadialInkFocusPulse{0%{transform:scale(2);opacity:0}to{transform:scale(2.5);opacity:1}}@keyframes mdc-ripple-fg-radius-in{0%{animation-timing-function:cubic-bezier(0.4,0,0.2,1);transform:translate(var(--mdc-ripple-fg-translate-start,0)) scale(1)}to{transform:translate(var(--mdc-ripple-fg-translate-end,0)) scale(var(--mdc-ripple-fg-scale,1))}}@keyframes mdc-ripple-fg-opacity-in{0%{animation-timing-function:linear;opacity:0}to{opacity:var(--mdc-ripple-fg-opacity,0)}}@keyframes mdc-ripple-fg-opacity-out{0%{animation-timing-function:linear;opacity:var(--mdc-ripple-fg-opacity,0)}to{opacity:0}}.VfPpkd-ksKsZd-XxIAqe{--mdc-ripple-fg-size:0;--mdc-ripple-left:0;--mdc-ripple-top:0;--mdc-ripple-fg-scale:1;--mdc-ripple-fg-translate-end:0;--mdc-ripple-fg-translate-start:0;-webkit-tap-highlight-color:rgba(0,0,0,0);will-change:transform,opacity;position:relative;outline:none;overflow:hidden}.VfPpkd-ksKsZd-XxIAqe::before,.VfPpkd-ksKsZd-XxIAqe::after{position:absolute;border-radius:50%;opacity:0;pointer-events:none;content:""}.VfPpkd-ksKsZd-XxIAqe::before{transition:opacity 15ms linear,background-color 15ms linear;z-index:1;z-index:var(--mdc-ripple-z-index,1)}.VfPpkd-ksKsZd-XxIAqe::after{z-index:0;z-index:var(--mdc-ripple-z-index,0)}.VfPpkd-ksKsZd-XxIAqe.VfPpkd-ksKsZd-mWPk3d::before{transform:scale(var(--mdc-ripple-fg-scale,1))}.VfPpkd-ksKsZd-XxIAqe.VfPpkd-ksKsZd-mWPk3d::after{top:0;left:0;transform:scale(0);transform-origin:center center}.VfPpkd-ksKsZd-XxIAqe.VfPpkd-ksKsZd-mWPk3d-OWXEXe-ZNMTqd::after{top:var(--mdc-ripple-top,0);left:var(--mdc-ripple-left,0)}.VfPpkd-ksKsZd-XxIAqe.VfPpkd-ksKsZd-mWPk3d-OWXEXe-Tv8l5d-lJfZMc::after{animation:mdc-ripple-fg-radius-in 225ms forwards,mdc-ripple-fg-opacity-in 75ms forwards}.VfPpkd-ksKsZd-XxIAqe.VfPpkd-ksKsZd-mWPk3d-OWXEXe-Tv8l5d-OmS1vf::after{animation:mdc-ripple-fg-opacity-out 150ms;transform:translate(var(--mdc-ripple-fg-translate-end,0)) scale(var(--mdc-ripple-fg-scale,1))}.VfPpkd-ksKsZd-XxIAqe::before,.VfPpkd-ksKsZd-XxIAqe::after{top:calc(50% - 100%);left:calc(50% - 100%);width:200%;height:200%}.VfPpkd-ksKsZd-XxIAqe.VfPpkd-ksKsZd-mWPk3d::after{width:var(--mdc-ripple-fg-size,100%);height:var(--mdc-ripple-fg-size,100%)}.VfPpkd-ksKsZd-XxIAqe[data-mdc-ripple-is-unbounded],.VfPpkd-ksKsZd-mWPk3d-OWXEXe-ZNMTqd{overflow:visible}.VfPpkd-ksKsZd-XxIAqe[data-mdc-ripple-is-unbounded]::before,.VfPpkd-ksKsZd-XxIAqe[data-mdc-ripple-is-unbounded]::after,.VfPpkd-ksKsZd-mWPk3d-OWXEXe-ZNMTqd::before,.VfPpkd-ksKsZd-mWPk3d-OWXEXe-ZNMTqd::after{top:calc(50% - 50%);left:calc(50% - 50%);width:100%;height:100%}.VfPpkd-ksKsZd-XxIAqe[data-mdc-ripple-is-unbounded].VfPpkd-ksKsZd-mWPk3d::before,.VfPpkd-ksKsZd-XxIAqe[data-mdc-ripple-is-unbounded].VfPpkd-ksKsZd-mWPk3d::after,.VfPpkd-ksKsZd-mWPk3d-OWXEXe-ZNMTqd.VfPpkd-ksKsZd-mWPk3d::before,.VfPpkd-ksKsZd-mWPk3d-OWXEXe-ZNMTqd.VfPpkd-ksKsZd-mWPk3d::after{top:var(--mdc-ripple-top,calc(50% - 50%));left:var(--mdc-ripple-left,calc(50% - 50%));width:var(--mdc-ripple-fg-size,100%);height:var(--mdc-ripple-fg-size,100%)}.VfPpkd-ksKsZd-XxIAqe[data-mdc-ripple-is-unbounded].VfPpkd-ksKsZd-mWPk3d::after,.VfPpkd-ksKsZd-mWPk3d-OWXEXe-ZNMTqd.VfPpkd-ksKsZd-mWPk3d::after{width:var(--mdc-ripple-fg-size,100%);height:var(--mdc-ripple-fg-size,100%)}.VfPpkd-ksKsZd-XxIAqe::before,.VfPpkd-ksKsZd-XxIAqe::after{background-color:#000;background-color:var(--mdc-ripple-color,#000)}.VfPpkd-ksKsZd-XxIAqe:hover::before,.VfPpkd-ksKsZd-XxIAqe.VfPpkd-ksKsZd-XxIAqe-OWXEXe-ZmdkE::before{opacity:.04;opacity:var(--mdc-ripple-hover-opacity,0.04)}.VfPpkd-ksKsZd-XxIAqe.VfPpkd-ksKsZd-mWPk3d-OWXEXe-AHe6Kc-XpnDCe::before,.VfPpkd-ksKsZd-XxIAqe:not(.VfPpkd-ksKsZd-mWPk3d):focus::before{transition-duration:75ms;opacity:.12;opacity:var(--mdc-ripple-focus-opacity,0.12)}.VfPpkd-ksKsZd-XxIAqe:not(.VfPpkd-ksKsZd-mWPk3d)::after{transition:opacity 150ms linear}.VfPpkd-ksKsZd-XxIAqe:not(.VfPpkd-ksKsZd-mWPk3d):active::after{transition-duration:75ms;opacity:.12;opacity:var(--mdc-ripple-press-opacity,0.12)}.VfPpkd-ksKsZd-XxIAqe.VfPpkd-ksKsZd-mWPk3d{--mdc-ripple-fg-opacity:var(--mdc-ripple-press-opacity,0.12)}.VfPpkd-Bz112c-LgbsSe{font-size:24px;width:48px;height:48px;padding:12px}.VfPpkd-Bz112c-LgbsSe.VfPpkd-Bz112c-LgbsSe-OWXEXe-e5LLRc-SxQuSe .VfPpkd-Bz112c-Jh9lGc{width:40px;height:40px;margin-top:4px;margin-bottom:4px;margin-right:4px;margin-left:4px}.VfPpkd-Bz112c-LgbsSe.VfPpkd-Bz112c-LgbsSe-OWXEXe-e5LLRc-SxQuSe .VfPpkd-Bz112c-J1Ukfc-LhBDec{max-height:40px;max-width:40px}.VfPpkd-Bz112c-LgbsSe:disabled{color:rgba(0,0,0,.38);color:var(--mdc-theme-text-disabled-on-light,rgba(0,0,0,.38))}.VfPpkd-Bz112c-LgbsSe svg,.VfPpkd-Bz112c-LgbsSe img{width:24px;height:24px}.VfPpkd-Bz112c-LgbsSe{display:inline-block;position:relative;box-sizing:border-box;border:none;outline:none;background-color:transparent;fill:currentColor;color:inherit;text-decoration:none;cursor:pointer;user-select:none;z-index:0;overflow:visible}.VfPpkd-Bz112c-LgbsSe .VfPpkd-Bz112c-RLmnJb{position:absolute;top:50%;height:48px;left:50%;width:48px;transform:translate(-50%,-50%)}@media screen and (forced-colors:active){.VfPpkd-Bz112c-LgbsSe.VfPpkd-ksKsZd-mWPk3d-OWXEXe-AHe6Kc-XpnDCe .VfPpkd-Bz112c-J1Ukfc-LhBDec,.VfPpkd-Bz112c-LgbsSe:not(.VfPpkd-ksKsZd-mWPk3d):focus .VfPpkd-Bz112c-J1Ukfc-LhBDec{display:block}}.VfPpkd-Bz112c-LgbsSe:disabled{cursor:default;pointer-events:none}.VfPpkd-Bz112c-LgbsSe[hidden]{display:none}.VfPpkd-Bz112c-LgbsSe-OWXEXe-KVuj8d-Q3DXx{align-items:center;display:inline-flex;justify-content:center}.VfPpkd-Bz112c-J1Ukfc-LhBDec{pointer-events:none;border:2px solid transparent;border-radius:6px;box-sizing:content-box;position:absolute;top:50%;left:50%;transform:translate(-50%,-50%);height:100%;width:100%;display:none}@media screen and (forced-colors:active){.VfPpkd-Bz112c-J1Ukfc-LhBDec{border-color:CanvasText}}.VfPpkd-Bz112c-J1Ukfc-LhBDec::after{content:"";border:2px solid transparent;border-radius:8px;display:block;position:absolute;top:50%;left:50%;transform:translate(-50%,-50%);height:calc(100% + 4px);width:calc(100% + 4px)}@media screen and (forced-colors:active){.VfPpkd-Bz112c-J1Ukfc-LhBDec::after{border-color:CanvasText}}.VfPpkd-Bz112c-kBDsod{display:inline-block}.VfPpkd-Bz112c-kBDsod.VfPpkd-Bz112c-kBDsod-OWXEXe-IT5dJd,.VfPpkd-Bz112c-LgbsSe-OWXEXe-IT5dJd .VfPpkd-Bz112c-kBDsod{display:none}.VfPpkd-Bz112c-LgbsSe-OWXEXe-IT5dJd .VfPpkd-Bz112c-kBDsod.VfPpkd-Bz112c-kBDsod-OWXEXe-IT5dJd{display:inline-block}.VfPpkd-Bz112c-mRLv6{height:100%;left:0;outline:none;position:absolute;top:0;width:100%}.VfPpkd-Bz112c-LgbsSe{--mdc-ripple-fg-size:0;--mdc-ripple-left:0;--mdc-ripple-top:0;--mdc-ripple-fg-scale:1;--mdc-ripple-fg-translate-end:0;--mdc-ripple-fg-translate-start:0;-webkit-tap-highlight-color:rgba(0,0,0,0);will-change:transform,opacity}.VfPpkd-Bz112c-LgbsSe .VfPpkd-Bz112c-Jh9lGc::before,.VfPpkd-Bz112c-LgbsSe .VfPpkd-Bz112c-Jh9lGc::after{position:absolute;border-radius:50%;opacity:0;pointer-events:none;content:""}.VfPpkd-Bz112c-LgbsSe .VfPpkd-Bz112c-Jh9lGc::before{transition:opacity 15ms linear,background-color 15ms linear;z-index:1;z-index:var(--mdc-ripple-z-index,1)}.VfPpkd-Bz112c-LgbsSe .VfPpkd-Bz112c-Jh9lGc::after{z-index:0;z-index:var(--mdc-ripple-z-index,0)}.VfPpkd-Bz112c-LgbsSe.VfPpkd-ksKsZd-mWPk3d .VfPpkd-Bz112c-Jh9lGc::before{transform:scale(var(--mdc-ripple-fg-scale,1))}.VfPpkd-Bz112c-LgbsSe.VfPpkd-ksKsZd-mWPk3d .VfPpkd-Bz112c-Jh9lGc::after{top:0;left:0;transform:scale(0);transform-origin:center center}.VfPpkd-Bz112c-LgbsSe.VfPpkd-ksKsZd-mWPk3d-OWXEXe-ZNMTqd .VfPpkd-Bz112c-Jh9lGc::after{top:var(--mdc-ripple-top,0);left:var(--mdc-ripple-left,0)}.VfPpkd-Bz112c-LgbsSe.VfPpkd-ksKsZd-mWPk3d-OWXEXe-Tv8l5d-lJfZMc .VfPpkd-Bz112c-Jh9lGc::after{animation:mdc-ripple-fg-radius-in 225ms forwards,mdc-ripple-fg-opacity-in 75ms forwards}.VfPpkd-Bz112c-LgbsSe.VfPpkd-ksKsZd-mWPk3d-OWXEXe-Tv8l5d-OmS1vf .VfPpkd-Bz112c-Jh9lGc::after{animation:mdc-ripple-fg-opacity-out .15s;transform:translate(var(--mdc-ripple-fg-translate-end,0)) scale(var(--mdc-ripple-fg-scale,1))}.VfPpkd-Bz112c-LgbsSe .VfPpkd-Bz112c-Jh9lGc::before,.VfPpkd-Bz112c-LgbsSe .VfPpkd-Bz112c-Jh9lGc::after{top:0;left:0;width:100%;height:100%}.VfPpkd-Bz112c-LgbsSe.VfPpkd-ksKsZd-mWPk3d .VfPpkd-Bz112c-Jh9lGc::before,.VfPpkd-Bz112c-LgbsSe.VfPpkd-ksKsZd-mWPk3d .VfPpkd-Bz112c-Jh9lGc::after{top:var(--mdc-ripple-top,0);left:var(--mdc-ripple-left,0);width:var(--mdc-ripple-fg-size,100%);height:var(--mdc-ripple-fg-size,100%)}.VfPpkd-Bz112c-LgbsSe.VfPpkd-ksKsZd-mWPk3d .VfPpkd-Bz112c-Jh9lGc::after{width:var(--mdc-ripple-fg-size,100%);height:var(--mdc-ripple-fg-size,100%)}.VfPpkd-Bz112c-LgbsSe .VfPpkd-Bz112c-Jh9lGc::before,.VfPpkd-Bz112c-LgbsSe .VfPpkd-Bz112c-Jh9lGc::after{background-color:#000;background-color:var(--mdc-ripple-color,#000)}.VfPpkd-Bz112c-LgbsSe:hover .VfPpkd-Bz112c-Jh9lGc::before,.VfPpkd-Bz112c-LgbsSe.VfPpkd-ksKsZd-XxIAqe-OWXEXe-ZmdkE .VfPpkd-Bz112c-Jh9lGc::before{opacity:.04;opacity:var(--mdc-ripple-hover-opacity,.04)}.VfPpkd-Bz112c-LgbsSe.VfPpkd-ksKsZd-mWPk3d-OWXEXe-AHe6Kc-XpnDCe .VfPpkd-Bz112c-Jh9lGc::before,.VfPpkd-Bz112c-LgbsSe:not(.VfPpkd-ksKsZd-mWPk3d):focus .VfPpkd-Bz112c-Jh9lGc::before{transition-duration:75ms;opacity:.12;opacity:var(--mdc-ripple-focus-opacity,.12)}.VfPpkd-Bz112c-LgbsSe:not(.VfPpkd-ksKsZd-mWPk3d) .VfPpkd-Bz112c-Jh9lGc::after{transition:opacity .15s linear}.VfPpkd-Bz112c-LgbsSe:not(.VfPpkd-ksKsZd-mWPk3d):active .VfPpkd-Bz112c-Jh9lGc::after{transition-duration:75ms;opacity:.12;opacity:var(--mdc-ripple-press-opacity,.12)}.VfPpkd-Bz112c-LgbsSe.VfPpkd-ksKsZd-mWPk3d{--mdc-ripple-fg-opacity:var(--mdc-ripple-press-opacity,0.12)}.VfPpkd-Bz112c-LgbsSe:disabled:hover .VfPpkd-Bz112c-Jh9lGc::before,.VfPpkd-Bz112c-LgbsSe:disabled.VfPpkd-ksKsZd-XxIAqe-OWXEXe-ZmdkE .VfPpkd-Bz112c-Jh9lGc::before{opacity:0;opacity:var(--mdc-ripple-hover-opacity,0)}.VfPpkd-Bz112c-LgbsSe:disabled.VfPpkd-ksKsZd-mWPk3d-OWXEXe-AHe6Kc-XpnDCe .VfPpkd-Bz112c-Jh9lGc::before,.VfPpkd-Bz112c-LgbsSe:disabled:not(.VfPpkd-ksKsZd-mWPk3d):focus .VfPpkd-Bz112c-Jh9lGc::before{transition-duration:75ms;opacity:0;opacity:var(--mdc-ripple-focus-opacity,0)}.VfPpkd-Bz112c-LgbsSe:disabled:not(.VfPpkd-ksKsZd-mWPk3d) .VfPpkd-Bz112c-Jh9lGc::after{transition:opacity .15s linear}.VfPpkd-Bz112c-LgbsSe:disabled:not(.VfPpkd-ksKsZd-mWPk3d):active .VfPpkd-Bz112c-Jh9lGc::after{transition-duration:75ms;opacity:0;opacity:var(--mdc-ripple-press-opacity,0)}.VfPpkd-Bz112c-LgbsSe:disabled.VfPpkd-ksKsZd-mWPk3d{--mdc-ripple-fg-opacity:var(--mdc-ripple-press-opacity,0)}.VfPpkd-Bz112c-LgbsSe .VfPpkd-Bz112c-Jh9lGc{height:100%;left:0;pointer-events:none;position:absolute;top:0;width:100%;z-index:-1}.VfPpkd-dgl2Hf-ppHlrf-sM5MNb{display:inline}.VfPpkd-LgbsSe{position:relative;display:inline-flex;align-items:center;justify-content:center;box-sizing:border-box;min-width:64px;border:none;outline:none;line-height:inherit;user-select:none;-webkit-appearance:none;overflow:visible;vertical-align:middle;background:transparent}.VfPpkd-LgbsSe .VfPpkd-BFbNVe-bF1uUb{width:100%;height:100%;top:0;left:0}.VfPpkd-LgbsSe::-moz-focus-inner{padding:0;border:0}.VfPpkd-LgbsSe:active{outline:none}.VfPpkd-LgbsSe:hover{cursor:pointer}.VfPpkd-LgbsSe:disabled{cursor:default;pointer-events:none}.VfPpkd-LgbsSe[hidden]{display:none}.VfPpkd-LgbsSe .VfPpkd-kBDsod{margin-left:0;margin-right:8px;display:inline-block;position:relative;vertical-align:top}[dir=rtl] .VfPpkd-LgbsSe .VfPpkd-kBDsod,.VfPpkd-LgbsSe .VfPpkd-kBDsod[dir=rtl]{margin-left:8px;margin-right:0}.VfPpkd-LgbsSe .VfPpkd-UdE5de-uDEFge{font-size:0;position:absolute;transform:translate(-50%,-50%);top:50%;left:50%;line-height:normal}.VfPpkd-LgbsSe .VfPpkd-vQzf8d{position:relative}.VfPpkd-LgbsSe .VfPpkd-J1Ukfc-LhBDec{pointer-events:none;border:2px solid transparent;border-radius:6px;box-sizing:content-box;position:absolute;top:50%;left:50%;transform:translate(-50%,-50%);height:calc(100% + 4px);width:calc(100% + 4px);display:none}@media screen and (forced-colors:active){.VfPpkd-LgbsSe .VfPpkd-J1Ukfc-LhBDec{border-color:CanvasText}}.VfPpkd-LgbsSe .VfPpkd-J1Ukfc-LhBDec::after{content:"";border:2px solid transparent;border-radius:8px;display:block;position:absolute;top:50%;left:50%;transform:translate(-50%,-50%);height:calc(100% + 4px);width:calc(100% + 4px)}@media screen and (forced-colors:active){.VfPpkd-LgbsSe .VfPpkd-J1Ukfc-LhBDec::after{border-color:CanvasText}}@media screen and (forced-colors:active){.VfPpkd-LgbsSe.VfPpkd-ksKsZd-mWPk3d-OWXEXe-AHe6Kc-XpnDCe .VfPpkd-J1Ukfc-LhBDec,.VfPpkd-LgbsSe:not(.VfPpkd-ksKsZd-mWPk3d):focus .VfPpkd-J1Ukfc-LhBDec{display:block}}.VfPpkd-LgbsSe .VfPpkd-RLmnJb{position:absolute;top:50%;height:48px;left:0;right:0;transform:translateY(-50%)}.VfPpkd-vQzf8d+.VfPpkd-kBDsod{margin-left:8px;margin-right:0}[dir=rtl] .VfPpkd-vQzf8d+.VfPpkd-kBDsod,.VfPpkd-vQzf8d+.VfPpkd-kBDsod[dir=rtl]{margin-left:0;margin-right:8px}svg.VfPpkd-kBDsod{fill:currentColor}.VfPpkd-LgbsSe-OWXEXe-dgl2Hf{margin-top:6px;margin-bottom:6px}.VfPpkd-LgbsSe{-moz-osx-font-smoothing:grayscale;-webkit-font-smoothing:antialiased;text-decoration:none}.VfPpkd-LgbsSe{padding:0 8px 0 8px}.VfPpkd-LgbsSe-OWXEXe-k8QpJ{transition:box-shadow .28s cubic-bezier(.4,0,.2,1);padding:0 16px 0 16px}.VfPpkd-LgbsSe-OWXEXe-k8QpJ.VfPpkd-LgbsSe-OWXEXe-Bz112c-UbuQg{padding:0 12px 0 16px}.VfPpkd-LgbsSe-OWXEXe-k8QpJ.VfPpkd-LgbsSe-OWXEXe-Bz112c-M1Soyc{padding:0 16px 0 12px}.VfPpkd-LgbsSe-OWXEXe-MV7yeb{transition:box-shadow .28s cubic-bezier(.4,0,.2,1);padding:0 16px 0 16px}.VfPpkd-LgbsSe-OWXEXe-MV7yeb.VfPpkd-LgbsSe-OWXEXe-Bz112c-UbuQg{padding:0 12px 0 16px}.VfPpkd-LgbsSe-OWXEXe-MV7yeb.VfPpkd-LgbsSe-OWXEXe-Bz112c-M1Soyc{padding:0 16px 0 12px}.VfPpkd-LgbsSe-OWXEXe-INsAgc{border-style:solid;transition:border .28s cubic-bezier(.4,0,.2,1)}.VfPpkd-LgbsSe-OWXEXe-INsAgc .VfPpkd-Jh9lGc{border-style:solid;border-color:transparent}.VfPpkd-LgbsSe{--mdc-ripple-fg-size:0;--mdc-ripple-left:0;--mdc-ripple-top:0;--mdc-ripple-fg-scale:1;--mdc-ripple-fg-translate-end:0;--mdc-ripple-fg-translate-start:0;-webkit-tap-highlight-color:rgba(0,0,0,0);will-change:transform,opacity}.VfPpkd-LgbsSe .VfPpkd-Jh9lGc::before,.VfPpkd-LgbsSe .VfPpkd-Jh9lGc::after{position:absolute;border-radius:50%;opacity:0;pointer-events:none;content:""}.VfPpkd-LgbsSe .VfPpkd-Jh9lGc::before{transition:opacity 15ms linear,background-color 15ms linear;z-index:1}.VfPpkd-LgbsSe .VfPpkd-Jh9lGc::after{z-index:0}.VfPpkd-LgbsSe.VfPpkd-ksKsZd-mWPk3d .VfPpkd-Jh9lGc::before{transform:scale(var(--mdc-ripple-fg-scale,1))}.VfPpkd-LgbsSe.VfPpkd-ksKsZd-mWPk3d .VfPpkd-Jh9lGc::after{top:0;left:0;transform:scale(0);transform-origin:center center}.VfPpkd-LgbsSe.VfPpkd-ksKsZd-mWPk3d-OWXEXe-ZNMTqd .VfPpkd-Jh9lGc::after{top:var(--mdc-ripple-top,0);left:var(--mdc-ripple-left,0)}.VfPpkd-LgbsSe.VfPpkd-ksKsZd-mWPk3d-OWXEXe-Tv8l5d-lJfZMc .VfPpkd-Jh9lGc::after{animation:mdc-ripple-fg-radius-in 225ms forwards,mdc-ripple-fg-opacity-in 75ms forwards}.VfPpkd-LgbsSe.VfPpkd-ksKsZd-mWPk3d-OWXEXe-Tv8l5d-OmS1vf .VfPpkd-Jh9lGc::after{animation:mdc-ripple-fg-opacity-out .15s;transform:translate(var(--mdc-ripple-fg-translate-end,0)) scale(var(--mdc-ripple-fg-scale,1))}.VfPpkd-LgbsSe .VfPpkd-Jh9lGc::before,.VfPpkd-LgbsSe .VfPpkd-Jh9lGc::after{top:-50%;left:-50%;width:200%;height:200%}.VfPpkd-LgbsSe.VfPpkd-ksKsZd-mWPk3d .VfPpkd-Jh9lGc::after{width:var(--mdc-ripple-fg-size,100%);height:var(--mdc-ripple-fg-size,100%)}.VfPpkd-Jh9lGc{position:absolute;box-sizing:content-box;overflow:hidden;z-index:0;top:0;left:0;bottom:0;right:0}.VfPpkd-LgbsSe{font-family:Roboto,sans-serif;font-size:.875rem;letter-spacing:.0892857143em;font-weight:500;text-transform:uppercase;height:36px;border-radius:4px}.VfPpkd-LgbsSe:not(:disabled){color:#6200ee}.VfPpkd-LgbsSe:disabled{color:rgba(0,0,0,.38)}.VfPpkd-LgbsSe .VfPpkd-kBDsod{font-size:1.125rem;width:1.125rem;height:1.125rem}.VfPpkd-LgbsSe .VfPpkd-Jh9lGc::before{background-color:#6200ee}.VfPpkd-LgbsSe .VfPpkd-Jh9lGc::after{background-color:#6200ee}.VfPpkd-LgbsSe:hover .VfPpkd-Jh9lGc::before,.VfPpkd-LgbsSe.VfPpkd-ksKsZd-XxIAqe-OWXEXe-ZmdkE .VfPpkd-Jh9lGc::before{opacity:.04}.VfPpkd-LgbsSe.VfPpkd-ksKsZd-mWPk3d-OWXEXe-AHe6Kc-XpnDCe .VfPpkd-Jh9lGc::before,.VfPpkd-LgbsSe:not(.VfPpkd-ksKsZd-mWPk3d):focus .VfPpkd-Jh9lGc::before{transition-duration:75ms;opacity:.12}.VfPpkd-LgbsSe:not(.VfPpkd-ksKsZd-mWPk3d) .VfPpkd-Jh9lGc::after{transition:opacity .15s linear}.VfPpkd-LgbsSe:not(.VfPpkd-ksKsZd-mWPk3d):active .VfPpkd-Jh9lGc::after{transition-duration:75ms;opacity:.12}.VfPpkd-LgbsSe.VfPpkd-ksKsZd-mWPk3d{--mdc-ripple-fg-opacity:var(--mdc-text-button-pressed-state-layer-opacity,0.12)}.VfPpkd-LgbsSe .VfPpkd-Jh9lGc{border-radius:4px}.VfPpkd-LgbsSe .VfPpkd-J1Ukfc-LhBDec{border-radius:2px}.VfPpkd-LgbsSe .VfPpkd-J1Ukfc-LhBDec::after{border-radius:4px}.VfPpkd-LgbsSe-OWXEXe-k8QpJ{font-family:Roboto,sans-serif;font-size:.875rem;letter-spacing:.0892857143em;font-weight:500;text-transform:uppercase;height:36px;border-radius:4px}.VfPpkd-LgbsSe-OWXEXe-k8QpJ:not(:disabled){background-color:#6200ee}.VfPpkd-LgbsSe-OWXEXe-k8QpJ:disabled{background-color:rgba(0,0,0,.12)}.VfPpkd-LgbsSe-OWXEXe-k8QpJ:not(:disabled){color:#fff}.VfPpkd-LgbsSe-OWXEXe-k8QpJ:disabled{color:rgba(0,0,0,.38)}.VfPpkd-LgbsSe-OWXEXe-k8QpJ .VfPpkd-kBDsod{font-size:1.125rem;width:1.125rem;height:1.125rem}.VfPpkd-LgbsSe-OWXEXe-k8QpJ .VfPpkd-Jh9lGc::before{background-color:#fff}.VfPpkd-LgbsSe-OWXEXe-k8QpJ .VfPpkd-Jh9lGc::after{background-color:#fff}.VfPpkd-LgbsSe-OWXEXe-k8QpJ:hover .VfPpkd-Jh9lGc::before,.VfPpkd-LgbsSe-OWXEXe-k8QpJ.VfPpkd-ksKsZd-XxIAqe-OWXEXe-ZmdkE .VfPpkd-Jh9lGc::before{opacity:.08}.VfPpkd-LgbsSe-OWXEXe-k8QpJ.VfPpkd-ksKsZd-mWPk3d-OWXEXe-AHe6Kc-XpnDCe .VfPpkd-Jh9lGc::before,.VfPpkd-LgbsSe-OWXEXe-k8QpJ:not(.VfPpkd-ksKsZd-mWPk3d):focus .VfPpkd-Jh9lGc::before{transition-duration:75ms;opacity:.24}.VfPpkd-LgbsSe-OWXEXe-k8QpJ:not(.VfPpkd-ksKsZd-mWPk3d) .VfPpkd-Jh9lGc::after{transition:opacity .15s linear}.VfPpkd-LgbsSe-OWXEXe-k8QpJ:not(.VfPpkd-ksKsZd-mWPk3d):active .VfPpkd-Jh9lGc::after{transition-duration:75ms;opacity:.24}.VfPpkd-LgbsSe-OWXEXe-k8QpJ.VfPpkd-ksKsZd-mWPk3d{--mdc-ripple-fg-opacity:var(--mdc-filled-button-pressed-state-layer-opacity,0.24)}.VfPpkd-LgbsSe-OWXEXe-k8QpJ .VfPpkd-Jh9lGc{border-radius:4px}.VfPpkd-LgbsSe-OWXEXe-k8QpJ .VfPpkd-J1Ukfc-LhBDec{border-radius:2px}.VfPpkd-LgbsSe-OWXEXe-k8QpJ .VfPpkd-J1Ukfc-LhBDec::after{border-radius:4px}.VfPpkd-LgbsSe-OWXEXe-MV7yeb{font-family:Roboto,sans-serif;font-size:.875rem;letter-spacing:.0892857143em;font-weight:500;text-transform:uppercase;height:36px;border-radius:4px;box-shadow:0 3px 1px -2px rgba(0,0,0,.2),0 2px 2px 0 rgba(0,0,0,.14),0 1px 5px 0 rgba(0,0,0,.12)}.VfPpkd-LgbsSe-OWXEXe-MV7yeb:not(:disabled){background-color:#6200ee}.VfPpkd-LgbsSe-OWXEXe-MV7yeb:disabled{background-color:rgba(0,0,0,.12)}.VfPpkd-LgbsSe-OWXEXe-MV7yeb:not(:disabled){color:#fff}.VfPpkd-LgbsSe-OWXEXe-MV7yeb:disabled{color:rgba(0,0,0,.38)}.VfPpkd-LgbsSe-OWXEXe-MV7yeb .VfPpkd-kBDsod{font-size:1.125rem;width:1.125rem;height:1.125rem}.VfPpkd-LgbsSe-OWXEXe-MV7yeb .VfPpkd-Jh9lGc::before{background-color:#fff}.VfPpkd-LgbsSe-OWXEXe-MV7yeb .VfPpkd-Jh9lGc::after{background-color:#fff}.VfPpkd-LgbsSe-OWXEXe-MV7yeb:hover .VfPpkd-Jh9lGc::before,.VfPpkd-LgbsSe-OWXEXe-MV7yeb.VfPpkd-ksKsZd-XxIAqe-OWXEXe-ZmdkE .VfPpkd-Jh9lGc::before{opacity:.08}.VfPpkd-LgbsSe-OWXEXe-MV7yeb.VfPpkd-ksKsZd-mWPk3d-OWXEXe-AHe6Kc-XpnDCe .VfPpkd-Jh9lGc::before,.VfPpkd-LgbsSe-OWXEXe-MV7yeb:not(.VfPpkd-ksKsZd-mWPk3d):focus .VfPpkd-Jh9lGc::before{transition-duration:75ms;opacity:.24}.VfPpkd-LgbsSe-OWXEXe-MV7yeb:not(.VfPpkd-ksKsZd-mWPk3d) .VfPpkd-Jh9lGc::after{transition:opacity .15s linear}.VfPpkd-LgbsSe-OWXEXe-MV7yeb:not(.VfPpkd-ksKsZd-mWPk3d):active .VfPpkd-Jh9lGc::after{transition-duration:75ms;opacity:.24}.VfPpkd-LgbsSe-OWXEXe-MV7yeb.VfPpkd-ksKsZd-mWPk3d{--mdc-ripple-fg-opacity:var(--mdc-protected-button-pressed-state-layer-opacity,0.24)}.VfPpkd-LgbsSe-OWXEXe-MV7yeb .VfPpkd-Jh9lGc{border-radius:4px}.VfPpkd-LgbsSe-OWXEXe-MV7yeb .VfPpkd-J1Ukfc-LhBDec{border-radius:2px}.VfPpkd-LgbsSe-OWXEXe-MV7yeb .VfPpkd-J1Ukfc-LhBDec::after{border-radius:4px}.VfPpkd-LgbsSe-OWXEXe-MV7yeb.VfPpkd-ksKsZd-mWPk3d-OWXEXe-AHe6Kc-XpnDCe,.VfPpkd-LgbsSe-OWXEXe-MV7yeb:not(.VfPpkd-ksKsZd-mWPk3d):focus{box-shadow:0 2px 4px -1px rgba(0,0,0,.2),0 4px 5px 0 rgba(0,0,0,.14),0 1px 10px 0 rgba(0,0,0,.12)}.VfPpkd-LgbsSe-OWXEXe-MV7yeb:hover{box-shadow:0 2px 4px -1px rgba(0,0,0,.2),0 4px 5px 0 rgba(0,0,0,.14),0 1px 10px 0 rgba(0,0,0,.12)}.VfPpkd-LgbsSe-OWXEXe-MV7yeb:not(:disabled):active{box-shadow:0 5px 5px -3px rgba(0,0,0,.2),0 8px 10px 1px rgba(0,0,0,.14),0 3px 14px 2px rgba(0,0,0,.12)}.VfPpkd-LgbsSe-OWXEXe-MV7yeb:disabled{box-shadow:0 0 0 0 rgba(0,0,0,.2),0 0 0 0 rgba(0,0,0,.14),0 0 0 0 rgba(0,0,0,.12)}.VfPpkd-LgbsSe-OWXEXe-INsAgc{font-family:Roboto,sans-serif;font-size:.875rem;letter-spacing:.0892857143em;font-weight:500;text-transform:uppercase;height:36px;border-radius:4px;padding:0 15px 0 15px;border-width:1px}.VfPpkd-LgbsSe-OWXEXe-INsAgc:not(:disabled){color:#6200ee}.VfPpkd-LgbsSe-OWXEXe-INsAgc:disabled{color:rgba(0,0,0,.38)}.VfPpkd-LgbsSe-OWXEXe-INsAgc .VfPpkd-kBDsod{font-size:1.125rem;width:1.125rem;height:1.125rem}.VfPpkd-LgbsSe-OWXEXe-INsAgc .VfPpkd-Jh9lGc::before{background-color:#6200ee}.VfPpkd-LgbsSe-OWXEXe-INsAgc .VfPpkd-Jh9lGc::after{background-color:#6200ee}.VfPpkd-LgbsSe-OWXEXe-INsAgc:hover .VfPpkd-Jh9lGc::before,.VfPpkd-LgbsSe-OWXEXe-INsAgc.VfPpkd-ksKsZd-XxIAqe-OWXEXe-ZmdkE .VfPpkd-Jh9lGc::before{opacity:.04}.VfPpkd-LgbsSe-OWXEXe-INsAgc.VfPpkd-ksKsZd-mWPk3d-OWXEXe-AHe6Kc-XpnDCe .VfPpkd-Jh9lGc::before,.VfPpkd-LgbsSe-OWXEXe-INsAgc:not(.VfPpkd-ksKsZd-mWPk3d):focus .VfPpkd-Jh9lGc::before{transition-duration:75ms;opacity:.12}.VfPpkd-LgbsSe-OWXEXe-INsAgc:not(.VfPpkd-ksKsZd-mWPk3d) .VfPpkd-Jh9lGc::after{transition:opacity .15s linear}.VfPpkd-LgbsSe-OWXEXe-INsAgc:not(.VfPpkd-ksKsZd-mWPk3d):active .VfPpkd-Jh9lGc::after{transition-duration:75ms;opacity:.12}.VfPpkd-LgbsSe-OWXEXe-INsAgc.VfPpkd-ksKsZd-mWPk3d{--mdc-ripple-fg-opacity:var(--mdc-outlined-button-pressed-state-layer-opacity,0.12)}.VfPpkd-LgbsSe-OWXEXe-INsAgc .VfPpkd-Jh9lGc{border-radius:4px}.VfPpkd-LgbsSe-OWXEXe-INsAgc .VfPpkd-J1Ukfc-LhBDec{border-radius:2px}.VfPpkd-LgbsSe-OWXEXe-INsAgc .VfPpkd-J1Ukfc-LhBDec::after{border-radius:4px}.VfPpkd-LgbsSe-OWXEXe-INsAgc:not(:disabled){border-color:rgba(0,0,0,.12)}.VfPpkd-LgbsSe-OWXEXe-INsAgc:disabled{border-color:rgba(0,0,0,.12)}.VfPpkd-LgbsSe-OWXEXe-INsAgc.VfPpkd-LgbsSe-OWXEXe-Bz112c-UbuQg{padding:0 11px 0 15px}.VfPpkd-LgbsSe-OWXEXe-INsAgc.VfPpkd-LgbsSe-OWXEXe-Bz112c-M1Soyc{padding:0 15px 0 11px}.VfPpkd-LgbsSe-OWXEXe-INsAgc .VfPpkd-Jh9lGc{top:-1px;left:-1px;bottom:-1px;right:-1px;border-width:1px}.VfPpkd-LgbsSe-OWXEXe-INsAgc .VfPpkd-RLmnJb{left:-1px;width:calc(100% + 2px)}.nCP5yc{font-family:"Google Sans",Roboto,Arial,sans-serif;font-size:.875rem;letter-spacing:.0107142857em;font-weight:500;text-transform:none;transition:border .28s cubic-bezier(.4,0,.2,1),box-shadow .28s cubic-bezier(.4,0,.2,1);box-shadow:none}.nCP5yc .VfPpkd-Jh9lGc{height:100%;position:absolute;overflow:hidden;width:100%;z-index:0}.nCP5yc:not(:disabled){background-color:rgb(26,115,232);background-color:var(--gm-fillbutton-container-color,rgb(26,115,232))}.nCP5yc:not(:disabled){color:#fff;color:var(--gm-fillbutton-ink-color,#fff)}.nCP5yc:disabled{background-color:rgba(60,64,67,.12);background-color:var(--gm-fillbutton-disabled-container-color,rgba(60,64,67,.12))}.nCP5yc:disabled{color:rgba(60,64,67,.38);color:var(--gm-fillbutton-disabled-ink-color,rgba(60,64,67,.38))}.nCP5yc .VfPpkd-Jh9lGc::before,.nCP5yc .VfPpkd-Jh9lGc::after{background-color:rgb(32,33,36);background-color:var(--gm-fillbutton-state-color,rgb(32,33,36))}.nCP5yc:hover .VfPpkd-Jh9lGc::before,.nCP5yc.VfPpkd-ksKsZd-XxIAqe-OWXEXe-ZmdkE .VfPpkd-Jh9lGc::before{opacity:.16;opacity:var(--mdc-ripple-hover-opacity,.16)}.nCP5yc.VfPpkd-ksKsZd-mWPk3d-OWXEXe-AHe6Kc-XpnDCe .VfPpkd-Jh9lGc::before,.nCP5yc:not(.VfPpkd-ksKsZd-mWPk3d):focus .VfPpkd-Jh9lGc::before{transition-duration:75ms;opacity:.24;opacity:var(--mdc-ripple-focus-opacity,.24)}.nCP5yc:not(.VfPpkd-ksKsZd-mWPk3d) .VfPpkd-Jh9lGc::after{transition:opacity .15s linear}.nCP5yc:not(.VfPpkd-ksKsZd-mWPk3d):active .VfPpkd-Jh9lGc::after{transition-duration:75ms;opacity:.2;opacity:var(--mdc-ripple-press-opacity,.2)}.nCP5yc.VfPpkd-ksKsZd-mWPk3d{--mdc-ripple-fg-opacity:var(--mdc-ripple-press-opacity,0.2)}.nCP5yc .VfPpkd-BFbNVe-bF1uUb{opacity:0}.nCP5yc .VfPpkd-UdE5de-uDEFge .VfPpkd-JGcpL-uI4vCe-LkdAo,.nCP5yc .VfPpkd-UdE5de-uDEFge .VfPpkd-JGcpL-IdXvz-LkdAo-Bd00G{stroke:#fff}@media (-ms-high-contrast:active),screen and (forced-colors:active){.nCP5yc .VfPpkd-UdE5de-uDEFge .VfPpkd-JGcpL-uI4vCe-LkdAo,.nCP5yc .VfPpkd-UdE5de-uDEFge .VfPpkd-JGcpL-IdXvz-LkdAo-Bd00G{stroke:CanvasText}}.nCP5yc:hover{box-shadow:0 1px 2px 0 rgba(60,64,67,.3),0 1px 3px 1px rgba(60,64,67,.15);box-shadow:0 1px 2px 0 var(--gm-fillbutton-keyshadow-color,rgba(60,64,67,.3)),0 1px 3px 1px var(--gm-fillbutton-ambientshadow-color,rgba(60,64,67,.15))}.nCP5yc:hover .VfPpkd-BFbNVe-bF1uUb{opacity:0}.nCP5yc:active{box-shadow:0 1px 2px 0 rgba(60,64,67,.3),0 2px 6px 2px rgba(60,64,67,.15);box-shadow:0 1px 2px 0 var(--gm-fillbutton-keyshadow-color,rgba(60,64,67,.3)),0 2px 6px 2px var(--gm-fillbutton-ambientshadow-color,rgba(60,64,67,.15))}.nCP5yc:active .VfPpkd-BFbNVe-bF1uUb{opacity:0}.nCP5yc:disabled{box-shadow:none}.nCP5yc:disabled:hover .VfPpkd-Jh9lGc::before,.nCP5yc:disabled.VfPpkd-ksKsZd-XxIAqe-OWXEXe-ZmdkE .VfPpkd-Jh9lGc::before{opacity:0;opacity:var(--mdc-ripple-hover-opacity,0)}.nCP5yc:disabled.VfPpkd-ksKsZd-mWPk3d-OWXEXe-AHe6Kc-XpnDCe .VfPpkd-Jh9lGc::before,.nCP5yc:disabled:not(.VfPpkd-ksKsZd-mWPk3d):focus .VfPpkd-Jh9lGc::before{transition-duration:75ms;opacity:0;opacity:var(--mdc-ripple-focus-opacity,0)}.nCP5yc:disabled:not(.VfPpkd-ksKsZd-mWPk3d) .VfPpkd-Jh9lGc::after{transition:opacity .15s linear}.nCP5yc:disabled:not(.VfPpkd-ksKsZd-mWPk3d):active .VfPpkd-Jh9lGc::after{transition-duration:75ms;opacity:0;opacity:var(--mdc-ripple-press-opacity,0)}.nCP5yc:disabled.VfPpkd-ksKsZd-mWPk3d{--mdc-ripple-fg-opacity:var(--mdc-ripple-press-opacity,0)}.nCP5yc:disabled .VfPpkd-BFbNVe-bF1uUb{opacity:0}.Rj2Mlf{font-family:"Google Sans",Roboto,Arial,sans-serif;font-size:.875rem;letter-spacing:.0107142857em;font-weight:500;text-transform:none;transition:border .28s cubic-bezier(.4,0,.2,1),box-shadow .28s cubic-bezier(.4,0,.2,1);box-shadow:none}.Rj2Mlf .VfPpkd-Jh9lGc{height:100%;position:absolute;overflow:hidden;width:100%;z-index:0}.Rj2Mlf:not(:disabled){color:rgb(26,115,232);color:var(--gm-hairlinebutton-ink-color,rgb(26,115,232))}.Rj2Mlf:not(:disabled){border-color:rgb(218,220,224);border-color:var(--gm-hairlinebutton-outline-color,rgb(218,220,224))}.Rj2Mlf:not(:disabled):hover{border-color:rgb(218,220,224);border-color:var(--gm-hairlinebutton-outline-color,rgb(218,220,224))}.Rj2Mlf:not(:disabled).VfPpkd-ksKsZd-mWPk3d-OWXEXe-AHe6Kc-XpnDCe,.Rj2Mlf:not(:disabled):not(.VfPpkd-ksKsZd-mWPk3d):focus{border-color:rgb(23,78,166);border-color:var(--gm-hairlinebutton-outline-color--stateful,rgb(23,78,166))}.Rj2Mlf:not(:disabled):active,.Rj2Mlf:not(:disabled):focus:active{border-color:rgb(218,220,224);border-color:var(--gm-hairlinebutton-outline-color,rgb(218,220,224))}.Rj2Mlf:disabled{color:rgba(60,64,67,.38);color:var(--gm-hairlinebutton-disabled-ink-color,rgba(60,64,67,.38))}.Rj2Mlf:disabled{border-color:rgba(60,64,67,.12);border-color:var(--gm-hairlinebutton-disabled-outline-color,rgba(60,64,67,.12))}.Rj2Mlf:hover:not(:disabled),.Rj2Mlf.VfPpkd-ksKsZd-mWPk3d-OWXEXe-AHe6Kc-XpnDCe:not(:disabled),.Rj2Mlf:not(.VfPpkd-ksKsZd-mWPk3d):focus:not(:disabled),.Rj2Mlf:active:not(:disabled){color:rgb(23,78,166);color:var(--gm-hairlinebutton-ink-color--stateful,rgb(23,78,166))}.Rj2Mlf .VfPpkd-BFbNVe-bF1uUb{opacity:0}.Rj2Mlf .VfPpkd-UdE5de-uDEFge .VfPpkd-JGcpL-uI4vCe-LkdAo,.Rj2Mlf .VfPpkd-UdE5de-uDEFge .VfPpkd-JGcpL-IdXvz-LkdAo-Bd00G{stroke:rgb(26,115,232)}@media (-ms-high-contrast:active),screen and (forced-colors:active){.Rj2Mlf .VfPpkd-UdE5de-uDEFge .VfPpkd-JGcpL-uI4vCe-LkdAo,.Rj2Mlf .VfPpkd-UdE5de-uDEFge .VfPpkd-JGcpL-IdXvz-LkdAo-Bd00G{stroke:CanvasText}}.Rj2Mlf .VfPpkd-Jh9lGc::before,.Rj2Mlf .VfPpkd-Jh9lGc::after{background-color:rgb(26,115,232);background-color:var(--gm-hairlinebutton-state-color,rgb(26,115,232))}.Rj2Mlf:hover .VfPpkd-Jh9lGc::before,.Rj2Mlf.VfPpkd-ksKsZd-XxIAqe-OWXEXe-ZmdkE .VfPpkd-Jh9lGc::before{opacity:.04;opacity:var(--mdc-ripple-hover-opacity,.04)}.Rj2Mlf.VfPpkd-ksKsZd-mWPk3d-OWXEXe-AHe6Kc-XpnDCe .VfPpkd-Jh9lGc::before,.Rj2Mlf:not(.VfPpkd-ksKsZd-mWPk3d):focus .VfPpkd-Jh9lGc::before{transition-duration:75ms;opacity:.12;opacity:var(--mdc-ripple-focus-opacity,.12)}.Rj2Mlf:not(.VfPpkd-ksKsZd-mWPk3d) .VfPpkd-Jh9lGc::after{transition:opacity .15s linear}.Rj2Mlf:not(.VfPpkd-ksKsZd-mWPk3d):active .VfPpkd-Jh9lGc::after{transition-duration:75ms;opacity:.12;opacity:var(--mdc-ripple-press-opacity,.12)}.Rj2Mlf.VfPpkd-ksKsZd-mWPk3d{--mdc-ripple-fg-opacity:var(--mdc-ripple-press-opacity,0.12)}.Rj2Mlf:disabled:hover .VfPpkd-Jh9lGc::before,.Rj2Mlf:disabled.VfPpkd-ksKsZd-XxIAqe-OWXEXe-ZmdkE .VfPpkd-Jh9lGc::before{opacity:0;opacity:var(--mdc-ripple-hover-opacity,0)}.Rj2Mlf:disabled.VfPpkd-ksKsZd-mWPk3d-OWXEXe-AHe6Kc-XpnDCe .VfPpkd-Jh9lGc::before,.Rj2Mlf:disabled:not(.VfPpkd-ksKsZd-mWPk3d):focus .VfPpkd-Jh9lGc::before{transition-duration:75ms;opacity:0;opacity:var(--mdc-ripple-focus-opacity,0)}.Rj2Mlf:disabled:not(.VfPpkd-ksKsZd-mWPk3d) .VfPpkd-Jh9lGc::after{transition:opacity .15s linear}.Rj2Mlf:disabled:not(.VfPpkd-ksKsZd-mWPk3d):active .VfPpkd-Jh9lGc::after{transition-duration:75ms;opacity:0;opacity:var(--mdc-ripple-press-opacity,0)}.Rj2Mlf:disabled.VfPpkd-ksKsZd-mWPk3d{--mdc-ripple-fg-opacity:var(--mdc-ripple-press-opacity,0)}.b9hyVd{font-family:"Google Sans",Roboto,Arial,sans-serif;font-size:.875rem;letter-spacing:.0107142857em;font-weight:500;text-transform:none;transition:border .28s cubic-bezier(.4,0,.2,1),box-shadow .28s cubic-bezier(.4,0,.2,1);border-width:0;box-shadow:0 1px 2px 0 rgba(60,64,67,.3),0 1px 3px 1px rgba(60,64,67,.15);box-shadow:0 1px 2px 0 var(--gm-protectedbutton-keyshadow-color,rgba(60,64,67,.3)),0 1px 3px 1px var(--gm-protectedbutton-ambientshadow-color,rgba(60,64,67,.15))}.b9hyVd .VfPpkd-Jh9lGc{height:100%;position:absolute;overflow:hidden;width:100%;z-index:0}.b9hyVd:not(:disabled){background-color:#fff;background-color:var(--gm-protectedbutton-container-color,#fff)}.b9hyVd:not(:disabled){color:rgb(26,115,232);color:var(--gm-protectedbutton-ink-color,rgb(26,115,232))}.b9hyVd:disabled{background-color:rgba(60,64,67,.12);background-color:var(--gm-protectedbutton-disabled-container-color,rgba(60,64,67,.12))}.b9hyVd:disabled{color:rgba(60,64,67,.38);color:var(--gm-protectedbutton-disabled-ink-color,rgba(60,64,67,.38))}.b9hyVd:hover:not(:disabled),.b9hyVd.VfPpkd-ksKsZd-mWPk3d-OWXEXe-AHe6Kc-XpnDCe:not(:disabled),.b9hyVd:not(.VfPpkd-ksKsZd-mWPk3d):focus:not(:disabled),.b9hyVd:active:not(:disabled){color:rgb(23,78,166);color:var(--gm-protectedbutton-ink-color--stateful,rgb(23,78,166))}.b9hyVd .VfPpkd-BFbNVe-bF1uUb{opacity:0}.b9hyVd .VfPpkd-UdE5de-uDEFge .VfPpkd-JGcpL-uI4vCe-LkdAo,.b9hyVd .VfPpkd-UdE5de-uDEFge .VfPpkd-JGcpL-IdXvz-LkdAo-Bd00G{stroke:rgb(26,115,232)}@media (-ms-high-contrast:active),screen and (forced-colors:active){.b9hyVd .VfPpkd-UdE5de-uDEFge .VfPpkd-JGcpL-uI4vCe-LkdAo,.b9hyVd .VfPpkd-UdE5de-uDEFge .VfPpkd-JGcpL-IdXvz-LkdAo-Bd00G{stroke:CanvasText}}.b9hyVd.VfPpkd-ksKsZd-mWPk3d-OWXEXe-AHe6Kc-XpnDCe,.b9hyVd:not(.VfPpkd-ksKsZd-mWPk3d):focus{border-width:0;box-shadow:0 1px 2px 0 rgba(60,64,67,.3),0 1px 3px 1px rgba(60,64,67,.15);box-shadow:0 1px 2px 0 var(--gm-protectedbutton-keyshadow-color,rgba(60,64,67,.3)),0 1px 3px 1px var(--gm-protectedbutton-ambientshadow-color,rgba(60,64,67,.15))}.b9hyVd.VfPpkd-ksKsZd-mWPk3d-OWXEXe-AHe6Kc-XpnDCe .VfPpkd-BFbNVe-bF1uUb,.b9hyVd:not(.VfPpkd-ksKsZd-mWPk3d):focus .VfPpkd-BFbNVe-bF1uUb{opacity:0}.b9hyVd:hover{border-width:0;box-shadow:0 1px 2px 0 rgba(60,64,67,.3),0 2px 6px 2px rgba(60,64,67,.15);box-shadow:0 1px 2px 0 var(--gm-protectedbutton-keyshadow-color,rgba(60,64,67,.3)),0 2px 6px 2px var(--gm-protectedbutton-ambientshadow-color,rgba(60,64,67,.15))}.b9hyVd:hover .VfPpkd-BFbNVe-bF1uUb{opacity:0}.b9hyVd:not(:disabled):active{border-width:0;box-shadow:0 1px 3px 0 rgba(60,64,67,.3),0 4px 8px 3px rgba(60,64,67,.15);box-shadow:0 1px 3px 0 var(--gm-protectedbutton-keyshadow-color,rgba(60,64,67,.3)),0 4px 8px 3px var(--gm-protectedbutton-ambientshadow-color,rgba(60,64,67,.15))}.b9hyVd:not(:disabled):active .VfPpkd-BFbNVe-bF1uUb{opacity:0}.b9hyVd .VfPpkd-Jh9lGc::before,.b9hyVd .VfPpkd-Jh9lGc::after{background-color:rgb(26,115,232);background-color:var(--gm-protectedbutton-state-color,rgb(26,115,232))}.b9hyVd:hover .VfPpkd-Jh9lGc::before,.b9hyVd.VfPpkd-ksKsZd-XxIAqe-OWXEXe-ZmdkE .VfPpkd-Jh9lGc::before{opacity:.04;opacity:var(--mdc-ripple-hover-opacity,.04)}.b9hyVd.VfPpkd-ksKsZd-mWPk3d-OWXEXe-AHe6Kc-XpnDCe .VfPpkd-Jh9lGc::before,.b9hyVd:not(.VfPpkd-ksKsZd-mWPk3d):focus .VfPpkd-Jh9lGc::before{transition-duration:75ms;opacity:.12;opacity:var(--mdc-ripple-focus-opacity,.12)}.b9hyVd:not(.VfPpkd-ksKsZd-mWPk3d) .VfPpkd-Jh9lGc::after{transition:opacity .15s linear}.b9hyVd:not(.VfPpkd-ksKsZd-mWPk3d):active .VfPpkd-Jh9lGc::after{transition-duration:75ms;opacity:.12;opacity:var(--mdc-ripple-press-opacity,.12)}.b9hyVd.VfPpkd-ksKsZd-mWPk3d{--mdc-ripple-fg-opacity:var(--mdc-ripple-press-opacity,0.12)}.b9hyVd:disabled{box-shadow:none}.b9hyVd:disabled .VfPpkd-BFbNVe-bF1uUb{opacity:0}.b9hyVd:disabled:hover .VfPpkd-Jh9lGc::before,.b9hyVd:disabled.VfPpkd-ksKsZd-XxIAqe-OWXEXe-ZmdkE .VfPpkd-Jh9lGc::before{opacity:0;opacity:var(--mdc-ripple-hover-opacity,0)}.b9hyVd:disabled.VfPpkd-ksKsZd-mWPk3d-OWXEXe-AHe6Kc-XpnDCe .VfPpkd-Jh9lGc::before,.b9hyVd:disabled:not(.VfPpkd-ksKsZd-mWPk3d):focus .VfPpkd-Jh9lGc::before{transition-duration:75ms;opacity:0;opacity:var(--mdc-ripple-focus-opacity,0)}.b9hyVd:disabled:not(.VfPpkd-ksKsZd-mWPk3d) .VfPpkd-Jh9lGc::after{transition:opacity .15s linear}.b9hyVd:disabled:not(.VfPpkd-ksKsZd-mWPk3d):active .VfPpkd-Jh9lGc::after{transition-duration:75ms;opacity:0;opacity:var(--mdc-ripple-press-opacity,0)}.b9hyVd:disabled.VfPpkd-ksKsZd-mWPk3d{--mdc-ripple-fg-opacity:var(--mdc-ripple-press-opacity,0)}.Kjnxrf{font-family:"Google Sans",Roboto,Arial,sans-serif;font-size:.875rem;letter-spacing:.0107142857em;font-weight:500;text-transform:none;transition:border .28s cubic-bezier(.4,0,.2,1),box-shadow .28s cubic-bezier(.4,0,.2,1);box-shadow:none}.Kjnxrf .VfPpkd-Jh9lGc{height:100%;position:absolute;overflow:hidden;width:100%;z-index:0}.Kjnxrf:not(:disabled){background-color:rgb(232,240,254)}.Kjnxrf:not(:disabled){color:rgb(25,103,210)}.Kjnxrf:disabled{background-color:rgba(60,64,67,.12)}.Kjnxrf:disabled{color:rgba(60,64,67,.38)}.Kjnxrf:hover:not(:disabled),.Kjnxrf.VfPpkd-ksKsZd-mWPk3d-OWXEXe-AHe6Kc-XpnDCe:not(:disabled),.Kjnxrf:not(.VfPpkd-ksKsZd-mWPk3d):focus:not(:disabled),.Kjnxrf:active:not(:disabled){color:rgb(23,78,166)}.Kjnxrf .VfPpkd-Jh9lGc::before,.Kjnxrf .VfPpkd-Jh9lGc::after{background-color:rgb(25,103,210);background-color:var(--mdc-ripple-color,rgb(25,103,210))}.Kjnxrf:hover .VfPpkd-Jh9lGc::before,.Kjnxrf.VfPpkd-ksKsZd-XxIAqe-OWXEXe-ZmdkE .VfPpkd-Jh9lGc::before{opacity:.04;opacity:var(--mdc-ripple-hover-opacity,.04)}.Kjnxrf.VfPpkd-ksKsZd-mWPk3d-OWXEXe-AHe6Kc-XpnDCe .VfPpkd-Jh9lGc::before,.Kjnxrf:not(.VfPpkd-ksKsZd-mWPk3d):focus .VfPpkd-Jh9lGc::before{transition-duration:75ms;opacity:.12;opacity:var(--mdc-ripple-focus-opacity,.12)}.Kjnxrf:not(.VfPpkd-ksKsZd-mWPk3d) .VfPpkd-Jh9lGc::after{transition:opacity .15s linear}.Kjnxrf:not(.VfPpkd-ksKsZd-mWPk3d):active .VfPpkd-Jh9lGc::after{transition-duration:75ms;opacity:.1;opacity:var(--mdc-ripple-press-opacity,.1)}.Kjnxrf.VfPpkd-ksKsZd-mWPk3d{--mdc-ripple-fg-opacity:var(--mdc-ripple-press-opacity,0.1)}.Kjnxrf .VfPpkd-BFbNVe-bF1uUb{opacity:0}.Kjnxrf .VfPpkd-UdE5de-uDEFge .VfPpkd-JGcpL-uI4vCe-LkdAo,.Kjnxrf .VfPpkd-UdE5de-uDEFge .VfPpkd-JGcpL-IdXvz-LkdAo-Bd00G{stroke:rgb(25,103,210)}@media (-ms-high-contrast:active),screen and (forced-colors:active){.Kjnxrf .VfPpkd-UdE5de-uDEFge .VfPpkd-JGcpL-uI4vCe-LkdAo,.Kjnxrf .VfPpkd-UdE5de-uDEFge .VfPpkd-JGcpL-IdXvz-LkdAo-Bd00G{stroke:CanvasText}}.Kjnxrf:hover{box-shadow:0 1px 2px 0 rgba(60,64,67,.3),0 1px 3px 1px rgba(60,64,67,.15)}.Kjnxrf:hover .VfPpkd-BFbNVe-bF1uUb{opacity:0}.Kjnxrf:not(:disabled):active{box-shadow:0 1px 2px 0 rgba(60,64,67,.3),0 2px 6px 2px rgba(60,64,67,.15)}.Kjnxrf:not(:disabled):active .VfPpkd-BFbNVe-bF1uUb{opacity:0}.Kjnxrf:disabled{box-shadow:none}.Kjnxrf:disabled .VfPpkd-BFbNVe-bF1uUb{opacity:0}.Kjnxrf:disabled:hover .VfPpkd-Jh9lGc::before,.Kjnxrf:disabled.VfPpkd-ksKsZd-XxIAqe-OWXEXe-ZmdkE .VfPpkd-Jh9lGc::before{opacity:0;opacity:var(--mdc-ripple-hover-opacity,0)}.Kjnxrf:disabled.VfPpkd-ksKsZd-mWPk3d-OWXEXe-AHe6Kc-XpnDCe .VfPpkd-Jh9lGc::before,.Kjnxrf:disabled:not(.VfPpkd-ksKsZd-mWPk3d):focus .VfPpkd-Jh9lGc::before{transition-duration:75ms;opacity:0;opacity:var(--mdc-ripple-focus-opacity,0)}.Kjnxrf:disabled:not(.VfPpkd-ksKsZd-mWPk3d) .VfPpkd-Jh9lGc::after{transition:opacity .15s linear}.Kjnxrf:disabled:not(.VfPpkd-ksKsZd-mWPk3d):active .VfPpkd-Jh9lGc::after{transition-duration:75ms;opacity:0;opacity:var(--mdc-ripple-press-opacity,0)}.Kjnxrf:disabled.VfPpkd-ksKsZd-mWPk3d{--mdc-ripple-fg-opacity:var(--mdc-ripple-press-opacity,0)}.ksBjEc{font-family:"Google Sans",Roboto,Arial,sans-serif;font-size:.875rem;letter-spacing:.0107142857em;font-weight:500;text-transform:none}.ksBjEc .VfPpkd-Jh9lGc{height:100%;position:absolute;overflow:hidden;width:100%;z-index:0}.ksBjEc:not(:disabled){background-color:transparent}.ksBjEc:not(:disabled){color:rgb(26,115,232);color:var(--gm-colortextbutton-ink-color,rgb(26,115,232))}.ksBjEc:disabled{color:rgba(60,64,67,.38);color:var(--gm-colortextbutton-disabled-ink-color,rgba(60,64,67,.38))}.ksBjEc .VfPpkd-UdE5de-uDEFge .VfPpkd-JGcpL-uI4vCe-LkdAo,.ksBjEc .VfPpkd-UdE5de-uDEFge .VfPpkd-JGcpL-IdXvz-LkdAo-Bd00G{stroke:rgb(26,115,232)}@media (-ms-high-contrast:active),screen and (forced-colors:active){.ksBjEc .VfPpkd-UdE5de-uDEFge .VfPpkd-JGcpL-uI4vCe-LkdAo,.ksBjEc .VfPpkd-UdE5de-uDEFge .VfPpkd-JGcpL-IdXvz-LkdAo-Bd00G{stroke:CanvasText}}.ksBjEc:hover:not(:disabled),.ksBjEc.VfPpkd-ksKsZd-mWPk3d-OWXEXe-AHe6Kc-XpnDCe:not(:disabled),.ksBjEc:not(.VfPpkd-ksKsZd-mWPk3d):focus:not(:disabled),.ksBjEc:active:not(:disabled){color:rgb(23,78,166);color:var(--gm-colortextbutton-ink-color--stateful,rgb(23,78,166))}.ksBjEc .VfPpkd-Jh9lGc::before,.ksBjEc .VfPpkd-Jh9lGc::after{background-color:rgb(26,115,232);background-color:var(--gm-colortextbutton-state-color,rgb(26,115,232))}.ksBjEc:hover .VfPpkd-Jh9lGc::before,.ksBjEc.VfPpkd-ksKsZd-XxIAqe-OWXEXe-ZmdkE .VfPpkd-Jh9lGc::before{opacity:.04;opacity:var(--mdc-ripple-hover-opacity,.04)}.ksBjEc.VfPpkd-ksKsZd-mWPk3d-OWXEXe-AHe6Kc-XpnDCe .VfPpkd-Jh9lGc::before,.ksBjEc:not(.VfPpkd-ksKsZd-mWPk3d):focus .VfPpkd-Jh9lGc::before{transition-duration:75ms;opacity:.12;opacity:var(--mdc-ripple-focus-opacity,.12)}.ksBjEc:not(.VfPpkd-ksKsZd-mWPk3d) .VfPpkd-Jh9lGc::after{transition:opacity .15s linear}.ksBjEc:not(.VfPpkd-ksKsZd-mWPk3d):active .VfPpkd-Jh9lGc::after{transition-duration:75ms;opacity:.12;opacity:var(--mdc-ripple-press-opacity,.12)}.ksBjEc.VfPpkd-ksKsZd-mWPk3d{--mdc-ripple-fg-opacity:var(--mdc-ripple-press-opacity,0.12)}.ksBjEc:disabled:hover .VfPpkd-Jh9lGc::before,.ksBjEc:disabled.VfPpkd-ksKsZd-XxIAqe-OWXEXe-ZmdkE .VfPpkd-Jh9lGc::before{opacity:0;opacity:var(--mdc-ripple-hover-opacity,0)}.ksBjEc:disabled.VfPpkd-ksKsZd-mWPk3d-OWXEXe-AHe6Kc-XpnDCe .VfPpkd-Jh9lGc::before,.ksBjEc:disabled:not(.VfPpkd-ksKsZd-mWPk3d):focus .VfPpkd-Jh9lGc::before{transition-duration:75ms;opacity:0;opacity:var(--mdc-ripple-focus-opacity,0)}.ksBjEc:disabled:not(.VfPpkd-ksKsZd-mWPk3d) .VfPpkd-Jh9lGc::after{transition:opacity .15s linear}.ksBjEc:disabled:not(.VfPpkd-ksKsZd-mWPk3d):active .VfPpkd-Jh9lGc::after{transition-duration:75ms;opacity:0;opacity:var(--mdc-ripple-press-opacity,0)}.ksBjEc:disabled.VfPpkd-ksKsZd-mWPk3d{--mdc-ripple-fg-opacity:var(--mdc-ripple-press-opacity,0)}.LjDxcd{font-family:"Google Sans",Roboto,Arial,sans-serif;font-size:.875rem;letter-spacing:.0107142857em;font-weight:500;text-transform:none}.LjDxcd .VfPpkd-Jh9lGc{height:100%;position:absolute;overflow:hidden;width:100%;z-index:0}.LjDxcd:not(:disabled){color:rgb(95,99,104);color:var(--gm-neutraltextbutton-ink-color,rgb(95,99,104))}.LjDxcd:disabled{color:rgba(60,64,67,.38);color:var(--gm-neutraltextbutton-disabled-ink-color,rgba(60,64,67,.38))}.LjDxcd:hover:not(:disabled),.LjDxcd.VfPpkd-ksKsZd-mWPk3d-OWXEXe-AHe6Kc-XpnDCe:not(:disabled),.LjDxcd:not(.VfPpkd-ksKsZd-mWPk3d):focus:not(:disabled),.LjDxcd:active:not(:disabled){color:rgb(32,33,36);color:var(--gm-neutraltextbutton-ink-color--stateful,rgb(32,33,36))}.LjDxcd .VfPpkd-UdE5de-uDEFge .VfPpkd-JGcpL-uI4vCe-LkdAo,.LjDxcd .VfPpkd-UdE5de-uDEFge .VfPpkd-JGcpL-IdXvz-LkdAo-Bd00G{stroke:rgb(95,99,104)}@media (-ms-high-contrast:active),screen and (forced-colors:active){.LjDxcd .VfPpkd-UdE5de-uDEFge .VfPpkd-JGcpL-uI4vCe-LkdAo,.LjDxcd .VfPpkd-UdE5de-uDEFge .VfPpkd-JGcpL-IdXvz-LkdAo-Bd00G{stroke:CanvasText}}.LjDxcd .VfPpkd-Jh9lGc::before,.LjDxcd .VfPpkd-Jh9lGc::after{background-color:rgb(95,99,104);background-color:var(--gm-neutraltextbutton-state-color,rgb(95,99,104))}.LjDxcd:hover .VfPpkd-Jh9lGc::before,.LjDxcd.VfPpkd-ksKsZd-XxIAqe-OWXEXe-ZmdkE .VfPpkd-Jh9lGc::before{opacity:.04;opacity:var(--mdc-ripple-hover-opacity,.04)}.LjDxcd.VfPpkd-ksKsZd-mWPk3d-OWXEXe-AHe6Kc-XpnDCe .VfPpkd-Jh9lGc::before,.LjDxcd:not(.VfPpkd-ksKsZd-mWPk3d):focus .VfPpkd-Jh9lGc::before{transition-duration:75ms;opacity:.12;opacity:var(--mdc-ripple-focus-opacity,.12)}.LjDxcd:not(.VfPpkd-ksKsZd-mWPk3d) .VfPpkd-Jh9lGc::after{transition:opacity .15s linear}.LjDxcd:not(.VfPpkd-ksKsZd-mWPk3d):active .VfPpkd-Jh9lGc::after{transition-duration:75ms;opacity:.12;opacity:var(--mdc-ripple-press-opacity,.12)}.LjDxcd.VfPpkd-ksKsZd-mWPk3d{--mdc-ripple-fg-opacity:var(--mdc-ripple-press-opacity,0.12)}.LjDxcd:disabled:hover .VfPpkd-Jh9lGc::before,.LjDxcd:disabled.VfPpkd-ksKsZd-XxIAqe-OWXEXe-ZmdkE .VfPpkd-Jh9lGc::before{opacity:0;opacity:var(--mdc-ripple-hover-opacity,0)}.LjDxcd:disabled.VfPpkd-ksKsZd-mWPk3d-OWXEXe-AHe6Kc-XpnDCe .VfPpkd-Jh9lGc::before,.LjDxcd:disabled:not(.VfPpkd-ksKsZd-mWPk3d):focus .VfPpkd-Jh9lGc::before{transition-duration:75ms;opacity:0;opacity:var(--mdc-ripple-focus-opacity,0)}.LjDxcd:disabled:not(.VfPpkd-ksKsZd-mWPk3d) .VfPpkd-Jh9lGc::after{transition:opacity .15s linear}.LjDxcd:disabled:not(.VfPpkd-ksKsZd-mWPk3d):active .VfPpkd-Jh9lGc::after{transition-duration:75ms;opacity:0;opacity:var(--mdc-ripple-press-opacity,0)}.LjDxcd:disabled.VfPpkd-ksKsZd-mWPk3d{--mdc-ripple-fg-opacity:var(--mdc-ripple-press-opacity,0)}.DuMIQc{padding:0 24px 0 24px}.P62QJc{padding:0 23px 0 23px;border-width:1px}.P62QJc.VfPpkd-LgbsSe-OWXEXe-Bz112c-UbuQg{padding:0 11px 0 23px}.P62QJc.VfPpkd-LgbsSe-OWXEXe-Bz112c-M1Soyc{padding:0 23px 0 11px}.P62QJc .VfPpkd-Jh9lGc{top:-1px;left:-1px;bottom:-1px;right:-1px;border-width:1px}.P62QJc .VfPpkd-RLmnJb{left:-1px;width:calc(100% + 2px)}.yHy1rc{z-index:0}.yHy1rc .VfPpkd-Bz112c-Jh9lGc::before,.yHy1rc .VfPpkd-Bz112c-Jh9lGc::after{z-index:-1}.yHy1rc:disabled{color:rgba(60,64,67,.38);color:var(--gm-iconbutton-disabled-ink-color,rgba(60,64,67,.38))}.fzRBVc{z-index:0}.fzRBVc .VfPpkd-Bz112c-Jh9lGc::before,.fzRBVc .VfPpkd-Bz112c-Jh9lGc::after{z-index:-1}.fzRBVc:disabled{color:rgba(60,64,67,.38);color:var(--gm-iconbutton-disabled-ink-color,rgba(60,64,67,.38))}.WpHeLc{height:100%;left:0;position:absolute;top:0;width:100%;outline:none}[dir=rtl] .HDnnrf .VfPpkd-kBDsod,.HDnnrf .VfPpkd-kBDsod[dir=rtl]{transform:scaleX(-1)}[dir=rtl] .QDwDD,.QDwDD[dir=rtl]{transform:scaleX(-1)}.PDpWxe{will-change:unset}.LQeN7 .VfPpkd-J1Ukfc-LhBDec{pointer-events:none;border:2px solid rgb(24,90,188);border-radius:6px;box-sizing:content-box;position:absolute;top:50%;left:50%;transform:translate(-50%,-50%);height:calc(100% + 4px);width:calc(100% + 4px)}@media screen and (forced-colors:active){.LQeN7 .VfPpkd-J1Ukfc-LhBDec{border-color:CanvasText}}.LQeN7 .VfPpkd-J1Ukfc-LhBDec::after{content:"";border:2px solid rgb(232,240,254);border-radius:8px;display:block;position:absolute;top:50%;left:50%;transform:translate(-50%,-50%);height:calc(100% + 4px);width:calc(100% + 4px)}@media screen and (forced-colors:active){.LQeN7 .VfPpkd-J1Ukfc-LhBDec::after{border-color:CanvasText}}.LQeN7.gmghec .VfPpkd-J1Ukfc-LhBDec{display:inline-block}@media (-ms-high-contrast:active),(-ms-high-contrast:none){.LQeN7.gmghec .VfPpkd-J1Ukfc-LhBDec{display:none}}.mN1ivc .VfPpkd-Bz112c-J1Ukfc-LhBDec{pointer-events:none;border:2px solid rgb(24,90,188);border-radius:6px;box-sizing:content-box;position:absolute;top:50%;left:50%;transform:translate(-50%,-50%);height:100%;width:100%}@media screen and (forced-colors:active){.mN1ivc .VfPpkd-Bz112c-J1Ukfc-LhBDec{border-color:CanvasText}}.mN1ivc .VfPpkd-Bz112c-J1Ukfc-LhBDec::after{content:"";border:2px solid rgb(232,240,254);border-radius:8px;display:block;position:absolute;top:50%;left:50%;transform:translate(-50%,-50%);height:calc(100% + 4px);width:calc(100% + 4px)}@media screen and (forced-colors:active){.mN1ivc .VfPpkd-Bz112c-J1Ukfc-LhBDec::after{border-color:CanvasText}}.mN1ivc.gmghec .VfPpkd-Bz112c-J1Ukfc-LhBDec{display:inline-block}@media (-ms-high-contrast:active),(-ms-high-contrast:none){.mN1ivc.gmghec .VfPpkd-Bz112c-J1Ukfc-LhBDec{display:none}}.MyRpB .VfPpkd-kBDsod,.MyRpB .VfPpkd-vQzf8d{opacity:0}[data-tooltip-enabled=true]:disabled,.VfPpkd-Bz112c-LgbsSe[data-tooltip-enabled=true]:disabled .VfPpkd-Bz112c-Jh9lGc{pointer-events:auto}.VfPpkd-StrnGf-rymPhb{-moz-osx-font-smoothing:grayscale;-webkit-font-smoothing:antialiased;font-family:Roboto,sans-serif;font-family:var(--mdc-typography-subtitle1-font-family,var(--mdc-typography-font-family,Roboto,sans-serif));font-size:1rem;font-size:var(--mdc-typography-subtitle1-font-size,1rem);line-height:1.75rem;line-height:var(--mdc-typography-subtitle1-line-height,1.75rem);font-weight:400;font-weight:var(--mdc-typography-subtitle1-font-weight,400);letter-spacing:.009375em;letter-spacing:var(--mdc-typography-subtitle1-letter-spacing,.009375em);text-decoration:inherit;-webkit-text-decoration:var(--mdc-typography-subtitle1-text-decoration,inherit);text-decoration:var(--mdc-typography-subtitle1-text-decoration,inherit);text-transform:inherit;text-transform:var(--mdc-typography-subtitle1-text-transform,inherit);line-height:1.5rem;margin:0;padding:8px 0;list-style-type:none;color:rgba(0,0,0,.87);color:var(--mdc-theme-text-primary-on-background,rgba(0,0,0,.87))}.VfPpkd-StrnGf-rymPhb:focus{outline:none}.VfPpkd-StrnGf-rymPhb-L8ivfd-fmcmS{color:rgba(0,0,0,.54);color:var(--mdc-theme-text-secondary-on-background,rgba(0,0,0,.54))}.VfPpkd-StrnGf-rymPhb-f7MjDc{background-color:transparent}.VfPpkd-StrnGf-rymPhb-f7MjDc{color:rgba(0,0,0,.38);color:var(--mdc-theme-text-icon-on-background,rgba(0,0,0,.38))}.VfPpkd-StrnGf-rymPhb-IhFlZd{color:rgba(0,0,0,.38);color:var(--mdc-theme-text-hint-on-background,rgba(0,0,0,.38))}.VfPpkd-StrnGf-rymPhb-ibnC6b-OWXEXe-OWB6Me .VfPpkd-StrnGf-rymPhb-b9t22c{opacity:.38}.VfPpkd-StrnGf-rymPhb-ibnC6b-OWXEXe-OWB6Me .VfPpkd-StrnGf-rymPhb-b9t22c,.VfPpkd-StrnGf-rymPhb-ibnC6b-OWXEXe-OWB6Me .VfPpkd-StrnGf-rymPhb-fpDzbe-fmcmS,.VfPpkd-StrnGf-rymPhb-ibnC6b-OWXEXe-OWB6Me .VfPpkd-StrnGf-rymPhb-L8ivfd-fmcmS{color:#000;color:var(--mdc-theme-on-surface,#000)}.VfPpkd-StrnGf-rymPhb-ibnC6b-OWXEXe-gk6SMd,.VfPpkd-StrnGf-rymPhb-ibnC6b-OWXEXe-pXU01b{color:#6200ee;color:var(--mdc-theme-primary,#6200ee)}.VfPpkd-StrnGf-rymPhb-ibnC6b-OWXEXe-gk6SMd .VfPpkd-StrnGf-rymPhb-f7MjDc,.VfPpkd-StrnGf-rymPhb-ibnC6b-OWXEXe-pXU01b .VfPpkd-StrnGf-rymPhb-f7MjDc{color:#6200ee;color:var(--mdc-theme-primary,#6200ee)}.VfPpkd-StrnGf-rymPhb-OWXEXe-EzIYc{padding-top:4px;padding-bottom:4px;font-size:.812rem}.VfPpkd-StrnGf-rymPhb-Tkg0ld{display:block}.VfPpkd-StrnGf-rymPhb-Zmlebc-LhBDec{position:absolute}.VfPpkd-StrnGf-rymPhb-ibnC6b{display:flex;position:relative;align-items:center;justify-content:flex-start;overflow:hidden;padding:0;padding-left:16px;padding-right:16px;height:48px}.VfPpkd-StrnGf-rymPhb-ibnC6b:focus{outline:none}.VfPpkd-StrnGf-rymPhb-ibnC6b:not(.VfPpkd-StrnGf-rymPhb-ibnC6b-OWXEXe-gk6SMd):focus::before,.VfPpkd-StrnGf-rymPhb-ibnC6b.VfPpkd-ksKsZd-mWPk3d-OWXEXe-AHe6Kc-XpnDCe::before{position:absolute;box-sizing:border-box;width:100%;height:100%;top:0;left:0;border:1px solid transparent;border-radius:inherit;content:"";pointer-events:none}@media screen and (forced-colors:active){.VfPpkd-StrnGf-rymPhb-ibnC6b:not(.VfPpkd-StrnGf-rymPhb-ibnC6b-OWXEXe-gk6SMd):focus::before,.VfPpkd-StrnGf-rymPhb-ibnC6b.VfPpkd-ksKsZd-mWPk3d-OWXEXe-AHe6Kc-XpnDCe::before{border-color:CanvasText}}.VfPpkd-StrnGf-rymPhb-ibnC6b.VfPpkd-StrnGf-rymPhb-ibnC6b-OWXEXe-gk6SMd::before{position:absolute;box-sizing:border-box;width:100%;height:100%;top:0;left:0;border:3px double transparent;border-radius:inherit;content:"";pointer-events:none}@media screen and (forced-colors:active){.VfPpkd-StrnGf-rymPhb-ibnC6b.VfPpkd-StrnGf-rymPhb-ibnC6b-OWXEXe-gk6SMd::before{border-color:CanvasText}}[dir=rtl] .VfPpkd-StrnGf-rymPhb-ibnC6b,.VfPpkd-StrnGf-rymPhb-ibnC6b[dir=rtl]{padding-left:16px;padding-right:16px}.VfPpkd-StrnGf-rymPhb-OWXEXe-Bz112c-rymPhb .VfPpkd-StrnGf-rymPhb-ibnC6b{padding-left:16px;padding-right:16px;height:56px}[dir=rtl] .VfPpkd-StrnGf-rymPhb-OWXEXe-Bz112c-rymPhb .VfPpkd-StrnGf-rymPhb-ibnC6b,.VfPpkd-StrnGf-rymPhb-OWXEXe-Bz112c-rymPhb .VfPpkd-StrnGf-rymPhb-ibnC6b[dir=rtl]{padding-left:16px;padding-right:16px}.VfPpkd-StrnGf-rymPhb-OWXEXe-YLEF4c-rymPhb .VfPpkd-StrnGf-rymPhb-ibnC6b{padding-left:16px;padding-right:16px;height:56px}[dir=rtl] .VfPpkd-StrnGf-rymPhb-OWXEXe-YLEF4c-rymPhb .VfPpkd-StrnGf-rymPhb-ibnC6b,.VfPpkd-StrnGf-rymPhb-OWXEXe-YLEF4c-rymPhb .VfPpkd-StrnGf-rymPhb-ibnC6b[dir=rtl]{padding-left:16px;padding-right:16px}.VfPpkd-StrnGf-rymPhb-OWXEXe-JUCs7e-rymPhb .VfPpkd-StrnGf-rymPhb-ibnC6b{padding-left:16px;padding-right:16px;height:56px}[dir=rtl] .VfPpkd-StrnGf-rymPhb-OWXEXe-JUCs7e-rymPhb .VfPpkd-StrnGf-rymPhb-ibnC6b,.VfPpkd-StrnGf-rymPhb-OWXEXe-JUCs7e-rymPhb .VfPpkd-StrnGf-rymPhb-ibnC6b[dir=rtl]{padding-left:16px;padding-right:16px}.VfPpkd-StrnGf-rymPhb-OWXEXe-HiaYvf-rymPhb .VfPpkd-StrnGf-rymPhb-ibnC6b{padding-left:16px;padding-right:16px;height:72px}[dir=rtl] .VfPpkd-StrnGf-rymPhb-OWXEXe-HiaYvf-rymPhb .VfPpkd-StrnGf-rymPhb-ibnC6b,.VfPpkd-StrnGf-rymPhb-OWXEXe-HiaYvf-rymPhb .VfPpkd-StrnGf-rymPhb-ibnC6b[dir=rtl]{padding-left:16px;padding-right:16px}.VfPpkd-StrnGf-rymPhb-OWXEXe-aTv5jf-rymPhb .VfPpkd-StrnGf-rymPhb-ibnC6b{padding-left:0;padding-right:16px;height:72px}[dir=rtl] .VfPpkd-StrnGf-rymPhb-OWXEXe-aTv5jf-rymPhb .VfPpkd-StrnGf-rymPhb-ibnC6b,.VfPpkd-StrnGf-rymPhb-OWXEXe-aTv5jf-rymPhb .VfPpkd-StrnGf-rymPhb-ibnC6b[dir=rtl]{padding-left:16px;padding-right:0}.VfPpkd-StrnGf-rymPhb-OWXEXe-EzIYc .VfPpkd-StrnGf-rymPhb-f7MjDc{margin-left:0;margin-right:16px;width:20px;height:20px}[dir=rtl] .VfPpkd-StrnGf-rymPhb-OWXEXe-EzIYc .VfPpkd-StrnGf-rymPhb-f7MjDc,.VfPpkd-StrnGf-rymPhb-OWXEXe-EzIYc .VfPpkd-StrnGf-rymPhb-f7MjDc[dir=rtl]{margin-left:16px;margin-right:0}.VfPpkd-StrnGf-rymPhb-f7MjDc{flex-shrink:0;align-items:center;justify-content:center;fill:currentColor;object-fit:cover;margin-left:0;margin-right:32px;width:24px;height:24px}[dir=rtl] .VfPpkd-StrnGf-rymPhb-f7MjDc,.VfPpkd-StrnGf-rymPhb-f7MjDc[dir=rtl]{margin-left:32px;margin-right:0}.VfPpkd-StrnGf-rymPhb-OWXEXe-Bz112c-rymPhb .VfPpkd-StrnGf-rymPhb-f7MjDc{margin-left:0;margin-right:32px;width:24px;height:24px}[dir=rtl] .VfPpkd-StrnGf-rymPhb-OWXEXe-Bz112c-rymPhb .VfPpkd-StrnGf-rymPhb-f7MjDc,.VfPpkd-StrnGf-rymPhb-OWXEXe-Bz112c-rymPhb .VfPpkd-StrnGf-rymPhb-f7MjDc[dir=rtl]{margin-left:32px;margin-right:0}.VfPpkd-StrnGf-rymPhb-OWXEXe-YLEF4c-rymPhb .VfPpkd-StrnGf-rymPhb-f7MjDc{margin-left:0;margin-right:16px;width:40px;height:40px;border-radius:50%}[dir=rtl] .VfPpkd-StrnGf-rymPhb-OWXEXe-YLEF4c-rymPhb .VfPpkd-StrnGf-rymPhb-f7MjDc,.VfPpkd-StrnGf-rymPhb-OWXEXe-YLEF4c-rymPhb .VfPpkd-StrnGf-rymPhb-f7MjDc[dir=rtl]{margin-left:16px;margin-right:0}.VfPpkd-StrnGf-rymPhb-OWXEXe-JUCs7e-rymPhb .VfPpkd-StrnGf-rymPhb-f7MjDc{margin-left:0;margin-right:16px;width:40px;height:40px}[dir=rtl] .VfPpkd-StrnGf-rymPhb-OWXEXe-JUCs7e-rymPhb .VfPpkd-StrnGf-rymPhb-f7MjDc,.VfPpkd-StrnGf-rymPhb-OWXEXe-JUCs7e-rymPhb .VfPpkd-StrnGf-rymPhb-f7MjDc[dir=rtl]{margin-left:16px;margin-right:0}.VfPpkd-StrnGf-rymPhb-OWXEXe-HiaYvf-rymPhb .VfPpkd-StrnGf-rymPhb-f7MjDc{margin-left:0;margin-right:16px;width:56px;height:56px}[dir=rtl] .VfPpkd-StrnGf-rymPhb-OWXEXe-HiaYvf-rymPhb .VfPpkd-StrnGf-rymPhb-f7MjDc,.VfPpkd-StrnGf-rymPhb-OWXEXe-HiaYvf-rymPhb .VfPpkd-StrnGf-rymPhb-f7MjDc[dir=rtl]{margin-left:16px;margin-right:0}.VfPpkd-StrnGf-rymPhb-OWXEXe-aTv5jf-rymPhb .VfPpkd-StrnGf-rymPhb-f7MjDc{margin-left:0;margin-right:16px;width:100px;height:56px}[dir=rtl] .VfPpkd-StrnGf-rymPhb-OWXEXe-aTv5jf-rymPhb .VfPpkd-StrnGf-rymPhb-f7MjDc,.VfPpkd-StrnGf-rymPhb-OWXEXe-aTv5jf-rymPhb .VfPpkd-StrnGf-rymPhb-f7MjDc[dir=rtl]{margin-left:16px;margin-right:0}.VfPpkd-StrnGf-rymPhb .VfPpkd-StrnGf-rymPhb-f7MjDc{display:inline-flex}.VfPpkd-StrnGf-rymPhb-IhFlZd{margin-left:auto;margin-right:0}.VfPpkd-StrnGf-rymPhb-IhFlZd:not(.HzV7m-fuEl3d){-moz-osx-font-smoothing:grayscale;-webkit-font-smoothing:antialiased;font-family:Roboto,sans-serif;font-family:var(--mdc-typography-caption-font-family,var(--mdc-typography-font-family,Roboto,sans-serif));font-size:.75rem;font-size:var(--mdc-typography-caption-font-size,.75rem);line-height:1.25rem;line-height:var(--mdc-typography-caption-line-height,1.25rem);font-weight:400;font-weight:var(--mdc-typography-caption-font-weight,400);letter-spacing:.0333333333em;letter-spacing:var(--mdc-typography-caption-letter-spacing,.0333333333em);text-decoration:inherit;-webkit-text-decoration:var(--mdc-typography-caption-text-decoration,inherit);text-decoration:var(--mdc-typography-caption-text-decoration,inherit);text-transform:inherit;text-transform:var(--mdc-typography-caption-text-transform,inherit)}.VfPpkd-StrnGf-rymPhb-ibnC6b[dir=rtl] .VfPpkd-StrnGf-rymPhb-IhFlZd,[dir=rtl] .VfPpkd-StrnGf-rymPhb-ibnC6b .VfPpkd-StrnGf-rymPhb-IhFlZd{margin-left:0;margin-right:auto}.VfPpkd-StrnGf-rymPhb-b9t22c{text-overflow:ellipsis;white-space:nowrap;overflow:hidden}.VfPpkd-StrnGf-rymPhb-b9t22c[for]{pointer-events:none}.VfPpkd-StrnGf-rymPhb-fpDzbe-fmcmS{text-overflow:ellipsis;white-space:nowrap;overflow:hidden;display:block;margin-top:0;line-height:normal;margin-bottom:-20px}.VfPpkd-StrnGf-rymPhb-fpDzbe-fmcmS::before{display:inline-block;width:0;height:28px;content:"";vertical-align:0}.VfPpkd-StrnGf-rymPhb-fpDzbe-fmcmS::after{display:inline-block;width:0;height:20px;content:"";vertical-align:-20px}.VfPpkd-StrnGf-rymPhb-OWXEXe-aTv5jf-rymPhb .VfPpkd-StrnGf-rymPhb-fpDzbe-fmcmS,.VfPpkd-StrnGf-rymPhb-OWXEXe-HiaYvf-rymPhb .VfPpkd-StrnGf-rymPhb-fpDzbe-fmcmS,.VfPpkd-StrnGf-rymPhb-OWXEXe-JUCs7e-rymPhb .VfPpkd-StrnGf-rymPhb-fpDzbe-fmcmS,.VfPpkd-StrnGf-rymPhb-OWXEXe-YLEF4c-rymPhb .VfPpkd-StrnGf-rymPhb-fpDzbe-fmcmS,.VfPpkd-StrnGf-rymPhb-OWXEXe-Bz112c-rymPhb .VfPpkd-StrnGf-rymPhb-fpDzbe-fmcmS{display:block;margin-top:0;line-height:normal;margin-bottom:-20px}.VfPpkd-StrnGf-rymPhb-OWXEXe-aTv5jf-rymPhb .VfPpkd-StrnGf-rymPhb-fpDzbe-fmcmS::before,.VfPpkd-StrnGf-rymPhb-OWXEXe-HiaYvf-rymPhb .VfPpkd-StrnGf-rymPhb-fpDzbe-fmcmS::before,.VfPpkd-StrnGf-rymPhb-OWXEXe-JUCs7e-rymPhb .VfPpkd-StrnGf-rymPhb-fpDzbe-fmcmS::before,.VfPpkd-StrnGf-rymPhb-OWXEXe-YLEF4c-rymPhb .VfPpkd-StrnGf-rymPhb-fpDzbe-fmcmS::before,.VfPpkd-StrnGf-rymPhb-OWXEXe-Bz112c-rymPhb .VfPpkd-StrnGf-rymPhb-fpDzbe-fmcmS::before{display:inline-block;width:0;height:32px;content:"";vertical-align:0}.VfPpkd-StrnGf-rymPhb-OWXEXe-aTv5jf-rymPhb .VfPpkd-StrnGf-rymPhb-fpDzbe-fmcmS::after,.VfPpkd-StrnGf-rymPhb-OWXEXe-HiaYvf-rymPhb .VfPpkd-StrnGf-rymPhb-fpDzbe-fmcmS::after,.VfPpkd-StrnGf-rymPhb-OWXEXe-JUCs7e-rymPhb .VfPpkd-StrnGf-rymPhb-fpDzbe-fmcmS::after,.VfPpkd-StrnGf-rymPhb-OWXEXe-YLEF4c-rymPhb .VfPpkd-StrnGf-rymPhb-fpDzbe-fmcmS::after,.VfPpkd-StrnGf-rymPhb-OWXEXe-Bz112c-rymPhb .VfPpkd-StrnGf-rymPhb-fpDzbe-fmcmS::after{display:inline-block;width:0;height:20px;content:"";vertical-align:-20px}.VfPpkd-StrnGf-rymPhb-OWXEXe-EzIYc .VfPpkd-StrnGf-rymPhb-fpDzbe-fmcmS{display:block;margin-top:0;line-height:normal;margin-bottom:-20px}.VfPpkd-StrnGf-rymPhb-OWXEXe-EzIYc .VfPpkd-StrnGf-rymPhb-fpDzbe-fmcmS::before{display:inline-block;width:0;height:24px;content:"";vertical-align:0}.VfPpkd-StrnGf-rymPhb-OWXEXe-EzIYc .VfPpkd-StrnGf-rymPhb-fpDzbe-fmcmS::after{display:inline-block;width:0;height:20px;content:"";vertical-align:-20px}.VfPpkd-StrnGf-rymPhb-L8ivfd-fmcmS{-moz-osx-font-smoothing:grayscale;-webkit-font-smoothing:antialiased;font-family:Roboto,sans-serif;font-family:var(--mdc-typography-body2-font-family,var(--mdc-typography-font-family,Roboto,sans-serif));font-size:.875rem;font-size:var(--mdc-typography-body2-font-size,.875rem);line-height:1.25rem;line-height:var(--mdc-typography-body2-line-height,1.25rem);font-weight:400;font-weight:var(--mdc-typography-body2-font-weight,400);letter-spacing:.0178571429em;letter-spacing:var(--mdc-typography-body2-letter-spacing,.0178571429em);text-decoration:inherit;-webkit-text-decoration:var(--mdc-typography-body2-text-decoration,inherit);text-decoration:var(--mdc-typography-body2-text-decoration,inherit);text-transform:inherit;text-transform:var(--mdc-typography-body2-text-transform,inherit);text-overflow:ellipsis;white-space:nowrap;overflow:hidden;display:block;margin-top:0;line-height:normal}.VfPpkd-StrnGf-rymPhb-L8ivfd-fmcmS::before{display:inline-block;width:0;height:20px;content:"";vertical-align:0}.VfPpkd-StrnGf-rymPhb-OWXEXe-EzIYc .VfPpkd-StrnGf-rymPhb-L8ivfd-fmcmS{font-size:inherit}.VfPpkd-StrnGf-rymPhb-OWXEXe-EzIYc .VfPpkd-StrnGf-rymPhb-ibnC6b{height:40px}.VfPpkd-StrnGf-rymPhb-OWXEXe-aSi1db-RWgCYc .VfPpkd-StrnGf-rymPhb-b9t22c{align-self:flex-start}.VfPpkd-StrnGf-rymPhb-OWXEXe-aSi1db-RWgCYc .VfPpkd-StrnGf-rymPhb-ibnC6b{height:64px}.VfPpkd-StrnGf-rymPhb-OWXEXe-aSi1db-RWgCYc.VfPpkd-StrnGf-rymPhb-OWXEXe-aTv5jf-rymPhb .VfPpkd-StrnGf-rymPhb-ibnC6b,.VfPpkd-StrnGf-rymPhb-OWXEXe-aSi1db-RWgCYc.VfPpkd-StrnGf-rymPhb-OWXEXe-HiaYvf-rymPhb .VfPpkd-StrnGf-rymPhb-ibnC6b,.VfPpkd-StrnGf-rymPhb-OWXEXe-aSi1db-RWgCYc.VfPpkd-StrnGf-rymPhb-OWXEXe-JUCs7e-rymPhb .VfPpkd-StrnGf-rymPhb-ibnC6b,.VfPpkd-StrnGf-rymPhb-OWXEXe-aSi1db-RWgCYc.VfPpkd-StrnGf-rymPhb-OWXEXe-YLEF4c-rymPhb .VfPpkd-StrnGf-rymPhb-ibnC6b,.VfPpkd-StrnGf-rymPhb-OWXEXe-aSi1db-RWgCYc.VfPpkd-StrnGf-rymPhb-OWXEXe-Bz112c-rymPhb .VfPpkd-StrnGf-rymPhb-ibnC6b{height:72px}.VfPpkd-StrnGf-rymPhb-OWXEXe-aSi1db-RWgCYc.VfPpkd-StrnGf-rymPhb-OWXEXe-Bz112c-rymPhb .VfPpkd-StrnGf-rymPhb-f7MjDc{align-self:flex-start;margin-top:16px}.VfPpkd-StrnGf-rymPhb-OWXEXe-aSi1db-RWgCYc.VfPpkd-StrnGf-rymPhb-OWXEXe-EzIYc .VfPpkd-StrnGf-rymPhb-ibnC6b,.VfPpkd-StrnGf-rymPhb-OWXEXe-YLEF4c-rymPhb.VfPpkd-StrnGf-rymPhb-OWXEXe-EzIYc .VfPpkd-StrnGf-rymPhb-ibnC6b{height:60px}.VfPpkd-StrnGf-rymPhb-OWXEXe-YLEF4c-rymPhb.VfPpkd-StrnGf-rymPhb-OWXEXe-EzIYc .VfPpkd-StrnGf-rymPhb-f7MjDc{margin-left:0;margin-right:16px;width:36px;height:36px}[dir=rtl] .VfPpkd-StrnGf-rymPhb-OWXEXe-YLEF4c-rymPhb.VfPpkd-StrnGf-rymPhb-OWXEXe-EzIYc .VfPpkd-StrnGf-rymPhb-f7MjDc,.VfPpkd-StrnGf-rymPhb-OWXEXe-YLEF4c-rymPhb.VfPpkd-StrnGf-rymPhb-OWXEXe-EzIYc .VfPpkd-StrnGf-rymPhb-f7MjDc[dir=rtl]{margin-left:16px;margin-right:0}:not(.VfPpkd-StrnGf-rymPhb-ibnC6b-OWXEXe-OWB6Me).VfPpkd-StrnGf-rymPhb-ibnC6b{cursor:pointer}a.VfPpkd-StrnGf-rymPhb-ibnC6b{color:inherit;text-decoration:none}.VfPpkd-StrnGf-rymPhb-clz4Ic{height:0;margin:0;border:none;border-bottom-width:1px;border-bottom-style:solid}.VfPpkd-StrnGf-rymPhb-clz4Ic{border-bottom-color:rgba(0,0,0,.12)}.VfPpkd-StrnGf-rymPhb-clz4Ic-OWXEXe-nNtqDd{margin-left:16px;margin-right:0;width:calc(100% - 32px)}[dir=rtl] .VfPpkd-StrnGf-rymPhb-clz4Ic-OWXEXe-nNtqDd,.VfPpkd-StrnGf-rymPhb-clz4Ic-OWXEXe-nNtqDd[dir=rtl]{margin-left:0;margin-right:16px}.VfPpkd-StrnGf-rymPhb-clz4Ic-OWXEXe-YbohUe{margin-left:72px;margin-right:0;width:calc(100% - 72px)}[dir=rtl] .VfPpkd-StrnGf-rymPhb-clz4Ic-OWXEXe-YbohUe,.VfPpkd-StrnGf-rymPhb-clz4Ic-OWXEXe-YbohUe[dir=rtl]{margin-left:0;margin-right:72px}.VfPpkd-StrnGf-rymPhb-clz4Ic-OWXEXe-YbohUe.VfPpkd-StrnGf-rymPhb-clz4Ic-OWXEXe-nNtqDd{margin-left:72px;margin-right:0;width:calc(100% - 88px)}[dir=rtl] .VfPpkd-StrnGf-rymPhb-clz4Ic-OWXEXe-YbohUe.VfPpkd-StrnGf-rymPhb-clz4Ic-OWXEXe-nNtqDd,.VfPpkd-StrnGf-rymPhb-clz4Ic-OWXEXe-YbohUe.VfPpkd-StrnGf-rymPhb-clz4Ic-OWXEXe-nNtqDd[dir=rtl]{margin-left:0;margin-right:72px}.VfPpkd-StrnGf-rymPhb .VfPpkd-StrnGf-rymPhb-clz4Ic-OWXEXe-YbohUe-M1Soyc{margin-left:16px;margin-right:0;width:calc(100% - 16px)}[dir=rtl] .VfPpkd-StrnGf-rymPhb .VfPpkd-StrnGf-rymPhb-clz4Ic-OWXEXe-YbohUe-M1Soyc,.VfPpkd-StrnGf-rymPhb .VfPpkd-StrnGf-rymPhb-clz4Ic-OWXEXe-YbohUe-M1Soyc[dir=rtl]{margin-left:0;margin-right:16px}.VfPpkd-StrnGf-rymPhb .VfPpkd-StrnGf-rymPhb-clz4Ic-OWXEXe-YbohUe-UbuQg{width:calc(100% - 16px)}.VfPpkd-StrnGf-rymPhb .VfPpkd-StrnGf-rymPhb-clz4Ic-OWXEXe-YbohUe-M1Soyc.VfPpkd-StrnGf-rymPhb-clz4Ic-OWXEXe-YbohUe-UbuQg{margin-left:16px;margin-right:0;width:calc(100% - 32px)}[dir=rtl] .VfPpkd-StrnGf-rymPhb .VfPpkd-StrnGf-rymPhb-clz4Ic-OWXEXe-YbohUe-M1Soyc.VfPpkd-StrnGf-rymPhb-clz4Ic-OWXEXe-YbohUe-UbuQg,.VfPpkd-StrnGf-rymPhb .VfPpkd-StrnGf-rymPhb-clz4Ic-OWXEXe-YbohUe-M1Soyc.VfPpkd-StrnGf-rymPhb-clz4Ic-OWXEXe-YbohUe-UbuQg[dir=rtl]{margin-left:0;margin-right:16px}.VfPpkd-StrnGf-rymPhb .VfPpkd-StrnGf-rymPhb-clz4Ic-OWXEXe-YbohUe-M1Soyc.VfPpkd-StrnGf-rymPhb-clz4Ic-OWXEXe-QFlW2{margin-left:16px;margin-right:0;width:calc(100% - 16px)}[dir=rtl] .VfPpkd-StrnGf-rymPhb .VfPpkd-StrnGf-rymPhb-clz4Ic-OWXEXe-YbohUe-M1Soyc.VfPpkd-StrnGf-rymPhb-clz4Ic-OWXEXe-QFlW2,.VfPpkd-StrnGf-rymPhb .VfPpkd-StrnGf-rymPhb-clz4Ic-OWXEXe-YbohUe-M1Soyc.VfPpkd-StrnGf-rymPhb-clz4Ic-OWXEXe-QFlW2[dir=rtl]{margin-left:0;margin-right:16px}.VfPpkd-StrnGf-rymPhb .VfPpkd-StrnGf-rymPhb-clz4Ic-OWXEXe-YbohUe-M1Soyc.VfPpkd-StrnGf-rymPhb-clz4Ic-OWXEXe-YbohUe-UbuQg.VfPpkd-StrnGf-rymPhb-clz4Ic-OWXEXe-YbohUe-QFlW2{margin-left:16px;margin-right:0;width:calc(100% - 32px)}[dir=rtl] .VfPpkd-StrnGf-rymPhb .VfPpkd-StrnGf-rymPhb-clz4Ic-OWXEXe-YbohUe-M1Soyc.VfPpkd-StrnGf-rymPhb-clz4Ic-OWXEXe-YbohUe-UbuQg.VfPpkd-StrnGf-rymPhb-clz4Ic-OWXEXe-YbohUe-QFlW2,.VfPpkd-StrnGf-rymPhb .VfPpkd-StrnGf-rymPhb-clz4Ic-OWXEXe-YbohUe-M1Soyc.VfPpkd-StrnGf-rymPhb-clz4Ic-OWXEXe-YbohUe-UbuQg.VfPpkd-StrnGf-rymPhb-clz4Ic-OWXEXe-YbohUe-QFlW2[dir=rtl]{margin-left:0;margin-right:16px}.VfPpkd-StrnGf-rymPhb-OWXEXe-Bz112c-rymPhb .VfPpkd-StrnGf-rymPhb-clz4Ic-OWXEXe-YbohUe-M1Soyc{margin-left:72px;margin-right:0;width:calc(100% - 72px)}[dir=rtl] .VfPpkd-StrnGf-rymPhb-OWXEXe-Bz112c-rymPhb .VfPpkd-StrnGf-rymPhb-clz4Ic-OWXEXe-YbohUe-M1Soyc,.VfPpkd-StrnGf-rymPhb-OWXEXe-Bz112c-rymPhb .VfPpkd-StrnGf-rymPhb-clz4Ic-OWXEXe-YbohUe-M1Soyc[dir=rtl]{margin-left:0;margin-right:72px}.VfPpkd-StrnGf-rymPhb-OWXEXe-Bz112c-rymPhb .VfPpkd-StrnGf-rymPhb-clz4Ic-OWXEXe-YbohUe-UbuQg{width:calc(100% - 16px)}.VfPpkd-StrnGf-rymPhb-OWXEXe-Bz112c-rymPhb .VfPpkd-StrnGf-rymPhb-clz4Ic-OWXEXe-YbohUe-M1Soyc.VfPpkd-StrnGf-rymPhb-clz4Ic-OWXEXe-YbohUe-UbuQg{margin-left:72px;margin-right:0;width:calc(100% - 88px)}[dir=rtl] .VfPpkd-StrnGf-rymPhb-OWXEXe-Bz112c-rymPhb .VfPpkd-StrnGf-rymPhb-clz4Ic-OWXEXe-YbohUe-M1Soyc.VfPpkd-StrnGf-rymPhb-clz4Ic-OWXEXe-YbohUe-UbuQg,.VfPpkd-StrnGf-rymPhb-OWXEXe-Bz112c-rymPhb .VfPpkd-StrnGf-rymPhb-clz4Ic-OWXEXe-YbohUe-M1Soyc.VfPpkd-StrnGf-rymPhb-clz4Ic-OWXEXe-YbohUe-UbuQg[dir=rtl]{margin-left:0;margin-right:72px}.VfPpkd-StrnGf-rymPhb-OWXEXe-Bz112c-rymPhb .VfPpkd-StrnGf-rymPhb-clz4Ic-OWXEXe-YbohUe-M1Soyc.VfPpkd-StrnGf-rymPhb-clz4Ic-OWXEXe-QFlW2{margin-left:16px;margin-right:0;width:calc(100% - 16px)}[dir=rtl] .VfPpkd-StrnGf-rymPhb-OWXEXe-Bz112c-rymPhb .VfPpkd-StrnGf-rymPhb-clz4Ic-OWXEXe-YbohUe-M1Soyc.VfPpkd-StrnGf-rymPhb-clz4Ic-OWXEXe-QFlW2,.VfPpkd-StrnGf-rymPhb-OWXEXe-Bz112c-rymPhb .VfPpkd-StrnGf-rymPhb-clz4Ic-OWXEXe-YbohUe-M1Soyc.VfPpkd-StrnGf-rymPhb-clz4Ic-OWXEXe-QFlW2[dir=rtl]{margin-left:0;margin-right:16px}.VfPpkd-StrnGf-rymPhb-OWXEXe-Bz112c-rymPhb .VfPpkd-StrnGf-rymPhb-clz4Ic-OWXEXe-YbohUe-M1Soyc.VfPpkd-StrnGf-rymPhb-clz4Ic-OWXEXe-YbohUe-UbuQg.VfPpkd-StrnGf-rymPhb-clz4Ic-OWXEXe-YbohUe-QFlW2{margin-left:16px;margin-right:0;width:calc(100% - 32px)}[dir=rtl] .VfPpkd-StrnGf-rymPhb-OWXEXe-Bz112c-rymPhb .VfPpkd-StrnGf-rymPhb-clz4Ic-OWXEXe-YbohUe-M1Soyc.VfPpkd-StrnGf-rymPhb-clz4Ic-OWXEXe-YbohUe-UbuQg.VfPpkd-StrnGf-rymPhb-clz4Ic-OWXEXe-YbohUe-QFlW2,.VfPpkd-StrnGf-rymPhb-OWXEXe-Bz112c-rymPhb .VfPpkd-StrnGf-rymPhb-clz4Ic-OWXEXe-YbohUe-M1Soyc.VfPpkd-StrnGf-rymPhb-clz4Ic-OWXEXe-YbohUe-UbuQg.VfPpkd-StrnGf-rymPhb-clz4Ic-OWXEXe-YbohUe-QFlW2[dir=rtl]{margin-left:0;margin-right:16px}.VfPpkd-StrnGf-rymPhb-OWXEXe-YLEF4c-rymPhb .VfPpkd-StrnGf-rymPhb-clz4Ic-OWXEXe-YbohUe-M1Soyc{margin-left:72px;margin-right:0;width:calc(100% - 72px)}[dir=rtl] .VfPpkd-StrnGf-rymPhb-OWXEXe-YLEF4c-rymPhb .VfPpkd-StrnGf-rymPhb-clz4Ic-OWXEXe-YbohUe-M1Soyc,.VfPpkd-StrnGf-rymPhb-OWXEXe-YLEF4c-rymPhb .VfPpkd-StrnGf-rymPhb-clz4Ic-OWXEXe-YbohUe-M1Soyc[dir=rtl]{margin-left:0;margin-right:72px}.VfPpkd-StrnGf-rymPhb-OWXEXe-YLEF4c-rymPhb .VfPpkd-StrnGf-rymPhb-clz4Ic-OWXEXe-YbohUe-UbuQg{width:calc(100% - 16px)}.VfPpkd-StrnGf-rymPhb-OWXEXe-YLEF4c-rymPhb .VfPpkd-StrnGf-rymPhb-clz4Ic-OWXEXe-YbohUe-M1Soyc.VfPpkd-StrnGf-rymPhb-clz4Ic-OWXEXe-YbohUe-UbuQg{margin-left:72px;margin-right:0;width:calc(100% - 88px)}[dir=rtl] .VfPpkd-StrnGf-rymPhb-OWXEXe-YLEF4c-rymPhb .VfPpkd-StrnGf-rymPhb-clz4Ic-OWXEXe-YbohUe-M1Soyc.VfPpkd-StrnGf-rymPhb-clz4Ic-OWXEXe-YbohUe-UbuQg,.VfPpkd-StrnGf-rymPhb-OWXEXe-YLEF4c-rymPhb .VfPpkd-StrnGf-rymPhb-clz4Ic-OWXEXe-YbohUe-M1Soyc.VfPpkd-StrnGf-rymPhb-clz4Ic-OWXEXe-YbohUe-UbuQg[dir=rtl]{margin-left:0;margin-right:72px}.VfPpkd-StrnGf-rymPhb-OWXEXe-YLEF4c-rymPhb .VfPpkd-StrnGf-rymPhb-clz4Ic-OWXEXe-YbohUe-M1Soyc.VfPpkd-StrnGf-rymPhb-clz4Ic-OWXEXe-QFlW2{margin-left:16px;margin-right:0;width:calc(100% - 16px)}[dir=rtl] .VfPpkd-StrnGf-rymPhb-OWXEXe-YLEF4c-rymPhb .VfPpkd-StrnGf-rymPhb-clz4Ic-OWXEXe-YbohUe-M1Soyc.VfPpkd-StrnGf-rymPhb-clz4Ic-OWXEXe-QFlW2,.VfPpkd-StrnGf-rymPhb-OWXEXe-YLEF4c-rymPhb .VfPpkd-StrnGf-rymPhb-clz4Ic-OWXEXe-YbohUe-M1Soyc.VfPpkd-StrnGf-rymPhb-clz4Ic-OWXEXe-QFlW2[dir=rtl]{margin-left:0;margin-right:16px}.VfPpkd-StrnGf-rymPhb-OWXEXe-YLEF4c-rymPhb .VfPpkd-StrnGf-rymPhb-clz4Ic-OWXEXe-YbohUe-M1Soyc.VfPpkd-StrnGf-rymPhb-clz4Ic-OWXEXe-YbohUe-UbuQg.VfPpkd-StrnGf-rymPhb-clz4Ic-OWXEXe-YbohUe-QFlW2{margin-left:16px;margin-right:0;width:calc(100% - 32px)}[dir=rtl] .VfPpkd-StrnGf-rymPhb-OWXEXe-YLEF4c-rymPhb .VfPpkd-StrnGf-rymPhb-clz4Ic-OWXEXe-YbohUe-M1Soyc.VfPpkd-StrnGf-rymPhb-clz4Ic-OWXEXe-YbohUe-UbuQg.VfPpkd-StrnGf-rymPhb-clz4Ic-OWXEXe-YbohUe-QFlW2,.VfPpkd-StrnGf-rymPhb-OWXEXe-YLEF4c-rymPhb .VfPpkd-StrnGf-rymPhb-clz4Ic-OWXEXe-YbohUe-M1Soyc.VfPpkd-StrnGf-rymPhb-clz4Ic-OWXEXe-YbohUe-UbuQg.VfPpkd-StrnGf-rymPhb-clz4Ic-OWXEXe-YbohUe-QFlW2[dir=rtl]{margin-left:0;margin-right:16px}.VfPpkd-StrnGf-rymPhb-OWXEXe-JUCs7e-rymPhb .VfPpkd-StrnGf-rymPhb-clz4Ic-OWXEXe-YbohUe-M1Soyc{margin-left:72px;margin-right:0;width:calc(100% - 72px)}[dir=rtl] .VfPpkd-StrnGf-rymPhb-OWXEXe-JUCs7e-rymPhb .VfPpkd-StrnGf-rymPhb-clz4Ic-OWXEXe-YbohUe-M1Soyc,.VfPpkd-StrnGf-rymPhb-OWXEXe-JUCs7e-rymPhb .VfPpkd-StrnGf-rymPhb-clz4Ic-OWXEXe-YbohUe-M1Soyc[dir=rtl]{margin-left:0;margin-right:72px}.VfPpkd-StrnGf-rymPhb-OWXEXe-JUCs7e-rymPhb .VfPpkd-StrnGf-rymPhb-clz4Ic-OWXEXe-YbohUe-UbuQg{width:calc(100% - 16px)}.VfPpkd-StrnGf-rymPhb-OWXEXe-JUCs7e-rymPhb .VfPpkd-StrnGf-rymPhb-clz4Ic-OWXEXe-YbohUe-M1Soyc.VfPpkd-StrnGf-rymPhb-clz4Ic-OWXEXe-YbohUe-UbuQg{margin-left:72px;margin-right:0;width:calc(100% - 88px)}[dir=rtl] .VfPpkd-StrnGf-rymPhb-OWXEXe-JUCs7e-rymPhb .VfPpkd-StrnGf-rymPhb-clz4Ic-OWXEXe-YbohUe-M1Soyc.VfPpkd-StrnGf-rymPhb-clz4Ic-OWXEXe-YbohUe-UbuQg,.VfPpkd-StrnGf-rymPhb-OWXEXe-JUCs7e-rymPhb .VfPpkd-StrnGf-rymPhb-clz4Ic-OWXEXe-YbohUe-M1Soyc.VfPpkd-StrnGf-rymPhb-clz4Ic-OWXEXe-YbohUe-UbuQg[dir=rtl]{margin-left:0;margin-right:72px}.VfPpkd-StrnGf-rymPhb-OWXEXe-JUCs7e-rymPhb .VfPpkd-StrnGf-rymPhb-clz4Ic-OWXEXe-YbohUe-M1Soyc.VfPpkd-StrnGf-rymPhb-clz4Ic-OWXEXe-QFlW2{margin-left:16px;margin-right:0;width:calc(100% - 16px)}[dir=rtl] .VfPpkd-StrnGf-rymPhb-OWXEXe-JUCs7e-rymPhb .VfPpkd-StrnGf-rymPhb-clz4Ic-OWXEXe-YbohUe-M1Soyc.VfPpkd-StrnGf-rymPhb-clz4Ic-OWXEXe-QFlW2,.VfPpkd-StrnGf-rymPhb-OWXEXe-JUCs7e-rymPhb .VfPpkd-StrnGf-rymPhb-clz4Ic-OWXEXe-YbohUe-M1Soyc.VfPpkd-StrnGf-rymPhb-clz4Ic-OWXEXe-QFlW2[dir=rtl]{margin-left:0;margin-right:16px}.VfPpkd-StrnGf-rymPhb-OWXEXe-JUCs7e-rymPhb .VfPpkd-StrnGf-rymPhb-clz4Ic-OWXEXe-YbohUe-M1Soyc.VfPpkd-StrnGf-rymPhb-clz4Ic-OWXEXe-YbohUe-UbuQg.VfPpkd-StrnGf-rymPhb-clz4Ic-OWXEXe-YbohUe-QFlW2{margin-left:16px;margin-right:0;width:calc(100% - 32px)}[dir=rtl] .VfPpkd-StrnGf-rymPhb-OWXEXe-JUCs7e-rymPhb .VfPpkd-StrnGf-rymPhb-clz4Ic-OWXEXe-YbohUe-M1Soyc.VfPpkd-StrnGf-rymPhb-clz4Ic-OWXEXe-YbohUe-UbuQg.VfPpkd-StrnGf-rymPhb-clz4Ic-OWXEXe-YbohUe-QFlW2,.VfPpkd-StrnGf-rymPhb-OWXEXe-JUCs7e-rymPhb .VfPpkd-StrnGf-rymPhb-clz4Ic-OWXEXe-YbohUe-M1Soyc.VfPpkd-StrnGf-rymPhb-clz4Ic-OWXEXe-YbohUe-UbuQg.VfPpkd-StrnGf-rymPhb-clz4Ic-OWXEXe-YbohUe-QFlW2[dir=rtl]{margin-left:0;margin-right:16px}.VfPpkd-StrnGf-rymPhb-OWXEXe-HiaYvf-rymPhb .VfPpkd-StrnGf-rymPhb-clz4Ic-OWXEXe-YbohUe-M1Soyc{margin-left:88px;margin-right:0;width:calc(100% - 88px)}[dir=rtl] .VfPpkd-StrnGf-rymPhb-OWXEXe-HiaYvf-rymPhb .VfPpkd-StrnGf-rymPhb-clz4Ic-OWXEXe-YbohUe-M1Soyc,.VfPpkd-StrnGf-rymPhb-OWXEXe-HiaYvf-rymPhb .VfPpkd-StrnGf-rymPhb-clz4Ic-OWXEXe-YbohUe-M1Soyc[dir=rtl]{margin-left:0;margin-right:88px}.VfPpkd-StrnGf-rymPhb-OWXEXe-HiaYvf-rymPhb .VfPpkd-StrnGf-rymPhb-clz4Ic-OWXEXe-YbohUe-UbuQg{width:calc(100% - 16px)}.VfPpkd-StrnGf-rymPhb-OWXEXe-HiaYvf-rymPhb .VfPpkd-StrnGf-rymPhb-clz4Ic-OWXEXe-YbohUe-M1Soyc.VfPpkd-StrnGf-rymPhb-clz4Ic-OWXEXe-YbohUe-UbuQg{margin-left:88px;margin-right:0;width:calc(100% - 104px)}[dir=rtl] .VfPpkd-StrnGf-rymPhb-OWXEXe-HiaYvf-rymPhb .VfPpkd-StrnGf-rymPhb-clz4Ic-OWXEXe-YbohUe-M1Soyc.VfPpkd-StrnGf-rymPhb-clz4Ic-OWXEXe-YbohUe-UbuQg,.VfPpkd-StrnGf-rymPhb-OWXEXe-HiaYvf-rymPhb .VfPpkd-StrnGf-rymPhb-clz4Ic-OWXEXe-YbohUe-M1Soyc.VfPpkd-StrnGf-rymPhb-clz4Ic-OWXEXe-YbohUe-UbuQg[dir=rtl]{margin-left:0;margin-right:88px}.VfPpkd-StrnGf-rymPhb-OWXEXe-HiaYvf-rymPhb .VfPpkd-StrnGf-rymPhb-clz4Ic-OWXEXe-YbohUe-M1Soyc.VfPpkd-StrnGf-rymPhb-clz4Ic-OWXEXe-QFlW2{margin-left:16px;margin-right:0;width:calc(100% - 16px)}[dir=rtl] .VfPpkd-StrnGf-rymPhb-OWXEXe-HiaYvf-rymPhb .VfPpkd-StrnGf-rymPhb-clz4Ic-OWXEXe-YbohUe-M1Soyc.VfPpkd-StrnGf-rymPhb-clz4Ic-OWXEXe-QFlW2,.VfPpkd-StrnGf-rymPhb-OWXEXe-HiaYvf-rymPhb .VfPpkd-StrnGf-rymPhb-clz4Ic-OWXEXe-YbohUe-M1Soyc.VfPpkd-StrnGf-rymPhb-clz4Ic-OWXEXe-QFlW2[dir=rtl]{margin-left:0;margin-right:16px}.VfPpkd-StrnGf-rymPhb-OWXEXe-HiaYvf-rymPhb .VfPpkd-StrnGf-rymPhb-clz4Ic-OWXEXe-YbohUe-M1Soyc.VfPpkd-StrnGf-rymPhb-clz4Ic-OWXEXe-YbohUe-UbuQg.VfPpkd-StrnGf-rymPhb-clz4Ic-OWXEXe-YbohUe-QFlW2{margin-left:16px;margin-right:0;width:calc(100% - 32px)}[dir=rtl] .VfPpkd-StrnGf-rymPhb-OWXEXe-HiaYvf-rymPhb .VfPpkd-StrnGf-rymPhb-clz4Ic-OWXEXe-YbohUe-M1Soyc.VfPpkd-StrnGf-rymPhb-clz4Ic-OWXEXe-YbohUe-UbuQg.VfPpkd-StrnGf-rymPhb-clz4Ic-OWXEXe-YbohUe-QFlW2,.VfPpkd-StrnGf-rymPhb-OWXEXe-HiaYvf-rymPhb .VfPpkd-StrnGf-rymPhb-clz4Ic-OWXEXe-YbohUe-M1Soyc.VfPpkd-StrnGf-rymPhb-clz4Ic-OWXEXe-YbohUe-UbuQg.VfPpkd-StrnGf-rymPhb-clz4Ic-OWXEXe-YbohUe-QFlW2[dir=rtl]{margin-left:0;margin-right:16px}.VfPpkd-StrnGf-rymPhb-OWXEXe-aTv5jf-rymPhb .VfPpkd-StrnGf-rymPhb-clz4Ic-OWXEXe-YbohUe-M1Soyc{margin-left:116px;margin-right:0;width:calc(100% - 116px)}[dir=rtl] .VfPpkd-StrnGf-rymPhb-OWXEXe-aTv5jf-rymPhb .VfPpkd-StrnGf-rymPhb-clz4Ic-OWXEXe-YbohUe-M1Soyc,.VfPpkd-StrnGf-rymPhb-OWXEXe-aTv5jf-rymPhb .VfPpkd-StrnGf-rymPhb-clz4Ic-OWXEXe-YbohUe-M1Soyc[dir=rtl]{margin-left:0;margin-right:116px}.VfPpkd-StrnGf-rymPhb-OWXEXe-aTv5jf-rymPhb .VfPpkd-StrnGf-rymPhb-clz4Ic-OWXEXe-YbohUe-UbuQg{width:calc(100% - 16px)}.VfPpkd-StrnGf-rymPhb-OWXEXe-aTv5jf-rymPhb .VfPpkd-StrnGf-rymPhb-clz4Ic-OWXEXe-YbohUe-M1Soyc.VfPpkd-StrnGf-rymPhb-clz4Ic-OWXEXe-YbohUe-UbuQg{margin-left:116px;margin-right:0;width:calc(100% - 132px)}[dir=rtl] .VfPpkd-StrnGf-rymPhb-OWXEXe-aTv5jf-rymPhb .VfPpkd-StrnGf-rymPhb-clz4Ic-OWXEXe-YbohUe-M1Soyc.VfPpkd-StrnGf-rymPhb-clz4Ic-OWXEXe-YbohUe-UbuQg,.VfPpkd-StrnGf-rymPhb-OWXEXe-aTv5jf-rymPhb .VfPpkd-StrnGf-rymPhb-clz4Ic-OWXEXe-YbohUe-M1Soyc.VfPpkd-StrnGf-rymPhb-clz4Ic-OWXEXe-YbohUe-UbuQg[dir=rtl]{margin-left:0;margin-right:116px}.VfPpkd-StrnGf-rymPhb-OWXEXe-aTv5jf-rymPhb .VfPpkd-StrnGf-rymPhb-clz4Ic-OWXEXe-YbohUe-M1Soyc.VfPpkd-StrnGf-rymPhb-clz4Ic-OWXEXe-QFlW2{margin-left:0;margin-right:0;width:100%}[dir=rtl] .VfPpkd-StrnGf-rymPhb-OWXEXe-aTv5jf-rymPhb .VfPpkd-StrnGf-rymPhb-clz4Ic-OWXEXe-YbohUe-M1Soyc.VfPpkd-StrnGf-rymPhb-clz4Ic-OWXEXe-QFlW2,.VfPpkd-StrnGf-rymPhb-OWXEXe-aTv5jf-rymPhb .VfPpkd-StrnGf-rymPhb-clz4Ic-OWXEXe-YbohUe-M1Soyc.VfPpkd-StrnGf-rymPhb-clz4Ic-OWXEXe-QFlW2[dir=rtl]{margin-left:0;margin-right:0}.VfPpkd-StrnGf-rymPhb-OWXEXe-aTv5jf-rymPhb .VfPpkd-StrnGf-rymPhb-clz4Ic-OWXEXe-YbohUe-M1Soyc.VfPpkd-StrnGf-rymPhb-clz4Ic-OWXEXe-YbohUe-UbuQg.VfPpkd-StrnGf-rymPhb-clz4Ic-OWXEXe-YbohUe-QFlW2{margin-left:0;margin-right:0;width:calc(100% - 16px)}[dir=rtl] .VfPpkd-StrnGf-rymPhb-OWXEXe-aTv5jf-rymPhb .VfPpkd-StrnGf-rymPhb-clz4Ic-OWXEXe-YbohUe-M1Soyc.VfPpkd-StrnGf-rymPhb-clz4Ic-OWXEXe-YbohUe-UbuQg.VfPpkd-StrnGf-rymPhb-clz4Ic-OWXEXe-YbohUe-QFlW2,.VfPpkd-StrnGf-rymPhb-OWXEXe-aTv5jf-rymPhb .VfPpkd-StrnGf-rymPhb-clz4Ic-OWXEXe-YbohUe-M1Soyc.VfPpkd-StrnGf-rymPhb-clz4Ic-OWXEXe-YbohUe-UbuQg.VfPpkd-StrnGf-rymPhb-clz4Ic-OWXEXe-YbohUe-QFlW2[dir=rtl]{margin-left:0;margin-right:0}.VfPpkd-StrnGf-rymPhb-JNdkSc .VfPpkd-StrnGf-rymPhb{padding:0}.VfPpkd-StrnGf-rymPhb-oT7voc{-moz-osx-font-smoothing:grayscale;-webkit-font-smoothing:antialiased;font-family:Roboto,sans-serif;font-family:var(--mdc-typography-subtitle1-font-family,var(--mdc-typography-font-family,Roboto,sans-serif));font-size:1rem;font-size:var(--mdc-typography-subtitle1-font-size,1rem);line-height:1.75rem;line-height:var(--mdc-typography-subtitle1-line-height,1.75rem);font-weight:400;font-weight:var(--mdc-typography-subtitle1-font-weight,400);letter-spacing:.009375em;letter-spacing:var(--mdc-typography-subtitle1-letter-spacing,.009375em);text-decoration:inherit;-webkit-text-decoration:var(--mdc-typography-subtitle1-text-decoration,inherit);text-decoration:var(--mdc-typography-subtitle1-text-decoration,inherit);text-transform:inherit;text-transform:var(--mdc-typography-subtitle1-text-transform,inherit);margin:.75rem 16px}.VfPpkd-rymPhb-Gtdoyb,.VfPpkd-rymPhb-fpDzbe-fmcmS{color:rgba(0,0,0,.87);color:var(--mdc-theme-text-primary-on-background,rgba(0,0,0,.87))}.VfPpkd-rymPhb-L8ivfd-fmcmS{color:rgba(0,0,0,.54);color:var(--mdc-theme-text-secondary-on-background,rgba(0,0,0,.54))}.VfPpkd-rymPhb-bC5pod-fmcmS{color:rgba(0,0,0,.38);color:var(--mdc-theme-text-hint-on-background,rgba(0,0,0,.38))}.VfPpkd-rymPhb-ibnC6b-OWXEXe-SfQLQb-M1Soyc-Bz112c .VfPpkd-rymPhb-KkROqb,.VfPpkd-rymPhb-ibnC6b-OWXEXe-SfQLQb-UbuQg-Bz112c .VfPpkd-rymPhb-JMEf7e{background-color:transparent}.VfPpkd-rymPhb-ibnC6b-OWXEXe-SfQLQb-M1Soyc-Bz112c .VfPpkd-rymPhb-KkROqb,.VfPpkd-rymPhb-ibnC6b-OWXEXe-SfQLQb-UbuQg-Bz112c .VfPpkd-rymPhb-JMEf7e{color:rgba(0,0,0,.38);color:var(--mdc-theme-text-icon-on-background,rgba(0,0,0,.38))}.VfPpkd-rymPhb-JMEf7e{color:rgba(0,0,0,.38);color:var(--mdc-theme-text-hint-on-background,rgba(0,0,0,.38))}.VfPpkd-rymPhb-ibnC6b-OWXEXe-OWB6Me .VfPpkd-rymPhb-KkROqb,.VfPpkd-rymPhb-ibnC6b-OWXEXe-OWB6Me .VfPpkd-rymPhb-Gtdoyb,.VfPpkd-rymPhb-ibnC6b-OWXEXe-OWB6Me .VfPpkd-rymPhb-JMEf7e{opacity:.38}.VfPpkd-rymPhb-ibnC6b-OWXEXe-OWB6Me .VfPpkd-rymPhb-Gtdoyb,.VfPpkd-rymPhb-ibnC6b-OWXEXe-OWB6Me .VfPpkd-rymPhb-fpDzbe-fmcmS{color:#000;color:var(--mdc-theme-on-surface,#000)}.VfPpkd-rymPhb-ibnC6b-OWXEXe-OWB6Me .VfPpkd-rymPhb-L8ivfd-fmcmS{color:#000;color:var(--mdc-theme-on-surface,#000)}.VfPpkd-rymPhb-ibnC6b-OWXEXe-OWB6Me .VfPpkd-rymPhb-bC5pod-fmcmS{color:#000;color:var(--mdc-theme-on-surface,#000)}.VfPpkd-rymPhb-ibnC6b-OWXEXe-OWB6Me.VfPpkd-rymPhb-ibnC6b-OWXEXe-SfQLQb-M1Soyc-Bz112c .VfPpkd-rymPhb-KkROqb{color:#000;color:var(--mdc-theme-on-surface,#000)}.VfPpkd-rymPhb-ibnC6b-OWXEXe-OWB6Me.VfPpkd-rymPhb-ibnC6b-OWXEXe-SfQLQb-UbuQg-Bz112c .VfPpkd-rymPhb-JMEf7e{color:#000;color:var(--mdc-theme-on-surface,#000)}.VfPpkd-rymPhb-ibnC6b-OWXEXe-OWB6Me.VfPpkd-rymPhb-ibnC6b-OWXEXe-SfQLQb-UbuQg-r4m2rf .VfPpkd-rymPhb-JMEf7e{color:#000;color:var(--mdc-theme-on-surface,#000)}.VfPpkd-rymPhb-ibnC6b-OWXEXe-gk6SMd .VfPpkd-rymPhb-Gtdoyb,.VfPpkd-rymPhb-ibnC6b-OWXEXe-gk6SMd .VfPpkd-rymPhb-fpDzbe-fmcmS,.VfPpkd-rymPhb-ibnC6b-OWXEXe-pXU01b .VfPpkd-rymPhb-Gtdoyb,.VfPpkd-rymPhb-ibnC6b-OWXEXe-pXU01b .VfPpkd-rymPhb-fpDzbe-fmcmS{color:#6200ee;color:var(--mdc-theme-primary,#6200ee)}.VfPpkd-rymPhb-ibnC6b-OWXEXe-gk6SMd.VfPpkd-rymPhb-ibnC6b-OWXEXe-SfQLQb-M1Soyc-Bz112c .VfPpkd-rymPhb-KkROqb,.VfPpkd-rymPhb-ibnC6b-OWXEXe-pXU01b.VfPpkd-rymPhb-ibnC6b-OWXEXe-SfQLQb-M1Soyc-Bz112c .VfPpkd-rymPhb-KkROqb{color:#6200ee;color:var(--mdc-theme-primary,#6200ee)}.VfPpkd-StrnGf-rymPhb-oT7voc{color:rgba(0,0,0,.87);color:var(--mdc-theme-text-primary-on-background,rgba(0,0,0,.87))}.VfPpkd-rymPhb-clz4Ic::after{border-bottom-color:white}.VfPpkd-rymPhb{-moz-osx-font-smoothing:grayscale;-webkit-font-smoothing:antialiased;font-family:Roboto,sans-serif;font-family:var(--mdc-typography-subtitle1-font-family,var(--mdc-typography-font-family,Roboto,sans-serif));font-size:1rem;font-size:var(--mdc-typography-subtitle1-font-size,1rem);line-height:1.75rem;line-height:var(--mdc-typography-subtitle1-line-height,1.75rem);font-weight:400;font-weight:var(--mdc-typography-subtitle1-font-weight,400);letter-spacing:.009375em;letter-spacing:var(--mdc-typography-subtitle1-letter-spacing,.009375em);text-decoration:inherit;-webkit-text-decoration:var(--mdc-typography-subtitle1-text-decoration,inherit);text-decoration:var(--mdc-typography-subtitle1-text-decoration,inherit);text-transform:inherit;text-transform:var(--mdc-typography-subtitle1-text-transform,inherit);line-height:1.5rem}.VfPpkd-rymPhb-fpDzbe-fmcmS{-moz-osx-font-smoothing:grayscale;-webkit-font-smoothing:antialiased;font-family:Roboto,sans-serif;font-family:var(--mdc-typography-subtitle1-font-family,var(--mdc-typography-font-family,Roboto,sans-serif));font-size:1rem;font-size:var(--mdc-typography-subtitle1-font-size,1rem);line-height:1.75rem;line-height:var(--mdc-typography-subtitle1-line-height,1.75rem);font-weight:400;font-weight:var(--mdc-typography-subtitle1-font-weight,400);letter-spacing:.009375em;letter-spacing:var(--mdc-typography-subtitle1-letter-spacing,.009375em);text-decoration:inherit;-webkit-text-decoration:var(--mdc-typography-subtitle1-text-decoration,inherit);text-decoration:var(--mdc-typography-subtitle1-text-decoration,inherit);text-transform:inherit;text-transform:var(--mdc-typography-subtitle1-text-transform,inherit)}.VfPpkd-rymPhb-L8ivfd-fmcmS{-moz-osx-font-smoothing:grayscale;-webkit-font-smoothing:antialiased;font-family:Roboto,sans-serif;font-family:var(--mdc-typography-body2-font-family,var(--mdc-typography-font-family,Roboto,sans-serif));font-size:.875rem;font-size:var(--mdc-typography-body2-font-size,.875rem);line-height:1.25rem;line-height:var(--mdc-typography-body2-line-height,1.25rem);font-weight:400;font-weight:var(--mdc-typography-body2-font-weight,400);letter-spacing:.0178571429em;letter-spacing:var(--mdc-typography-body2-letter-spacing,.0178571429em);text-decoration:inherit;-webkit-text-decoration:var(--mdc-typography-body2-text-decoration,inherit);text-decoration:var(--mdc-typography-body2-text-decoration,inherit);text-transform:inherit;text-transform:var(--mdc-typography-body2-text-transform,inherit)}.VfPpkd-rymPhb-bC5pod-fmcmS{-moz-osx-font-smoothing:grayscale;-webkit-font-smoothing:antialiased;font-family:Roboto,sans-serif;font-family:var(--mdc-typography-overline-font-family,var(--mdc-typography-font-family,Roboto,sans-serif));font-size:.75rem;font-size:var(--mdc-typography-overline-font-size,.75rem);line-height:2rem;line-height:var(--mdc-typography-overline-line-height,2rem);font-weight:500;font-weight:var(--mdc-typography-overline-font-weight,500);letter-spacing:.1666666667em;letter-spacing:var(--mdc-typography-overline-letter-spacing,.1666666667em);text-decoration:none;-webkit-text-decoration:var(--mdc-typography-overline-text-decoration,none);text-decoration:var(--mdc-typography-overline-text-decoration,none);text-transform:uppercase;text-transform:var(--mdc-typography-overline-text-transform,uppercase)}.VfPpkd-rymPhb-ibnC6b-OWXEXe-SfQLQb-M1Soyc-YLEF4c .VfPpkd-rymPhb-KkROqb{width:40px;height:40px}.VfPpkd-rymPhb-ibnC6b-OWXEXe-SfQLQb-M1Soyc-Bz112c .VfPpkd-rymPhb-KkROqb{width:24px;height:24px}.VfPpkd-rymPhb-ibnC6b-OWXEXe-SfQLQb-M1Soyc-JUCs7e .VfPpkd-rymPhb-KkROqb{width:40px;height:40px}.VfPpkd-rymPhb-ibnC6b-OWXEXe-SfQLQb-M1Soyc-HiaYvf .VfPpkd-rymPhb-KkROqb{width:56px;height:56px}.VfPpkd-rymPhb-ibnC6b-OWXEXe-SfQLQb-M1Soyc-aTv5jf .VfPpkd-rymPhb-KkROqb{width:100px;height:56px}.VfPpkd-rymPhb-ibnC6b-OWXEXe-SfQLQb-M1Soyc-MPu53c .VfPpkd-rymPhb-KkROqb,.VfPpkd-rymPhb-ibnC6b-OWXEXe-SfQLQb-M1Soyc-GCYh9b .VfPpkd-rymPhb-KkROqb{width:40px;height:40px}.VfPpkd-rymPhb-ibnC6b-OWXEXe-SfQLQb-M1Soyc-scr2fc .VfPpkd-rymPhb-KkROqb{width:36px;height:20px}.VfPpkd-rymPhb-ibnC6b-OWXEXe-SfQLQb-UbuQg-Bz112c .VfPpkd-rymPhb-JMEf7e{width:24px;height:24px}.VfPpkd-rymPhb-ibnC6b-OWXEXe-SfQLQb-UbuQg-MPu53c .VfPpkd-rymPhb-JMEf7e,.VfPpkd-rymPhb-ibnC6b-OWXEXe-SfQLQb-UbuQg-GCYh9b .VfPpkd-rymPhb-JMEf7e{width:40px;height:40px}.VfPpkd-rymPhb-ibnC6b-OWXEXe-SfQLQb-UbuQg-scr2fc .VfPpkd-rymPhb-JMEf7e{width:36px;height:20px}.VfPpkd-rymPhb-oT7voc{-moz-osx-font-smoothing:grayscale;-webkit-font-smoothing:antialiased;font-family:Roboto,sans-serif;font-family:var(--mdc-typography-subtitle1-font-family,var(--mdc-typography-font-family,Roboto,sans-serif));font-size:1rem;font-size:var(--mdc-typography-subtitle1-font-size,1rem);line-height:1.75rem;line-height:var(--mdc-typography-subtitle1-line-height,1.75rem);font-weight:400;font-weight:var(--mdc-typography-subtitle1-font-weight,400);letter-spacing:.009375em;letter-spacing:var(--mdc-typography-subtitle1-letter-spacing,.009375em);text-decoration:inherit;-webkit-text-decoration:var(--mdc-typography-subtitle1-text-decoration,inherit);text-decoration:var(--mdc-typography-subtitle1-text-decoration,inherit);text-transform:inherit;text-transform:var(--mdc-typography-subtitle1-text-transform,inherit)}.VfPpkd-rymPhb-clz4Ic{background-color:rgba(0,0,0,.12)}.VfPpkd-rymPhb-clz4Ic{height:1px}@media (-ms-high-contrast:active),screen and (forced-colors:active){.VfPpkd-rymPhb-clz4Ic::after{content:"";display:block;border-bottom-width:1px;border-bottom-style:solid}}.VfPpkd-rymPhb{margin:0;padding:8px 0;list-style-type:none}.VfPpkd-rymPhb:focus{outline:none}.VfPpkd-rymPhb-Tkg0ld{display:block}.VfPpkd-rymPhb-ibnC6b{display:flex;position:relative;align-items:center;justify-content:flex-start;overflow:hidden;padding:0;align-items:stretch;cursor:pointer}.VfPpkd-rymPhb-ibnC6b:focus{outline:none}.VfPpkd-rymPhb-ibnC6b.VfPpkd-rymPhb-ibnC6b-OWXEXe-SfQLQb-Woal0c-RWgCYc{height:48px}.VfPpkd-rymPhb-ibnC6b.VfPpkd-rymPhb-ibnC6b-OWXEXe-SfQLQb-aSi1db-MCEKJb{height:64px}.VfPpkd-rymPhb-ibnC6b.VfPpkd-rymPhb-ibnC6b-OWXEXe-SfQLQb-vfifzc-MCEKJb{height:88px}.VfPpkd-rymPhb-ibnC6b.VfPpkd-rymPhb-ibnC6b-OWXEXe-SfQLQb-Woal0c-RWgCYc .VfPpkd-rymPhb-KkROqb{align-self:center;margin-top:0}.VfPpkd-rymPhb-ibnC6b.VfPpkd-rymPhb-ibnC6b-OWXEXe-SfQLQb-aSi1db-MCEKJb .VfPpkd-rymPhb-KkROqb,.VfPpkd-rymPhb-ibnC6b.VfPpkd-rymPhb-ibnC6b-OWXEXe-SfQLQb-vfifzc-MCEKJb .VfPpkd-rymPhb-KkROqb{align-self:flex-start;margin-top:16px}.VfPpkd-rymPhb-ibnC6b.VfPpkd-rymPhb-ibnC6b-OWXEXe-SfQLQb-Woal0c-RWgCYc .VfPpkd-rymPhb-JMEf7e,.VfPpkd-rymPhb-ibnC6b.VfPpkd-rymPhb-ibnC6b-OWXEXe-SfQLQb-aSi1db-MCEKJb .VfPpkd-rymPhb-JMEf7e{align-self:center;margin-top:0}.VfPpkd-rymPhb-ibnC6b.VfPpkd-rymPhb-ibnC6b-OWXEXe-SfQLQb-vfifzc-MCEKJb .VfPpkd-rymPhb-JMEf7e{align-self:flex-start;margin-top:16px}.VfPpkd-rymPhb-ibnC6b.VfPpkd-rymPhb-ibnC6b-OWXEXe-OWB6Me,.VfPpkd-rymPhb-ibnC6b.VfPpkd-rymPhb-ibnC6b-OWXEXe-tPcied-hXIJHe{cursor:auto}.VfPpkd-rymPhb-ibnC6b:not(.VfPpkd-rymPhb-ibnC6b-OWXEXe-gk6SMd):focus::before,.VfPpkd-rymPhb-ibnC6b.VfPpkd-ksKsZd-mWPk3d-OWXEXe-AHe6Kc-XpnDCe::before{position:absolute;box-sizing:border-box;width:100%;height:100%;top:0;left:0;border:1px solid transparent;border-radius:inherit;content:"";pointer-events:none}@media screen and (forced-colors:active){.VfPpkd-rymPhb-ibnC6b:not(.VfPpkd-rymPhb-ibnC6b-OWXEXe-gk6SMd):focus::before,.VfPpkd-rymPhb-ibnC6b.VfPpkd-ksKsZd-mWPk3d-OWXEXe-AHe6Kc-XpnDCe::before{border-color:CanvasText}}.VfPpkd-rymPhb-ibnC6b.VfPpkd-rymPhb-ibnC6b-OWXEXe-gk6SMd::before{position:absolute;box-sizing:border-box;width:100%;height:100%;top:0;left:0;border:3px double transparent;border-radius:inherit;content:"";pointer-events:none}@media screen and (forced-colors:active){.VfPpkd-rymPhb-ibnC6b.VfPpkd-rymPhb-ibnC6b-OWXEXe-gk6SMd::before{border-color:CanvasText}}.VfPpkd-rymPhb-ibnC6b.VfPpkd-rymPhb-ibnC6b-OWXEXe-gk6SMd:focus::before{position:absolute;box-sizing:border-box;width:100%;height:100%;top:0;left:0;border:3px solid transparent;border-radius:inherit;content:"";pointer-events:none}@media screen and (forced-colors:active){.VfPpkd-rymPhb-ibnC6b.VfPpkd-rymPhb-ibnC6b-OWXEXe-gk6SMd:focus::before{border-color:CanvasText}}a.VfPpkd-rymPhb-ibnC6b{color:inherit;text-decoration:none}.VfPpkd-rymPhb-KkROqb{fill:currentColor;flex-shrink:0;pointer-events:none}.VfPpkd-rymPhb-JMEf7e{flex-shrink:0;pointer-events:none}.VfPpkd-rymPhb-Gtdoyb{text-overflow:ellipsis;white-space:nowrap;overflow:hidden;align-self:center;flex:1;pointer-events:none}.VfPpkd-rymPhb-ibnC6b-OWXEXe-SfQLQb-aSi1db-MCEKJb .VfPpkd-rymPhb-Gtdoyb,.VfPpkd-rymPhb-ibnC6b-OWXEXe-SfQLQb-vfifzc-MCEKJb .VfPpkd-rymPhb-Gtdoyb{align-self:stretch}.VfPpkd-rymPhb-Gtdoyb[for]{pointer-events:none}.VfPpkd-rymPhb-fpDzbe-fmcmS{text-overflow:ellipsis;white-space:nowrap;overflow:hidden}.VfPpkd-rymPhb-ibnC6b-OWXEXe-SfQLQb-aSi1db-MCEKJb .VfPpkd-rymPhb-fpDzbe-fmcmS,.VfPpkd-rymPhb-ibnC6b-OWXEXe-SfQLQb-vfifzc-MCEKJb .VfPpkd-rymPhb-fpDzbe-fmcmS{display:block;margin-top:0;line-height:normal;margin-bottom:-20px}.VfPpkd-rymPhb-ibnC6b-OWXEXe-SfQLQb-aSi1db-MCEKJb .VfPpkd-rymPhb-fpDzbe-fmcmS::before,.VfPpkd-rymPhb-ibnC6b-OWXEXe-SfQLQb-vfifzc-MCEKJb .VfPpkd-rymPhb-fpDzbe-fmcmS::before{display:inline-block;width:0;height:28px;content:"";vertical-align:0}.VfPpkd-rymPhb-ibnC6b-OWXEXe-SfQLQb-aSi1db-MCEKJb .VfPpkd-rymPhb-fpDzbe-fmcmS::after,.VfPpkd-rymPhb-ibnC6b-OWXEXe-SfQLQb-vfifzc-MCEKJb .VfPpkd-rymPhb-fpDzbe-fmcmS::after{display:inline-block;width:0;height:20px;content:"";vertical-align:-20px}.VfPpkd-rymPhb-L8ivfd-fmcmS{text-overflow:ellipsis;white-space:nowrap;overflow:hidden;display:block;margin-top:0;line-height:normal}.VfPpkd-rymPhb-L8ivfd-fmcmS::before{display:inline-block;width:0;height:20px;content:"";vertical-align:0}.VfPpkd-rymPhb-ibnC6b-OWXEXe-SfQLQb-vfifzc-MCEKJb .VfPpkd-rymPhb-L8ivfd-fmcmS{white-space:normal;line-height:20px}.VfPpkd-rymPhb-ibnC6b-OWXEXe-SfQLQb-BYmFj .VfPpkd-rymPhb-L8ivfd-fmcmS{white-space:nowrap;line-height:auto}.VfPpkd-rymPhb-bC5pod-fmcmS{text-overflow:ellipsis;white-space:nowrap;overflow:hidden}.VfPpkd-rymPhb-ibnC6b-OWXEXe-SfQLQb-aSi1db-MCEKJb .VfPpkd-rymPhb-bC5pod-fmcmS{display:block;margin-top:0;line-height:normal;margin-bottom:-20px}.VfPpkd-rymPhb-ibnC6b-OWXEXe-SfQLQb-aSi1db-MCEKJb .VfPpkd-rymPhb-bC5pod-fmcmS::before{display:inline-block;width:0;height:24px;content:"";vertical-align:0}.VfPpkd-rymPhb-ibnC6b-OWXEXe-SfQLQb-aSi1db-MCEKJb .VfPpkd-rymPhb-bC5pod-fmcmS::after{display:inline-block;width:0;height:20px;content:"";vertical-align:-20px}.VfPpkd-rymPhb-ibnC6b-OWXEXe-SfQLQb-vfifzc-MCEKJb .VfPpkd-rymPhb-bC5pod-fmcmS{display:block;margin-top:0;line-height:normal;margin-bottom:-20px}.VfPpkd-rymPhb-ibnC6b-OWXEXe-SfQLQb-vfifzc-MCEKJb .VfPpkd-rymPhb-bC5pod-fmcmS::before{display:inline-block;width:0;height:28px;content:"";vertical-align:0}.VfPpkd-rymPhb-ibnC6b-OWXEXe-SfQLQb-vfifzc-MCEKJb .VfPpkd-rymPhb-bC5pod-fmcmS::after{display:inline-block;width:0;height:20px;content:"";vertical-align:-20px}.VfPpkd-rymPhb-ibnC6b-OWXEXe-SfQLQb-M1Soyc-YLEF4c.VfPpkd-rymPhb-ibnC6b{padding-left:0;padding-right:auto}[dir=rtl] .VfPpkd-rymPhb-ibnC6b-OWXEXe-SfQLQb-M1Soyc-YLEF4c.VfPpkd-rymPhb-ibnC6b,.VfPpkd-rymPhb-ibnC6b-OWXEXe-SfQLQb-M1Soyc-YLEF4c.VfPpkd-rymPhb-ibnC6b[dir=rtl]{padding-left:auto;padding-right:0}.VfPpkd-rymPhb-ibnC6b-OWXEXe-SfQLQb-M1Soyc-YLEF4c .VfPpkd-rymPhb-KkROqb{margin-left:16px;margin-right:16px}[dir=rtl] .VfPpkd-rymPhb-ibnC6b-OWXEXe-SfQLQb-M1Soyc-YLEF4c .VfPpkd-rymPhb-KkROqb,.VfPpkd-rymPhb-ibnC6b-OWXEXe-SfQLQb-M1Soyc-YLEF4c .VfPpkd-rymPhb-KkROqb[dir=rtl]{margin-left:16px;margin-right:16px}.VfPpkd-rymPhb-ibnC6b-OWXEXe-SfQLQb-M1Soyc-YLEF4c.VfPpkd-rymPhb-ibnC6b-OWXEXe-SfQLQb-aSi1db-MCEKJb .VfPpkd-rymPhb-fpDzbe-fmcmS{display:block;margin-top:0;line-height:normal;margin-bottom:-20px}.VfPpkd-rymPhb-ibnC6b-OWXEXe-SfQLQb-M1Soyc-YLEF4c.VfPpkd-rymPhb-ibnC6b-OWXEXe-SfQLQb-aSi1db-MCEKJb .VfPpkd-rymPhb-fpDzbe-fmcmS::before{display:inline-block;width:0;height:32px;content:"";vertical-align:0}.VfPpkd-rymPhb-ibnC6b-OWXEXe-SfQLQb-M1Soyc-YLEF4c.VfPpkd-rymPhb-ibnC6b-OWXEXe-SfQLQb-aSi1db-MCEKJb .VfPpkd-rymPhb-fpDzbe-fmcmS::after{display:inline-block;width:0;height:20px;content:"";vertical-align:-20px}.VfPpkd-rymPhb-ibnC6b-OWXEXe-SfQLQb-M1Soyc-YLEF4c.VfPpkd-rymPhb-ibnC6b-OWXEXe-SfQLQb-aSi1db-MCEKJb .VfPpkd-rymPhb-bC5pod-fmcmS{display:block;margin-top:0;line-height:normal;margin-bottom:-20px}.VfPpkd-rymPhb-ibnC6b-OWXEXe-SfQLQb-M1Soyc-YLEF4c.VfPpkd-rymPhb-ibnC6b-OWXEXe-SfQLQb-aSi1db-MCEKJb .VfPpkd-rymPhb-bC5pod-fmcmS::before{display:inline-block;width:0;height:28px;content:"";vertical-align:0}.VfPpkd-rymPhb-ibnC6b-OWXEXe-SfQLQb-M1Soyc-YLEF4c.VfPpkd-rymPhb-ibnC6b-OWXEXe-SfQLQb-aSi1db-MCEKJb .VfPpkd-rymPhb-bC5pod-fmcmS::after{display:inline-block;width:0;height:20px;content:"";vertical-align:-20px}.VfPpkd-rymPhb-ibnC6b-OWXEXe-SfQLQb-M1Soyc-YLEF4c.VfPpkd-rymPhb-ibnC6b-OWXEXe-SfQLQb-aSi1db-MCEKJb.VfPpkd-rymPhb-ibnC6b-OWXEXe-SfQLQb-UbuQg-r4m2rf .VfPpkd-rymPhb-JMEf7e{display:block;margin-top:0;line-height:normal}.VfPpkd-rymPhb-ibnC6b-OWXEXe-SfQLQb-M1Soyc-YLEF4c.VfPpkd-rymPhb-ibnC6b-OWXEXe-SfQLQb-aSi1db-MCEKJb.VfPpkd-rymPhb-ibnC6b-OWXEXe-SfQLQb-UbuQg-r4m2rf .VfPpkd-rymPhb-JMEf7e::before{display:inline-block;width:0;height:32px;content:"";vertical-align:0}.VfPpkd-rymPhb-ibnC6b-OWXEXe-SfQLQb-M1Soyc-YLEF4c.VfPpkd-rymPhb-ibnC6b-OWXEXe-SfQLQb-Woal0c-RWgCYc{height:56px}.VfPpkd-rymPhb-ibnC6b-OWXEXe-SfQLQb-M1Soyc-YLEF4c.VfPpkd-rymPhb-ibnC6b-OWXEXe-SfQLQb-aSi1db-MCEKJb{height:72px}.VfPpkd-rymPhb-ibnC6b-OWXEXe-SfQLQb-M1Soyc-YLEF4c .VfPpkd-rymPhb-KkROqb{border-radius:50%}.VfPpkd-rymPhb-ibnC6b-OWXEXe-SfQLQb-M1Soyc-Bz112c.VfPpkd-rymPhb-ibnC6b{padding-left:0;padding-right:auto}[dir=rtl] .VfPpkd-rymPhb-ibnC6b-OWXEXe-SfQLQb-M1Soyc-Bz112c.VfPpkd-rymPhb-ibnC6b,.VfPpkd-rymPhb-ibnC6b-OWXEXe-SfQLQb-M1Soyc-Bz112c.VfPpkd-rymPhb-ibnC6b[dir=rtl]{padding-left:auto;padding-right:0}.VfPpkd-rymPhb-ibnC6b-OWXEXe-SfQLQb-M1Soyc-Bz112c .VfPpkd-rymPhb-KkROqb{margin-left:16px;margin-right:32px}[dir=rtl] .VfPpkd-rymPhb-ibnC6b-OWXEXe-SfQLQb-M1Soyc-Bz112c .VfPpkd-rymPhb-KkROqb,.VfPpkd-rymPhb-ibnC6b-OWXEXe-SfQLQb-M1Soyc-Bz112c .VfPpkd-rymPhb-KkROqb[dir=rtl]{margin-left:32px;margin-right:16px}.VfPpkd-rymPhb-ibnC6b-OWXEXe-SfQLQb-M1Soyc-Bz112c.VfPpkd-rymPhb-ibnC6b-OWXEXe-SfQLQb-aSi1db-MCEKJb .VfPpkd-rymPhb-fpDzbe-fmcmS{display:block;margin-top:0;line-height:normal;margin-bottom:-20px}.VfPpkd-rymPhb-ibnC6b-OWXEXe-SfQLQb-M1Soyc-Bz112c.VfPpkd-rymPhb-ibnC6b-OWXEXe-SfQLQb-aSi1db-MCEKJb .VfPpkd-rymPhb-fpDzbe-fmcmS::before{display:inline-block;width:0;height:32px;content:"";vertical-align:0}.VfPpkd-rymPhb-ibnC6b-OWXEXe-SfQLQb-M1Soyc-Bz112c.VfPpkd-rymPhb-ibnC6b-OWXEXe-SfQLQb-aSi1db-MCEKJb .VfPpkd-rymPhb-fpDzbe-fmcmS::after{display:inline-block;width:0;height:20px;content:"";vertical-align:-20px}.VfPpkd-rymPhb-ibnC6b-OWXEXe-SfQLQb-M1Soyc-Bz112c.VfPpkd-rymPhb-ibnC6b-OWXEXe-SfQLQb-aSi1db-MCEKJb .VfPpkd-rymPhb-bC5pod-fmcmS{display:block;margin-top:0;line-height:normal;margin-bottom:-20px}.VfPpkd-rymPhb-ibnC6b-OWXEXe-SfQLQb-M1Soyc-Bz112c.VfPpkd-rymPhb-ibnC6b-OWXEXe-SfQLQb-aSi1db-MCEKJb .VfPpkd-rymPhb-bC5pod-fmcmS::before{display:inline-block;width:0;height:28px;content:"";vertical-align:0}.VfPpkd-rymPhb-ibnC6b-OWXEXe-SfQLQb-M1Soyc-Bz112c.VfPpkd-rymPhb-ibnC6b-OWXEXe-SfQLQb-aSi1db-MCEKJb .VfPpkd-rymPhb-bC5pod-fmcmS::after{display:inline-block;width:0;height:20px;content:"";vertical-align:-20px}.VfPpkd-rymPhb-ibnC6b-OWXEXe-SfQLQb-M1Soyc-Bz112c.VfPpkd-rymPhb-ibnC6b-OWXEXe-SfQLQb-aSi1db-MCEKJb.VfPpkd-rymPhb-ibnC6b-OWXEXe-SfQLQb-UbuQg-r4m2rf .VfPpkd-rymPhb-JMEf7e{display:block;margin-top:0;line-height:normal}.VfPpkd-rymPhb-ibnC6b-OWXEXe-SfQLQb-M1Soyc-Bz112c.VfPpkd-rymPhb-ibnC6b-OWXEXe-SfQLQb-aSi1db-MCEKJb.VfPpkd-rymPhb-ibnC6b-OWXEXe-SfQLQb-UbuQg-r4m2rf .VfPpkd-rymPhb-JMEf7e::before{display:inline-block;width:0;height:32px;content:"";vertical-align:0}.VfPpkd-rymPhb-ibnC6b-OWXEXe-SfQLQb-M1Soyc-Bz112c.VfPpkd-rymPhb-ibnC6b-OWXEXe-SfQLQb-Woal0c-RWgCYc{height:56px}.VfPpkd-rymPhb-ibnC6b-OWXEXe-SfQLQb-M1Soyc-Bz112c.VfPpkd-rymPhb-ibnC6b-OWXEXe-SfQLQb-aSi1db-MCEKJb{height:72px}.VfPpkd-rymPhb-ibnC6b-OWXEXe-SfQLQb-M1Soyc-JUCs7e.VfPpkd-rymPhb-ibnC6b{padding-left:0;padding-right:auto}[dir=rtl] .VfPpkd-rymPhb-ibnC6b-OWXEXe-SfQLQb-M1Soyc-JUCs7e.VfPpkd-rymPhb-ibnC6b,.VfPpkd-rymPhb-ibnC6b-OWXEXe-SfQLQb-M1Soyc-JUCs7e.VfPpkd-rymPhb-ibnC6b[dir=rtl]{padding-left:auto;padding-right:0}.VfPpkd-rymPhb-ibnC6b-OWXEXe-SfQLQb-M1Soyc-JUCs7e .VfPpkd-rymPhb-KkROqb{margin-left:16px;margin-right:16px}[dir=rtl] .VfPpkd-rymPhb-ibnC6b-OWXEXe-SfQLQb-M1Soyc-JUCs7e .VfPpkd-rymPhb-KkROqb,.VfPpkd-rymPhb-ibnC6b-OWXEXe-SfQLQb-M1Soyc-JUCs7e .VfPpkd-rymPhb-KkROqb[dir=rtl]{margin-left:16px;margin-right:16px}.VfPpkd-rymPhb-ibnC6b-OWXEXe-SfQLQb-M1Soyc-JUCs7e.VfPpkd-rymPhb-ibnC6b-OWXEXe-SfQLQb-aSi1db-MCEKJb .VfPpkd-rymPhb-fpDzbe-fmcmS{display:block;margin-top:0;line-height:normal;margin-bottom:-20px}.VfPpkd-rymPhb-ibnC6b-OWXEXe-SfQLQb-M1Soyc-JUCs7e.VfPpkd-rymPhb-ibnC6b-OWXEXe-SfQLQb-aSi1db-MCEKJb .VfPpkd-rymPhb-fpDzbe-fmcmS::before{display:inline-block;width:0;height:32px;content:"";vertical-align:0}.VfPpkd-rymPhb-ibnC6b-OWXEXe-SfQLQb-M1Soyc-JUCs7e.VfPpkd-rymPhb-ibnC6b-OWXEXe-SfQLQb-aSi1db-MCEKJb .VfPpkd-rymPhb-fpDzbe-fmcmS::after{display:inline-block;width:0;height:20px;content:"";vertical-align:-20px}.VfPpkd-rymPhb-ibnC6b-OWXEXe-SfQLQb-M1Soyc-JUCs7e.VfPpkd-rymPhb-ibnC6b-OWXEXe-SfQLQb-aSi1db-MCEKJb .VfPpkd-rymPhb-bC5pod-fmcmS{display:block;margin-top:0;line-height:normal;margin-bottom:-20px}.VfPpkd-rymPhb-ibnC6b-OWXEXe-SfQLQb-M1Soyc-JUCs7e.VfPpkd-rymPhb-ibnC6b-OWXEXe-SfQLQb-aSi1db-MCEKJb .VfPpkd-rymPhb-bC5pod-fmcmS::before{display:inline-block;width:0;height:28px;content:"";vertical-align:0}.VfPpkd-rymPhb-ibnC6b-OWXEXe-SfQLQb-M1Soyc-JUCs7e.VfPpkd-rymPhb-ibnC6b-OWXEXe-SfQLQb-aSi1db-MCEKJb .VfPpkd-rymPhb-bC5pod-fmcmS::after{display:inline-block;width:0;height:20px;content:"";vertical-align:-20px}.VfPpkd-rymPhb-ibnC6b-OWXEXe-SfQLQb-M1Soyc-JUCs7e.VfPpkd-rymPhb-ibnC6b-OWXEXe-SfQLQb-aSi1db-MCEKJb.VfPpkd-rymPhb-ibnC6b-OWXEXe-SfQLQb-UbuQg-r4m2rf .VfPpkd-rymPhb-JMEf7e{display:block;margin-top:0;line-height:normal}.VfPpkd-rymPhb-ibnC6b-OWXEXe-SfQLQb-M1Soyc-JUCs7e.VfPpkd-rymPhb-ibnC6b-OWXEXe-SfQLQb-aSi1db-MCEKJb.VfPpkd-rymPhb-ibnC6b-OWXEXe-SfQLQb-UbuQg-r4m2rf .VfPpkd-rymPhb-JMEf7e::before{display:inline-block;width:0;height:32px;content:"";vertical-align:0}.VfPpkd-rymPhb-ibnC6b-OWXEXe-SfQLQb-M1Soyc-JUCs7e.VfPpkd-rymPhb-ibnC6b-OWXEXe-SfQLQb-Woal0c-RWgCYc{height:56px}.VfPpkd-rymPhb-ibnC6b-OWXEXe-SfQLQb-M1Soyc-JUCs7e.VfPpkd-rymPhb-ibnC6b-OWXEXe-SfQLQb-aSi1db-MCEKJb{height:72px}.VfPpkd-rymPhb-ibnC6b-OWXEXe-SfQLQb-M1Soyc-HiaYvf.VfPpkd-rymPhb-ibnC6b{padding-left:0;padding-right:auto}[dir=rtl] .VfPpkd-rymPhb-ibnC6b-OWXEXe-SfQLQb-M1Soyc-HiaYvf.VfPpkd-rymPhb-ibnC6b,.VfPpkd-rymPhb-ibnC6b-OWXEXe-SfQLQb-M1Soyc-HiaYvf.VfPpkd-rymPhb-ibnC6b[dir=rtl]{padding-left:auto;padding-right:0}.VfPpkd-rymPhb-ibnC6b-OWXEXe-SfQLQb-M1Soyc-HiaYvf .VfPpkd-rymPhb-KkROqb{margin-left:16px;margin-right:16px}[dir=rtl] .VfPpkd-rymPhb-ibnC6b-OWXEXe-SfQLQb-M1Soyc-HiaYvf .VfPpkd-rymPhb-KkROqb,.VfPpkd-rymPhb-ibnC6b-OWXEXe-SfQLQb-M1Soyc-HiaYvf .VfPpkd-rymPhb-KkROqb[dir=rtl]{margin-left:16px;margin-right:16px}.VfPpkd-rymPhb-ibnC6b-OWXEXe-SfQLQb-M1Soyc-HiaYvf.VfPpkd-rymPhb-ibnC6b-OWXEXe-SfQLQb-aSi1db-MCEKJb .VfPpkd-rymPhb-fpDzbe-fmcmS{display:block;margin-top:0;line-height:normal;margin-bottom:-20px}.VfPpkd-rymPhb-ibnC6b-OWXEXe-SfQLQb-M1Soyc-HiaYvf.VfPpkd-rymPhb-ibnC6b-OWXEXe-SfQLQb-aSi1db-MCEKJb .VfPpkd-rymPhb-fpDzbe-fmcmS::before{display:inline-block;width:0;height:32px;content:"";vertical-align:0}.VfPpkd-rymPhb-ibnC6b-OWXEXe-SfQLQb-M1Soyc-HiaYvf.VfPpkd-rymPhb-ibnC6b-OWXEXe-SfQLQb-aSi1db-MCEKJb .VfPpkd-rymPhb-fpDzbe-fmcmS::after{display:inline-block;width:0;height:20px;content:"";vertical-align:-20px}.VfPpkd-rymPhb-ibnC6b-OWXEXe-SfQLQb-M1Soyc-HiaYvf.VfPpkd-rymPhb-ibnC6b-OWXEXe-SfQLQb-aSi1db-MCEKJb .VfPpkd-rymPhb-bC5pod-fmcmS{display:block;margin-top:0;line-height:normal;margin-bottom:-20px}.VfPpkd-rymPhb-ibnC6b-OWXEXe-SfQLQb-M1Soyc-HiaYvf.VfPpkd-rymPhb-ibnC6b-OWXEXe-SfQLQb-aSi1db-MCEKJb .VfPpkd-rymPhb-bC5pod-fmcmS::before{display:inline-block;width:0;height:28px;content:"";vertical-align:0}.VfPpkd-rymPhb-ibnC6b-OWXEXe-SfQLQb-M1Soyc-HiaYvf.VfPpkd-rymPhb-ibnC6b-OWXEXe-SfQLQb-aSi1db-MCEKJb .VfPpkd-rymPhb-bC5pod-fmcmS::after{display:inline-block;width:0;height:20px;content:"";vertical-align:-20px}.VfPpkd-rymPhb-ibnC6b-OWXEXe-SfQLQb-M1Soyc-HiaYvf.VfPpkd-rymPhb-ibnC6b-OWXEXe-SfQLQb-aSi1db-MCEKJb.VfPpkd-rymPhb-ibnC6b-OWXEXe-SfQLQb-UbuQg-r4m2rf .VfPpkd-rymPhb-JMEf7e{display:block;margin-top:0;line-height:normal}.VfPpkd-rymPhb-ibnC6b-OWXEXe-SfQLQb-M1Soyc-HiaYvf.VfPpkd-rymPhb-ibnC6b-OWXEXe-SfQLQb-aSi1db-MCEKJb.VfPpkd-rymPhb-ibnC6b-OWXEXe-SfQLQb-UbuQg-r4m2rf .VfPpkd-rymPhb-JMEf7e::before{display:inline-block;width:0;height:32px;content:"";vertical-align:0}.VfPpkd-rymPhb-ibnC6b-OWXEXe-SfQLQb-M1Soyc-HiaYvf.VfPpkd-rymPhb-ibnC6b-OWXEXe-SfQLQb-Woal0c-RWgCYc,.VfPpkd-rymPhb-ibnC6b-OWXEXe-SfQLQb-M1Soyc-HiaYvf.VfPpkd-rymPhb-ibnC6b-OWXEXe-SfQLQb-aSi1db-MCEKJb{height:72px}.VfPpkd-rymPhb-ibnC6b-OWXEXe-SfQLQb-M1Soyc-aTv5jf.VfPpkd-rymPhb-ibnC6b-OWXEXe-SfQLQb-aSi1db-MCEKJb .VfPpkd-rymPhb-KkROqb{align-self:flex-start;margin-top:8px}.VfPpkd-rymPhb-ibnC6b-OWXEXe-SfQLQb-M1Soyc-aTv5jf.VfPpkd-rymPhb-ibnC6b{padding-left:0;padding-right:auto}[dir=rtl] .VfPpkd-rymPhb-ibnC6b-OWXEXe-SfQLQb-M1Soyc-aTv5jf.VfPpkd-rymPhb-ibnC6b,.VfPpkd-rymPhb-ibnC6b-OWXEXe-SfQLQb-M1Soyc-aTv5jf.VfPpkd-rymPhb-ibnC6b[dir=rtl]{padding-left:auto;padding-right:0}.VfPpkd-rymPhb-ibnC6b-OWXEXe-SfQLQb-M1Soyc-aTv5jf .VfPpkd-rymPhb-KkROqb{margin-left:0;margin-right:16px}[dir=rtl] .VfPpkd-rymPhb-ibnC6b-OWXEXe-SfQLQb-M1Soyc-aTv5jf .VfPpkd-rymPhb-KkROqb,.VfPpkd-rymPhb-ibnC6b-OWXEXe-SfQLQb-M1Soyc-aTv5jf .VfPpkd-rymPhb-KkROqb[dir=rtl]{margin-left:16px;margin-right:0}.VfPpkd-rymPhb-ibnC6b-OWXEXe-SfQLQb-M1Soyc-aTv5jf.VfPpkd-rymPhb-ibnC6b-OWXEXe-SfQLQb-aSi1db-MCEKJb .VfPpkd-rymPhb-fpDzbe-fmcmS{display:block;margin-top:0;line-height:normal;margin-bottom:-20px}.VfPpkd-rymPhb-ibnC6b-OWXEXe-SfQLQb-M1Soyc-aTv5jf.VfPpkd-rymPhb-ibnC6b-OWXEXe-SfQLQb-aSi1db-MCEKJb .VfPpkd-rymPhb-fpDzbe-fmcmS::before{display:inline-block;width:0;height:32px;content:"";vertical-align:0}.VfPpkd-rymPhb-ibnC6b-OWXEXe-SfQLQb-M1Soyc-aTv5jf.VfPpkd-rymPhb-ibnC6b-OWXEXe-SfQLQb-aSi1db-MCEKJb .VfPpkd-rymPhb-fpDzbe-fmcmS::after{display:inline-block;width:0;height:20px;content:"";vertical-align:-20px}.VfPpkd-rymPhb-ibnC6b-OWXEXe-SfQLQb-M1Soyc-aTv5jf.VfPpkd-rymPhb-ibnC6b-OWXEXe-SfQLQb-aSi1db-MCEKJb .VfPpkd-rymPhb-bC5pod-fmcmS{display:block;margin-top:0;line-height:normal;margin-bottom:-20px}.VfPpkd-rymPhb-ibnC6b-OWXEXe-SfQLQb-M1Soyc-aTv5jf.VfPpkd-rymPhb-ibnC6b-OWXEXe-SfQLQb-aSi1db-MCEKJb .VfPpkd-rymPhb-bC5pod-fmcmS::before{display:inline-block;width:0;height:28px;content:"";vertical-align:0}.VfPpkd-rymPhb-ibnC6b-OWXEXe-SfQLQb-M1Soyc-aTv5jf.VfPpkd-rymPhb-ibnC6b-OWXEXe-SfQLQb-aSi1db-MCEKJb .VfPpkd-rymPhb-bC5pod-fmcmS::after{display:inline-block;width:0;height:20px;content:"";vertical-align:-20px}.VfPpkd-rymPhb-ibnC6b-OWXEXe-SfQLQb-M1Soyc-aTv5jf.VfPpkd-rymPhb-ibnC6b-OWXEXe-SfQLQb-aSi1db-MCEKJb.VfPpkd-rymPhb-ibnC6b-OWXEXe-SfQLQb-UbuQg-r4m2rf .VfPpkd-rymPhb-JMEf7e{display:block;margin-top:0;line-height:normal}.VfPpkd-rymPhb-ibnC6b-OWXEXe-SfQLQb-M1Soyc-aTv5jf.VfPpkd-rymPhb-ibnC6b-OWXEXe-SfQLQb-aSi1db-MCEKJb.VfPpkd-rymPhb-ibnC6b-OWXEXe-SfQLQb-UbuQg-r4m2rf .VfPpkd-rymPhb-JMEf7e::before{display:inline-block;width:0;height:32px;content:"";vertical-align:0}.VfPpkd-rymPhb-ibnC6b-OWXEXe-SfQLQb-M1Soyc-aTv5jf.VfPpkd-rymPhb-ibnC6b-OWXEXe-SfQLQb-Woal0c-RWgCYc,.VfPpkd-rymPhb-ibnC6b-OWXEXe-SfQLQb-M1Soyc-aTv5jf.VfPpkd-rymPhb-ibnC6b-OWXEXe-SfQLQb-aSi1db-MCEKJb{height:72px}.VfPpkd-rymPhb-ibnC6b-OWXEXe-SfQLQb-M1Soyc-MPu53c.VfPpkd-rymPhb-ibnC6b{padding-left:0;padding-right:auto}[dir=rtl] .VfPpkd-rymPhb-ibnC6b-OWXEXe-SfQLQb-M1Soyc-MPu53c.VfPpkd-rymPhb-ibnC6b,.VfPpkd-rymPhb-ibnC6b-OWXEXe-SfQLQb-M1Soyc-MPu53c.VfPpkd-rymPhb-ibnC6b[dir=rtl]{padding-left:auto;padding-right:0}.VfPpkd-rymPhb-ibnC6b-OWXEXe-SfQLQb-M1Soyc-MPu53c .VfPpkd-rymPhb-KkROqb{margin-left:8px;margin-right:24px}[dir=rtl] .VfPpkd-rymPhb-ibnC6b-OWXEXe-SfQLQb-M1Soyc-MPu53c .VfPpkd-rymPhb-KkROqb,.VfPpkd-rymPhb-ibnC6b-OWXEXe-SfQLQb-M1Soyc-MPu53c .VfPpkd-rymPhb-KkROqb[dir=rtl]{margin-left:24px;margin-right:8px}.VfPpkd-rymPhb-ibnC6b-OWXEXe-SfQLQb-M1Soyc-MPu53c.VfPpkd-rymPhb-ibnC6b-OWXEXe-SfQLQb-aSi1db-MCEKJb .VfPpkd-rymPhb-KkROqb{align-self:flex-start;margin-top:8px}.VfPpkd-rymPhb-ibnC6b-OWXEXe-SfQLQb-M1Soyc-MPu53c.VfPpkd-rymPhb-ibnC6b-OWXEXe-SfQLQb-aSi1db-MCEKJb .VfPpkd-rymPhb-fpDzbe-fmcmS{display:block;margin-top:0;line-height:normal;margin-bottom:-20px}.VfPpkd-rymPhb-ibnC6b-OWXEXe-SfQLQb-M1Soyc-MPu53c.VfPpkd-rymPhb-ibnC6b-OWXEXe-SfQLQb-aSi1db-MCEKJb .VfPpkd-rymPhb-fpDzbe-fmcmS::before{display:inline-block;width:0;height:32px;content:"";vertical-align:0}.VfPpkd-rymPhb-ibnC6b-OWXEXe-SfQLQb-M1Soyc-MPu53c.VfPpkd-rymPhb-ibnC6b-OWXEXe-SfQLQb-aSi1db-MCEKJb .VfPpkd-rymPhb-fpDzbe-fmcmS::after{display:inline-block;width:0;height:20px;content:"";vertical-align:-20px}.VfPpkd-rymPhb-ibnC6b-OWXEXe-SfQLQb-M1Soyc-MPu53c.VfPpkd-rymPhb-ibnC6b-OWXEXe-SfQLQb-aSi1db-MCEKJb .VfPpkd-rymPhb-bC5pod-fmcmS{display:block;margin-top:0;line-height:normal;margin-bottom:-20px}.VfPpkd-rymPhb-ibnC6b-OWXEXe-SfQLQb-M1Soyc-MPu53c.VfPpkd-rymPhb-ibnC6b-OWXEXe-SfQLQb-aSi1db-MCEKJb .VfPpkd-rymPhb-bC5pod-fmcmS::before{display:inline-block;width:0;height:28px;content:"";vertical-align:0}.VfPpkd-rymPhb-ibnC6b-OWXEXe-SfQLQb-M1Soyc-MPu53c.VfPpkd-rymPhb-ibnC6b-OWXEXe-SfQLQb-aSi1db-MCEKJb .VfPpkd-rymPhb-bC5pod-fmcmS::after{display:inline-block;width:0;height:20px;content:"";vertical-align:-20px}.VfPpkd-rymPhb-ibnC6b-OWXEXe-SfQLQb-M1Soyc-MPu53c.VfPpkd-rymPhb-ibnC6b-OWXEXe-SfQLQb-aSi1db-MCEKJb.VfPpkd-rymPhb-ibnC6b-OWXEXe-SfQLQb-UbuQg-r4m2rf .VfPpkd-rymPhb-JMEf7e{display:block;margin-top:0;line-height:normal}.VfPpkd-rymPhb-ibnC6b-OWXEXe-SfQLQb-M1Soyc-MPu53c.VfPpkd-rymPhb-ibnC6b-OWXEXe-SfQLQb-aSi1db-MCEKJb.VfPpkd-rymPhb-ibnC6b-OWXEXe-SfQLQb-UbuQg-r4m2rf .VfPpkd-rymPhb-JMEf7e::before{display:inline-block;width:0;height:32px;content:"";vertical-align:0}.VfPpkd-rymPhb-ibnC6b-OWXEXe-SfQLQb-M1Soyc-MPu53c.VfPpkd-rymPhb-ibnC6b-OWXEXe-SfQLQb-Woal0c-RWgCYc{height:56px}.VfPpkd-rymPhb-ibnC6b-OWXEXe-SfQLQb-M1Soyc-MPu53c.VfPpkd-rymPhb-ibnC6b-OWXEXe-SfQLQb-aSi1db-MCEKJb{height:72px}.VfPpkd-rymPhb-ibnC6b-OWXEXe-SfQLQb-M1Soyc-GCYh9b.VfPpkd-rymPhb-ibnC6b{padding-left:0;padding-right:auto}[dir=rtl] .VfPpkd-rymPhb-ibnC6b-OWXEXe-SfQLQb-M1Soyc-GCYh9b.VfPpkd-rymPhb-ibnC6b,.VfPpkd-rymPhb-ibnC6b-OWXEXe-SfQLQb-M1Soyc-GCYh9b.VfPpkd-rymPhb-ibnC6b[dir=rtl]{padding-left:auto;padding-right:0}.VfPpkd-rymPhb-ibnC6b-OWXEXe-SfQLQb-M1Soyc-GCYh9b .VfPpkd-rymPhb-KkROqb{margin-left:8px;margin-right:24px}[dir=rtl] .VfPpkd-rymPhb-ibnC6b-OWXEXe-SfQLQb-M1Soyc-GCYh9b .VfPpkd-rymPhb-KkROqb,.VfPpkd-rymPhb-ibnC6b-OWXEXe-SfQLQb-M1Soyc-GCYh9b .VfPpkd-rymPhb-KkROqb[dir=rtl]{margin-left:24px;margin-right:8px}.VfPpkd-rymPhb-ibnC6b-OWXEXe-SfQLQb-M1Soyc-GCYh9b.VfPpkd-rymPhb-ibnC6b-OWXEXe-SfQLQb-aSi1db-MCEKJb .VfPpkd-rymPhb-KkROqb{align-self:flex-start;margin-top:8px}.VfPpkd-rymPhb-ibnC6b-OWXEXe-SfQLQb-M1Soyc-GCYh9b.VfPpkd-rymPhb-ibnC6b-OWXEXe-SfQLQb-aSi1db-MCEKJb .VfPpkd-rymPhb-fpDzbe-fmcmS{display:block;margin-top:0;line-height:normal;margin-bottom:-20px}.VfPpkd-rymPhb-ibnC6b-OWXEXe-SfQLQb-M1Soyc-GCYh9b.VfPpkd-rymPhb-ibnC6b-OWXEXe-SfQLQb-aSi1db-MCEKJb .VfPpkd-rymPhb-fpDzbe-fmcmS::before{display:inline-block;width:0;height:32px;content:"";vertical-align:0}.VfPpkd-rymPhb-ibnC6b-OWXEXe-SfQLQb-M1Soyc-GCYh9b.VfPpkd-rymPhb-ibnC6b-OWXEXe-SfQLQb-aSi1db-MCEKJb .VfPpkd-rymPhb-fpDzbe-fmcmS::after{display:inline-block;width:0;height:20px;content:"";vertical-align:-20px}.VfPpkd-rymPhb-ibnC6b-OWXEXe-SfQLQb-M1Soyc-GCYh9b.VfPpkd-rymPhb-ibnC6b-OWXEXe-SfQLQb-aSi1db-MCEKJb .VfPpkd-rymPhb-bC5pod-fmcmS{display:block;margin-top:0;line-height:normal;margin-bottom:-20px}.VfPpkd-rymPhb-ibnC6b-OWXEXe-SfQLQb-M1Soyc-GCYh9b.VfPpkd-rymPhb-ibnC6b-OWXEXe-SfQLQb-aSi1db-MCEKJb .VfPpkd-rymPhb-bC5pod-fmcmS::before{display:inline-block;width:0;height:28px;content:"";vertical-align:0}.VfPpkd-rymPhb-ibnC6b-OWXEXe-SfQLQb-M1Soyc-GCYh9b.VfPpkd-rymPhb-ibnC6b-OWXEXe-SfQLQb-aSi1db-MCEKJb .VfPpkd-rymPhb-bC5pod-fmcmS::after{display:inline-block;width:0;height:20px;content:"";vertical-align:-20px}.VfPpkd-rymPhb-ibnC6b-OWXEXe-SfQLQb-M1Soyc-GCYh9b.VfPpkd-rymPhb-ibnC6b-OWXEXe-SfQLQb-aSi1db-MCEKJb.VfPpkd-rymPhb-ibnC6b-OWXEXe-SfQLQb-UbuQg-r4m2rf .VfPpkd-rymPhb-JMEf7e{display:block;margin-top:0;line-height:normal}.VfPpkd-rymPhb-ibnC6b-OWXEXe-SfQLQb-M1Soyc-GCYh9b.VfPpkd-rymPhb-ibnC6b-OWXEXe-SfQLQb-aSi1db-MCEKJb.VfPpkd-rymPhb-ibnC6b-OWXEXe-SfQLQb-UbuQg-r4m2rf .VfPpkd-rymPhb-JMEf7e::before{display:inline-block;width:0;height:32px;content:"";vertical-align:0}.VfPpkd-rymPhb-ibnC6b-OWXEXe-SfQLQb-M1Soyc-GCYh9b.VfPpkd-rymPhb-ibnC6b-OWXEXe-SfQLQb-Woal0c-RWgCYc{height:56px}.VfPpkd-rymPhb-ibnC6b-OWXEXe-SfQLQb-M1Soyc-GCYh9b.VfPpkd-rymPhb-ibnC6b-OWXEXe-SfQLQb-aSi1db-MCEKJb{height:72px}.VfPpkd-rymPhb-ibnC6b-OWXEXe-SfQLQb-M1Soyc-scr2fc.VfPpkd-rymPhb-ibnC6b{padding-left:0;padding-right:auto}[dir=rtl] .VfPpkd-rymPhb-ibnC6b-OWXEXe-SfQLQb-M1Soyc-scr2fc.VfPpkd-rymPhb-ibnC6b,.VfPpkd-rymPhb-ibnC6b-OWXEXe-SfQLQb-M1Soyc-scr2fc.VfPpkd-rymPhb-ibnC6b[dir=rtl]{padding-left:auto;padding-right:0}.VfPpkd-rymPhb-ibnC6b-OWXEXe-SfQLQb-M1Soyc-scr2fc .VfPpkd-rymPhb-KkROqb{margin-left:16px;margin-right:16px}[dir=rtl] .VfPpkd-rymPhb-ibnC6b-OWXEXe-SfQLQb-M1Soyc-scr2fc .VfPpkd-rymPhb-KkROqb,.VfPpkd-rymPhb-ibnC6b-OWXEXe-SfQLQb-M1Soyc-scr2fc .VfPpkd-rymPhb-KkROqb[dir=rtl]{margin-left:16px;margin-right:16px}.VfPpkd-rymPhb-ibnC6b-OWXEXe-SfQLQb-M1Soyc-scr2fc.VfPpkd-rymPhb-ibnC6b-OWXEXe-SfQLQb-aSi1db-MCEKJb .VfPpkd-rymPhb-KkROqb{align-self:flex-start;margin-top:16px}.VfPpkd-rymPhb-ibnC6b-OWXEXe-SfQLQb-M1Soyc-scr2fc.VfPpkd-rymPhb-ibnC6b-OWXEXe-SfQLQb-aSi1db-MCEKJb .VfPpkd-rymPhb-fpDzbe-fmcmS{display:block;margin-top:0;line-height:normal;margin-bottom:-20px}.VfPpkd-rymPhb-ibnC6b-OWXEXe-SfQLQb-M1Soyc-scr2fc.VfPpkd-rymPhb-ibnC6b-OWXEXe-SfQLQb-aSi1db-MCEKJb .VfPpkd-rymPhb-fpDzbe-fmcmS::before{display:inline-block;width:0;height:32px;content:"";vertical-align:0}.VfPpkd-rymPhb-ibnC6b-OWXEXe-SfQLQb-M1Soyc-scr2fc.VfPpkd-rymPhb-ibnC6b-OWXEXe-SfQLQb-aSi1db-MCEKJb .VfPpkd-rymPhb-fpDzbe-fmcmS::after{display:inline-block;width:0;height:20px;content:"";vertical-align:-20px}.VfPpkd-rymPhb-ibnC6b-OWXEXe-SfQLQb-M1Soyc-scr2fc.VfPpkd-rymPhb-ibnC6b-OWXEXe-SfQLQb-aSi1db-MCEKJb .VfPpkd-rymPhb-bC5pod-fmcmS{display:block;margin-top:0;line-height:normal;margin-bottom:-20px}.VfPpkd-rymPhb-ibnC6b-OWXEXe-SfQLQb-M1Soyc-scr2fc.VfPpkd-rymPhb-ibnC6b-OWXEXe-SfQLQb-aSi1db-MCEKJb .VfPpkd-rymPhb-bC5pod-fmcmS::before{display:inline-block;width:0;height:28px;content:"";vertical-align:0}.VfPpkd-rymPhb-ibnC6b-OWXEXe-SfQLQb-M1Soyc-scr2fc.VfPpkd-rymPhb-ibnC6b-OWXEXe-SfQLQb-aSi1db-MCEKJb .VfPpkd-rymPhb-bC5pod-fmcmS::after{display:inline-block;width:0;height:20px;content:"";vertical-align:-20px}.VfPpkd-rymPhb-ibnC6b-OWXEXe-SfQLQb-M1Soyc-scr2fc.VfPpkd-rymPhb-ibnC6b-OWXEXe-SfQLQb-aSi1db-MCEKJb.VfPpkd-rymPhb-ibnC6b-OWXEXe-SfQLQb-UbuQg-r4m2rf .VfPpkd-rymPhb-JMEf7e{display:block;margin-top:0;line-height:normal}.VfPpkd-rymPhb-ibnC6b-OWXEXe-SfQLQb-M1Soyc-scr2fc.VfPpkd-rymPhb-ibnC6b-OWXEXe-SfQLQb-aSi1db-MCEKJb.VfPpkd-rymPhb-ibnC6b-OWXEXe-SfQLQb-UbuQg-r4m2rf .VfPpkd-rymPhb-JMEf7e::before{display:inline-block;width:0;height:32px;content:"";vertical-align:0}.VfPpkd-rymPhb-ibnC6b-OWXEXe-SfQLQb-M1Soyc-scr2fc.VfPpkd-rymPhb-ibnC6b-OWXEXe-SfQLQb-Woal0c-RWgCYc{height:56px}.VfPpkd-rymPhb-ibnC6b-OWXEXe-SfQLQb-M1Soyc-scr2fc.VfPpkd-rymPhb-ibnC6b-OWXEXe-SfQLQb-aSi1db-MCEKJb{height:72px}.VfPpkd-rymPhb-ibnC6b-OWXEXe-SfQLQb-UbuQg-Bz112c.VfPpkd-rymPhb-ibnC6b{padding-left:auto;padding-right:0}[dir=rtl] .VfPpkd-rymPhb-ibnC6b-OWXEXe-SfQLQb-UbuQg-Bz112c.VfPpkd-rymPhb-ibnC6b,.VfPpkd-rymPhb-ibnC6b-OWXEXe-SfQLQb-UbuQg-Bz112c.VfPpkd-rymPhb-ibnC6b[dir=rtl]{padding-left:0;padding-right:auto}.VfPpkd-rymPhb-ibnC6b-OWXEXe-SfQLQb-UbuQg-Bz112c .VfPpkd-rymPhb-JMEf7e{margin-left:16px;margin-right:16px}[dir=rtl] .VfPpkd-rymPhb-ibnC6b-OWXEXe-SfQLQb-UbuQg-Bz112c .VfPpkd-rymPhb-JMEf7e,.VfPpkd-rymPhb-ibnC6b-OWXEXe-SfQLQb-UbuQg-Bz112c .VfPpkd-rymPhb-JMEf7e[dir=rtl]{margin-left:16px;margin-right:16px}.VfPpkd-rymPhb-ibnC6b-OWXEXe-SfQLQb-UbuQg-r4m2rf.VfPpkd-rymPhb-ibnC6b-OWXEXe-SfQLQb-aSi1db-MCEKJb .VfPpkd-rymPhb-JMEf7e,.VfPpkd-rymPhb-ibnC6b-OWXEXe-SfQLQb-UbuQg-r4m2rf.VfPpkd-rymPhb-ibnC6b-OWXEXe-SfQLQb-vfifzc-MCEKJb .VfPpkd-rymPhb-JMEf7e{align-self:flex-start;margin-top:0}.VfPpkd-rymPhb-ibnC6b-OWXEXe-SfQLQb-UbuQg-r4m2rf.VfPpkd-rymPhb-ibnC6b{padding-left:auto;padding-right:0}[dir=rtl] .VfPpkd-rymPhb-ibnC6b-OWXEXe-SfQLQb-UbuQg-r4m2rf.VfPpkd-rymPhb-ibnC6b,.VfPpkd-rymPhb-ibnC6b-OWXEXe-SfQLQb-UbuQg-r4m2rf.VfPpkd-rymPhb-ibnC6b[dir=rtl]{padding-left:0;padding-right:auto}.VfPpkd-rymPhb-ibnC6b-OWXEXe-SfQLQb-UbuQg-r4m2rf .VfPpkd-rymPhb-JMEf7e{margin-left:28px;margin-right:16px}[dir=rtl] .VfPpkd-rymPhb-ibnC6b-OWXEXe-SfQLQb-UbuQg-r4m2rf .VfPpkd-rymPhb-JMEf7e,.VfPpkd-rymPhb-ibnC6b-OWXEXe-SfQLQb-UbuQg-r4m2rf .VfPpkd-rymPhb-JMEf7e[dir=rtl]{margin-left:16px;margin-right:28px}.VfPpkd-rymPhb-ibnC6b-OWXEXe-SfQLQb-UbuQg-r4m2rf.VfPpkd-rymPhb-ibnC6b-OWXEXe-SfQLQb-aSi1db-MCEKJb .VfPpkd-rymPhb-JMEf7e{display:block;margin-top:0;line-height:normal}.VfPpkd-rymPhb-ibnC6b-OWXEXe-SfQLQb-UbuQg-r4m2rf.VfPpkd-rymPhb-ibnC6b-OWXEXe-SfQLQb-aSi1db-MCEKJb .VfPpkd-rymPhb-JMEf7e::before{display:inline-block;width:0;height:28px;content:"";vertical-align:0}.VfPpkd-rymPhb-ibnC6b-OWXEXe-SfQLQb-UbuQg-r4m2rf.VfPpkd-rymPhb-ibnC6b-OWXEXe-SfQLQb-vfifzc-MCEKJb .VfPpkd-rymPhb-JMEf7e{display:block;margin-top:0;line-height:normal}.VfPpkd-rymPhb-ibnC6b-OWXEXe-SfQLQb-UbuQg-r4m2rf.VfPpkd-rymPhb-ibnC6b-OWXEXe-SfQLQb-vfifzc-MCEKJb .VfPpkd-rymPhb-JMEf7e::before{display:inline-block;width:0;height:28px;content:"";vertical-align:0}.VfPpkd-rymPhb-ibnC6b-OWXEXe-SfQLQb-UbuQg-r4m2rf .VfPpkd-rymPhb-JMEf7e{-moz-osx-font-smoothing:grayscale;-webkit-font-smoothing:antialiased;font-family:Roboto,sans-serif;font-family:var(--mdc-typography-caption-font-family,var(--mdc-typography-font-family,Roboto,sans-serif));font-size:.75rem;font-size:var(--mdc-typography-caption-font-size,.75rem);line-height:1.25rem;line-height:var(--mdc-typography-caption-line-height,1.25rem);font-weight:400;font-weight:var(--mdc-typography-caption-font-weight,400);letter-spacing:.0333333333em;letter-spacing:var(--mdc-typography-caption-letter-spacing,.0333333333em);text-decoration:inherit;-webkit-text-decoration:var(--mdc-typography-caption-text-decoration,inherit);text-decoration:var(--mdc-typography-caption-text-decoration,inherit);text-transform:inherit;text-transform:var(--mdc-typography-caption-text-transform,inherit)}.VfPpkd-rymPhb-ibnC6b-OWXEXe-SfQLQb-UbuQg-MPu53c.VfPpkd-rymPhb-ibnC6b{padding-left:auto;padding-right:0}[dir=rtl] .VfPpkd-rymPhb-ibnC6b-OWXEXe-SfQLQb-UbuQg-MPu53c.VfPpkd-rymPhb-ibnC6b,.VfPpkd-rymPhb-ibnC6b-OWXEXe-SfQLQb-UbuQg-MPu53c.VfPpkd-rymPhb-ibnC6b[dir=rtl]{padding-left:0;padding-right:auto}.VfPpkd-rymPhb-ibnC6b-OWXEXe-SfQLQb-UbuQg-MPu53c .VfPpkd-rymPhb-JMEf7e{margin-left:24px;margin-right:8px}[dir=rtl] .VfPpkd-rymPhb-ibnC6b-OWXEXe-SfQLQb-UbuQg-MPu53c .VfPpkd-rymPhb-JMEf7e,.VfPpkd-rymPhb-ibnC6b-OWXEXe-SfQLQb-UbuQg-MPu53c .VfPpkd-rymPhb-JMEf7e[dir=rtl]{margin-left:8px;margin-right:24px}.VfPpkd-rymPhb-ibnC6b-OWXEXe-SfQLQb-UbuQg-MPu53c.VfPpkd-rymPhb-ibnC6b-OWXEXe-SfQLQb-vfifzc-MCEKJb .VfPpkd-rymPhb-JMEf7e{align-self:flex-start;margin-top:8px}.VfPpkd-rymPhb-ibnC6b-OWXEXe-SfQLQb-UbuQg-GCYh9b.VfPpkd-rymPhb-ibnC6b{padding-left:auto;padding-right:0}[dir=rtl] .VfPpkd-rymPhb-ibnC6b-OWXEXe-SfQLQb-UbuQg-GCYh9b.VfPpkd-rymPhb-ibnC6b,.VfPpkd-rymPhb-ibnC6b-OWXEXe-SfQLQb-UbuQg-GCYh9b.VfPpkd-rymPhb-ibnC6b[dir=rtl]{padding-left:0;padding-right:auto}.VfPpkd-rymPhb-ibnC6b-OWXEXe-SfQLQb-UbuQg-GCYh9b .VfPpkd-rymPhb-JMEf7e{margin-left:24px;margin-right:8px}[dir=rtl] .VfPpkd-rymPhb-ibnC6b-OWXEXe-SfQLQb-UbuQg-GCYh9b .VfPpkd-rymPhb-JMEf7e,.VfPpkd-rymPhb-ibnC6b-OWXEXe-SfQLQb-UbuQg-GCYh9b .VfPpkd-rymPhb-JMEf7e[dir=rtl]{margin-left:8px;margin-right:24px}.VfPpkd-rymPhb-ibnC6b-OWXEXe-SfQLQb-UbuQg-GCYh9b.VfPpkd-rymPhb-ibnC6b-OWXEXe-SfQLQb-vfifzc-MCEKJb .VfPpkd-rymPhb-JMEf7e{align-self:flex-start;margin-top:8px}.VfPpkd-rymPhb-ibnC6b-OWXEXe-SfQLQb-UbuQg-scr2fc.VfPpkd-rymPhb-ibnC6b{padding-left:auto;padding-right:0}[dir=rtl] .VfPpkd-rymPhb-ibnC6b-OWXEXe-SfQLQb-UbuQg-scr2fc.VfPpkd-rymPhb-ibnC6b,.VfPpkd-rymPhb-ibnC6b-OWXEXe-SfQLQb-UbuQg-scr2fc.VfPpkd-rymPhb-ibnC6b[dir=rtl]{padding-left:0;padding-right:auto}.VfPpkd-rymPhb-ibnC6b-OWXEXe-SfQLQb-UbuQg-scr2fc .VfPpkd-rymPhb-JMEf7e{margin-left:16px;margin-right:16px}[dir=rtl] .VfPpkd-rymPhb-ibnC6b-OWXEXe-SfQLQb-UbuQg-scr2fc .VfPpkd-rymPhb-JMEf7e,.VfPpkd-rymPhb-ibnC6b-OWXEXe-SfQLQb-UbuQg-scr2fc .VfPpkd-rymPhb-JMEf7e[dir=rtl]{margin-left:16px;margin-right:16px}.VfPpkd-rymPhb-ibnC6b-OWXEXe-SfQLQb-UbuQg-scr2fc.VfPpkd-rymPhb-ibnC6b-OWXEXe-SfQLQb-vfifzc-MCEKJb .VfPpkd-rymPhb-JMEf7e{align-self:flex-start;margin-top:16px}.VfPpkd-rymPhb-ibnC6b-OWXEXe-SfQLQb-BYmFj.VfPpkd-rymPhb-ibnC6b-OWXEXe-SfQLQb-aSi1db-MCEKJb .VfPpkd-rymPhb-fpDzbe-fmcmS{display:block;margin-top:0;line-height:normal}.VfPpkd-rymPhb-ibnC6b-OWXEXe-SfQLQb-BYmFj.VfPpkd-rymPhb-ibnC6b-OWXEXe-SfQLQb-aSi1db-MCEKJb .VfPpkd-rymPhb-fpDzbe-fmcmS::before{display:inline-block;width:0;height:20px;content:"";vertical-align:0}.VfPpkd-rymPhb-ibnC6b-OWXEXe-SfQLQb-BYmFj.VfPpkd-rymPhb-ibnC6b-OWXEXe-SfQLQb-vfifzc-MCEKJb .VfPpkd-rymPhb-fpDzbe-fmcmS{display:block;margin-top:0;line-height:normal}.VfPpkd-rymPhb-ibnC6b-OWXEXe-SfQLQb-BYmFj.VfPpkd-rymPhb-ibnC6b-OWXEXe-SfQLQb-vfifzc-MCEKJb .VfPpkd-rymPhb-fpDzbe-fmcmS::before{display:inline-block;width:0;height:20px;content:"";vertical-align:0}.VfPpkd-rymPhb-ibnC6b{padding-left:16px;padding-right:16px}[dir=rtl] .VfPpkd-rymPhb-ibnC6b,.VfPpkd-rymPhb-ibnC6b[dir=rtl]{padding-left:16px;padding-right:16px}.VfPpkd-rymPhb-JNdkSc .VfPpkd-StrnGf-rymPhb{padding:0}.VfPpkd-rymPhb-oT7voc{margin:.75rem 16px}.VfPpkd-rymPhb-clz4Ic{padding:0;background-clip:content-box}.VfPpkd-rymPhb-clz4Ic.VfPpkd-rymPhb-clz4Ic-OWXEXe-SfQLQb-M1Soyc-YbohUe,.VfPpkd-rymPhb-clz4Ic-OWXEXe-SfQLQb-M1Soyc-fmcmS.VfPpkd-rymPhb-clz4Ic-OWXEXe-SfQLQb-M1Soyc-YbohUe,.VfPpkd-rymPhb-clz4Ic-OWXEXe-SfQLQb-M1Soyc-Bz112c.VfPpkd-rymPhb-clz4Ic-OWXEXe-SfQLQb-M1Soyc-YbohUe,.VfPpkd-rymPhb-clz4Ic-OWXEXe-SfQLQb-M1Soyc-HiaYvf.VfPpkd-rymPhb-clz4Ic-OWXEXe-SfQLQb-M1Soyc-YbohUe,.VfPpkd-rymPhb-clz4Ic-OWXEXe-SfQLQb-M1Soyc-JUCs7e.VfPpkd-rymPhb-clz4Ic-OWXEXe-SfQLQb-M1Soyc-YbohUe,.VfPpkd-rymPhb-clz4Ic-OWXEXe-SfQLQb-M1Soyc-YLEF4c.VfPpkd-rymPhb-clz4Ic-OWXEXe-SfQLQb-M1Soyc-YbohUe,.VfPpkd-rymPhb-clz4Ic-OWXEXe-SfQLQb-M1Soyc-MPu53c.VfPpkd-rymPhb-clz4Ic-OWXEXe-SfQLQb-M1Soyc-YbohUe,.VfPpkd-rymPhb-clz4Ic-OWXEXe-SfQLQb-M1Soyc-scr2fc.VfPpkd-rymPhb-clz4Ic-OWXEXe-SfQLQb-M1Soyc-YbohUe,.VfPpkd-rymPhb-clz4Ic-OWXEXe-SfQLQb-M1Soyc-GCYh9b.VfPpkd-rymPhb-clz4Ic-OWXEXe-SfQLQb-M1Soyc-YbohUe{padding-left:16px;padding-right:auto}[dir=rtl] .VfPpkd-rymPhb-clz4Ic.VfPpkd-rymPhb-clz4Ic-OWXEXe-SfQLQb-M1Soyc-YbohUe,[dir=rtl] .VfPpkd-rymPhb-clz4Ic-OWXEXe-SfQLQb-M1Soyc-fmcmS.VfPpkd-rymPhb-clz4Ic-OWXEXe-SfQLQb-M1Soyc-YbohUe,[dir=rtl] .VfPpkd-rymPhb-clz4Ic-OWXEXe-SfQLQb-M1Soyc-Bz112c.VfPpkd-rymPhb-clz4Ic-OWXEXe-SfQLQb-M1Soyc-YbohUe,[dir=rtl] .VfPpkd-rymPhb-clz4Ic-OWXEXe-SfQLQb-M1Soyc-HiaYvf.VfPpkd-rymPhb-clz4Ic-OWXEXe-SfQLQb-M1Soyc-YbohUe,[dir=rtl] .VfPpkd-rymPhb-clz4Ic-OWXEXe-SfQLQb-M1Soyc-JUCs7e.VfPpkd-rymPhb-clz4Ic-OWXEXe-SfQLQb-M1Soyc-YbohUe,[dir=rtl] .VfPpkd-rymPhb-clz4Ic-OWXEXe-SfQLQb-M1Soyc-YLEF4c.VfPpkd-rymPhb-clz4Ic-OWXEXe-SfQLQb-M1Soyc-YbohUe,[dir=rtl] .VfPpkd-rymPhb-clz4Ic-OWXEXe-SfQLQb-M1Soyc-MPu53c.VfPpkd-rymPhb-clz4Ic-OWXEXe-SfQLQb-M1Soyc-YbohUe,[dir=rtl] .VfPpkd-rymPhb-clz4Ic-OWXEXe-SfQLQb-M1Soyc-scr2fc.VfPpkd-rymPhb-clz4Ic-OWXEXe-SfQLQb-M1Soyc-YbohUe,[dir=rtl] .VfPpkd-rymPhb-clz4Ic-OWXEXe-SfQLQb-M1Soyc-GCYh9b.VfPpkd-rymPhb-clz4Ic-OWXEXe-SfQLQb-M1Soyc-YbohUe,.VfPpkd-rymPhb-clz4Ic.VfPpkd-rymPhb-clz4Ic-OWXEXe-SfQLQb-M1Soyc-YbohUe[dir=rtl],.VfPpkd-rymPhb-clz4Ic-OWXEXe-SfQLQb-M1Soyc-fmcmS.VfPpkd-rymPhb-clz4Ic-OWXEXe-SfQLQb-M1Soyc-YbohUe[dir=rtl],.VfPpkd-rymPhb-clz4Ic-OWXEXe-SfQLQb-M1Soyc-Bz112c.VfPpkd-rymPhb-clz4Ic-OWXEXe-SfQLQb-M1Soyc-YbohUe[dir=rtl],.VfPpkd-rymPhb-clz4Ic-OWXEXe-SfQLQb-M1Soyc-HiaYvf.VfPpkd-rymPhb-clz4Ic-OWXEXe-SfQLQb-M1Soyc-YbohUe[dir=rtl],.VfPpkd-rymPhb-clz4Ic-OWXEXe-SfQLQb-M1Soyc-JUCs7e.VfPpkd-rymPhb-clz4Ic-OWXEXe-SfQLQb-M1Soyc-YbohUe[dir=rtl],.VfPpkd-rymPhb-clz4Ic-OWXEXe-SfQLQb-M1Soyc-YLEF4c.VfPpkd-rymPhb-clz4Ic-OWXEXe-SfQLQb-M1Soyc-YbohUe[dir=rtl],.VfPpkd-rymPhb-clz4Ic-OWXEXe-SfQLQb-M1Soyc-MPu53c.VfPpkd-rymPhb-clz4Ic-OWXEXe-SfQLQb-M1Soyc-YbohUe[dir=rtl],.VfPpkd-rymPhb-clz4Ic-OWXEXe-SfQLQb-M1Soyc-scr2fc.VfPpkd-rymPhb-clz4Ic-OWXEXe-SfQLQb-M1Soyc-YbohUe[dir=rtl],.VfPpkd-rymPhb-clz4Ic-OWXEXe-SfQLQb-M1Soyc-GCYh9b.VfPpkd-rymPhb-clz4Ic-OWXEXe-SfQLQb-M1Soyc-YbohUe[dir=rtl]{padding-left:auto;padding-right:16px}.VfPpkd-rymPhb-clz4Ic.VfPpkd-rymPhb-clz4Ic-OWXEXe-SfQLQb-UbuQg-YbohUe,.VfPpkd-rymPhb-clz4Ic-OWXEXe-SfQLQb-M1Soyc-fmcmS.VfPpkd-rymPhb-clz4Ic-OWXEXe-SfQLQb-UbuQg-YbohUe,.VfPpkd-rymPhb-clz4Ic-OWXEXe-SfQLQb-M1Soyc-Bz112c.VfPpkd-rymPhb-clz4Ic-OWXEXe-SfQLQb-UbuQg-YbohUe,.VfPpkd-rymPhb-clz4Ic-OWXEXe-SfQLQb-M1Soyc-HiaYvf.VfPpkd-rymPhb-clz4Ic-OWXEXe-SfQLQb-UbuQg-YbohUe,.VfPpkd-rymPhb-clz4Ic-OWXEXe-SfQLQb-M1Soyc-JUCs7e.VfPpkd-rymPhb-clz4Ic-OWXEXe-SfQLQb-UbuQg-YbohUe,.VfPpkd-rymPhb-clz4Ic-OWXEXe-SfQLQb-M1Soyc-YLEF4c.VfPpkd-rymPhb-clz4Ic-OWXEXe-SfQLQb-UbuQg-YbohUe,.VfPpkd-rymPhb-clz4Ic-OWXEXe-SfQLQb-M1Soyc-MPu53c.VfPpkd-rymPhb-clz4Ic-OWXEXe-SfQLQb-UbuQg-YbohUe,.VfPpkd-rymPhb-clz4Ic-OWXEXe-SfQLQb-M1Soyc-scr2fc.VfPpkd-rymPhb-clz4Ic-OWXEXe-SfQLQb-UbuQg-YbohUe,.VfPpkd-rymPhb-clz4Ic-OWXEXe-SfQLQb-M1Soyc-GCYh9b.VfPpkd-rymPhb-clz4Ic-OWXEXe-SfQLQb-UbuQg-YbohUe{padding-left:auto;padding-right:16px}[dir=rtl] .VfPpkd-rymPhb-clz4Ic.VfPpkd-rymPhb-clz4Ic-OWXEXe-SfQLQb-UbuQg-YbohUe,[dir=rtl] .VfPpkd-rymPhb-clz4Ic-OWXEXe-SfQLQb-M1Soyc-fmcmS.VfPpkd-rymPhb-clz4Ic-OWXEXe-SfQLQb-UbuQg-YbohUe,[dir=rtl] .VfPpkd-rymPhb-clz4Ic-OWXEXe-SfQLQb-M1Soyc-Bz112c.VfPpkd-rymPhb-clz4Ic-OWXEXe-SfQLQb-UbuQg-YbohUe,[dir=rtl] .VfPpkd-rymPhb-clz4Ic-OWXEXe-SfQLQb-M1Soyc-HiaYvf.VfPpkd-rymPhb-clz4Ic-OWXEXe-SfQLQb-UbuQg-YbohUe,[dir=rtl] .VfPpkd-rymPhb-clz4Ic-OWXEXe-SfQLQb-M1Soyc-JUCs7e.VfPpkd-rymPhb-clz4Ic-OWXEXe-SfQLQb-UbuQg-YbohUe,[dir=rtl] .VfPpkd-rymPhb-clz4Ic-OWXEXe-SfQLQb-M1Soyc-YLEF4c.VfPpkd-rymPhb-clz4Ic-OWXEXe-SfQLQb-UbuQg-YbohUe,[dir=rtl] .VfPpkd-rymPhb-clz4Ic-OWXEXe-SfQLQb-M1Soyc-MPu53c.VfPpkd-rymPhb-clz4Ic-OWXEXe-SfQLQb-UbuQg-YbohUe,[dir=rtl] .VfPpkd-rymPhb-clz4Ic-OWXEXe-SfQLQb-M1Soyc-scr2fc.VfPpkd-rymPhb-clz4Ic-OWXEXe-SfQLQb-UbuQg-YbohUe,[dir=rtl] .VfPpkd-rymPhb-clz4Ic-OWXEXe-SfQLQb-M1Soyc-GCYh9b.VfPpkd-rymPhb-clz4Ic-OWXEXe-SfQLQb-UbuQg-YbohUe,.VfPpkd-rymPhb-clz4Ic.VfPpkd-rymPhb-clz4Ic-OWXEXe-SfQLQb-UbuQg-YbohUe[dir=rtl],.VfPpkd-rymPhb-clz4Ic-OWXEXe-SfQLQb-M1Soyc-fmcmS.VfPpkd-rymPhb-clz4Ic-OWXEXe-SfQLQb-UbuQg-YbohUe[dir=rtl],.VfPpkd-rymPhb-clz4Ic-OWXEXe-SfQLQb-M1Soyc-Bz112c.VfPpkd-rymPhb-clz4Ic-OWXEXe-SfQLQb-UbuQg-YbohUe[dir=rtl],.VfPpkd-rymPhb-clz4Ic-OWXEXe-SfQLQb-M1Soyc-HiaYvf.VfPpkd-rymPhb-clz4Ic-OWXEXe-SfQLQb-UbuQg-YbohUe[dir=rtl],.VfPpkd-rymPhb-clz4Ic-OWXEXe-SfQLQb-M1Soyc-JUCs7e.VfPpkd-rymPhb-clz4Ic-OWXEXe-SfQLQb-UbuQg-YbohUe[dir=rtl],.VfPpkd-rymPhb-clz4Ic-OWXEXe-SfQLQb-M1Soyc-YLEF4c.VfPpkd-rymPhb-clz4Ic-OWXEXe-SfQLQb-UbuQg-YbohUe[dir=rtl],.VfPpkd-rymPhb-clz4Ic-OWXEXe-SfQLQb-M1Soyc-MPu53c.VfPpkd-rymPhb-clz4Ic-OWXEXe-SfQLQb-UbuQg-YbohUe[dir=rtl],.VfPpkd-rymPhb-clz4Ic-OWXEXe-SfQLQb-M1Soyc-scr2fc.VfPpkd-rymPhb-clz4Ic-OWXEXe-SfQLQb-UbuQg-YbohUe[dir=rtl],.VfPpkd-rymPhb-clz4Ic-OWXEXe-SfQLQb-M1Soyc-GCYh9b.VfPpkd-rymPhb-clz4Ic-OWXEXe-SfQLQb-UbuQg-YbohUe[dir=rtl]{padding-left:16px;padding-right:auto}.VfPpkd-rymPhb-clz4Ic-OWXEXe-SfQLQb-M1Soyc-aTv5jf.VfPpkd-rymPhb-clz4Ic-OWXEXe-SfQLQb-M1Soyc-YbohUe{padding-left:0;padding-right:auto}[dir=rtl] .VfPpkd-rymPhb-clz4Ic-OWXEXe-SfQLQb-M1Soyc-aTv5jf.VfPpkd-rymPhb-clz4Ic-OWXEXe-SfQLQb-M1Soyc-YbohUe,.VfPpkd-rymPhb-clz4Ic-OWXEXe-SfQLQb-M1Soyc-aTv5jf.VfPpkd-rymPhb-clz4Ic-OWXEXe-SfQLQb-M1Soyc-YbohUe[dir=rtl]{padding-left:auto;padding-right:0}[dir=rtl] .VfPpkd-rymPhb-clz4Ic,.VfPpkd-rymPhb-clz4Ic[dir=rtl]{padding:0}:not(.VfPpkd-StrnGf-rymPhb-ibnC6b-OWXEXe-OWB6Me).VfPpkd-StrnGf-rymPhb-ibnC6b{--mdc-ripple-fg-size:0;--mdc-ripple-left:0;--mdc-ripple-top:0;--mdc-ripple-fg-scale:1;--mdc-ripple-fg-translate-end:0;--mdc-ripple-fg-translate-start:0;-webkit-tap-highlight-color:rgba(0,0,0,0);will-change:transform,opacity}:not(.VfPpkd-StrnGf-rymPhb-ibnC6b-OWXEXe-OWB6Me).VfPpkd-StrnGf-rymPhb-ibnC6b .VfPpkd-StrnGf-rymPhb-pZXsl::before,:not(.VfPpkd-StrnGf-rymPhb-ibnC6b-OWXEXe-OWB6Me).VfPpkd-StrnGf-rymPhb-ibnC6b .VfPpkd-StrnGf-rymPhb-pZXsl::after{position:absolute;border-radius:50%;opacity:0;pointer-events:none;content:""}:not(.VfPpkd-StrnGf-rymPhb-ibnC6b-OWXEXe-OWB6Me).VfPpkd-StrnGf-rymPhb-ibnC6b .VfPpkd-StrnGf-rymPhb-pZXsl::before{transition:opacity 15ms linear,background-color 15ms linear;z-index:1;z-index:var(--mdc-ripple-z-index,1)}:not(.VfPpkd-StrnGf-rymPhb-ibnC6b-OWXEXe-OWB6Me).VfPpkd-StrnGf-rymPhb-ibnC6b .VfPpkd-StrnGf-rymPhb-pZXsl::after{z-index:0;z-index:var(--mdc-ripple-z-index,0)}:not(.VfPpkd-StrnGf-rymPhb-ibnC6b-OWXEXe-OWB6Me).VfPpkd-StrnGf-rymPhb-ibnC6b.VfPpkd-ksKsZd-mWPk3d .VfPpkd-StrnGf-rymPhb-pZXsl::before{transform:scale(var(--mdc-ripple-fg-scale,1))}:not(.VfPpkd-StrnGf-rymPhb-ibnC6b-OWXEXe-OWB6Me).VfPpkd-StrnGf-rymPhb-ibnC6b.VfPpkd-ksKsZd-mWPk3d .VfPpkd-StrnGf-rymPhb-pZXsl::after{top:0;left:0;transform:scale(0);transform-origin:center center}:not(.VfPpkd-StrnGf-rymPhb-ibnC6b-OWXEXe-OWB6Me).VfPpkd-StrnGf-rymPhb-ibnC6b.VfPpkd-ksKsZd-mWPk3d-OWXEXe-ZNMTqd .VfPpkd-StrnGf-rymPhb-pZXsl::after{top:var(--mdc-ripple-top,0);left:var(--mdc-ripple-left,0)}:not(.VfPpkd-StrnGf-rymPhb-ibnC6b-OWXEXe-OWB6Me).VfPpkd-StrnGf-rymPhb-ibnC6b.VfPpkd-ksKsZd-mWPk3d-OWXEXe-Tv8l5d-lJfZMc .VfPpkd-StrnGf-rymPhb-pZXsl::after{animation:mdc-ripple-fg-radius-in 225ms forwards,mdc-ripple-fg-opacity-in 75ms forwards}:not(.VfPpkd-StrnGf-rymPhb-ibnC6b-OWXEXe-OWB6Me).VfPpkd-StrnGf-rymPhb-ibnC6b.VfPpkd-ksKsZd-mWPk3d-OWXEXe-Tv8l5d-OmS1vf .VfPpkd-StrnGf-rymPhb-pZXsl::after{animation:mdc-ripple-fg-opacity-out .15s;transform:translate(var(--mdc-ripple-fg-translate-end,0)) scale(var(--mdc-ripple-fg-scale,1))}:not(.VfPpkd-StrnGf-rymPhb-ibnC6b-OWXEXe-OWB6Me).VfPpkd-StrnGf-rymPhb-ibnC6b .VfPpkd-rymPhb-pZXsl::before,:not(.VfPpkd-StrnGf-rymPhb-ibnC6b-OWXEXe-OWB6Me).VfPpkd-StrnGf-rymPhb-ibnC6b .VfPpkd-rymPhb-pZXsl::after{position:absolute;border-radius:50%;opacity:0;pointer-events:none;content:""}:not(.VfPpkd-StrnGf-rymPhb-ibnC6b-OWXEXe-OWB6Me).VfPpkd-StrnGf-rymPhb-ibnC6b .VfPpkd-rymPhb-pZXsl::before{transition:opacity 15ms linear,background-color 15ms linear;z-index:1;z-index:var(--mdc-ripple-z-index,1)}:not(.VfPpkd-StrnGf-rymPhb-ibnC6b-OWXEXe-OWB6Me).VfPpkd-StrnGf-rymPhb-ibnC6b .VfPpkd-rymPhb-pZXsl::after{z-index:0;z-index:var(--mdc-ripple-z-index,0)}:not(.VfPpkd-StrnGf-rymPhb-ibnC6b-OWXEXe-OWB6Me).VfPpkd-StrnGf-rymPhb-ibnC6b.VfPpkd-ksKsZd-mWPk3d .VfPpkd-rymPhb-pZXsl::before{transform:scale(var(--mdc-ripple-fg-scale,1))}:not(.VfPpkd-StrnGf-rymPhb-ibnC6b-OWXEXe-OWB6Me).VfPpkd-StrnGf-rymPhb-ibnC6b.VfPpkd-ksKsZd-mWPk3d .VfPpkd-rymPhb-pZXsl::after{top:0;left:0;transform:scale(0);transform-origin:center center}:not(.VfPpkd-StrnGf-rymPhb-ibnC6b-OWXEXe-OWB6Me).VfPpkd-StrnGf-rymPhb-ibnC6b.VfPpkd-ksKsZd-mWPk3d-OWXEXe-ZNMTqd .VfPpkd-rymPhb-pZXsl::after{top:var(--mdc-ripple-top,0);left:var(--mdc-ripple-left,0)}:not(.VfPpkd-StrnGf-rymPhb-ibnC6b-OWXEXe-OWB6Me).VfPpkd-StrnGf-rymPhb-ibnC6b.VfPpkd-ksKsZd-mWPk3d-OWXEXe-Tv8l5d-lJfZMc .VfPpkd-rymPhb-pZXsl::after{animation:mdc-ripple-fg-radius-in 225ms forwards,mdc-ripple-fg-opacity-in 75ms forwards}:not(.VfPpkd-StrnGf-rymPhb-ibnC6b-OWXEXe-OWB6Me).VfPpkd-StrnGf-rymPhb-ibnC6b.VfPpkd-ksKsZd-mWPk3d-OWXEXe-Tv8l5d-OmS1vf .VfPpkd-rymPhb-pZXsl::after{animation:mdc-ripple-fg-opacity-out .15s;transform:translate(var(--mdc-ripple-fg-translate-end,0)) scale(var(--mdc-ripple-fg-scale,1))}:not(.VfPpkd-StrnGf-rymPhb-ibnC6b-OWXEXe-OWB6Me).VfPpkd-StrnGf-rymPhb-ibnC6b .VfPpkd-StrnGf-rymPhb-pZXsl::before,:not(.VfPpkd-StrnGf-rymPhb-ibnC6b-OWXEXe-OWB6Me).VfPpkd-StrnGf-rymPhb-ibnC6b .VfPpkd-StrnGf-rymPhb-pZXsl::after{top:-50%;left:-50%;width:200%;height:200%}:not(.VfPpkd-StrnGf-rymPhb-ibnC6b-OWXEXe-OWB6Me).VfPpkd-StrnGf-rymPhb-ibnC6b.VfPpkd-ksKsZd-mWPk3d .VfPpkd-StrnGf-rymPhb-pZXsl::after{width:var(--mdc-ripple-fg-size,100%);height:var(--mdc-ripple-fg-size,100%)}:not(.VfPpkd-StrnGf-rymPhb-ibnC6b-OWXEXe-OWB6Me).VfPpkd-StrnGf-rymPhb-ibnC6b .VfPpkd-rymPhb-pZXsl::before,:not(.VfPpkd-StrnGf-rymPhb-ibnC6b-OWXEXe-OWB6Me).VfPpkd-StrnGf-rymPhb-ibnC6b .VfPpkd-rymPhb-pZXsl::after{top:-50%;left:-50%;width:200%;height:200%}:not(.VfPpkd-StrnGf-rymPhb-ibnC6b-OWXEXe-OWB6Me).VfPpkd-StrnGf-rymPhb-ibnC6b.VfPpkd-ksKsZd-mWPk3d .VfPpkd-rymPhb-pZXsl::after{width:var(--mdc-ripple-fg-size,100%);height:var(--mdc-ripple-fg-size,100%)}:not(.VfPpkd-StrnGf-rymPhb-ibnC6b-OWXEXe-OWB6Me).VfPpkd-StrnGf-rymPhb-ibnC6b .VfPpkd-StrnGf-rymPhb-pZXsl::before,:not(.VfPpkd-StrnGf-rymPhb-ibnC6b-OWXEXe-OWB6Me).VfPpkd-StrnGf-rymPhb-ibnC6b .VfPpkd-StrnGf-rymPhb-pZXsl::after{background-color:#000;background-color:var(--mdc-ripple-color,#000)}:not(.VfPpkd-StrnGf-rymPhb-ibnC6b-OWXEXe-OWB6Me).VfPpkd-StrnGf-rymPhb-ibnC6b:hover .VfPpkd-StrnGf-rymPhb-pZXsl::before,:not(.VfPpkd-StrnGf-rymPhb-ibnC6b-OWXEXe-OWB6Me).VfPpkd-StrnGf-rymPhb-ibnC6b.VfPpkd-ksKsZd-XxIAqe-OWXEXe-ZmdkE .VfPpkd-StrnGf-rymPhb-pZXsl::before{opacity:.04;opacity:var(--mdc-ripple-hover-opacity,.04)}:not(.VfPpkd-StrnGf-rymPhb-ibnC6b-OWXEXe-OWB6Me).VfPpkd-StrnGf-rymPhb-ibnC6b.VfPpkd-ksKsZd-mWPk3d-OWXEXe-AHe6Kc-XpnDCe .VfPpkd-StrnGf-rymPhb-pZXsl::before,:not(.VfPpkd-StrnGf-rymPhb-ibnC6b-OWXEXe-OWB6Me).VfPpkd-StrnGf-rymPhb-ibnC6b:not(.VfPpkd-ksKsZd-mWPk3d):focus .VfPpkd-StrnGf-rymPhb-pZXsl::before{transition-duration:75ms;opacity:.12;opacity:var(--mdc-ripple-focus-opacity,.12)}:not(.VfPpkd-StrnGf-rymPhb-ibnC6b-OWXEXe-OWB6Me).VfPpkd-StrnGf-rymPhb-ibnC6b:not(.VfPpkd-ksKsZd-mWPk3d) .VfPpkd-StrnGf-rymPhb-pZXsl::after{transition:opacity .15s linear}:not(.VfPpkd-StrnGf-rymPhb-ibnC6b-OWXEXe-OWB6Me).VfPpkd-StrnGf-rymPhb-ibnC6b:not(.VfPpkd-ksKsZd-mWPk3d):active .VfPpkd-StrnGf-rymPhb-pZXsl::after{transition-duration:75ms;opacity:.12;opacity:var(--mdc-ripple-press-opacity,.12)}:not(.VfPpkd-StrnGf-rymPhb-ibnC6b-OWXEXe-OWB6Me).VfPpkd-StrnGf-rymPhb-ibnC6b .VfPpkd-rymPhb-pZXsl::before,:not(.VfPpkd-StrnGf-rymPhb-ibnC6b-OWXEXe-OWB6Me).VfPpkd-StrnGf-rymPhb-ibnC6b .VfPpkd-rymPhb-pZXsl::after{background-color:#000;background-color:var(--mdc-ripple-color,#000)}:not(.VfPpkd-StrnGf-rymPhb-ibnC6b-OWXEXe-OWB6Me).VfPpkd-StrnGf-rymPhb-ibnC6b:hover .VfPpkd-rymPhb-pZXsl::before,:not(.VfPpkd-StrnGf-rymPhb-ibnC6b-OWXEXe-OWB6Me).VfPpkd-StrnGf-rymPhb-ibnC6b.VfPpkd-ksKsZd-XxIAqe-OWXEXe-ZmdkE .VfPpkd-rymPhb-pZXsl::before{opacity:.04;opacity:var(--mdc-ripple-hover-opacity,.04)}:not(.VfPpkd-StrnGf-rymPhb-ibnC6b-OWXEXe-OWB6Me).VfPpkd-StrnGf-rymPhb-ibnC6b.VfPpkd-ksKsZd-mWPk3d-OWXEXe-AHe6Kc-XpnDCe .VfPpkd-rymPhb-pZXsl::before,:not(.VfPpkd-StrnGf-rymPhb-ibnC6b-OWXEXe-OWB6Me).VfPpkd-StrnGf-rymPhb-ibnC6b:not(.VfPpkd-ksKsZd-mWPk3d):focus .VfPpkd-rymPhb-pZXsl::before{transition-duration:75ms;opacity:.12;opacity:var(--mdc-ripple-focus-opacity,.12)}:not(.VfPpkd-StrnGf-rymPhb-ibnC6b-OWXEXe-OWB6Me).VfPpkd-StrnGf-rymPhb-ibnC6b:not(.VfPpkd-ksKsZd-mWPk3d) .VfPpkd-rymPhb-pZXsl::after{transition:opacity .15s linear}:not(.VfPpkd-StrnGf-rymPhb-ibnC6b-OWXEXe-OWB6Me).VfPpkd-StrnGf-rymPhb-ibnC6b:not(.VfPpkd-ksKsZd-mWPk3d):active .VfPpkd-rymPhb-pZXsl::after{transition-duration:75ms;opacity:.12;opacity:var(--mdc-ripple-press-opacity,.12)}:not(.VfPpkd-StrnGf-rymPhb-ibnC6b-OWXEXe-OWB6Me).VfPpkd-StrnGf-rymPhb-ibnC6b.VfPpkd-ksKsZd-mWPk3d{--mdc-ripple-fg-opacity:var(--mdc-ripple-press-opacity,0.12)}:not(.VfPpkd-StrnGf-rymPhb-ibnC6b-OWXEXe-OWB6Me).VfPpkd-StrnGf-rymPhb-ibnC6b-OWXEXe-pXU01b .VfPpkd-StrnGf-rymPhb-pZXsl::before{opacity:.12;opacity:var(--mdc-ripple-activated-opacity,.12)}:not(.VfPpkd-StrnGf-rymPhb-ibnC6b-OWXEXe-OWB6Me).VfPpkd-StrnGf-rymPhb-ibnC6b-OWXEXe-pXU01b .VfPpkd-StrnGf-rymPhb-pZXsl::before,:not(.VfPpkd-StrnGf-rymPhb-ibnC6b-OWXEXe-OWB6Me).VfPpkd-StrnGf-rymPhb-ibnC6b-OWXEXe-pXU01b .VfPpkd-StrnGf-rymPhb-pZXsl::after{background-color:#6200ee;background-color:var(--mdc-ripple-color,var(--mdc-theme-primary,#6200ee))}:not(.VfPpkd-StrnGf-rymPhb-ibnC6b-OWXEXe-OWB6Me).VfPpkd-StrnGf-rymPhb-ibnC6b-OWXEXe-pXU01b:hover .VfPpkd-StrnGf-rymPhb-pZXsl::before,:not(.VfPpkd-StrnGf-rymPhb-ibnC6b-OWXEXe-OWB6Me).VfPpkd-StrnGf-rymPhb-ibnC6b-OWXEXe-pXU01b.VfPpkd-ksKsZd-XxIAqe-OWXEXe-ZmdkE .VfPpkd-StrnGf-rymPhb-pZXsl::before{opacity:.16;opacity:var(--mdc-ripple-hover-opacity,.16)}:not(.VfPpkd-StrnGf-rymPhb-ibnC6b-OWXEXe-OWB6Me).VfPpkd-StrnGf-rymPhb-ibnC6b-OWXEXe-pXU01b.VfPpkd-ksKsZd-mWPk3d-OWXEXe-AHe6Kc-XpnDCe .VfPpkd-StrnGf-rymPhb-pZXsl::before,:not(.VfPpkd-StrnGf-rymPhb-ibnC6b-OWXEXe-OWB6Me).VfPpkd-StrnGf-rymPhb-ibnC6b-OWXEXe-pXU01b:not(.VfPpkd-ksKsZd-mWPk3d):focus .VfPpkd-StrnGf-rymPhb-pZXsl::before{transition-duration:75ms;opacity:.24;opacity:var(--mdc-ripple-focus-opacity,.24)}:not(.VfPpkd-StrnGf-rymPhb-ibnC6b-OWXEXe-OWB6Me).VfPpkd-StrnGf-rymPhb-ibnC6b-OWXEXe-pXU01b:not(.VfPpkd-ksKsZd-mWPk3d) .VfPpkd-StrnGf-rymPhb-pZXsl::after{transition:opacity .15s linear}:not(.VfPpkd-StrnGf-rymPhb-ibnC6b-OWXEXe-OWB6Me).VfPpkd-StrnGf-rymPhb-ibnC6b-OWXEXe-pXU01b:not(.VfPpkd-ksKsZd-mWPk3d):active .VfPpkd-StrnGf-rymPhb-pZXsl::after{transition-duration:75ms;opacity:.24;opacity:var(--mdc-ripple-press-opacity,.24)}:not(.VfPpkd-StrnGf-rymPhb-ibnC6b-OWXEXe-OWB6Me).VfPpkd-StrnGf-rymPhb-ibnC6b-OWXEXe-pXU01b .VfPpkd-rymPhb-pZXsl::before{opacity:.12;opacity:var(--mdc-ripple-activated-opacity,.12)}:not(.VfPpkd-StrnGf-rymPhb-ibnC6b-OWXEXe-OWB6Me).VfPpkd-StrnGf-rymPhb-ibnC6b-OWXEXe-pXU01b .VfPpkd-rymPhb-pZXsl::before,:not(.VfPpkd-StrnGf-rymPhb-ibnC6b-OWXEXe-OWB6Me).VfPpkd-StrnGf-rymPhb-ibnC6b-OWXEXe-pXU01b .VfPpkd-rymPhb-pZXsl::after{background-color:#6200ee;background-color:var(--mdc-ripple-color,var(--mdc-theme-primary,#6200ee))}:not(.VfPpkd-StrnGf-rymPhb-ibnC6b-OWXEXe-OWB6Me).VfPpkd-StrnGf-rymPhb-ibnC6b-OWXEXe-pXU01b:hover .VfPpkd-rymPhb-pZXsl::before,:not(.VfPpkd-StrnGf-rymPhb-ibnC6b-OWXEXe-OWB6Me).VfPpkd-StrnGf-rymPhb-ibnC6b-OWXEXe-pXU01b.VfPpkd-ksKsZd-XxIAqe-OWXEXe-ZmdkE .VfPpkd-rymPhb-pZXsl::before{opacity:.16;opacity:var(--mdc-ripple-hover-opacity,.16)}:not(.VfPpkd-StrnGf-rymPhb-ibnC6b-OWXEXe-OWB6Me).VfPpkd-StrnGf-rymPhb-ibnC6b-OWXEXe-pXU01b.VfPpkd-ksKsZd-mWPk3d-OWXEXe-AHe6Kc-XpnDCe .VfPpkd-rymPhb-pZXsl::before,:not(.VfPpkd-StrnGf-rymPhb-ibnC6b-OWXEXe-OWB6Me).VfPpkd-StrnGf-rymPhb-ibnC6b-OWXEXe-pXU01b:not(.VfPpkd-ksKsZd-mWPk3d):focus .VfPpkd-rymPhb-pZXsl::before{transition-duration:75ms;opacity:.24;opacity:var(--mdc-ripple-focus-opacity,.24)}:not(.VfPpkd-StrnGf-rymPhb-ibnC6b-OWXEXe-OWB6Me).VfPpkd-StrnGf-rymPhb-ibnC6b-OWXEXe-pXU01b:not(.VfPpkd-ksKsZd-mWPk3d) .VfPpkd-rymPhb-pZXsl::after{transition:opacity .15s linear}:not(.VfPpkd-StrnGf-rymPhb-ibnC6b-OWXEXe-OWB6Me).VfPpkd-StrnGf-rymPhb-ibnC6b-OWXEXe-pXU01b:not(.VfPpkd-ksKsZd-mWPk3d):active .VfPpkd-rymPhb-pZXsl::after{transition-duration:75ms;opacity:.24;opacity:var(--mdc-ripple-press-opacity,.24)}:not(.VfPpkd-StrnGf-rymPhb-ibnC6b-OWXEXe-OWB6Me).VfPpkd-StrnGf-rymPhb-ibnC6b-OWXEXe-pXU01b.VfPpkd-ksKsZd-mWPk3d{--mdc-ripple-fg-opacity:var(--mdc-ripple-press-opacity,0.24)}:not(.VfPpkd-StrnGf-rymPhb-ibnC6b-OWXEXe-OWB6Me).VfPpkd-StrnGf-rymPhb-ibnC6b-OWXEXe-gk6SMd .VfPpkd-StrnGf-rymPhb-pZXsl::before{opacity:.08;opacity:var(--mdc-ripple-selected-opacity,.08)}:not(.VfPpkd-StrnGf-rymPhb-ibnC6b-OWXEXe-OWB6Me).VfPpkd-StrnGf-rymPhb-ibnC6b-OWXEXe-gk6SMd .VfPpkd-StrnGf-rymPhb-pZXsl::before,:not(.VfPpkd-StrnGf-rymPhb-ibnC6b-OWXEXe-OWB6Me).VfPpkd-StrnGf-rymPhb-ibnC6b-OWXEXe-gk6SMd .VfPpkd-StrnGf-rymPhb-pZXsl::after{background-color:#6200ee;background-color:var(--mdc-ripple-color,var(--mdc-theme-primary,#6200ee))}:not(.VfPpkd-StrnGf-rymPhb-ibnC6b-OWXEXe-OWB6Me).VfPpkd-StrnGf-rymPhb-ibnC6b-OWXEXe-gk6SMd:hover .VfPpkd-StrnGf-rymPhb-pZXsl::before,:not(.VfPpkd-StrnGf-rymPhb-ibnC6b-OWXEXe-OWB6Me).VfPpkd-StrnGf-rymPhb-ibnC6b-OWXEXe-gk6SMd.VfPpkd-ksKsZd-XxIAqe-OWXEXe-ZmdkE .VfPpkd-StrnGf-rymPhb-pZXsl::before{opacity:.12;opacity:var(--mdc-ripple-hover-opacity,.12)}:not(.VfPpkd-StrnGf-rymPhb-ibnC6b-OWXEXe-OWB6Me).VfPpkd-StrnGf-rymPhb-ibnC6b-OWXEXe-gk6SMd.VfPpkd-ksKsZd-mWPk3d-OWXEXe-AHe6Kc-XpnDCe .VfPpkd-StrnGf-rymPhb-pZXsl::before,:not(.VfPpkd-StrnGf-rymPhb-ibnC6b-OWXEXe-OWB6Me).VfPpkd-StrnGf-rymPhb-ibnC6b-OWXEXe-gk6SMd:not(.VfPpkd-ksKsZd-mWPk3d):focus .VfPpkd-StrnGf-rymPhb-pZXsl::before{transition-duration:75ms;opacity:.2;opacity:var(--mdc-ripple-focus-opacity,.2)}:not(.VfPpkd-StrnGf-rymPhb-ibnC6b-OWXEXe-OWB6Me).VfPpkd-StrnGf-rymPhb-ibnC6b-OWXEXe-gk6SMd:not(.VfPpkd-ksKsZd-mWPk3d) .VfPpkd-StrnGf-rymPhb-pZXsl::after{transition:opacity .15s linear}:not(.VfPpkd-StrnGf-rymPhb-ibnC6b-OWXEXe-OWB6Me).VfPpkd-StrnGf-rymPhb-ibnC6b-OWXEXe-gk6SMd:not(.VfPpkd-ksKsZd-mWPk3d):active .VfPpkd-StrnGf-rymPhb-pZXsl::after{transition-duration:75ms;opacity:.2;opacity:var(--mdc-ripple-press-opacity,.2)}:not(.VfPpkd-StrnGf-rymPhb-ibnC6b-OWXEXe-OWB6Me).VfPpkd-StrnGf-rymPhb-ibnC6b-OWXEXe-gk6SMd .VfPpkd-rymPhb-pZXsl::before{opacity:.08;opacity:var(--mdc-ripple-selected-opacity,.08)}:not(.VfPpkd-StrnGf-rymPhb-ibnC6b-OWXEXe-OWB6Me).VfPpkd-StrnGf-rymPhb-ibnC6b-OWXEXe-gk6SMd .VfPpkd-rymPhb-pZXsl::before,:not(.VfPpkd-StrnGf-rymPhb-ibnC6b-OWXEXe-OWB6Me).VfPpkd-StrnGf-rymPhb-ibnC6b-OWXEXe-gk6SMd .VfPpkd-rymPhb-pZXsl::after{background-color:#6200ee;background-color:var(--mdc-ripple-color,var(--mdc-theme-primary,#6200ee))}:not(.VfPpkd-StrnGf-rymPhb-ibnC6b-OWXEXe-OWB6Me).VfPpkd-StrnGf-rymPhb-ibnC6b-OWXEXe-gk6SMd:hover .VfPpkd-rymPhb-pZXsl::before,:not(.VfPpkd-StrnGf-rymPhb-ibnC6b-OWXEXe-OWB6Me).VfPpkd-StrnGf-rymPhb-ibnC6b-OWXEXe-gk6SMd.VfPpkd-ksKsZd-XxIAqe-OWXEXe-ZmdkE .VfPpkd-rymPhb-pZXsl::before{opacity:.12;opacity:var(--mdc-ripple-hover-opacity,.12)}:not(.VfPpkd-StrnGf-rymPhb-ibnC6b-OWXEXe-OWB6Me).VfPpkd-StrnGf-rymPhb-ibnC6b-OWXEXe-gk6SMd.VfPpkd-ksKsZd-mWPk3d-OWXEXe-AHe6Kc-XpnDCe .VfPpkd-rymPhb-pZXsl::before,:not(.VfPpkd-StrnGf-rymPhb-ibnC6b-OWXEXe-OWB6Me).VfPpkd-StrnGf-rymPhb-ibnC6b-OWXEXe-gk6SMd:not(.VfPpkd-ksKsZd-mWPk3d):focus .VfPpkd-rymPhb-pZXsl::before{transition-duration:75ms;opacity:.2;opacity:var(--mdc-ripple-focus-opacity,.2)}:not(.VfPpkd-StrnGf-rymPhb-ibnC6b-OWXEXe-OWB6Me).VfPpkd-StrnGf-rymPhb-ibnC6b-OWXEXe-gk6SMd:not(.VfPpkd-ksKsZd-mWPk3d) .VfPpkd-rymPhb-pZXsl::after{transition:opacity .15s linear}:not(.VfPpkd-StrnGf-rymPhb-ibnC6b-OWXEXe-OWB6Me).VfPpkd-StrnGf-rymPhb-ibnC6b-OWXEXe-gk6SMd:not(.VfPpkd-ksKsZd-mWPk3d):active .VfPpkd-rymPhb-pZXsl::after{transition-duration:75ms;opacity:.2;opacity:var(--mdc-ripple-press-opacity,.2)}:not(.VfPpkd-StrnGf-rymPhb-ibnC6b-OWXEXe-OWB6Me).VfPpkd-StrnGf-rymPhb-ibnC6b-OWXEXe-gk6SMd.VfPpkd-ksKsZd-mWPk3d{--mdc-ripple-fg-opacity:var(--mdc-ripple-press-opacity,0.2)}:not(.VfPpkd-StrnGf-rymPhb-ibnC6b-OWXEXe-OWB6Me).VfPpkd-StrnGf-rymPhb-ibnC6b .VfPpkd-StrnGf-rymPhb-pZXsl,:not(.VfPpkd-StrnGf-rymPhb-ibnC6b-OWXEXe-OWB6Me).VfPpkd-StrnGf-rymPhb-ibnC6b .VfPpkd-rymPhb-pZXsl{position:absolute;top:0;left:0;width:100%;height:100%;pointer-events:none}:not(.VfPpkd-rymPhb-ibnC6b-OWXEXe-OWB6Me).VfPpkd-rymPhb-ibnC6b{--mdc-ripple-fg-size:0;--mdc-ripple-left:0;--mdc-ripple-top:0;--mdc-ripple-fg-scale:1;--mdc-ripple-fg-translate-end:0;--mdc-ripple-fg-translate-start:0;-webkit-tap-highlight-color:rgba(0,0,0,0);will-change:transform,opacity}:not(.VfPpkd-rymPhb-ibnC6b-OWXEXe-OWB6Me).VfPpkd-rymPhb-ibnC6b .VfPpkd-rymPhb-pZXsl::before,:not(.VfPpkd-rymPhb-ibnC6b-OWXEXe-OWB6Me).VfPpkd-rymPhb-ibnC6b .VfPpkd-rymPhb-pZXsl::after{position:absolute;border-radius:50%;opacity:0;pointer-events:none;content:""}:not(.VfPpkd-rymPhb-ibnC6b-OWXEXe-OWB6Me).VfPpkd-rymPhb-ibnC6b .VfPpkd-rymPhb-pZXsl::before{transition:opacity 15ms linear,background-color 15ms linear;z-index:1;z-index:var(--mdc-ripple-z-index,1)}:not(.VfPpkd-rymPhb-ibnC6b-OWXEXe-OWB6Me).VfPpkd-rymPhb-ibnC6b .VfPpkd-rymPhb-pZXsl::after{z-index:0;z-index:var(--mdc-ripple-z-index,0)}:not(.VfPpkd-rymPhb-ibnC6b-OWXEXe-OWB6Me).VfPpkd-rymPhb-ibnC6b.VfPpkd-ksKsZd-mWPk3d .VfPpkd-rymPhb-pZXsl::before{transform:scale(var(--mdc-ripple-fg-scale,1))}:not(.VfPpkd-rymPhb-ibnC6b-OWXEXe-OWB6Me).VfPpkd-rymPhb-ibnC6b.VfPpkd-ksKsZd-mWPk3d .VfPpkd-rymPhb-pZXsl::after{top:0;left:0;transform:scale(0);transform-origin:center center}:not(.VfPpkd-rymPhb-ibnC6b-OWXEXe-OWB6Me).VfPpkd-rymPhb-ibnC6b.VfPpkd-ksKsZd-mWPk3d-OWXEXe-ZNMTqd .VfPpkd-rymPhb-pZXsl::after{top:var(--mdc-ripple-top,0);left:var(--mdc-ripple-left,0)}:not(.VfPpkd-rymPhb-ibnC6b-OWXEXe-OWB6Me).VfPpkd-rymPhb-ibnC6b.VfPpkd-ksKsZd-mWPk3d-OWXEXe-Tv8l5d-lJfZMc .VfPpkd-rymPhb-pZXsl::after{animation:mdc-ripple-fg-radius-in 225ms forwards,mdc-ripple-fg-opacity-in 75ms forwards}:not(.VfPpkd-rymPhb-ibnC6b-OWXEXe-OWB6Me).VfPpkd-rymPhb-ibnC6b.VfPpkd-ksKsZd-mWPk3d-OWXEXe-Tv8l5d-OmS1vf .VfPpkd-rymPhb-pZXsl::after{animation:mdc-ripple-fg-opacity-out .15s;transform:translate(var(--mdc-ripple-fg-translate-end,0)) scale(var(--mdc-ripple-fg-scale,1))}:not(.VfPpkd-rymPhb-ibnC6b-OWXEXe-OWB6Me).VfPpkd-rymPhb-ibnC6b .VfPpkd-rymPhb-pZXsl::before,:not(.VfPpkd-rymPhb-ibnC6b-OWXEXe-OWB6Me).VfPpkd-rymPhb-ibnC6b .VfPpkd-rymPhb-pZXsl::after{top:-50%;left:-50%;width:200%;height:200%}:not(.VfPpkd-rymPhb-ibnC6b-OWXEXe-OWB6Me).VfPpkd-rymPhb-ibnC6b.VfPpkd-ksKsZd-mWPk3d .VfPpkd-rymPhb-pZXsl::after{width:var(--mdc-ripple-fg-size,100%);height:var(--mdc-ripple-fg-size,100%)}:not(.VfPpkd-rymPhb-ibnC6b-OWXEXe-OWB6Me).VfPpkd-rymPhb-ibnC6b .VfPpkd-rymPhb-pZXsl::before,:not(.VfPpkd-rymPhb-ibnC6b-OWXEXe-OWB6Me).VfPpkd-rymPhb-ibnC6b .VfPpkd-rymPhb-pZXsl::after{background-color:#000;background-color:var(--mdc-ripple-color,#000)}:not(.VfPpkd-rymPhb-ibnC6b-OWXEXe-OWB6Me).VfPpkd-rymPhb-ibnC6b:hover .VfPpkd-rymPhb-pZXsl::before,:not(.VfPpkd-rymPhb-ibnC6b-OWXEXe-OWB6Me).VfPpkd-rymPhb-ibnC6b.VfPpkd-ksKsZd-XxIAqe-OWXEXe-ZmdkE .VfPpkd-rymPhb-pZXsl::before{opacity:.04;opacity:var(--mdc-ripple-hover-opacity,.04)}:not(.VfPpkd-rymPhb-ibnC6b-OWXEXe-OWB6Me).VfPpkd-rymPhb-ibnC6b.VfPpkd-ksKsZd-mWPk3d-OWXEXe-AHe6Kc-XpnDCe .VfPpkd-rymPhb-pZXsl::before,:not(.VfPpkd-rymPhb-ibnC6b-OWXEXe-OWB6Me).VfPpkd-rymPhb-ibnC6b:not(.VfPpkd-ksKsZd-mWPk3d):focus .VfPpkd-rymPhb-pZXsl::before{transition-duration:75ms;opacity:.12;opacity:var(--mdc-ripple-focus-opacity,.12)}:not(.VfPpkd-rymPhb-ibnC6b-OWXEXe-OWB6Me).VfPpkd-rymPhb-ibnC6b:not(.VfPpkd-ksKsZd-mWPk3d) .VfPpkd-rymPhb-pZXsl::after{transition:opacity .15s linear}:not(.VfPpkd-rymPhb-ibnC6b-OWXEXe-OWB6Me).VfPpkd-rymPhb-ibnC6b:not(.VfPpkd-ksKsZd-mWPk3d):active .VfPpkd-rymPhb-pZXsl::after{transition-duration:75ms;opacity:.12;opacity:var(--mdc-ripple-press-opacity,.12)}:not(.VfPpkd-rymPhb-ibnC6b-OWXEXe-OWB6Me).VfPpkd-rymPhb-ibnC6b.VfPpkd-ksKsZd-mWPk3d{--mdc-ripple-fg-opacity:var(--mdc-ripple-press-opacity,0.12)}:not(.VfPpkd-rymPhb-ibnC6b-OWXEXe-OWB6Me).VfPpkd-rymPhb-ibnC6b-OWXEXe-pXU01b .VfPpkd-rymPhb-pZXsl::before{opacity:.12;opacity:var(--mdc-ripple-activated-opacity,.12)}:not(.VfPpkd-rymPhb-ibnC6b-OWXEXe-OWB6Me).VfPpkd-rymPhb-ibnC6b-OWXEXe-pXU01b .VfPpkd-rymPhb-pZXsl::before,:not(.VfPpkd-rymPhb-ibnC6b-OWXEXe-OWB6Me).VfPpkd-rymPhb-ibnC6b-OWXEXe-pXU01b .VfPpkd-rymPhb-pZXsl::after{background-color:#6200ee;background-color:var(--mdc-ripple-color,var(--mdc-theme-primary,#6200ee))}:not(.VfPpkd-rymPhb-ibnC6b-OWXEXe-OWB6Me).VfPpkd-rymPhb-ibnC6b-OWXEXe-pXU01b:hover .VfPpkd-rymPhb-pZXsl::before,:not(.VfPpkd-rymPhb-ibnC6b-OWXEXe-OWB6Me).VfPpkd-rymPhb-ibnC6b-OWXEXe-pXU01b.VfPpkd-ksKsZd-XxIAqe-OWXEXe-ZmdkE .VfPpkd-rymPhb-pZXsl::before{opacity:.16;opacity:var(--mdc-ripple-hover-opacity,.16)}:not(.VfPpkd-rymPhb-ibnC6b-OWXEXe-OWB6Me).VfPpkd-rymPhb-ibnC6b-OWXEXe-pXU01b.VfPpkd-ksKsZd-mWPk3d-OWXEXe-AHe6Kc-XpnDCe .VfPpkd-rymPhb-pZXsl::before,:not(.VfPpkd-rymPhb-ibnC6b-OWXEXe-OWB6Me).VfPpkd-rymPhb-ibnC6b-OWXEXe-pXU01b:not(.VfPpkd-ksKsZd-mWPk3d):focus .VfPpkd-rymPhb-pZXsl::before{transition-duration:75ms;opacity:.24;opacity:var(--mdc-ripple-focus-opacity,.24)}:not(.VfPpkd-rymPhb-ibnC6b-OWXEXe-OWB6Me).VfPpkd-rymPhb-ibnC6b-OWXEXe-pXU01b:not(.VfPpkd-ksKsZd-mWPk3d) .VfPpkd-rymPhb-pZXsl::after{transition:opacity .15s linear}:not(.VfPpkd-rymPhb-ibnC6b-OWXEXe-OWB6Me).VfPpkd-rymPhb-ibnC6b-OWXEXe-pXU01b:not(.VfPpkd-ksKsZd-mWPk3d):active .VfPpkd-rymPhb-pZXsl::after{transition-duration:75ms;opacity:.24;opacity:var(--mdc-ripple-press-opacity,.24)}:not(.VfPpkd-rymPhb-ibnC6b-OWXEXe-OWB6Me).VfPpkd-rymPhb-ibnC6b-OWXEXe-pXU01b.VfPpkd-ksKsZd-mWPk3d{--mdc-ripple-fg-opacity:var(--mdc-ripple-press-opacity,0.24)}:not(.VfPpkd-rymPhb-ibnC6b-OWXEXe-OWB6Me).VfPpkd-rymPhb-ibnC6b-OWXEXe-gk6SMd .VfPpkd-rymPhb-pZXsl::before{opacity:.08;opacity:var(--mdc-ripple-selected-opacity,.08)}:not(.VfPpkd-rymPhb-ibnC6b-OWXEXe-OWB6Me).VfPpkd-rymPhb-ibnC6b-OWXEXe-gk6SMd .VfPpkd-rymPhb-pZXsl::before,:not(.VfPpkd-rymPhb-ibnC6b-OWXEXe-OWB6Me).VfPpkd-rymPhb-ibnC6b-OWXEXe-gk6SMd .VfPpkd-rymPhb-pZXsl::after{background-color:#6200ee;background-color:var(--mdc-ripple-color,var(--mdc-theme-primary,#6200ee))}:not(.VfPpkd-rymPhb-ibnC6b-OWXEXe-OWB6Me).VfPpkd-rymPhb-ibnC6b-OWXEXe-gk6SMd:hover .VfPpkd-rymPhb-pZXsl::before,:not(.VfPpkd-rymPhb-ibnC6b-OWXEXe-OWB6Me).VfPpkd-rymPhb-ibnC6b-OWXEXe-gk6SMd.VfPpkd-ksKsZd-XxIAqe-OWXEXe-ZmdkE .VfPpkd-rymPhb-pZXsl::before{opacity:.12;opacity:var(--mdc-ripple-hover-opacity,.12)}:not(.VfPpkd-rymPhb-ibnC6b-OWXEXe-OWB6Me).VfPpkd-rymPhb-ibnC6b-OWXEXe-gk6SMd.VfPpkd-ksKsZd-mWPk3d-OWXEXe-AHe6Kc-XpnDCe .VfPpkd-rymPhb-pZXsl::before,:not(.VfPpkd-rymPhb-ibnC6b-OWXEXe-OWB6Me).VfPpkd-rymPhb-ibnC6b-OWXEXe-gk6SMd:not(.VfPpkd-ksKsZd-mWPk3d):focus .VfPpkd-rymPhb-pZXsl::before{transition-duration:75ms;opacity:.2;opacity:var(--mdc-ripple-focus-opacity,.2)}:not(.VfPpkd-rymPhb-ibnC6b-OWXEXe-OWB6Me).VfPpkd-rymPhb-ibnC6b-OWXEXe-gk6SMd:not(.VfPpkd-ksKsZd-mWPk3d) .VfPpkd-rymPhb-pZXsl::after{transition:opacity .15s linear}:not(.VfPpkd-rymPhb-ibnC6b-OWXEXe-OWB6Me).VfPpkd-rymPhb-ibnC6b-OWXEXe-gk6SMd:not(.VfPpkd-ksKsZd-mWPk3d):active .VfPpkd-rymPhb-pZXsl::after{transition-duration:75ms;opacity:.2;opacity:var(--mdc-ripple-press-opacity,.2)}:not(.VfPpkd-rymPhb-ibnC6b-OWXEXe-OWB6Me).VfPpkd-rymPhb-ibnC6b-OWXEXe-gk6SMd.VfPpkd-ksKsZd-mWPk3d{--mdc-ripple-fg-opacity:var(--mdc-ripple-press-opacity,0.2)}:not(.VfPpkd-rymPhb-ibnC6b-OWXEXe-OWB6Me).VfPpkd-rymPhb-ibnC6b .VfPpkd-rymPhb-pZXsl{position:relative;outline:none;overflow:hidden;position:absolute;top:0;left:0;width:100%;height:100%;pointer-events:none}.P2Hi5d,.mkMxfe,.OBi8lb,.P9QRxe,.vqjb4e,.y8Rdrf,.DMZ54e{font-family:Roboto,Arial,sans-serif;line-height:1.5rem;font-size:1rem;letter-spacing:.00625em;font-weight:400;color:#000;color:var(--mdc-theme-on-surface,#000)}.P2Hi5d .VfPpkd-StrnGf-rymPhb-IhFlZd,.mkMxfe .VfPpkd-StrnGf-rymPhb-IhFlZd,.OBi8lb .VfPpkd-StrnGf-rymPhb-IhFlZd,.P9QRxe .VfPpkd-StrnGf-rymPhb-IhFlZd,.vqjb4e .VfPpkd-StrnGf-rymPhb-IhFlZd,.y8Rdrf .VfPpkd-StrnGf-rymPhb-IhFlZd,.DMZ54e .VfPpkd-StrnGf-rymPhb-IhFlZd{color:rgb(95,99,104)}.P2Hi5d .VfPpkd-StrnGf-rymPhb-ibnC6b-OWXEXe-OWB6Me .VfPpkd-StrnGf-rymPhb-b9t22c,.P2Hi5d .VfPpkd-StrnGf-rymPhb-ibnC6b-OWXEXe-OWB6Me .VfPpkd-StrnGf-rymPhb-fpDzbe-fmcmS,.P2Hi5d .VfPpkd-StrnGf-rymPhb-ibnC6b-OWXEXe-OWB6Me .VfPpkd-StrnGf-rymPhb-L8ivfd-fmcmS,.mkMxfe .VfPpkd-StrnGf-rymPhb-ibnC6b-OWXEXe-OWB6Me .VfPpkd-StrnGf-rymPhb-b9t22c,.mkMxfe .VfPpkd-StrnGf-rymPhb-ibnC6b-OWXEXe-OWB6Me .VfPpkd-StrnGf-rymPhb-fpDzbe-fmcmS,.mkMxfe .VfPpkd-StrnGf-rymPhb-ibnC6b-OWXEXe-OWB6Me .VfPpkd-StrnGf-rymPhb-L8ivfd-fmcmS,.OBi8lb .VfPpkd-StrnGf-rymPhb-ibnC6b-OWXEXe-OWB6Me .VfPpkd-StrnGf-rymPhb-b9t22c,.OBi8lb .VfPpkd-StrnGf-rymPhb-ibnC6b-OWXEXe-OWB6Me .VfPpkd-StrnGf-rymPhb-fpDzbe-fmcmS,.OBi8lb .VfPpkd-StrnGf-rymPhb-ibnC6b-OWXEXe-OWB6Me .VfPpkd-StrnGf-rymPhb-L8ivfd-fmcmS,.P9QRxe .VfPpkd-StrnGf-rymPhb-ibnC6b-OWXEXe-OWB6Me .VfPpkd-StrnGf-rymPhb-b9t22c,.P9QRxe .VfPpkd-StrnGf-rymPhb-ibnC6b-OWXEXe-OWB6Me .VfPpkd-StrnGf-rymPhb-fpDzbe-fmcmS,.P9QRxe .VfPpkd-StrnGf-rymPhb-ibnC6b-OWXEXe-OWB6Me .VfPpkd-StrnGf-rymPhb-L8ivfd-fmcmS,.vqjb4e .VfPpkd-StrnGf-rymPhb-ibnC6b-OWXEXe-OWB6Me .VfPpkd-StrnGf-rymPhb-b9t22c,.vqjb4e .VfPpkd-StrnGf-rymPhb-ibnC6b-OWXEXe-OWB6Me .VfPpkd-StrnGf-rymPhb-fpDzbe-fmcmS,.vqjb4e .VfPpkd-StrnGf-rymPhb-ibnC6b-OWXEXe-OWB6Me .VfPpkd-StrnGf-rymPhb-L8ivfd-fmcmS,.y8Rdrf .VfPpkd-StrnGf-rymPhb-ibnC6b-OWXEXe-OWB6Me .VfPpkd-StrnGf-rymPhb-b9t22c,.y8Rdrf .VfPpkd-StrnGf-rymPhb-ibnC6b-OWXEXe-OWB6Me .VfPpkd-StrnGf-rymPhb-fpDzbe-fmcmS,.y8Rdrf .VfPpkd-StrnGf-rymPhb-ibnC6b-OWXEXe-OWB6Me .VfPpkd-StrnGf-rymPhb-L8ivfd-fmcmS,.DMZ54e .VfPpkd-StrnGf-rymPhb-ibnC6b-OWXEXe-OWB6Me .VfPpkd-StrnGf-rymPhb-b9t22c,.DMZ54e .VfPpkd-StrnGf-rymPhb-ibnC6b-OWXEXe-OWB6Me .VfPpkd-StrnGf-rymPhb-fpDzbe-fmcmS,.DMZ54e .VfPpkd-StrnGf-rymPhb-ibnC6b-OWXEXe-OWB6Me .VfPpkd-StrnGf-rymPhb-L8ivfd-fmcmS{color:rgb(60,64,67)}.P2Hi5d .VfPpkd-StrnGf-rymPhb-ibnC6b-OWXEXe-OWB6Me .VfPpkd-StrnGf-rymPhb-b9t22c,.mkMxfe .VfPpkd-StrnGf-rymPhb-ibnC6b-OWXEXe-OWB6Me .VfPpkd-StrnGf-rymPhb-b9t22c,.OBi8lb .VfPpkd-StrnGf-rymPhb-ibnC6b-OWXEXe-OWB6Me .VfPpkd-StrnGf-rymPhb-b9t22c,.P9QRxe .VfPpkd-StrnGf-rymPhb-ibnC6b-OWXEXe-OWB6Me .VfPpkd-StrnGf-rymPhb-b9t22c,.vqjb4e .VfPpkd-StrnGf-rymPhb-ibnC6b-OWXEXe-OWB6Me .VfPpkd-StrnGf-rymPhb-b9t22c,.y8Rdrf .VfPpkd-StrnGf-rymPhb-ibnC6b-OWXEXe-OWB6Me .VfPpkd-StrnGf-rymPhb-b9t22c,.DMZ54e .VfPpkd-StrnGf-rymPhb-ibnC6b-OWXEXe-OWB6Me .VfPpkd-StrnGf-rymPhb-b9t22c{opacity:.38}.P2Hi5d .VfPpkd-StrnGf-rymPhb-ibnC6b-OWXEXe-gk6SMd,.P2Hi5d .VfPpkd-StrnGf-rymPhb-ibnC6b-OWXEXe-pXU01b,.mkMxfe .VfPpkd-StrnGf-rymPhb-ibnC6b-OWXEXe-gk6SMd,.mkMxfe .VfPpkd-StrnGf-rymPhb-ibnC6b-OWXEXe-pXU01b,.OBi8lb .VfPpkd-StrnGf-rymPhb-ibnC6b-OWXEXe-gk6SMd,.OBi8lb .VfPpkd-StrnGf-rymPhb-ibnC6b-OWXEXe-pXU01b,.P9QRxe .VfPpkd-StrnGf-rymPhb-ibnC6b-OWXEXe-gk6SMd,.P9QRxe .VfPpkd-StrnGf-rymPhb-ibnC6b-OWXEXe-pXU01b,.vqjb4e .VfPpkd-StrnGf-rymPhb-ibnC6b-OWXEXe-gk6SMd,.vqjb4e .VfPpkd-StrnGf-rymPhb-ibnC6b-OWXEXe-pXU01b,.y8Rdrf .VfPpkd-StrnGf-rymPhb-ibnC6b-OWXEXe-gk6SMd,.y8Rdrf .VfPpkd-StrnGf-rymPhb-ibnC6b-OWXEXe-pXU01b,.DMZ54e .VfPpkd-StrnGf-rymPhb-ibnC6b-OWXEXe-gk6SMd,.DMZ54e .VfPpkd-StrnGf-rymPhb-ibnC6b-OWXEXe-pXU01b{color:#000;color:var(--mdc-theme-on-surface,#000)}.P2Hi5d .VfPpkd-StrnGf-rymPhb-ibnC6b-OWXEXe-gk6SMd .VfPpkd-StrnGf-rymPhb-f7MjDc,.P2Hi5d .VfPpkd-StrnGf-rymPhb-ibnC6b-OWXEXe-pXU01b .VfPpkd-StrnGf-rymPhb-f7MjDc,.mkMxfe .VfPpkd-StrnGf-rymPhb-ibnC6b-OWXEXe-gk6SMd .VfPpkd-StrnGf-rymPhb-f7MjDc,.mkMxfe .VfPpkd-StrnGf-rymPhb-ibnC6b-OWXEXe-pXU01b .VfPpkd-StrnGf-rymPhb-f7MjDc,.OBi8lb .VfPpkd-StrnGf-rymPhb-ibnC6b-OWXEXe-gk6SMd .VfPpkd-StrnGf-rymPhb-f7MjDc,.OBi8lb .VfPpkd-StrnGf-rymPhb-ibnC6b-OWXEXe-pXU01b .VfPpkd-StrnGf-rymPhb-f7MjDc,.P9QRxe .VfPpkd-StrnGf-rymPhb-ibnC6b-OWXEXe-gk6SMd .VfPpkd-StrnGf-rymPhb-f7MjDc,.P9QRxe .VfPpkd-StrnGf-rymPhb-ibnC6b-OWXEXe-pXU01b .VfPpkd-StrnGf-rymPhb-f7MjDc,.vqjb4e .VfPpkd-StrnGf-rymPhb-ibnC6b-OWXEXe-gk6SMd .VfPpkd-StrnGf-rymPhb-f7MjDc,.vqjb4e .VfPpkd-StrnGf-rymPhb-ibnC6b-OWXEXe-pXU01b .VfPpkd-StrnGf-rymPhb-f7MjDc,.y8Rdrf .VfPpkd-StrnGf-rymPhb-ibnC6b-OWXEXe-gk6SMd .VfPpkd-StrnGf-rymPhb-f7MjDc,.y8Rdrf .VfPpkd-StrnGf-rymPhb-ibnC6b-OWXEXe-pXU01b .VfPpkd-StrnGf-rymPhb-f7MjDc,.DMZ54e .VfPpkd-StrnGf-rymPhb-ibnC6b-OWXEXe-gk6SMd .VfPpkd-StrnGf-rymPhb-f7MjDc,.DMZ54e .VfPpkd-StrnGf-rymPhb-ibnC6b-OWXEXe-pXU01b .VfPpkd-StrnGf-rymPhb-f7MjDc{color:#000;color:var(--mdc-theme-on-surface,#000)}.P2Hi5d .VfPpkd-StrnGf-rymPhb-ibnC6b-OWXEXe-gk6SMd .VfPpkd-StrnGf-rymPhb-pZXsl::before,.mkMxfe .VfPpkd-StrnGf-rymPhb-ibnC6b-OWXEXe-gk6SMd .VfPpkd-StrnGf-rymPhb-pZXsl::before,.OBi8lb .VfPpkd-StrnGf-rymPhb-ibnC6b-OWXEXe-gk6SMd .VfPpkd-StrnGf-rymPhb-pZXsl::before,.P9QRxe .VfPpkd-StrnGf-rymPhb-ibnC6b-OWXEXe-gk6SMd .VfPpkd-StrnGf-rymPhb-pZXsl::before,.vqjb4e .VfPpkd-StrnGf-rymPhb-ibnC6b-OWXEXe-gk6SMd .VfPpkd-StrnGf-rymPhb-pZXsl::before,.y8Rdrf .VfPpkd-StrnGf-rymPhb-ibnC6b-OWXEXe-gk6SMd .VfPpkd-StrnGf-rymPhb-pZXsl::before,.DMZ54e .VfPpkd-StrnGf-rymPhb-ibnC6b-OWXEXe-gk6SMd .VfPpkd-StrnGf-rymPhb-pZXsl::before{opacity:0}.P2Hi5d .VfPpkd-StrnGf-rymPhb-ibnC6b.VfPpkd-StrnGf-rymPhb-ibnC6b-OWXEXe-gk6SMd,.mkMxfe .VfPpkd-StrnGf-rymPhb-ibnC6b.VfPpkd-StrnGf-rymPhb-ibnC6b-OWXEXe-gk6SMd,.OBi8lb .VfPpkd-StrnGf-rymPhb-ibnC6b.VfPpkd-StrnGf-rymPhb-ibnC6b-OWXEXe-gk6SMd,.P9QRxe .VfPpkd-StrnGf-rymPhb-ibnC6b.VfPpkd-StrnGf-rymPhb-ibnC6b-OWXEXe-gk6SMd,.vqjb4e .VfPpkd-StrnGf-rymPhb-ibnC6b.VfPpkd-StrnGf-rymPhb-ibnC6b-OWXEXe-gk6SMd,.y8Rdrf .VfPpkd-StrnGf-rymPhb-ibnC6b.VfPpkd-StrnGf-rymPhb-ibnC6b-OWXEXe-gk6SMd,.DMZ54e .VfPpkd-StrnGf-rymPhb-ibnC6b.VfPpkd-StrnGf-rymPhb-ibnC6b-OWXEXe-gk6SMd{background-color:rgb(232,240,254)}.P2Hi5d .VfPpkd-StrnGf-rymPhb-ibnC6b.VfPpkd-StrnGf-rymPhb-ibnC6b-OWXEXe-gk6SMd .VfPpkd-StrnGf-rymPhb-pZXsl::before,.P2Hi5d .VfPpkd-StrnGf-rymPhb-ibnC6b.VfPpkd-StrnGf-rymPhb-ibnC6b-OWXEXe-gk6SMd .VfPpkd-StrnGf-rymPhb-pZXsl::after,.mkMxfe .VfPpkd-StrnGf-rymPhb-ibnC6b.VfPpkd-StrnGf-rymPhb-ibnC6b-OWXEXe-gk6SMd .VfPpkd-StrnGf-rymPhb-pZXsl::before,.mkMxfe .VfPpkd-StrnGf-rymPhb-ibnC6b.VfPpkd-StrnGf-rymPhb-ibnC6b-OWXEXe-gk6SMd .VfPpkd-StrnGf-rymPhb-pZXsl::after,.OBi8lb .VfPpkd-StrnGf-rymPhb-ibnC6b.VfPpkd-StrnGf-rymPhb-ibnC6b-OWXEXe-gk6SMd .VfPpkd-StrnGf-rymPhb-pZXsl::before,.OBi8lb .VfPpkd-StrnGf-rymPhb-ibnC6b.VfPpkd-StrnGf-rymPhb-ibnC6b-OWXEXe-gk6SMd .VfPpkd-StrnGf-rymPhb-pZXsl::after,.P9QRxe .VfPpkd-StrnGf-rymPhb-ibnC6b.VfPpkd-StrnGf-rymPhb-ibnC6b-OWXEXe-gk6SMd .VfPpkd-StrnGf-rymPhb-pZXsl::before,.P9QRxe .VfPpkd-StrnGf-rymPhb-ibnC6b.VfPpkd-StrnGf-rymPhb-ibnC6b-OWXEXe-gk6SMd .VfPpkd-StrnGf-rymPhb-pZXsl::after,.vqjb4e .VfPpkd-StrnGf-rymPhb-ibnC6b.VfPpkd-StrnGf-rymPhb-ibnC6b-OWXEXe-gk6SMd .VfPpkd-StrnGf-rymPhb-pZXsl::before,.vqjb4e .VfPpkd-StrnGf-rymPhb-ibnC6b.VfPpkd-StrnGf-rymPhb-ibnC6b-OWXEXe-gk6SMd .VfPpkd-StrnGf-rymPhb-pZXsl::after,.y8Rdrf .VfPpkd-StrnGf-rymPhb-ibnC6b.VfPpkd-StrnGf-rymPhb-ibnC6b-OWXEXe-gk6SMd .VfPpkd-StrnGf-rymPhb-pZXsl::before,.y8Rdrf .VfPpkd-StrnGf-rymPhb-ibnC6b.VfPpkd-StrnGf-rymPhb-ibnC6b-OWXEXe-gk6SMd .VfPpkd-StrnGf-rymPhb-pZXsl::after,.DMZ54e .VfPpkd-StrnGf-rymPhb-ibnC6b.VfPpkd-StrnGf-rymPhb-ibnC6b-OWXEXe-gk6SMd .VfPpkd-StrnGf-rymPhb-pZXsl::before,.DMZ54e .VfPpkd-StrnGf-rymPhb-ibnC6b.VfPpkd-StrnGf-rymPhb-ibnC6b-OWXEXe-gk6SMd .VfPpkd-StrnGf-rymPhb-pZXsl::after{background-color:rgb(26,115,232);background-color:var(--mdc-ripple-color,rgb(26,115,232))}.P2Hi5d .VfPpkd-StrnGf-rymPhb-ibnC6b.VfPpkd-StrnGf-rymPhb-ibnC6b-OWXEXe-gk6SMd:hover .VfPpkd-StrnGf-rymPhb-pZXsl::before,.P2Hi5d .VfPpkd-StrnGf-rymPhb-ibnC6b.VfPpkd-StrnGf-rymPhb-ibnC6b-OWXEXe-gk6SMd.VfPpkd-ksKsZd-XxIAqe-OWXEXe-ZmdkE .VfPpkd-StrnGf-rymPhb-pZXsl::before,.mkMxfe .VfPpkd-StrnGf-rymPhb-ibnC6b.VfPpkd-StrnGf-rymPhb-ibnC6b-OWXEXe-gk6SMd:hover .VfPpkd-StrnGf-rymPhb-pZXsl::before,.mkMxfe .VfPpkd-StrnGf-rymPhb-ibnC6b.VfPpkd-StrnGf-rymPhb-ibnC6b-OWXEXe-gk6SMd.VfPpkd-ksKsZd-XxIAqe-OWXEXe-ZmdkE .VfPpkd-StrnGf-rymPhb-pZXsl::before,.OBi8lb .VfPpkd-StrnGf-rymPhb-ibnC6b.VfPpkd-StrnGf-rymPhb-ibnC6b-OWXEXe-gk6SMd:hover .VfPpkd-StrnGf-rymPhb-pZXsl::before,.OBi8lb .VfPpkd-StrnGf-rymPhb-ibnC6b.VfPpkd-StrnGf-rymPhb-ibnC6b-OWXEXe-gk6SMd.VfPpkd-ksKsZd-XxIAqe-OWXEXe-ZmdkE .VfPpkd-StrnGf-rymPhb-pZXsl::before,.P9QRxe .VfPpkd-StrnGf-rymPhb-ibnC6b.VfPpkd-StrnGf-rymPhb-ibnC6b-OWXEXe-gk6SMd:hover .VfPpkd-StrnGf-rymPhb-pZXsl::before,.P9QRxe .VfPpkd-StrnGf-rymPhb-ibnC6b.VfPpkd-StrnGf-rymPhb-ibnC6b-OWXEXe-gk6SMd.VfPpkd-ksKsZd-XxIAqe-OWXEXe-ZmdkE .VfPpkd-StrnGf-rymPhb-pZXsl::before,.vqjb4e .VfPpkd-StrnGf-rymPhb-ibnC6b.VfPpkd-StrnGf-rymPhb-ibnC6b-OWXEXe-gk6SMd:hover .VfPpkd-StrnGf-rymPhb-pZXsl::before,.vqjb4e .VfPpkd-StrnGf-rymPhb-ibnC6b.VfPpkd-StrnGf-rymPhb-ibnC6b-OWXEXe-gk6SMd.VfPpkd-ksKsZd-XxIAqe-OWXEXe-ZmdkE .VfPpkd-StrnGf-rymPhb-pZXsl::before,.y8Rdrf .VfPpkd-StrnGf-rymPhb-ibnC6b.VfPpkd-StrnGf-rymPhb-ibnC6b-OWXEXe-gk6SMd:hover .VfPpkd-StrnGf-rymPhb-pZXsl::before,.y8Rdrf .VfPpkd-StrnGf-rymPhb-ibnC6b.VfPpkd-StrnGf-rymPhb-ibnC6b-OWXEXe-gk6SMd.VfPpkd-ksKsZd-XxIAqe-OWXEXe-ZmdkE .VfPpkd-StrnGf-rymPhb-pZXsl::before,.DMZ54e .VfPpkd-StrnGf-rymPhb-ibnC6b.VfPpkd-StrnGf-rymPhb-ibnC6b-OWXEXe-gk6SMd:hover .VfPpkd-StrnGf-rymPhb-pZXsl::before,.DMZ54e .VfPpkd-StrnGf-rymPhb-ibnC6b.VfPpkd-StrnGf-rymPhb-ibnC6b-OWXEXe-gk6SMd.VfPpkd-ksKsZd-XxIAqe-OWXEXe-ZmdkE .VfPpkd-StrnGf-rymPhb-pZXsl::before{opacity:.04;opacity:var(--mdc-ripple-hover-opacity,.04)}.P2Hi5d .VfPpkd-StrnGf-rymPhb-ibnC6b.VfPpkd-StrnGf-rymPhb-ibnC6b-OWXEXe-gk6SMd.VfPpkd-ksKsZd-mWPk3d-OWXEXe-AHe6Kc-XpnDCe .VfPpkd-StrnGf-rymPhb-pZXsl::before,.P2Hi5d .VfPpkd-StrnGf-rymPhb-ibnC6b.VfPpkd-StrnGf-rymPhb-ibnC6b-OWXEXe-gk6SMd:not(.VfPpkd-ksKsZd-mWPk3d):focus .VfPpkd-StrnGf-rymPhb-pZXsl::before,.mkMxfe .VfPpkd-StrnGf-rymPhb-ibnC6b.VfPpkd-StrnGf-rymPhb-ibnC6b-OWXEXe-gk6SMd.VfPpkd-ksKsZd-mWPk3d-OWXEXe-AHe6Kc-XpnDCe .VfPpkd-StrnGf-rymPhb-pZXsl::before,.mkMxfe .VfPpkd-StrnGf-rymPhb-ibnC6b.VfPpkd-StrnGf-rymPhb-ibnC6b-OWXEXe-gk6SMd:not(.VfPpkd-ksKsZd-mWPk3d):focus .VfPpkd-StrnGf-rymPhb-pZXsl::before,.OBi8lb .VfPpkd-StrnGf-rymPhb-ibnC6b.VfPpkd-StrnGf-rymPhb-ibnC6b-OWXEXe-gk6SMd.VfPpkd-ksKsZd-mWPk3d-OWXEXe-AHe6Kc-XpnDCe .VfPpkd-StrnGf-rymPhb-pZXsl::before,.OBi8lb .VfPpkd-StrnGf-rymPhb-ibnC6b.VfPpkd-StrnGf-rymPhb-ibnC6b-OWXEXe-gk6SMd:not(.VfPpkd-ksKsZd-mWPk3d):focus .VfPpkd-StrnGf-rymPhb-pZXsl::before,.P9QRxe .VfPpkd-StrnGf-rymPhb-ibnC6b.VfPpkd-StrnGf-rymPhb-ibnC6b-OWXEXe-gk6SMd.VfPpkd-ksKsZd-mWPk3d-OWXEXe-AHe6Kc-XpnDCe .VfPpkd-StrnGf-rymPhb-pZXsl::before,.P9QRxe .VfPpkd-StrnGf-rymPhb-ibnC6b.VfPpkd-StrnGf-rymPhb-ibnC6b-OWXEXe-gk6SMd:not(.VfPpkd-ksKsZd-mWPk3d):focus .VfPpkd-StrnGf-rymPhb-pZXsl::before,.vqjb4e .VfPpkd-StrnGf-rymPhb-ibnC6b.VfPpkd-StrnGf-rymPhb-ibnC6b-OWXEXe-gk6SMd.VfPpkd-ksKsZd-mWPk3d-OWXEXe-AHe6Kc-XpnDCe .VfPpkd-StrnGf-rymPhb-pZXsl::before,.vqjb4e .VfPpkd-StrnGf-rymPhb-ibnC6b.VfPpkd-StrnGf-rymPhb-ibnC6b-OWXEXe-gk6SMd:not(.VfPpkd-ksKsZd-mWPk3d):focus .VfPpkd-StrnGf-rymPhb-pZXsl::before,.y8Rdrf .VfPpkd-StrnGf-rymPhb-ibnC6b.VfPpkd-StrnGf-rymPhb-ibnC6b-OWXEXe-gk6SMd.VfPpkd-ksKsZd-mWPk3d-OWXEXe-AHe6Kc-XpnDCe .VfPpkd-StrnGf-rymPhb-pZXsl::before,.y8Rdrf .VfPpkd-StrnGf-rymPhb-ibnC6b.VfPpkd-StrnGf-rymPhb-ibnC6b-OWXEXe-gk6SMd:not(.VfPpkd-ksKsZd-mWPk3d):focus .VfPpkd-StrnGf-rymPhb-pZXsl::before,.DMZ54e .VfPpkd-StrnGf-rymPhb-ibnC6b.VfPpkd-StrnGf-rymPhb-ibnC6b-OWXEXe-gk6SMd.VfPpkd-ksKsZd-mWPk3d-OWXEXe-AHe6Kc-XpnDCe .VfPpkd-StrnGf-rymPhb-pZXsl::before,.DMZ54e .VfPpkd-StrnGf-rymPhb-ibnC6b.VfPpkd-StrnGf-rymPhb-ibnC6b-OWXEXe-gk6SMd:not(.VfPpkd-ksKsZd-mWPk3d):focus .VfPpkd-StrnGf-rymPhb-pZXsl::before{transition-duration:75ms;opacity:.12;opacity:var(--mdc-ripple-focus-opacity,.12)}.P2Hi5d .VfPpkd-StrnGf-rymPhb-ibnC6b.VfPpkd-StrnGf-rymPhb-ibnC6b-OWXEXe-gk6SMd:not(.VfPpkd-ksKsZd-mWPk3d) .VfPpkd-StrnGf-rymPhb-pZXsl::after,.mkMxfe .VfPpkd-StrnGf-rymPhb-ibnC6b.VfPpkd-StrnGf-rymPhb-ibnC6b-OWXEXe-gk6SMd:not(.VfPpkd-ksKsZd-mWPk3d) .VfPpkd-StrnGf-rymPhb-pZXsl::after,.OBi8lb .VfPpkd-StrnGf-rymPhb-ibnC6b.VfPpkd-StrnGf-rymPhb-ibnC6b-OWXEXe-gk6SMd:not(.VfPpkd-ksKsZd-mWPk3d) .VfPpkd-StrnGf-rymPhb-pZXsl::after,.P9QRxe .VfPpkd-StrnGf-rymPhb-ibnC6b.VfPpkd-StrnGf-rymPhb-ibnC6b-OWXEXe-gk6SMd:not(.VfPpkd-ksKsZd-mWPk3d) .VfPpkd-StrnGf-rymPhb-pZXsl::after,.vqjb4e .VfPpkd-StrnGf-rymPhb-ibnC6b.VfPpkd-StrnGf-rymPhb-ibnC6b-OWXEXe-gk6SMd:not(.VfPpkd-ksKsZd-mWPk3d) .VfPpkd-StrnGf-rymPhb-pZXsl::after,.y8Rdrf .VfPpkd-StrnGf-rymPhb-ibnC6b.VfPpkd-StrnGf-rymPhb-ibnC6b-OWXEXe-gk6SMd:not(.VfPpkd-ksKsZd-mWPk3d) .VfPpkd-StrnGf-rymPhb-pZXsl::after,.DMZ54e .VfPpkd-StrnGf-rymPhb-ibnC6b.VfPpkd-StrnGf-rymPhb-ibnC6b-OWXEXe-gk6SMd:not(.VfPpkd-ksKsZd-mWPk3d) .VfPpkd-StrnGf-rymPhb-pZXsl::after{transition:opacity .15s linear}.P2Hi5d .VfPpkd-StrnGf-rymPhb-ibnC6b.VfPpkd-StrnGf-rymPhb-ibnC6b-OWXEXe-gk6SMd:not(.VfPpkd-ksKsZd-mWPk3d):active .VfPpkd-StrnGf-rymPhb-pZXsl::after,.mkMxfe .VfPpkd-StrnGf-rymPhb-ibnC6b.VfPpkd-StrnGf-rymPhb-ibnC6b-OWXEXe-gk6SMd:not(.VfPpkd-ksKsZd-mWPk3d):active .VfPpkd-StrnGf-rymPhb-pZXsl::after,.OBi8lb .VfPpkd-StrnGf-rymPhb-ibnC6b.VfPpkd-StrnGf-rymPhb-ibnC6b-OWXEXe-gk6SMd:not(.VfPpkd-ksKsZd-mWPk3d):active .VfPpkd-StrnGf-rymPhb-pZXsl::after,.P9QRxe .VfPpkd-StrnGf-rymPhb-ibnC6b.VfPpkd-StrnGf-rymPhb-ibnC6b-OWXEXe-gk6SMd:not(.VfPpkd-ksKsZd-mWPk3d):active .VfPpkd-StrnGf-rymPhb-pZXsl::after,.vqjb4e .VfPpkd-StrnGf-rymPhb-ibnC6b.VfPpkd-StrnGf-rymPhb-ibnC6b-OWXEXe-gk6SMd:not(.VfPpkd-ksKsZd-mWPk3d):active .VfPpkd-StrnGf-rymPhb-pZXsl::after,.y8Rdrf .VfPpkd-StrnGf-rymPhb-ibnC6b.VfPpkd-StrnGf-rymPhb-ibnC6b-OWXEXe-gk6SMd:not(.VfPpkd-ksKsZd-mWPk3d):active .VfPpkd-StrnGf-rymPhb-pZXsl::after,.DMZ54e .VfPpkd-StrnGf-rymPhb-ibnC6b.VfPpkd-StrnGf-rymPhb-ibnC6b-OWXEXe-gk6SMd:not(.VfPpkd-ksKsZd-mWPk3d):active .VfPpkd-StrnGf-rymPhb-pZXsl::after{transition-duration:75ms;opacity:.1;opacity:var(--mdc-ripple-press-opacity,.1)}.P2Hi5d .VfPpkd-StrnGf-rymPhb-ibnC6b.VfPpkd-StrnGf-rymPhb-ibnC6b-OWXEXe-gk6SMd.VfPpkd-ksKsZd-mWPk3d,.mkMxfe .VfPpkd-StrnGf-rymPhb-ibnC6b.VfPpkd-StrnGf-rymPhb-ibnC6b-OWXEXe-gk6SMd.VfPpkd-ksKsZd-mWPk3d,.OBi8lb .VfPpkd-StrnGf-rymPhb-ibnC6b.VfPpkd-StrnGf-rymPhb-ibnC6b-OWXEXe-gk6SMd.VfPpkd-ksKsZd-mWPk3d,.P9QRxe .VfPpkd-StrnGf-rymPhb-ibnC6b.VfPpkd-StrnGf-rymPhb-ibnC6b-OWXEXe-gk6SMd.VfPpkd-ksKsZd-mWPk3d,.vqjb4e .VfPpkd-StrnGf-rymPhb-ibnC6b.VfPpkd-StrnGf-rymPhb-ibnC6b-OWXEXe-gk6SMd.VfPpkd-ksKsZd-mWPk3d,.y8Rdrf .VfPpkd-StrnGf-rymPhb-ibnC6b.VfPpkd-StrnGf-rymPhb-ibnC6b-OWXEXe-gk6SMd.VfPpkd-ksKsZd-mWPk3d,.DMZ54e .VfPpkd-StrnGf-rymPhb-ibnC6b.VfPpkd-StrnGf-rymPhb-ibnC6b-OWXEXe-gk6SMd.VfPpkd-ksKsZd-mWPk3d{--mdc-ripple-fg-opacity:var(--mdc-ripple-press-opacity,0.1)}@media (-ms-high-contrast:active),screen and (forced-colors:active){.P2Hi5d .VfPpkd-StrnGf-rymPhb-ibnC6b-OWXEXe-OWB6Me .VfPpkd-StrnGf-rymPhb-b9t22c,.P2Hi5d .VfPpkd-StrnGf-rymPhb-ibnC6b-OWXEXe-OWB6Me .VfPpkd-StrnGf-rymPhb-fpDzbe-fmcmS,.P2Hi5d .VfPpkd-StrnGf-rymPhb-ibnC6b-OWXEXe-OWB6Me .VfPpkd-StrnGf-rymPhb-L8ivfd-fmcmS,.mkMxfe .VfPpkd-StrnGf-rymPhb-ibnC6b-OWXEXe-OWB6Me .VfPpkd-StrnGf-rymPhb-b9t22c,.mkMxfe .VfPpkd-StrnGf-rymPhb-ibnC6b-OWXEXe-OWB6Me .VfPpkd-StrnGf-rymPhb-fpDzbe-fmcmS,.mkMxfe .VfPpkd-StrnGf-rymPhb-ibnC6b-OWXEXe-OWB6Me .VfPpkd-StrnGf-rymPhb-L8ivfd-fmcmS,.OBi8lb .VfPpkd-StrnGf-rymPhb-ibnC6b-OWXEXe-OWB6Me .VfPpkd-StrnGf-rymPhb-b9t22c,.OBi8lb .VfPpkd-StrnGf-rymPhb-ibnC6b-OWXEXe-OWB6Me .VfPpkd-StrnGf-rymPhb-fpDzbe-fmcmS,.OBi8lb .VfPpkd-StrnGf-rymPhb-ibnC6b-OWXEXe-OWB6Me .VfPpkd-StrnGf-rymPhb-L8ivfd-fmcmS,.P9QRxe .VfPpkd-StrnGf-rymPhb-ibnC6b-OWXEXe-OWB6Me .VfPpkd-StrnGf-rymPhb-b9t22c,.P9QRxe .VfPpkd-StrnGf-rymPhb-ibnC6b-OWXEXe-OWB6Me .VfPpkd-StrnGf-rymPhb-fpDzbe-fmcmS,.P9QRxe .VfPpkd-StrnGf-rymPhb-ibnC6b-OWXEXe-OWB6Me .VfPpkd-StrnGf-rymPhb-L8ivfd-fmcmS,.vqjb4e .VfPpkd-StrnGf-rymPhb-ibnC6b-OWXEXe-OWB6Me .VfPpkd-StrnGf-rymPhb-b9t22c,.vqjb4e .VfPpkd-StrnGf-rymPhb-ibnC6b-OWXEXe-OWB6Me .VfPpkd-StrnGf-rymPhb-fpDzbe-fmcmS,.vqjb4e .VfPpkd-StrnGf-rymPhb-ibnC6b-OWXEXe-OWB6Me .VfPpkd-StrnGf-rymPhb-L8ivfd-fmcmS,.y8Rdrf .VfPpkd-StrnGf-rymPhb-ibnC6b-OWXEXe-OWB6Me .VfPpkd-StrnGf-rymPhb-b9t22c,.y8Rdrf .VfPpkd-StrnGf-rymPhb-ibnC6b-OWXEXe-OWB6Me .VfPpkd-StrnGf-rymPhb-fpDzbe-fmcmS,.y8Rdrf .VfPpkd-StrnGf-rymPhb-ibnC6b-OWXEXe-OWB6Me .VfPpkd-StrnGf-rymPhb-L8ivfd-fmcmS,.DMZ54e .VfPpkd-StrnGf-rymPhb-ibnC6b-OWXEXe-OWB6Me .VfPpkd-StrnGf-rymPhb-b9t22c,.DMZ54e .VfPpkd-StrnGf-rymPhb-ibnC6b-OWXEXe-OWB6Me .VfPpkd-StrnGf-rymPhb-fpDzbe-fmcmS,.DMZ54e .VfPpkd-StrnGf-rymPhb-ibnC6b-OWXEXe-OWB6Me .VfPpkd-StrnGf-rymPhb-L8ivfd-fmcmS{color:GrayText}.P2Hi5d .VfPpkd-StrnGf-rymPhb-ibnC6b-OWXEXe-OWB6Me .VfPpkd-StrnGf-rymPhb-b9t22c,.mkMxfe .VfPpkd-StrnGf-rymPhb-ibnC6b-OWXEXe-OWB6Me .VfPpkd-StrnGf-rymPhb-b9t22c,.OBi8lb .VfPpkd-StrnGf-rymPhb-ibnC6b-OWXEXe-OWB6Me .VfPpkd-StrnGf-rymPhb-b9t22c,.P9QRxe .VfPpkd-StrnGf-rymPhb-ibnC6b-OWXEXe-OWB6Me .VfPpkd-StrnGf-rymPhb-b9t22c,.vqjb4e .VfPpkd-StrnGf-rymPhb-ibnC6b-OWXEXe-OWB6Me .VfPpkd-StrnGf-rymPhb-b9t22c,.y8Rdrf .VfPpkd-StrnGf-rymPhb-ibnC6b-OWXEXe-OWB6Me .VfPpkd-StrnGf-rymPhb-b9t22c,.DMZ54e .VfPpkd-StrnGf-rymPhb-ibnC6b-OWXEXe-OWB6Me .VfPpkd-StrnGf-rymPhb-b9t22c{opacity:1}}.P2Hi5d .VfPpkd-StrnGf-rymPhb-ibnC6b{padding-left:24px;padding-right:16px}[dir=rtl] .P2Hi5d .VfPpkd-StrnGf-rymPhb-ibnC6b,.P2Hi5d .VfPpkd-StrnGf-rymPhb-ibnC6b[dir=rtl]{padding-left:16px;padding-right:24px}.P2Hi5d .VfPpkd-StrnGf-rymPhb-clz4Ic-OWXEXe-YbohUe-M1Soyc{margin-left:24px;margin-right:0;width:calc(100% - 24px)}[dir=rtl] .P2Hi5d .VfPpkd-StrnGf-rymPhb-clz4Ic-OWXEXe-YbohUe-M1Soyc,.P2Hi5d .VfPpkd-StrnGf-rymPhb-clz4Ic-OWXEXe-YbohUe-M1Soyc[dir=rtl]{margin-left:0;margin-right:24px}.P2Hi5d .VfPpkd-StrnGf-rymPhb-clz4Ic-OWXEXe-YbohUe-UbuQg{width:calc(100% - 16px)}.P2Hi5d .VfPpkd-StrnGf-rymPhb-clz4Ic-OWXEXe-YbohUe-M1Soyc.VfPpkd-StrnGf-rymPhb-clz4Ic-OWXEXe-YbohUe-UbuQg{margin-left:24px;margin-right:0;width:calc(100% - 40px)}[dir=rtl] .P2Hi5d .VfPpkd-StrnGf-rymPhb-clz4Ic-OWXEXe-YbohUe-M1Soyc.VfPpkd-StrnGf-rymPhb-clz4Ic-OWXEXe-YbohUe-UbuQg,.P2Hi5d .VfPpkd-StrnGf-rymPhb-clz4Ic-OWXEXe-YbohUe-M1Soyc.VfPpkd-StrnGf-rymPhb-clz4Ic-OWXEXe-YbohUe-UbuQg[dir=rtl]{margin-left:0;margin-right:24px}.P2Hi5d .VfPpkd-StrnGf-rymPhb-clz4Ic-OWXEXe-YbohUe-M1Soyc.VfPpkd-StrnGf-rymPhb-clz4Ic-OWXEXe-QFlW2{margin-left:24px;margin-right:0;width:calc(100% - 24px)}[dir=rtl] .P2Hi5d .VfPpkd-StrnGf-rymPhb-clz4Ic-OWXEXe-YbohUe-M1Soyc.VfPpkd-StrnGf-rymPhb-clz4Ic-OWXEXe-QFlW2,.P2Hi5d .VfPpkd-StrnGf-rymPhb-clz4Ic-OWXEXe-YbohUe-M1Soyc.VfPpkd-StrnGf-rymPhb-clz4Ic-OWXEXe-QFlW2[dir=rtl]{margin-left:0;margin-right:24px}.P2Hi5d .VfPpkd-StrnGf-rymPhb-clz4Ic-OWXEXe-YbohUe-M1Soyc.VfPpkd-StrnGf-rymPhb-clz4Ic-OWXEXe-YbohUe-UbuQg.VfPpkd-StrnGf-rymPhb-clz4Ic-OWXEXe-YbohUe-QFlW2{margin-left:24px;margin-right:0;width:calc(100% - 40px)}[dir=rtl] .P2Hi5d .VfPpkd-StrnGf-rymPhb-clz4Ic-OWXEXe-YbohUe-M1Soyc.VfPpkd-StrnGf-rymPhb-clz4Ic-OWXEXe-YbohUe-UbuQg.VfPpkd-StrnGf-rymPhb-clz4Ic-OWXEXe-YbohUe-QFlW2,.P2Hi5d .VfPpkd-StrnGf-rymPhb-clz4Ic-OWXEXe-YbohUe-M1Soyc.VfPpkd-StrnGf-rymPhb-clz4Ic-OWXEXe-YbohUe-UbuQg.VfPpkd-StrnGf-rymPhb-clz4Ic-OWXEXe-YbohUe-QFlW2[dir=rtl]{margin-left:0;margin-right:24px}.mkMxfe .VfPpkd-StrnGf-rymPhb-ibnC6b .VfPpkd-StrnGf-rymPhb-f7MjDc{margin-left:0;margin-right:16px}[dir=rtl] .mkMxfe .VfPpkd-StrnGf-rymPhb-ibnC6b .VfPpkd-StrnGf-rymPhb-f7MjDc,.mkMxfe .VfPpkd-StrnGf-rymPhb-ibnC6b .VfPpkd-StrnGf-rymPhb-f7MjDc[dir=rtl]{margin-left:16px;margin-right:0}.mkMxfe .VfPpkd-StrnGf-rymPhb-clz4Ic-OWXEXe-YbohUe-M1Soyc{margin-left:56px;margin-right:0;width:calc(100% - 56px)}[dir=rtl] .mkMxfe .VfPpkd-StrnGf-rymPhb-clz4Ic-OWXEXe-YbohUe-M1Soyc,.mkMxfe .VfPpkd-StrnGf-rymPhb-clz4Ic-OWXEXe-YbohUe-M1Soyc[dir=rtl]{margin-left:0;margin-right:56px}.mkMxfe .VfPpkd-StrnGf-rymPhb-clz4Ic-OWXEXe-YbohUe-UbuQg{width:calc(100% - 16px)}.mkMxfe .VfPpkd-StrnGf-rymPhb-clz4Ic-OWXEXe-YbohUe-M1Soyc.VfPpkd-StrnGf-rymPhb-clz4Ic-OWXEXe-YbohUe-UbuQg{margin-left:56px;margin-right:0;width:calc(100% - 72px)}[dir=rtl] .mkMxfe .VfPpkd-StrnGf-rymPhb-clz4Ic-OWXEXe-YbohUe-M1Soyc.VfPpkd-StrnGf-rymPhb-clz4Ic-OWXEXe-YbohUe-UbuQg,.mkMxfe .VfPpkd-StrnGf-rymPhb-clz4Ic-OWXEXe-YbohUe-M1Soyc.VfPpkd-StrnGf-rymPhb-clz4Ic-OWXEXe-YbohUe-UbuQg[dir=rtl]{margin-left:0;margin-right:56px}.mkMxfe .VfPpkd-StrnGf-rymPhb-clz4Ic-OWXEXe-YbohUe-M1Soyc.VfPpkd-StrnGf-rymPhb-clz4Ic-OWXEXe-QFlW2{margin-left:16px;margin-right:0;width:calc(100% - 16px)}[dir=rtl] .mkMxfe .VfPpkd-StrnGf-rymPhb-clz4Ic-OWXEXe-YbohUe-M1Soyc.VfPpkd-StrnGf-rymPhb-clz4Ic-OWXEXe-QFlW2,.mkMxfe .VfPpkd-StrnGf-rymPhb-clz4Ic-OWXEXe-YbohUe-M1Soyc.VfPpkd-StrnGf-rymPhb-clz4Ic-OWXEXe-QFlW2[dir=rtl]{margin-left:0;margin-right:16px}.mkMxfe .VfPpkd-StrnGf-rymPhb-clz4Ic-OWXEXe-YbohUe-M1Soyc.VfPpkd-StrnGf-rymPhb-clz4Ic-OWXEXe-YbohUe-UbuQg.VfPpkd-StrnGf-rymPhb-clz4Ic-OWXEXe-YbohUe-QFlW2{margin-left:16px;margin-right:0;width:calc(100% - 32px)}[dir=rtl] .mkMxfe .VfPpkd-StrnGf-rymPhb-clz4Ic-OWXEXe-YbohUe-M1Soyc.VfPpkd-StrnGf-rymPhb-clz4Ic-OWXEXe-YbohUe-UbuQg.VfPpkd-StrnGf-rymPhb-clz4Ic-OWXEXe-YbohUe-QFlW2,.mkMxfe .VfPpkd-StrnGf-rymPhb-clz4Ic-OWXEXe-YbohUe-M1Soyc.VfPpkd-StrnGf-rymPhb-clz4Ic-OWXEXe-YbohUe-UbuQg.VfPpkd-StrnGf-rymPhb-clz4Ic-OWXEXe-YbohUe-QFlW2[dir=rtl]{margin-left:0;margin-right:16px}.r6B9Fd{font-family:Roboto,Arial,sans-serif;line-height:1.5rem;font-size:1rem;letter-spacing:.00625em;font-weight:400}.r6B9Fd .VfPpkd-rymPhb-Gtdoyb,.r6B9Fd .VfPpkd-rymPhb-fpDzbe-fmcmS{color:rgb(60,64,67)}.r6B9Fd .VfPpkd-rymPhb-L8ivfd-fmcmS,.r6B9Fd .VfPpkd-rymPhb-bC5pod-fmcmS,.r6B9Fd .VfPpkd-rymPhb-JMEf7e{color:rgb(95,99,104)}.r6B9Fd .VfPpkd-rymPhb-ibnC6b-OWXEXe-SfQLQb-M1Soyc-Bz112c .VfPpkd-rymPhb-KkROqb,.r6B9Fd .VfPpkd-rymPhb-ibnC6b-OWXEXe-SfQLQb-UbuQg-Bz112c .VfPpkd-rymPhb-JMEf7e,.r6B9Fd .VfPpkd-rymPhb-ibnC6b-OWXEXe-OWB6Me .VfPpkd-rymPhb-Gtdoyb,.r6B9Fd .VfPpkd-rymPhb-ibnC6b-OWXEXe-OWB6Me .VfPpkd-rymPhb-fpDzbe-fmcmS,.r6B9Fd .VfPpkd-rymPhb-ibnC6b-OWXEXe-OWB6Me .VfPpkd-rymPhb-L8ivfd-fmcmS,.r6B9Fd .VfPpkd-rymPhb-ibnC6b-OWXEXe-OWB6Me .VfPpkd-rymPhb-bC5pod-fmcmS,.r6B9Fd .VfPpkd-rymPhb-ibnC6b-OWXEXe-OWB6Me.VfPpkd-rymPhb-ibnC6b-OWXEXe-SfQLQb-M1Soyc-Bz112c .VfPpkd-rymPhb-KkROqb,.r6B9Fd .VfPpkd-rymPhb-ibnC6b-OWXEXe-OWB6Me.VfPpkd-rymPhb-ibnC6b-OWXEXe-SfQLQb-UbuQg-Bz112c .VfPpkd-rymPhb-JMEf7e,.r6B9Fd .VfPpkd-rymPhb-ibnC6b-OWXEXe-OWB6Me.VfPpkd-rymPhb-ibnC6b-OWXEXe-SfQLQb-UbuQg-r4m2rf .VfPpkd-rymPhb-JMEf7e{color:rgb(60,64,67)}.r6B9Fd .VfPpkd-rymPhb-ibnC6b-OWXEXe-OWB6Me .VfPpkd-rymPhb-KkROqb,.r6B9Fd .VfPpkd-rymPhb-ibnC6b-OWXEXe-OWB6Me .VfPpkd-rymPhb-Gtdoyb,.r6B9Fd .VfPpkd-rymPhb-ibnC6b-OWXEXe-OWB6Me .VfPpkd-rymPhb-JMEf7e{opacity:.38}.r6B9Fd .VfPpkd-rymPhb-ibnC6b-OWXEXe-gk6SMd .VfPpkd-rymPhb-Gtdoyb,.r6B9Fd .VfPpkd-rymPhb-ibnC6b-OWXEXe-gk6SMd .VfPpkd-rymPhb-fpDzbe-fmcmS,.r6B9Fd .VfPpkd-rymPhb-ibnC6b-OWXEXe-pXU01b .VfPpkd-rymPhb-Gtdoyb,.r6B9Fd .VfPpkd-rymPhb-ibnC6b-OWXEXe-pXU01b .VfPpkd-rymPhb-fpDzbe-fmcmS,.r6B9Fd .VfPpkd-rymPhb-ibnC6b-OWXEXe-gk6SMd.VfPpkd-rymPhb-ibnC6b-OWXEXe-SfQLQb-M1Soyc-Bz112c .VfPpkd-rymPhb-KkROqb,.r6B9Fd .VfPpkd-rymPhb-ibnC6b-OWXEXe-pXU01b.VfPpkd-rymPhb-ibnC6b-OWXEXe-SfQLQb-M1Soyc-Bz112c .VfPpkd-rymPhb-KkROqb{color:rgb(60,64,67)}.r6B9Fd .VfPpkd-rymPhb-ibnC6b-OWXEXe-gk6SMd .VfPpkd-rymPhb-pZXsl::before{opacity:0}.r6B9Fd .VfPpkd-rymPhb-ibnC6b.VfPpkd-rymPhb-ibnC6b-OWXEXe-gk6SMd{background-color:rgb(232,240,254)}.r6B9Fd .VfPpkd-rymPhb-ibnC6b.VfPpkd-rymPhb-ibnC6b-OWXEXe-gk6SMd .VfPpkd-rymPhb-pZXsl::before,.r6B9Fd .VfPpkd-rymPhb-ibnC6b.VfPpkd-rymPhb-ibnC6b-OWXEXe-gk6SMd .VfPpkd-rymPhb-pZXsl::after{background-color:rgb(26,115,232);background-color:var(--mdc-ripple-color,rgb(26,115,232))}.r6B9Fd .VfPpkd-rymPhb-ibnC6b.VfPpkd-rymPhb-ibnC6b-OWXEXe-gk6SMd:hover .VfPpkd-rymPhb-pZXsl::before,.r6B9Fd .VfPpkd-rymPhb-ibnC6b.VfPpkd-rymPhb-ibnC6b-OWXEXe-gk6SMd.VfPpkd-ksKsZd-XxIAqe-OWXEXe-ZmdkE .VfPpkd-rymPhb-pZXsl::before{opacity:.04;opacity:var(--mdc-ripple-hover-opacity,.04)}.r6B9Fd .VfPpkd-rymPhb-ibnC6b.VfPpkd-rymPhb-ibnC6b-OWXEXe-gk6SMd.VfPpkd-ksKsZd-mWPk3d-OWXEXe-AHe6Kc-XpnDCe .VfPpkd-rymPhb-pZXsl::before,.r6B9Fd .VfPpkd-rymPhb-ibnC6b.VfPpkd-rymPhb-ibnC6b-OWXEXe-gk6SMd:not(.VfPpkd-ksKsZd-mWPk3d):focus .VfPpkd-rymPhb-pZXsl::before{transition-duration:75ms;opacity:.12;opacity:var(--mdc-ripple-focus-opacity,.12)}.r6B9Fd .VfPpkd-rymPhb-ibnC6b.VfPpkd-rymPhb-ibnC6b-OWXEXe-gk6SMd:not(.VfPpkd-ksKsZd-mWPk3d) .VfPpkd-rymPhb-pZXsl::after{transition:opacity .15s linear}.r6B9Fd .VfPpkd-rymPhb-ibnC6b.VfPpkd-rymPhb-ibnC6b-OWXEXe-gk6SMd:not(.VfPpkd-ksKsZd-mWPk3d):active .VfPpkd-rymPhb-pZXsl::after{transition-duration:75ms;opacity:.1;opacity:var(--mdc-ripple-press-opacity,.1)}.r6B9Fd .VfPpkd-rymPhb-ibnC6b.VfPpkd-rymPhb-ibnC6b-OWXEXe-gk6SMd.VfPpkd-ksKsZd-mWPk3d{--mdc-ripple-fg-opacity:var(--mdc-ripple-press-opacity,0.1)}@media screen and (forced-colors:active){.r6B9Fd .VfPpkd-rymPhb-ibnC6b-OWXEXe-OWB6Me .VfPpkd-rymPhb-Gtdoyb,.r6B9Fd .VfPpkd-rymPhb-ibnC6b-OWXEXe-OWB6Me .VfPpkd-rymPhb-fpDzbe-fmcmS,.r6B9Fd .VfPpkd-rymPhb-ibnC6b-OWXEXe-OWB6Me .VfPpkd-rymPhb-L8ivfd-fmcmS,.r6B9Fd .VfPpkd-rymPhb-ibnC6b-OWXEXe-OWB6Me .VfPpkd-rymPhb-bC5pod-fmcmS,.r6B9Fd .VfPpkd-rymPhb-ibnC6b-OWXEXe-OWB6Me.VfPpkd-rymPhb-ibnC6b-OWXEXe-SfQLQb-M1Soyc-Bz112c .VfPpkd-rymPhb-KkROqb,.r6B9Fd .VfPpkd-rymPhb-ibnC6b-OWXEXe-OWB6Me.VfPpkd-rymPhb-ibnC6b-OWXEXe-SfQLQb-UbuQg-Bz112c .VfPpkd-rymPhb-JMEf7e,.r6B9Fd .VfPpkd-rymPhb-ibnC6b-OWXEXe-OWB6Me.VfPpkd-rymPhb-ibnC6b-OWXEXe-SfQLQb-UbuQg-r4m2rf .VfPpkd-rymPhb-JMEf7e{color:GrayText}.r6B9Fd .VfPpkd-rymPhb-ibnC6b-OWXEXe-OWB6Me .VfPpkd-rymPhb-KkROqb,.r6B9Fd .VfPpkd-rymPhb-ibnC6b-OWXEXe-OWB6Me .VfPpkd-rymPhb-Gtdoyb,.r6B9Fd .VfPpkd-rymPhb-ibnC6b-OWXEXe-OWB6Me .VfPpkd-rymPhb-JMEf7e{opacity:1}}.uTZ9Lb.VfPpkd-rymPhb-ibnC6b-OWXEXe-SfQLQb-aSi1db-MCEKJb .VfPpkd-rymPhb-KkROqb,.FvXOfd.VfPpkd-rymPhb-ibnC6b-OWXEXe-SfQLQb-aSi1db-MCEKJb .VfPpkd-rymPhb-KkROqb,.QrsYgb.VfPpkd-rymPhb-ibnC6b-OWXEXe-SfQLQb-aSi1db-MCEKJb .VfPpkd-rymPhb-KkROqb,.gfwIBd.VfPpkd-rymPhb-ibnC6b-OWXEXe-SfQLQb-aSi1db-MCEKJb .VfPpkd-rymPhb-KkROqb{align-self:center;margin-top:0}.HiC7Nc.VfPpkd-rymPhb-ibnC6b-OWXEXe-SfQLQb-Woal0c-RWgCYc{height:56px}.HiC7Nc.VfPpkd-rymPhb-ibnC6b-OWXEXe-SfQLQb-M1Soyc-HiaYvf.VfPpkd-rymPhb-ibnC6b-OWXEXe-SfQLQb-Woal0c-RWgCYc,.HiC7Nc.VfPpkd-rymPhb-ibnC6b-OWXEXe-SfQLQb-M1Soyc-aTv5jf.VfPpkd-rymPhb-ibnC6b-OWXEXe-SfQLQb-Woal0c-RWgCYc{height:72px}.UbEQCe.VfPpkd-rymPhb-ibnC6b{padding-left:0;padding-right:auto}[dir=rtl] .UbEQCe.VfPpkd-rymPhb-ibnC6b,.UbEQCe.VfPpkd-rymPhb-ibnC6b[dir=rtl]{padding-left:auto;padding-right:0}.UbEQCe .VfPpkd-rymPhb-KkROqb{margin-left:16px;margin-right:16px}[dir=rtl] .UbEQCe .VfPpkd-rymPhb-KkROqb,.UbEQCe .VfPpkd-rymPhb-KkROqb[dir=rtl]{margin-left:16px;margin-right:16px}.rKASPc.VfPpkd-rymPhb-ibnC6b{padding-left:0;padding-right:auto}[dir=rtl] .rKASPc.VfPpkd-rymPhb-ibnC6b,.rKASPc.VfPpkd-rymPhb-ibnC6b[dir=rtl]{padding-left:auto;padding-right:0}.rKASPc .VfPpkd-rymPhb-KkROqb{margin-left:8px;margin-right:8px}[dir=rtl] .rKASPc .VfPpkd-rymPhb-KkROqb,.rKASPc .VfPpkd-rymPhb-KkROqb[dir=rtl]{margin-left:8px;margin-right:8px}.rKASPc.VfPpkd-rymPhb-ibnC6b-OWXEXe-SfQLQb-aSi1db-MCEKJb .VfPpkd-rymPhb-KkROqb{align-self:flex-start;margin-top:8px}.U5k4Fd.VfPpkd-rymPhb-ibnC6b{padding-left:0;padding-right:auto}[dir=rtl] .U5k4Fd.VfPpkd-rymPhb-ibnC6b,.U5k4Fd.VfPpkd-rymPhb-ibnC6b[dir=rtl]{padding-left:auto;padding-right:0}.U5k4Fd .VfPpkd-rymPhb-KkROqb{margin-left:8px;margin-right:8px}[dir=rtl] .U5k4Fd .VfPpkd-rymPhb-KkROqb,.U5k4Fd .VfPpkd-rymPhb-KkROqb[dir=rtl]{margin-left:8px;margin-right:8px}.U5k4Fd.VfPpkd-rymPhb-ibnC6b-OWXEXe-SfQLQb-aSi1db-MCEKJb .VfPpkd-rymPhb-KkROqb{align-self:flex-start;margin-top:8px}.ifEyr.VfPpkd-rymPhb-ibnC6b{padding-left:0;padding-right:auto}[dir=rtl] .ifEyr.VfPpkd-rymPhb-ibnC6b,.ifEyr.VfPpkd-rymPhb-ibnC6b[dir=rtl]{padding-left:auto;padding-right:0}.ifEyr .VfPpkd-rymPhb-KkROqb{margin-left:8px;margin-right:8px}[dir=rtl] .ifEyr .VfPpkd-rymPhb-KkROqb,.ifEyr .VfPpkd-rymPhb-KkROqb[dir=rtl]{margin-left:8px;margin-right:8px}.ifEyr.VfPpkd-rymPhb-ibnC6b-OWXEXe-SfQLQb-aSi1db-MCEKJb .VfPpkd-rymPhb-KkROqb{align-self:flex-start;margin-top:8px}.SNowt.VfPpkd-rymPhb-ibnC6b{padding-left:auto;padding-right:0}[dir=rtl] .SNowt.VfPpkd-rymPhb-ibnC6b,.SNowt.VfPpkd-rymPhb-ibnC6b[dir=rtl]{padding-left:0;padding-right:auto}.SNowt .VfPpkd-rymPhb-JMEf7e{margin-left:8px;margin-right:16px}[dir=rtl] .SNowt .VfPpkd-rymPhb-JMEf7e,.SNowt .VfPpkd-rymPhb-JMEf7e[dir=rtl]{margin-left:16px;margin-right:8px}.tfmWAf.VfPpkd-rymPhb-ibnC6b{padding-left:auto;padding-right:0}[dir=rtl] .tfmWAf.VfPpkd-rymPhb-ibnC6b,.tfmWAf.VfPpkd-rymPhb-ibnC6b[dir=rtl]{padding-left:0;padding-right:auto}.tfmWAf .VfPpkd-rymPhb-JMEf7e{margin-left:8px;margin-right:16px}[dir=rtl] .tfmWAf .VfPpkd-rymPhb-JMEf7e,.tfmWAf .VfPpkd-rymPhb-JMEf7e[dir=rtl]{margin-left:16px;margin-right:8px}.axtYbd.VfPpkd-rymPhb-ibnC6b{padding-left:auto;padding-right:0}[dir=rtl] .axtYbd.VfPpkd-rymPhb-ibnC6b,.axtYbd.VfPpkd-rymPhb-ibnC6b[dir=rtl]{padding-left:0;padding-right:auto}.axtYbd .VfPpkd-rymPhb-JMEf7e{margin-left:16px;margin-right:24px}[dir=rtl] .axtYbd .VfPpkd-rymPhb-JMEf7e,.axtYbd .VfPpkd-rymPhb-JMEf7e[dir=rtl]{margin-left:24px;margin-right:16px}.aopLEb.VfPpkd-rymPhb-ibnC6b{padding-left:auto;padding-right:0}[dir=rtl] .aopLEb.VfPpkd-rymPhb-ibnC6b,.aopLEb.VfPpkd-rymPhb-ibnC6b[dir=rtl]{padding-left:0;padding-right:auto}.aopLEb .VfPpkd-rymPhb-JMEf7e{margin-left:16px;margin-right:24px}[dir=rtl] .aopLEb .VfPpkd-rymPhb-JMEf7e,.aopLEb .VfPpkd-rymPhb-JMEf7e[dir=rtl]{margin-left:24px;margin-right:16px}.zlqiud.VfPpkd-rymPhb-ibnC6b{padding-left:auto;padding-right:0}[dir=rtl] .zlqiud.VfPpkd-rymPhb-ibnC6b,.zlqiud.VfPpkd-rymPhb-ibnC6b[dir=rtl]{padding-left:0;padding-right:auto}.zlqiud .VfPpkd-rymPhb-JMEf7e{margin-left:16px;margin-right:24px}[dir=rtl] .zlqiud .VfPpkd-rymPhb-JMEf7e,.zlqiud .VfPpkd-rymPhb-JMEf7e[dir=rtl]{margin-left:24px;margin-right:16px}.isC8Y.VfPpkd-rymPhb-clz4Ic-OWXEXe-SfQLQb-M1Soyc-YbohUe{padding-left:24px;padding-right:auto}[dir=rtl] .isC8Y.VfPpkd-rymPhb-clz4Ic-OWXEXe-SfQLQb-M1Soyc-YbohUe,.isC8Y.VfPpkd-rymPhb-clz4Ic-OWXEXe-SfQLQb-M1Soyc-YbohUe[dir=rtl]{padding-left:auto;padding-right:24px}.MCs1Pd{padding-left:24px;padding-right:24px}[dir=rtl] .MCs1Pd,.MCs1Pd[dir=rtl]{padding-left:24px;padding-right:24px}.e6pQl.VfPpkd-rymPhb-clz4Ic-OWXEXe-SfQLQb-UbuQg-YbohUe{padding-left:auto;padding-right:24px}[dir=rtl] .e6pQl.VfPpkd-rymPhb-clz4Ic-OWXEXe-SfQLQb-UbuQg-YbohUe,.e6pQl.VfPpkd-rymPhb-clz4Ic-OWXEXe-SfQLQb-UbuQg-YbohUe[dir=rtl]{padding-left:24px;padding-right:auto}[dir=rtl] .e6pQl,.e6pQl[dir=rtl]{padding:0}.VfPpkd-xl07Ob-XxIAqe{display:none;position:absolute;box-sizing:border-box;margin:0;padding:0;transform:scale(1);transform-origin:top left;opacity:0;overflow:auto;will-change:transform,opacity;box-shadow:0 5px 5px -3px rgba(0,0,0,.2),0 8px 10px 1px rgba(0,0,0,.14),0 3px 14px 2px rgba(0,0,0,.12);transform-origin-left:top left;transform-origin-right:top right}.VfPpkd-xl07Ob-XxIAqe:focus{outline:none}.VfPpkd-xl07Ob-XxIAqe-OWXEXe-oT9UPb-FNFY6c{display:inline-block;transform:scale(.8);opacity:0}.VfPpkd-xl07Ob-XxIAqe-OWXEXe-FNFY6c{display:inline-block;transform:scale(1);opacity:1}.VfPpkd-xl07Ob-XxIAqe-OWXEXe-oT9UPb-xTMeO{display:inline-block;opacity:0}[dir=rtl] .VfPpkd-xl07Ob-XxIAqe,.VfPpkd-xl07Ob-XxIAqe[dir=rtl]{transform-origin-left:top right;transform-origin-right:top left}.VfPpkd-xl07Ob-XxIAqe-OWXEXe-oYxtQd{position:relative;overflow:visible}.VfPpkd-xl07Ob-XxIAqe-OWXEXe-qbOKL{position:fixed}.VfPpkd-xl07Ob-XxIAqe-OWXEXe-tsQazb{width:100%}.VfPpkd-xl07Ob-XxIAqe{max-width:calc(100vw - 32px);max-width:var(--mdc-menu-max-width,calc(100vw - 32px));max-height:calc(100vh - 32px);max-height:var(--mdc-menu-max-height,calc(100vh - 32px));z-index:8;transition:opacity .03s linear,transform .12s cubic-bezier(0,0,.2,1),height .25s cubic-bezier(0,0,.2,1);background-color:#fff;background-color:var(--mdc-theme-surface,#fff);color:#000;color:var(--mdc-theme-on-surface,#000);border-radius:4px;border-radius:var(--mdc-shape-medium,4px)}.VfPpkd-xl07Ob-XxIAqe-OWXEXe-oT9UPb-xTMeO{transition:opacity 75ms linear}.UQ5E0{box-shadow:0 3px 5px -1px rgba(0,0,0,.2),0 6px 10px 0 rgba(0,0,0,.14),0 1px 18px 0 rgba(0,0,0,.12)}.VfPpkd-xl07Ob{min-width:112px;min-width:var(--mdc-menu-min-width,112px)}.VfPpkd-xl07Ob .VfPpkd-StrnGf-rymPhb-IhFlZd,.VfPpkd-xl07Ob .VfPpkd-StrnGf-rymPhb-f7MjDc{color:rgba(0,0,0,.87)}.VfPpkd-xl07Ob .VfPpkd-xl07Ob-ibnC6b-OWXEXe-eKm5Fc-FNFY6c .VfPpkd-StrnGf-rymPhb-pZXsl::before{opacity:.04}.VfPpkd-xl07Ob .VfPpkd-xl07Ob-ibnC6b-OWXEXe-eKm5Fc-FNFY6c .VfPpkd-rymPhb-pZXsl::before{opacity:.04}.VfPpkd-xl07Ob .VfPpkd-StrnGf-rymPhb{color:rgba(0,0,0,.87)}.VfPpkd-xl07Ob .VfPpkd-StrnGf-rymPhb,.VfPpkd-xl07Ob .VfPpkd-rymPhb{position:relative;border-radius:inherit}.VfPpkd-xl07Ob .VfPpkd-StrnGf-rymPhb .VfPpkd-BFbNVe-bF1uUb,.VfPpkd-xl07Ob .VfPpkd-rymPhb .VfPpkd-BFbNVe-bF1uUb{width:100%;height:100%;top:0;left:0}.VfPpkd-xl07Ob .VfPpkd-StrnGf-rymPhb::before,.VfPpkd-xl07Ob .VfPpkd-rymPhb::before{position:absolute;box-sizing:border-box;width:100%;height:100%;top:0;left:0;border:1px solid transparent;border-radius:inherit;content:"";pointer-events:none}@media screen and (forced-colors:active){.VfPpkd-xl07Ob .VfPpkd-StrnGf-rymPhb::before,.VfPpkd-xl07Ob .VfPpkd-rymPhb::before{border-color:CanvasText}}.VfPpkd-xl07Ob .VfPpkd-StrnGf-rymPhb-clz4Ic{margin:8px 0}.VfPpkd-xl07Ob .VfPpkd-StrnGf-rymPhb-ibnC6b{user-select:none}.VfPpkd-xl07Ob .VfPpkd-StrnGf-rymPhb-ibnC6b-OWXEXe-OWB6Me{cursor:auto}.VfPpkd-xl07Ob a.VfPpkd-StrnGf-rymPhb-ibnC6b .VfPpkd-StrnGf-rymPhb-b9t22c,.VfPpkd-xl07Ob a.VfPpkd-StrnGf-rymPhb-ibnC6b .VfPpkd-StrnGf-rymPhb-f7MjDc{pointer-events:none}.VfPpkd-qPzbhe-JNdkSc{padding:0;fill:currentColor}.VfPpkd-qPzbhe-JNdkSc .VfPpkd-StrnGf-rymPhb-ibnC6b{padding-left:56px;padding-right:16px}[dir=rtl] .VfPpkd-qPzbhe-JNdkSc .VfPpkd-StrnGf-rymPhb-ibnC6b,.VfPpkd-qPzbhe-JNdkSc .VfPpkd-StrnGf-rymPhb-ibnC6b[dir=rtl]{padding-left:16px;padding-right:56px}.VfPpkd-qPzbhe-JNdkSc .VfPpkd-qPzbhe-JNdkSc-Bz112c{left:16px;right:auto;visibility:hidden;position:absolute;top:50%;transform:translateY(-50%);transition-property:visibility;transition-delay:75ms}[dir=rtl] .VfPpkd-qPzbhe-JNdkSc .VfPpkd-qPzbhe-JNdkSc-Bz112c,.VfPpkd-qPzbhe-JNdkSc .VfPpkd-qPzbhe-JNdkSc-Bz112c[dir=rtl]{left:auto;right:16px}.VfPpkd-xl07Ob-ibnC6b-OWXEXe-gk6SMd .VfPpkd-qPzbhe-JNdkSc-Bz112c{display:inline;visibility:visible}.q6oraf{box-shadow:0 3px 5px -1px rgba(0,0,0,.2),0 6px 10px 0 rgba(0,0,0,.14),0 1px 18px 0 rgba(0,0,0,.12)}.q6oraf .VfPpkd-StrnGf-rymPhb{font-family:Roboto,Arial,sans-serif;line-height:1.5rem;font-size:1rem;letter-spacing:.00625em;font-weight:400;color:#000;color:var(--mdc-theme-on-surface,#000)}.q6oraf .VfPpkd-StrnGf-rymPhb .VfPpkd-StrnGf-rymPhb-IhFlZd{color:rgb(95,99,104)}.q6oraf .VfPpkd-StrnGf-rymPhb .VfPpkd-StrnGf-rymPhb-ibnC6b-OWXEXe-OWB6Me .VfPpkd-StrnGf-rymPhb-b9t22c,.q6oraf .VfPpkd-StrnGf-rymPhb .VfPpkd-StrnGf-rymPhb-ibnC6b-OWXEXe-OWB6Me .VfPpkd-StrnGf-rymPhb-fpDzbe-fmcmS,.q6oraf .VfPpkd-StrnGf-rymPhb .VfPpkd-StrnGf-rymPhb-ibnC6b-OWXEXe-OWB6Me .VfPpkd-StrnGf-rymPhb-L8ivfd-fmcmS{color:rgb(60,64,67)}.q6oraf .VfPpkd-StrnGf-rymPhb .VfPpkd-StrnGf-rymPhb-ibnC6b-OWXEXe-OWB6Me .VfPpkd-StrnGf-rymPhb-b9t22c{opacity:.38}.q6oraf .VfPpkd-StrnGf-rymPhb .VfPpkd-StrnGf-rymPhb-ibnC6b-OWXEXe-gk6SMd,.q6oraf .VfPpkd-StrnGf-rymPhb .VfPpkd-StrnGf-rymPhb-ibnC6b-OWXEXe-pXU01b{color:#000;color:var(--mdc-theme-on-surface,#000)}.q6oraf .VfPpkd-StrnGf-rymPhb .VfPpkd-StrnGf-rymPhb-ibnC6b-OWXEXe-gk6SMd .VfPpkd-StrnGf-rymPhb-f7MjDc,.q6oraf .VfPpkd-StrnGf-rymPhb .VfPpkd-StrnGf-rymPhb-ibnC6b-OWXEXe-pXU01b .VfPpkd-StrnGf-rymPhb-f7MjDc{color:#000;color:var(--mdc-theme-on-surface,#000)}.q6oraf .VfPpkd-StrnGf-rymPhb .VfPpkd-StrnGf-rymPhb-ibnC6b-OWXEXe-gk6SMd .VfPpkd-StrnGf-rymPhb-pZXsl::before{opacity:0}.q6oraf .VfPpkd-StrnGf-rymPhb .VfPpkd-StrnGf-rymPhb-ibnC6b.VfPpkd-StrnGf-rymPhb-ibnC6b-OWXEXe-gk6SMd{background-color:rgb(232,240,254)}.q6oraf .VfPpkd-StrnGf-rymPhb .VfPpkd-StrnGf-rymPhb-ibnC6b.VfPpkd-StrnGf-rymPhb-ibnC6b-OWXEXe-gk6SMd .VfPpkd-StrnGf-rymPhb-pZXsl::before,.q6oraf .VfPpkd-StrnGf-rymPhb .VfPpkd-StrnGf-rymPhb-ibnC6b.VfPpkd-StrnGf-rymPhb-ibnC6b-OWXEXe-gk6SMd .VfPpkd-StrnGf-rymPhb-pZXsl::after{background-color:rgb(26,115,232);background-color:var(--mdc-ripple-color,rgb(26,115,232))}.q6oraf .VfPpkd-StrnGf-rymPhb .VfPpkd-StrnGf-rymPhb-ibnC6b.VfPpkd-StrnGf-rymPhb-ibnC6b-OWXEXe-gk6SMd:hover .VfPpkd-StrnGf-rymPhb-pZXsl::before,.q6oraf .VfPpkd-StrnGf-rymPhb .VfPpkd-StrnGf-rymPhb-ibnC6b.VfPpkd-StrnGf-rymPhb-ibnC6b-OWXEXe-gk6SMd.VfPpkd-ksKsZd-XxIAqe-OWXEXe-ZmdkE .VfPpkd-StrnGf-rymPhb-pZXsl::before{opacity:.04;opacity:var(--mdc-ripple-hover-opacity,.04)}.q6oraf .VfPpkd-StrnGf-rymPhb .VfPpkd-StrnGf-rymPhb-ibnC6b.VfPpkd-StrnGf-rymPhb-ibnC6b-OWXEXe-gk6SMd.VfPpkd-ksKsZd-mWPk3d-OWXEXe-AHe6Kc-XpnDCe .VfPpkd-StrnGf-rymPhb-pZXsl::before,.q6oraf .VfPpkd-StrnGf-rymPhb .VfPpkd-StrnGf-rymPhb-ibnC6b.VfPpkd-StrnGf-rymPhb-ibnC6b-OWXEXe-gk6SMd:not(.VfPpkd-ksKsZd-mWPk3d):focus .VfPpkd-StrnGf-rymPhb-pZXsl::before{transition-duration:75ms;opacity:.12;opacity:var(--mdc-ripple-focus-opacity,.12)}.q6oraf .VfPpkd-StrnGf-rymPhb .VfPpkd-StrnGf-rymPhb-ibnC6b.VfPpkd-StrnGf-rymPhb-ibnC6b-OWXEXe-gk6SMd:not(.VfPpkd-ksKsZd-mWPk3d) .VfPpkd-StrnGf-rymPhb-pZXsl::after{transition:opacity .15s linear}.q6oraf .VfPpkd-StrnGf-rymPhb .VfPpkd-StrnGf-rymPhb-ibnC6b.VfPpkd-StrnGf-rymPhb-ibnC6b-OWXEXe-gk6SMd:not(.VfPpkd-ksKsZd-mWPk3d):active .VfPpkd-StrnGf-rymPhb-pZXsl::after{transition-duration:75ms;opacity:.1;opacity:var(--mdc-ripple-press-opacity,.1)}.q6oraf .VfPpkd-StrnGf-rymPhb .VfPpkd-StrnGf-rymPhb-ibnC6b.VfPpkd-StrnGf-rymPhb-ibnC6b-OWXEXe-gk6SMd.VfPpkd-ksKsZd-mWPk3d{--mdc-ripple-fg-opacity:var(--mdc-ripple-press-opacity,0.1)}@media (-ms-high-contrast:active),screen and (forced-colors:active){.q6oraf .VfPpkd-StrnGf-rymPhb .VfPpkd-StrnGf-rymPhb-ibnC6b-OWXEXe-OWB6Me .VfPpkd-StrnGf-rymPhb-b9t22c,.q6oraf .VfPpkd-StrnGf-rymPhb .VfPpkd-StrnGf-rymPhb-ibnC6b-OWXEXe-OWB6Me .VfPpkd-StrnGf-rymPhb-fpDzbe-fmcmS,.q6oraf .VfPpkd-StrnGf-rymPhb .VfPpkd-StrnGf-rymPhb-ibnC6b-OWXEXe-OWB6Me .VfPpkd-StrnGf-rymPhb-L8ivfd-fmcmS{color:GrayText}.q6oraf .VfPpkd-StrnGf-rymPhb .VfPpkd-StrnGf-rymPhb-ibnC6b-OWXEXe-OWB6Me .VfPpkd-StrnGf-rymPhb-b9t22c{opacity:1}}.FliLIb{box-sizing:border-box;display:inline-block}.FliLIb .u3bW4e{box-shadow:0px 6px 10px 0px rgba(0,0,0,.14),0px 1px 18px 0px rgba(0,0,0,.12),0px 3px 5px -1px rgba(0,0,0,.2)}.FliLIb.eLNT1d{display:none}.FliLIb .q6oraf .VfPpkd-rymPhb,.FliLIb .ksBjEc{font-size:inherit}.FliLIb .TrZEUc .WpHeLc{position:absolute}.FliLIb .qIypjc:not(:disabled){color:#fff}@media (-ms-high-contrast:active),screen and (forced-colors:active){.p4mh8e{border:1px solid CanvasText}}.xYnMae .VfPpkd-Jh9lGc{box-sizing:content-box}.uRo0Xe .snByac{font-weight:500;line-height:1.4286}.FliLIb .uRo0Xe{min-width:0}.uRo0Xe .snByac{margin:8px 8px;text-transform:none}.stUf5b.WS4XDd{border:0;max-height:1.3333333em;padding:0 2px;vertical-align:middle;width:auto}.G5XIyb{border:0;object-fit:contain}.G5XIyb.WS4XDd{border:0;max-height:1.3333333em;padding:0 2px;vertical-align:middle;width:auto}.YZrg6{align-items:center;background:#fff;border:1px solid rgb(218,220,224);box-sizing:border-box;color:rgb(60,64,67);cursor:pointer;display:inline-flex;font-family:"Google Sans","Noto Sans Myanmar UI",arial,sans-serif;font-size:14px;font-weight:500;letter-spacing:.25px;max-width:100%;position:relative}.YZrg6::after{bottom:-1px;border:1px solid transparent;content:"";left:-1px;position:absolute;right:-1px;top:-1px}.YZrg6:focus,.YZrg6.u3bW4e{background:rgba(60,64,67,0.122);outline:none}.YZrg6:focus-visible::after{bottom:-5px;border:2px solid rgb(24,90,188);border-radius:20px;box-shadow:0 0 0 2px rgb(232,240,254);content:"";left:-5px;position:absolute;right:-5px;top:-5px}.YZrg6:hover:not(:focus-visible)::after{background:rgba(60,64,67,0.039)}.YZrg6:focus:not(:focus-visible)::after,.YZrg6:hover:not(:focus-visible)::after,.YZrg6.u3bW4e{border-color:rgb(218,220,224)}.YZrg6.qs41qe{color:rgb(60,64,67)}.YZrg6.qs41qe:not(:focus-visible)::after{background:rgba(60,64,67,0.122);border-color:rgb(60,64,67)}.SOOv2c{color:rgb(26,115,232);font-size:12px}.HnRr5d{border-radius:16px;padding:0 15px 0 15px}.HnRr5d.SOOv2c{border-radius:12px;padding:0 10px 0 10px}.HnRr5d.iiFyne{padding-right:7px}.HnRr5d.cd29Sd{padding-left:5px}.HnRr5d.SOOv2c.iiFyne{padding-right:7px}.HnRr5d.SOOv2c.cd29Sd{padding-left:2px}.HnRr5d::after{border-radius:16px}.HnRr5d.SOOv2c::after{border-radius:12px}.gPHLDe{border-radius:10px;height:20px;margin-right:8px}.gPHLDe .stUf5b,.gPHLDe .G5XIyb{border-radius:50%;color:rgb(60,64,67);display:block;height:20px;width:20px}.KTeGk{direction:ltr;text-align:left;overflow:hidden;text-overflow:ellipsis;white-space:nowrap}.HnRr5d .KTeGk{line-height:30px}.HnRr5d.SOOv2c .KTeGk{line-height:22px}.krLnGe{color:rgb(60,64,67);flex-shrink:0;height:18px;margin-left:4px;transition:transform .2s cubic-bezier(.4,0,.2,1);width:18px}.YZrg6.sMVRZe .krLnGe{transform:rotate(180deg)}.SOOv2c .krLnGe{height:16px;width:16px}.MSBt4d{display:block;height:100%;width:100%}.aTzEhb{margin:16px 0;outline:none}.aTzEhb+.aTzEhb{margin-top:24px}.aTzEhb:first-child{margin-top:0}.aTzEhb:last-child{margin-bottom:0}.AORPd{border-radius:8px;padding:16px}.AORPd>:first-child{margin-top:0}.AORPd>:last-child{margin-bottom:0}.AORPd .kV95Wc{color:rgb(32,33,36)}.AORPd .CxRgyd{color:rgb(32,33,36)}.AORPd.YFdWic .CxRgyd{color:rgb(95,99,104);margin-top:4px;padding:0}.AORPd.YFdWic .IdEPtc,.AORPd.YFdWic .CxRgyd{margin-left:64px;width:calc(100% - 64px)}.AORPd.YFdWic:not(.S7S4N) .IdEPtc{margin-left:0;width:0}.AORPd:not(.S7S4N)>.CxRgyd{margin-top:0}.AORPd.sj692e{background:rgb(232,240,254)}.AORPd.Xq8bDe{background:rgb(252,232,230)}.AORPd.rNe0id{background:rgb(254,247,224)}.AORPd.YFdWic{border:1px solid rgb(218,220,224);box-sizing:border-box;min-height:80px;position:relative}.AORPd:not(.S7S4N){display:flex}.aTzEhb.eLNT1d{display:none}.aTzEhb.RDPZE{opacity:.5;pointer-events:none}.aTzEhb.RDPZE .aTzEhb.RDPZE{opacity:1}.wfep7d{border:1px solid rgb(218,220,224);border-radius:8px;padding:16px}.wfep7d .UST9Bf{display:flex;-webkit-box-pack:end;justify-content:flex-end;margin-top:16px}.wfep7d .UST9Bf .xYnMae{margin-bottom:0;margin-top:0}.vEFDtd{border-bottom:1px solid rgb(218,220,224);display:flex;-webkit-box-orient:vertical;-webkit-box-direction:normal;flex-direction:column}.vEFDtd .V9RXW .rBUW7e,.vEFDtd .vEFDtd:last-child{border-bottom:0}.vEFDtd .vEFDtd:last-child .L9iFZc{padding-bottom:0}.vEFDtd.D6kf4b{border-bottom:0}.IdEPtc:empty,.yMb59d:empty{display:none}.IdEPtc>:first-child{margin-top:0;padding-top:0}.IdEPtc>:last-child{margin-bottom:0;padding-bottom:0}.UWVyoc{margin:0 0 8px}.vEFDtd[data-expand-type="1"] .L9iFZc,.aTzEhb[data-expand-type="1"] .A6OHve{cursor:pointer}.vEFDtd .L9iFZc{padding-bottom:16px}.kV95Wc{-webkit-box-align:center;align-items:center;color:rgb(32,33,36);display:flex;font-family:"Google Sans","Noto Sans Myanmar UI",arial,sans-serif;font-size:16px;font-weight:500;letter-spacing:.1px;line-height:1.5;margin-top:0;margin-bottom:0;padding:0}.vEFDtd.u3bW4e .kV95Wc{position:relative}.vEFDtd[data-expand-type="1"].u3bW4e .kV95Wc::after{background:rgba(26,115,232,0.149);border-radius:8px;bottom:-4px;content:"";left:-8px;position:absolute;right:-8px;top:-4px;z-index:-1}.A6OHve{background:none;border:none;color:inherit;box-flex:1;flex-grow:1;font:inherit;margin:0;outline:0;padding:0;text-align:inherit}.A6OHve::-moz-focus-inner{border:0}.A6OHve [jsslot]{position:relative}.jhXB3b{margin-left:16px}.jhXB3b .Z6O26d{-webkit-box-align:center;align-items:center;display:flex;height:24px;-webkit-box-pack:center;justify-content:center;transition:transform .2s cubic-bezier(0.4,0,0.2,1);-webkit-transition:transform .2s cubic-bezier(0.4,0,0.2,1),-webkit-transform .2s cubic-bezier(0.4,0,0.2,1);transition:transform .2s cubic-bezier(0.4,0,0.2,1),-webkit-transform .2s cubic-bezier(0.4,0,0.2,1);width:24px}.vEFDtd .jhXB3b,.vEFDtd .A6OHve,.vEFDtd .yiP64c{pointer-events:none}.vEFDtd.jVwmLb .Z6O26d{transform:rotate(-180deg)}.yiP64c{color:rgb(95,99,104);flex-shrink:0;height:20px;margin-right:16px;width:20px}.yiP64c .d7Plee{height:100%;width:100%}.AORPd .yiP64c{margin-top:0}.AORPd.sj692e .yiP64c{color:rgb(25,103,210)}.AORPd.Xq8bDe .yiP64c{color:rgb(197,34,31)}.AORPd.rNe0id .yiP64c{color:rgb(234,134,0)}.AORPd.YFdWic .yiP64c{height:48px;left:16px;position:absolute;top:16px;width:48px}.yMb59d{color:rgb(95,99,104);font-size:14px;font-weight:400;line-height:1.4286;margin-top:8px}.CxRgyd{margin:auto -24px;padding-left:24px;padding-right:24px;margin-bottom:16px;margin-top:10px}@media (min-width:450px){.CxRgyd{margin:auto -40px;padding-left:40px;padding-right:40px;margin-bottom:16px;margin-top:10px}}.wfep7d .CxRgyd{margin-bottom:0;margin-top:16px}.IdEPtc:empty+.CxRgyd{margin-top:0}.CxRgyd:only-child{margin-bottom:0;margin-top:0}.vEFDtd .CxRgyd{margin-top:0;overflow-y:hidden;transition:.2s cubic-bezier(0.4,0,0.2,1)}.vEFDtd.jVwmLb .CxRgyd{margin-bottom:0;margin-top:0;max-height:0;opacity:0;visibility:hidden}.CxRgyd>[jsslot]>:first-child:not(section){margin-top:0;padding-top:0}.CxRgyd>[jsslot]>:last-child:not(section){margin-bottom:0;padding-bottom:0}.w7wqLd{align-self:center;margin-bottom:0}.x3iGMd{border-bottom:1px solid rgb(218,220,224);display:flex;-webkit-box-orient:horizontal;-webkit-box-direction:normal;flex-direction:row;-webkit-box-pack:center;justify-content:center;height:0;margin-bottom:24px;margin-top:12px}.aQPcpb{background:#fff;display:flex;height:24px;margin-top:-12px}.D6kf4b:not(.jVwmLb) .x3iGMd{display:none}.D6kf4b .VBGMK:focus-visible{outline:none;position:relative}.D6kf4b .VBGMK:focus-visible::after{border:2px solid #185abc;border-radius:6px;bottom:0;box-shadow:0 0 0 2px #e8f0fe;content:"";left:0;position:absolute;right:0;top:0}.VfPpkd-Sx9Kwc .VfPpkd-P5QLlc{background-color:#fff;background-color:var(--mdc-theme-surface,#fff)}.VfPpkd-Sx9Kwc .VfPpkd-IE5DDf,.VfPpkd-Sx9Kwc .VfPpkd-P5QLlc-GGAcbc{background-color:rgba(0,0,0,.32)}.VfPpkd-Sx9Kwc .VfPpkd-k2Wrsb{color:rgba(0,0,0,.87)}.VfPpkd-Sx9Kwc .VfPpkd-cnG4Wd{color:rgba(0,0,0,.6)}.VfPpkd-Sx9Kwc .VfPpkd-zMU9ub{color:#000;color:var(--mdc-theme-on-surface,#000)}.VfPpkd-Sx9Kwc .VfPpkd-zMU9ub .VfPpkd-Bz112c-Jh9lGc::before,.VfPpkd-Sx9Kwc .VfPpkd-zMU9ub .VfPpkd-Bz112c-Jh9lGc::after{background-color:#000;background-color:var(--mdc-ripple-color,var(--mdc-theme-on-surface,#000))}.VfPpkd-Sx9Kwc .VfPpkd-zMU9ub:hover .VfPpkd-Bz112c-Jh9lGc::before,.VfPpkd-Sx9Kwc .VfPpkd-zMU9ub.VfPpkd-ksKsZd-XxIAqe-OWXEXe-ZmdkE .VfPpkd-Bz112c-Jh9lGc::before{opacity:.04;opacity:var(--mdc-ripple-hover-opacity,.04)}.VfPpkd-Sx9Kwc .VfPpkd-zMU9ub.VfPpkd-ksKsZd-mWPk3d-OWXEXe-AHe6Kc-XpnDCe .VfPpkd-Bz112c-Jh9lGc::before,.VfPpkd-Sx9Kwc .VfPpkd-zMU9ub:not(.VfPpkd-ksKsZd-mWPk3d):focus .VfPpkd-Bz112c-Jh9lGc::before{transition-duration:75ms;opacity:.12;opacity:var(--mdc-ripple-focus-opacity,.12)}.VfPpkd-Sx9Kwc .VfPpkd-zMU9ub:not(.VfPpkd-ksKsZd-mWPk3d) .VfPpkd-Bz112c-Jh9lGc::after{transition:opacity .15s linear}.VfPpkd-Sx9Kwc .VfPpkd-zMU9ub:not(.VfPpkd-ksKsZd-mWPk3d):active .VfPpkd-Bz112c-Jh9lGc::after{transition-duration:75ms;opacity:.12;opacity:var(--mdc-ripple-press-opacity,.12)}.VfPpkd-Sx9Kwc .VfPpkd-zMU9ub.VfPpkd-ksKsZd-mWPk3d{--mdc-ripple-fg-opacity:var(--mdc-ripple-press-opacity,0.12)}.VfPpkd-Sx9Kwc.VfPpkd-Sx9Kwc-OWXEXe-s2gQvd .VfPpkd-k2Wrsb,.VfPpkd-Sx9Kwc.VfPpkd-Sx9Kwc-OWXEXe-s2gQvd .VfPpkd-T0kwCb,.VfPpkd-Sx9Kwc.VfPpkd-Sx9Kwc-OWXEXe-s2gQvd.VfPpkd-Sx9Kwc-XuHpsb-clz4Ic-yePe5c .VfPpkd-T0kwCb{border-color:rgba(0,0,0,.12)}.VfPpkd-Sx9Kwc.VfPpkd-Sx9Kwc-OWXEXe-s2gQvd .VfPpkd-k2Wrsb{border-bottom:1px solid rgba(0,0,0,.12);margin-bottom:0}.VfPpkd-Sx9Kwc.VfPpkd-Sx9Kwc-XuHpsb-clz4Ic-tJHJj.VfPpkd-Sx9Kwc-OWXEXe-n9oEIb .VfPpkd-oclYLd{box-shadow:0 3px 1px -2px rgba(0,0,0,.2),0 2px 2px 0 rgba(0,0,0,.14),0 1px 5px 0 rgba(0,0,0,.12)}.VfPpkd-Sx9Kwc .VfPpkd-P5QLlc{border-radius:4px;border-radius:var(--mdc-shape-medium,4px)}.VfPpkd-P5QLlc{box-shadow:0 11px 15px -7px rgba(0,0,0,.2),0 24px 38px 3px rgba(0,0,0,.14),0 9px 46px 8px rgba(0,0,0,.12)}.VfPpkd-k2Wrsb{-moz-osx-font-smoothing:grayscale;-webkit-font-smoothing:antialiased;font-family:Roboto,sans-serif;font-family:var(--mdc-typography-headline6-font-family,var(--mdc-typography-font-family,Roboto,sans-serif));font-size:1.25rem;font-size:var(--mdc-typography-headline6-font-size,1.25rem);line-height:2rem;line-height:var(--mdc-typography-headline6-line-height,2rem);font-weight:500;font-weight:var(--mdc-typography-headline6-font-weight,500);letter-spacing:.0125em;letter-spacing:var(--mdc-typography-headline6-letter-spacing,.0125em);text-decoration:inherit;-webkit-text-decoration:var(--mdc-typography-headline6-text-decoration,inherit);text-decoration:var(--mdc-typography-headline6-text-decoration,inherit);text-transform:inherit;text-transform:var(--mdc-typography-headline6-text-transform,inherit)}.VfPpkd-cnG4Wd{-moz-osx-font-smoothing:grayscale;-webkit-font-smoothing:antialiased;font-family:Roboto,sans-serif;font-family:var(--mdc-typography-body1-font-family,var(--mdc-typography-font-family,Roboto,sans-serif));font-size:1rem;font-size:var(--mdc-typography-body1-font-size,1rem);line-height:1.5rem;line-height:var(--mdc-typography-body1-line-height,1.5rem);font-weight:400;font-weight:var(--mdc-typography-body1-font-weight,400);letter-spacing:.03125em;letter-spacing:var(--mdc-typography-body1-letter-spacing,.03125em);text-decoration:inherit;-webkit-text-decoration:var(--mdc-typography-body1-text-decoration,inherit);text-decoration:var(--mdc-typography-body1-text-decoration,inherit);text-transform:inherit;text-transform:var(--mdc-typography-body1-text-transform,inherit)}.VfPpkd-Sx9Kwc,.VfPpkd-IE5DDf{position:fixed;top:0;left:0;align-items:center;justify-content:center;box-sizing:border-box;width:100%;height:100%}.VfPpkd-Sx9Kwc{display:none;z-index:7;z-index:var(--mdc-dialog-z-index,7)}.VfPpkd-Sx9Kwc .VfPpkd-cnG4Wd{padding:20px 24px 20px 24px}.VfPpkd-Sx9Kwc .VfPpkd-P5QLlc{min-width:280px}@media (max-width:592px){.VfPpkd-Sx9Kwc .VfPpkd-P5QLlc{max-width:calc(100vw - 32px)}}@media (min-width:592px){.VfPpkd-Sx9Kwc .VfPpkd-P5QLlc{max-width:560px}}@media (max-width:600px),(max-width:720px) and (max-height:400px),(min-width:720px) and (max-height:400px){.VfPpkd-Sx9Kwc.VfPpkd-Sx9Kwc-OWXEXe-n9oEIb .VfPpkd-P5QLlc{max-width:100vw}}.VfPpkd-Sx9Kwc .VfPpkd-P5QLlc{max-height:calc(100% - 32px)}.VfPpkd-Sx9Kwc.VfPpkd-Sx9Kwc-OWXEXe-n9oEIb .VfPpkd-P5QLlc{max-width:none}@media (max-width:960px){.VfPpkd-Sx9Kwc.VfPpkd-Sx9Kwc-OWXEXe-n9oEIb .VfPpkd-P5QLlc{max-height:560px;width:560px}.VfPpkd-Sx9Kwc.VfPpkd-Sx9Kwc-OWXEXe-n9oEIb .VfPpkd-P5QLlc .VfPpkd-zMU9ub-suEOdc-sM5MNb{position:relative;right:-12px}}@media (max-width:720px) and (max-width:672px){.VfPpkd-Sx9Kwc.VfPpkd-Sx9Kwc-OWXEXe-n9oEIb .VfPpkd-P5QLlc{width:calc(100vw - 112px)}}@media (max-width:720px) and (min-width:672px){.VfPpkd-Sx9Kwc.VfPpkd-Sx9Kwc-OWXEXe-n9oEIb .VfPpkd-P5QLlc{width:560px}}@media (max-width:720px) and (max-height:720px){.VfPpkd-Sx9Kwc.VfPpkd-Sx9Kwc-OWXEXe-n9oEIb .VfPpkd-P5QLlc{max-height:calc(100vh - 160px)}}@media (max-width:720px) and (min-height:720px){.VfPpkd-Sx9Kwc.VfPpkd-Sx9Kwc-OWXEXe-n9oEIb .VfPpkd-P5QLlc{max-height:560px}}@media (max-width:720px){.VfPpkd-Sx9Kwc.VfPpkd-Sx9Kwc-OWXEXe-n9oEIb .VfPpkd-P5QLlc .VfPpkd-zMU9ub-suEOdc-sM5MNb{position:relative;right:-12px}}@media (max-width:600px),(max-width:720px) and (max-height:400px),(min-width:720px) and (max-height:400px){.VfPpkd-Sx9Kwc.VfPpkd-Sx9Kwc-OWXEXe-n9oEIb .VfPpkd-P5QLlc{height:100%;max-height:100vh;max-width:100vw;width:100vw;border-radius:0}.VfPpkd-Sx9Kwc.VfPpkd-Sx9Kwc-OWXEXe-n9oEIb .VfPpkd-P5QLlc .VfPpkd-zMU9ub-suEOdc-sM5MNb{position:relative;order:-1;left:-12px}.VfPpkd-Sx9Kwc.VfPpkd-Sx9Kwc-OWXEXe-n9oEIb .VfPpkd-P5QLlc .VfPpkd-oclYLd{padding:0 16px 9px;justify-content:flex-start}.VfPpkd-Sx9Kwc.VfPpkd-Sx9Kwc-OWXEXe-n9oEIb .VfPpkd-P5QLlc .VfPpkd-k2Wrsb{margin-left:-8px}}@media (min-width:960px){.VfPpkd-Sx9Kwc.VfPpkd-Sx9Kwc-OWXEXe-n9oEIb .VfPpkd-P5QLlc{width:calc(100vw - 400px)}.VfPpkd-Sx9Kwc.VfPpkd-Sx9Kwc-OWXEXe-n9oEIb .VfPpkd-P5QLlc .VfPpkd-zMU9ub-suEOdc-sM5MNb{position:relative;right:-12px}}.VfPpkd-Sx9Kwc.VfPpkd-IE5DDf-OWXEXe-L6cTce .VfPpkd-IE5DDf{opacity:0}.VfPpkd-IE5DDf{opacity:0;z-index:-1}.VfPpkd-wzTsW{display:flex;flex-direction:row;align-items:center;justify-content:space-around;box-sizing:border-box;height:100%;opacity:0;pointer-events:none}.VfPpkd-P5QLlc{position:relative;display:flex;flex-direction:column;flex-grow:0;flex-shrink:0;box-sizing:border-box;max-width:100%;max-height:100%;pointer-events:auto;overflow-y:auto;outline:0;transform:scale(.8)}.VfPpkd-P5QLlc .VfPpkd-BFbNVe-bF1uUb{width:100%;height:100%;top:0;left:0}[dir=rtl] .VfPpkd-P5QLlc,.VfPpkd-P5QLlc[dir=rtl]{text-align:right}@media (-ms-high-contrast:active),screen and (forced-colors:active){.VfPpkd-P5QLlc{outline:2px solid windowText}}.VfPpkd-P5QLlc::before{position:absolute;box-sizing:border-box;width:100%;height:100%;top:0;left:0;border:2px solid transparent;border-radius:inherit;content:"";pointer-events:none}@media screen and (forced-colors:active){.VfPpkd-P5QLlc::before{border-color:CanvasText}}@media screen and (-ms-high-contrast:active),screen and (-ms-high-contrast:none){.VfPpkd-P5QLlc::before{content:none}}.VfPpkd-k2Wrsb{display:block;margin-top:0;position:relative;flex-shrink:0;box-sizing:border-box;margin:0 0 1px;padding:0 24px 9px}.VfPpkd-k2Wrsb::before{display:inline-block;width:0;height:40px;content:"";vertical-align:0}[dir=rtl] .VfPpkd-k2Wrsb,.VfPpkd-k2Wrsb[dir=rtl]{text-align:right}.VfPpkd-Sx9Kwc-OWXEXe-s2gQvd .VfPpkd-k2Wrsb{margin-bottom:1px;padding-bottom:15px}.VfPpkd-Sx9Kwc-OWXEXe-n9oEIb .VfPpkd-oclYLd{align-items:baseline;border-bottom:1px solid transparent;display:inline-flex;justify-content:space-between;padding:0 24px 9px;z-index:1}@media screen and (forced-colors:active){.VfPpkd-Sx9Kwc-OWXEXe-n9oEIb .VfPpkd-oclYLd{border-bottom-color:CanvasText}}.VfPpkd-Sx9Kwc-OWXEXe-n9oEIb .VfPpkd-oclYLd .VfPpkd-zMU9ub-suEOdc-sM5MNb{position:relative;right:-12px}.VfPpkd-Sx9Kwc-OWXEXe-n9oEIb .VfPpkd-k2Wrsb{margin-bottom:0;padding:0;border-bottom:0}.VfPpkd-Sx9Kwc-OWXEXe-n9oEIb.VfPpkd-Sx9Kwc-OWXEXe-s2gQvd .VfPpkd-k2Wrsb{border-bottom:0;margin-bottom:0}.VfPpkd-Sx9Kwc-OWXEXe-n9oEIb .VfPpkd-zMU9ub-suEOdc-sM5MNb{top:5px}.VfPpkd-Sx9Kwc-OWXEXe-n9oEIb.VfPpkd-Sx9Kwc-OWXEXe-s2gQvd .VfPpkd-T0kwCb{border-top:1px solid transparent}@media screen and (forced-colors:active){.VfPpkd-Sx9Kwc-OWXEXe-n9oEIb.VfPpkd-Sx9Kwc-OWXEXe-s2gQvd .VfPpkd-T0kwCb{border-top-color:CanvasText}}.VfPpkd-Sx9Kwc-OWXEXe-n9oEIb-OWXEXe-diJVc .VfPpkd-zMU9ub-suEOdc-sM5MNb{margin-top:4px}.VfPpkd-Sx9Kwc-OWXEXe-n9oEIb-OWXEXe-diJVc.VfPpkd-Sx9Kwc-OWXEXe-s2gQvd .VfPpkd-zMU9ub-suEOdc-sM5MNb{margin-top:0}.VfPpkd-cnG4Wd{flex-grow:1;box-sizing:border-box;margin:0;overflow:auto}.VfPpkd-cnG4Wd>:first-child{margin-top:0}.VfPpkd-cnG4Wd>:last-child{margin-bottom:0}.VfPpkd-k2Wrsb+.VfPpkd-cnG4Wd,.VfPpkd-oclYLd+.VfPpkd-cnG4Wd{padding-top:0}.VfPpkd-Sx9Kwc-OWXEXe-s2gQvd .VfPpkd-k2Wrsb+.VfPpkd-cnG4Wd{padding-top:8px;padding-bottom:8px}.VfPpkd-cnG4Wd .VfPpkd-StrnGf-rymPhb:first-child:last-child{padding:6px 0 0}.VfPpkd-Sx9Kwc-OWXEXe-s2gQvd .VfPpkd-cnG4Wd .VfPpkd-StrnGf-rymPhb:first-child:last-child{padding:0}.VfPpkd-T0kwCb{display:flex;position:relative;flex-shrink:0;flex-wrap:wrap;align-items:center;justify-content:flex-end;box-sizing:border-box;min-height:52px;margin:0;padding:8px;border-top:1px solid transparent}@media screen and (forced-colors:active){.VfPpkd-T0kwCb{border-top-color:CanvasText}}.VfPpkd-Sx9Kwc-OWXEXe-eu7FSc .VfPpkd-T0kwCb{flex-direction:column;align-items:flex-end}.VfPpkd-M1klYe{margin-left:8px;margin-right:0;max-width:100%;text-align:right}[dir=rtl] .VfPpkd-M1klYe,.VfPpkd-M1klYe[dir=rtl]{margin-left:0;margin-right:8px}.VfPpkd-M1klYe:first-child{margin-left:0;margin-right:0}[dir=rtl] .VfPpkd-M1klYe:first-child,.VfPpkd-M1klYe:first-child[dir=rtl]{margin-left:0;margin-right:0}[dir=rtl] .VfPpkd-M1klYe,.VfPpkd-M1klYe[dir=rtl]{text-align:left}.VfPpkd-Sx9Kwc-OWXEXe-eu7FSc .VfPpkd-M1klYe:not(:first-child){margin-top:12px}.VfPpkd-Sx9Kwc-OWXEXe-FNFY6c,.VfPpkd-Sx9Kwc-OWXEXe-uGFO6d,.VfPpkd-Sx9Kwc-OWXEXe-FnSee{display:flex}.VfPpkd-Sx9Kwc-OWXEXe-uGFO6d .VfPpkd-IE5DDf{transition:opacity .15s linear}.VfPpkd-Sx9Kwc-OWXEXe-uGFO6d .VfPpkd-wzTsW{transition:opacity 75ms linear,transform .15s 0ms cubic-bezier(0,0,.2,1)}.VfPpkd-Sx9Kwc-OWXEXe-FnSee .VfPpkd-IE5DDf,.VfPpkd-Sx9Kwc-OWXEXe-FnSee .VfPpkd-wzTsW{transition:opacity 75ms linear}.VfPpkd-Sx9Kwc-OWXEXe-FnSee .VfPpkd-wzTsW,.VfPpkd-Sx9Kwc-OWXEXe-FnSee .VfPpkd-P5QLlc{transform:none}.VfPpkd-Sx9Kwc-OWXEXe-RTQbk .VfPpkd-IE5DDf{transition:none;opacity:1}.VfPpkd-Sx9Kwc-OWXEXe-FNFY6c .VfPpkd-IE5DDf,.VfPpkd-Sx9Kwc-OWXEXe-FNFY6c .VfPpkd-wzTsW{opacity:1}.VfPpkd-Sx9Kwc-OWXEXe-FNFY6c .VfPpkd-P5QLlc{transform:none}.VfPpkd-Sx9Kwc-OWXEXe-FNFY6c.VfPpkd-P5QLlc-GGAcbc-OWXEXe-TSZdd .VfPpkd-P5QLlc-GGAcbc{opacity:1}.VfPpkd-Sx9Kwc-OWXEXe-FNFY6c.VfPpkd-P5QLlc-GGAcbc-OWXEXe-wJB69c .VfPpkd-P5QLlc-GGAcbc{transition:opacity 75ms linear}.VfPpkd-Sx9Kwc-OWXEXe-FNFY6c.VfPpkd-P5QLlc-GGAcbc-OWXEXe-eo9XGd .VfPpkd-P5QLlc-GGAcbc{transition:opacity .15s linear}.VfPpkd-P5QLlc-GGAcbc{display:none;opacity:0;position:absolute;width:100%;height:100%;z-index:1}.VfPpkd-P5QLlc-GGAcbc-OWXEXe-TSZdd .VfPpkd-P5QLlc-GGAcbc,.VfPpkd-P5QLlc-GGAcbc-OWXEXe-eo9XGd .VfPpkd-P5QLlc-GGAcbc,.VfPpkd-P5QLlc-GGAcbc-OWXEXe-wJB69c .VfPpkd-P5QLlc-GGAcbc{display:block}.VfPpkd-Sx9Kwc-XuHpsb-pGuBYc{overflow:hidden}.VfPpkd-Sx9Kwc-OWXEXe-di8rgd-bN97Pc-QFlW2 .VfPpkd-cnG4Wd{padding:0}.VfPpkd-Sx9Kwc-OWXEXe-vOE8Lb .VfPpkd-wzTsW .VfPpkd-zMU9ub-suEOdc-sM5MNb{right:12px;top:9px;position:absolute;z-index:1}.VfPpkd-IE5DDf-OWXEXe-uIDLbb{pointer-events:none}.VfPpkd-IE5DDf-OWXEXe-uIDLbb .VfPpkd-IE5DDf,.VfPpkd-IE5DDf-OWXEXe-uIDLbb .VfPpkd-P5QLlc-GGAcbc{display:none}.cC1eCc{z-index:2001}.cC1eCc .VfPpkd-k2Wrsb{color:#3c4043}.cC1eCc .VfPpkd-cnG4Wd{color:#5f6368}.cC1eCc .VfPpkd-zMU9ub{color:rgb(95,99,104)}.cC1eCc .VfPpkd-zMU9ub .VfPpkd-Bz112c-Jh9lGc::before,.cC1eCc .VfPpkd-zMU9ub .VfPpkd-Bz112c-Jh9lGc::after{background-color:rgb(95,99,104);background-color:var(--mdc-ripple-color,rgb(95,99,104))}.cC1eCc .VfPpkd-zMU9ub:hover .VfPpkd-Bz112c-Jh9lGc::before,.cC1eCc .VfPpkd-zMU9ub.VfPpkd-ksKsZd-XxIAqe-OWXEXe-ZmdkE .VfPpkd-Bz112c-Jh9lGc::before{opacity:.04;opacity:var(--mdc-ripple-hover-opacity,.04)}.cC1eCc .VfPpkd-zMU9ub.VfPpkd-ksKsZd-mWPk3d-OWXEXe-AHe6Kc-XpnDCe .VfPpkd-Bz112c-Jh9lGc::before,.cC1eCc .VfPpkd-zMU9ub:not(.VfPpkd-ksKsZd-mWPk3d):focus .VfPpkd-Bz112c-Jh9lGc::before{transition-duration:75ms;opacity:.12;opacity:var(--mdc-ripple-focus-opacity,.12)}.cC1eCc .VfPpkd-zMU9ub:not(.VfPpkd-ksKsZd-mWPk3d) .VfPpkd-Bz112c-Jh9lGc::after{transition:opacity .15s linear}.cC1eCc .VfPpkd-zMU9ub:not(.VfPpkd-ksKsZd-mWPk3d):active .VfPpkd-Bz112c-Jh9lGc::after{transition-duration:75ms;opacity:.12;opacity:var(--mdc-ripple-press-opacity,.12)}.cC1eCc .VfPpkd-zMU9ub.VfPpkd-ksKsZd-mWPk3d{--mdc-ripple-fg-opacity:var(--mdc-ripple-press-opacity,0.12)}.cC1eCc .VfPpkd-IE5DDf,.cC1eCc .VfPpkd-P5QLlc-GGAcbc{background-color:rgba(32,33,36,.6)}.cC1eCc .VfPpkd-P5QLlc{background-color:#fff}.cC1eCc .VfPpkd-P5QLlc{border-width:0;box-shadow:0 1px 3px 0 rgba(60,64,67,.3),0 4px 8px 3px rgba(60,64,67,.15)}.cC1eCc .VfPpkd-P5QLlc .VfPpkd-BFbNVe-bF1uUb{opacity:0}.cC1eCc .VfPpkd-P5QLlc{border-radius:8px}.cC1eCc .VfPpkd-T0kwCb{padding-top:2px;padding-bottom:2px}.cC1eCc .VfPpkd-T0kwCb .VfPpkd-RLmnJb{top:-6px;transform:none}.cC1eCc .VfPpkd-k2Wrsb{font-family:"Google Sans",Roboto,Arial,sans-serif;line-height:1.5rem;font-size:1rem;letter-spacing:.00625em;font-weight:500;padding-bottom:13px}.cC1eCc .VfPpkd-cnG4Wd{font-family:Roboto,Arial,sans-serif;line-height:1.25rem;font-size:.875rem;letter-spacing:.0142857143em;font-weight:400}.cC1eCc .VfPpkd-T0kwCb .VfPpkd-LgbsSe+.VfPpkd-LgbsSe{margin-left:8px}.cC1eCc.VfPpkd-Sx9Kwc-OWXEXe-n9oEIb .VfPpkd-k2Wrsb{font-family:"Google Sans",Roboto,Arial,sans-serif;line-height:1.5rem;font-size:1.125rem;letter-spacing:0;font-weight:400;padding-bottom:0}.iGu0Be{text-align:center}[dir=rtl] .iGu0Be,.iGu0Be[dir=rtl]{text-align:center}.nE3Lu{color:rgb(26,115,232);height:24px;width:24px}.nE3Lu::after{content:"";display:block}.bYmtV .VfPpkd-P5QLlc{background-color:#fff;color:rgb(95,99,104);font-family:roboto,"Noto Sans Myanmar UI",arial,sans-serif;letter-spacing:0.25px}.bYmtV .VfPpkd-k2Wrsb{color:rgb(32,33,36);font-family:"Google Sans","Noto Sans Myanmar UI",arial,sans-serif;font-size:20px;font-weight:500;letter-spacing:0.25px;line-height:1.3333}.bYmtV .VfPpkd-cnG4Wd{font-family:roboto,"Noto Sans Myanmar UI",arial,sans-serif;font-size:14px;letter-spacing:0.25px;line-height:1.4286;padding-bottom:0}.bYmtV .VfPpkd-T0kwCb{padding:0 24px 8px 24px}.bYmtV .VfPpkd-Bz112c-LgbsSe .VfPpkd-Bz112c-Jh9lGc::before,.bYmtV .VfPpkd-Bz112c-LgbsSe .VfPpkd-Bz112c-Jh9lGc::after{border-radius:4px}.bYmtV.Zttm2{border-radius:0}.bYmtV.Zttm2 .VfPpkd-P5QLlc{height:100vh;max-height:none;max-width:none;width:100vw}.bYmtV.Zttm2 .AH8Npc{height:100%;width:100%}.bYmtV .CJRWze{color:rgb(95,99,104);font-family:roboto,"Noto Sans Myanmar UI",arial,sans-serif;flex-grow:1;font-size:12px;font-weight:400;padding-left:16px}.CwHtnf{border:none;color-scheme:normal;display:block;height:100%;padding:0;width:100%}.bYmtV .CxRgyd{margin-left:0;margin-right:0;padding-left:0;padding-right:0}:root{--gm3-sys-color-on-surface-rgb:31,31,31;--wf-color-warning-bg:#fff0d1;--wf-color-warning-icon:#f09d00;--wf-color-warning-text:#421f00}@media screen and (prefers-color-scheme:dark){:root{--gm3-sys-color-on-surface-rgb:227,227,227}}@media screen and (prefers-color-scheme:dark){:root{--wf-color-warning-bg:#754200;--wf-color-warning-icon:#ffdf99;--wf-color-warning-text:#fff0d1}}@media screen and (prefers-color-scheme:dark){:root{--wf-color-warning-bg:#754200;--wf-color-warning-icon:#ffdf99;--wf-color-warning-text:#fff0d1}}@media screen and (prefers-color-scheme:light){:root{--wf-color-warning-bg:#fff0d1;--wf-color-warning-icon:#f09d00;--wf-color-warning-text:#421f00}}:root{--wf-tfs:calc(var(--c-tfs,32)/16*1rem);--wf-tfs-bp2:calc(var(--c-tfs,36)/16*1rem);--wf-tfs-bp3:calc(var(--c-tfs,36)/16*1rem);--wf-tfs-bp5:calc(var(--c-tfs,44)/16*1rem);--wf-stfs:calc(var(--c-stfs,16)/16*1rem);--wf-stfs-bp5:calc(var(--c-stfs,16)/16*1rem)}.B6L7ke{height:25vh;margin:auto -24px;min-height:110px;padding-left:24px;padding-right:24px;position:relative}.SCAiR{height:25vh;margin:auto -24px;min-height:110px;padding-left:24px;padding-right:24px;position:relative;overflow:hidden}.JtUbMb,.Nny6ue{display:block;height:100%;margin:0 auto;object-fit:contain;width:100%}@media (min-width:450px){.B6L7ke{margin:auto -40px;padding-left:40px;padding-right:40px}}@media (min-width:601px){.B6L7ke{height:150px}}.B6L7ke.Irjbwb{height:auto}.B6L7ke.IiQozc{text-align:center}.xh7Wmd{height:25vh;max-width:100%;min-height:110px;position:relative;transform:translate(-43%,-3%);z-index:3}@media (min-width:601px){.xh7Wmd{height:150px}}.B6L7ke.FnDdB{height:auto}.B6L7ke.FnDdB .xh7Wmd{height:auto;max-width:312px;width:100%}.B6L7ke.FnDdB.zpCp3 .xh7Wmd{max-width:unset}.B6L7ke.IiQozc .xh7Wmd{transform:none}.B6L7ke.aJJFde .xh7Wmd{left:-100%;margin:auto;position:absolute;right:-100%;transform:translate(0,-3%)}.B6L7ke.Irjbwb .xh7Wmd{height:auto;width:100%}.p17Urb{background-image:-webkit-linear-gradient(to bottom,rgba(233,233,233,0) 0%,rgba(233,233,233,0) 62.22%,rgba(233,233,233,1) 40.22%,rgba(233,233,233,0) 100%);background-image:linear-gradient(to bottom,rgba(233,233,233,0) 0%,rgba(233,233,233,0) 62.22%,rgba(233,233,233,1) 40.22%,rgba(233,233,233,0) 100%);height:100%;left:0;overflow:hidden;position:absolute;right:0;top:0;z-index:2}.p17Urb::after,.p17Urb::before{content:"";display:block;height:100%;min-width:110px;position:absolute;right:-10%;transform:rotate(-104deg);width:25vh;z-index:2}@media (min-width:601px){.p17Urb::after,.p17Urb::before{width:150px}}.p17Urb::before{background-image:-webkit-linear-gradient(to bottom,rgba(243,243,243,0) 0%,rgba(243,243,243,.9) 100%);background-image:linear-gradient(to bottom,rgba(243,243,243,0) 0%,rgba(243,243,243,.9) 100%);bottom:-10%}.p17Urb::after{background-image:-webkit-linear-gradient(to bottom,rgba(255,255,255,0) 0%,rgba(255,255,255,.9) 100%);background-image:linear-gradient(to bottom,rgba(255,255,255,0) 0%,rgba(255,255,255,.9) 100%);bottom:-80%}.DrceJe{height:auto}.yb5i2e{transform:translate(-9%,-3%)}.hNLjwb{transform:translate(9%,-3%)}.ulNYne{left:-40%;margin:auto;max-height:230px;position:absolute;right:0;top:-3%;transform:none}.F8EZte{transform:translate(24px,0)}.eMXECe{transform:translate(0,0)}.B6L7ke.i1L7v{height:15vh;max-height:137px;min-height:112px;padding-bottom:12px}.B6L7ke.i1L7v .xh7Wmd{max-height:100%;min-height:100%}.B6L7ke.j1zy9{height:auto}.B6L7ke.j1zy9 .xh7Wmd{height:auto;max-width:432px}.PeAiAb{max-width:300px}.MWnvBb.WS4XDd{border:0;max-height:1rem;padding:0 2px;vertical-align:middle;width:auto}.IqauWe{border:0;object-fit:contain}.IqauWe.WS4XDd{border:0;max-height:1rem;padding:0 2px;vertical-align:middle;width:auto}.q4Wquf,.nfoC7c{display:block;height:25vh;position:relative}@media (min-width:600px){.q4Wquf,.nfoC7c{height:150px}}.q4Wquf.Irjbwb{height:auto}@media screen and (prefers-color-scheme:dark){.q4Wquf:not(.GtvzYd){display:none}}.nfoC7c{margin:0;overflow:hidden}.PwpMUe,.lVUmD{display:block;height:100%;margin:0 auto;object-fit:contain;width:100%}.St9mde{display:block;height:100%;max-width:100%;min-height:110px;position:relative;transform:translate(-43%,-3%);width:auto;z-index:3}.wsArZ[data-ss-mode="1"] .q4Wquf,.wsArZ[data-ss-mode="1"] .St9mde{height:auto;width:100%}.wsArZ[data-ss-mode="1"] .St9mde{max-width:400px}@media (min-width:600px) and (orientation:landscape),all and (min-width:1600px){.NQ5OL .q4Wquf,.NQ5OL .St9mde{height:auto;width:100%}.NQ5OL .St9mde{max-width:400px}}.q4Wquf.NWba7e,.q4Wquf.NWba7e .St9mde{height:auto}.q4Wquf.NWba7e .St9mde{height:auto;max-width:312px;width:100%}.q4Wquf.NWba7e.zpCp3 .St9mde{max-width:unset}.q4Wquf.IiQozc .St9mde{margin:0 auto;transform:none}.q4Wquf.Irjbwb .St9mde{height:auto;width:100%}.q4Wquf.EEeaqf .St9mde{max-height:144px;max-width:144px}.SnAaEd{background-image:linear-gradient(to bottom,rgba(233,233,233,0) 0,rgba(233,233,233,0) 62.22%,rgb(233,233,233) 40.22%,rgba(233,233,233,0) 100%);height:100%;left:0;overflow:hidden;position:absolute;right:0;top:0;z-index:2}@media screen and (prefers-color-scheme:dark){.SnAaEd{display:none}}.SnAaEd::after,.SnAaEd::before{content:"";display:block;height:100%;min-width:110px;position:absolute;right:-10%;transform:rotate(-104deg);width:25vh;z-index:2}@media (min-width:600px){.SnAaEd::after,.SnAaEd::before{width:150px}}.SnAaEd::before{background-image:linear-gradient(to bottom,rgba(243,243,243,0) 0,rgba(243,243,243,.9) 100%);bottom:-10%}.SnAaEd::after{background-image:linear-gradient(to bottom,rgba(255,255,255,0) 0,rgba(255,255,255,.9) 100%);bottom:-80%}.wsArZ[data-ss-mode="1"] .SnAaEd~.St9mde{width:auto}@media (min-width:600px) and (orientation:landscape),all and (min-width:1600px){.NQ5OL .SnAaEd~.St9mde{width:auto}}.RHNWk .St9mde{height:auto}@media (min-width:600px) and (orientation:landscape),all and (min-width:1600px){.NQ5OL .RHNWk .St9mde{width:115px}}.cf660d .St9mde{transform:translate(-9%,-3%)}.tUhwwc .St9mde{margin:auto;max-height:230px;right:0;top:-3%;transform:none}.Jkvqxd .St9mde{transform:translate(9%,-3%)}.onc8Ic .St9mde{transform:translate(var(
    --c-ps-s,24px
  ),0)}.WA89Yb .St9mde{transform:translate(0,0)}.wsArZ[data-ss-mode="1"] .XEN8Yb .St9mde{max-width:115px}@media (min-width:600px) and (orientation:landscape),all and (min-width:1600px){.NQ5OL .XEN8Yb .St9mde{max-width:115px}}.IsSr6b .St9mde{max-width:300px}.mmskdd .St9mde{transform:none}.Qk3oof.WS4XDd{border:0;max-height:1.4285714286em;padding:0 2px;vertical-align:middle;width:auto}.uHLU0{border:0;object-fit:contain}.uHLU0.WS4XDd{border:0;max-height:1.4285714286em;padding:0 2px;vertical-align:middle;width:auto}.Dzz9Db,.GpMPBe{display:block;height:25vh;position:relative}@media (min-width:600px){.Dzz9Db,.GpMPBe{height:150px}}@media screen and (prefers-color-scheme:dark){.Dzz9Db:not(.GtvzYd){display:none}}.Dzz9Db.Irjbwb{height:auto}.GpMPBe{margin:0;overflow:hidden}.UFQPDd,.JNOvdd{display:block;height:100%;margin:0 auto;object-fit:contain;width:100%}.f4ZpM{display:block;height:100%;max-width:100%;min-height:110px;position:relative;transform:translate(-43%,-3%);width:auto;z-index:3}.wsArZ[data-ss-mode="1"] .Dzz9Db,.wsArZ[data-ss-mode="1"] .f4ZpM{height:auto;width:100%}.wsArZ[data-ss-mode="1"] .f4ZpM{max-width:400px}@media (min-width:600px) and (orientation:landscape),all and (min-width:1600px){.NQ5OL .Dzz9Db,.NQ5OL .f4ZpM{height:auto;width:100%}.NQ5OL .f4ZpM{max-width:400px}}.Dzz9Db.utFBGf,.Dzz9Db.utFBGf .f4ZpM{height:auto}.Dzz9Db.utFBGf .f4ZpM{height:auto;max-width:312px;width:100%}.Dzz9Db.utFBGf.zpCp3 .f4ZpM{max-width:unset}.Dzz9Db.IiQozc .f4ZpM{margin:0 auto;transform:none}.Dzz9Db.Irjbwb .f4ZpM{height:auto;width:100%}.Dzz9Db.EEeaqf .f4ZpM{max-height:144px;max-width:144px}.nPt1pc{background-image:linear-gradient(to bottom,rgba(233,233,233,0) 0,rgba(233,233,233,0) 62.22%,rgb(233,233,233) 40.22%,rgba(233,233,233,0) 100%);height:100%;left:0;overflow:hidden;position:absolute;right:0;top:0;z-index:2}@media screen and (prefers-color-scheme:dark){.nPt1pc{display:none}}.nPt1pc::after,.nPt1pc::before{content:"";display:block;height:100%;min-width:110px;position:absolute;right:-10%;transform:rotate(-104deg);width:25vh;z-index:2}@media (min-width:600px){.nPt1pc::after,.nPt1pc::before{width:150px}}.nPt1pc::before{background-image:linear-gradient(to bottom,rgba(243,243,243,0) 0,rgba(243,243,243,.9) 100%);bottom:-10%}.nPt1pc::after{background-image:linear-gradient(to bottom,rgba(255,255,255,0) 0,rgba(255,255,255,.9) 100%);bottom:-80%}.wsArZ[data-ss-mode="1"] .nPt1pc~.f4ZpM{width:auto}@media (min-width:600px) and (orientation:landscape),all and (min-width:1600px){.NQ5OL .nPt1pc~.f4ZpM{width:auto}}.ZS7CGc .f4ZpM{height:auto}@media (min-width:600px) and (orientation:landscape),all and (min-width:1600px){.NQ5OL .ZS7CGc .f4ZpM{width:115px}}.qiRZ5e .f4ZpM{transform:translate(-9%,-3%)}.vIv7Gf .f4ZpM{margin:auto;max-height:230px;right:0;top:-3%;transform:none}.nvYXVd .f4ZpM{transform:translate(9%,-3%)}.uOhnzd .f4ZpM{transform:translate(24px,0)}.MsYMaf .f4ZpM{transform:translate(0,0)}.wsArZ[data-ss-mode="1"] .YIi9qf .f4ZpM{max-width:115px}@media (min-width:600px) and (orientation:landscape),all and (min-width:1600px){.NQ5OL .YIi9qf .f4ZpM{max-width:115px}}.QG3Xbe .f4ZpM{max-width:300px}.F6gtje .f4ZpM{transform:none}.SXdXAb-BFbNVe,.SXdXAb-ugnUJb,.SXdXAb-BFbNVe::before,.SXdXAb-BFbNVe::after{border-radius:inherit;inset:0;position:absolute;pointer-events:none}.SXdXAb-ugnUJb{transition:75ms opacity linear;background-color:var(--gm3-elevation-surface-tint-layer-color,transparent);opacity:calc(clamp(0, var(--gm3-elevation-level, 0), .05) + clamp(0, var(--gm3-elevation-level, 0) - 1, .03) + clamp(0, var(--gm3-elevation-level, 0) - 2, .03) + clamp(0, var(--gm3-elevation-level, 0) - 3, .01) + clamp(0, var(--gm3-elevation-level, 0) - 4, .02))}.SXdXAb-BFbNVe::before,.SXdXAb-BFbNVe::after{transition:75ms box-shadow linear;content:""}.SXdXAb-BFbNVe::before{box-shadow:0 calc(1px*(clamp(0, var(--gm3-elevation-level, 0), 1) + clamp(0, var(--gm3-elevation-level, 0) - 3, 1) + clamp(0, var(--gm3-elevation-level, 0) - 4, 1)*2)) calc(1px*(2*clamp(0, var(--gm3-elevation-level, 0), 1) + clamp(0, var(--gm3-elevation-level, 0) - 2, 1) + clamp(0, var(--gm3-elevation-level, 0) - 4, 1))) 0 var(--gm3-elevation-shadow-color,transparent);opacity:calc(clamp(0, var(--gm3-elevation-level, 0), 1)*.3)}.SXdXAb-BFbNVe::after{box-shadow:0 calc(1px*(clamp(0, var(--gm3-elevation-level, 0), 1) + clamp(0, var(--gm3-elevation-level, 0) - 1, 1) + clamp(0, var(--gm3-elevation-level, 0) - 2, 3)*2)) calc(1px*(clamp(0, var(--gm3-elevation-level, 0), 2)*3 + clamp(0, var(--gm3-elevation-level, 0) - 2, 3)*2)) calc(1px*(clamp(0, var(--gm3-elevation-level, 0), 4) + 2*clamp(0, var(--gm3-elevation-level, 0) - 4, 1))) var(--gm3-elevation-shadow-color,transparent);opacity:calc(clamp(0, var(--gm3-elevation-level, 0), 1)*.15)}@media (forced-colors:active){.SXdXAb-BFbNVe{display:none}}.OiePBf-zPjgPe{display:var(--gm3-focus-ring-outward-display,none);pointer-events:none;position:absolute;z-index:1;border-start-start-radius:calc(var(--gm3-focus-ring-outward-target-shape-start-start, 0px) + var(--gm3-focus-ring-outward-offset, 2px));border-start-end-radius:calc(var(--gm3-focus-ring-outward-target-shape-start-end, 0px) + var(--gm3-focus-ring-outward-offset, 2px));border-end-end-radius:calc(var(--gm3-focus-ring-outward-target-shape-end-end, 0px) + var(--gm3-focus-ring-outward-offset, 2px));border-end-start-radius:calc(var(--gm3-focus-ring-outward-target-shape-end-start, 0px) + var(--gm3-focus-ring-outward-offset, 2px));inset:calc(var(--gm3-focus-ring-outward-offset, 2px)*-1);box-shadow:0 0 0 var(--gm3-focus-ring-outward-track-width,3px) var(--gm3-focus-ring-outward-color,var(--gm3-sys-color-secondary,#00639b));outline:var(--gm3-focus-ring-outward-track-width,3px) solid transparent;animation-name:gm3-focus-ring-outward-grows,gm3-focus-ring-outward-shrinks;animation-duration:.15s,.45s;animation-delay:0s,.15s;animation-timing-function:cubic-bezier(.2,0,0,1),cubic-bezier(.2,0,0,1)}@keyframes gm3-focus-ring-outward-grows{from{box-shadow:0 0 0 0 var(--gm3-focus-ring-outward-color,var(--gm3-sys-color-secondary,#00639b))}to{box-shadow:0 0 0 8px var(--gm3-focus-ring-outward-color,var(--gm3-sys-color-secondary,#00639b))}}@keyframes gm3-focus-ring-outward-shrinks{from{box-shadow:0 0 0 8px var(--gm3-focus-ring-outward-color,var(--gm3-sys-color-secondary,#00639b))}}@media (prefers-reduced-motion){.OiePBf-zPjgPe{animation:none}}.RBHQF-ksKsZd{overflow:hidden;outline:none;-webkit-tap-highlight-color:transparent}.RBHQF-ksKsZd,.RBHQF-ksKsZd::before,.RBHQF-ksKsZd::after{position:absolute;pointer-events:none;top:0;left:0;width:100%;height:100%;border-start-start-radius:var(--gm3-ripple-shape-start-start,inherit);border-start-end-radius:var(--gm3-ripple-shape-start-end,inherit);border-end-start-radius:var(--gm3-ripple-shape-end-start,inherit);border-end-end-radius:var(--gm3-ripple-shape-end-end,inherit)}.RBHQF-ksKsZd::before,.RBHQF-ksKsZd::after{opacity:0;content:""}.RBHQF-ksKsZd::before{transition:opacity 75ms linear,border-radius var(--gm3-ripple-border-radius-transition-duration,0ms) linear;background-color:var(--gm3-ripple-hover-color,transparent)}.RBHQF-ksKsZd-OWXEXe-ZmdkE::before{opacity:var(--gm3-ripple-hover-opacity,0)}.RBHQF-ksKsZd::after{opacity:0;background:radial-gradient(closest-side,var(--gm3-ripple-pressed-color,transparent) max(100% - 70px,65%),transparent 100%);transition:opacity .25s linear,border-radius var(--gm3-ripple-border-radius-transition-duration,0ms) linear;transform-origin:center center}.RBHQF-ksKsZd-OWXEXe-QDgCrf::after{transition-duration:105ms;opacity:var(--gm3-ripple-pressed-opacity,0)}@media (forced-colors:active){.RBHQF-ksKsZd{display:none}}.mUIrbf-LgbsSe{display:inline-flex;position:relative;align-items:center;justify-content:center;box-sizing:border-box;border:none;outline:none;background:transparent;-webkit-appearance:none;appearance:none;line-height:inherit;text-rendering:inherit;user-select:none;vertical-align:middle;cursor:pointer;min-inline-size:var(--gm3-button-text-container-min-width,64px);padding-block:0;-webkit-padding-start:var(--gm3-button-text-leading-space,12px);padding-inline-start:var(--gm3-button-text-leading-space,12px);-webkit-padding-end:var(--gm3-button-text-trailing-space,12px);padding-inline-end:var(--gm3-button-text-trailing-space,12px);block-size:var(--gm3-button-text-container-height,40px);border-radius:var(--gm3-button-text-container-shape,9999px);--gm3-ripple-hover-color:var(--gm3-button-text-hover-state-layer-color,var(--gm3-sys-color-primary,#0b57d0));--gm3-ripple-hover-opacity:var(--gm3-button-text-hover-state-layer-opacity,0.08);--gm3-ripple-pressed-color:var(--gm3-button-text-hover-state-layer-color,var(--gm3-sys-color-primary,#0b57d0));--gm3-ripple-pressed-opacity:var(--gm3-button-text-pressed-state-layer-opacity,0.1);--gm3-focus-ring-outward-color:var(--gm3-button-text-focus-indicator-color,var(--gm3-sys-color-secondary,#00639b));--gm3-focus-ring-outward-offset:var(--gm3-button-text-focus-indicator-outline-offset,2px);--gm3-focus-ring-outward-track-width:var(--gm3-button-text-focus-indicator-thickness,3px);--gm3-focus-ring-outward-target-shape-start-start:var(--gm3-button-text-container-shape,9999px);--gm3-focus-ring-outward-target-shape-start-end:var(--gm3-button-text-container-shape,9999px);--gm3-focus-ring-outward-target-shape-end-end:var(--gm3-button-text-container-shape,9999px);--gm3-focus-ring-outward-target-shape-end-start:var(--gm3-button-text-container-shape,9999px)}.mUIrbf-mRLv6:focus-visible{outline:none}.mUIrbf-LgbsSe:focus-visible,.mUIrbf-mRLv6:focus-visible~.mUIrbf-UHGRz{--gm3-focus-ring-outward-display:block}.mUIrbf-LgbsSe:disabled{cursor:default;pointer-events:none;--gm3-ripple-hover-opacity:0;--gm3-ripple-pressed-opacity:0}.mUIrbf-LgbsSe-OWXEXe-SfQLQb-suEOdc:disabled{pointer-events:auto}.mUIrbf-LgbsSe[hidden]{display:none}.mUIrbf-vQzf8d{position:relative;text-align:center;color:var(--gm3-button-text-label-text-color,var(--gm3-sys-color-primary,#0b57d0));font-size:var(--gm3-button-text-label-text-size,.875rem);font-family:var(--gm3-button-text-label-text-font,"Google Sans",Roboto,Arial,sans-serif);font-weight:var(--gm3-button-text-label-text-weight,500);letter-spacing:var(--gm3-button-text-label-text-tracking,0);-webkit-text-decoration:var(--gm3-button-text-label-text-decoration,none);text-decoration:var(--gm3-button-text-label-text-decoration,none);font-variation-settings:var(--gm3-button-text-label-text-font-variation-settings,initial)}.mUIrbf-kSE8rc-FoKg4d-sLO9V-YoZ4jf .mUIrbf-vQzf8d{font-family:var(--gm3-button-text-label-text-font,"Google Sans Flex","Google Sans Text","Google Sans",Roboto,Arial,sans-serif)}.mUIrbf-LgbsSe:hover .mUIrbf-vQzf8d{color:var(--gm3-button-text-hover-label-text-color,var(--gm3-sys-color-primary,#0b57d0))}.mUIrbf-LgbsSe:focus-visible .mUIrbf-vQzf8d{color:var(--gm3-button-text-focus-label-text-color,var(--gm3-sys-color-primary,#0b57d0))}.mUIrbf-LgbsSe:active .mUIrbf-vQzf8d{color:var(--gm3-button-text-pressed-label-text-color,var(--gm3-sys-color-primary,#0b57d0))}.mUIrbf-LgbsSe:disabled .mUIrbf-vQzf8d{color:var(--gm3-button-text-disabled-label-text-color,rgba(var(--gm3-sys-color-on-surface-rgb,31,31,31),.38))}.mUIrbf-LgbsSe-OWXEXe-zcdHbf .mUIrbf-vQzf8d{white-space:nowrap;text-overflow:ellipsis;overflow:hidden}.mUIrbf-LgbsSe-OWXEXe-Bz112c-M1Soyc{-webkit-padding-start:var(--gm3-button-text-with-leading-icon-leading-space,12px);padding-inline-start:var(--gm3-button-text-with-leading-icon-leading-space,12px);-webkit-padding-end:var(--gm3-button-text-with-leading-icon-trailing-space,16px);padding-inline-end:var(--gm3-button-text-with-leading-icon-trailing-space,16px)}.mUIrbf-LgbsSe-OWXEXe-Bz112c-M1Soyc .mUIrbf-kBDsod-Rtc0Jf i,.mUIrbf-LgbsSe-OWXEXe-Bz112c-M1Soyc .mUIrbf-kBDsod-Rtc0Jf img,.mUIrbf-LgbsSe-OWXEXe-Bz112c-M1Soyc .mUIrbf-kBDsod-Rtc0Jf svg{-webkit-margin-end:var(--gm3-button-text-with-icon-icon-label-space,8px);margin-inline-end:var(--gm3-button-text-with-icon-icon-label-space,8px)}.mUIrbf-LgbsSe-OWXEXe-Bz112c-UbuQg{-webkit-padding-start:var(--gm3-button-text-with-trailing-icon-leading-space,16px);padding-inline-start:var(--gm3-button-text-with-trailing-icon-leading-space,16px);-webkit-padding-end:var(--gm3-button-text-with-trailing-icon-trailing-space,12px);padding-inline-end:var(--gm3-button-text-with-trailing-icon-trailing-space,12px)}.mUIrbf-LgbsSe-OWXEXe-Bz112c-UbuQg .mUIrbf-kBDsod-Rtc0Jf i,.mUIrbf-LgbsSe-OWXEXe-Bz112c-UbuQg .mUIrbf-kBDsod-Rtc0Jf img,.mUIrbf-LgbsSe-OWXEXe-Bz112c-UbuQg .mUIrbf-kBDsod-Rtc0Jf svg{-webkit-margin-start:var(--gm3-button-text-with-icon-icon-label-space,8px);margin-inline-start:var(--gm3-button-text-with-icon-icon-label-space,8px)}.mUIrbf-kBDsod-Rtc0Jf{display:none;position:relative;line-height:0;color:var(--gm3-button-text-with-icon-icon-color,var(--gm3-sys-color-primary,#0b57d0))}.mUIrbf-kBDsod-Rtc0Jf i,.mUIrbf-kBDsod-Rtc0Jf img,.mUIrbf-kBDsod-Rtc0Jf svg{display:inline-flex;position:relative;direction:inherit;color:inherit;font-size:var(--gm3-button-text-with-icon-icon-size,18px);inline-size:var(--gm3-button-text-with-icon-icon-size,18px);block-size:var(--gm3-button-text-with-icon-icon-size,18px)}.mUIrbf-LgbsSe:hover .mUIrbf-kBDsod-Rtc0Jf{color:var(--gm3-button-text-with-icon-hover-icon-color,var(--gm3-sys-color-primary,#0b57d0))}.mUIrbf-LgbsSe:focus-visible .mUIrbf-kBDsod-Rtc0Jf{color:var(--gm3-button-text-with-icon-focus-icon-color,var(--gm3-sys-color-primary,#0b57d0))}.mUIrbf-LgbsSe:active .mUIrbf-kBDsod-Rtc0Jf{color:var(--gm3-button-text-with-icon-pressed-icon-color,var(--gm3-sys-color-primary,#0b57d0))}.mUIrbf-LgbsSe:disabled .mUIrbf-kBDsod-Rtc0Jf{color:var(--gm3-button-text-with-icon-disabled-icon-color,rgba(var(--gm3-sys-color-on-surface-rgb,31,31,31),.38))}[dir=rtl] .mUIrbf-LgbsSe-OWXEXe-drxrmf-Bz112c .mUIrbf-kBDsod-Rtc0Jf,.mUIrbf-LgbsSe-OWXEXe-drxrmf-Bz112c .mUIrbf-kBDsod-Rtc0Jf[dir=rtl]{transform:scaleX(-1)}.mUIrbf-LgbsSe-OWXEXe-Bz112c-M1Soyc .mUIrbf-kBDsod-Rtc0Jf-OWXEXe-M1Soyc,.mUIrbf-LgbsSe-OWXEXe-Bz112c-UbuQg .mUIrbf-kBDsod-Rtc0Jf-OWXEXe-UbuQg{display:inline-flex}.mUIrbf-mRLv6{position:absolute;inset:0}.mUIrbf-LgbsSe-OWXEXe-dgl2Hf{margin-block:max((48px - var(--gm3-button-text-container-height,40px))/2,0px)}.mUIrbf-RLmnJb{position:absolute;inline-size:max(48px,100%);block-size:max(48px,100%);inset:unset;top:50%;left:50%;transform:translate(-50%,-50%)}.mUIrbf-LgbsSe{will-change:transform,opacity}.mUIrbf-LgbsSe::before{content:"";pointer-events:none;position:absolute;inset:0;border-radius:inherit;border:1px solid transparent}@media (forced-colors:active){.mUIrbf-LgbsSe:has(.mUIrbf-mRLv6)::before{border-color:LinkText}}@media (forced-colors:active){.mUIrbf-LgbsSe:has(.mUIrbf-mRLv6) .mUIrbf-vQzf8d,.mUIrbf-LgbsSe:has(.mUIrbf-mRLv6) .mUIrbf-kBDsod-Rtc0Jf{color:LinkText}}@media (forced-colors:active){.mUIrbf-LgbsSe:disabled::before{border-color:GrayText}}@media (forced-colors:active){.mUIrbf-StrnGf-YYd4I-VtOx3e::before{border-color:CanvasText}}.XjS9D{display:inline-flex}.XjS9D .VfPpkd-J1Ukfc-LhBDec{border-radius:22px}.XjS9D .VfPpkd-J1Ukfc-LhBDec::after{border-radius:24px}.XjS9D.eLNT1d{display:none}.XjS9D .TrZEUc .WpHeLc{position:absolute}.XjS9D.XjS9D .q6oraf .DMZ54e,.XjS9D.XjS9D .BqKGqe{font-family:"Google Sans",roboto,"Noto Sans Myanmar UI",arial,sans-serif;font-size:0.875rem;font-weight:500;font-weight:var(
    --c-afwt,500
  );letter-spacing:0rem;line-height:1.4285714286}@media (-ms-high-contrast:active),screen and (forced-colors:active){.BqKGqe{border:1px solid CanvasText}}.BqKGqe,.BqKGqe .VfPpkd-Jh9lGc{border-radius:20px}.XjS9D .VfPpkd-LgbsSe{height:40px}@media (orientation:landscape){.XjS9D .VfPpkd-LgbsSe{height:40px}}.Jskylb:not(:disabled){background:#0b57d0;color:#fff}.pIzcPc:not(:disabled),.eR0mzb:not(:disabled){color:#0b57d0;outline:#747775}.Jskylb.Jskylb.Jskylb:not(:disabled){background-color:var(--gm3-sys-color-primary,#0b57d0)}.Jskylb.Jskylb.Jskylb:not(:disabled){color:var(--gm3-sys-color-on-primary,#fff)}.Jskylb.Jskylb.Jskylb:not(:disabled):hover{color:var(--gm3-sys-color-on-primary,#fff)}.Jskylb.Jskylb.Jskylb:not(:disabled).VfPpkd-ksKsZd-mWPk3d-OWXEXe-AHe6Kc-XpnDCe,.Jskylb.Jskylb.Jskylb:not(:disabled):not(.VfPpkd-ksKsZd-mWPk3d):focus{color:var(--gm3-sys-color-on-primary,#fff)}.Jskylb.Jskylb.Jskylb:not(:disabled):not(:disabled):active{color:var(--gm3-sys-color-on-primary,#fff)}.pIzcPc.pIzcPc.pIzcPc:not(:disabled){color:var(--gm3-sys-color-primary,#0b57d0)}.pIzcPc.pIzcPc.pIzcPc:not(:disabled):hover{color:var(--gm3-sys-color-primary,#0b57d0)}.pIzcPc.pIzcPc.pIzcPc:not(:disabled).VfPpkd-ksKsZd-mWPk3d-OWXEXe-AHe6Kc-XpnDCe,.pIzcPc.pIzcPc.pIzcPc:not(:disabled):not(.VfPpkd-ksKsZd-mWPk3d):focus{color:var(--gm3-sys-color-primary,#0b57d0)}.pIzcPc.pIzcPc.pIzcPc:disabled{color:var(--gm3-sys-color-on-surface,#1f1f1f)}.pIzcPc.pIzcPc.pIzcPc .VfPpkd-Jh9lGc::before{background-color:var(--gm3-sys-color-primary,#0b57d0)}.pIzcPc.pIzcPc.pIzcPc .VfPpkd-Jh9lGc::after{background-color:var(--gm3-sys-color-primary,#0b57d0)}.pIzcPc.pIzcPc.pIzcPc:not(:disabled){border-color:var(--gm3-sys-color-outline,#747775)}.pIzcPc.pIzcPc.pIzcPc:not(:disabled):hover{border-color:var(--gm3-sys-color-outline,#747775)}.pIzcPc.pIzcPc.pIzcPc:not(:disabled).VfPpkd-ksKsZd-mWPk3d-OWXEXe-AHe6Kc-XpnDCe,.pIzcPc.pIzcPc.pIzcPc:not(:disabled):not(.VfPpkd-ksKsZd-mWPk3d):focus{border-color:var(--gm3-sys-color-outline,#747775)}.pIzcPc.pIzcPc.pIzcPc:not(:disabled):active,.pIzcPc.pIzcPc.pIzcPc:not(:disabled):focus:active{border-color:var(--gm3-sys-color-outline,#747775)}.eR0mzb.eR0mzb.eR0mzb:not(:disabled){color:var(--gm3-sys-color-primary,#0b57d0)}.eR0mzb.eR0mzb.eR0mzb:not(:disabled):hover{color:var(--gm3-sys-color-primary,#0b57d0)}.eR0mzb.eR0mzb.eR0mzb:not(:disabled).VfPpkd-ksKsZd-mWPk3d-OWXEXe-AHe6Kc-XpnDCe,.eR0mzb.eR0mzb.eR0mzb:not(:disabled):not(.VfPpkd-ksKsZd-mWPk3d):focus{color:var(--gm3-sys-color-primary,#0b57d0)}.eR0mzb.eR0mzb.eR0mzb:disabled{color:var(--gm3-sys-color-on-surface,#1f1f1f)}.eR0mzb.eR0mzb.eR0mzb .VfPpkd-Jh9lGc::before{background-color:var(--gm3-sys-color-primary,#0b57d0)}.eR0mzb.eR0mzb.eR0mzb .VfPpkd-Jh9lGc::after{background-color:var(--gm3-sys-color-primary,#0b57d0)}.eR0mzb.eR0mzb.eR0mzb.VfPpkd-LgbsSe[disabled] .VfPpkd-vQzf8d{opacity:0.38}.AnSR9d.AnSR9d.AnSR9d:not(:disabled){background-color:var(--gm3-sys-color-secondary-container,#c2e7ff)}.AnSR9d.AnSR9d.AnSR9d:not(:disabled){color:var(--gm3-sys-color-on-secondary-container,#004a77)}.AnSR9d.AnSR9d.AnSR9d:not(:disabled):hover{color:var(--gm3-sys-color-on-secondary-container,#004a77)}.AnSR9d.AnSR9d.AnSR9d:not(:disabled).VfPpkd-ksKsZd-mWPk3d-OWXEXe-AHe6Kc-XpnDCe,.AnSR9d.AnSR9d.AnSR9d:not(:disabled):not(.VfPpkd-ksKsZd-mWPk3d):focus{color:var(--gm3-sys-color-on-secondary-container,#004a77)}.AnSR9d.AnSR9d.AnSR9d:not(:disabled):not(:disabled):active{color:var(--gm3-sys-color-on-secondary-container,#004a77)}.eR0mzb.VfPpkd-LgbsSe{min-width:0}.eR0mzb.VfPpkd-LgbsSe{padding-left:16px;padding-right:16px}.H76ePc{margin:auto;max-width:380px;overflow:hidden;position:relative}.H76ePc .LbOduc{position:relative;text-align:center}.JQ5tlb{border-radius:50%;color:var(--gm3-sys-color-on-surface-variant,#444746);overflow:hidden}.pGzURd{line-height:1.4285714286}.lPxAeb{width:100%}.lPxAeb .JQ5tlb{flex:none;height:28px;margin-right:12px;width:28px}.lPxAeb .LbOduc,.VUfHYd .LbOduc{display:flex;align-items:center}.lPxAeb .LbOduc{justify-content:center}.H76ePc .JQ5tlb{height:64px;margin:0 auto 8px;width:64px}.MnFlu{border-radius:50%;display:block}.lPxAeb .MnFlu,.lPxAeb .Qk3oof,.lPxAeb .uHLU0{max-height:100%;max-width:100%}.H76ePc .MnFlu,.H76ePc .Qk3oof,.H76ePc .uHLU0{height:64px;width:64px}.VUfHYd{height:24px}.VUfHYd .JQ5tlb{display:flex;height:24px;margin-right:8px;min-width:24px}.VUfHYd .MnFlu,.VUfHYd .Qk3oof,.VUfHYd .uHLU0{color:var(--gm3-sys-color-on-surface-variant,#444746);height:24px;width:24px}.VUfHYd .DOLDDf{overflow:hidden}.lPxAeb .DOLDDf{flex-grow:1}.lPxAeb .pGzURd{color:#1f1f1f;color:var(--gm3-sys-color-on-surface,#1f1f1f);font-family:"Google Sans",roboto,"Noto Sans Myanmar UI",arial,sans-serif;font-size:1rem;font-weight:500;letter-spacing:0rem;line-height:1.5}.H76ePc .pGzURd{color:#1f1f1f;color:var(--gm3-sys-color-on-surface,#1f1f1f);font-size:0.875rem}.yAlK0b,.VhdzSd,.H2oig{direction:ltr;font-size:0.875rem;line-height:1.4285714286;text-align:left;word-break:break-all}.yAlK0b{text-decoration:none}.lPxAeb .yAlK0b,.lPxAeb .VhdzSd,.lPxAeb .H2oig{font-size:0.875rem;font-weight:400;letter-spacing:0rem;line-height:1.4285714286}.H2oig{color:#444746;color:var(--gm3-sys-color-on-surface-variant,#444746)}.VUfHYd .yAlK0b{color:#1f1f1f;color:var(--gm3-sys-color-on-surface,#1f1f1f);font-family:"Google Sans",roboto,"Noto Sans Myanmar UI",arial,sans-serif;font-size:0.875rem;font-weight:500;letter-spacing:0rem;overflow:hidden;text-overflow:ellipsis;white-space:nowrap}.lPxAeb .VhdzSd{color:#444746;color:var(--gm3-sys-color-on-surface-variant,#444746)}.lPxAeb .yAlK0b{color:#444746;color:var(--gm3-sys-color-on-surface-variant,#444746)}.lPxAeb .yAlK0b[data-email$="@glimitedaccount.com"]{display:none}.H76ePc .yAlK0b{color:#444746;color:var(--gm3-sys-color-on-surface-variant,#444746)}.lrLKwc{color:#444746;color:var(--gm3-sys-color-on-surface-variant,#444746);font-size:0.875rem}.lPxAeb .lrLKwc{align-self:flex-start;flex:none;font-family:"Google Sans",roboto,"Noto Sans Myanmar UI",arial,sans-serif;font-size:0.75rem;font-weight:400;letter-spacing:0.00625rem;line-height:1.3333333333}.Ahygpe{align-items:center;background:#fff;background:var(--gm3-sys-color-surface-container-lowest,#fff);border:1px solid var(--gm3-sys-color-outline,#747775);color:var(--gm3-sys-color-on-surface,#1f1f1f);cursor:pointer;display:inline-flex;font-size:0.875rem;font-weight:500;letter-spacing:.25px;max-width:100%;position:relative}.Ahygpe::after{border:1px solid transparent;content:"";position:absolute;inset:-1px}.Ahygpe:focus-visible::after{border:2px solid;border-color:#0b57d0;border-color:var(--gm3-sys-color-primary,#0b57d0);box-shadow:0 0 0 2px #d3e3fd;box-shadow:0 0 0 2px var(--gm3-sys-color-primary-container,#d3e3fd);border-radius:26px;content:"";position:absolute;pointer-events:none;inset:-5px}.Zjyti{color:#0b57d0;color:var(--gm3-sys-color-primary,#0b57d0);font-size:0.75rem}.m8wwGd{border-radius:16px;padding:0 15px 0 15px}.m8wwGd{position:relative}.m8wwGd::before{background:#1f1f1f;background:var(--gm3-sys-color-on-surface,#1f1f1f);content:"";opacity:0;position:absolute;pointer-events:none}.m8wwGd:hover::before{opacity:0.08}.m8wwGd:focus::before,.m8wwGd.u3bW4e::before{opacity:0.1}.m8wwGd:active::before,.m8wwGd.qs41qe::before{opacity:0.1}.m8wwGd::before{border-radius:16px;width:100%;height:100%}.m8wwGd:focus,.m8wwGd.u3bW4e{outline:none;border-color:#747775;border-color:var(--gm3-sys-color-outline,#747775)}.m8wwGd:active,.m8wwGd.qs41qe{color:#1f1f1f;color:var(--gm3-sys-color-on-surface,#1f1f1f);border-color:#1f1f1f;border-color:var(--gm3-sys-color-on-surface,#1f1f1f)}.m8wwGd.Zjyti{border-radius:12px;padding:0 10px 0 10px}.m8wwGd.EPPJc{padding-right:8px}.m8wwGd.cd29Sd{padding-left:3px}.m8wwGd.Zjyti.EPPJc{padding-right:8px}.m8wwGd.Zjyti.cd29Sd{padding-left:2px}.m8wwGd::after{border-radius:16px}.m8wwGd.Zjyti::after{border-radius:12px}.HOE91e{border-radius:12px;height:24px;margin-right:8px}.HOE91e .MnFlu,.HOE91e .Qk3oof,.HOE91e .uHLU0{border-radius:50%;color:var(--gm3-sys-color-on-surface-variant,#444746);display:block;height:24px;width:24px}.IxcUte{direction:ltr;text-align:left;overflow:hidden;text-overflow:ellipsis;white-space:nowrap}.m8wwGd .IxcUte{line-height:30px}.m8wwGd.xNLKcb .IxcUte{font-family:"Google Sans",roboto,"Noto Sans Myanmar UI",arial,sans-serif;font-size:0.875rem;font-weight:500;letter-spacing:0rem;text-decoration:none}.m8wwGd.Zjyti .IxcUte{line-height:22px}.JCl8ie{color:var(--gm3-sys-color-on-surface,#1f1f1f);flex-shrink:0;height:20px;margin-left:5px;width:20px;transition:transform 0.2s cubic-bezier(0.4,0,0.2,1)}.Ahygpe.sMVRZe .JCl8ie{transform:rotate(180deg)}.Zjyti .JCl8ie{height:16px;width:16px}.u4TTuf{display:block;height:100%;width:100%}.rFrNMe{-webkit-user-select:none;-webkit-user-select:none;-webkit-tap-highlight-color:transparent;display:inline-block;outline:none;padding-bottom:8px;width:200px}.aCsJod{height:40px;position:relative;vertical-align:top}.aXBtI{display:flex;position:relative;top:14px}.Xb9hP{display:flex;box-flex:1;flex-grow:1;flex-shrink:1;min-width:0%;position:relative}.A37UZe{box-sizing:border-box;height:24px;line-height:24px;position:relative}.qgcB3c:not(:empty){padding-right:12px}.sxyYjd:not(:empty){padding-left:12px}.whsOnd{box-flex:1;flex-grow:1;flex-shrink:1;background-color:transparent;border:none;display:block;font:400 16px Roboto,RobotoDraft,Helvetica,Arial,sans-serif;height:24px;line-height:24px;margin:0;min-width:0%;outline:none;padding:0;z-index:0}.rFrNMe.dm7YTc .whsOnd{color:#fff}.whsOnd:invalid,.whsOnd:-moz-submit-invalid,.whsOnd:-moz-ui-invalid{box-shadow:none}.I0VJ4d>.whsOnd::-ms-clear,.I0VJ4d>.whsOnd::-ms-reveal{display:none}.i9lrp{background-color:rgba(0,0,0,.12);bottom:-2px;height:1px;left:0;margin:0;padding:0;position:absolute;width:100%}.i9lrp::before{content:"";position:absolute;top:0;bottom:-2px;left:0;right:0;border-bottom:1px solid rgba(0,0,0,0);pointer-events:none}.rFrNMe.dm7YTc .i9lrp{background-color:rgba(255,255,255,.7)}.OabDMe{transform:scaleX(0);background-color:#4285f4;bottom:-2px;height:2px;left:0;margin:0;padding:0;position:absolute;width:100%}.rFrNMe.dm7YTc .OabDMe{background-color:#a1c2fa}.rFrNMe.k0tWj .i9lrp,.rFrNMe.k0tWj .OabDMe{background-color:#d50000;height:2px}.rFrNMe.k0tWj.dm7YTc .i9lrp,.rFrNMe.k0tWj.dm7YTc .OabDMe{background-color:#e06055}.whsOnd[disabled]{color:rgba(0,0,0,.38)}.rFrNMe.dm7YTc .whsOnd[disabled]{color:rgba(255,255,255,.5)}.whsOnd[disabled]~.i9lrp{background:none;border-bottom:1px dotted rgba(0,0,0,.38)}.OabDMe.Y2Zypf{animation:quantumWizPaperInputRemoveUnderline .3s cubic-bezier(0.4,0,0.2,1)}.rFrNMe.u3bW4e .OabDMe{animation:quantumWizPaperInputAddUnderline .3s cubic-bezier(0.4,0,0.2,1);transform:scaleX(1)}.rFrNMe.sdJrJc>.aCsJod{padding-top:24px}.AxOyFc{transform-origin:bottom left;transition:all .3s cubic-bezier(0.4,0,0.2,1);transition-property:color,bottom,transform;-webkit-transition-property:color,bottom,transform,-webkit-transform;transition-property:color,bottom,transform,-webkit-transform;color:rgba(0,0,0,.38);font:400 16px Roboto,RobotoDraft,Helvetica,Arial,sans-serif;font-size:16px;pointer-events:none;position:absolute;bottom:3px;left:0;width:100%}.whsOnd:not([disabled]):focus~.AxOyFc,.whsOnd[badinput=true]~.AxOyFc,.rFrNMe.CDELXb .AxOyFc,.rFrNMe.dLgj8b .AxOyFc{transform:scale(0.75) translateY(-39px)}.whsOnd:not([disabled]):focus~.AxOyFc{color:#3367d6}.rFrNMe.dm7YTc .whsOnd:not([disabled]):focus~.AxOyFc{color:#a1c2fa}.rFrNMe.k0tWj .whsOnd:not([disabled]):focus~.AxOyFc{color:#d50000}.ndJi5d{color:rgba(0,0,0,.38);font:400 16px Roboto,RobotoDraft,Helvetica,Arial,sans-serif;max-width:100%;overflow:hidden;pointer-events:none;position:absolute;text-overflow:ellipsis;top:2px;left:0;white-space:nowrap}.rFrNMe.CDELXb .ndJi5d{display:none}.K0Y8Se{-webkit-tap-highlight-color:transparent;font:400 12px Roboto,RobotoDraft,Helvetica,Arial,sans-serif;height:16px;margin-left:auto;padding-left:16px;padding-top:8px;pointer-events:none;opacity:.3;white-space:nowrap}.rFrNMe.dm7YTc .AxOyFc,.rFrNMe.dm7YTc .K0Y8Se,.rFrNMe.dm7YTc .ndJi5d{color:rgba(255,255,255,.7)}.rFrNMe.Tyc9J{padding-bottom:4px}.dEOOab,.ovnfwe:not(:empty){-webkit-tap-highlight-color:transparent;-webkit-box-flex:1;flex:1 1 auto;font:400 12px Roboto,RobotoDraft,Helvetica,Arial,sans-serif;min-height:16px;padding-top:8px}.LXRPh{display:flex}.ovnfwe{pointer-events:none}.dEOOab{color:#d50000}.rFrNMe.dm7YTc .dEOOab,.rFrNMe.dm7YTc.k0tWj .whsOnd:not([disabled]):focus~.AxOyFc{color:#e06055}.ovnfwe{opacity:.3}.rFrNMe.dm7YTc .ovnfwe{color:rgba(255,255,255,.7);opacity:1}.rFrNMe.k0tWj .ovnfwe,.rFrNMe:not(.k0tWj) .ovnfwe:not(:empty)+.dEOOab{display:none}@keyframes quantumWizPaperInputRemoveUnderline{0%{transform:scaleX(1);opacity:1}to{transform:scaleX(1);opacity:0}}@keyframes quantumWizPaperInputAddUnderline{0%{transform:scaleX(0)}to{transform:scaleX(1)}}@media (min-width:600px){.njnYzb.DbQnIe .YqLCIe{display:flex;justify-content:space-between}}.njnYzb:first-child .H2p7Gf:first-child .i79UJc{padding-top:8px}@media (min-width:600px){.njnYzb.DbQnIe:first-child .H2p7Gf .i79UJc{padding-top:8px}.njnYzb.DbQnIe .H2p7Gf{flex-grow:1;margin-right:8px;width:0}.njnYzb.DbQnIe .H2p7Gf:last-child{margin-right:0}}.i79UJc.i79UJc{box-sizing:content-box}.i79UJc{padding-bottom:0;padding-top:24px;width:100%}.i79UJc .oJeWuf.oJeWuf{height:56px;padding-top:0}.i79UJc.OcVpRe .oJeWuf.oJeWuf{height:36px}.i79UJc .Wic03c{align-items:center;position:static}.i79UJc .snByac{background-color:transparent;bottom:18px;box-sizing:border-box;color:var(--gm3-sys-color-on-surface-variant,#444746);font-size:16px;font-weight:400;left:8px;max-width:calc(100% - 16px);overflow:hidden;padding:0 8px;text-overflow:ellipsis;transition:transform .15s cubic-bezier(.4,0,.2,1),opacity .15s cubic-bezier(.4,0,.2,1),background-color .15s cubic-bezier(.4,0,.2,1);white-space:nowrap;width:auto;z-index:1}.i79UJc.OcVpRe .snByac{bottom:10px;color:var(--gm3-sys-color-on-surface-variant,#444746);font-size:14px;left:4px;line-height:16px;padding:0 6px}.i79UJc.u3bW4e .snByac.snByac,.i79UJc.CDELXb .snByac.snByac{background-color:#fff;background-color:var(--gm3-sys-color-surface-container-lowest,#fff);transform:scale(.75) translatey(-41px)}.i79UJc.OcVpRe.u3bW4e .snByac,.i79UJc.OcVpRe.CDELXb .snByac{transform:scale(.75) translatey(-165%)}.i79UJc .zHQkBf:not([disabled]):focus~.snByac{color:#0b57d0;color:var(--gm3-sys-color-primary,#0b57d0)}.i79UJc.IYewr.u3bW4e .zHQkBf:not([disabled])~.snByac,.i79UJc.IYewr.CDELXb .zHQkBf:not([disabled])~.snByac{color:#b3261e;color:var(--gm3-sys-color-error,#b3261e)}.i79UJc .zHQkBf{border-radius:4px;color:#1f1f1f;color:var(--gm3-sys-color-on-surface,#1f1f1f);font-family:"Google Sans",roboto,"Noto Sans Myanmar UI",arial,sans-serif;font-size:16px;height:28px;margin:2px;padding:12px 14px;text-align:left;z-index:1}.i79UJc.OcVpRe .zHQkBf{font-size:14px;height:20px;padding:6px 8px}.i79UJc.YKooDc .zHQkBf,.i79UJc.YKooDc .MQL3Ob{direction:ltr;text-align:left}.i79UJc .iHd5yb{padding-left:14px}.i79UJc.OcVpRe .iHd5yb{padding-left:8px}.i79UJc .MQL3Ob{padding-right:14px;z-index:1}.i79UJc.OcVpRe .MQL3Ob{padding-right:8px}.i79UJc .mIZh1c,.i79UJc .cXrdqd{border-radius:4px;bottom:0;box-sizing:border-box}.i79UJc .mIZh1c,.i79UJc .cXrdqd,.i79UJc.IYewr .mIZh1c,.i79UJc.IYewr .cXrdqd{background-color:transparent;bottom:0;height:auto;top:0}.i79UJc .mIZh1c{border:1px solid;border-color:#747775;border-color:var(--gm3-sys-color-outline,#747775);padding:1px}.i79UJc .cXrdqd{border:1px solid;border-color:#0b57d0;border-color:var(--gm3-sys-color-primary,#0b57d0);opacity:0;transform:none;transition:opacity .15s cubic-bezier(.4,0,.2,1)}.i79UJc.u3bW4e .cXrdqd{border-width:2px}.i79UJc.u3bW4e .cXrdqd,.i79UJc.IYewr .cXrdqd{animation:none;opacity:1}.i79UJc.IYewr .cXrdqd{border-color:#b3261e;border-color:var(--gm3-sys-color-error,#b3261e)}.i79UJc .ndJi5d,.i79UJc .ovnfwe{pointer-events:auto}.i79UJc .RxsGPe,.i79UJc .Is7Fhb{display:none}.Ly8vae{color:#444746;color:var(--gm3-sys-color-on-surface-variant,#444746);display:flex;font-family:"Google Sans",roboto,"Noto Sans Myanmar UI",arial,sans-serif;font-size:0.75rem;font-weight:400;letter-spacing:0.00625rem;line-height:1.3333333333}.Ly8vae:empty,.NdBX9e:empty{display:none}.njnYzb.Jj6Lae .Ly8vae{color:#b3261e;color:var(--gm3-sys-color-error,#b3261e)}.jEOsLc{display:none;margin-right:8px}.JPqhye{height:16px;width:16px}.njnYzb.Jj6Lae .jEOsLc{display:block}.njnYzb .Ly8vae{color:#444746;color:var(--gm3-sys-color-on-surface-variant,#444746);margin-top:4px}.njnYzb .YQOsOe{margin-left:16px}.njnYzb.OcVpRe .YQOsOe{margin-left:10px}.Ekjuhf{color:#444746;color:var(--gm3-sys-color-on-surface-variant,#444746);align-items:flex-start;display:flex;font-family:"Google Sans",roboto,"Noto Sans Myanmar UI",arial,sans-serif;font-size:0.75rem;font-weight:400;letter-spacing:0.00625rem;line-height:1.3333333333;margin-left:16px;margin-top:2px}.Ekjuhf.Jj6Lae{color:#b3261e;color:var(--gm3-sys-color-error,#b3261e);margin-left:0}.AfGCob{margin-right:8px;margin-top:calc((1px*var(--boq-accounts-wireframe-themes-materialnext-common-abstractinput-help-line-height-unitless-px) - 16px)/2)}.xTjuxe{display:block;height:16px;width:16px}.edhGSc{-webkit-user-select:none;-webkit-user-select:none;-webkit-tap-highlight-color:transparent;display:inline-block;outline:none;padding-bottom:8px}.RpC4Ne{min-height:1.5em;position:relative;vertical-align:top}.Pc9Gce{display:flex;position:relative;padding-top:14px}.KHxj8b{box-flex:1;flex-grow:1;flex-shrink:1;background-color:transparent;border:none;display:block;font:400 16px Roboto,RobotoDraft,Helvetica,Arial,sans-serif;height:24px;min-height:24px;line-height:24px;margin:0;outline:none;padding:0;resize:none;white-space:pre-wrap;word-wrap:break-word;z-index:0;overflow-y:visible;overflow-x:hidden}.KHxj8b.VhWN2c{text-align:center}.edhGSc.dm7YTc .KHxj8b{color:rgba(255,255,255,.87)}.edhGSc.u3bW4e.dm7YTc .KHxj8b{color:#fff}.z0oSpf{background-color:rgba(0,0,0,.12);height:1px;left:0;margin:0;padding:0;position:absolute;width:100%}.edhGSc.dm7YTc>.RpC4Ne>.z0oSpf{background-color:rgba(255,255,255,.12)}.Bfurwb{transform:scaleX(0);background-color:#4285f4;height:2px;left:0;margin:0;padding:0;position:absolute;width:100%}.edhGSc.k0tWj>.RpC4Ne>.z0oSpf,.edhGSc.k0tWj>.RpC4Ne>.Bfurwb{background-color:#d50000;height:2px}.edhGSc.k0tWj.dm7YTc>.RpC4Ne>.z0oSpf,.edhGSc.k0tWj.dm7YTc>.RpC4Ne>.Bfurwb{background-color:#ff6e6e}.edhGSc.RDPZE .KHxj8b{color:rgba(0,0,0,.38)}.edhGSc.RDPZE>.RpC4Ne>.z0oSpf{background:none;border-bottom:1px dotted rgba(0,0,0,.38)}.Bfurwb.Y2Zypf{animation:quantumWizPaperInputRemoveUnderline .3s cubic-bezier(0.4,0,0.2,1)}.edhGSc.u3bW4e>.RpC4Ne>.Bfurwb{animation:quantumWizPaperInputAddUnderline .3s cubic-bezier(0.4,0,0.2,1);transform:scaleX(1)}.edhGSc.FPYHkb>.RpC4Ne{padding-top:24px}.fqp6hd{transform-origin:top left;transform:translate(0,-22px);transition:all .3s cubic-bezier(0.4,0,0.2,1);transition-property:color,top,transform;-webkit-transition-property:color,top,transform,-webkit-transform;transition-property:color,top,transform,-webkit-transform;color:rgba(0,0,0,.38);font:400 16px Roboto,RobotoDraft,Helvetica,Arial,sans-serif;font-size:16px;pointer-events:none;position:absolute;top:100%;width:100%}.edhGSc.u3bW4e>.RpC4Ne>.fqp6hd,.edhGSc.CDELXb>.RpC4Ne>.fqp6hd,.edhGSc.LydCob .fqp6hd{transform:scale(0.75);top:16px}.edhGSc.dm7YTc>.RpC4Ne>.fqp6hd{color:rgba(255,255,255,.38)}.edhGSc.u3bW4e>.RpC4Ne>.fqp6hd,.edhGSc.u3bW4e.dm7YTc>.RpC4Ne>.fqp6hd{color:#4285f4}.F1pOBe{color:rgba(0,0,0,.38);font:400 16px Roboto,RobotoDraft,Helvetica,Arial,sans-serif;max-width:100%;overflow:hidden;pointer-events:none;position:absolute;bottom:3px;text-overflow:ellipsis;white-space:nowrap}.edhGSc.dm7YTc .F1pOBe{color:rgba(255,255,255,.38)}.edhGSc.CDELXb>.RpC4Ne>.F1pOBe{display:none}.S1BUyf{-webkit-tap-highlight-color:transparent;font:400 12px Roboto,RobotoDraft,Helvetica,Arial,sans-serif;height:16px;margin-left:auto;padding-left:16px;padding-top:8px;pointer-events:none;text-align:right;color:rgba(0,0,0,.38);white-space:nowrap}.edhGSc.dm7YTc>.S1BUyf{color:rgba(255,255,255,.38)}.edhGSc.wrxyb{padding-bottom:4px}.v6odTb,.YElZX:not(:empty){-webkit-tap-highlight-color:transparent;-webkit-box-flex:1;flex:1 1 auto;font:400 12px Roboto,RobotoDraft,Helvetica,Arial,sans-serif;min-height:16px;padding-top:8px}.edhGSc.wrxyb .jE8NUc{display:flex}.YElZX{pointer-events:none}.v6odTb{color:#d50000}.edhGSc.dm7YTc .v6odTb{color:#ff6e6e}.YElZX{opacity:.3}.edhGSc.k0tWj .YElZX,.edhGSc:not(.k0tWj) .YElZX:not(:empty)+.v6odTb{display:none}@keyframes quantumWizPaperInputRemoveUnderline{0%{transform:scaleX(1);opacity:1}to{transform:scaleX(1);opacity:0}}@keyframes quantumWizPaperInputAddUnderline{0%{transform:scaleX(0)}to{transform:scaleX(1)}}.X3mtXb{box-sizing:content-box}.FAiUob,.X3mtXb{display:block;padding:16px 0 0;width:100%}.AFTWye.OcVpRe .X3mtXb,.AFTWye.OcVpRe .FAiUob{padding:24px 0 0;padding-bottom:0}:first-child>.X3mtXb,:first-child>.FAiUob,:first-child.OcVpRe>.X3mtXb,:first-child.OcVpRe>.FAiUob{padding:8px 0 0}.AFTWye .X3mtXb .oJeWuf{height:56px;padding-top:0}.AFTWye.OcVpRe .X3mtXb .oJeWuf{height:36px}.X3mtXb .Wic03c{align-items:center;position:static;top:0}.X3mtXb .snByac{background:#fff;background:var(--gm3-sys-color-surface-container-lowest,#fff);color:#444746;color:var(--gm3-sys-color-on-surface-variant,#444746);bottom:17px;box-sizing:border-box;font-size:16px;font-weight:400;left:8px;max-width:calc(100% - 16px);overflow:hidden;padding:0 8px;text-overflow:ellipsis;transition:transform .15s cubic-bezier(.4,0,.2,1),opacity .15s cubic-bezier(.4,0,.2,1);white-space:nowrap;width:auto;z-index:1}.X3mtXb.hfPCIc.u3bW4e .zHQkBf:not([disabled])~.snByac{color:#b3261e;color:var(--gm3-sys-color-error,#b3261e)}.AFTWye.OcVpRe .X3mtXb .snByac{color:#444746;color:var(--gm3-sys-color-on-surface-variant,#444746);bottom:9px;font-size:14px;left:4px;line-height:16px;padding:0 6px}.AFTWye.OcVpRe .u3bW4e .snByac,.AFTWye.OcVpRe .CDELXb .snByac{transform:scale(.75) translateY(-155%)}.X3mtXb .ndJi5d{pointer-events:auto;top:inherit}.X3mtXb .RxsGPe,.X3mtXb .Is7Fhb{display:none}.bfzBdd .Ekjuhf{margin-top:4px}.X3mtXb .zHQkBf{border-radius:4px;color:#1f1f1f;color:var(--gm3-sys-color-on-surface,#1f1f1f);font-family:"Google Sans",roboto,"Noto Sans Myanmar UI",arial,sans-serif;font-size:16px;height:28px;margin:1px 1px 0 1px;padding:13px 15px;text-align:left;width:100%;z-index:1}.X3mtXb.u3bW4e .zHQkBf,.X3mtXb.hfPCIc .zHQkBf{margin:2px 2px 0 2px;padding:12px 14px}.AFTWye.OcVpRe .X3mtXb .zHQkBf{font-size:14px;height:20px;padding:7px 9px}.AFTWye.OcVpRe .u3bW4e .zHQkBf,.AFTWye.OcVpRe .hfPCIc .zHQkBf{height:20px;padding:6px 8px}.UOsO2 .Wic03c,.UOsO2 .zHQkBf,.UOsO2 .iHd5yb,.UOsO2 .MQL3Ob{direction:ltr;text-align:left}.UOsO2 .Wic03c .snByac{direction:ltr}.X3mtXb .iHd5yb{padding-left:15px}.X3mtXb.u3bW4e .iHd5yb{padding-left:14px}.X3mtXb .MQL3Ob{padding-right:15px;z-index:1}.X3mtXb.u3bW4e .MQL3Ob{padding-right:15px}.AFTWye.OcVpRe .X3mtXb .iHd5yb{padding-left:9px}.AFTWye.OcVpRe .X3mtXb.u3bW4e .iHd5yb{padding-left:8px}.AFTWye.OcVpRe .X3mtXb .MQL3Ob,.AFTWye.OcVpRe .X3mtXb.u3bW4e .MQL3Ob{padding-right:9px}.X3mtXb .AxOyFc{font-family:"Google Sans",roboto,"Noto Sans Myanmar UI",arial,sans-serif}.X3mtXb .whsOnd:not([disabled]):focus~.AxOyFc{color:#0b57d0;color:var(--gm3-sys-color-primary,#0b57d0)}.X3mtXb .mIZh1c{border:1px solid;border-color:#747775;border-color:var(--gm3-sys-color-outline,#747775);border-radius:4px;bottom:0;box-sizing:border-box}.X3mtXb .cXrdqd{border-radius:4px;bottom:0;opacity:0;transform:none;transition:opacity .15s cubic-bezier(.4,0,.2,1);width:calc(100% - 4px)}.X3mtXb .mIZh1c,.X3mtXb .cXrdqd,.X3mtXb.hfPCIc .mIZh1c,.X3mtXb.hfPCIc .cXrdqd{background-color:transparent}.X3mtXb .mIZh1c,.X3mtXb.k0tWj .mIZh1c{height:100%}.X3mtXb.hfPCIc .cXrdqd{height:calc(100% - 2px);width:calc(100% - 2px)}.X3mtXb .cXrdqd,.X3mtXb.hfPCIc.u3bW4e .cXrdqd{height:calc(100% - 4px);width:calc(100% - 4px)}.X3mtXb.u3bW4e .cXrdqd,.X3mtXb.hfPCIc .cXrdqd{animation:none;opacity:1}.X3mtXb.u3bW4e .cXrdqd{border:2px solid;border-color:#0b57d0;border-color:var(--gm3-sys-color-primary,#0b57d0)}.X3mtXb.hfPCIc.u3bW4e .cXrdqd{border-width:2px}.X3mtXb.hfPCIc .cXrdqd{border:1px solid;border-color:#b3261e;border-color:var(--gm3-sys-color-error,#b3261e)}.X3mtXb.hfPCIc.CDELXb .snByac{color:#b3261e;color:var(--gm3-sys-color-error,#b3261e)}.X3mtXb .zHQkBf[disabled]{color:#1f1f1f;color:var(--gm3-sys-color-on-surface,#1f1f1f);opacity:0.38}.FAiUob .mIZh1c{background-color:var(--gm3-sys-color-outline,#747775)}.FAiUob .cXrdqd{background-color:#0b57d0;background-color:var(--gm3-sys-color-primary,#0b57d0)}.FAiUob .snByac{color:#444746;color:var(--gm3-sys-color-on-surface-variant,#444746)}.FAiUob.u3bW4e .snByac.snByac{color:#0b57d0;color:var(--gm3-sys-color-primary,#0b57d0)}.Em2Ord{margin:16px 0;outline:none}.Em2Ord+.Em2Ord{margin-top:24px}.Em2Ord:first-child{margin-top:0}.Em2Ord:last-child{margin-bottom:0}.PsAlOe{border-radius:8px;padding:16px}.PsAlOe>:first-child{margin-top:0}.PsAlOe>:last-child{margin-bottom:0}.PsAlOe .x9zgF{color:#1f1f1f;color:var(--gm3-sys-color-on-surface,#1f1f1f);font-family:"Google Sans",roboto,"Noto Sans Myanmar UI",arial,sans-serif;font-size:1rem;font-weight:500;letter-spacing:0rem;line-height:1.5}.PsAlOe.sj692e .x9zgF,.PsAlOe.sj692e .yTaH4c{color:#0842a0;color:var(--gm3-sys-color-on-primary-container,#0842a0)}.PsAlOe.Xq8bDe .x9zgF,.PsAlOe.Xq8bDe .yTaH4c{color:#410e0b;color:var(--gm3-sys-color-on-error-container,#8c1d18)}.PsAlOe.rNe0id .x9zgF,.PsAlOe.rNe0id .yTaH4c{color:var(--wf-color-warning-text,#421f00)}.PsAlOe .yTaH4c{color:#1f1f1f;color:var(--gm3-sys-color-on-surface,#1f1f1f)}.PsAlOe.YFdWic .vYeFie,.PsAlOe.YFdWic .yTaH4c{margin-left:64px;width:calc(100% - 48px - 16px)}.PsAlOe.YFdWic .yTaH4c{color:#444746;color:var(--gm3-sys-color-on-surface-variant,#444746);margin-top:4px}.PsAlOe.YFdWic:not(.S7S4N) .vYeFie{margin-left:0;width:0}.PsAlOe:not(.S7S4N)>.yTaH4c{margin-top:0}.PsAlOe.sj692e{background:#d3e3fd;background:var(--gm3-sys-color-primary-container,#d3e3fd)}.PsAlOe.Xq8bDe{background:#f9dedc;background:var(--gm3-sys-color-error-container,#f9dedc)}.PsAlOe.rNe0id{background:var(--wf-color-warning-bg,#fff0d1)}.PsAlOe.YFdWic{background:#f8fafd;background:var(--gm3-sys-color-surface-container-low,#f8fafd);min-height:80px;position:relative}.PsAlOe.YFdWic .x9zgF{color:#1f1f1f;color:var(--gm3-sys-color-on-surface,#1f1f1f)}.PsAlOe.YFdWic .yTaH4c{color:#444746;color:var(--gm3-sys-color-on-surface-variant,#444746)}.PsAlOe:not(.S7S4N){display:flex}.Em2Ord.eLNT1d{display:none}.Em2Ord.RDPZE{opacity:.5;pointer-events:none}.Em2Ord.RDPZE .Em2Ord.RDPZE{opacity:1}.se0rCf{background-color:#f8fafd;background-color:var(--gm3-sys-color-surface-container-low,#f8fafd);border-radius:28px;padding:16px}.se0rCf>:first-child{margin-top:0}.se0rCf>:last-child{margin-bottom:0}.se0rCf .x9zgF{color:#1f1f1f;color:var(--gm3-sys-color-on-surface,#1f1f1f)}.se0rCf .yTaH4c{color:#444746;color:var(--gm3-sys-color-on-surface-variant,#444746)}.se0rCf .X3mtXb .snByac,.se0rCf.Em2Ord .i79UJc .snByac{background-color:#f8fafd;background-color:var(--gm3-sys-color-surface-container-low,#f8fafd)}.se0rCf .SgHwWb{display:flex;justify-content:flex-end;margin-top:16px}.se0rCf .SgHwWb .BqKGqe{margin-bottom:0;margin-top:0}.nn7x3d{border-bottom:1px solid #c4c7c5;border-bottom:1px solid var(--gm3-sys-color-outline-variant,#c4c7c5);display:flex;flex-direction:column}.nn7x3d .V9RXW .rBUW7e{border-bottom:0}.nn7x3d .nn7x3d:last-child{border-bottom:0}.dwkQ3b:not(.jVwmLb){border-bottom:0}.nn7x3d .nn7x3d:last-child .ozEFYb{padding-bottom:0}.nn7x3d.dwkQ3b{border-bottom:0}.vYeFie:empty,.osxBFb:empty{display:none}.vYeFie>:first-child{margin-top:0;padding-top:0}.vYeFie>:last-child{margin-bottom:0;padding-bottom:0}.LwQQGe{margin:0 0 8px}.nn7x3d[data-expand-type="1"] .ozEFYb,.Em2Ord[data-expand-type="1"] .HKEKLe{cursor:pointer}.nn7x3d .ozEFYb{padding-bottom:16px}.x9zgF{align-items:center;color:#1f1f1f;color:var(--gm3-sys-color-on-surface,#1f1f1f);display:flex;font-family:"Google Sans",roboto,"Noto Sans Myanmar UI",arial,sans-serif;font-size:1.25rem;font-weight:400;letter-spacing:0rem;line-height:1.2;margin-top:0;margin-bottom:0;padding:0}.Em2Ord.S7S4N .Em2Ord:not(.nn7x3d) .x9zgF{font-family:"Google Sans",roboto,"Noto Sans Myanmar UI",arial,sans-serif;font-size:1rem;font-weight:500;letter-spacing:0rem;line-height:1.5}.nn7x3d.u3bW4e .x9zgF{position:relative}.nn7x3d[data-expand-type="1"].u3bW4e .x9zgF::after{background:#0b57d0;background:var(--gm3-sys-color-primary,#0b57d0);border-radius:8px;bottom:-4px;content:"";left:-8px;position:absolute;opacity:0.1;right:-8px;top:-4px;z-index:-1}.HKEKLe{background:none;border:none;color:inherit;flex-grow:1;font:inherit;margin:0;outline:0;padding:0;text-align:inherit}.HKEKLe::-moz-focus-inner{border:0}.HKEKLe [jsslot]{position:relative}.MI3XC{margin-left:16px}.MI3XC .aHWa4d{align-items:center;display:flex;height:24px;justify-content:center;transition:transform 0.2s cubic-bezier(0.4,0,0.2,1);width:24px}.nn7x3d .MI3XC,.nn7x3d .HKEKLe,.nn7x3d .CuWxc{pointer-events:none}.nn7x3d.jVwmLb .aHWa4d{transform:rotate(-180deg)}.CuWxc{color:var(--gm3-sys-color-on-surface-variant,#444746);flex-shrink:0;height:20px;margin-right:16px;width:20px}.CuWxc .C3qbwe{height:100%;width:100%}.PsAlOe .CuWxc{margin-top:0}.PsAlOe.sj692e .CuWxc{color:#0b57d0;color:var(--gm3-sys-color-primary,#0b57d0)}.PsAlOe.Xq8bDe .CuWxc{color:#b3261e;color:var(--gm3-sys-color-error,#b3261e)}.PsAlOe.rNe0id .CuWxc{color:var(--wf-color-warning-icon,#f09d00)}.PsAlOe.YFdWic .CuWxc{height:48px;left:16px;position:absolute;top:16px;width:48px}.osxBFb{color:#444746;color:var(--gm3-sys-color-on-surface-variant,#444746);font-size:0.875rem;font-weight:400;line-height:1.4285714286;margin-top:8px}.vYeFie:empty+.yTaH4c{margin-top:0}.yTaH4c{margin-bottom:16px;margin-top:10px}.se0rCf .yTaH4c{margin-bottom:0;margin-top:16px}.yTaH4c:only-child{margin-bottom:0;margin-top:0}.nn7x3d .yTaH4c{margin-top:0;overflow:hidden;transition:0.2s cubic-bezier(0.4,0,0.2,1)}.nn7x3d.jVwmLb .yTaH4c{margin-bottom:0;margin-top:0;max-height:0;opacity:0;visibility:hidden}.yTaH4c>[jsslot]>:first-child:not(.PsAlOe,.se0rCf){margin-top:0;padding-top:0}.yTaH4c>[jsslot]>:last-child:not(.PsAlOe,.se0rCf){margin-bottom:0;padding-bottom:0}.kvM7xe{margin-bottom:-12px}.kvM7xe{align-self:center;margin-bottom:0}.g0ndYb{border-bottom:1px solid #c4c7c5;border-bottom:1px solid var(--gm3-sys-color-outline-variant,#c4c7c5);display:flex;flex-direction:row;justify-content:center;height:0;margin-top:12px}.VXMllb{background-color:#fff;background-color:var(--gm3-sys-color-surface-container-lowest,#fff);display:flex;height:24px;margin-top:-12px}.dwkQ3b:not(.jVwmLb) .g0ndYb{display:none}.dgtjld .VfPpkd-IE5DDf{background-color:#000;background-color:var(--gm3-sys-color-scrim,#000);opacity:0.32}.dgtjld .VfPpkd-P5QLlc{border-radius:23px}.dgtjld .VfPpkd-cnG4Wd{padding-bottom:0}.dgtjld .VfPpkd-T0kwCb{padding:0 24px 16px 24px}.dgtjld .yTaH4c{margin-left:0;margin-right:0;padding-left:0;padding-right:0}.dgtjld .ksBjEc.ksBjEc{height:40px;padding:0 16px}.dgtjld .ksBjEc.ksBjEc .VfPpkd-Jh9lGc::after,.dgtjld .ksBjEc.ksBjEc .VfPpkd-Jh9lGc::before{background-color:#0b57d0;background-color:var(--gm3-sys-color-primary,#0b57d0)}.dgtjld .ksBjEc.ksBjEc .VfPpkd-J1Ukfc-LhBDec{border-color:#0b57d0;border-color:var(--gm3-sys-color-primary,#0b57d0)}.dgtjld .ksBjEc.ksBjEc .VfPpkd-J1Ukfc-LhBDec::after{border-color:#d3e3fd;border-color:var(--gm3-sys-color-primary-container,#d3e3fd)}.dgtjld .ksBjEc.ksBjEc .VfPpkd-J1Ukfc-LhBDec::after,.dgtjld .ksBjEc.ksBjEc .VfPpkd-J1Ukfc-LhBDec,.dgtjld .ksBjEc.ksBjEc .VfPpkd-Jh9lGc{border-radius:23px}.dgtjld.dgtjld.dgtjld .VfPpkd-P5QLlc{background-color:var(--gm3-sys-color-surface-container-high,#e9eef6)}.dgtjld.dgtjld.dgtjld .VfPpkd-k2Wrsb{font-family:"Google Sans",roboto,"Noto Sans Myanmar UI",arial,sans-serif;line-height:1.3333333333;font-size:1.5rem;font-weight:400;letter-spacing:0rem}.dgtjld.dgtjld.dgtjld .VfPpkd-k2Wrsb{color:var(--gm3-sys-color-on-surface,#1f1f1f)}.dgtjld.dgtjld.dgtjld .VfPpkd-cnG4Wd{font-family:"Google Sans",roboto,"Noto Sans Myanmar UI",arial,sans-serif;line-height:1.4285714286;font-size:0.875rem;font-weight:400;letter-spacing:0rem}.dgtjld.dgtjld.dgtjld .VfPpkd-cnG4Wd{color:var(--gm3-sys-color-on-surface-variant,#444746)}.dgtjld.dgtjld.dgtjld .VfPpkd-T0kwCb .VfPpkd-LgbsSe{font-size:0.875rem}.dgtjld.dgtjld.dgtjld .VfPpkd-T0kwCb .VfPpkd-LgbsSe:not(:disabled){color:var(--gm3-sys-color-primary,#0b57d0)}.dgtjld.Zttm2{border-radius:0}.dgtjld.Zttm2 .VfPpkd-P5QLlc{height:100vh;max-height:none;max-width:none;width:100vw}.dgtjld.Zttm2 .yHy1rc{color:#444746;color:var(--gm3-sys-color-on-surface-variant,#444746);display:inline-block;padding:12px;text-align:center}.dgtjld.Zttm2 .VfPpkd-zMU9ub .NMm5M{fill:var(--gm3-sys-color-primary,#0b57d0)}.dgtjld.Zttm2 .VfPpkd-Bz112c-J1Ukfc-LhBDec{border-color:#0b57d0;border-color:var(--gm3-sys-color-primary,#0b57d0);padding:2px}.dgtjld.Zttm2 .VfPpkd-Bz112c-J1Ukfc-LhBDec,.dgtjld.Zttm2 .VfPpkd-Bz112c-J1Ukfc-LhBDec::after{border-radius:50%}.dgtjld.Zttm2 .yHy1rc:not(.VfPpkd-Bz112c-J1Ukfc-LhBDec)::before{display:none}.dgtjld.Zttm2 .yHy1rc:not(.VfPpkd-Bz112c-J1Ukfc-LhBDec)::after{background:none;border:none;box-shadow:none}.dgtjld.Zttm2 .yHy1rc .VfPpkd-Bz112c-Jh9lGc::before,.dgtjld.Zttm2 .yHy1rc .VfPpkd-Bz112c-Jh9lGc::after{background-color:#0b57d0;background-color:var(--gm3-sys-color-primary,#0b57d0)}.Zttm2 .rcN2gf{height:100%;width:100%}.Zttm2 .RITe7{border:none;color-scheme:normal;display:block;height:100%;padding:0;width:100%}.KGgLze{color:#444746;color:var(--gm3-sys-color-on-surface-variant,#444746);font-family:"Google Sans",roboto,"Noto Sans Myanmar UI",arial,sans-serif;flex-grow:1;font-size:0.875rem;font-weight:400;padding-left:16px}.UywwFc-LgbsSe{display:inline-flex;position:relative;align-items:center;justify-content:center;box-sizing:border-box;border:none;outline:none;background:transparent;-webkit-appearance:none;appearance:none;line-height:inherit;text-rendering:inherit;user-select:none;vertical-align:middle;cursor:pointer;min-inline-size:var(--gm3-button-filled-container-min-width,64px);padding-block:0;-webkit-padding-start:var(--gm3-button-filled-leading-space,24px);padding-inline-start:var(--gm3-button-filled-leading-space,24px);-webkit-padding-end:var(--gm3-button-filled-trailing-space,24px);padding-inline-end:var(--gm3-button-filled-trailing-space,24px);block-size:var(--gm3-button-filled-container-height,40px);border-radius:var(--gm3-button-filled-container-shape,9999px);--gm3-ripple-hover-color:var(--gm3-button-filled-hover-state-layer-color,var(--gm3-sys-color-on-primary,#fff));--gm3-ripple-hover-opacity:var(--gm3-button-filled-hover-state-layer-opacity,0.08);--gm3-ripple-pressed-color:var(--gm3-button-filled-hover-state-layer-color,var(--gm3-sys-color-on-primary,#fff));--gm3-ripple-pressed-opacity:var(--gm3-button-filled-pressed-state-layer-opacity,0.1);--gm3-focus-ring-outward-color:var(--gm3-button-filled-focus-indicator-color,var(--gm3-sys-color-secondary,#00639b));--gm3-focus-ring-outward-offset:var(--gm3-button-filled-focus-indicator-outline-offset,2px);--gm3-focus-ring-outward-track-width:var(--gm3-button-filled-focus-indicator-thickness,3px);--gm3-focus-ring-outward-target-shape-start-start:var(--gm3-button-filled-container-shape,9999px);--gm3-focus-ring-outward-target-shape-start-end:var(--gm3-button-filled-container-shape,9999px);--gm3-focus-ring-outward-target-shape-end-end:var(--gm3-button-filled-container-shape,9999px);--gm3-focus-ring-outward-target-shape-end-start:var(--gm3-button-filled-container-shape,9999px)}.UywwFc-mRLv6:focus-visible{outline:none}.UywwFc-LgbsSe:focus-visible,.UywwFc-mRLv6:focus-visible~.UywwFc-UHGRz{--gm3-focus-ring-outward-display:block}.UywwFc-LgbsSe:disabled{cursor:default;pointer-events:none;--gm3-ripple-hover-opacity:0;--gm3-ripple-pressed-opacity:0}.UywwFc-LgbsSe-OWXEXe-SfQLQb-suEOdc:disabled{pointer-events:auto}.UywwFc-LgbsSe[hidden]{display:none}.UywwFc-vQzf8d{position:relative;text-align:center;color:var(--gm3-button-filled-label-text-color,var(--gm3-sys-color-on-primary,#fff));font-size:var(--gm3-button-filled-label-text-size,.875rem);font-family:var(--gm3-button-filled-label-text-font,"Google Sans",Roboto,Arial,sans-serif);font-weight:var(--gm3-button-filled-label-text-weight,500);letter-spacing:var(--gm3-button-filled-label-text-tracking,0);-webkit-text-decoration:var(--gm3-button-filled-label-text-decoration,none);text-decoration:var(--gm3-button-filled-label-text-decoration,none);font-variation-settings:var(--gm3-button-filled-label-text-font-variation-settings,initial)}.UywwFc-kSE8rc-FoKg4d-sLO9V-YoZ4jf .UywwFc-vQzf8d{font-family:var(--gm3-button-filled-label-text-font,"Google Sans Flex","Google Sans Text","Google Sans",Roboto,Arial,sans-serif)}.UywwFc-LgbsSe:hover .UywwFc-vQzf8d{color:var(--gm3-button-filled-hover-label-text-color,var(--gm3-sys-color-on-primary,#fff))}.UywwFc-LgbsSe:focus-visible .UywwFc-vQzf8d{color:var(--gm3-button-filled-focus-label-text-color,var(--gm3-sys-color-on-primary,#fff))}.UywwFc-LgbsSe:active .UywwFc-vQzf8d{color:var(--gm3-button-filled-pressed-label-text-color,var(--gm3-sys-color-on-primary,#fff))}.UywwFc-LgbsSe:disabled .UywwFc-vQzf8d{color:var(--gm3-button-filled-disabled-label-text-color,rgba(var(--gm3-sys-color-on-surface-rgb,31,31,31),.38))}.UywwFc-LgbsSe-OWXEXe-zcdHbf .UywwFc-vQzf8d{white-space:nowrap;text-overflow:ellipsis;overflow:hidden}.UywwFc-LgbsSe-OWXEXe-Bz112c-M1Soyc{-webkit-padding-start:var(--gm3-button-filled-with-leading-icon-leading-space,16px);padding-inline-start:var(--gm3-button-filled-with-leading-icon-leading-space,16px);-webkit-padding-end:var(--gm3-button-filled-with-leading-icon-trailing-space,24px);padding-inline-end:var(--gm3-button-filled-with-leading-icon-trailing-space,24px)}.UywwFc-LgbsSe-OWXEXe-Bz112c-M1Soyc .UywwFc-kBDsod-Rtc0Jf i,.UywwFc-LgbsSe-OWXEXe-Bz112c-M1Soyc .UywwFc-kBDsod-Rtc0Jf img,.UywwFc-LgbsSe-OWXEXe-Bz112c-M1Soyc .UywwFc-kBDsod-Rtc0Jf svg{-webkit-margin-end:var(--gm3-button-filled-with-icon-icon-label-space,8px);margin-inline-end:var(--gm3-button-filled-with-icon-icon-label-space,8px)}.UywwFc-LgbsSe-OWXEXe-Bz112c-UbuQg{-webkit-padding-start:var(--gm3-button-filled-with-trailing-icon-leading-space,24px);padding-inline-start:var(--gm3-button-filled-with-trailing-icon-leading-space,24px);-webkit-padding-end:var(--gm3-button-filled-with-trailing-icon-trailing-space,16px);padding-inline-end:var(--gm3-button-filled-with-trailing-icon-trailing-space,16px)}.UywwFc-LgbsSe-OWXEXe-Bz112c-UbuQg .UywwFc-kBDsod-Rtc0Jf i,.UywwFc-LgbsSe-OWXEXe-Bz112c-UbuQg .UywwFc-kBDsod-Rtc0Jf img,.UywwFc-LgbsSe-OWXEXe-Bz112c-UbuQg .UywwFc-kBDsod-Rtc0Jf svg{-webkit-margin-start:var(--gm3-button-filled-with-icon-icon-label-space,8px);margin-inline-start:var(--gm3-button-filled-with-icon-icon-label-space,8px)}.UywwFc-kBDsod-Rtc0Jf{display:none;position:relative;line-height:0;color:var(--gm3-button-filled-with-icon-icon-color,var(--gm3-sys-color-on-primary,#fff))}.UywwFc-kBDsod-Rtc0Jf i,.UywwFc-kBDsod-Rtc0Jf img,.UywwFc-kBDsod-Rtc0Jf svg{display:inline-flex;position:relative;direction:inherit;color:inherit;font-size:var(--gm3-button-filled-with-icon-icon-size,18px);inline-size:var(--gm3-button-filled-with-icon-icon-size,18px);block-size:var(--gm3-button-filled-with-icon-icon-size,18px)}.UywwFc-LgbsSe:hover .UywwFc-kBDsod-Rtc0Jf{color:var(--gm3-button-filled-with-icon-hover-icon-color,var(--gm3-sys-color-on-primary,#fff))}.UywwFc-LgbsSe:focus-visible .UywwFc-kBDsod-Rtc0Jf{color:var(--gm3-button-filled-with-icon-focus-icon-color,var(--gm3-sys-color-on-primary,#fff))}.UywwFc-LgbsSe:active .UywwFc-kBDsod-Rtc0Jf{color:var(--gm3-button-filled-with-icon-pressed-icon-color,var(--gm3-sys-color-on-primary,#fff))}.UywwFc-LgbsSe:disabled .UywwFc-kBDsod-Rtc0Jf{color:var(--gm3-button-filled-with-icon-disabled-icon-color,rgba(var(--gm3-sys-color-on-surface-rgb,31,31,31),.38))}[dir=rtl] .UywwFc-LgbsSe-OWXEXe-drxrmf-Bz112c .UywwFc-kBDsod-Rtc0Jf,.UywwFc-LgbsSe-OWXEXe-drxrmf-Bz112c .UywwFc-kBDsod-Rtc0Jf[dir=rtl]{transform:scaleX(-1)}.UywwFc-LgbsSe-OWXEXe-Bz112c-M1Soyc .UywwFc-kBDsod-Rtc0Jf-OWXEXe-M1Soyc,.UywwFc-LgbsSe-OWXEXe-Bz112c-UbuQg .UywwFc-kBDsod-Rtc0Jf-OWXEXe-UbuQg{display:inline-flex}.UywwFc-mRLv6{position:absolute;inset:0}.UywwFc-LgbsSe-OWXEXe-dgl2Hf{margin-block:max((48px - var(--gm3-button-filled-container-height,40px))/2,0px)}.UywwFc-RLmnJb{position:absolute;inline-size:max(48px,100%);block-size:max(48px,100%);inset:unset;top:50%;left:50%;transform:translate(-50%,-50%)}.UywwFc-LgbsSe{will-change:transform,opacity;background-color:var(--gm3-button-filled-container-color,var(--gm3-sys-color-primary,#0b57d0));--gm3-elevation-level:var(--gm3-button-filled-container-elevation,0);--gm3-elevation-shadow-color:var(--gm3-button-filled-container-shadow-color,var(--gm3-sys-color-shadow,#000))}.UywwFc-LgbsSe:hover{--gm3-elevation-level:var(--gm3-button-filled-hover-container-elevation,1)}.UywwFc-LgbsSe:focus-visible{--gm3-elevation-level:var(--gm3-button-filled-focus-container-elevation,0)}.UywwFc-LgbsSe:active{--gm3-elevation-level:var(--gm3-button-filled-pressed-container-elevation,0)}.UywwFc-LgbsSe:disabled{background-color:var(--gm3-button-filled-disabled-container-color,rgba(var(--gm3-sys-color-on-surface-rgb,31,31,31),.12));--gm3-elevation-level:var(--gm3-button-filled-disabled-container-elevation,0)}.UywwFc-LgbsSe::before{content:"";pointer-events:none;position:absolute;inset:0;border-radius:inherit;border:1px solid transparent}@media (forced-colors:active){.UywwFc-LgbsSe:has(.UywwFc-mRLv6)::before{border-color:LinkText}}@media (forced-colors:active){.UywwFc-LgbsSe:has(.UywwFc-mRLv6) .UywwFc-vQzf8d,.UywwFc-LgbsSe:has(.UywwFc-mRLv6) .UywwFc-kBDsod-Rtc0Jf{color:LinkText}}@media (forced-colors:active){.UywwFc-LgbsSe:disabled::before{border-color:GrayText}}@media (forced-colors:active){.UywwFc-StrnGf-YYd4I-VtOx3e::before{border-color:CanvasText}}.AeBiU-LgbsSe{display:inline-flex;position:relative;align-items:center;justify-content:center;box-sizing:border-box;border:none;outline:none;background:transparent;-webkit-appearance:none;appearance:none;line-height:inherit;text-rendering:inherit;user-select:none;vertical-align:middle;cursor:pointer;min-inline-size:var(--gm3-button-outlined-container-min-width,64px);padding-block:0;-webkit-padding-start:var(--gm3-button-outlined-leading-space,24px);padding-inline-start:var(--gm3-button-outlined-leading-space,24px);-webkit-padding-end:var(--gm3-button-outlined-trailing-space,24px);padding-inline-end:var(--gm3-button-outlined-trailing-space,24px);block-size:var(--gm3-button-outlined-container-height,40px);border-radius:var(--gm3-button-outlined-container-shape,9999px);--gm3-ripple-hover-color:var(--gm3-button-outlined-hover-state-layer-color,var(--gm3-sys-color-primary,#0b57d0));--gm3-ripple-hover-opacity:var(--gm3-button-outlined-hover-state-layer-opacity,0.08);--gm3-ripple-pressed-color:var(--gm3-button-outlined-hover-state-layer-color,var(--gm3-sys-color-primary,#0b57d0));--gm3-ripple-pressed-opacity:var(--gm3-button-outlined-pressed-state-layer-opacity,0.1);--gm3-focus-ring-outward-color:var(--gm3-button-outlined-focus-indicator-color,var(--gm3-sys-color-secondary,#00639b));--gm3-focus-ring-outward-offset:var(--gm3-button-outlined-focus-indicator-outline-offset,2px);--gm3-focus-ring-outward-track-width:var(--gm3-button-outlined-focus-indicator-thickness,3px);--gm3-focus-ring-outward-target-shape-start-start:var(--gm3-button-outlined-container-shape,9999px);--gm3-focus-ring-outward-target-shape-start-end:var(--gm3-button-outlined-container-shape,9999px);--gm3-focus-ring-outward-target-shape-end-end:var(--gm3-button-outlined-container-shape,9999px);--gm3-focus-ring-outward-target-shape-end-start:var(--gm3-button-outlined-container-shape,9999px)}.AeBiU-mRLv6:focus-visible{outline:none}.AeBiU-LgbsSe:focus-visible,.AeBiU-mRLv6:focus-visible~.AeBiU-UHGRz{--gm3-focus-ring-outward-display:block}.AeBiU-LgbsSe:disabled{cursor:default;pointer-events:none;--gm3-ripple-hover-opacity:0;--gm3-ripple-pressed-opacity:0}.AeBiU-LgbsSe-OWXEXe-SfQLQb-suEOdc:disabled{pointer-events:auto}.AeBiU-LgbsSe[hidden]{display:none}.AeBiU-vQzf8d{position:relative;text-align:center;color:var(--gm3-button-outlined-label-text-color,var(--gm3-sys-color-primary,#0b57d0));font-size:var(--gm3-button-outlined-label-text-size,.875rem);font-family:var(--gm3-button-outlined-label-text-font,"Google Sans",Roboto,Arial,sans-serif);font-weight:var(--gm3-button-outlined-label-text-weight,500);letter-spacing:var(--gm3-button-outlined-label-text-tracking,0);-webkit-text-decoration:var(--gm3-button-outlined-label-text-decoration,none);text-decoration:var(--gm3-button-outlined-label-text-decoration,none);font-variation-settings:var(--gm3-button-outlined-label-text-font-variation-settings,initial)}.AeBiU-kSE8rc-FoKg4d-sLO9V-YoZ4jf .AeBiU-vQzf8d{font-family:var(--gm3-button-outlined-label-text-font,"Google Sans Flex","Google Sans Text","Google Sans",Roboto,Arial,sans-serif)}.AeBiU-LgbsSe:hover .AeBiU-vQzf8d{color:var(--gm3-button-outlined-hover-label-text-color,var(--gm3-sys-color-primary,#0b57d0))}.AeBiU-LgbsSe:focus-visible .AeBiU-vQzf8d{color:var(--gm3-button-outlined-focus-label-text-color,var(--gm3-sys-color-primary,#0b57d0))}.AeBiU-LgbsSe:active .AeBiU-vQzf8d{color:var(--gm3-button-outlined-pressed-label-text-color,var(--gm3-sys-color-primary,#0b57d0))}.AeBiU-LgbsSe:disabled .AeBiU-vQzf8d{color:var(--gm3-button-outlined-disabled-label-text-color,rgba(var(--gm3-sys-color-on-surface-rgb,31,31,31),.38))}.AeBiU-LgbsSe-OWXEXe-zcdHbf .AeBiU-vQzf8d{white-space:nowrap;text-overflow:ellipsis;overflow:hidden}.AeBiU-LgbsSe-OWXEXe-Bz112c-M1Soyc{-webkit-padding-start:var(--gm3-button-outlined-with-leading-icon-leading-space,16px);padding-inline-start:var(--gm3-button-outlined-with-leading-icon-leading-space,16px);-webkit-padding-end:var(--gm3-button-outlined-with-leading-icon-trailing-space,24px);padding-inline-end:var(--gm3-button-outlined-with-leading-icon-trailing-space,24px)}.AeBiU-LgbsSe-OWXEXe-Bz112c-M1Soyc .AeBiU-kBDsod-Rtc0Jf i,.AeBiU-LgbsSe-OWXEXe-Bz112c-M1Soyc .AeBiU-kBDsod-Rtc0Jf img,.AeBiU-LgbsSe-OWXEXe-Bz112c-M1Soyc .AeBiU-kBDsod-Rtc0Jf svg{-webkit-margin-end:var(--gm3-button-outlined-with-icon-icon-label-space,8px);margin-inline-end:var(--gm3-button-outlined-with-icon-icon-label-space,8px)}.AeBiU-LgbsSe-OWXEXe-Bz112c-UbuQg{-webkit-padding-start:var(--gm3-button-outlined-with-trailing-icon-leading-space,24px);padding-inline-start:var(--gm3-button-outlined-with-trailing-icon-leading-space,24px);-webkit-padding-end:var(--gm3-button-outlined-with-trailing-icon-trailing-space,16px);padding-inline-end:var(--gm3-button-outlined-with-trailing-icon-trailing-space,16px)}.AeBiU-LgbsSe-OWXEXe-Bz112c-UbuQg .AeBiU-kBDsod-Rtc0Jf i,.AeBiU-LgbsSe-OWXEXe-Bz112c-UbuQg .AeBiU-kBDsod-Rtc0Jf img,.AeBiU-LgbsSe-OWXEXe-Bz112c-UbuQg .AeBiU-kBDsod-Rtc0Jf svg{-webkit-margin-start:var(--gm3-button-outlined-with-icon-icon-label-space,8px);margin-inline-start:var(--gm3-button-outlined-with-icon-icon-label-space,8px)}.AeBiU-kBDsod-Rtc0Jf{display:none;position:relative;line-height:0;color:var(--gm3-button-outlined-with-icon-icon-color,var(--gm3-sys-color-primary,#0b57d0))}.AeBiU-kBDsod-Rtc0Jf i,.AeBiU-kBDsod-Rtc0Jf img,.AeBiU-kBDsod-Rtc0Jf svg{display:inline-flex;position:relative;direction:inherit;color:inherit;font-size:var(--gm3-button-outlined-with-icon-icon-size,18px);inline-size:var(--gm3-button-outlined-with-icon-icon-size,18px);block-size:var(--gm3-button-outlined-with-icon-icon-size,18px)}.AeBiU-LgbsSe:hover .AeBiU-kBDsod-Rtc0Jf{color:var(--gm3-button-outlined-with-icon-hover-icon-color,var(--gm3-sys-color-primary,#0b57d0))}.AeBiU-LgbsSe:focus-visible .AeBiU-kBDsod-Rtc0Jf{color:var(--gm3-button-outlined-with-icon-focus-icon-color,var(--gm3-sys-color-primary,#0b57d0))}.AeBiU-LgbsSe:active .AeBiU-kBDsod-Rtc0Jf{color:var(--gm3-button-outlined-with-icon-pressed-icon-color,var(--gm3-sys-color-primary,#0b57d0))}.AeBiU-LgbsSe:disabled .AeBiU-kBDsod-Rtc0Jf{color:var(--gm3-button-outlined-with-icon-disabled-icon-color,rgba(var(--gm3-sys-color-on-surface-rgb,31,31,31),.38))}[dir=rtl] .AeBiU-LgbsSe-OWXEXe-drxrmf-Bz112c .AeBiU-kBDsod-Rtc0Jf,.AeBiU-LgbsSe-OWXEXe-drxrmf-Bz112c .AeBiU-kBDsod-Rtc0Jf[dir=rtl]{transform:scaleX(-1)}.AeBiU-LgbsSe-OWXEXe-Bz112c-M1Soyc .AeBiU-kBDsod-Rtc0Jf-OWXEXe-M1Soyc,.AeBiU-LgbsSe-OWXEXe-Bz112c-UbuQg .AeBiU-kBDsod-Rtc0Jf-OWXEXe-UbuQg{display:inline-flex}.AeBiU-mRLv6{position:absolute;inset:0}.AeBiU-LgbsSe-OWXEXe-dgl2Hf{margin-block:max((48px - var(--gm3-button-outlined-container-height,40px))/2,0px)}.AeBiU-RLmnJb{position:absolute;inline-size:max(48px,100%);block-size:max(48px,100%);inset:unset;top:50%;left:50%;transform:translate(-50%,-50%)}.AeBiU-LgbsSe{border-style:solid;border-width:var(--gm3-button-outlined-outline-width,1px);border-color:var(--gm3-button-outlined-outline-color,var(--gm3-sys-color-outline,#747775));--gm3-focus-ring-outward-offset:calc(var(--gm3-button-outlined-focus-indicator-outline-offset, 2px) + var(--gm3-button-outlined-outline-width, 1px));--gm3-focus-ring-outward-target-shape-start-start:calc(var(--gm3-button-outlined-container-shape, 9999px) - var(--gm3-button-outlined-outline-width, 1px));--gm3-focus-ring-outward-target-shape-start-end:calc(var(--gm3-button-outlined-container-shape, 9999px) - var(--gm3-button-outlined-outline-width, 1px));--gm3-focus-ring-outward-target-shape-end-end:calc(var(--gm3-button-outlined-container-shape, 9999px) - var(--gm3-button-outlined-outline-width, 1px));--gm3-focus-ring-outward-target-shape-end-start:calc(var(--gm3-button-outlined-container-shape, 9999px) - var(--gm3-button-outlined-outline-width, 1px))}@media (forced-colors:active){.AeBiU-LgbsSe:has(.AeBiU-mRLv6){border-color:LinkText}}@media (forced-colors:active){.AeBiU-LgbsSe:has(.AeBiU-mRLv6) .AeBiU-vQzf8d,.AeBiU-LgbsSe:has(.AeBiU-mRLv6) .AeBiU-kBDsod-Rtc0Jf{color:LinkText}}.AeBiU-LgbsSe:hover{border-color:var(--gm3-button-outlined-hover-outline-color,var(--gm3-sys-color-outline,#747775))}.AeBiU-LgbsSe:focus-visible{border-color:var(--gm3-button-outlined-focus-outline-color,var(--gm3-sys-color-primary,#0b57d0))}.AeBiU-LgbsSe:active{border-color:var(--gm3-button-outlined-pressed-outline-color,var(--gm3-sys-color-outline,#747775))}.AeBiU-LgbsSe:disabled{border-color:var(--gm3-button-outlined-disabled-outline-color,rgba(var(--gm3-sys-color-on-surface-rgb,31,31,31),.12))}@media (forced-colors:active){.AeBiU-LgbsSe:disabled{border-color:GrayText}}.AeBiU-RLmnJb{inline-size:max(48px,100% + var(--gm3-button-outlined-outline-width,1px) * 2)}.FOBRw-LgbsSe{display:inline-flex;position:relative;align-items:center;justify-content:center;box-sizing:border-box;border:none;outline:none;background:transparent;-webkit-appearance:none;appearance:none;line-height:inherit;text-rendering:inherit;user-select:none;vertical-align:middle;cursor:pointer;min-inline-size:var(--gm3-button-filled-tonal-container-min-width,64px);padding-block:0;-webkit-padding-start:var(--gm3-button-filled-tonal-leading-space,24px);padding-inline-start:var(--gm3-button-filled-tonal-leading-space,24px);-webkit-padding-end:var(--gm3-button-filled-tonal-trailing-space,24px);padding-inline-end:var(--gm3-button-filled-tonal-trailing-space,24px);block-size:var(--gm3-button-filled-tonal-container-height,40px);border-radius:var(--gm3-button-filled-tonal-container-shape,9999px);--gm3-ripple-hover-color:var(--gm3-button-filled-tonal-hover-state-layer-color,var(--gm3-sys-color-on-secondary-container,#001d35));--gm3-ripple-hover-opacity:var(--gm3-button-filled-tonal-hover-state-layer-opacity,0.08);--gm3-ripple-pressed-color:var(--gm3-button-filled-tonal-hover-state-layer-color,var(--gm3-sys-color-on-secondary-container,#001d35));--gm3-ripple-pressed-opacity:var(--gm3-button-filled-tonal-pressed-state-layer-opacity,0.1);--gm3-focus-ring-outward-color:var(--gm3-button-filled-tonal-focus-indicator-color,var(--gm3-sys-color-secondary,#00639b));--gm3-focus-ring-outward-offset:var(--gm3-button-filled-tonal-focus-indicator-outline-offset,2px);--gm3-focus-ring-outward-track-width:var(--gm3-button-filled-tonal-focus-indicator-thickness,3px);--gm3-focus-ring-outward-target-shape-start-start:var(--gm3-button-filled-tonal-container-shape,9999px);--gm3-focus-ring-outward-target-shape-start-end:var(--gm3-button-filled-tonal-container-shape,9999px);--gm3-focus-ring-outward-target-shape-end-end:var(--gm3-button-filled-tonal-container-shape,9999px);--gm3-focus-ring-outward-target-shape-end-start:var(--gm3-button-filled-tonal-container-shape,9999px)}.FOBRw-mRLv6:focus-visible{outline:none}.FOBRw-LgbsSe:focus-visible,.FOBRw-mRLv6:focus-visible~.FOBRw-UHGRz{--gm3-focus-ring-outward-display:block}.FOBRw-LgbsSe:disabled{cursor:default;pointer-events:none;--gm3-ripple-hover-opacity:0;--gm3-ripple-pressed-opacity:0}.FOBRw-LgbsSe-OWXEXe-SfQLQb-suEOdc:disabled{pointer-events:auto}.FOBRw-LgbsSe[hidden]{display:none}.FOBRw-vQzf8d{position:relative;text-align:center;color:var(--gm3-button-filled-tonal-label-text-color,var(--gm3-sys-color-on-secondary-container,#001d35));font-size:var(--gm3-button-filled-tonal-label-text-size,.875rem);font-family:var(--gm3-button-filled-tonal-label-text-font,"Google Sans",Roboto,Arial,sans-serif);font-weight:var(--gm3-button-filled-tonal-label-text-weight,500);letter-spacing:var(--gm3-button-filled-tonal-label-text-tracking,0);-webkit-text-decoration:var(--gm3-button-filled-tonal-label-text-decoration,none);text-decoration:var(--gm3-button-filled-tonal-label-text-decoration,none);font-variation-settings:var(--gm3-button-filled-tonal-label-text-font-variation-settings,initial)}.FOBRw-kSE8rc-FoKg4d-sLO9V-YoZ4jf .FOBRw-vQzf8d{font-family:var(--gm3-button-filled-tonal-label-text-font,"Google Sans Flex","Google Sans Text","Google Sans",Roboto,Arial,sans-serif)}.FOBRw-LgbsSe:hover .FOBRw-vQzf8d{color:var(--gm3-button-filled-tonal-hover-label-text-color,var(--gm3-sys-color-on-secondary-container,#001d35))}.FOBRw-LgbsSe:focus-visible .FOBRw-vQzf8d{color:var(--gm3-button-filled-tonal-focus-label-text-color,var(--gm3-sys-color-on-secondary-container,#001d35))}.FOBRw-LgbsSe:active .FOBRw-vQzf8d{color:var(--gm3-button-filled-tonal-pressed-label-text-color,var(--gm3-sys-color-on-secondary-container,#001d35))}.FOBRw-LgbsSe:disabled .FOBRw-vQzf8d{color:var(--gm3-button-filled-tonal-disabled-label-text-color,rgba(var(--gm3-sys-color-on-surface-rgb,31,31,31),.38))}.FOBRw-LgbsSe-OWXEXe-zcdHbf .FOBRw-vQzf8d{white-space:nowrap;text-overflow:ellipsis;overflow:hidden}.FOBRw-LgbsSe-OWXEXe-Bz112c-M1Soyc{-webkit-padding-start:var(--gm3-button-filled-tonal-with-leading-icon-leading-space,16px);padding-inline-start:var(--gm3-button-filled-tonal-with-leading-icon-leading-space,16px);-webkit-padding-end:var(--gm3-button-filled-tonal-with-leading-icon-trailing-space,24px);padding-inline-end:var(--gm3-button-filled-tonal-with-leading-icon-trailing-space,24px)}.FOBRw-LgbsSe-OWXEXe-Bz112c-M1Soyc .FOBRw-kBDsod-Rtc0Jf i,.FOBRw-LgbsSe-OWXEXe-Bz112c-M1Soyc .FOBRw-kBDsod-Rtc0Jf img,.FOBRw-LgbsSe-OWXEXe-Bz112c-M1Soyc .FOBRw-kBDsod-Rtc0Jf svg{-webkit-margin-end:var(--gm3-button-filled-tonal-with-icon-icon-label-space,8px);margin-inline-end:var(--gm3-button-filled-tonal-with-icon-icon-label-space,8px)}.FOBRw-LgbsSe-OWXEXe-Bz112c-UbuQg{-webkit-padding-start:var(--gm3-button-filled-tonal-with-trailing-icon-leading-space,24px);padding-inline-start:var(--gm3-button-filled-tonal-with-trailing-icon-leading-space,24px);-webkit-padding-end:var(--gm3-button-filled-tonal-with-trailing-icon-trailing-space,16px);padding-inline-end:var(--gm3-button-filled-tonal-with-trailing-icon-trailing-space,16px)}.FOBRw-LgbsSe-OWXEXe-Bz112c-UbuQg .FOBRw-kBDsod-Rtc0Jf i,.FOBRw-LgbsSe-OWXEXe-Bz112c-UbuQg .FOBRw-kBDsod-Rtc0Jf img,.FOBRw-LgbsSe-OWXEXe-Bz112c-UbuQg .FOBRw-kBDsod-Rtc0Jf svg{-webkit-margin-start:var(--gm3-button-filled-tonal-with-icon-icon-label-space,8px);margin-inline-start:var(--gm3-button-filled-tonal-with-icon-icon-label-space,8px)}.FOBRw-kBDsod-Rtc0Jf{display:none;position:relative;line-height:0;color:var(--gm3-button-filled-tonal-with-icon-icon-color,var(--gm3-sys-color-on-secondary-container,#001d35))}.FOBRw-kBDsod-Rtc0Jf i,.FOBRw-kBDsod-Rtc0Jf img,.FOBRw-kBDsod-Rtc0Jf svg{display:inline-flex;position:relative;direction:inherit;color:inherit;font-size:var(--gm3-button-filled-tonal-with-icon-icon-size,18px);inline-size:var(--gm3-button-filled-tonal-with-icon-icon-size,18px);block-size:var(--gm3-button-filled-tonal-with-icon-icon-size,18px)}.FOBRw-LgbsSe:hover .FOBRw-kBDsod-Rtc0Jf{color:var(--gm3-button-filled-tonal-with-icon-hover-icon-color,var(--gm3-sys-color-on-secondary-container,#001d35))}.FOBRw-LgbsSe:focus-visible .FOBRw-kBDsod-Rtc0Jf{color:var(--gm3-button-filled-tonal-with-icon-focus-icon-color,var(--gm3-sys-color-on-secondary-container,#001d35))}.FOBRw-LgbsSe:active .FOBRw-kBDsod-Rtc0Jf{color:var(--gm3-button-filled-tonal-with-icon-pressed-icon-color,var(--gm3-sys-color-on-secondary-container,#001d35))}.FOBRw-LgbsSe:disabled .FOBRw-kBDsod-Rtc0Jf{color:var(--gm3-button-filled-tonal-with-icon-disabled-icon-color,rgba(var(--gm3-sys-color-on-surface-rgb,31,31,31),.38))}[dir=rtl] .FOBRw-LgbsSe-OWXEXe-drxrmf-Bz112c .FOBRw-kBDsod-Rtc0Jf,.FOBRw-LgbsSe-OWXEXe-drxrmf-Bz112c .FOBRw-kBDsod-Rtc0Jf[dir=rtl]{transform:scaleX(-1)}.FOBRw-LgbsSe-OWXEXe-Bz112c-M1Soyc .FOBRw-kBDsod-Rtc0Jf-OWXEXe-M1Soyc,.FOBRw-LgbsSe-OWXEXe-Bz112c-UbuQg .FOBRw-kBDsod-Rtc0Jf-OWXEXe-UbuQg{display:inline-flex}.FOBRw-mRLv6{position:absolute;inset:0}.FOBRw-LgbsSe-OWXEXe-dgl2Hf{margin-block:max((48px - var(--gm3-button-filled-tonal-container-height,40px))/2,0px)}.FOBRw-RLmnJb{position:absolute;inline-size:max(48px,100%);block-size:max(48px,100%);inset:unset;top:50%;left:50%;transform:translate(-50%,-50%)}.FOBRw-LgbsSe{will-change:transform,opacity;background-color:var(--gm3-button-filled-tonal-container-color,var(--gm3-sys-color-secondary-container,#c2e7ff));--gm3-elevation-level:var(--gm3-button-filled-tonal-container-elevation,0);--gm3-elevation-shadow-color:var(--gm3-button-filled-tonal-container-shadow-color,var(--gm3-sys-color-shadow,#000))}.FOBRw-LgbsSe:hover{--gm3-elevation-level:var(--gm3-button-filled-tonal-hover-container-elevation,1)}.FOBRw-LgbsSe:focus-visible{--gm3-elevation-level:var(--gm3-button-filled-tonal-focus-container-elevation,0)}.FOBRw-LgbsSe:active{--gm3-elevation-level:var(--gm3-button-filled-tonal-pressed-container-elevation,0)}.FOBRw-LgbsSe:disabled{background-color:var(--gm3-button-filled-tonal-disabled-container-color,rgba(var(--gm3-sys-color-on-surface-rgb,31,31,31),.12));--gm3-elevation-level:var(--gm3-button-filled-tonal-disabled-container-elevation,0)}.FOBRw-LgbsSe::before{content:"";pointer-events:none;position:absolute;inset:0;border-radius:inherit;border:1px solid transparent}@media (forced-colors:active){.FOBRw-LgbsSe:has(.FOBRw-mRLv6)::before{border-color:LinkText}}@media (forced-colors:active){.FOBRw-LgbsSe:has(.FOBRw-mRLv6) .FOBRw-vQzf8d,.FOBRw-LgbsSe:has(.FOBRw-mRLv6) .FOBRw-kBDsod-Rtc0Jf{color:LinkText}}@media (forced-colors:active){.FOBRw-LgbsSe:disabled::before{border-color:GrayText}}@media (forced-colors:active){.FOBRw-StrnGf-YYd4I-VtOx3e::before{border-color:CanvasText}}.iHd3uf{display:inline-flex}.iHd3uf.eLNT1d{display:none}.ceOhk,.WyRBD,.Xq56fd,.hy0HVb{min-height:40px;margin-block:max((48px - 40px)/2,0px)}@media (-ms-high-contrast:active),screen and (forced-colors:active){.Mauo7{border:1px solid CanvasText}}.ceOhk{--gm3-button-filled-container-height:auto;--gm3-button-filled-container-shape:20px;--gm3-button-filled-label-text-weight:var(--c-afwt,500)}.WyRBD{--gm3-button-outlined-container-height:auto;--gm3-button-outlined-container-shape:20px;--gm3-button-outlined-label-text-weight:var(--c-afwt,500)}.Xq56fd{--gm3-button-text-container-height:auto;--gm3-button-text-container-shape:20px;--gm3-button-text-label-text-weight:var(--c-afwt,500)}.hy0HVb{--gm3-button-filled-tonal-container-height:auto;--gm3-button-filled-tonal-container-shape:20px;--gm3-button-filled-tonal-label-text-weight:var(--c-afwt,500)}.NAHnJe:not(:first-child){margin-top:8px}.NAHnJe:not(:last-child){margin-bottom:8px}.NAHnJe.Jj6Lae{--gm3-radio-selected-focus-icon-color:var(--gm3-sys-color-error,#b3261e);--gm3-radio-selected-hover-icon-color:var(--gm3-sys-color-error,#b3261e);--gm3-radio-selected-hover-state-layer-color:var(--gm3-sys-color-error,#b3261e);--gm3-radio-selected-icon-color:var(--gm3-sys-color-error,#b3261e);--gm3-radio-selected-pressed-icon-color:var(--gm3-sys-color-error,#b3261e);--gm3-radio-selected-pressed-state-layer-color:var(--gm3-sys-color-error,#b3261e);--gm3-radio-unselected-focus-icon-color:var(--gm3-sys-color-error,#b3261e);--gm3-radio-unselected-hover-icon-color:var(--gm3-sys-color-error,#b3261e);--gm3-radio-unselected-hover-state-layer-color:var(--gm3-sys-color-error,#b3261e);--gm3-radio-unselected-icon-color:var(--gm3-sys-color-error,#b3261e);--gm3-radio-unselected-pressed-icon-color:var(--gm3-sys-color-error,#b3261e);--gm3-radio-unselected-pressed-state-layer-color:var(--gm3-sys-color-error,#b3261e);--gm3-checkbox-selected-container-color:var(--gm3-sys-color-error,#b3261e);--gm3-checkbox-selected-hover-container-color:var(--gm3-sys-color-error,#b3261e);--gm3-checkbox-selected-hover-state-layer-color:var(--gm3-sys-color-error,#b3261e);--gm3-checkbox-selected-pressed-container-color:var(--gm3-sys-color-error,#b3261e);--gm3-checkbox-selected-pressed-icon-color:var(--gm3-sys-color-error,#b3261e);--gm3-checkbox-selected-pressed-state-layer-color:var(--gm3-sys-color-error,#b3261e);--gm3-checkbox-unselected-hover-outline-color:var(--gm3-sys-color-error,#b3261e);--gm3-checkbox-unselected-hover-state-layer-color:var(--gm3-sys-color-error,#b3261e);--gm3-checkbox-unselected-outline-color:var(--gm3-sys-color-error,#b3261e);--gm3-checkbox-unselected-pressed-state-layer-color:var(--gm3-sys-color-error,#b3261e)}.wClb9e{color:var(--gm3-sys-color-on-surface,#1f1f1f);margin-bottom:8px;font-family:Google Sans,Roboto,Noto Sans Myanmar UI,Arial,sans-serif;font-weight:400;font-size:1rem;letter-spacing:0rem;line-height:1.5rem}.XQGu9e{padding-bottom:16px;padding-left:16px;padding-right:16px}.eoX0T{width:100%}.gTwoD{align-items:flex-start;display:inline-flex;justify-content:space-between;padding:0;width:100%}.eoX0T.MyuJQe .gTwoD{align-items:center;display:flex}.lWCUk{background-color:var(--gm3-sys-color-surface-container,#f0f4f9);border-radius:4px;margin:2px 0}.lWCUk:first-child{margin-top:0;border-top-left-radius:20px;border-top-right-radius:20px}.lWCUk:last-child{margin-bottom:0;border-bottom-left-radius:20px;border-bottom-right-radius:20px}.lWCUk .lWCUk{background:var(--gm3-sys-color-surface-bright,#fff);border-radius:4px}.lWCUk .lWCUk:first-child{border-top-left-radius:16px;border-top-right-radius:16px}.lWCUk .lWCUk:last-child{border-bottom-left-radius:16px;border-bottom-right-radius:16px}.lWCUk>.gTwoD{padding-left:16px;padding-right:16px}.lWCUk>.gTwoD.NEk0Ve{padding-left:8px}.lWCUk>.gTwoD.zVkt0c{padding-left:4px}.lWCUk>.gTwoD.NEk0Ve.kS4AXe{padding-left:16px;padding-right:8px}.lWCUk>.gTwoD.zVkt0c.kS4AXe{padding-left:16px;padding-right:4px}.lWCUk>.gTwoD:has(.GnLI0e.o96OHc){padding-left:0}.lWCUk.MyuJQe{margin-bottom:4px;border-top-left-radius:9999px;border-top-right-radius:9999px;border-bottom-left-radius:9999px;border-bottom-right-radius:9999px}.GnLI0e{cursor:pointer;display:flex;flex-grow:1;padding:18px 0}.gTwoD.NEk0Ve .GnLI0e{margin-left:8px}.gTwoD.zVkt0c .GnLI0e{margin-left:4px}.gTwoD.kS4AXe .GnLI0e{margin-left:0}.GnLI0e:has(.sQ1LEb){padding-bottom:12px;padding-top:12px}.GnLI0e,.GnLI0e .XZVJqc{min-width:0;width:100%}.GnLI0e .XZVJqc{display:inline-block;flex-grow:1;text-align:left}.GnLI0e .kM29Gb{color:var(--gm3-sys-color-on-surface,#1f1f1f);font-family:Google Sans,Roboto,Noto Sans Myanmar UI,Arial,sans-serif;font-size:1rem;font-weight:400;letter-spacing:0rem;line-height:1.5rem}.GnLI0e .sQ1LEb{color:var(--gm3-sys-color-on-surface-variant,#444746);font-family:Google Sans,Roboto,Noto Sans Myanmar UI,Arial,sans-serif;font-size:0.875rem;font-weight:400;letter-spacing:0rem;line-height:1.25rem}.GnLI0e .kM29Gb,.GnLI0e .sQ1LEb{display:block;overflow:hidden;text-overflow:ellipsis;width:100%}.eoX0T.RDPZE>.gTwoD .GnLI0e:not(.o96OHc){cursor:default;opacity:0.38}.eoX0T.MyuJQe .GnLI0e{padding:14px 0}.eoX0T.MyuJQe .XZVJqc{padding:2px 0}.eoX0T.MyuJQe .kM29Gb{font-family:Google Sans,Roboto,Noto Sans Myanmar UI,Arial,sans-serif;font-weight:500;font-size:0.875rem;letter-spacing:0rem;line-height:1.25rem}.GnLI0e.o96OHc{background:transparent;border:0;color:inherit;justify-content:space-between;text-decoration:none;--gm3-focus-ring-outward-target-shape-start-start:4px;--gm3-focus-ring-outward-target-shape-start-end:4px;--gm3-focus-ring-outward-target-shape-end-end:4px;--gm3-focus-ring-outward-target-shape-end-start:4px}.GnLI0e.o96OHc{position:relative}.GnLI0e.o96OHc::before{background:var(--gm3-sys-color-on-surface,#1f1f1f);content:"";opacity:0;position:absolute;pointer-events:none}.GnLI0e.o96OHc:hover::before{opacity:0.08}.GnLI0e.o96OHc:focus:not(:hover)::before,.GnLI0e.o96OHc.u3bW4e::before{opacity:0.1}.GnLI0e.o96OHc:active::before,.GnLI0e.o96OHc.qs41qe::before{opacity:0.1}.GnLI0e.o96OHc::before{border-radius:4px;height:100%;left:-16px;right:0;top:0}.GnLI0e.o96OHc:focus:not(:hover)::before,.GnLI0e.o96OHc.u3bW4e::before{display:none}.GnLI0e.o96OHc:focus-visible{outline:none;--gm3-focus-ring-outward-display:block}.lWCUk .GnLI0e.o96OHc{padding-left:16px}.lWCUk .GnLI0e.o96OHc::before{left:0}.GnLI0e.o96OHc:has(.sQ1LEb){padding-bottom:12px;padding-top:12px}.eoX0T:first-of-type .GnLI0e.o96OHc{--gm3-focus-ring-outward-target-shape-start-start:20px}.eoX0T:first-of-type .GnLI0e.o96OHc::before{border-top-left-radius:20px}.eoX0T:last-of-type .GnLI0e.o96OHc{--gm3-focus-ring-outward-target-shape-end-start:20px}.eoX0T:last-of-type .GnLI0e.o96OHc::before{border-bottom-left-radius:20px}.GnLI0e.o96OHc::after{background:var(--gm3-sys-color-outline,#747775);content:"";display:block;height:40px;position:absolute;right:0;top:11px;width:1px}.gTwoD.NEk0Ve .GnLI0e.o96OHc{margin-right:8px}.gTwoD.zVkt0c .GnLI0e.o96OHc{margin-right:4px}.GnLI0e:has(.sQ1LEb).o96OHc::after{position:relative;top:calc(1.375rem - 20px)}.UjRYsb{color:var(--gm3-sys-color-on-surface-variant,#444746);min-height:24px;min-width:24px;position:relative;top:-1px}.eoX0T .UjRYsb{margin-left:16px}.gTwoD.kS4AXe .UjRYsb{margin-left:0;margin-right:16px}.uxn3Pd{fill:var(--gm3-sys-color-on-surface,#1f1f1f);margin-right:16px;min-height:24px;min-width:24px;position:relative}.GnLI0e:has(.sQ1LEb)>.UjRYsb,.GnLI0e:has(.sQ1LEb)>.uxn3Pd{position:relative;top:calc((2.75rem - 24px)/2)}.xCCdfe{position:relative}.eoX0T:not(.MyuJQe) .xCCdfe.NEk0Ve{top:calc(18px - ((40px - 1.5rem)/2))}.xCCdfe.zVkt0c{top:calc(18px - ((48px - 1.5rem)/2))}.xCCdfe.Msforc{padding-left:16px;top:calc(18px - ((32px - 1.5rem)/2))}.gTwoD:has(.sQ1LEb) .xCCdfe.NEk0Ve{position:relative;top:calc(1.375rem - 10px)}.gTwoD:has(.sQ1LEb) .xCCdfe.zVkt0c{position:relative;top:calc(1.375rem - 12px)}.gTwoD:has(.sQ1LEb) .xCCdfe.Msforc{padding-top:12px;position:relative;top:calc(1.375rem - 16px)}.A2WLNb{background:var(--gm3-sys-color-surface-container,#f0f4f9);border-radius:28px;margin:8px 0}.A2WLNb.jVwmLb{border-radius:20px;padding-bottom:0}.A2WLNb .WKpdi{flex-grow:1}.A2WLNb .lWCUk{background:var(--gm3-sys-color-surface-bright,#fff);border-radius:4px}.A2WLNb .lWCUk:first-child{border-top-left-radius:16px;border-top-right-radius:16px}.A2WLNb .lWCUk:last-child{border-bottom-left-radius:16px;border-bottom-right-radius:16px}.KrF7fd{align-items:flex-start;background:transparent;border:0;display:inline-flex;justify-content:space-between;padding-left:16px;padding-right:16px;width:100%;text-decoration:none;--gm3-focus-ring-outward-target-shape-start-start:28px;--gm3-focus-ring-outward-target-shape-start-end:28px;--gm3-focus-ring-outward-target-shape-end-end:28px;--gm3-focus-ring-outward-target-shape-end-start:28px}.KrF7fd{position:relative}.KrF7fd::before{background:var(--gm3-sys-color-on-surface,#1f1f1f);content:"";opacity:0;position:absolute;pointer-events:none}.KrF7fd:hover::before{opacity:0.08}.KrF7fd:focus:not(:hover)::before,.KrF7fd.u3bW4e::before{opacity:0.1}.KrF7fd:active::before,.KrF7fd.qs41qe::before{opacity:0.1}.KrF7fd::before{border-radius:28px;height:100%;left:0;right:0;top:0}.KrF7fd:focus:not(:hover)::before,.KrF7fd.u3bW4e::before{display:none}.KrF7fd:focus-visible{outline:none;--gm3-focus-ring-outward-display:block}.A2WLNb.jVwmLb .KrF7fd::before{border-radius:20px}.KrF7fd .RwGqvd{margin-left:0;margin-right:16px}.A2WLNb:has(.sQ1LEb) .RwGqvd{position:relative;top:calc((2.75rem - 24px)/2)}.A2WLNb .xIgdGc{align-items:center;background:var(--gm3-sys-color-secondary-container,#c2e7ff);border-radius:12px;display:flex;height:24px;justify-content:center;min-width:24px}.A2WLNb.jVwmLb .xIgdGc{background:var(--gm3-sys-color-surface-bright,#fff)}.A2WLNb:has(.sQ1LEb) .xIgdGc{position:relative;top:calc((2.75rem - 24px)/2)}.A2WLNb .eZIgdb{fill:var(--gm3-sys-color-on-secondary-container,#004a77);transform:rotate(180deg)}.A2WLNb.jVwmLb .eZIgdb{fill:var(--gm3-sys-color-on-surface-variant,#444746);transform:rotate(0)}.jzGg7c{padding-bottom:16px;padding-left:16px;padding-right:16px}.A2WLNb.jVwmLb .jzGg7c{display:none}.ySLakb{margin:16px 0;outline:none}.ZfdVuf{margin:0 0}.ySLakb+.ySLakb:not(.ZfdVuf){margin-top:24px}.xe7Heb{margin-bottom:24px;margin-top:8px}.ySLakb:nth-child(1 of :not(.eLNT1d)){margin-top:0}.ySLakb:last-child{margin-bottom:0}.xHr6Xe{align-items:center;color:var(--gm3-sys-color-on-surface,#1f1f1f);display:flex;margin-top:0;margin-bottom:0;padding:0 0 8px;font-family:Google Sans,Roboto,Noto Sans Myanmar UI,Arial,sans-serif;font-weight:400;font-size:1.25rem;letter-spacing:0rem;line-height:1.5rem}.xe7Heb>.Y9aYob .xHr6Xe{padding-bottom:12px}.ySLakb .xHr6Xe:has(.M0cpdd:empty),.i3HiPd.YFdWic .xHr6Xe,.Ci1RI .xHr6Xe{padding-bottom:0}.i3HiPd{border-radius:8px;padding:16px}.i3HiPd>:first-child{margin-top:0}.i3HiPd>:last-child{margin-bottom:0}.i3HiPd>.Y9aYob .xHr6Xe{font-family:Google Sans,Roboto,Noto Sans Myanmar UI,Arial,sans-serif;font-weight:500;font-size:1rem;letter-spacing:0rem;line-height:1.5rem}.i3HiPd.sj692e .xHr6Xe,.i3HiPd.sj692e .F4tG3e{color:var(--gm3-sys-color-on-primary-container,#0842a0)}.i3HiPd.Xq8bDe .xHr6Xe,.i3HiPd.Xq8bDe .F4tG3e{color:var(--gm3-sys-color-on-error-container,#8c1d18)}.i3HiPd.rNe0id .xHr6Xe,.i3HiPd.rNe0id .F4tG3e{color:var(
    --wf-color-warning-text,#421f00
  )}.i3HiPd.YFdWic .Y9aYob,.i3HiPd.YFdWic .F4tG3e{margin-left:64px;width:calc(100% - 48px - 16px)}.i3HiPd.YFdWic .F4tG3e{color:var(--gm3-sys-color-on-surface-variant,#444746)}.i3HiPd.YFdWic .xHr6Xe{color:var(--gm3-sys-color-on-surface,#1f1f1f)}.i3HiPd.YFdWic:not(.S7S4N) .Y9aYob{margin-left:0;width:0}.i3HiPd.sj692e{background:var(--gm3-sys-color-primary-container,#d3e3fd)}.i3HiPd.Xq8bDe{background:var(--gm3-sys-color-error-container,#f9dedc)}.i3HiPd.rNe0id{background:var(
    --wf-color-warning-bg,#fff0d1
  )}.i3HiPd.YFdWic{background:var(--gm3-sys-color-surface-container-low,#f8fafd);min-height:80px;position:relative}.i3HiPd:not(.S7S4N){display:flex}.ySLakb.eLNT1d{display:none}.Ci1RI{background:var(--gm3-sys-color-surface-container,#f0f4f9);border-radius:20px;padding:16px}.Ci1RI>:first-child{margin-top:0}.Ci1RI>:last-child{margin-bottom:0}.Ci1RI>.Y9aYob .xHr6Xe{color:var(--gm3-sys-color-on-surface,#1f1f1f)}.Ci1RI .Zy76pd .snByac,.Ci1RI .Zy76pd.u3bW4e .snByac{background-color:var(--gm3-sys-color-surface-container,#f0f4f9)}.Ci1RI .rcBv3{display:flex;justify-content:flex-end;margin-top:16px}.Ci1RI .rcBv3 .hy0HVb{margin-bottom:0;margin-top:0;--gm3-button-filled-tonal-leading-space:16px;--gm3-button-filled-tonal-trailing-space:16px}.Ci1RI .F4tG3e .lWCUk{background:var(--gm3-sys-color-surface-bright,#fff);border-radius:4px}.Ci1RI .F4tG3e .lWCUk:first-child{border-top-left-radius:16px;border-top-right-radius:16px}.Ci1RI .F4tG3e .lWCUk:last-child{border-bottom-left-radius:16px;border-bottom-right-radius:16px}.ZfdVuf{border-bottom:1px solid var(--gm3-sys-color-outline-variant,#c4c7c5);display:flex;flex-direction:column}.ZfdVuf .ZfdVuf:last-child{border-bottom:0}.ZfdVuf .Y9aYob{cursor:pointer;--gm3-focus-ring-outward-target-shape-start-start:8px;--gm3-focus-ring-outward-target-shape-start-end:8px;--gm3-focus-ring-outward-target-shape-end-end:8px;--gm3-focus-ring-outward-target-shape-end-start:8px}.ZfdVuf .Y9aYob{position:relative}.ZfdVuf .Y9aYob::before{background:var(--gm3-sys-color-on-surface,#1f1f1f);content:"";opacity:0;position:absolute;pointer-events:none}.ZfdVuf .Y9aYob:hover::before{opacity:0.08}.ZfdVuf .Y9aYob:focus:not(:hover)::before,.ZfdVuf .Y9aYob.u3bW4e::before{opacity:0.1}.ZfdVuf .Y9aYob:active::before,.ZfdVuf .Y9aYob.qs41qe::before{opacity:0.1}.ZfdVuf .Y9aYob::before{border-radius:8px;inset:0 -16px}.ZfdVuf .Y9aYob:focus:not(:hover)::before,.ZfdVuf .Y9aYob.u3bW4e::before{display:none}.ZfdVuf .Y9aYob:has(.GliO4d:focus-visible){--gm3-focus-ring-outward-display:block}.Y9aYob:empty,.XQ6hEf:empty{display:none}.uY2Qad{margin:0 0 24px}.ZfdVuf[data-expand-type="1"] .GliO4d{display:flex}.ZfdVuf>.Y9aYob .xHr6Xe{align-items:flex-start;padding-bottom:8px;padding-top:12px;position:relative;font-family:Google Sans,Roboto,Noto Sans Myanmar UI,Arial,sans-serif;font-weight:500;font-size:1rem;letter-spacing:0rem;line-height:1.5rem}.ZfdVuf:has(.XQ6hEf:empty)>.Y9aYob .xHr6Xe{padding-bottom:12px}.ySLakb.S7S4N .ySLakb .xHr6Xe{font-family:Google Sans,Roboto,Noto Sans Myanmar UI,Arial,sans-serif;font-weight:500;font-size:1rem;letter-spacing:0rem;line-height:1.5rem}.GliO4d{background:none;border:none;color:inherit;cursor:pointer;flex-grow:1;font:inherit;margin:0;outline:0;padding:0;text-align:inherit}.GliO4d::-moz-focus-inner{border:0}.GliO4d .M0cpdd{color:var(--gm3-sys-color-on-surface,#1f1f1f);flex-grow:1}.GliO4d .M0cpdd,.GliO4d .T5OKle{margin-top:4px}.h5Vxbc{align-items:center;background:var(--gm3-sys-color-secondary-container,#c2e7ff);border-radius:16px;color:var(--gm3-sys-color-on-secondary-container,#004a77);display:flex;flex-shrink:0;height:32px;justify-content:center;margin-left:16px;width:28px}.h5Vxbc .kV7hid{align-items:center;display:flex;height:20px;justify-content:center;transition:transform 0.2s cubic-bezier(0.4,0,0.2,1);width:20px}.ZfdVuf.jVwmLb .h5Vxbc{background:var(--gm3-sys-color-surface-container,#f0f4f9);color:var(--gm3-sys-color-on-surface-variant,#444746)}.ZfdVuf.jVwmLb .kV7hid{transform:rotate(-180deg)}.T5OKle{color:var(--gm3-sys-color-on-surface-variant,#444746);flex-shrink:0;height:24px;margin-right:16px;width:24px}.T5OKle .jLPeif{height:100%;width:100%}.i3HiPd .T5OKle{margin-top:0}.i3HiPd.sj692e .T5OKle{color:var(--gm3-sys-color-primary,#0b57d0)}.i3HiPd.Xq8bDe .T5OKle{color:var(--gm3-sys-color-error,#b3261e)}.i3HiPd.rNe0id .T5OKle{color:var(
    --wf-color-warning-icon,#f09d00
  )}.i3HiPd.YFdWic .T5OKle{height:48px;left:16px;position:absolute;top:16px;width:48px}.XQ6hEf{color:var(--gm3-sys-color-on-surface-variant,#444746);font-family:Google Sans,Roboto,Noto Sans Myanmar UI,Arial,sans-serif;font-weight:400;font-size:0.875rem;letter-spacing:0rem;line-height:1.25rem}.xe7Heb .XQ6hEf{margin-bottom:8px}.ZfdVuf .XQ6hEf{padding-bottom:16px}.Y9aYob:empty+.F4tG3e{margin-top:0}.F4tG3e{margin-bottom:16px;margin-top:4px}.Ci1RI>.F4tG3e{color:var(--gm3-sys-color-on-surface-variant,#444746);margin-bottom:0;margin-top:16px}.i3HiPd>.F4tG3e{margin-bottom:0;margin-top:0}.F4tG3e:only-child{margin-bottom:0;margin-top:0}.ZfdVuf>.F4tG3e{margin-top:0;overflow:hidden;transition:0.2s cubic-bezier(0.4,0,0.2,1)}.ySLakb.jVwmLb>.F4tG3e{margin-bottom:0;margin-top:0;max-height:0;opacity:0;visibility:hidden}.F4tG3e>[jsslot]>:first-child:not(.i3HiPd,.Ci1RI){margin-top:0;padding-top:0}.F4tG3e>[jsslot]>:last-child:not(.i3HiPd,.Ci1RI){margin-bottom:0;padding-bottom:0}.xe7Heb .F4tG3e{overflow:hidden}.WXCwYb{display:none;margin-top:16px}.xe7Heb.jVwmLb .WXCwYb{display:block}.WXCwYb .hy0HVb{width:100%}.ySLakb.RDPZE{pointer-events:none}.ySLakb.RDPZE .xHr6Xe,.ySLakb.RDPZE .XQ6hEf,.ySLakb.RDPZE .F4tG3e,.ySLakb.RDPZE .T5OKle{color:var(--gm3-sys-color-on-surface,#1f1f1f);opacity:0.38}.VfPpkd-JGcpL-uI4vCe-LkdAo,.VfPpkd-JGcpL-IdXvz-LkdAo-Bd00G{stroke:#6200ee;stroke:var(--mdc-theme-primary,#6200ee)}@media (-ms-high-contrast:active),screen and (forced-colors:active){.VfPpkd-JGcpL-uI4vCe-LkdAo,.VfPpkd-JGcpL-IdXvz-LkdAo-Bd00G{stroke:CanvasText}}.VfPpkd-JGcpL-uI4vCe-u014N{stroke:transparent}@keyframes mdc-circular-progress-container-rotate{to{transform:rotate(1turn)}}@keyframes mdc-circular-progress-spinner-layer-rotate{12.5%{transform:rotate(135deg)}25%{transform:rotate(270deg)}37.5%{transform:rotate(405deg)}50%{transform:rotate(540deg)}62.5%{transform:rotate(675deg)}75%{transform:rotate(810deg)}87.5%{transform:rotate(945deg)}100%{transform:rotate(3turn)}}@keyframes mdc-circular-progress-color-1-fade-in-out{from{opacity:.99}25%{opacity:.99}26%{opacity:0}89%{opacity:0}90%{opacity:.99}to{opacity:.99}}@keyframes mdc-circular-progress-color-2-fade-in-out{from{opacity:0}15%{opacity:0}25%{opacity:.99}50%{opacity:.99}51%{opacity:0}to{opacity:0}}@keyframes mdc-circular-progress-color-3-fade-in-out{from{opacity:0}40%{opacity:0}50%{opacity:.99}75%{opacity:.99}76%{opacity:0}to{opacity:0}}@keyframes mdc-circular-progress-color-4-fade-in-out{from{opacity:0}65%{opacity:0}75%{opacity:.99}90%{opacity:.99}to{opacity:0}}@keyframes mdc-circular-progress-left-spin{from{transform:rotate(265deg)}50%{transform:rotate(130deg)}to{transform:rotate(265deg)}}@keyframes mdc-circular-progress-right-spin{from{transform:rotate(-265deg)}50%{transform:rotate(-130deg)}to{transform:rotate(-265deg)}}.VfPpkd-JGcpL-P1ekSe{display:inline-flex;position:relative;direction:ltr;line-height:0;overflow:hidden;transition:opacity .25s 0ms cubic-bezier(.4,0,.6,1)}.VfPpkd-JGcpL-uI4vCe-haAclf,.VfPpkd-JGcpL-IdXvz-LkdAo-Bd00G,.VfPpkd-JGcpL-IdXvz-haAclf,.VfPpkd-JGcpL-QYI5B-pbTTYe{position:absolute;width:100%;height:100%}.VfPpkd-JGcpL-uI4vCe-haAclf{transform:rotate(-90deg)}.VfPpkd-JGcpL-IdXvz-haAclf{font-size:0;letter-spacing:0;white-space:nowrap;opacity:0}.VfPpkd-JGcpL-uI4vCe-LkdAo-Bd00G,.VfPpkd-JGcpL-IdXvz-LkdAo-Bd00G{fill:transparent}.VfPpkd-JGcpL-uI4vCe-LkdAo{transition:stroke-dashoffset .5s 0ms cubic-bezier(0,0,.2,1)}.VfPpkd-JGcpL-OcUoKf-TpMipd{position:absolute;top:0;left:47.5%;box-sizing:border-box;width:5%;height:100%;overflow:hidden}.VfPpkd-JGcpL-OcUoKf-TpMipd .VfPpkd-JGcpL-IdXvz-LkdAo-Bd00G{left:-900%;width:2000%;transform:rotate(180deg)}.VfPpkd-JGcpL-lLvYUc-e9ayKc{display:inline-flex;position:relative;width:50%;height:100%;overflow:hidden}.VfPpkd-JGcpL-lLvYUc-e9ayKc .VfPpkd-JGcpL-IdXvz-LkdAo-Bd00G{width:200%}.VfPpkd-JGcpL-lLvYUc-qwU8Me .VfPpkd-JGcpL-IdXvz-LkdAo-Bd00G{left:-100%}.VfPpkd-JGcpL-P1ekSe-OWXEXe-A9y3zc .VfPpkd-JGcpL-uI4vCe-haAclf{opacity:0}.VfPpkd-JGcpL-P1ekSe-OWXEXe-A9y3zc .VfPpkd-JGcpL-IdXvz-haAclf{opacity:1}.VfPpkd-JGcpL-P1ekSe-OWXEXe-A9y3zc .VfPpkd-JGcpL-IdXvz-haAclf{animation:mdc-circular-progress-container-rotate 1.5682352941176s linear infinite}.VfPpkd-JGcpL-P1ekSe-OWXEXe-A9y3zc .VfPpkd-JGcpL-QYI5B-pbTTYe{animation:mdc-circular-progress-spinner-layer-rotate 5332ms cubic-bezier(.4,0,.2,1) infinite both}.VfPpkd-JGcpL-P1ekSe-OWXEXe-A9y3zc .VfPpkd-JGcpL-Ydhldb-R6PoUb{animation:mdc-circular-progress-spinner-layer-rotate 5332ms cubic-bezier(.4,0,.2,1) infinite both,mdc-circular-progress-color-1-fade-in-out 5332ms cubic-bezier(.4,0,.2,1) infinite both}.VfPpkd-JGcpL-P1ekSe-OWXEXe-A9y3zc .VfPpkd-JGcpL-Ydhldb-ibL1re{animation:mdc-circular-progress-spinner-layer-rotate 5332ms cubic-bezier(.4,0,.2,1) infinite both,mdc-circular-progress-color-2-fade-in-out 5332ms cubic-bezier(.4,0,.2,1) infinite both}.VfPpkd-JGcpL-P1ekSe-OWXEXe-A9y3zc .VfPpkd-JGcpL-Ydhldb-c5RTEf{animation:mdc-circular-progress-spinner-layer-rotate 5332ms cubic-bezier(.4,0,.2,1) infinite both,mdc-circular-progress-color-3-fade-in-out 5332ms cubic-bezier(.4,0,.2,1) infinite both}.VfPpkd-JGcpL-P1ekSe-OWXEXe-A9y3zc .VfPpkd-JGcpL-Ydhldb-II5mzb{animation:mdc-circular-progress-spinner-layer-rotate 5332ms cubic-bezier(.4,0,.2,1) infinite both,mdc-circular-progress-color-4-fade-in-out 5332ms cubic-bezier(.4,0,.2,1) infinite both}.VfPpkd-JGcpL-P1ekSe-OWXEXe-A9y3zc .VfPpkd-JGcpL-lLvYUc-LK5yu .VfPpkd-JGcpL-IdXvz-LkdAo-Bd00G{animation:mdc-circular-progress-left-spin 1333ms cubic-bezier(.4,0,.2,1) infinite both}.VfPpkd-JGcpL-P1ekSe-OWXEXe-A9y3zc .VfPpkd-JGcpL-lLvYUc-qwU8Me .VfPpkd-JGcpL-IdXvz-LkdAo-Bd00G{animation:mdc-circular-progress-right-spin 1333ms cubic-bezier(.4,0,.2,1) infinite both}.VfPpkd-JGcpL-P1ekSe-OWXEXe-xTMeO{opacity:0}.DU29of{position:relative}.DU29of .VfPpkd-JGcpL-uI4vCe-LkdAo,.DU29of .VfPpkd-JGcpL-IdXvz-LkdAo-Bd00G{stroke:rgb(66,133,244)}@media (-ms-high-contrast:active),screen and (forced-colors:active){.DU29of .VfPpkd-JGcpL-uI4vCe-LkdAo,.DU29of .VfPpkd-JGcpL-IdXvz-LkdAo-Bd00G{stroke:CanvasText}}.DU29of .VfPpkd-JGcpL-Ydhldb-R6PoUb .VfPpkd-JGcpL-IdXvz-LkdAo-Bd00G{stroke:rgb(66,133,244)}@media (-ms-high-contrast:active),screen and (forced-colors:active){.DU29of .VfPpkd-JGcpL-Ydhldb-R6PoUb .VfPpkd-JGcpL-IdXvz-LkdAo-Bd00G{stroke:CanvasText}}.DU29of .VfPpkd-JGcpL-Ydhldb-ibL1re .VfPpkd-JGcpL-IdXvz-LkdAo-Bd00G{stroke:rgb(234,67,53)}@media (-ms-high-contrast:active),screen and (forced-colors:active){.DU29of .VfPpkd-JGcpL-Ydhldb-ibL1re .VfPpkd-JGcpL-IdXvz-LkdAo-Bd00G{stroke:CanvasText}}.DU29of .VfPpkd-JGcpL-Ydhldb-c5RTEf .VfPpkd-JGcpL-IdXvz-LkdAo-Bd00G{stroke:rgb(251,188,4)}@media (-ms-high-contrast:active),screen and (forced-colors:active){.DU29of .VfPpkd-JGcpL-Ydhldb-c5RTEf .VfPpkd-JGcpL-IdXvz-LkdAo-Bd00G{stroke:CanvasText}}.DU29of .VfPpkd-JGcpL-Ydhldb-II5mzb .VfPpkd-JGcpL-IdXvz-LkdAo-Bd00G{stroke:rgb(52,168,83)}@media (-ms-high-contrast:active),screen and (forced-colors:active){.DU29of .VfPpkd-JGcpL-Ydhldb-II5mzb .VfPpkd-JGcpL-IdXvz-LkdAo-Bd00G{stroke:CanvasText}}.DU29of .VfPpkd-JGcpL-Mr8B3-V67aGc{height:100%;width:100%;position:absolute;opacity:0;overflow:hidden;z-index:-1}.VfPpkd-BFbNVe-bF1uUb{position:absolute;border-radius:inherit;pointer-events:none;opacity:0;opacity:var(--mdc-elevation-overlay-opacity,0);transition:opacity .28s cubic-bezier(.4,0,.2,1);background-color:#fff;background-color:var(--mdc-elevation-overlay-color,#fff)}.NZp2ef{background-color:#e8eaed}.GY1Nfe{display:inline-flex;place-content:center;place-items:center}html[dir=rtl] .giSqbe{transform:scaleX(-1)}.VfPpkd-z59Tgd{border-radius:4px;border-radius:var(--mdc-shape-small,4px)}.VfPpkd-Djsh7e-XxIAqe-ma6Yeb,.VfPpkd-Djsh7e-XxIAqe-cGMI2b{border-radius:4px;border-radius:var(--mdc-shape-small,4px)}.VfPpkd-z59Tgd{color:white;color:var(--mdc-theme-text-primary-on-dark,white)}.VfPpkd-z59Tgd{background-color:rgba(0,0,0,.6)}.VfPpkd-MlC99b{color:rgba(0,0,0,.87);color:var(--mdc-theme-text-primary-on-light,rgba(0,0,0,.87))}.VfPpkd-IqDDtd{color:rgba(0,0,0,.6)}.VfPpkd-IqDDtd-hSRGPd{color:#6200ee;color:var(--mdc-theme-primary,#6200ee)}.VfPpkd-a1tyJ-bN97Pc{overflow-x:unset;overflow-y:auto}.VfPpkd-suEOdc.VfPpkd-suEOdc-OWXEXe-nzrxxc .VfPpkd-z59Tgd,.VfPpkd-suEOdc.VfPpkd-suEOdc-OWXEXe-nzrxxc .VfPpkd-Djsh7e-XxIAqe-ma6Yeb,.VfPpkd-suEOdc.VfPpkd-suEOdc-OWXEXe-nzrxxc .VfPpkd-Djsh7e-XxIAqe-cGMI2b{background-color:#fff}.VfPpkd-z59Tgd{-moz-osx-font-smoothing:grayscale;-webkit-font-smoothing:antialiased;font-family:Roboto,sans-serif;font-family:var(--mdc-typography-caption-font-family,var(--mdc-typography-font-family,Roboto,sans-serif));font-size:.75rem;font-size:var(--mdc-typography-caption-font-size,.75rem);font-weight:400;font-weight:var(--mdc-typography-caption-font-weight,400);letter-spacing:.0333333333em;letter-spacing:var(--mdc-typography-caption-letter-spacing,.0333333333em);text-decoration:inherit;-webkit-text-decoration:var(--mdc-typography-caption-text-decoration,inherit);text-decoration:var(--mdc-typography-caption-text-decoration,inherit);text-transform:inherit;text-transform:var(--mdc-typography-caption-text-transform,inherit)}.VfPpkd-suEOdc-OWXEXe-nzrxxc .VfPpkd-z59Tgd{box-shadow:0 3px 1px -2px rgba(0,0,0,.2),0 2px 2px 0 rgba(0,0,0,.14),0 1px 5px 0 rgba(0,0,0,.12);border-radius:4px;line-height:20px}.VfPpkd-suEOdc-OWXEXe-nzrxxc .VfPpkd-z59Tgd .VfPpkd-BFbNVe-bF1uUb{width:100%;height:100%;top:0;left:0}.VfPpkd-z59Tgd .VfPpkd-MlC99b{display:block;margin-top:0;line-height:20px;-moz-osx-font-smoothing:grayscale;-webkit-font-smoothing:antialiased;font-family:Roboto,sans-serif;font-family:var(--mdc-typography-subtitle2-font-family,var(--mdc-typography-font-family,Roboto,sans-serif));font-size:.875rem;font-size:var(--mdc-typography-subtitle2-font-size,.875rem);line-height:1.375rem;line-height:var(--mdc-typography-subtitle2-line-height,1.375rem);font-weight:500;font-weight:var(--mdc-typography-subtitle2-font-weight,500);letter-spacing:.0071428571em;letter-spacing:var(--mdc-typography-subtitle2-letter-spacing,.0071428571em);text-decoration:inherit;-webkit-text-decoration:var(--mdc-typography-subtitle2-text-decoration,inherit);text-decoration:var(--mdc-typography-subtitle2-text-decoration,inherit);text-transform:inherit;text-transform:var(--mdc-typography-subtitle2-text-transform,inherit)}.VfPpkd-z59Tgd .VfPpkd-MlC99b::before{display:inline-block;width:0;height:24px;content:"";vertical-align:0}.VfPpkd-z59Tgd .VfPpkd-IqDDtd{-moz-osx-font-smoothing:grayscale;-webkit-font-smoothing:antialiased;font-family:Roboto,sans-serif;font-family:var(--mdc-typography-body2-font-family,var(--mdc-typography-font-family,Roboto,sans-serif));font-size:.875rem;font-size:var(--mdc-typography-body2-font-size,.875rem);line-height:1.25rem;line-height:var(--mdc-typography-body2-line-height,1.25rem);font-weight:400;font-weight:var(--mdc-typography-body2-font-weight,400);letter-spacing:.0178571429em;letter-spacing:var(--mdc-typography-body2-letter-spacing,.0178571429em);text-decoration:inherit;-webkit-text-decoration:var(--mdc-typography-body2-text-decoration,inherit);text-decoration:var(--mdc-typography-body2-text-decoration,inherit);text-transform:inherit;text-transform:var(--mdc-typography-body2-text-transform,inherit)}.VfPpkd-z59Tgd{word-break:break-all;word-break:var(--mdc-tooltip-word-break,normal);overflow-wrap:anywhere}.VfPpkd-suEOdc-OWXEXe-eo9XGd-RCfa3e .VfPpkd-z59Tgd-OiiCO{transition:opacity .15s 0ms cubic-bezier(0,0,.2,1),transform .15s 0ms cubic-bezier(0,0,.2,1)}.VfPpkd-suEOdc-OWXEXe-ZYIfFd-RCfa3e .VfPpkd-z59Tgd-OiiCO{transition:opacity 75ms 0ms cubic-bezier(.4,0,1,1)}.VfPpkd-suEOdc{position:fixed;display:none;z-index:9}.VfPpkd-suEOdc-sM5MNb-OWXEXe-nzrxxc{position:relative}.VfPpkd-suEOdc-OWXEXe-TSZdd,.VfPpkd-suEOdc-OWXEXe-eo9XGd,.VfPpkd-suEOdc-OWXEXe-ZYIfFd{display:inline-flex}.VfPpkd-suEOdc-OWXEXe-TSZdd.VfPpkd-suEOdc-OWXEXe-nzrxxc,.VfPpkd-suEOdc-OWXEXe-eo9XGd.VfPpkd-suEOdc-OWXEXe-nzrxxc,.VfPpkd-suEOdc-OWXEXe-ZYIfFd.VfPpkd-suEOdc-OWXEXe-nzrxxc{display:inline-block;left:-320px;position:absolute}.VfPpkd-z59Tgd{line-height:16px;padding:4px 8px;min-width:40px;max-width:200px;min-height:24px;max-height:40vh;box-sizing:border-box;overflow:hidden;text-align:center}.VfPpkd-z59Tgd::before{position:absolute;box-sizing:border-box;width:100%;height:100%;top:0;left:0;border:1px solid transparent;border-radius:inherit;content:"";pointer-events:none}@media screen and (forced-colors:active){.VfPpkd-z59Tgd::before{border-color:CanvasText}}.VfPpkd-suEOdc-OWXEXe-nzrxxc .VfPpkd-z59Tgd{align-items:flex-start;display:flex;flex-direction:column;min-height:24px;min-width:40px;max-width:320px;position:relative;text-align:left}[dir=rtl] .VfPpkd-suEOdc-OWXEXe-nzrxxc .VfPpkd-z59Tgd,.VfPpkd-suEOdc-OWXEXe-nzrxxc .VfPpkd-z59Tgd[dir=rtl]{text-align:right}.VfPpkd-suEOdc-OWXEXe-LlMNQd .VfPpkd-z59Tgd{text-align:left}[dir=rtl] .VfPpkd-suEOdc-OWXEXe-LlMNQd .VfPpkd-z59Tgd,.VfPpkd-suEOdc-OWXEXe-LlMNQd .VfPpkd-z59Tgd[dir=rtl]{text-align:right}.VfPpkd-z59Tgd .VfPpkd-MlC99b{margin:0 8px}.VfPpkd-z59Tgd .VfPpkd-IqDDtd{max-width:184px;margin:8px}.VfPpkd-suEOdc-OWXEXe-nzrxxc .VfPpkd-z59Tgd .VfPpkd-IqDDtd{max-width:304px;align-self:stretch}.VfPpkd-z59Tgd .VfPpkd-IqDDtd-hSRGPd{text-decoration:none}.VfPpkd-suEOdc-OWXEXe-nzrxxc-LQLjdd,.VfPpkd-IqDDtd,.VfPpkd-MlC99b{z-index:1}.VfPpkd-z59Tgd-OiiCO{opacity:0;transform:scale(.8);will-change:transform,opacity}.VfPpkd-suEOdc-OWXEXe-TSZdd .VfPpkd-z59Tgd-OiiCO{transform:scale(1);opacity:1}.VfPpkd-suEOdc-OWXEXe-ZYIfFd .VfPpkd-z59Tgd-OiiCO{transform:scale(1)}.VfPpkd-Djsh7e-XxIAqe-ma6Yeb,.VfPpkd-Djsh7e-XxIAqe-cGMI2b{position:absolute;height:24px;width:24px;transform:rotate(35deg) skewY(20deg) scaleX(.9396926208)}.VfPpkd-Djsh7e-XxIAqe-ma6Yeb .VfPpkd-BFbNVe-bF1uUb,.VfPpkd-Djsh7e-XxIAqe-cGMI2b .VfPpkd-BFbNVe-bF1uUb{width:100%;height:100%;top:0;left:0}.VfPpkd-Djsh7e-XxIAqe-cGMI2b{box-shadow:0 3px 1px -2px rgba(0,0,0,.2),0 2px 2px 0 rgba(0,0,0,.14),0 1px 5px 0 rgba(0,0,0,.12);outline:1px solid transparent;z-index:-1}@media screen and (forced-colors:active){.VfPpkd-Djsh7e-XxIAqe-cGMI2b{outline-color:CanvasText}}.EY8ABd{z-index:2101}.EY8ABd .VfPpkd-z59Tgd{background-color:#3c4043;color:#e8eaed}.EY8ABd .VfPpkd-MlC99b,.EY8ABd .VfPpkd-IqDDtd{color:#3c4043}.EY8ABd .VfPpkd-IqDDtd-hSRGPd{color:#1a73e8}.EY8ABd.VfPpkd-suEOdc-OWXEXe-nzrxxc .VfPpkd-z59Tgd,.EY8ABd.VfPpkd-suEOdc-OWXEXe-nzrxxc .VfPpkd-Djsh7e-XxIAqe-ma6Yeb,.EY8ABd.VfPpkd-suEOdc-OWXEXe-nzrxxc .VfPpkd-Djsh7e-XxIAqe-cGMI2b{background-color:#fff}.EY8ABd.VfPpkd-suEOdc-OWXEXe-nzrxxc .VfPpkd-MlC99b{font-family:"Google Sans",Roboto,Arial,sans-serif;line-height:1.25rem;font-size:.875rem;letter-spacing:.0178571429em;font-weight:500}.EY8ABd.VfPpkd-suEOdc-OWXEXe-nzrxxc .VfPpkd-z59Tgd{border-radius:8px}.ziykHb{z-index:2101}.ziykHb .VfPpkd-z59Tgd{background-color:#3c4043;color:#e8eaed}.ziykHb .VfPpkd-MlC99b,.ziykHb .VfPpkd-IqDDtd{color:#3c4043}.ziykHb .VfPpkd-IqDDtd-hSRGPd{color:#1a73e8}.ziykHb.VfPpkd-suEOdc-OWXEXe-nzrxxc .VfPpkd-z59Tgd,.ziykHb.VfPpkd-suEOdc-OWXEXe-nzrxxc .VfPpkd-Djsh7e-XxIAqe-ma6Yeb,.ziykHb.VfPpkd-suEOdc-OWXEXe-nzrxxc .VfPpkd-Djsh7e-XxIAqe-cGMI2b{background-color:#fff}.ziykHb.VfPpkd-suEOdc-OWXEXe-nzrxxc .VfPpkd-MlC99b{font-family:"Google Sans",Roboto,Arial,sans-serif;line-height:1.25rem;font-size:.875rem;letter-spacing:.0178571429em;font-weight:500}.ziykHb.VfPpkd-suEOdc-OWXEXe-nzrxxc .VfPpkd-z59Tgd{border-radius:8px}.EY8ABd-OWXEXe-TAWMXe{position:absolute;left:-10000px;top:auto;width:1px;height:1px;overflow:hidden;-webkit-user-select:none;-webkit-user-select:none}.NMm5M{fill:currentColor;flex-shrink:0}[dir=rtl] .hhikbc{transform:scaleX(-1)}.PrDSKc,.v42QC{padding-bottom:3px;padding-top:9px}.v42QC{margin:0}.PrDSKc:empty,.v42QC:empty{display:none}.jfyXNd.Zttm2{--gm3-dialog-container-shape:0;--gm3-dialog-container-min-height:100vh;--gm3-dialog-container-min-width:100vw;--gm3-dialog-modal-container-shape:0;--gm3-dialog-container-height:100vh;--gm3-dialog-container-max-height:100vh;--gm3-dialog-container-width:100vw;--gm3-dialog-container-max-width:100vw}.jfyXNd.Zttm2 .qrsXKd{height:100%;width:100%}.jfyXNd.Zttm2 .ToUTc{border:none;color-scheme:normal;display:block;height:100%;padding:0;width:100%}.qpGfHd{color:var(--gm3-sys-color-on-surface-variant,#444746);flex-grow:1;padding-left:16px;font-family:Google Sans,Roboto,Noto Sans Myanmar UI,Arial,sans-serif;font-weight:400;font-size:0.875rem;letter-spacing:0rem;line-height:1.25rem}.uW2Fw-Sx9Kwc{display:none;z-index:var(--gm3-dialog-z-index,2001);justify-content:var(--gm3-dialog-dialog-justify-content,center);-webkit-padding-end:var(--gm3-dialog-dialog-padding-inline-end,unset);padding-inline-end:var(--gm3-dialog-dialog-padding-inline-end,unset);-webkit-padding-start:var(--gm3-dialog-dialog-padding-inline-start,unset);padding-inline-start:var(--gm3-dialog-dialog-padding-inline-start,unset)}.uW2Fw-IE5DDf{justify-content:center}.uW2Fw-Sx9Kwc,.uW2Fw-IE5DDf{position:fixed;top:0;left:0;align-items:center;box-sizing:border-box;width:100%;height:100%}.uW2Fw-P5QLlc{background-color:var(--gm3-dialog-container-color,var(--gm3-sys-color-surface-container-high,#e9eef6));min-width:var(--gm3-dialog-container-min-width,280px);max-height:var(--gm3-dialog-container-max-height,calc(100% - 32px));min-height:var(--gm3-dialog-container-min-height,unset);position:relative;display:flex;flex-direction:column;flex-grow:0;flex-shrink:0;box-sizing:border-box;pointer-events:auto;overflow-y:auto;outline:0;text-align:start;transform:scale(.8)}@media (forced-colors:active){.uW2Fw-P5QLlc{outline:2px solid windowText}}.uW2Fw-IE5DDf{opacity:0;z-index:-1;background-color:var(--gm3-dialog-scrim-color,rgba(var(--gm3-sys-color-scrim-rgb,0,0,0),.32))}.uW2Fw-wzTsW{align-items:var(--gm3-dialog-container-align-items,center);-webkit-padding-before:var(--gm3-dialog-container-padding-block-start,unset);padding-block-start:var(--gm3-dialog-container-padding-block-start,unset);-webkit-padding-after:var(--gm3-dialog-container-padding-block-end,unset);padding-block-end:var(--gm3-dialog-container-padding-block-end,unset);display:flex;flex-direction:row;justify-content:space-around;box-sizing:border-box;height:100%;opacity:0;pointer-events:none}.uW2Fw-P5QLlc::after{position:absolute;box-sizing:border-box;width:100%;height:100%;inset-block-start:0;inset-inline-start:0;border:2px solid transparent;border-radius:inherit;content:"";pointer-events:none}@media (forced-colors:active){.uW2Fw-P5QLlc::after{border-color:CanvasText}}.uW2Fw-k2Wrsb{position:relative;box-sizing:border-box;text-align:start;display:flex;flex-shrink:1;margin:0;padding:var(--gm3-dialog-container-title-padding-block-start,24px) 24px var(--gm3-dialog-container-title-padding-block-end,16px)}.uW2Fw-k2Wrsb .uW2Fw-k2Wrsb-fmcmS{display:-webkit-inline-box;overflow:hidden;-webkit-box-orient:vertical;-webkit-line-clamp:2}.uW2Fw-k2Wrsb::before{display:inline-block;width:0;height:0;content:"";vertical-align:0}.uW2Fw-Sx9Kwc-OWXEXe-s2gQvd .uW2Fw-T0kwCb,.uW2Fw-Sx9Kwc-XuHpsb-clz4Ic-yePe5c .uW2Fw-T0kwCb{border-width:var(--gm3-dialog-with-divider-divider-height,1px);border-color:var(--gm3-dialog-with-divider-divider-color,var(--gm3-sys-color-outline-variant,#c4c7c5))}.uW2Fw-Sx9Kwc-OWXEXe-s2gQvd .uW2Fw-T0kwCb{padding-top:12px}.uW2Fw-Sx9Kwc-OWXEXe-s2gQvd .uW2Fw-cnG4Wd{-webkit-padding-after:var(--gm3-dialog-container-content-padding-block-end,8px);padding-block-end:var(--gm3-dialog-container-content-padding-block-end,8px)}.uW2Fw-Sx9Kwc-OWXEXe-s2gQvd .uW2Fw-k2Wrsb+.uW2Fw-cnG4Wd{-webkit-padding-before:var(--gm3-dialog-container-content-padding-block-start,var(--gm3-dialog-container-content-scrollable-padding-block-start,8px));padding-block-start:var(--gm3-dialog-container-content-padding-block-start,var(--gm3-dialog-container-content-scrollable-padding-block-start,8px))}.uW2Fw-Sx9Kwc:not(.uW2Fw-Sx9Kwc-OWXEXe-s2gQvd) :is(.uW2Fw-oclYLd,.uW2Fw-k2Wrsb,.uW2Fw-T0kwCb){border:none}.uW2Fw-cnG4Wd{color:var(--gm3-dialog-supporting-text-color,var(--gm3-sys-color-on-surface-variant,#444746));display:var(--gm3-dialog-content-display,unset);font-family:var(--gm3-dialog-supporting-text-font,"Google Sans",Roboto,Arial,sans-serif);line-height:var(--gm3-dialog-supporting-text-line-height,1.25rem);font-size:var(--gm3-dialog-supporting-text-size,.875rem);letter-spacing:var(--gm3-dialog-supporting-text-tracking,0);font-weight:var(--gm3-dialog-supporting-text-weight,400);-webkit-padding-before:var(--gm3-dialog-container-content-padding-block-start,var(--gm3-dialog-container-content-base-padding-block-start,20px));padding-block-start:var(--gm3-dialog-container-content-padding-block-start,var(--gm3-dialog-container-content-base-padding-block-start,20px));-webkit-padding-end:var(--gm3-dialog-container-content-padding-inline-end,24px);padding-inline-end:var(--gm3-dialog-container-content-padding-inline-end,24px);-webkit-padding-after:var(--gm3-dialog-container-content-padding-block-end,var(--gm3-dialog-container-content-base-padding-block-end,20px));padding-block-end:var(--gm3-dialog-container-content-padding-block-end,var(--gm3-dialog-container-content-base-padding-block-end,20px));-webkit-padding-start:var(--gm3-dialog-container-content-padding-inline-start,24px);padding-inline-start:var(--gm3-dialog-container-content-padding-inline-start,24px);box-sizing:border-box;flex-grow:1;margin:0;overflow:auto;position:relative}.uW2Fw-cnG4Wd>:first-child{margin-top:0}.uW2Fw-cnG4Wd>:last-child{margin-bottom:0}.uW2Fw-T0kwCb{display:flex;position:relative;flex-shrink:0;flex-wrap:wrap;align-items:center;justify-content:flex-end;box-sizing:border-box;min-height:52px;margin:0;padding:0 24px var(--gm3-dialog-container-actions-padding-block-end,20px);gap:8px;border-top:1px solid transparent}@media (forced-colors:active){.uW2Fw-T0kwCb{border-top-color:CanvasText}}.uW2Fw-Sx9Kwc-OWXEXe-eu7FSc .uW2Fw-T0kwCb{flex-direction:column-reverse;align-items:flex-end;gap:0}.uW2Fw-M1klYe:first-child{-webkit-margin-start:0;margin-inline-start:0}.uW2Fw-M1klYe{-webkit-margin-start:8px;margin-inline-start:8px;text-align:start;max-width:100%}.uW2Fw-Sx9Kwc-OWXEXe-eu7FSc .uW2Fw-M1klYe:not(:first-child){margin-top:12px}.uW2Fw-Sx9Kwc-OWXEXe-FNFY6c,.uW2Fw-Sx9Kwc-OWXEXe-uGFO6d,.uW2Fw-Sx9Kwc-OWXEXe-FnSee{display:flex}.uW2Fw-Sx9Kwc-OWXEXe-uGFO6d .uW2Fw-IE5DDf{transition:opacity .15s linear}.uW2Fw-Sx9Kwc-OWXEXe-uGFO6d .uW2Fw-wzTsW{transition:opacity 75ms linear}.uW2Fw-Sx9Kwc-OWXEXe-uGFO6d .uW2Fw-P5QLlc{transition:transform .15s cubic-bezier(0,0,.2,1)}.uW2Fw-Sx9Kwc-OWXEXe-FnSee .uW2Fw-IE5DDf,.uW2Fw-Sx9Kwc-OWXEXe-FnSee .uW2Fw-wzTsW{transition:opacity 75ms linear}.uW2Fw-Sx9Kwc-OWXEXe-RTQbk .uW2Fw-IE5DDf{transition:none;opacity:1}.uW2Fw-Sx9Kwc-OWXEXe-FnSee .uW2Fw-P5QLlc{transform:none}.uW2Fw-Sx9Kwc-OWXEXe-FNFY6c .uW2Fw-IE5DDf,.uW2Fw-Sx9Kwc-OWXEXe-FNFY6c .uW2Fw-wzTsW{opacity:1}.uW2Fw-Sx9Kwc-OWXEXe-FNFY6c .uW2Fw-P5QLlc{transform:none}.uW2Fw-Sx9Kwc-XuHpsb-pGuBYc{overflow:hidden}.uW2Fw-IE5DDf-OWXEXe-L6cTce .uW2Fw-IE5DDf{opacity:0}.uW2Fw-IE5DDf-OWXEXe-uIDLbb{pointer-events:none}.uW2Fw-IE5DDf-OWXEXe-uIDLbb .uW2Fw-IE5DDf{display:none}.uW2Fw-Sx9Kwc:not(.uW2Fw-Sx9Kwc-OWXEXe-di8rgd-bN97Pc-QFlW2) .uW2Fw-cnG4Wd:last-child{-webkit-padding-after:var(--gm3-dialog-container-content-padding-block-end,var(--gm3-dialog-container-content-none-padding-block-end,24px));padding-block-end:var(--gm3-dialog-container-content-padding-block-end,var(--gm3-dialog-container-content-none-padding-block-end,24px))}.uW2Fw-IE5DDf-OWXEXe-uIDLbb .uW2Fw-P5QLlc{overflow:unset;--gm3-elevation-shadow-color:var(--gm3-sys-color-shadow,#000)}.uW2Fw-Sx9Kwc:not(.uW2Fw-Sx9Kwc-OWXEXe-eu7FSc) .uW2Fw-WP8JYd-LQLjdd{margin-right:auto}.uW2Fw-Sx9Kwc-OWXEXe-n2to0e .uW2Fw-k2Wrsb{color:var(--gm3-dialog-headline-color,var(--gm3-sys-color-on-surface,#1f1f1f));font-family:var(--gm3-dialog-headline-font,"Google Sans");line-height:var(--gm3-dialog-headline-line-height,2rem);font-size:var(--gm3-dialog-headline-size,1.5rem);letter-spacing:var(--gm3-dialog-headline-tracking,0);font-weight:var(--gm3-dialog-headline-weight,400)}.uW2Fw-k2Wrsb-Bz112c{color:var(--gm3-dialog-with-icon-icon-color,var(--gm3-sys-color-secondary,#00639b));margin:0 auto var(--gm3-dialog-with-icon-icon-margin,16px)}.uW2Fw-k2Wrsb-Bz112c i,.uW2Fw-k2Wrsb-Bz112c img,.uW2Fw-k2Wrsb-Bz112c svg{inline-size:var(--gm3-dialog-with-icon-icon-width,24px);block-size:var(--gm3-dialog-with-icon-icon-height,24px);font-size:var(--gm3-dialog-with-icon-icon-height,24px);color:inherit}.uW2Fw-k2Wrsb-SfQLQb-Bz112c{flex-direction:column;align-items:center;text-align:center}.uW2Fw-Sx9Kwc-OWXEXe-n2to0e:not(.uW2Fw-Sx9Kwc-OWXEXe-s2gQvd) .uW2Fw-k2Wrsb+.uW2Fw-cnG4Wd{padding-top:var(--gm3-dialog-container-content-padding-block-start,0)}.uW2Fw-Sx9Kwc-OWXEXe-n2to0e .uW2Fw-P5QLlc{border-radius:var(--gm3-dialog-container-shape,28px)}@media (max-width:592px){.uW2Fw-Sx9Kwc-OWXEXe-n2to0e .uW2Fw-P5QLlc{max-width:var(--gm3-dialog-container-max-width,calc(100vw - 32px))}}@media (min-width:592px){.uW2Fw-Sx9Kwc-OWXEXe-n2to0e .uW2Fw-P5QLlc{max-width:var(--gm3-dialog-container-max-width,560px)}}@media (forced-colors:none){.uW2Fw-Sx9Kwc-OWXEXe-n2to0e .uW2Fw-P5QLlc{--gm3-elevation-level:var(--gm3-dialog-container-elevation,3)}}.uW2Fw-Sx9Kwc-OWXEXe-n2to0e.uW2Fw-Sx9Kwc-OWXEXe-s2gQvd .uW2Fw-k2Wrsb{border-bottom:var(--gm3-dialog-with-divider-divider-height,1px) solid var(--gm3-dialog-with-divider-divider-color,var(--gm3-sys-color-outline-variant,#c4c7c5))}.uW2Fw-Sx9Kwc-OWXEXe-n2to0e .uW2Fw-T0kwCb{--gm3-button-text-focus-label-text-color:var(--gm3-dialog-action-focus-label-text-color,var(--gm3-sys-color-primary,#0b57d0));--gm3-button-text-hover-label-text-color:var(--gm3-dialog-action-hover-label-text-color,var(--gm3-sys-color-primary,#0b57d0));--gm3-button-text-hover-state-layer-color:var(--gm3-dialog-action-hover-state-layer-color,var(--gm3-sys-color-primary,#0b57d0));--gm3-button-text-hover-state-layer-opacity:var(--gm3-dialog-action-hover-state-layer-opacity,0.08);--gm3-button-text-label-text-color:var(--gm3-dialog-action-label-text-color,var(--gm3-sys-color-primary,#0b57d0));--gm3-button-text-label-text-font:var(--gm3-dialog-action-label-text-font,"Google Sans",Roboto,Arial,sans-serif);--gm3-button-text-label-text-size:var(--gm3-dialog-action-label-text-size,0.875rem);--gm3-button-text-label-text-tracking:var(--gm3-dialog-action-label-text-tracking,0rem);--gm3-button-text-label-text-weight:var(--gm3-dialog-action-label-text-weight,500);--gm3-button-text-pressed-label-text-color:var(--gm3-dialog-action-pressed-label-text-color,var(--gm3-sys-color-primary,#0b57d0));--gm3-button-text-pressed-state-layer-color:var(--gm3-dialog-action-pressed-state-layer-color,var(--gm3-sys-color-primary,#0b57d0));--gm3-button-text-pressed-state-layer-opacity:var(--gm3-dialog-action-pressed-state-layer-opacity,0.1)}.uW2Fw-Sx9Kwc-OWXEXe-vOE8Lb .uW2Fw-P5QLlc{border-radius:var(--gm3-dialog-container-shape,28px)}@media (max-width:592px){.uW2Fw-Sx9Kwc-OWXEXe-vOE8Lb .uW2Fw-P5QLlc{max-width:var(--gm3-dialog-container-max-width,calc(100vw - 32px))}}@media (min-width:592px){.uW2Fw-Sx9Kwc-OWXEXe-vOE8Lb .uW2Fw-P5QLlc{max-width:var(--gm3-dialog-container-max-width,560px)}}@media (forced-colors:none){.uW2Fw-Sx9Kwc-OWXEXe-vOE8Lb .uW2Fw-P5QLlc{--gm3-elevation-level:var(--gm3-dialog-container-elevation,3)}}.uW2Fw-Sx9Kwc-OWXEXe-vOE8Lb .uW2Fw-k2Wrsb{color:var(--gm3-dialog-headline-color,var(--gm3-sys-color-on-surface,#1f1f1f));font-family:var(--gm3-dialog-headline-font,"Google Sans");line-height:var(--gm3-dialog-headline-line-height,2rem);font-size:var(--gm3-dialog-headline-size,1.5rem);letter-spacing:var(--gm3-dialog-headline-tracking,0);font-weight:var(--gm3-dialog-headline-weight,400)}.uW2Fw-Sx9Kwc-OWXEXe-vOE8Lb .uW2Fw-oclYLd{display:flex}.uW2Fw-Sx9Kwc-OWXEXe-vOE8Lb .uW2Fw-oclYLd .uW2Fw-k2Wrsb{flex-grow:1}.uW2Fw-Sx9Kwc-OWXEXe-vOE8Lb .uW2Fw-oclYLd .uW2Fw-zMU9ub-OWXEXe-suEOdc-sM5MNb{align-self:center}.uW2Fw-Sx9Kwc-OWXEXe-vOE8Lb:not(.uW2Fw-IE5DDf-OWXEXe-uIDLbb) .uW2Fw-P5QLlc{overflow:hidden}.uW2Fw-Sx9Kwc-OWXEXe-vOE8Lb .uW2Fw-oclYLd .uW2Fw-zMU9ub{position:relative;top:4px}.uW2Fw-Sx9Kwc-OWXEXe-vOE8Lb .uW2Fw-oclYLd+.uW2Fw-cnG4Wd{-webkit-padding-before:var(--gm3-dialog-container-content-padding-block-start,0);padding-block-start:var(--gm3-dialog-container-content-padding-block-start,0)}.uW2Fw-Sx9Kwc-OWXEXe-di8rgd-bN97Pc-QFlW2 .uW2Fw-cnG4Wd{-webkit-padding-before:var(--gm3-dialog-container-content-padding-block-start,0);padding-block-start:var(--gm3-dialog-container-content-padding-block-start,0);-webkit-padding-end:var(--gm3-dialog-container-content-padding-inline-end,0);padding-inline-end:var(--gm3-dialog-container-content-padding-inline-end,0);-webkit-padding-after:var(--gm3-dialog-container-content-padding-block-end,0);padding-block-end:var(--gm3-dialog-container-content-padding-block-end,0);-webkit-padding-start:var(--gm3-dialog-container-content-padding-inline-start,0);padding-inline-start:var(--gm3-dialog-container-content-padding-inline-start,0);border-radius:inherit}.uW2Fw-Sx9Kwc-OWXEXe-vOE8Lb .uW2Fw-zMU9ub{right:0;margin-right:12px;top:9px;position:absolute;z-index:1}.uW2Fw-Sx9Kwc-OWXEXe-vOE8Lb .uW2Fw-Sx9Kwc-OWXEXe-s2gQvd .uW2Fw-k2Wrsb{margin-bottom:1px;padding-bottom:15px;border-bottom:var(--gm3-dialog-with-divider-divider-height,1px) solid var(--gm3-dialog-with-divider-divider-color,var(--gm3-sys-color-outline-variant,#c4c7c5))}.uW2Fw-Sx9Kwc-OWXEXe-n9oEIb .uW2Fw-P5QLlc{background-color:var(--gm3-dialog-modal-container-color,var(--gm3-sys-color-surface-container-high,#e9eef6));border-radius:var(--gm3-dialog-modal-container-shape,28px)}@media (forced-colors:none){.uW2Fw-Sx9Kwc-OWXEXe-n9oEIb .uW2Fw-P5QLlc{--gm3-elevation-level:var(--gm3-dialog-modal-container-elevation,3)}}.uW2Fw-Sx9Kwc-OWXEXe-n9oEIb .uW2Fw-oclYLd{position:relative;align-items:flex-start;display:inline-flex;justify-content:space-between;background-color:var(--gm3-dialog-modal-header-container-color,var(--gm3-dialog-modal-container-color,var(--gm3-sys-color-surface-container-high,#e9eef6)))}.uW2Fw-Sx9Kwc-OWXEXe-n9oEIb .uW2Fw-oclYLd+.uW2Fw-cnG4Wd{-webkit-padding-before:var(--gm3-dialog-container-content-padding-block-start,0);padding-block-start:var(--gm3-dialog-container-content-padding-block-start,0)}.uW2Fw-Sx9Kwc-OWXEXe-n9oEIb .uW2Fw-k2Wrsb{color:var(--gm3-dialog-header-headline-color,var(--gm3-sys-color-on-surface,#1f1f1f));font-family:var(--gm3-dialog-header-headline-font,"Google Sans");line-height:var(--gm3-dialog-header-headline-line-height,1.75rem);letter-spacing:var(--gm3-dialog-header-headline-tracking,0);font-weight:var(--gm3-dialog-header-headline-weight,400);font-size:var(--gm3-dialog-header-headline-size,1.375rem)}.uW2Fw-Sx9Kwc-OWXEXe-n9oEIb .uW2Fw-zMU9ub{inset:0;margin-top:18px;-webkit-margin-end:18px;margin-inline-end:18px;--gm3-icon-button-standard-unselected-icon-color:var(--gm3-dialog-header-icon-color,var(--gm3-sys-color-on-surface,#1f1f1f));--gm3-icon-button-standard-unselected-focus-icon-color:var(--gm3-dialog-header-icon-color,var(--gm3-sys-color-on-surface,#1f1f1f));--gm3-icon-button-standard-unselected-hover-icon-color:var(--gm3-dialog-header-icon-color,var(--gm3-sys-color-on-surface,#1f1f1f));--gm3-icon-button-standard-unselected-pressed-icon-color:var(--gm3-dialog-header-icon-color,var(--gm3-sys-color-on-surface,#1f1f1f));--gm3-icon-button-standard-icon-size:var(--gm3-dialog-header-icon-size,24px)}.uW2Fw-Sx9Kwc-OWXEXe-n9oEIb.uW2Fw-Sx9Kwc-OWXEXe-diJVc .uW2Fw-zMU9ub{margin-top:4px;-webkit-margin-end:8px;margin-inline-end:8px}.uW2Fw-Sx9Kwc-OWXEXe-n9oEIb.uW2Fw-Sx9Kwc-OWXEXe-diJVc.uW2Fw-Sx9Kwc-OWXEXe-s2gQvd .uW2Fw-zMU9ub{margin-top:0;margin-bottom:8px}.uW2Fw-Sx9Kwc-OWXEXe-FNFY6c.uW2Fw-P5QLlc-GGAcbc-OWXEXe-TSZdd .uW2Fw-P5QLlc-GGAcbc{opacity:1}.uW2Fw-Sx9Kwc-OWXEXe-FNFY6c.uW2Fw-P5QLlc-GGAcbc-OWXEXe-wJB69c .uW2Fw-P5QLlc-GGAcbc{transition:opacity 75ms linear}.uW2Fw-Sx9Kwc-OWXEXe-FNFY6c.uW2Fw-P5QLlc-GGAcbc-OWXEXe-eo9XGd .uW2Fw-P5QLlc-GGAcbc{transition:opacity .15s linear}.uW2Fw-P5QLlc-GGAcbc{background-color:rgba(0,0,0,.32);display:none;opacity:0;position:absolute;width:100%;height:100%;z-index:1}:is(.uW2Fw-P5QLlc-GGAcbc-OWXEXe-TSZdd,.uW2Fw-P5QLlc-GGAcbc-OWXEXe-eo9XGd,.uW2Fw-P5QLlc-GGAcbc-OWXEXe-wJB69c) .uW2Fw-P5QLlc-GGAcbc{display:block}.uW2Fw-Sx9Kwc-OWXEXe-n9oEIb .uW2Fw-k2Wrsb::before{display:inline-block;width:0;height:0;content:"";vertical-align:0}.uW2Fw-Sx9Kwc-OWXEXe-n9oEIb.uW2Fw-Sx9Kwc-OWXEXe-s2gQvd .uW2Fw-k2Wrsb{margin-bottom:0}.uW2Fw-Sx9Kwc-OWXEXe-n9oEIb.uW2Fw-Sx9Kwc-XuHpsb-clz4Ic-tJHJj .uW2Fw-oclYLd{background-color:var(--gm3-dialog-modal-header-on-scroll-container-color,var(--gm3-sys-color-surface-container-highest,#dde3ea));border-bottom:var(--gm3-dialog-with-divider-divider-height,1px) solid transparent}.uW2Fw-Sx9Kwc-OWXEXe-n9oEIb:not(.uW2Fw-IE5DDf-OWXEXe-uIDLbb) .uW2Fw-P5QLlc{overflow:hidden}@media (max-width:960px){.uW2Fw-Sx9Kwc-OWXEXe-n9oEIb .uW2Fw-P5QLlc{max-height:var(--gm3-dialog-container-max-height,min(560px,100% - 32px));width:var(--gm3-dialog-container-width,560px);height:var(--gm3-dialog-container-height,unset);max-width:var(--gm3-dialog-container-max-width,unset)}.uW2Fw-Sx9Kwc-OWXEXe-n9oEIb .uW2Fw-P5QLlc .uW2Fw-zMU9ub{right:-12px}}@media (max-width:720px){.uW2Fw-Sx9Kwc-OWXEXe-n9oEIb .uW2Fw-P5QLlc{height:var(--gm3-dialog-container-height,unset);width:var(--gm3-dialog-container-width,unset)}}@media (max-width:720px) and (max-width:672px){.uW2Fw-Sx9Kwc-OWXEXe-n9oEIb .uW2Fw-P5QLlc{width:var(--gm3-dialog-container-width,calc(100vw - 112px))}}@media (max-width:720px) and (min-width:672px){.uW2Fw-Sx9Kwc-OWXEXe-n9oEIb .uW2Fw-P5QLlc{width:var(--gm3-dialog-container-width,560px)}}@media (max-width:720px) and (max-height:720px){.uW2Fw-Sx9Kwc-OWXEXe-n9oEIb .uW2Fw-P5QLlc{max-height:var(--gm3-dialog-container-max-height,calc(100vh - 160px))}}@media (max-width:720px) and (min-height:720px){.uW2Fw-Sx9Kwc-OWXEXe-n9oEIb .uW2Fw-P5QLlc{max-height:var(--gm3-dialog-container-max-height,560px)}}@media (max-width:720px){.uW2Fw-Sx9Kwc-OWXEXe-n9oEIb .uW2Fw-zMU9ub{right:-12px}}@media (min-width:960px){.uW2Fw-Sx9Kwc-OWXEXe-n9oEIb .uW2Fw-P5QLlc{width:var(--gm3-dialog-container-width,calc(100vw - 400px));height:var(--gm3-dialog-container-height,unset);max-height:var(--gm3-dialog-container-max-height,calc(100% - 32px));max-width:var(--gm3-dialog-container-max-width,unset)}.uW2Fw-Sx9Kwc-OWXEXe-n9oEIb .uW2Fw-zMU9ub{right:-12px}}@media (max-height:400px),(max-width:600px){.uW2Fw-Sx9Kwc-OWXEXe-n9oEIb .uW2Fw-P5QLlc{height:var(--gm3-dialog-container-height,100%);max-height:var(--gm3-dialog-container-max-height,100vh);max-width:var(--gm3-dialog-container-max-width,100vw);width:var(--gm3-dialog-container-width,100vw);border-radius:var(--gm3-dialog-container-shape,0);background-color:var(--gm3-dialog-container-color,var(--gm3-sys-color-surface,#fff));--gm3-elevation-level:var(--gm3-dialog-container-elevation,0)}.uW2Fw-Sx9Kwc-OWXEXe-n9oEIb .uW2Fw-zMU9ub-OWXEXe-suEOdc-sM5MNb{order:-1}.uW2Fw-Sx9Kwc-OWXEXe-n9oEIb .uW2Fw-zMU9ub{order:-1;left:0;margin:0 4px 0 8px;right:0;top:0}.uW2Fw-Sx9Kwc-OWXEXe-n9oEIb .uW2Fw-oclYLd{align-items:flex-start;justify-content:flex-start;flex:none;padding:8px 0 0;min-height:calc(var(--gm3-dialog-header-container-height, 56px) - 8px);background-color:var(--gm3-dialog-header-container-color,var(--gm3-sys-color-surface,#fff))}.uW2Fw-Sx9Kwc-OWXEXe-n9oEIb.uW2Fw-Sx9Kwc-XuHpsb-clz4Ic-tJHJj .uW2Fw-oclYLd{background-color:var(--gm3-dialog-header-on-scroll-container-color,var(--gm3-sys-color-surface-container,#f0f4f9))}.uW2Fw-Sx9Kwc-OWXEXe-n9oEIb .uW2Fw-k2Wrsb{display:flex;height:fit-content;margin-left:0;padding:6px 0 0}.uW2Fw-Sx9Kwc-OWXEXe-n9oEIb .uW2Fw-P5QLlc .uW2Fw-cnG4Wd{-webkit-padding-before:var(--gm3-dialog-container-content-padding-block-start,var(--gm3-dialog-container-content-surface-padding-block-start,12px));padding-block-start:var(--gm3-dialog-container-content-padding-block-start,var(--gm3-dialog-container-content-surface-padding-block-start,12px));-webkit-padding-end:var(--gm3-dialog-container-content-padding-inline-end,24px);padding-inline-end:var(--gm3-dialog-container-content-padding-inline-end,24px);-webkit-padding-after:var(--gm3-dialog-container-content-padding-block-end,0);padding-block-end:var(--gm3-dialog-container-content-padding-block-end,0);-webkit-padding-start:var(--gm3-dialog-container-content-padding-inline-start,24px);padding-inline-start:var(--gm3-dialog-container-content-padding-inline-start,24px)}.uW2Fw-Sx9Kwc-OWXEXe-n9oEIb .uW2Fw-oclYLd-OWXEXe-diJVc .uW2Fw-zMU9ub-OWXEXe-suEOdc-sM5MNb{top:0;align-self:center}}.pYTkkf-Bz112c-LgbsSe{align-items:center;-webkit-appearance:none;appearance:none;background:transparent;border:none;box-sizing:border-box;cursor:pointer;display:inline-flex;fill:currentColor;justify-content:center;line-height:inherit;outline:none;position:relative;text-rendering:inherit;user-select:none;block-size:var(--gm3-icon-button-standard-container-height,40px);inline-size:var(--gm3-icon-button-standard-container-width,40px);padding-block:calc((var(--gm3-icon-button-standard-container-height, 40px) - var(--gm3-icon-button-standard-icon-size, 24px))/2);padding-inline:calc((var(--gm3-icon-button-standard-container-width, 40px) - var(--gm3-icon-button-standard-icon-size, 24px))/2);border-start-start-radius:min(var(--gm3-icon-button-standard-container-shape-start-start,9999px),var(--gm3-icon-button-standard-container-height,40px)/2);border-end-end-radius:min(var(--gm3-icon-button-standard-container-shape-end-end,9999px),var(--gm3-icon-button-standard-container-height,40px)/2);border-start-end-radius:min(var(--gm3-icon-button-standard-container-shape-start-end,9999px),var(--gm3-icon-button-standard-container-height,40px)/2);border-end-start-radius:min(var(--gm3-icon-button-standard-container-shape-end-start,9999px),var(--gm3-icon-button-standard-container-height,40px)/2);transition:border-radius .35s cubic-bezier(.27,1.06,.18,1);--gm3-focus-ring-outward-color:var(--gm3-icon-button-standard-focus-indicator-color,var(--gm3-sys-color-secondary,#00639b));--gm3-focus-ring-outward-offset:var(--gm3-icon-button-standard-focus-indicator-outline-offset,2px);--gm3-focus-ring-outward-track-width:var(--gm3-icon-button-standard-focus-indicator-thickness,3px);--gm3-focus-ring-outward-target-shape-start-start:min(var(--gm3-icon-button-standard-container-shape-start-start,9999px),var(--gm3-icon-button-standard-container-height,40px)/2);--gm3-focus-ring-outward-target-shape-end-end:min(var(--gm3-icon-button-standard-container-shape-end-end,9999px),var(--gm3-icon-button-standard-container-height,40px)/2);--gm3-focus-ring-outward-target-shape-start-end:min(var(--gm3-icon-button-standard-container-shape-start-end,9999px),var(--gm3-icon-button-standard-container-height,40px)/2);--gm3-focus-ring-outward-target-shape-end-start:min(var(--gm3-icon-button-standard-container-shape-end-start,9999px),var(--gm3-icon-button-standard-container-height,40px)/2)}.pYTkkf-Bz112c-LgbsSe::before{border-radius:inherit;border:1px solid transparent;box-sizing:border-box;content:"";inset:0;pointer-events:none;position:absolute;z-index:1}.pYTkkf-Bz112c-LgbsSe i,.pYTkkf-Bz112c-LgbsSe svg,.pYTkkf-Bz112c-LgbsSe img{block-size:var(--gm3-icon-button-standard-icon-size,24px);font-size:var(--gm3-icon-button-standard-icon-size,24px);inline-size:var(--gm3-icon-button-standard-icon-size,24px)}.pYTkkf-Bz112c-kBDsod-Rtc0Jf.pYTkkf-Bz112c-kBDsod-Rtc0Jf{block-size:var(--gm3-icon-button-standard-icon-size,24px);display:inline-block;inline-size:var(--gm3-icon-button-standard-icon-size,24px);line-height:0;z-index:1}.pYTkkf-Bz112c-kBDsod-Rtc0Jf-OWXEXe-Xhs9z{opacity:1;position:absolute;transition-duration:50ms;transition-property:opacity}.pYTkkf-Bz112c-kBDsod-Rtc0Jf.pYTkkf-Bz112c-kBDsod-Rtc0Jf-OWXEXe-IT5dJd,.pYTkkf-Bz112c-LgbsSe-OWXEXe-IT5dJd .pYTkkf-Bz112c-kBDsod-Rtc0Jf{opacity:0}.pYTkkf-Bz112c-LgbsSe-OWXEXe-IT5dJd .pYTkkf-Bz112c-kBDsod-Rtc0Jf-OWXEXe-IT5dJd{display:inline-block;opacity:1;transition-duration:50ms;transition-property:opacity}.pYTkkf-Bz112c-LgbsSe:focus-visible,.pYTkkf-Bz112c-LgbsSe .pYTkkf-Bz112c-mRLv6:focus-visible~.pYTkkf-Bz112c-UHGRz{--gm3-focus-ring-outward-display:block}.pYTkkf-Bz112c-LgbsSe[hidden]{display:none}[dir=rtl] .pYTkkf-Bz112c-LgbsSe-OWXEXe-drxrmf-Bz112c-bEDTcc-SIsrTd,.pYTkkf-Bz112c-LgbsSe-OWXEXe-drxrmf-Bz112c-bEDTcc-SIsrTd[dir=rtl]{transform:scaleX(-1)}.pYTkkf-Bz112c-mRLv6{block-size:100%;inline-size:100%;left:0;outline:none;position:absolute;top:0}.pYTkkf-Bz112c-RLmnJb{block-size:var(--gm3-icon-button-standard-touch-target-size,48px);inline-size:var(--gm3-icon-button-standard-touch-target-size,48px);left:auto;position:absolute;top:50%;transform:translateY(-50%);z-index:1}.pYTkkf-Bz112c-LgbsSe-OWXEXe-IT5dJd{border-start-start-radius:min(var(--gm3-icon-button-standard-selected-container-shape-start-start,9999px),var(--gm3-icon-button-standard-container-height,40px)/2);border-end-end-radius:min(var(--gm3-icon-button-standard-selected-container-shape-end-end,9999px),var(--gm3-icon-button-standard-container-height,40px)/2);border-start-end-radius:min(var(--gm3-icon-button-standard-selected-container-shape-start-end,9999px),var(--gm3-icon-button-standard-container-height,40px)/2);border-end-start-radius:min(var(--gm3-icon-button-standard-selected-container-shape-end-start,9999px),var(--gm3-icon-button-standard-container-height,40px)/2);--gm3-focus-ring-outward-target-shape-start-start:min(var(--gm3-icon-button-standard-selected-container-shape-start-start,9999px),var(--gm3-icon-button-standard-container-height,40px)/2);--gm3-focus-ring-outward-target-shape-end-end:min(var(--gm3-icon-button-standard-selected-container-shape-end-end,9999px),var(--gm3-icon-button-standard-container-height,40px)/2);--gm3-focus-ring-outward-target-shape-start-end:min(var(--gm3-icon-button-standard-selected-container-shape-start-end,9999px),var(--gm3-icon-button-standard-container-height,40px)/2);--gm3-focus-ring-outward-target-shape-end-start:min(var(--gm3-icon-button-standard-selected-container-shape-end-start,9999px),var(--gm3-icon-button-standard-container-height,40px)/2)}@media not (prefers-reduced-motion){.pYTkkf-Bz112c-LgbsSe:active,.pYTkkf-Bz112c-LgbsSe-OWXEXe-IT5dJd:active{border-start-start-radius:min(var(--gm3-icon-button-standard-pressed-container-shape-start-start,9999px),var(--gm3-icon-button-standard-container-height,40px)/2);border-end-end-radius:min(var(--gm3-icon-button-standard-pressed-container-shape-end-end,9999px),var(--gm3-icon-button-standard-container-height,40px)/2);border-start-end-radius:min(var(--gm3-icon-button-standard-pressed-container-shape-start-end,9999px),var(--gm3-icon-button-standard-container-height,40px)/2);border-end-start-radius:min(var(--gm3-icon-button-standard-pressed-container-shape-end-start,9999px),var(--gm3-icon-button-standard-container-height,40px)/2);--gm3-focus-ring-outward-target-shape-start-start:min(var(--gm3-icon-button-standard-pressed-container-shape-start-start,9999px),var(--gm3-icon-button-standard-container-height,40px)/2);--gm3-focus-ring-outward-target-shape-end-end:min(var(--gm3-icon-button-standard-pressed-container-shape-end-end,9999px),var(--gm3-icon-button-standard-container-height,40px)/2);--gm3-focus-ring-outward-target-shape-start-end:min(var(--gm3-icon-button-standard-pressed-container-shape-start-end,9999px),var(--gm3-icon-button-standard-container-height,40px)/2);--gm3-focus-ring-outward-target-shape-end-start:min(var(--gm3-icon-button-standard-pressed-container-shape-end-start,9999px),var(--gm3-icon-button-standard-container-height,40px)/2)}}.pYTkkf-Bz112c-LgbsSe:disabled{--gm3-ripple-hover-opacity:0;--gm3-ripple-pressed-opacity:0;cursor:default;pointer-events:none}.pYTkkf-Bz112c-LgbsSe-OWXEXe-SfQLQb-suEOdc:disabled{pointer-events:auto}.pYTkkf-Bz112c-LgbsSe{color:var(--gm3-icon-button-standard-unselected-icon-color,var(--gm3-sys-color-on-surface-variant,#444746));will-change:transform,opacity;--gm3-ripple-hover-color:var(--gm3-icon-button-standard-unselected-hover-state-layer-color,var(--gm3-sys-color-on-surface-variant,#444746));--gm3-ripple-hover-opacity:var(--gm3-icon-button-standard-unselected-hover-state-layer-opacity,0.08);--gm3-ripple-pressed-color:var(--gm3-icon-button-standard-unselected-pressed-state-layer-color,var(--gm3-sys-color-on-surface-variant,#444746));--gm3-ripple-pressed-opacity:var(--gm3-icon-button-standard-unselected-pressed-state-layer-opacity,0.1)}.pYTkkf-Bz112c-LgbsSe-OWXEXe-IT5dJd{color:var(--gm3-icon-button-standard-selected-icon-color,var(--gm3-sys-color-primary,#0b57d0));--gm3-ripple-hover-color:var(--gm3-icon-button-standard-selected-hover-state-layer-color,var(--gm3-sys-color-primary,#0b57d0));--gm3-ripple-hover-opacity:var(--gm3-icon-button-standard-selected-hover-state-layer-opacity,0.08);--gm3-ripple-pressed-color:var(--gm3-icon-button-standard-selected-pressed-state-layer-color,var(--gm3-sys-color-primary,#0b57d0));--gm3-ripple-pressed-opacity:var(--gm3-icon-button-standard-selected-pressed-state-layer-opacity,0.1)}.pYTkkf-Bz112c-LgbsSe:hover{color:var(--gm3-icon-button-standard-unselected-hover-icon-color,var(--gm3-sys-color-on-surface-variant,#444746))}.pYTkkf-Bz112c-LgbsSe:focus{color:var(--gm3-icon-button-standard-unselected-focus-icon-color,var(--gm3-sys-color-on-surface-variant,#444746))}.pYTkkf-Bz112c-LgbsSe:active{color:var(--gm3-icon-button-standard-unselected-pressed-icon-color,var(--gm3-sys-color-on-surface-variant,#444746))}.pYTkkf-Bz112c-LgbsSe-OWXEXe-IT5dJd:hover{color:var(--gm3-icon-button-standard-selected-hover-icon-color,var(--gm3-sys-color-primary,#0b57d0))}.pYTkkf-Bz112c-LgbsSe-OWXEXe-IT5dJd:focus{color:var(--gm3-icon-button-standard-selected-focus-icon-color,var(--gm3-sys-color-primary,#0b57d0))}.pYTkkf-Bz112c-LgbsSe-OWXEXe-IT5dJd:active{color:var(--gm3-icon-button-standard-selected-pressed-icon-color,var(--gm3-sys-color-primary,#0b57d0))}.pYTkkf-Bz112c-LgbsSe:disabled{color:var(--gm3-icon-button-standard-disabled-icon-color,rgba(var(--gm3-sys-color-on-surface-rgb,31,31,31),.38))}.ne2Ple-suEOdc{position:fixed;display:none;z-index:var(--gm3-tooltip-plain-z-index,2101)}.ne2Ple-z59Tgd{box-sizing:border-box;min-block-size:24px;min-inline-size:40px;overflow-wrap:anywhere;overflow:hidden;padding-block:4px;padding-inline:8px;word-break:normal;max-block-size:var(--gm3-tooltip-plain-container-max-block-size,40vh)}.ne2Ple-z59Tgd::before{position:absolute;box-sizing:border-box;inline-size:100%;block-size:100%;inset-block-start:0;inset-inline-start:0;border:1px solid transparent;border-radius:inherit;content:"";pointer-events:none}.ne2Ple-suEOdc-OWXEXe-TSZdd,.ne2Ple-suEOdc-OWXEXe-eo9XGd,.ne2Ple-suEOdc-OWXEXe-ZYIfFd{display:inline-flex}.ne2Ple-z59Tgd-OiiCO{opacity:0;transform:scale(.8);will-change:transform,opacity}.ne2Ple-suEOdc-OWXEXe-TSZdd .ne2Ple-z59Tgd-OiiCO{opacity:1;transform:scale(1)}.ne2Ple-suEOdc-OWXEXe-ZYIfFd .ne2Ple-z59Tgd-OiiCO{transform:scale(1)}.ne2Ple-suEOdc-OWXEXe-eo9XGd-RCfa3e .ne2Ple-z59Tgd-OiiCO{transition:opacity .15s 0ms cubic-bezier(0,0,.2,1),transform .15s 0ms cubic-bezier(0,0,.2,1)}.ne2Ple-suEOdc-OWXEXe-ZYIfFd-RCfa3e .ne2Ple-z59Tgd-OiiCO{transition:opacity 75ms 0ms cubic-bezier(.4,0,1,1)}.ne2Ple-suEOdc-OWXEXe-pijamc .ne2Ple-z59Tgd{max-inline-size:200px;background-color:var(--gm3-tooltip-plain-container-color,var(--gm3-sys-color-inverse-surface,#303030));border-radius:var(--gm3-tooltip-plain-container-shape,4px);color:var(--gm3-tooltip-plain-supporting-text-color,var(--gm3-sys-color-inverse-on-surface,#f2f2f2));font-family:var(--gm3-tooltip-plain-supporting-text-font,"Google Sans Flex","Google Sans Text","Google Sans",Roboto,Arial,sans-serif);font-size:var(--gm3-tooltip-plain-supporting-text-size,.75rem);font-weight:var(--gm3-tooltip-plain-supporting-text-weight,400);letter-spacing:var(--gm3-tooltip-plain-supporting-text-tracking,.00625rem);line-height:var(--gm3-tooltip-plain-supporting-text-line-height,1rem);text-align:center;font-variation-settings:var(--gm3-tooltip-plain-supporting-text-font-variation-settings,initial)}.ne2Ple-suEOdc-OWXEXe-LlMNQd .ne2Ple-z59Tgd{text-align:start}.ne2Ple-oshW8e-V67aGc{position:absolute;left:-10000px;top:auto;inline-size:1px;height:1px;overflow:hidden;user-select:none}.TyDcZc,.jC5pMd{padding-bottom:3px;padding-top:9px}.jC5pMd{margin:0}.TyDcZc:empty,.jC5pMd:empty{display:none}.tB5Jxf-xl07Ob-XxIAqe{display:none;position:absolute;box-sizing:border-box;margin:0;padding:0;border-radius:4px;transform:scale(1);transform-origin:top left;opacity:0;will-change:transform,opacity;transition:opacity .03s linear,transform .12s cubic-bezier(0,0,.2,1),height .25s cubic-bezier(0,0,.2,1);z-index:8;max-width:calc(100vw - 32px);max-height:calc(100vw - 32px);background-color:var(--gm3-menu-surface-container-color,var(--gm3-sys-color-surface-container,#f0f4f9));color:#000;--gm3-elevation-level:var(--gm3-menu-surface-container-elevation,2);--gm3-elevation-shadow-color:var(--gm3-menu-surface-container-shadow-color,var(--gm3-sys-color-shadow,#000))}[dir=rtl] .tB5Jxf-xl07Ob-XxIAqe,.tB5Jxf-xl07Ob-XxIAqe[dir=rtl]{transform-origin:top right}.tB5Jxf-xl07Ob-XxIAqe-OWXEXe-Vkfede-QBLLGd{width:100%}.tB5Jxf-xl07Ob-S5Cmsd{overflow:auto;max-height:inherit;border-radius:inherit}.tB5Jxf-xl07Ob-XxIAqe:focus{outline:none}.tB5Jxf-xl07Ob-XxIAqe-OWXEXe-oT9UPb-FNFY6c{display:inline-block;transform:scale(.8);opacity:0}.tB5Jxf-xl07Ob-XxIAqe-OWXEXe-FNFY6c{display:inline-block;transform:scale(1);opacity:1}.tB5Jxf-xl07Ob-XxIAqe-OWXEXe-oT9UPb-xTMeO{display:inline-block;opacity:0;transition:opacity 75ms linear}.tB5Jxf-xl07Ob-XxIAqe-OWXEXe-oYxtQd{position:relative;overflow:visible}.tB5Jxf-xl07Ob-XxIAqe-OWXEXe-qbOKL{position:fixed}.tB5Jxf-xl07Ob-XxIAqe-OWXEXe-uxVfW-FNFY6c-uFfGwd{border-start-start-radius:0;border-start-end-radius:0}.dMNVAe,.FSdAW{padding-bottom:3px;padding-top:9px}.FSdAW{margin:0}.dMNVAe:empty,.FSdAW:empty{display:none}.VfPpkd-NLUYnc-V67aGc{position:absolute;left:0;transform-origin:left top;line-height:1.15rem;text-align:left;text-overflow:ellipsis;white-space:nowrap;cursor:text;overflow:hidden;will-change:transform}[dir=rtl] .VfPpkd-NLUYnc-V67aGc,.VfPpkd-NLUYnc-V67aGc[dir=rtl]{right:0;left:auto;transform-origin:right top;text-align:right}.VfPpkd-NLUYnc-V67aGc-OWXEXe-TATcMc-KLRBe{cursor:auto}.VfPpkd-NLUYnc-V67aGc-OWXEXe-ztc6md:not(.VfPpkd-NLUYnc-V67aGc-OWXEXe-ZYIfFd-ztc6md-vXpfLb)::after{margin-left:1px;margin-right:0;content:"*"}[dir=rtl] .VfPpkd-NLUYnc-V67aGc-OWXEXe-ztc6md:not(.VfPpkd-NLUYnc-V67aGc-OWXEXe-ZYIfFd-ztc6md-vXpfLb)::after,.VfPpkd-NLUYnc-V67aGc-OWXEXe-ztc6md:not(.VfPpkd-NLUYnc-V67aGc-OWXEXe-ZYIfFd-ztc6md-vXpfLb)[dir=rtl]::after{margin-left:0;margin-right:1px}.VfPpkd-NLUYnc-V67aGc{-moz-osx-font-smoothing:grayscale;-webkit-font-smoothing:antialiased;font-family:Roboto,sans-serif;font-family:var(--mdc-typography-subtitle1-font-family,var(--mdc-typography-font-family,Roboto,sans-serif));font-size:1rem;font-size:var(--mdc-typography-subtitle1-font-size,1rem);font-weight:400;font-weight:var(--mdc-typography-subtitle1-font-weight,400);letter-spacing:.009375em;letter-spacing:var(--mdc-typography-subtitle1-letter-spacing,.009375em);text-decoration:inherit;-webkit-text-decoration:var(--mdc-typography-subtitle1-text-decoration,inherit);text-decoration:var(--mdc-typography-subtitle1-text-decoration,inherit);text-transform:inherit;text-transform:var(--mdc-typography-subtitle1-text-transform,inherit);transition:transform .15s cubic-bezier(.4,0,.2,1),color .15s cubic-bezier(.4,0,.2,1)}.VfPpkd-NLUYnc-V67aGc-OWXEXe-TATcMc-KLRBe{transform:translateY(-106%) scale(.75)}.VfPpkd-NLUYnc-V67aGc-OWXEXe-bF1zU{animation:mdc-floating-label-shake-float-above-standard .25s 1}@keyframes mdc-floating-label-shake-float-above-standard{0%{transform:translateX(0) translateY(-106%) scale(.75)}33%{animation-timing-function:cubic-bezier(.5,0,.701732,.495819);transform:translateX(4%) translateY(-106%) scale(.75)}66%{animation-timing-function:cubic-bezier(.302435,.381352,.55,.956352);transform:translateX(-4%) translateY(-106%) scale(.75)}100%{transform:translateX(0) translateY(-106%) scale(.75)}}.VfPpkd-RWgCYc-ksKsZd::before,.VfPpkd-RWgCYc-ksKsZd::after{position:absolute;bottom:0;left:0;width:100%;border-bottom-style:solid;content:""}.VfPpkd-RWgCYc-ksKsZd::before{z-index:1}.VfPpkd-RWgCYc-ksKsZd::after{transform:scaleX(0);opacity:0;z-index:2}.VfPpkd-RWgCYc-ksKsZd-OWXEXe-auswjd::after{transform:scaleX(1);opacity:1}.VfPpkd-RWgCYc-ksKsZd-OWXEXe-JD038d::after{opacity:0}.VfPpkd-RWgCYc-ksKsZd::before{border-bottom-width:1px}.VfPpkd-RWgCYc-ksKsZd::after{border-bottom-width:2px}.VfPpkd-RWgCYc-ksKsZd::after{transition:transform .18s cubic-bezier(.4,0,.2,1),opacity .18s cubic-bezier(.4,0,.2,1)}.VfPpkd-NSFCdd-i5vt6e{display:flex;position:absolute;top:0;right:0;left:0;box-sizing:border-box;width:100%;max-width:100%;height:100%;text-align:left;pointer-events:none}[dir=rtl] .VfPpkd-NSFCdd-i5vt6e,.VfPpkd-NSFCdd-i5vt6e[dir=rtl]{text-align:right}.VfPpkd-NSFCdd-Brv4Fb,.VfPpkd-NSFCdd-Ra9xwd,.VfPpkd-NSFCdd-MpmGFe{box-sizing:border-box;height:100%;pointer-events:none}.VfPpkd-NSFCdd-MpmGFe{flex-grow:1}.VfPpkd-NSFCdd-Ra9xwd{flex:0 0 auto;width:auto}.VfPpkd-NSFCdd-i5vt6e .VfPpkd-NLUYnc-V67aGc{display:inline-block;position:relative;max-width:100%}.VfPpkd-NSFCdd-i5vt6e .VfPpkd-NLUYnc-V67aGc-OWXEXe-TATcMc-KLRBe{text-overflow:clip}.VfPpkd-NSFCdd-i5vt6e-OWXEXe-mWPk3d .VfPpkd-NLUYnc-V67aGc-OWXEXe-TATcMc-KLRBe{max-width:133.3333333333%}.VfPpkd-NSFCdd-i5vt6e-OWXEXe-NSFCdd .VfPpkd-NSFCdd-Ra9xwd{padding-left:0;padding-right:8px;border-top:none}[dir=rtl] .VfPpkd-NSFCdd-i5vt6e-OWXEXe-NSFCdd .VfPpkd-NSFCdd-Ra9xwd,.VfPpkd-NSFCdd-i5vt6e-OWXEXe-NSFCdd .VfPpkd-NSFCdd-Ra9xwd[dir=rtl]{padding-left:8px;padding-right:0}.VfPpkd-NSFCdd-i5vt6e-OWXEXe-di8rgd-V67aGc .VfPpkd-NSFCdd-Ra9xwd{display:none}.VfPpkd-NSFCdd-Brv4Fb,.VfPpkd-NSFCdd-Ra9xwd,.VfPpkd-NSFCdd-MpmGFe{border-top:1px solid;border-bottom:1px solid}.VfPpkd-NSFCdd-Brv4Fb{border-left:1px solid;border-right:none;width:12px}[dir=rtl] .VfPpkd-NSFCdd-Brv4Fb,.VfPpkd-NSFCdd-Brv4Fb[dir=rtl]{border-left:none;border-right:1px solid}.VfPpkd-NSFCdd-MpmGFe{border-left:none;border-right:1px solid}[dir=rtl] .VfPpkd-NSFCdd-MpmGFe,.VfPpkd-NSFCdd-MpmGFe[dir=rtl]{border-left:1px solid;border-right:none}.VfPpkd-NSFCdd-Ra9xwd{max-width:calc(100% - 24px)}.VfPpkd-I9GLp-yrriRe{display:inline-flex;align-items:center;vertical-align:middle}.VfPpkd-I9GLp-yrriRe[hidden]{display:none}.VfPpkd-I9GLp-yrriRe>label{margin-left:0;margin-right:auto;padding-left:4px;padding-right:0;order:0}[dir=rtl] .VfPpkd-I9GLp-yrriRe>label,.VfPpkd-I9GLp-yrriRe>label[dir=rtl]{margin-left:auto;margin-right:0}[dir=rtl] .VfPpkd-I9GLp-yrriRe>label,.VfPpkd-I9GLp-yrriRe>label[dir=rtl]{padding-left:0;padding-right:4px}.VfPpkd-I9GLp-yrriRe-OWXEXe-WrakWd>label{text-overflow:ellipsis;overflow:hidden;white-space:nowrap}.VfPpkd-I9GLp-yrriRe-OWXEXe-fW01td-CpWD9d>label{margin-left:auto;margin-right:0;padding-left:0;padding-right:4px;order:-1}[dir=rtl] .VfPpkd-I9GLp-yrriRe-OWXEXe-fW01td-CpWD9d>label,.VfPpkd-I9GLp-yrriRe-OWXEXe-fW01td-CpWD9d>label[dir=rtl]{margin-left:0;margin-right:auto}[dir=rtl] .VfPpkd-I9GLp-yrriRe-OWXEXe-fW01td-CpWD9d>label,.VfPpkd-I9GLp-yrriRe-OWXEXe-fW01td-CpWD9d>label[dir=rtl]{padding-left:4px;padding-right:0}.VfPpkd-I9GLp-yrriRe-OWXEXe-fozPsf-t6UvL{justify-content:space-between}.VfPpkd-I9GLp-yrriRe-OWXEXe-fozPsf-t6UvL>label{margin:0}[dir=rtl] .VfPpkd-I9GLp-yrriRe-OWXEXe-fozPsf-t6UvL>label,.VfPpkd-I9GLp-yrriRe-OWXEXe-fozPsf-t6UvL>label[dir=rtl]{margin:0}.VfPpkd-I9GLp-yrriRe{font-family:Roboto,sans-serif;font-family:var(--mdc-form-field-label-text-font,Roboto,sans-serif);line-height:1.25rem;line-height:var(--mdc-form-field-label-text-line-height,1.25rem);font-size:.875rem;font-size:var(--mdc-form-field-label-text-size,.875rem);font-weight:400;font-weight:var(--mdc-form-field-label-text-weight,400);letter-spacing:.0178571429em;letter-spacing:var(--mdc-form-field-label-text-tracking,.0178571429em);color:rgba(0,0,0,.87);color:var(--mdc-form-field-label-text-color,var(--mdc-theme-text-primary-on-background,rgba(0,0,0,.87)))}.MlG5Jc{font-family:Roboto,Arial,sans-serif;line-height:1.25rem;font-size:.875rem;letter-spacing:.0142857143em;font-weight:400}.MlG5Jc gm-checkbox[disabled]~.VfPpkd-V67aGc,.MlG5Jc gm-radio[disabled]~.VfPpkd-V67aGc,.MlG5Jc .VfPpkd-MPu53c-OWXEXe-OWB6Me~.VfPpkd-V67aGc,.MlG5Jc .VfPpkd-GCYh9b-OWXEXe-OWB6Me~.VfPpkd-V67aGc{color:rgb(95,99,104)}.VfPpkd-MPu53c{padding:11px;padding:calc((var(--mdc-checkbox-ripple-size, 40px) - 18px)/2);margin:0;margin:calc((var(--mdc-checkbox-touch-target-size, 40px) - 40px)/2)}.VfPpkd-MPu53c .VfPpkd-OYHm6b::before,.VfPpkd-MPu53c .VfPpkd-OYHm6b::after{background-color:#000;background-color:var(--mdc-ripple-color,#000)}.VfPpkd-MPu53c:hover .VfPpkd-OYHm6b::before,.VfPpkd-MPu53c.VfPpkd-ksKsZd-XxIAqe-OWXEXe-ZmdkE .VfPpkd-OYHm6b::before{opacity:.04;opacity:var(--mdc-ripple-hover-opacity,.04)}.VfPpkd-MPu53c.VfPpkd-ksKsZd-mWPk3d-OWXEXe-AHe6Kc-XpnDCe .VfPpkd-OYHm6b::before,.VfPpkd-MPu53c:not(.VfPpkd-ksKsZd-mWPk3d):focus .VfPpkd-OYHm6b::before{transition-duration:75ms;opacity:.12;opacity:var(--mdc-ripple-focus-opacity,.12)}.VfPpkd-MPu53c:not(.VfPpkd-ksKsZd-mWPk3d) .VfPpkd-OYHm6b::after{transition:opacity .15s linear}.VfPpkd-MPu53c:not(.VfPpkd-ksKsZd-mWPk3d):active .VfPpkd-OYHm6b::after{transition-duration:75ms;opacity:.12;opacity:var(--mdc-ripple-press-opacity,.12)}.VfPpkd-MPu53c.VfPpkd-ksKsZd-mWPk3d{--mdc-ripple-fg-opacity:var(--mdc-ripple-press-opacity,0.12)}.VfPpkd-MPu53c.VfPpkd-MPu53c-OWXEXe-gk6SMd .VfPpkd-OYHm6b::before,.VfPpkd-MPu53c.VfPpkd-MPu53c-OWXEXe-gk6SMd .VfPpkd-OYHm6b::after{background-color:#018786;background-color:var(--mdc-ripple-color,var(--mdc-theme-secondary,#018786))}.VfPpkd-MPu53c.VfPpkd-MPu53c-OWXEXe-gk6SMd:hover .VfPpkd-OYHm6b::before,.VfPpkd-MPu53c.VfPpkd-MPu53c-OWXEXe-gk6SMd.VfPpkd-ksKsZd-XxIAqe-OWXEXe-ZmdkE .VfPpkd-OYHm6b::before{opacity:.04;opacity:var(--mdc-ripple-hover-opacity,.04)}.VfPpkd-MPu53c.VfPpkd-MPu53c-OWXEXe-gk6SMd.VfPpkd-ksKsZd-mWPk3d-OWXEXe-AHe6Kc-XpnDCe .VfPpkd-OYHm6b::before,.VfPpkd-MPu53c.VfPpkd-MPu53c-OWXEXe-gk6SMd:not(.VfPpkd-ksKsZd-mWPk3d):focus .VfPpkd-OYHm6b::before{transition-duration:75ms;opacity:.12;opacity:var(--mdc-ripple-focus-opacity,.12)}.VfPpkd-MPu53c.VfPpkd-MPu53c-OWXEXe-gk6SMd:not(.VfPpkd-ksKsZd-mWPk3d) .VfPpkd-OYHm6b::after{transition:opacity .15s linear}.VfPpkd-MPu53c.VfPpkd-MPu53c-OWXEXe-gk6SMd:not(.VfPpkd-ksKsZd-mWPk3d):active .VfPpkd-OYHm6b::after{transition-duration:75ms;opacity:.12;opacity:var(--mdc-ripple-press-opacity,.12)}.VfPpkd-MPu53c.VfPpkd-MPu53c-OWXEXe-gk6SMd.VfPpkd-ksKsZd-mWPk3d{--mdc-ripple-fg-opacity:var(--mdc-ripple-press-opacity,0.12)}.VfPpkd-MPu53c.VfPpkd-ksKsZd-mWPk3d-OWXEXe-AHe6Kc-XpnDCe.VfPpkd-MPu53c-OWXEXe-gk6SMd .VfPpkd-OYHm6b::before,.VfPpkd-MPu53c.VfPpkd-ksKsZd-mWPk3d-OWXEXe-AHe6Kc-XpnDCe.VfPpkd-MPu53c-OWXEXe-gk6SMd .VfPpkd-OYHm6b::after{background-color:#018786;background-color:var(--mdc-ripple-color,var(--mdc-theme-secondary,#018786))}.VfPpkd-MPu53c .VfPpkd-YQoJzd{top:11px;top:calc((var(--mdc-checkbox-ripple-size, 40px) - 18px)/2);left:11px;left:calc((var(--mdc-checkbox-ripple-size, 40px) - 18px)/2)}.VfPpkd-MPu53c .VfPpkd-muHVFf-bMcfAe{top:0;top:calc((40px - var(--mdc-checkbox-touch-target-size, 40px))/2);right:0;right:calc((40px - var(--mdc-checkbox-touch-target-size, 40px))/2);left:0;left:calc((40px - var(--mdc-checkbox-touch-target-size, 40px))/2);width:40px;width:var(--mdc-checkbox-touch-target-size,40px);height:40px;height:var(--mdc-checkbox-touch-target-size,40px)}.VfPpkd-MPu53c .VfPpkd-muHVFf-bMcfAe:enabled:not(:checked):not(:indeterminate):not([data-indeterminate=true])~.VfPpkd-YQoJzd{border-color:rgba(0,0,0,.54);border-color:var(--mdc-checkbox-unchecked-color,rgba(0,0,0,.54));background-color:transparent}.VfPpkd-MPu53c .VfPpkd-muHVFf-bMcfAe:enabled:checked~.VfPpkd-YQoJzd,.VfPpkd-MPu53c .VfPpkd-muHVFf-bMcfAe:enabled:indeterminate~.VfPpkd-YQoJzd,.VfPpkd-MPu53c .VfPpkd-muHVFf-bMcfAe[data-indeterminate=true]:enabled~.VfPpkd-YQoJzd{border-color:#018786;border-color:var(--mdc-checkbox-checked-color,var(--mdc-theme-secondary,#018786));background-color:#018786;background-color:var(--mdc-checkbox-checked-color,var(--mdc-theme-secondary,#018786))}@keyframes mdc-checkbox-fade-in-background-8A000000FF01878600000000FF018786{0%{border-color:rgba(0,0,0,.54);border-color:var(--mdc-checkbox-unchecked-color,rgba(0,0,0,.54));background-color:transparent}50%{border-color:#018786;border-color:var(--mdc-checkbox-checked-color,var(--mdc-theme-secondary,#018786));background-color:#018786;background-color:var(--mdc-checkbox-checked-color,var(--mdc-theme-secondary,#018786))}}@keyframes mdc-checkbox-fade-out-background-8A000000FF01878600000000FF018786{0%,80%{border-color:#018786;border-color:var(--mdc-checkbox-checked-color,var(--mdc-theme-secondary,#018786));background-color:#018786;background-color:var(--mdc-checkbox-checked-color,var(--mdc-theme-secondary,#018786))}100%{border-color:rgba(0,0,0,.54);border-color:var(--mdc-checkbox-unchecked-color,rgba(0,0,0,.54));background-color:transparent}}.VfPpkd-MPu53c.VfPpkd-MPu53c-OWXEXe-vwu2ne-iAfbIe-barxie .VfPpkd-muHVFf-bMcfAe:enabled~.VfPpkd-YQoJzd,.VfPpkd-MPu53c.VfPpkd-MPu53c-OWXEXe-vwu2ne-iAfbIe-A9y3zc .VfPpkd-muHVFf-bMcfAe:enabled~.VfPpkd-YQoJzd{animation-name:mdc-checkbox-fade-in-background-8A000000FF01878600000000FF018786}.VfPpkd-MPu53c.VfPpkd-MPu53c-OWXEXe-vwu2ne-barxie-iAfbIe .VfPpkd-muHVFf-bMcfAe:enabled~.VfPpkd-YQoJzd,.VfPpkd-MPu53c.VfPpkd-MPu53c-OWXEXe-vwu2ne-A9y3zc-iAfbIe .VfPpkd-muHVFf-bMcfAe:enabled~.VfPpkd-YQoJzd{animation-name:mdc-checkbox-fade-out-background-8A000000FF01878600000000FF018786}.VfPpkd-MPu53c .VfPpkd-muHVFf-bMcfAe[disabled]:not(:checked):not(:indeterminate):not([data-indeterminate=true])~.VfPpkd-YQoJzd{border-color:rgba(0,0,0,.38);border-color:var(--mdc-checkbox-disabled-color,rgba(0,0,0,.38));background-color:transparent}.VfPpkd-MPu53c .VfPpkd-muHVFf-bMcfAe[disabled]:checked~.VfPpkd-YQoJzd,.VfPpkd-MPu53c .VfPpkd-muHVFf-bMcfAe[disabled]:indeterminate~.VfPpkd-YQoJzd,.VfPpkd-MPu53c .VfPpkd-muHVFf-bMcfAe[data-indeterminate=true][disabled]~.VfPpkd-YQoJzd{border-color:transparent;background-color:rgba(0,0,0,.38);background-color:var(--mdc-checkbox-disabled-color,rgba(0,0,0,.38))}.VfPpkd-MPu53c .VfPpkd-muHVFf-bMcfAe:enabled~.VfPpkd-YQoJzd .VfPpkd-HUofsb{color:#fff;color:var(--mdc-checkbox-ink-color,#fff)}.VfPpkd-MPu53c .VfPpkd-muHVFf-bMcfAe:enabled~.VfPpkd-YQoJzd .VfPpkd-SJnn3d{border-color:#fff;border-color:var(--mdc-checkbox-ink-color,#fff)}.VfPpkd-MPu53c .VfPpkd-muHVFf-bMcfAe:disabled~.VfPpkd-YQoJzd .VfPpkd-HUofsb{color:#fff;color:var(--mdc-checkbox-ink-color,#fff)}.VfPpkd-MPu53c .VfPpkd-muHVFf-bMcfAe:disabled~.VfPpkd-YQoJzd .VfPpkd-SJnn3d{border-color:#fff;border-color:var(--mdc-checkbox-ink-color,#fff)}@keyframes mdc-checkbox-unchecked-checked-checkmark-path{0%,50%{stroke-dashoffset:29.7833385}50%{animation-timing-function:cubic-bezier(0,0,.2,1)}100%{stroke-dashoffset:0}}@keyframes mdc-checkbox-unchecked-indeterminate-mixedmark{0%,68.2%{transform:scaleX(0)}68.2%{animation-timing-function:cubic-bezier(0,0,0,1)}100%{transform:scaleX(1)}}@keyframes mdc-checkbox-checked-unchecked-checkmark-path{from{animation-timing-function:cubic-bezier(.4,0,1,1);opacity:1;stroke-dashoffset:0}to{opacity:0;stroke-dashoffset:-29.7833385}}@keyframes mdc-checkbox-checked-indeterminate-checkmark{from{animation-timing-function:cubic-bezier(0,0,.2,1);transform:rotate(0deg);opacity:1}to{transform:rotate(45deg);opacity:0}}@keyframes mdc-checkbox-indeterminate-checked-checkmark{from{animation-timing-function:cubic-bezier(.14,0,0,1);transform:rotate(45deg);opacity:0}to{transform:rotate(1turn);opacity:1}}@keyframes mdc-checkbox-checked-indeterminate-mixedmark{from{animation-timing-function:mdc-animation-deceleration-curve-timing-function;transform:rotate(-45deg);opacity:0}to{transform:rotate(0deg);opacity:1}}@keyframes mdc-checkbox-indeterminate-checked-mixedmark{from{animation-timing-function:cubic-bezier(.14,0,0,1);transform:rotate(0deg);opacity:1}to{transform:rotate(315deg);opacity:0}}@keyframes mdc-checkbox-indeterminate-unchecked-mixedmark{0%{animation-timing-function:linear;transform:scaleX(1);opacity:1}32.8%,100%{transform:scaleX(0);opacity:0}}.VfPpkd-MPu53c{display:inline-block;position:relative;flex:0 0 18px;box-sizing:content-box;width:18px;height:18px;line-height:0;white-space:nowrap;cursor:pointer;vertical-align:bottom}.VfPpkd-MPu53c[hidden]{display:none}.VfPpkd-MPu53c.VfPpkd-ksKsZd-mWPk3d-OWXEXe-AHe6Kc-XpnDCe .VfPpkd-sMek6-LhBDec,.VfPpkd-MPu53c:not(.VfPpkd-ksKsZd-mWPk3d):focus .VfPpkd-sMek6-LhBDec{pointer-events:none;border:2px solid transparent;border-radius:6px;box-sizing:content-box;position:absolute;top:50%;left:50%;transform:translate(-50%,-50%);height:100%;width:100%}@media screen and (forced-colors:active){.VfPpkd-MPu53c.VfPpkd-ksKsZd-mWPk3d-OWXEXe-AHe6Kc-XpnDCe .VfPpkd-sMek6-LhBDec,.VfPpkd-MPu53c:not(.VfPpkd-ksKsZd-mWPk3d):focus .VfPpkd-sMek6-LhBDec{border-color:CanvasText}}.VfPpkd-MPu53c.VfPpkd-ksKsZd-mWPk3d-OWXEXe-AHe6Kc-XpnDCe .VfPpkd-sMek6-LhBDec::after,.VfPpkd-MPu53c:not(.VfPpkd-ksKsZd-mWPk3d):focus .VfPpkd-sMek6-LhBDec::after{content:"";border:2px solid transparent;border-radius:8px;display:block;position:absolute;top:50%;left:50%;transform:translate(-50%,-50%);height:calc(100% + 4px);width:calc(100% + 4px)}@media screen and (forced-colors:active){.VfPpkd-MPu53c.VfPpkd-ksKsZd-mWPk3d-OWXEXe-AHe6Kc-XpnDCe .VfPpkd-sMek6-LhBDec::after,.VfPpkd-MPu53c:not(.VfPpkd-ksKsZd-mWPk3d):focus .VfPpkd-sMek6-LhBDec::after{border-color:CanvasText}}@media (-ms-high-contrast:none){.VfPpkd-MPu53c .VfPpkd-sMek6-LhBDec{display:none}}@media (-ms-high-contrast:active),screen and (forced-colors:active){.VfPpkd-SJnn3d{margin:0 1px}}.VfPpkd-MPu53c-OWXEXe-OWB6Me{cursor:default;pointer-events:none}.VfPpkd-YQoJzd{display:inline-flex;position:absolute;align-items:center;justify-content:center;box-sizing:border-box;width:18px;height:18px;border:2px solid currentColor;border-radius:2px;background-color:transparent;pointer-events:none;will-change:background-color,border-color;transition:background-color 90ms 0ms cubic-bezier(.4,0,.6,1),border-color 90ms 0ms cubic-bezier(.4,0,.6,1)}.VfPpkd-HUofsb{position:absolute;top:0;right:0;bottom:0;left:0;width:100%;opacity:0;transition:opacity .18s 0ms cubic-bezier(.4,0,.6,1)}.VfPpkd-MPu53c-OWXEXe-mWPk3d .VfPpkd-HUofsb{opacity:1}.VfPpkd-HUofsb-Jt5cK{transition:stroke-dashoffset .18s 0ms cubic-bezier(.4,0,.6,1);stroke:currentColor;stroke-width:3.12px;stroke-dashoffset:29.7833385;stroke-dasharray:29.7833385}.VfPpkd-SJnn3d{width:100%;height:0;transform:scaleX(0) rotate(0deg);border-width:1px;border-style:solid;opacity:0;transition:opacity 90ms 0ms cubic-bezier(.4,0,.6,1),transform 90ms 0ms cubic-bezier(.4,0,.6,1)}.VfPpkd-MPu53c-OWXEXe-vwu2ne-iAfbIe-barxie .VfPpkd-YQoJzd,.VfPpkd-MPu53c-OWXEXe-vwu2ne-iAfbIe-A9y3zc .VfPpkd-YQoJzd,.VfPpkd-MPu53c-OWXEXe-vwu2ne-barxie-iAfbIe .VfPpkd-YQoJzd,.VfPpkd-MPu53c-OWXEXe-vwu2ne-A9y3zc-iAfbIe .VfPpkd-YQoJzd{animation-duration:.18s;animation-timing-function:linear}.VfPpkd-MPu53c-OWXEXe-vwu2ne-iAfbIe-barxie .VfPpkd-HUofsb-Jt5cK{animation:mdc-checkbox-unchecked-checked-checkmark-path .18s linear 0s;transition:none}.VfPpkd-MPu53c-OWXEXe-vwu2ne-iAfbIe-A9y3zc .VfPpkd-SJnn3d{animation:mdc-checkbox-unchecked-indeterminate-mixedmark 90ms linear 0s;transition:none}.VfPpkd-MPu53c-OWXEXe-vwu2ne-barxie-iAfbIe .VfPpkd-HUofsb-Jt5cK{animation:mdc-checkbox-checked-unchecked-checkmark-path 90ms linear 0s;transition:none}.VfPpkd-MPu53c-OWXEXe-vwu2ne-barxie-A9y3zc .VfPpkd-HUofsb{animation:mdc-checkbox-checked-indeterminate-checkmark 90ms linear 0s;transition:none}.VfPpkd-MPu53c-OWXEXe-vwu2ne-barxie-A9y3zc .VfPpkd-SJnn3d{animation:mdc-checkbox-checked-indeterminate-mixedmark 90ms linear 0s;transition:none}.VfPpkd-MPu53c-OWXEXe-vwu2ne-A9y3zc-barxie .VfPpkd-HUofsb{animation:mdc-checkbox-indeterminate-checked-checkmark .5s linear 0s;transition:none}.VfPpkd-MPu53c-OWXEXe-vwu2ne-A9y3zc-barxie .VfPpkd-SJnn3d{animation:mdc-checkbox-indeterminate-checked-mixedmark .5s linear 0s;transition:none}.VfPpkd-MPu53c-OWXEXe-vwu2ne-A9y3zc-iAfbIe .VfPpkd-SJnn3d{animation:mdc-checkbox-indeterminate-unchecked-mixedmark .3s linear 0s;transition:none}.VfPpkd-muHVFf-bMcfAe:checked~.VfPpkd-YQoJzd,.VfPpkd-muHVFf-bMcfAe:indeterminate~.VfPpkd-YQoJzd,.VfPpkd-muHVFf-bMcfAe[data-indeterminate=true]~.VfPpkd-YQoJzd{transition:border-color 90ms 0ms cubic-bezier(0,0,.2,1),background-color 90ms 0ms cubic-bezier(0,0,.2,1)}.VfPpkd-muHVFf-bMcfAe:checked~.VfPpkd-YQoJzd .VfPpkd-HUofsb-Jt5cK,.VfPpkd-muHVFf-bMcfAe:indeterminate~.VfPpkd-YQoJzd .VfPpkd-HUofsb-Jt5cK,.VfPpkd-muHVFf-bMcfAe[data-indeterminate=true]~.VfPpkd-YQoJzd .VfPpkd-HUofsb-Jt5cK{stroke-dashoffset:0}.VfPpkd-muHVFf-bMcfAe{position:absolute;margin:0;padding:0;opacity:0;cursor:inherit}.VfPpkd-muHVFf-bMcfAe:disabled{cursor:default;pointer-events:none}.VfPpkd-MPu53c-OWXEXe-dgl2Hf{margin:4px;margin:calc((var(--mdc-checkbox-state-layer-size, 48px) - var(--mdc-checkbox-state-layer-size, 40px))/2)}.VfPpkd-MPu53c-OWXEXe-dgl2Hf .VfPpkd-muHVFf-bMcfAe{top:-4px;top:calc((var(--mdc-checkbox-state-layer-size, 40px) - var(--mdc-checkbox-state-layer-size, 48px))/2);right:-4px;right:calc((var(--mdc-checkbox-state-layer-size, 40px) - var(--mdc-checkbox-state-layer-size, 48px))/2);left:-4px;left:calc((var(--mdc-checkbox-state-layer-size, 40px) - var(--mdc-checkbox-state-layer-size, 48px))/2);width:48px;width:var(--mdc-checkbox-state-layer-size,48px);height:48px;height:var(--mdc-checkbox-state-layer-size,48px)}.VfPpkd-muHVFf-bMcfAe:checked~.VfPpkd-YQoJzd .VfPpkd-HUofsb{transition:opacity .18s 0ms cubic-bezier(0,0,.2,1),transform .18s 0ms cubic-bezier(0,0,.2,1);opacity:1}.VfPpkd-muHVFf-bMcfAe:checked~.VfPpkd-YQoJzd .VfPpkd-SJnn3d{transform:scaleX(1) rotate(-45deg)}.VfPpkd-muHVFf-bMcfAe:indeterminate~.VfPpkd-YQoJzd .VfPpkd-HUofsb,.VfPpkd-muHVFf-bMcfAe[data-indeterminate=true]~.VfPpkd-YQoJzd .VfPpkd-HUofsb{transform:rotate(45deg);opacity:0;transition:opacity 90ms 0ms cubic-bezier(.4,0,.6,1),transform 90ms 0ms cubic-bezier(.4,0,.6,1)}.VfPpkd-muHVFf-bMcfAe:indeterminate~.VfPpkd-YQoJzd .VfPpkd-SJnn3d,.VfPpkd-muHVFf-bMcfAe[data-indeterminate=true]~.VfPpkd-YQoJzd .VfPpkd-SJnn3d{transform:scaleX(1) rotate(0deg);opacity:1}.VfPpkd-MPu53c.VfPpkd-MPu53c-OWXEXe-mWPk3d .VfPpkd-YQoJzd,.VfPpkd-MPu53c.VfPpkd-MPu53c-OWXEXe-mWPk3d .VfPpkd-HUofsb,.VfPpkd-MPu53c.VfPpkd-MPu53c-OWXEXe-mWPk3d .VfPpkd-HUofsb-Jt5cK,.VfPpkd-MPu53c.VfPpkd-MPu53c-OWXEXe-mWPk3d .VfPpkd-SJnn3d{transition:none}.VfPpkd-MPu53c{--mdc-ripple-fg-size:0;--mdc-ripple-left:0;--mdc-ripple-top:0;--mdc-ripple-fg-scale:1;--mdc-ripple-fg-translate-end:0;--mdc-ripple-fg-translate-start:0;-webkit-tap-highlight-color:rgba(0,0,0,0);will-change:transform,opacity}.VfPpkd-MPu53c .VfPpkd-OYHm6b::before,.VfPpkd-MPu53c .VfPpkd-OYHm6b::after{position:absolute;border-radius:50%;opacity:0;pointer-events:none;content:""}.VfPpkd-MPu53c .VfPpkd-OYHm6b::before{transition:opacity 15ms linear,background-color 15ms linear;z-index:1;z-index:var(--mdc-ripple-z-index,1)}.VfPpkd-MPu53c .VfPpkd-OYHm6b::after{z-index:0;z-index:var(--mdc-ripple-z-index,0)}.VfPpkd-MPu53c.VfPpkd-ksKsZd-mWPk3d .VfPpkd-OYHm6b::before{transform:scale(var(--mdc-ripple-fg-scale,1))}.VfPpkd-MPu53c.VfPpkd-ksKsZd-mWPk3d .VfPpkd-OYHm6b::after{top:0;left:0;transform:scale(0);transform-origin:center center}.VfPpkd-MPu53c.VfPpkd-ksKsZd-mWPk3d-OWXEXe-ZNMTqd .VfPpkd-OYHm6b::after{top:var(--mdc-ripple-top,0);left:var(--mdc-ripple-left,0)}.VfPpkd-MPu53c.VfPpkd-ksKsZd-mWPk3d-OWXEXe-Tv8l5d-lJfZMc .VfPpkd-OYHm6b::after{animation:mdc-ripple-fg-radius-in 225ms forwards,mdc-ripple-fg-opacity-in 75ms forwards}.VfPpkd-MPu53c.VfPpkd-ksKsZd-mWPk3d-OWXEXe-Tv8l5d-OmS1vf .VfPpkd-OYHm6b::after{animation:mdc-ripple-fg-opacity-out .15s;transform:translate(var(--mdc-ripple-fg-translate-end,0)) scale(var(--mdc-ripple-fg-scale,1))}.VfPpkd-MPu53c .VfPpkd-OYHm6b::before,.VfPpkd-MPu53c .VfPpkd-OYHm6b::after{top:0;left:0;width:100%;height:100%}.VfPpkd-MPu53c.VfPpkd-ksKsZd-mWPk3d .VfPpkd-OYHm6b::before,.VfPpkd-MPu53c.VfPpkd-ksKsZd-mWPk3d .VfPpkd-OYHm6b::after{top:var(--mdc-ripple-top,0);left:var(--mdc-ripple-left,0);width:var(--mdc-ripple-fg-size,100%);height:var(--mdc-ripple-fg-size,100%)}.VfPpkd-MPu53c.VfPpkd-ksKsZd-mWPk3d .VfPpkd-OYHm6b::after{width:var(--mdc-ripple-fg-size,100%);height:var(--mdc-ripple-fg-size,100%)}.VfPpkd-MPu53c{z-index:0}.VfPpkd-MPu53c .VfPpkd-OYHm6b::before,.VfPpkd-MPu53c .VfPpkd-OYHm6b::after{z-index:-1;z-index:var(--mdc-ripple-z-index,-1)}.VfPpkd-OYHm6b{position:absolute;top:0;left:0;width:100%;height:100%;pointer-events:none}@media (-ms-high-contrast:active),screen and (forced-colors:active){.VfPpkd-MPu53c .VfPpkd-muHVFf-bMcfAe[disabled]:not(:checked):not(:indeterminate):not([data-indeterminate=true])~.VfPpkd-YQoJzd{border-color:GrayText;border-color:var(--mdc-checkbox-disabled-unselected-icon-color,GrayText);background-color:transparent}.VfPpkd-MPu53c .VfPpkd-muHVFf-bMcfAe[disabled]:checked~.VfPpkd-YQoJzd,.VfPpkd-MPu53c .VfPpkd-muHVFf-bMcfAe[disabled]:indeterminate~.VfPpkd-YQoJzd,.VfPpkd-MPu53c .VfPpkd-muHVFf-bMcfAe[data-indeterminate=true][disabled]~.VfPpkd-YQoJzd{border-color:GrayText;background-color:GrayText;background-color:var(--mdc-checkbox-disabled-selected-icon-color,GrayText)}.VfPpkd-MPu53c .VfPpkd-muHVFf-bMcfAe:enabled~.VfPpkd-YQoJzd .VfPpkd-HUofsb{color:ButtonText;color:var(--mdc-checkbox-selected-checkmark-color,ButtonText)}.VfPpkd-MPu53c .VfPpkd-muHVFf-bMcfAe:enabled~.VfPpkd-YQoJzd .VfPpkd-SJnn3d{border-color:ButtonText;border-color:var(--mdc-checkbox-selected-checkmark-color,ButtonText)}.VfPpkd-MPu53c .VfPpkd-muHVFf-bMcfAe:disabled~.VfPpkd-YQoJzd .VfPpkd-HUofsb{color:ButtonFace;color:var(--mdc-checkbox-disabled-selected-checkmark-color,ButtonFace)}.VfPpkd-MPu53c .VfPpkd-muHVFf-bMcfAe:disabled~.VfPpkd-YQoJzd .VfPpkd-SJnn3d{border-color:ButtonFace;border-color:var(--mdc-checkbox-disabled-selected-checkmark-color,ButtonFace)}}.Ne8lhe .VfPpkd-muHVFf-bMcfAe[disabled]:not(:checked):not(:indeterminate):not([data-indeterminate=true])~.VfPpkd-YQoJzd{border-color:rgba(60,64,67,.38);border-color:var(--mdc-checkbox-disabled-unselected-icon-color,rgba(60,64,67,.38));background-color:transparent}.Ne8lhe .VfPpkd-muHVFf-bMcfAe[disabled]:checked~.VfPpkd-YQoJzd,.Ne8lhe .VfPpkd-muHVFf-bMcfAe[disabled]:indeterminate~.VfPpkd-YQoJzd,.Ne8lhe .VfPpkd-muHVFf-bMcfAe[data-indeterminate=true][disabled]~.VfPpkd-YQoJzd{border-color:transparent;background-color:rgba(60,64,67,.38);background-color:var(--mdc-checkbox-disabled-selected-icon-color,rgba(60,64,67,.38))}.Ne8lhe .VfPpkd-muHVFf-bMcfAe:enabled~.VfPpkd-YQoJzd .VfPpkd-HUofsb{color:#fff;color:var(--mdc-checkbox-selected-checkmark-color,#fff)}.Ne8lhe .VfPpkd-muHVFf-bMcfAe:enabled~.VfPpkd-YQoJzd .VfPpkd-SJnn3d{border-color:#fff;border-color:var(--mdc-checkbox-selected-checkmark-color,#fff)}.Ne8lhe .VfPpkd-muHVFf-bMcfAe:disabled~.VfPpkd-YQoJzd .VfPpkd-HUofsb{color:#fff;color:var(--mdc-checkbox-disabled-selected-checkmark-color,#fff)}.Ne8lhe .VfPpkd-muHVFf-bMcfAe:disabled~.VfPpkd-YQoJzd .VfPpkd-SJnn3d{border-color:#fff;border-color:var(--mdc-checkbox-disabled-selected-checkmark-color,#fff)}.Ne8lhe .VfPpkd-muHVFf-bMcfAe:enabled:not(:checked):not(:indeterminate):not([data-indeterminate=true])~.VfPpkd-YQoJzd{border-color:#5f6368;border-color:var(--mdc-checkbox-unselected-icon-color,#5f6368);background-color:transparent}.Ne8lhe .VfPpkd-muHVFf-bMcfAe:enabled:checked~.VfPpkd-YQoJzd,.Ne8lhe .VfPpkd-muHVFf-bMcfAe:enabled:indeterminate~.VfPpkd-YQoJzd,.Ne8lhe .VfPpkd-muHVFf-bMcfAe[data-indeterminate=true]:enabled~.VfPpkd-YQoJzd{border-color:#1a73e8;border-color:var(--mdc-checkbox-selected-icon-color,#1a73e8);background-color:#1a73e8;background-color:var(--mdc-checkbox-selected-icon-color,#1a73e8)}@keyframes mdc-checkbox-fade-in-background-FF5F6368FF1A73E800000000FF1A73E8{0%{border-color:#5f6368;border-color:var(--mdc-checkbox-unselected-icon-color,#5f6368);background-color:transparent}50%{border-color:#1a73e8;border-color:var(--mdc-checkbox-selected-icon-color,#1a73e8);background-color:#1a73e8;background-color:var(--mdc-checkbox-selected-icon-color,#1a73e8)}}@keyframes mdc-checkbox-fade-out-background-FF5F6368FF1A73E800000000FF1A73E8{0%,80%{border-color:#1a73e8;border-color:var(--mdc-checkbox-selected-icon-color,#1a73e8);background-color:#1a73e8;background-color:var(--mdc-checkbox-selected-icon-color,#1a73e8)}100%{border-color:#5f6368;border-color:var(--mdc-checkbox-unselected-icon-color,#5f6368);background-color:transparent}}.Ne8lhe.VfPpkd-MPu53c-OWXEXe-vwu2ne-iAfbIe-barxie .VfPpkd-muHVFf-bMcfAe:enabled~.VfPpkd-YQoJzd,.Ne8lhe.VfPpkd-MPu53c-OWXEXe-vwu2ne-iAfbIe-A9y3zc .VfPpkd-muHVFf-bMcfAe:enabled~.VfPpkd-YQoJzd{animation-name:mdc-checkbox-fade-in-background-FF5F6368FF1A73E800000000FF1A73E8}.Ne8lhe.VfPpkd-MPu53c-OWXEXe-vwu2ne-barxie-iAfbIe .VfPpkd-muHVFf-bMcfAe:enabled~.VfPpkd-YQoJzd,.Ne8lhe.VfPpkd-MPu53c-OWXEXe-vwu2ne-A9y3zc-iAfbIe .VfPpkd-muHVFf-bMcfAe:enabled~.VfPpkd-YQoJzd{animation-name:mdc-checkbox-fade-out-background-FF5F6368FF1A73E800000000FF1A73E8}.Ne8lhe:hover .VfPpkd-muHVFf-bMcfAe:enabled:not(:checked):not(:indeterminate):not([data-indeterminate=true])~.VfPpkd-YQoJzd{border-color:#202124;border-color:var(--mdc-checkbox-unselected-hover-icon-color,#202124);background-color:transparent}.Ne8lhe:hover .VfPpkd-muHVFf-bMcfAe:enabled:checked~.VfPpkd-YQoJzd,.Ne8lhe:hover .VfPpkd-muHVFf-bMcfAe:enabled:indeterminate~.VfPpkd-YQoJzd,.Ne8lhe:hover .VfPpkd-muHVFf-bMcfAe[data-indeterminate=true]:enabled~.VfPpkd-YQoJzd{border-color:#174ea6;border-color:var(--mdc-checkbox-selected-hover-icon-color,#174ea6);background-color:#174ea6;background-color:var(--mdc-checkbox-selected-hover-icon-color,#174ea6)}.Ne8lhe:hover.VfPpkd-MPu53c-OWXEXe-vwu2ne-iAfbIe-barxie .VfPpkd-muHVFf-bMcfAe:enabled~.VfPpkd-YQoJzd,.Ne8lhe:hover.VfPpkd-MPu53c-OWXEXe-vwu2ne-iAfbIe-A9y3zc .VfPpkd-muHVFf-bMcfAe:enabled~.VfPpkd-YQoJzd{animation-name:mdc-checkbox-fade-in-background-FF202124FF174EA600000000FF174EA6}.Ne8lhe:hover.VfPpkd-MPu53c-OWXEXe-vwu2ne-barxie-iAfbIe .VfPpkd-muHVFf-bMcfAe:enabled~.VfPpkd-YQoJzd,.Ne8lhe:hover.VfPpkd-MPu53c-OWXEXe-vwu2ne-A9y3zc-iAfbIe .VfPpkd-muHVFf-bMcfAe:enabled~.VfPpkd-YQoJzd{animation-name:mdc-checkbox-fade-out-background-FF202124FF174EA600000000FF174EA6}.Ne8lhe.VfPpkd-ksKsZd-mWPk3d-OWXEXe-AHe6Kc-XpnDCe .VfPpkd-muHVFf-bMcfAe:enabled:not(:checked):not(:indeterminate):not([data-indeterminate=true])~.VfPpkd-YQoJzd,.Ne8lhe:not(.VfPpkd-ksKsZd-mWPk3d):focus .VfPpkd-muHVFf-bMcfAe:enabled:not(:checked):not(:indeterminate):not([data-indeterminate=true])~.VfPpkd-YQoJzd{border-color:#202124;border-color:var(--mdc-checkbox-unselected-focus-icon-color,#202124);background-color:transparent}.Ne8lhe.VfPpkd-ksKsZd-mWPk3d-OWXEXe-AHe6Kc-XpnDCe .VfPpkd-muHVFf-bMcfAe:enabled:checked~.VfPpkd-YQoJzd,.Ne8lhe.VfPpkd-ksKsZd-mWPk3d-OWXEXe-AHe6Kc-XpnDCe .VfPpkd-muHVFf-bMcfAe:enabled:indeterminate~.VfPpkd-YQoJzd,.Ne8lhe.VfPpkd-ksKsZd-mWPk3d-OWXEXe-AHe6Kc-XpnDCe .VfPpkd-muHVFf-bMcfAe[data-indeterminate=true]:enabled~.VfPpkd-YQoJzd,.Ne8lhe:not(.VfPpkd-ksKsZd-mWPk3d):focus .VfPpkd-muHVFf-bMcfAe:enabled:checked~.VfPpkd-YQoJzd,.Ne8lhe:not(.VfPpkd-ksKsZd-mWPk3d):focus .VfPpkd-muHVFf-bMcfAe:enabled:indeterminate~.VfPpkd-YQoJzd,.Ne8lhe:not(.VfPpkd-ksKsZd-mWPk3d):focus .VfPpkd-muHVFf-bMcfAe[data-indeterminate=true]:enabled~.VfPpkd-YQoJzd{border-color:#174ea6;border-color:var(--mdc-checkbox-selected-focus-icon-color,#174ea6);background-color:#174ea6;background-color:var(--mdc-checkbox-selected-focus-icon-color,#174ea6)}.Ne8lhe.VfPpkd-ksKsZd-mWPk3d-OWXEXe-AHe6Kc-XpnDCe.VfPpkd-MPu53c-OWXEXe-vwu2ne-iAfbIe-barxie .VfPpkd-muHVFf-bMcfAe:enabled~.VfPpkd-YQoJzd,.Ne8lhe.VfPpkd-ksKsZd-mWPk3d-OWXEXe-AHe6Kc-XpnDCe.VfPpkd-MPu53c-OWXEXe-vwu2ne-iAfbIe-A9y3zc .VfPpkd-muHVFf-bMcfAe:enabled~.VfPpkd-YQoJzd,.Ne8lhe:not(.VfPpkd-ksKsZd-mWPk3d):focus.VfPpkd-MPu53c-OWXEXe-vwu2ne-iAfbIe-barxie .VfPpkd-muHVFf-bMcfAe:enabled~.VfPpkd-YQoJzd,.Ne8lhe:not(.VfPpkd-ksKsZd-mWPk3d):focus.VfPpkd-MPu53c-OWXEXe-vwu2ne-iAfbIe-A9y3zc .VfPpkd-muHVFf-bMcfAe:enabled~.VfPpkd-YQoJzd{animation-name:mdc-checkbox-fade-in-background-FF202124FF174EA600000000FF174EA6}.Ne8lhe.VfPpkd-ksKsZd-mWPk3d-OWXEXe-AHe6Kc-XpnDCe.VfPpkd-MPu53c-OWXEXe-vwu2ne-barxie-iAfbIe .VfPpkd-muHVFf-bMcfAe:enabled~.VfPpkd-YQoJzd,.Ne8lhe.VfPpkd-ksKsZd-mWPk3d-OWXEXe-AHe6Kc-XpnDCe.VfPpkd-MPu53c-OWXEXe-vwu2ne-A9y3zc-iAfbIe .VfPpkd-muHVFf-bMcfAe:enabled~.VfPpkd-YQoJzd,.Ne8lhe:not(.VfPpkd-ksKsZd-mWPk3d):focus.VfPpkd-MPu53c-OWXEXe-vwu2ne-barxie-iAfbIe .VfPpkd-muHVFf-bMcfAe:enabled~.VfPpkd-YQoJzd,.Ne8lhe:not(.VfPpkd-ksKsZd-mWPk3d):focus.VfPpkd-MPu53c-OWXEXe-vwu2ne-A9y3zc-iAfbIe .VfPpkd-muHVFf-bMcfAe:enabled~.VfPpkd-YQoJzd{animation-name:mdc-checkbox-fade-out-background-FF202124FF174EA600000000FF174EA6}.Ne8lhe:not(:disabled):active .VfPpkd-muHVFf-bMcfAe:enabled:not(:checked):not(:indeterminate):not([data-indeterminate=true])~.VfPpkd-YQoJzd{border-color:#202124;border-color:var(--mdc-checkbox-unselected-pressed-icon-color,#202124);background-color:transparent}.Ne8lhe:not(:disabled):active .VfPpkd-muHVFf-bMcfAe:enabled:checked~.VfPpkd-YQoJzd,.Ne8lhe:not(:disabled):active .VfPpkd-muHVFf-bMcfAe:enabled:indeterminate~.VfPpkd-YQoJzd,.Ne8lhe:not(:disabled):active .VfPpkd-muHVFf-bMcfAe[data-indeterminate=true]:enabled~.VfPpkd-YQoJzd{border-color:#174ea6;border-color:var(--mdc-checkbox-selected-pressed-icon-color,#174ea6);background-color:#174ea6;background-color:var(--mdc-checkbox-selected-pressed-icon-color,#174ea6)}@keyframes mdc-checkbox-fade-in-background-FF202124FF174EA600000000FF174EA6{0%{border-color:#202124;border-color:var(--mdc-checkbox-unselected-pressed-icon-color,#202124);background-color:transparent}50%{border-color:#174ea6;border-color:var(--mdc-checkbox-selected-pressed-icon-color,#174ea6);background-color:#174ea6;background-color:var(--mdc-checkbox-selected-pressed-icon-color,#174ea6)}}@keyframes mdc-checkbox-fade-out-background-FF202124FF174EA600000000FF174EA6{0%,80%{border-color:#174ea6;border-color:var(--mdc-checkbox-selected-pressed-icon-color,#174ea6);background-color:#174ea6;background-color:var(--mdc-checkbox-selected-pressed-icon-color,#174ea6)}100%{border-color:#202124;border-color:var(--mdc-checkbox-unselected-pressed-icon-color,#202124);background-color:transparent}}.Ne8lhe:not(:disabled):active.VfPpkd-MPu53c-OWXEXe-vwu2ne-iAfbIe-barxie .VfPpkd-muHVFf-bMcfAe:enabled~.VfPpkd-YQoJzd,.Ne8lhe:not(:disabled):active.VfPpkd-MPu53c-OWXEXe-vwu2ne-iAfbIe-A9y3zc .VfPpkd-muHVFf-bMcfAe:enabled~.VfPpkd-YQoJzd{animation-name:mdc-checkbox-fade-in-background-FF202124FF174EA600000000FF174EA6}.Ne8lhe:not(:disabled):active.VfPpkd-MPu53c-OWXEXe-vwu2ne-barxie-iAfbIe .VfPpkd-muHVFf-bMcfAe:enabled~.VfPpkd-YQoJzd,.Ne8lhe:not(:disabled):active.VfPpkd-MPu53c-OWXEXe-vwu2ne-A9y3zc-iAfbIe .VfPpkd-muHVFf-bMcfAe:enabled~.VfPpkd-YQoJzd{animation-name:mdc-checkbox-fade-out-background-FF202124FF174EA600000000FF174EA6}.Ne8lhe .VfPpkd-OYHm6b::before,.Ne8lhe .VfPpkd-OYHm6b::after{background-color:#3c4043;background-color:var(--mdc-checkbox-unselected-hover-state-layer-color,#3c4043)}.Ne8lhe:hover .VfPpkd-OYHm6b::before,.Ne8lhe.VfPpkd-ksKsZd-XxIAqe-OWXEXe-ZmdkE .VfPpkd-OYHm6b::before{opacity:.04;opacity:var(--mdc-checkbox-unselected-hover-state-layer-opacity,.04)}.Ne8lhe.VfPpkd-ksKsZd-mWPk3d-OWXEXe-AHe6Kc-XpnDCe .VfPpkd-OYHm6b::before,.Ne8lhe:not(.VfPpkd-ksKsZd-mWPk3d):focus .VfPpkd-OYHm6b::before{transition-duration:75ms;opacity:.12;opacity:var(--mdc-checkbox-unselected-focus-state-layer-opacity,.12)}.Ne8lhe:not(.VfPpkd-ksKsZd-mWPk3d) .VfPpkd-OYHm6b::after{transition:opacity .15s linear}.Ne8lhe:not(.VfPpkd-ksKsZd-mWPk3d):active .VfPpkd-OYHm6b::after{transition-duration:75ms;opacity:.1;opacity:var(--mdc-checkbox-unselected-pressed-state-layer-opacity,.1)}.Ne8lhe.VfPpkd-ksKsZd-mWPk3d{--mdc-ripple-fg-opacity:var(--mdc-checkbox-unselected-pressed-state-layer-opacity,0.1)}.Ne8lhe .VfPpkd-OYHm6b::before{background-color:#3c4043;background-color:var(--mdc-checkbox-unselected-hover-state-layer-color,#3c4043)}.Ne8lhe .VfPpkd-OYHm6b::after{background-color:#1a73e8;background-color:var(--mdc-checkbox-unselected-pressed-state-layer-color,#1a73e8)}.Ne8lhe.VfPpkd-MPu53c-OWXEXe-gk6SMd .VfPpkd-OYHm6b::before,.Ne8lhe.VfPpkd-MPu53c-OWXEXe-gk6SMd .VfPpkd-OYHm6b::after{background-color:#1a73e8;background-color:var(--mdc-checkbox-selected-hover-state-layer-color,#1a73e8)}.Ne8lhe.VfPpkd-MPu53c-OWXEXe-gk6SMd:hover .VfPpkd-OYHm6b::before,.Ne8lhe.VfPpkd-MPu53c-OWXEXe-gk6SMd.VfPpkd-ksKsZd-XxIAqe-OWXEXe-ZmdkE .VfPpkd-OYHm6b::before{opacity:.04;opacity:var(--mdc-checkbox-selected-hover-state-layer-opacity,.04)}.Ne8lhe.VfPpkd-MPu53c-OWXEXe-gk6SMd.VfPpkd-ksKsZd-mWPk3d-OWXEXe-AHe6Kc-XpnDCe .VfPpkd-OYHm6b::before,.Ne8lhe.VfPpkd-MPu53c-OWXEXe-gk6SMd:not(.VfPpkd-ksKsZd-mWPk3d):focus .VfPpkd-OYHm6b::before{transition-duration:75ms;opacity:.12;opacity:var(--mdc-checkbox-selected-focus-state-layer-opacity,.12)}.Ne8lhe.VfPpkd-MPu53c-OWXEXe-gk6SMd:not(.VfPpkd-ksKsZd-mWPk3d) .VfPpkd-OYHm6b::after{transition:opacity .15s linear}.Ne8lhe.VfPpkd-MPu53c-OWXEXe-gk6SMd:not(.VfPpkd-ksKsZd-mWPk3d):active .VfPpkd-OYHm6b::after{transition-duration:75ms;opacity:.1;opacity:var(--mdc-checkbox-selected-pressed-state-layer-opacity,.1)}.Ne8lhe.VfPpkd-MPu53c-OWXEXe-gk6SMd.VfPpkd-ksKsZd-mWPk3d{--mdc-ripple-fg-opacity:var(--mdc-checkbox-selected-pressed-state-layer-opacity,0.1)}.Ne8lhe.VfPpkd-ksKsZd-mWPk3d-OWXEXe-AHe6Kc-XpnDCe.VfPpkd-MPu53c-OWXEXe-gk6SMd .VfPpkd-OYHm6b::before,.Ne8lhe.VfPpkd-ksKsZd-mWPk3d-OWXEXe-AHe6Kc-XpnDCe.VfPpkd-MPu53c-OWXEXe-gk6SMd .VfPpkd-OYHm6b::after{background-color:#1a73e8;background-color:var(--mdc-checkbox-selected-hover-state-layer-color,#1a73e8)}@media (-ms-high-contrast:active),screen and (forced-colors:active){.Ne8lhe .VfPpkd-muHVFf-bMcfAe[disabled]:not(:checked):not(:indeterminate):not([data-indeterminate=true])~.VfPpkd-YQoJzd{border-color:GrayText;border-color:var(--mdc-checkbox-disabled-unselected-icon-color,GrayText);background-color:transparent}.Ne8lhe .VfPpkd-muHVFf-bMcfAe[disabled]:checked~.VfPpkd-YQoJzd,.Ne8lhe .VfPpkd-muHVFf-bMcfAe[disabled]:indeterminate~.VfPpkd-YQoJzd,.Ne8lhe .VfPpkd-muHVFf-bMcfAe[data-indeterminate=true][disabled]~.VfPpkd-YQoJzd{border-color:GrayText;background-color:GrayText;background-color:var(--mdc-checkbox-disabled-selected-icon-color,GrayText)}.Ne8lhe .VfPpkd-muHVFf-bMcfAe:enabled~.VfPpkd-YQoJzd .VfPpkd-HUofsb{color:ButtonText;color:var(--mdc-checkbox-selected-checkmark-color,ButtonText)}.Ne8lhe .VfPpkd-muHVFf-bMcfAe:enabled~.VfPpkd-YQoJzd .VfPpkd-SJnn3d{border-color:ButtonText;border-color:var(--mdc-checkbox-selected-checkmark-color,ButtonText)}.Ne8lhe .VfPpkd-muHVFf-bMcfAe:disabled~.VfPpkd-YQoJzd .VfPpkd-HUofsb{color:ButtonFace;color:var(--mdc-checkbox-disabled-selected-checkmark-color,ButtonFace)}.Ne8lhe .VfPpkd-muHVFf-bMcfAe:disabled~.VfPpkd-YQoJzd .VfPpkd-SJnn3d{border-color:ButtonFace;border-color:var(--mdc-checkbox-disabled-selected-checkmark-color,ButtonFace)}}.az2ine{will-change:unset}.VfPpkd-GCYh9b{padding:10px}.VfPpkd-GCYh9b .VfPpkd-gBXA9-bMcfAe:enabled:not(:checked)+.VfPpkd-RsCWK .VfPpkd-wVo5xe-LkdAo{border-color:rgba(0,0,0,.54)}.VfPpkd-GCYh9b .VfPpkd-gBXA9-bMcfAe:enabled:checked+.VfPpkd-RsCWK .VfPpkd-wVo5xe-LkdAo{border-color:#018786;border-color:var(--mdc-theme-secondary,#018786)}.VfPpkd-GCYh9b .VfPpkd-gBXA9-bMcfAe:enabled+.VfPpkd-RsCWK .VfPpkd-Z5TpLc-LkdAo{border-color:#018786;border-color:var(--mdc-theme-secondary,#018786)}.VfPpkd-GCYh9b [aria-disabled=true] .VfPpkd-gBXA9-bMcfAe:not(:checked)+.VfPpkd-RsCWK .VfPpkd-wVo5xe-LkdAo,.VfPpkd-GCYh9b .VfPpkd-gBXA9-bMcfAe:disabled:not(:checked)+.VfPpkd-RsCWK .VfPpkd-wVo5xe-LkdAo{border-color:rgba(0,0,0,.38)}.VfPpkd-GCYh9b [aria-disabled=true] .VfPpkd-gBXA9-bMcfAe:checked+.VfPpkd-RsCWK .VfPpkd-wVo5xe-LkdAo,.VfPpkd-GCYh9b .VfPpkd-gBXA9-bMcfAe:disabled:checked+.VfPpkd-RsCWK .VfPpkd-wVo5xe-LkdAo{border-color:rgba(0,0,0,.38)}.VfPpkd-GCYh9b [aria-disabled=true] .VfPpkd-gBXA9-bMcfAe+.VfPpkd-RsCWK .VfPpkd-Z5TpLc-LkdAo,.VfPpkd-GCYh9b .VfPpkd-gBXA9-bMcfAe:disabled+.VfPpkd-RsCWK .VfPpkd-Z5TpLc-LkdAo{border-color:rgba(0,0,0,.38)}.VfPpkd-GCYh9b .VfPpkd-RsCWK::before{background-color:#018786;background-color:var(--mdc-theme-secondary,#018786)}.VfPpkd-GCYh9b .VfPpkd-RsCWK::before{top:-10px;left:-10px;width:40px;height:40px}.VfPpkd-GCYh9b .VfPpkd-gBXA9-bMcfAe{top:0;right:0;left:0;width:40px;height:40px}@media (-ms-high-contrast:active),screen and (forced-colors:active){.VfPpkd-GCYh9b.VfPpkd-GCYh9b-OWXEXe-OWB6Me [aria-disabled=true] .VfPpkd-gBXA9-bMcfAe:not(:checked)+.VfPpkd-RsCWK .VfPpkd-wVo5xe-LkdAo,.VfPpkd-GCYh9b.VfPpkd-GCYh9b-OWXEXe-OWB6Me .VfPpkd-gBXA9-bMcfAe:disabled:not(:checked)+.VfPpkd-RsCWK .VfPpkd-wVo5xe-LkdAo{border-color:GrayText}.VfPpkd-GCYh9b.VfPpkd-GCYh9b-OWXEXe-OWB6Me [aria-disabled=true] .VfPpkd-gBXA9-bMcfAe:checked+.VfPpkd-RsCWK .VfPpkd-wVo5xe-LkdAo,.VfPpkd-GCYh9b.VfPpkd-GCYh9b-OWXEXe-OWB6Me .VfPpkd-gBXA9-bMcfAe:disabled:checked+.VfPpkd-RsCWK .VfPpkd-wVo5xe-LkdAo{border-color:GrayText}.VfPpkd-GCYh9b.VfPpkd-GCYh9b-OWXEXe-OWB6Me [aria-disabled=true] .VfPpkd-gBXA9-bMcfAe+.VfPpkd-RsCWK .VfPpkd-Z5TpLc-LkdAo,.VfPpkd-GCYh9b.VfPpkd-GCYh9b-OWXEXe-OWB6Me .VfPpkd-gBXA9-bMcfAe:disabled+.VfPpkd-RsCWK .VfPpkd-Z5TpLc-LkdAo{border-color:GrayText}}.VfPpkd-GCYh9b{display:inline-block;position:relative;flex:0 0 auto;box-sizing:content-box;width:20px;height:20px;cursor:pointer;will-change:opacity,transform,border-color,color}.VfPpkd-GCYh9b[hidden]{display:none}.VfPpkd-RsCWK{display:inline-block;position:relative;box-sizing:border-box;width:20px;height:20px}.VfPpkd-RsCWK::before{position:absolute;transform:scale(0,0);border-radius:50%;opacity:0;pointer-events:none;content:"";transition:opacity .12s 0ms cubic-bezier(.4,0,.6,1),transform .12s 0ms cubic-bezier(.4,0,.6,1)}.VfPpkd-wVo5xe-LkdAo{position:absolute;top:0;left:0;box-sizing:border-box;width:100%;height:100%;border-width:2px;border-style:solid;border-radius:50%;transition:border-color .12s 0ms cubic-bezier(.4,0,.6,1)}.VfPpkd-Z5TpLc-LkdAo{position:absolute;top:0;left:0;box-sizing:border-box;width:100%;height:100%;transform:scale(0,0);border-width:10px;border-style:solid;border-radius:50%;transition:transform .12s 0ms cubic-bezier(.4,0,.6,1),border-color .12s 0ms cubic-bezier(.4,0,.6,1)}.VfPpkd-gBXA9-bMcfAe{position:absolute;margin:0;padding:0;opacity:0;cursor:inherit;z-index:1}.VfPpkd-GCYh9b-OWXEXe-dgl2Hf{margin-top:4px;margin-bottom:4px;margin-right:4px;margin-left:4px}.VfPpkd-GCYh9b-OWXEXe-dgl2Hf .VfPpkd-gBXA9-bMcfAe{top:-4px;right:-4px;left:-4px;width:48px;height:48px}.VfPpkd-GCYh9b.VfPpkd-ksKsZd-mWPk3d-OWXEXe-AHe6Kc-XpnDCe .VfPpkd-r6xRoe-LhBDec,.VfPpkd-GCYh9b:not(.VfPpkd-ksKsZd-mWPk3d):focus .VfPpkd-r6xRoe-LhBDec{pointer-events:none;border:2px solid transparent;border-radius:6px;box-sizing:content-box;position:absolute;top:50%;left:50%;transform:translate(-50%,-50%);height:100%;width:100%}@media screen and (forced-colors:active){.VfPpkd-GCYh9b.VfPpkd-ksKsZd-mWPk3d-OWXEXe-AHe6Kc-XpnDCe .VfPpkd-r6xRoe-LhBDec,.VfPpkd-GCYh9b:not(.VfPpkd-ksKsZd-mWPk3d):focus .VfPpkd-r6xRoe-LhBDec{border-color:CanvasText}}.VfPpkd-GCYh9b.VfPpkd-ksKsZd-mWPk3d-OWXEXe-AHe6Kc-XpnDCe .VfPpkd-r6xRoe-LhBDec::after,.VfPpkd-GCYh9b:not(.VfPpkd-ksKsZd-mWPk3d):focus .VfPpkd-r6xRoe-LhBDec::after{content:"";border:2px solid transparent;border-radius:8px;display:block;position:absolute;top:50%;left:50%;transform:translate(-50%,-50%);height:calc(100% + 4px);width:calc(100% + 4px)}@media screen and (forced-colors:active){.VfPpkd-GCYh9b.VfPpkd-ksKsZd-mWPk3d-OWXEXe-AHe6Kc-XpnDCe .VfPpkd-r6xRoe-LhBDec::after,.VfPpkd-GCYh9b:not(.VfPpkd-ksKsZd-mWPk3d):focus .VfPpkd-r6xRoe-LhBDec::after{border-color:CanvasText}}.VfPpkd-gBXA9-bMcfAe:checked+.VfPpkd-RsCWK,.VfPpkd-gBXA9-bMcfAe:disabled+.VfPpkd-RsCWK{transition:opacity .12s 0ms cubic-bezier(0,0,.2,1),transform .12s 0ms cubic-bezier(0,0,.2,1)}.VfPpkd-gBXA9-bMcfAe:checked+.VfPpkd-RsCWK .VfPpkd-wVo5xe-LkdAo,.VfPpkd-gBXA9-bMcfAe:disabled+.VfPpkd-RsCWK .VfPpkd-wVo5xe-LkdAo{transition:border-color .12s 0ms cubic-bezier(0,0,.2,1)}.VfPpkd-gBXA9-bMcfAe:checked+.VfPpkd-RsCWK .VfPpkd-Z5TpLc-LkdAo,.VfPpkd-gBXA9-bMcfAe:disabled+.VfPpkd-RsCWK .VfPpkd-Z5TpLc-LkdAo{transition:transform .12s 0ms cubic-bezier(0,0,.2,1),border-color .12s 0ms cubic-bezier(0,0,.2,1)}.VfPpkd-GCYh9b-OWXEXe-OWB6Me{cursor:default;pointer-events:none}.VfPpkd-gBXA9-bMcfAe:checked+.VfPpkd-RsCWK .VfPpkd-Z5TpLc-LkdAo{transform:scale(.5);transition:transform .12s 0ms cubic-bezier(0,0,.2,1),border-color .12s 0ms cubic-bezier(0,0,.2,1)}.VfPpkd-gBXA9-bMcfAe:disabled+.VfPpkd-RsCWK,[aria-disabled=true] .VfPpkd-gBXA9-bMcfAe+.VfPpkd-RsCWK{cursor:default}.VfPpkd-gBXA9-bMcfAe:focus+.VfPpkd-RsCWK::before{transform:scale(1);opacity:.12;transition:opacity .12s 0ms cubic-bezier(0,0,.2,1),transform .12s 0ms cubic-bezier(0,0,.2,1)}.VfPpkd-GCYh9b{--mdc-ripple-fg-size:0;--mdc-ripple-left:0;--mdc-ripple-top:0;--mdc-ripple-fg-scale:1;--mdc-ripple-fg-translate-end:0;--mdc-ripple-fg-translate-start:0;-webkit-tap-highlight-color:rgba(0,0,0,0);will-change:transform,opacity}.VfPpkd-GCYh9b .VfPpkd-eHTEvd::before,.VfPpkd-GCYh9b .VfPpkd-eHTEvd::after{position:absolute;border-radius:50%;opacity:0;pointer-events:none;content:""}.VfPpkd-GCYh9b .VfPpkd-eHTEvd::before{transition:opacity 15ms linear,background-color 15ms linear;z-index:1;z-index:var(--mdc-ripple-z-index,1)}.VfPpkd-GCYh9b .VfPpkd-eHTEvd::after{z-index:0;z-index:var(--mdc-ripple-z-index,0)}.VfPpkd-GCYh9b.VfPpkd-ksKsZd-mWPk3d .VfPpkd-eHTEvd::before{transform:scale(var(--mdc-ripple-fg-scale,1))}.VfPpkd-GCYh9b.VfPpkd-ksKsZd-mWPk3d .VfPpkd-eHTEvd::after{top:0;left:0;transform:scale(0);transform-origin:center center}.VfPpkd-GCYh9b.VfPpkd-ksKsZd-mWPk3d-OWXEXe-ZNMTqd .VfPpkd-eHTEvd::after{top:var(--mdc-ripple-top,0);left:var(--mdc-ripple-left,0)}.VfPpkd-GCYh9b.VfPpkd-ksKsZd-mWPk3d-OWXEXe-Tv8l5d-lJfZMc .VfPpkd-eHTEvd::after{animation:mdc-ripple-fg-radius-in 225ms forwards,mdc-ripple-fg-opacity-in 75ms forwards}.VfPpkd-GCYh9b.VfPpkd-ksKsZd-mWPk3d-OWXEXe-Tv8l5d-OmS1vf .VfPpkd-eHTEvd::after{animation:mdc-ripple-fg-opacity-out .15s;transform:translate(var(--mdc-ripple-fg-translate-end,0)) scale(var(--mdc-ripple-fg-scale,1))}.VfPpkd-GCYh9b .VfPpkd-eHTEvd::before,.VfPpkd-GCYh9b .VfPpkd-eHTEvd::after{top:0;left:0;width:100%;height:100%}.VfPpkd-GCYh9b.VfPpkd-ksKsZd-mWPk3d .VfPpkd-eHTEvd::before,.VfPpkd-GCYh9b.VfPpkd-ksKsZd-mWPk3d .VfPpkd-eHTEvd::after{top:var(--mdc-ripple-top,0);left:var(--mdc-ripple-left,0);width:var(--mdc-ripple-fg-size,100%);height:var(--mdc-ripple-fg-size,100%)}.VfPpkd-GCYh9b.VfPpkd-ksKsZd-mWPk3d .VfPpkd-eHTEvd::after{width:var(--mdc-ripple-fg-size,100%);height:var(--mdc-ripple-fg-size,100%)}.VfPpkd-GCYh9b .VfPpkd-eHTEvd::before,.VfPpkd-GCYh9b .VfPpkd-eHTEvd::after{background-color:#018786;background-color:var(--mdc-ripple-color,var(--mdc-theme-secondary,#018786))}.VfPpkd-GCYh9b:hover .VfPpkd-eHTEvd::before,.VfPpkd-GCYh9b.VfPpkd-ksKsZd-XxIAqe-OWXEXe-ZmdkE .VfPpkd-eHTEvd::before{opacity:.04;opacity:var(--mdc-ripple-hover-opacity,.04)}.VfPpkd-GCYh9b.VfPpkd-ksKsZd-mWPk3d-OWXEXe-AHe6Kc-XpnDCe .VfPpkd-eHTEvd::before,.VfPpkd-GCYh9b:not(.VfPpkd-ksKsZd-mWPk3d):focus .VfPpkd-eHTEvd::before{transition-duration:75ms;opacity:.12;opacity:var(--mdc-ripple-focus-opacity,.12)}.VfPpkd-GCYh9b:not(.VfPpkd-ksKsZd-mWPk3d) .VfPpkd-eHTEvd::after{transition:opacity .15s linear}.VfPpkd-GCYh9b:not(.VfPpkd-ksKsZd-mWPk3d):active .VfPpkd-eHTEvd::after{transition-duration:75ms;opacity:.12;opacity:var(--mdc-ripple-press-opacity,.12)}.VfPpkd-GCYh9b.VfPpkd-ksKsZd-mWPk3d{--mdc-ripple-fg-opacity:var(--mdc-ripple-press-opacity,0.12)}.VfPpkd-GCYh9b.VfPpkd-ksKsZd-mWPk3d .VfPpkd-RsCWK::before,.VfPpkd-GCYh9b.VfPpkd-ksKsZd-mWPk3d-OWXEXe-AHe6Kc-XpnDCe .VfPpkd-RsCWK::before{content:none}.VfPpkd-eHTEvd{position:absolute;top:0;left:0;width:100%;height:100%;pointer-events:none}.kDzhGf{z-index:0}.kDzhGf .VfPpkd-eHTEvd::before,.kDzhGf .VfPpkd-eHTEvd::after{z-index:-1}.kDzhGf .VfPpkd-eHTEvd::before,.kDzhGf .VfPpkd-eHTEvd::after{background-color:rgb(26,115,232);background-color:var(--gm-radio-state-color,rgb(26,115,232))}.kDzhGf:hover .VfPpkd-eHTEvd::before,.kDzhGf.VfPpkd-ksKsZd-XxIAqe-OWXEXe-ZmdkE .VfPpkd-eHTEvd::before{opacity:.04;opacity:var(--mdc-ripple-hover-opacity,.04)}.kDzhGf.VfPpkd-ksKsZd-mWPk3d-OWXEXe-AHe6Kc-XpnDCe .VfPpkd-eHTEvd::before,.kDzhGf:not(.VfPpkd-ksKsZd-mWPk3d):focus .VfPpkd-eHTEvd::before{transition-duration:75ms;opacity:.12;opacity:var(--mdc-ripple-focus-opacity,.12)}.kDzhGf:not(.VfPpkd-ksKsZd-mWPk3d) .VfPpkd-eHTEvd::after{transition:opacity .15s linear}.kDzhGf:not(.VfPpkd-ksKsZd-mWPk3d):active .VfPpkd-eHTEvd::after{transition-duration:75ms;opacity:.1;opacity:var(--mdc-ripple-press-opacity,.1)}.kDzhGf .VfPpkd-gBXA9-bMcfAe:enabled:not(:checked)~.VfPpkd-eHTEvd::before,.kDzhGf .VfPpkd-gBXA9-bMcfAe:enabled:not(:checked)~.VfPpkd-eHTEvd::after{background-color:rgb(60,64,67);background-color:var(--gm-radio-state-color,rgb(60,64,67))}.kDzhGf:hover .VfPpkd-gBXA9-bMcfAe:enabled:not(:checked)~.VfPpkd-eHTEvd::before,.kDzhGf.VfPpkd-ksKsZd-XxIAqe-OWXEXe-ZmdkE .VfPpkd-gBXA9-bMcfAe:enabled:not(:checked)~.VfPpkd-eHTEvd::before{opacity:.04;opacity:var(--mdc-ripple-hover-opacity,.04)}.kDzhGf.VfPpkd-ksKsZd-mWPk3d-OWXEXe-AHe6Kc-XpnDCe .VfPpkd-gBXA9-bMcfAe:enabled:not(:checked)~.VfPpkd-eHTEvd::before,.kDzhGf:not(.VfPpkd-ksKsZd-mWPk3d):focus .VfPpkd-gBXA9-bMcfAe:enabled:not(:checked)~.VfPpkd-eHTEvd::before{transition-duration:75ms;opacity:.12;opacity:var(--mdc-ripple-focus-opacity,.12)}.kDzhGf:not(.VfPpkd-ksKsZd-mWPk3d) .VfPpkd-gBXA9-bMcfAe:enabled:not(:checked)~.VfPpkd-eHTEvd::after{transition:opacity .15s linear}.kDzhGf:not(.VfPpkd-ksKsZd-mWPk3d):active .VfPpkd-gBXA9-bMcfAe:enabled:not(:checked)~.VfPpkd-eHTEvd::after{transition-duration:75ms;opacity:.1;opacity:var(--mdc-ripple-press-opacity,.1)}.kDzhGf.VfPpkd-ksKsZd-mWPk3d{--mdc-ripple-fg-opacity:var(--mdc-ripple-press-opacity,0.1)}.kDzhGf .VfPpkd-gBXA9-bMcfAe:enabled:not(:checked)+.VfPpkd-RsCWK .VfPpkd-wVo5xe-LkdAo{border-color:rgb(95,99,104);border-color:var(--gm-radio-stroke-color--unchecked,rgb(95,99,104))}.kDzhGf .VfPpkd-gBXA9-bMcfAe:enabled:checked+.VfPpkd-RsCWK .VfPpkd-wVo5xe-LkdAo{border-color:rgb(26,115,232);border-color:var(--gm-radio-stroke-color--checked,rgb(26,115,232))}.kDzhGf .VfPpkd-gBXA9-bMcfAe:enabled+.VfPpkd-RsCWK .VfPpkd-Z5TpLc-LkdAo{border-color:rgb(26,115,232);border-color:var(--gm-radio-ink-color,rgb(26,115,232))}.kDzhGf [aria-disabled=true] .VfPpkd-gBXA9-bMcfAe:not(:checked)+.VfPpkd-RsCWK .VfPpkd-wVo5xe-LkdAo,.kDzhGf .VfPpkd-gBXA9-bMcfAe:disabled:not(:checked)+.VfPpkd-RsCWK .VfPpkd-wVo5xe-LkdAo{border-color:rgba(60,64,67,.38);border-color:var(--gm-radio-disabled-stroke-color--unchecked,rgba(60,64,67,.38))}.kDzhGf [aria-disabled=true] .VfPpkd-gBXA9-bMcfAe:checked+.VfPpkd-RsCWK .VfPpkd-wVo5xe-LkdAo,.kDzhGf .VfPpkd-gBXA9-bMcfAe:disabled:checked+.VfPpkd-RsCWK .VfPpkd-wVo5xe-LkdAo{border-color:rgba(60,64,67,.38);border-color:var(--gm-radio-disabled-stroke-color--checked,rgba(60,64,67,.38))}.kDzhGf [aria-disabled=true] .VfPpkd-gBXA9-bMcfAe+.VfPpkd-RsCWK .VfPpkd-Z5TpLc-LkdAo,.kDzhGf .VfPpkd-gBXA9-bMcfAe:disabled+.VfPpkd-RsCWK .VfPpkd-Z5TpLc-LkdAo{border-color:rgba(60,64,67,.38);border-color:var(--gm-radio-disabled-ink-color,rgba(60,64,67,.38))}.kDzhGf .VfPpkd-RsCWK::before{background-color:rgb(26,115,232);background-color:var(--gm-radio-state-color,rgb(26,115,232))}.kDzhGf:hover .VfPpkd-gBXA9-bMcfAe:enabled:not(:checked)+.VfPpkd-RsCWK .VfPpkd-wVo5xe-LkdAo,.kDzhGf.VfPpkd-ksKsZd-mWPk3d-OWXEXe-AHe6Kc-XpnDCe .VfPpkd-gBXA9-bMcfAe:enabled:not(:checked)+.VfPpkd-RsCWK .VfPpkd-wVo5xe-LkdAo,.kDzhGf:not(.VfPpkd-ksKsZd-mWPk3d):focus .VfPpkd-gBXA9-bMcfAe:enabled:not(:checked)+.VfPpkd-RsCWK .VfPpkd-wVo5xe-LkdAo,.kDzhGf:active .VfPpkd-gBXA9-bMcfAe:enabled:not(:checked)+.VfPpkd-RsCWK .VfPpkd-wVo5xe-LkdAo{border-color:rgb(32,33,36);border-color:var(--gm-radio-stroke-color--unchecked-stateful,rgb(32,33,36))}.kDzhGf:hover .VfPpkd-gBXA9-bMcfAe:enabled:checked+.VfPpkd-RsCWK .VfPpkd-wVo5xe-LkdAo,.kDzhGf.VfPpkd-ksKsZd-mWPk3d-OWXEXe-AHe6Kc-XpnDCe .VfPpkd-gBXA9-bMcfAe:enabled:checked+.VfPpkd-RsCWK .VfPpkd-wVo5xe-LkdAo,.kDzhGf:not(.VfPpkd-ksKsZd-mWPk3d):focus .VfPpkd-gBXA9-bMcfAe:enabled:checked+.VfPpkd-RsCWK .VfPpkd-wVo5xe-LkdAo,.kDzhGf:active .VfPpkd-gBXA9-bMcfAe:enabled:checked+.VfPpkd-RsCWK .VfPpkd-wVo5xe-LkdAo{border-color:rgb(23,78,166);border-color:var(--gm-radio-stroke-color--checked-stateful,rgb(23,78,166))}.kDzhGf:hover .VfPpkd-gBXA9-bMcfAe:enabled+.VfPpkd-RsCWK .VfPpkd-Z5TpLc-LkdAo,.kDzhGf.VfPpkd-ksKsZd-mWPk3d-OWXEXe-AHe6Kc-XpnDCe .VfPpkd-gBXA9-bMcfAe:enabled+.VfPpkd-RsCWK .VfPpkd-Z5TpLc-LkdAo,.kDzhGf:not(.VfPpkd-ksKsZd-mWPk3d):focus .VfPpkd-gBXA9-bMcfAe:enabled+.VfPpkd-RsCWK .VfPpkd-Z5TpLc-LkdAo,.kDzhGf:active .VfPpkd-gBXA9-bMcfAe:enabled+.VfPpkd-RsCWK .VfPpkd-Z5TpLc-LkdAo{border-color:rgb(23,78,166);border-color:var(--gm-radio-ink-color--stateful,rgb(23,78,166))}.wHsUjf{will-change:unset}c-wiz{contain:style}c-wiz>c-data{display:none}c-wiz.rETSD{contain:none}c-wiz.Ubi8Z{contain:layout style}.llhEMd{transition:opacity .15s cubic-bezier(0.4,0,0.2,1) .15s;background-color:rgba(0,0,0,0.502);bottom:0;left:0;opacity:0;position:fixed;right:0;top:0;z-index:5000}.llhEMd.iWO5td{transition:opacity .05s cubic-bezier(0.4,0,0.2,1);opacity:1}.mjANdc{transition:transform .4s cubic-bezier(0.4,0,0.2,1);-webkit-transition:transform .4s cubic-bezier(0.4,0,0.2,1),-webkit-transform .4s cubic-bezier(0.4,0,0.2,1);transition:transform .4s cubic-bezier(0.4,0,0.2,1),-webkit-transform .4s cubic-bezier(0.4,0,0.2,1);-webkit-box-align:center;box-align:center;align-items:center;display:flex;-webkit-box-orient:vertical;box-orient:vertical;flex-direction:column;bottom:0;left:0;padding:0 5%;position:absolute;right:0;top:0}.x3wWge,.ONJhl{display:block;height:3em}.eEPege>.x3wWge,.eEPege>.ONJhl{box-flex:1;flex-grow:1}.J9Nfi{flex-shrink:1;max-height:100%}.Wf6lSd{display:flex;justify-content:flex-start;height:48px;height:var(
    --c-brsz,48px
  )}.bEbGY{justify-content:center}.njAxm{height:auto;padding-top:48px;min-height:48px;min-height:var(
    --c-brsz,48px
  )}.no7ij{display:flex;align-items:center;border-bottom:1px solid;height:48px;left:0;padding:0 16px;position:absolute;right:0;top:4px;border-color:#c4c7c5;border-color:var(--gm3-sys-color-outline-variant,#c4c7c5)}.WHUyzc{color:var(--gm3-sys-color-on-surface-variant,#444746);font-size:0.875rem;font-weight:500;line-height:1.4285714286;letter-spacing:0rem}.no7ij .PDfDtf{height:24px;margin-right:12px}.no7ij .th8JXc{display:block;height:24px;position:relative;width:20px}.D9CCrb{color:#0b57d0;color:var(--gm3-sys-color-primary,#0b57d0)}.dJRqtd{display:block;height:48px;height:var(
    --c-brsz,48px
  );width:48px;width:var(
    --c-brsz,48px
  )}.O1htCb-H9tDt{display:inline-flex;flex-direction:column;position:relative}.O1htCb-H9tDt[hidden]{display:none}.VfPpkd-O1htCb{display:inline-flex;position:relative}.VfPpkd-O1htCb .VfPpkd-NLUYnc-V67aGc{top:50%;transform:translateY(-50%);pointer-events:none}.VfPpkd-O1htCb .VfPpkd-YPmvEd .VfPpkd-StrnGf-rymPhb-ibnC6b{padding-left:16px;padding-right:16px}[dir=rtl] .VfPpkd-O1htCb .VfPpkd-YPmvEd .VfPpkd-StrnGf-rymPhb-ibnC6b,.VfPpkd-O1htCb .VfPpkd-YPmvEd .VfPpkd-StrnGf-rymPhb-ibnC6b[dir=rtl]{padding-left:16px;padding-right:16px}.VfPpkd-O1htCb .VfPpkd-YPmvEd .VfPpkd-StrnGf-rymPhb-f7MjDc{margin-left:0;margin-right:12px}[dir=rtl] .VfPpkd-O1htCb .VfPpkd-YPmvEd .VfPpkd-StrnGf-rymPhb-f7MjDc,.VfPpkd-O1htCb .VfPpkd-YPmvEd .VfPpkd-StrnGf-rymPhb-f7MjDc[dir=rtl]{margin-left:12px;margin-right:0}.VfPpkd-O1htCb[hidden]{display:none}.VfPpkd-t08AT-Bz112c{display:inline-flex;position:relative;align-self:center;align-items:center;justify-content:center;flex-shrink:0;pointer-events:none}.VfPpkd-t08AT-Bz112c .VfPpkd-t08AT-Bz112c-auswjd,.VfPpkd-t08AT-Bz112c .VfPpkd-t08AT-Bz112c-mt1Mkb{position:absolute;top:0;left:0}.VfPpkd-t08AT-Bz112c .VfPpkd-t08AT-Bz112c-Bd00G{width:41.6666666667%;height:20.8333333333%}.VfPpkd-t08AT-Bz112c .VfPpkd-t08AT-Bz112c-mt1Mkb{opacity:1;transition:opacity 75ms linear 75ms}.VfPpkd-t08AT-Bz112c .VfPpkd-t08AT-Bz112c-auswjd{opacity:0;transition:opacity 75ms linear}.VfPpkd-O1htCb-OWXEXe-pXU01b .VfPpkd-t08AT-Bz112c .VfPpkd-t08AT-Bz112c-mt1Mkb{opacity:0;transition:opacity 49.5ms linear}.VfPpkd-O1htCb-OWXEXe-pXU01b .VfPpkd-t08AT-Bz112c .VfPpkd-t08AT-Bz112c-auswjd{opacity:1;transition:opacity .1005s linear 49.5ms}.VfPpkd-TkwUic{min-width:0;flex:1 1 auto;position:relative;box-sizing:border-box;overflow:hidden;outline:none;cursor:pointer}.VfPpkd-aPP78e{position:absolute;top:50%;height:48px;left:0;right:0;transform:translateY(-50%)}.VfPpkd-uusGie-fmcmS-haAclf{display:flex;-webkit-appearance:none;appearance:none;pointer-events:none;box-sizing:border-box;width:auto;min-width:0;flex-grow:1;border:none;outline:none;padding:0;background-color:transparent;color:inherit}.VfPpkd-uusGie-fmcmS{-moz-osx-font-smoothing:grayscale;-webkit-font-smoothing:antialiased;font-family:Roboto,sans-serif;font-family:var(--mdc-typography-subtitle1-font-family,var(--mdc-typography-font-family,Roboto,sans-serif));font-size:1rem;font-size:var(--mdc-typography-subtitle1-font-size,1rem);line-height:1.75rem;line-height:var(--mdc-typography-subtitle1-line-height,1.75rem);font-weight:400;font-weight:var(--mdc-typography-subtitle1-font-weight,400);letter-spacing:.009375em;letter-spacing:var(--mdc-typography-subtitle1-letter-spacing,.009375em);text-decoration:inherit;-webkit-text-decoration:var(--mdc-typography-subtitle1-text-decoration,inherit);text-decoration:var(--mdc-typography-subtitle1-text-decoration,inherit);text-transform:inherit;text-transform:var(--mdc-typography-subtitle1-text-transform,inherit);text-overflow:ellipsis;white-space:nowrap;overflow:hidden;display:block;width:100%;text-align:left}[dir=rtl] .VfPpkd-uusGie-fmcmS,.VfPpkd-uusGie-fmcmS[dir=rtl]{text-align:right}.VfPpkd-O1htCb-OWXEXe-OWB6Me{cursor:default;pointer-events:none}.VfPpkd-O1htCb-OWXEXe-SfQLQb-M1Soyc-Bz112c .VfPpkd-YPmvEd .VfPpkd-StrnGf-rymPhb-ibnC6b{padding-left:12px;padding-right:12px}[dir=rtl] .VfPpkd-O1htCb-OWXEXe-SfQLQb-M1Soyc-Bz112c .VfPpkd-YPmvEd .VfPpkd-StrnGf-rymPhb-ibnC6b,.VfPpkd-O1htCb-OWXEXe-SfQLQb-M1Soyc-Bz112c .VfPpkd-YPmvEd .VfPpkd-StrnGf-rymPhb-ibnC6b[dir=rtl]{padding-left:12px;padding-right:12px}@media (-ms-high-contrast:active),screen and (forced-colors:active){.VfPpkd-YPmvEd::before{position:absolute;box-sizing:border-box;width:100%;height:100%;top:0;left:0;border:1px solid transparent;border-radius:inherit;content:"";pointer-events:none}}@media screen and (-ms-high-contrast:active) and (forced-colors:active),screen and (forced-colors:active) and (forced-colors:active){.VfPpkd-YPmvEd::before{border-color:CanvasText}}.VfPpkd-YPmvEd .VfPpkd-StrnGf-rymPhb .VfPpkd-cTi5dd,.VfPpkd-YPmvEd .VfPpkd-rymPhb .VfPpkd-cTi5dd{margin-left:0;margin-right:0}[dir=rtl] .VfPpkd-YPmvEd .VfPpkd-StrnGf-rymPhb .VfPpkd-cTi5dd,[dir=rtl] .VfPpkd-YPmvEd .VfPpkd-rymPhb .VfPpkd-cTi5dd,.VfPpkd-YPmvEd .VfPpkd-StrnGf-rymPhb .VfPpkd-cTi5dd[dir=rtl],.VfPpkd-YPmvEd .VfPpkd-rymPhb .VfPpkd-cTi5dd[dir=rtl]{margin-left:0;margin-right:0}.VfPpkd-YPmvEd .VfPpkd-StrnGf-rymPhb .VfPpkd-StrnGf-rymPhb-ibnC6b-OWXEXe-gk6SMd,.VfPpkd-YPmvEd .VfPpkd-StrnGf-rymPhb .VfPpkd-StrnGf-rymPhb-ibnC6b-OWXEXe-pXU01b,.VfPpkd-YPmvEd .VfPpkd-rymPhb .VfPpkd-StrnGf-rymPhb-ibnC6b-OWXEXe-gk6SMd,.VfPpkd-YPmvEd .VfPpkd-rymPhb .VfPpkd-StrnGf-rymPhb-ibnC6b-OWXEXe-pXU01b{color:#000;color:var(--mdc-theme-on-surface,#000)}.VfPpkd-YPmvEd .VfPpkd-StrnGf-rymPhb .VfPpkd-StrnGf-rymPhb-ibnC6b-OWXEXe-gk6SMd .VfPpkd-StrnGf-rymPhb-f7MjDc,.VfPpkd-YPmvEd .VfPpkd-StrnGf-rymPhb .VfPpkd-StrnGf-rymPhb-ibnC6b-OWXEXe-pXU01b .VfPpkd-StrnGf-rymPhb-f7MjDc,.VfPpkd-YPmvEd .VfPpkd-rymPhb .VfPpkd-StrnGf-rymPhb-ibnC6b-OWXEXe-gk6SMd .VfPpkd-StrnGf-rymPhb-f7MjDc,.VfPpkd-YPmvEd .VfPpkd-rymPhb .VfPpkd-StrnGf-rymPhb-ibnC6b-OWXEXe-pXU01b .VfPpkd-StrnGf-rymPhb-f7MjDc{color:#000;color:var(--mdc-theme-on-surface,#000)}.VfPpkd-YPmvEd .VfPpkd-rymPhb-KkROqb{display:inline-flex;align-items:center}.VfPpkd-OkbHre{padding-left:16px;padding-right:16px}[dir=rtl] .VfPpkd-OkbHre,.VfPpkd-OkbHre[dir=rtl]{padding-left:16px;padding-right:16px}.VfPpkd-aJasdd-RWgCYc-wQNmvb.VfPpkd-rymPhb-ibnC6b-OWXEXe-SfQLQb-Woal0c-RWgCYc{height:48px}.VfPpkd-hjZysc-RWgCYc-wQNmvb.VfPpkd-rymPhb-ibnC6b-OWXEXe-SfQLQb-aSi1db-MCEKJb{height:64px}.VfPpkd-hjZysc-RWgCYc-wQNmvb.VfPpkd-rymPhb-ibnC6b-OWXEXe-SfQLQb-aSi1db-MCEKJb .VfPpkd-rymPhb-KkROqb{margin-top:20px}.VfPpkd-hjZysc-RWgCYc-wQNmvb.VfPpkd-rymPhb-ibnC6b-OWXEXe-SfQLQb-aSi1db-MCEKJb .VfPpkd-rymPhb-fpDzbe-fmcmS{display:block;margin-top:0;line-height:normal;margin-bottom:-20px}.VfPpkd-hjZysc-RWgCYc-wQNmvb.VfPpkd-rymPhb-ibnC6b-OWXEXe-SfQLQb-aSi1db-MCEKJb .VfPpkd-rymPhb-fpDzbe-fmcmS::before{display:inline-block;width:0;height:28px;content:"";vertical-align:0}.VfPpkd-hjZysc-RWgCYc-wQNmvb.VfPpkd-rymPhb-ibnC6b-OWXEXe-SfQLQb-aSi1db-MCEKJb .VfPpkd-rymPhb-fpDzbe-fmcmS::after{display:inline-block;width:0;height:20px;content:"";vertical-align:-20px}.VfPpkd-hjZysc-RWgCYc-wQNmvb.VfPpkd-rymPhb-ibnC6b-OWXEXe-SfQLQb-aSi1db-MCEKJb.VfPpkd-rymPhb-ibnC6b-OWXEXe-SfQLQb-UbuQg-r4m2rf .VfPpkd-rymPhb-JMEf7e{display:block;margin-top:0;line-height:normal}.VfPpkd-hjZysc-RWgCYc-wQNmvb.VfPpkd-rymPhb-ibnC6b-OWXEXe-SfQLQb-aSi1db-MCEKJb.VfPpkd-rymPhb-ibnC6b-OWXEXe-SfQLQb-UbuQg-r4m2rf .VfPpkd-rymPhb-JMEf7e::before{display:inline-block;width:0;height:36px;content:"";vertical-align:0}.VfPpkd-OkbHre-SfQLQb-M1Soyc-bN97Pc{padding-left:0;padding-right:12px}.VfPpkd-OkbHre-SfQLQb-M1Soyc-bN97Pc.VfPpkd-rymPhb-ibnC6b{padding-left:0;padding-right:auto}[dir=rtl] .VfPpkd-OkbHre-SfQLQb-M1Soyc-bN97Pc.VfPpkd-rymPhb-ibnC6b,.VfPpkd-OkbHre-SfQLQb-M1Soyc-bN97Pc.VfPpkd-rymPhb-ibnC6b[dir=rtl]{padding-left:auto;padding-right:0}.VfPpkd-OkbHre-SfQLQb-M1Soyc-bN97Pc .VfPpkd-rymPhb-KkROqb{margin-left:12px;margin-right:0}[dir=rtl] .VfPpkd-OkbHre-SfQLQb-M1Soyc-bN97Pc .VfPpkd-rymPhb-KkROqb,.VfPpkd-OkbHre-SfQLQb-M1Soyc-bN97Pc .VfPpkd-rymPhb-KkROqb[dir=rtl]{margin-left:0;margin-right:12px}.VfPpkd-OkbHre-SfQLQb-M1Soyc-bN97Pc .VfPpkd-rymPhb-KkROqb{width:36px;height:24px}[dir=rtl] .VfPpkd-OkbHre-SfQLQb-M1Soyc-bN97Pc,.VfPpkd-OkbHre-SfQLQb-M1Soyc-bN97Pc[dir=rtl]{padding-left:12px;padding-right:0}.VfPpkd-OkbHre-SfQLQb-r4m2rf.VfPpkd-rymPhb-ibnC6b{padding-left:auto;padding-right:0}[dir=rtl] .VfPpkd-OkbHre-SfQLQb-r4m2rf.VfPpkd-rymPhb-ibnC6b,.VfPpkd-OkbHre-SfQLQb-r4m2rf.VfPpkd-rymPhb-ibnC6b[dir=rtl]{padding-left:0;padding-right:auto}.VfPpkd-OkbHre-SfQLQb-r4m2rf .VfPpkd-rymPhb-JMEf7e{margin-left:12px;margin-right:12px}[dir=rtl] .VfPpkd-OkbHre-SfQLQb-r4m2rf .VfPpkd-rymPhb-JMEf7e,.VfPpkd-OkbHre-SfQLQb-r4m2rf .VfPpkd-rymPhb-JMEf7e[dir=rtl]{margin-left:12px;margin-right:12px}.VfPpkd-O1htCb-OWXEXe-MFS4be .VfPpkd-xl07Ob-XxIAqe-OWXEXe-uxVfW-FNFY6c-uFfGwd{border-top-left-radius:0;border-top-right-radius:0}.VfPpkd-O1htCb-OWXEXe-MFS4be.VfPpkd-O1htCb-OWXEXe-XpnDCe.VfPpkd-RWgCYc-ksKsZd::after{transform:scale(1,2);opacity:1}.VfPpkd-O1htCb-OWXEXe-MFS4be .VfPpkd-TkwUic{height:56px;display:flex;align-items:baseline}.VfPpkd-O1htCb-OWXEXe-MFS4be .VfPpkd-TkwUic::before{display:inline-block;width:0;height:40px;content:"";vertical-align:0}.VfPpkd-O1htCb-OWXEXe-MFS4be.VfPpkd-O1htCb-OWXEXe-di8rgd-V67aGc .VfPpkd-TkwUic .VfPpkd-uusGie-fmcmS::before{content:"​"}.VfPpkd-O1htCb-OWXEXe-MFS4be.VfPpkd-O1htCb-OWXEXe-di8rgd-V67aGc .VfPpkd-TkwUic .VfPpkd-uusGie-fmcmS-haAclf{height:100%;display:inline-flex;align-items:center}.VfPpkd-O1htCb-OWXEXe-MFS4be.VfPpkd-O1htCb-OWXEXe-di8rgd-V67aGc .VfPpkd-TkwUic::before{display:none}.VfPpkd-O1htCb-OWXEXe-MFS4be .VfPpkd-TkwUic{border-top-left-radius:4px;border-top-left-radius:var(--mdc-shape-small,4px);border-top-right-radius:4px;border-top-right-radius:var(--mdc-shape-small,4px);border-bottom-right-radius:0;border-bottom-left-radius:0}.VfPpkd-O1htCb-OWXEXe-MFS4be:not(.VfPpkd-O1htCb-OWXEXe-OWB6Me) .VfPpkd-TkwUic{background-color:rgb(244.8,244.8,244.8)}.VfPpkd-O1htCb-OWXEXe-MFS4be.VfPpkd-O1htCb-OWXEXe-OWB6Me .VfPpkd-TkwUic{background-color:rgb(249.9,249.9,249.9)}.VfPpkd-O1htCb-OWXEXe-MFS4be:not(.VfPpkd-O1htCb-OWXEXe-OWB6Me) .VfPpkd-RWgCYc-ksKsZd::before{border-bottom-color:rgba(0,0,0,.42)}.VfPpkd-O1htCb-OWXEXe-MFS4be:not(.VfPpkd-O1htCb-OWXEXe-OWB6Me):hover .VfPpkd-RWgCYc-ksKsZd::before{border-bottom-color:rgba(0,0,0,.87)}.VfPpkd-O1htCb-OWXEXe-MFS4be:not(.VfPpkd-O1htCb-OWXEXe-OWB6Me) .VfPpkd-RWgCYc-ksKsZd::after{border-bottom-color:#6200ee;border-bottom-color:var(--mdc-theme-primary,#6200ee)}.VfPpkd-O1htCb-OWXEXe-MFS4be.VfPpkd-O1htCb-OWXEXe-OWB6Me .VfPpkd-RWgCYc-ksKsZd::before{border-bottom-color:rgba(0,0,0,.06)}.VfPpkd-O1htCb-OWXEXe-MFS4be .VfPpkd-NLUYnc-V67aGc{max-width:calc(100% - 64px)}.VfPpkd-O1htCb-OWXEXe-MFS4be .VfPpkd-NLUYnc-V67aGc-OWXEXe-TATcMc-KLRBe{max-width:calc(133.3333333333% - 85.3333333333px)}.VfPpkd-O1htCb-OWXEXe-MFS4be .VfPpkd-NLUYnc-V67aGc{left:16px;right:auto}[dir=rtl] .VfPpkd-O1htCb-OWXEXe-MFS4be .VfPpkd-NLUYnc-V67aGc,.VfPpkd-O1htCb-OWXEXe-MFS4be .VfPpkd-NLUYnc-V67aGc[dir=rtl]{left:auto;right:16px}.VfPpkd-O1htCb-OWXEXe-MFS4be.VfPpkd-O1htCb-OWXEXe-SfQLQb-M1Soyc-Bz112c .VfPpkd-NLUYnc-V67aGc{left:48px;right:auto}[dir=rtl] .VfPpkd-O1htCb-OWXEXe-MFS4be.VfPpkd-O1htCb-OWXEXe-SfQLQb-M1Soyc-Bz112c .VfPpkd-NLUYnc-V67aGc,.VfPpkd-O1htCb-OWXEXe-MFS4be.VfPpkd-O1htCb-OWXEXe-SfQLQb-M1Soyc-Bz112c .VfPpkd-NLUYnc-V67aGc[dir=rtl]{left:auto;right:48px}.VfPpkd-O1htCb-OWXEXe-MFS4be.VfPpkd-O1htCb-OWXEXe-SfQLQb-M1Soyc-Bz112c .VfPpkd-NLUYnc-V67aGc{max-width:calc(100% - 96px)}.VfPpkd-O1htCb-OWXEXe-MFS4be.VfPpkd-O1htCb-OWXEXe-SfQLQb-M1Soyc-Bz112c .VfPpkd-NLUYnc-V67aGc-OWXEXe-TATcMc-KLRBe{max-width:calc(133.3333333333% - 128px)}.VfPpkd-O1htCb-OWXEXe-UJflGc:not(.VfPpkd-O1htCb-OWXEXe-OWB6Me) .VfPpkd-RWgCYc-ksKsZd::before{border-bottom-color:#b00020;border-bottom-color:var(--mdc-theme-error,#b00020)}.VfPpkd-O1htCb-OWXEXe-UJflGc:not(.VfPpkd-O1htCb-OWXEXe-OWB6Me):hover .VfPpkd-RWgCYc-ksKsZd::before{border-bottom-color:#b00020;border-bottom-color:var(--mdc-theme-error,#b00020)}.VfPpkd-O1htCb-OWXEXe-UJflGc:not(.VfPpkd-O1htCb-OWXEXe-OWB6Me) .VfPpkd-RWgCYc-ksKsZd::after{border-bottom-color:#b00020;border-bottom-color:var(--mdc-theme-error,#b00020)}.VfPpkd-O1htCb-OWXEXe-INsAgc{border:none}.VfPpkd-O1htCb-OWXEXe-INsAgc .VfPpkd-TkwUic{display:flex;align-items:baseline;overflow:visible}.VfPpkd-O1htCb-OWXEXe-INsAgc .VfPpkd-uusGie-fmcmS-haAclf{display:flex;border:none;z-index:1;background-color:transparent}.VfPpkd-O1htCb-OWXEXe-INsAgc .VfPpkd-cTi5dd{z-index:2}.VfPpkd-O1htCb-OWXEXe-INsAgc .VfPpkd-xl07Ob-XxIAqe{margin-bottom:8px}.VfPpkd-O1htCb-OWXEXe-INsAgc.VfPpkd-O1htCb-OWXEXe-di8rgd-V67aGc .VfPpkd-xl07Ob-XxIAqe,.VfPpkd-O1htCb-OWXEXe-INsAgc .VfPpkd-xl07Ob-XxIAqe-OWXEXe-uxVfW-FNFY6c-uFfGwd{margin-bottom:0}.VfPpkd-O1htCb-OWXEXe-INsAgc .VfPpkd-TkwUic{height:56px}.VfPpkd-O1htCb-OWXEXe-INsAgc .VfPpkd-TkwUic .VfPpkd-NLUYnc-V67aGc-OWXEXe-bF1zU{animation:mdc-floating-label-shake-float-above-select-outlined-56px .25s 1}@keyframes mdc-floating-label-shake-float-above-select-outlined-56px{0%{transform:translateX(0) translateY(-34.75px) scale(.75)}33%{animation-timing-function:cubic-bezier(.5,0,.701732,.495819);transform:translateX(4%) translateY(-34.75px) scale(.75)}66%{animation-timing-function:cubic-bezier(.302435,.381352,.55,.956352);transform:translateX(-4%) translateY(-34.75px) scale(.75)}100%{transform:translateX(0) translateY(-34.75px) scale(.75)}}.VfPpkd-O1htCb-OWXEXe-INsAgc .VfPpkd-NSFCdd-i5vt6e .VfPpkd-NSFCdd-Brv4Fb{border-top-left-radius:4px;border-top-left-radius:var(--mdc-shape-small,4px);border-top-right-radius:0;border-bottom-right-radius:0;border-bottom-left-radius:4px;border-bottom-left-radius:var(--mdc-shape-small,4px)}[dir=rtl] .VfPpkd-O1htCb-OWXEXe-INsAgc .VfPpkd-NSFCdd-i5vt6e .VfPpkd-NSFCdd-Brv4Fb,.VfPpkd-O1htCb-OWXEXe-INsAgc .VfPpkd-NSFCdd-i5vt6e .VfPpkd-NSFCdd-Brv4Fb[dir=rtl]{border-top-left-radius:0;border-top-right-radius:4px;border-top-right-radius:var(--mdc-shape-small,4px);border-bottom-right-radius:4px;border-bottom-right-radius:var(--mdc-shape-small,4px);border-bottom-left-radius:0}@supports (top:max(0%)){.VfPpkd-O1htCb-OWXEXe-INsAgc .VfPpkd-NSFCdd-i5vt6e .VfPpkd-NSFCdd-Brv4Fb{width:max(12px,var(--mdc-shape-small,4px))}}@supports (top:max(0%)){.VfPpkd-O1htCb-OWXEXe-INsAgc .VfPpkd-NSFCdd-i5vt6e .VfPpkd-NSFCdd-Ra9xwd{max-width:calc(100% - max(12px, var(--mdc-shape-small, 4px))*2)}}.VfPpkd-O1htCb-OWXEXe-INsAgc .VfPpkd-NSFCdd-i5vt6e .VfPpkd-NSFCdd-MpmGFe{border-top-left-radius:0;border-top-right-radius:4px;border-top-right-radius:var(--mdc-shape-small,4px);border-bottom-right-radius:4px;border-bottom-right-radius:var(--mdc-shape-small,4px);border-bottom-left-radius:0}[dir=rtl] .VfPpkd-O1htCb-OWXEXe-INsAgc .VfPpkd-NSFCdd-i5vt6e .VfPpkd-NSFCdd-MpmGFe,.VfPpkd-O1htCb-OWXEXe-INsAgc .VfPpkd-NSFCdd-i5vt6e .VfPpkd-NSFCdd-MpmGFe[dir=rtl]{border-top-left-radius:4px;border-top-left-radius:var(--mdc-shape-small,4px);border-top-right-radius:0;border-bottom-right-radius:0;border-bottom-left-radius:4px;border-bottom-left-radius:var(--mdc-shape-small,4px)}@supports (top:max(0%)){.VfPpkd-O1htCb-OWXEXe-INsAgc .VfPpkd-TkwUic{padding-left:max(16px,calc(var(--mdc-shape-small, 4px) + 4px))}}[dir=rtl] .VfPpkd-O1htCb-OWXEXe-INsAgc .VfPpkd-TkwUic,.VfPpkd-O1htCb-OWXEXe-INsAgc .VfPpkd-TkwUic[dir=rtl]{padding-left:0}@supports (top:max(0%)){[dir=rtl] .VfPpkd-O1htCb-OWXEXe-INsAgc .VfPpkd-TkwUic,.VfPpkd-O1htCb-OWXEXe-INsAgc .VfPpkd-TkwUic[dir=rtl]{padding-right:max(16px,calc(var(--mdc-shape-small, 4px) + 4px))}}@supports (top:max(0%)){.VfPpkd-O1htCb-OWXEXe-INsAgc+.VfPpkd-O1htCb-W0vJo-fmcmS{margin-left:max(16px,calc(var(--mdc-shape-small, 4px) + 4px))}}[dir=rtl] .VfPpkd-O1htCb-OWXEXe-INsAgc+.VfPpkd-O1htCb-W0vJo-fmcmS,.VfPpkd-O1htCb-OWXEXe-INsAgc+.VfPpkd-O1htCb-W0vJo-fmcmS[dir=rtl]{margin-left:0}@supports (top:max(0%)){[dir=rtl] .VfPpkd-O1htCb-OWXEXe-INsAgc+.VfPpkd-O1htCb-W0vJo-fmcmS,.VfPpkd-O1htCb-OWXEXe-INsAgc+.VfPpkd-O1htCb-W0vJo-fmcmS[dir=rtl]{margin-right:max(16px,calc(var(--mdc-shape-small, 4px) + 4px))}}.VfPpkd-O1htCb-OWXEXe-INsAgc:not(.VfPpkd-O1htCb-OWXEXe-OWB6Me) .VfPpkd-TkwUic{background-color:transparent}.VfPpkd-O1htCb-OWXEXe-INsAgc.VfPpkd-O1htCb-OWXEXe-OWB6Me .VfPpkd-TkwUic{background-color:transparent}.VfPpkd-O1htCb-OWXEXe-INsAgc:not(.VfPpkd-O1htCb-OWXEXe-OWB6Me) .VfPpkd-NSFCdd-Brv4Fb,.VfPpkd-O1htCb-OWXEXe-INsAgc:not(.VfPpkd-O1htCb-OWXEXe-OWB6Me) .VfPpkd-NSFCdd-Ra9xwd,.VfPpkd-O1htCb-OWXEXe-INsAgc:not(.VfPpkd-O1htCb-OWXEXe-OWB6Me) .VfPpkd-NSFCdd-MpmGFe{border-color:rgba(0,0,0,.38)}.VfPpkd-O1htCb-OWXEXe-INsAgc:not(.VfPpkd-O1htCb-OWXEXe-OWB6Me):not(.VfPpkd-O1htCb-OWXEXe-XpnDCe) .VfPpkd-TkwUic:hover .VfPpkd-NSFCdd-i5vt6e .VfPpkd-NSFCdd-Brv4Fb,.VfPpkd-O1htCb-OWXEXe-INsAgc:not(.VfPpkd-O1htCb-OWXEXe-OWB6Me):not(.VfPpkd-O1htCb-OWXEXe-XpnDCe) .VfPpkd-TkwUic:hover .VfPpkd-NSFCdd-i5vt6e .VfPpkd-NSFCdd-Ra9xwd,.VfPpkd-O1htCb-OWXEXe-INsAgc:not(.VfPpkd-O1htCb-OWXEXe-OWB6Me):not(.VfPpkd-O1htCb-OWXEXe-XpnDCe) .VfPpkd-TkwUic:hover .VfPpkd-NSFCdd-i5vt6e .VfPpkd-NSFCdd-MpmGFe{border-color:rgba(0,0,0,.87)}.VfPpkd-O1htCb-OWXEXe-INsAgc:not(.VfPpkd-O1htCb-OWXEXe-OWB6Me).VfPpkd-O1htCb-OWXEXe-XpnDCe .VfPpkd-NSFCdd-i5vt6e .VfPpkd-NSFCdd-Brv4Fb,.VfPpkd-O1htCb-OWXEXe-INsAgc:not(.VfPpkd-O1htCb-OWXEXe-OWB6Me).VfPpkd-O1htCb-OWXEXe-XpnDCe .VfPpkd-NSFCdd-i5vt6e .VfPpkd-NSFCdd-Ra9xwd,.VfPpkd-O1htCb-OWXEXe-INsAgc:not(.VfPpkd-O1htCb-OWXEXe-OWB6Me).VfPpkd-O1htCb-OWXEXe-XpnDCe .VfPpkd-NSFCdd-i5vt6e .VfPpkd-NSFCdd-MpmGFe{border-color:#6200ee;border-color:var(--mdc-theme-primary,#6200ee)}.VfPpkd-O1htCb-OWXEXe-INsAgc.VfPpkd-O1htCb-OWXEXe-OWB6Me .VfPpkd-NSFCdd-Brv4Fb,.VfPpkd-O1htCb-OWXEXe-INsAgc.VfPpkd-O1htCb-OWXEXe-OWB6Me .VfPpkd-NSFCdd-Ra9xwd,.VfPpkd-O1htCb-OWXEXe-INsAgc.VfPpkd-O1htCb-OWXEXe-OWB6Me .VfPpkd-NSFCdd-MpmGFe{border-color:rgba(0,0,0,.06)}.VfPpkd-O1htCb-OWXEXe-INsAgc:not(.VfPpkd-O1htCb-OWXEXe-OWB6Me).VfPpkd-O1htCb-OWXEXe-XpnDCe .VfPpkd-NSFCdd-i5vt6e .VfPpkd-NSFCdd-Brv4Fb,.VfPpkd-O1htCb-OWXEXe-INsAgc:not(.VfPpkd-O1htCb-OWXEXe-OWB6Me).VfPpkd-O1htCb-OWXEXe-XpnDCe .VfPpkd-NSFCdd-i5vt6e .VfPpkd-NSFCdd-Ra9xwd,.VfPpkd-O1htCb-OWXEXe-INsAgc:not(.VfPpkd-O1htCb-OWXEXe-OWB6Me).VfPpkd-O1htCb-OWXEXe-XpnDCe .VfPpkd-NSFCdd-i5vt6e .VfPpkd-NSFCdd-MpmGFe{border-width:2px}.VfPpkd-O1htCb-OWXEXe-INsAgc .VfPpkd-TkwUic :not(.VfPpkd-NSFCdd-i5vt6e-OWXEXe-NSFCdd) .VfPpkd-NSFCdd-Ra9xwd{max-width:calc(100% - 60px)}.VfPpkd-O1htCb-OWXEXe-INsAgc .VfPpkd-TkwUic .VfPpkd-NLUYnc-V67aGc-OWXEXe-bF1zU{animation:mdc-floating-label-shake-float-above-select-outlined .25s 1}.VfPpkd-O1htCb-OWXEXe-INsAgc .VfPpkd-TkwUic .VfPpkd-NLUYnc-V67aGc-OWXEXe-TATcMc-KLRBe{transform:translateY(-37.25px) scale(1)}.VfPpkd-O1htCb-OWXEXe-INsAgc .VfPpkd-TkwUic.VfPpkd-NSFCdd-i5vt6e-OWXEXe-mWPk3d .VfPpkd-NLUYnc-V67aGc-OWXEXe-TATcMc-KLRBe,.VfPpkd-O1htCb-OWXEXe-INsAgc .VfPpkd-TkwUic .VfPpkd-NSFCdd-i5vt6e-OWXEXe-mWPk3d .VfPpkd-NLUYnc-V67aGc-OWXEXe-TATcMc-KLRBe{transform:translateY(-34.75px) scale(.75)}.VfPpkd-O1htCb-OWXEXe-INsAgc .VfPpkd-TkwUic .VfPpkd-NLUYnc-V67aGc-OWXEXe-TATcMc-KLRBe{font-size:.75rem}.VfPpkd-O1htCb-OWXEXe-INsAgc .VfPpkd-TkwUic.VfPpkd-NSFCdd-i5vt6e-OWXEXe-mWPk3d .VfPpkd-NLUYnc-V67aGc-OWXEXe-TATcMc-KLRBe,.VfPpkd-O1htCb-OWXEXe-INsAgc .VfPpkd-TkwUic .VfPpkd-NSFCdd-i5vt6e-OWXEXe-mWPk3d .VfPpkd-NLUYnc-V67aGc-OWXEXe-TATcMc-KLRBe{font-size:1rem}.VfPpkd-O1htCb-OWXEXe-INsAgc .VfPpkd-TkwUic .VfPpkd-NSFCdd-i5vt6e-OWXEXe-NSFCdd .VfPpkd-NSFCdd-Ra9xwd{padding-top:1px}.VfPpkd-O1htCb-OWXEXe-INsAgc .VfPpkd-TkwUic .VfPpkd-uusGie-fmcmS::before{content:"​"}.VfPpkd-O1htCb-OWXEXe-INsAgc .VfPpkd-TkwUic .VfPpkd-uusGie-fmcmS-haAclf{height:100%;display:inline-flex;align-items:center}.VfPpkd-O1htCb-OWXEXe-INsAgc .VfPpkd-TkwUic::before{display:none}.VfPpkd-O1htCb-OWXEXe-INsAgc .VfPpkd-NLUYnc-V67aGc{line-height:1.15rem;left:4px;right:auto}[dir=rtl] .VfPpkd-O1htCb-OWXEXe-INsAgc .VfPpkd-NLUYnc-V67aGc,.VfPpkd-O1htCb-OWXEXe-INsAgc .VfPpkd-NLUYnc-V67aGc[dir=rtl]{left:auto;right:4px}.VfPpkd-O1htCb-OWXEXe-INsAgc.VfPpkd-O1htCb-OWXEXe-XpnDCe .VfPpkd-NSFCdd-i5vt6e-OWXEXe-NSFCdd .VfPpkd-NSFCdd-Ra9xwd{padding-top:2px}.VfPpkd-O1htCb-OWXEXe-INsAgc.VfPpkd-O1htCb-OWXEXe-UJflGc:not(.VfPpkd-O1htCb-OWXEXe-OWB6Me) .VfPpkd-NSFCdd-Brv4Fb,.VfPpkd-O1htCb-OWXEXe-INsAgc.VfPpkd-O1htCb-OWXEXe-UJflGc:not(.VfPpkd-O1htCb-OWXEXe-OWB6Me) .VfPpkd-NSFCdd-Ra9xwd,.VfPpkd-O1htCb-OWXEXe-INsAgc.VfPpkd-O1htCb-OWXEXe-UJflGc:not(.VfPpkd-O1htCb-OWXEXe-OWB6Me) .VfPpkd-NSFCdd-MpmGFe{border-color:#b00020;border-color:var(--mdc-theme-error,#b00020)}.VfPpkd-O1htCb-OWXEXe-INsAgc.VfPpkd-O1htCb-OWXEXe-UJflGc:not(.VfPpkd-O1htCb-OWXEXe-OWB6Me):not(.VfPpkd-O1htCb-OWXEXe-XpnDCe) .VfPpkd-TkwUic:hover .VfPpkd-NSFCdd-i5vt6e .VfPpkd-NSFCdd-Brv4Fb,.VfPpkd-O1htCb-OWXEXe-INsAgc.VfPpkd-O1htCb-OWXEXe-UJflGc:not(.VfPpkd-O1htCb-OWXEXe-OWB6Me):not(.VfPpkd-O1htCb-OWXEXe-XpnDCe) .VfPpkd-TkwUic:hover .VfPpkd-NSFCdd-i5vt6e .VfPpkd-NSFCdd-Ra9xwd,.VfPpkd-O1htCb-OWXEXe-INsAgc.VfPpkd-O1htCb-OWXEXe-UJflGc:not(.VfPpkd-O1htCb-OWXEXe-OWB6Me):not(.VfPpkd-O1htCb-OWXEXe-XpnDCe) .VfPpkd-TkwUic:hover .VfPpkd-NSFCdd-i5vt6e .VfPpkd-NSFCdd-MpmGFe{border-color:#b00020;border-color:var(--mdc-theme-error,#b00020)}.VfPpkd-O1htCb-OWXEXe-INsAgc.VfPpkd-O1htCb-OWXEXe-UJflGc:not(.VfPpkd-O1htCb-OWXEXe-OWB6Me).VfPpkd-O1htCb-OWXEXe-XpnDCe .VfPpkd-NSFCdd-i5vt6e .VfPpkd-NSFCdd-Brv4Fb,.VfPpkd-O1htCb-OWXEXe-INsAgc.VfPpkd-O1htCb-OWXEXe-UJflGc:not(.VfPpkd-O1htCb-OWXEXe-OWB6Me).VfPpkd-O1htCb-OWXEXe-XpnDCe .VfPpkd-NSFCdd-i5vt6e .VfPpkd-NSFCdd-Ra9xwd,.VfPpkd-O1htCb-OWXEXe-INsAgc.VfPpkd-O1htCb-OWXEXe-UJflGc:not(.VfPpkd-O1htCb-OWXEXe-OWB6Me).VfPpkd-O1htCb-OWXEXe-XpnDCe .VfPpkd-NSFCdd-i5vt6e .VfPpkd-NSFCdd-MpmGFe{border-color:#b00020;border-color:var(--mdc-theme-error,#b00020)}.VfPpkd-O1htCb-OWXEXe-INsAgc.VfPpkd-O1htCb-OWXEXe-SfQLQb-M1Soyc-Bz112c .VfPpkd-NLUYnc-V67aGc{left:36px;right:auto}[dir=rtl] .VfPpkd-O1htCb-OWXEXe-INsAgc.VfPpkd-O1htCb-OWXEXe-SfQLQb-M1Soyc-Bz112c .VfPpkd-NLUYnc-V67aGc,.VfPpkd-O1htCb-OWXEXe-INsAgc.VfPpkd-O1htCb-OWXEXe-SfQLQb-M1Soyc-Bz112c .VfPpkd-NLUYnc-V67aGc[dir=rtl]{left:auto;right:36px}.VfPpkd-O1htCb-OWXEXe-INsAgc.VfPpkd-O1htCb-OWXEXe-SfQLQb-M1Soyc-Bz112c .VfPpkd-NLUYnc-V67aGc-OWXEXe-TATcMc-KLRBe{transform:translateY(-37.25px) translateX(-32px) scale(1)}[dir=rtl] .VfPpkd-O1htCb-OWXEXe-INsAgc.VfPpkd-O1htCb-OWXEXe-SfQLQb-M1Soyc-Bz112c .VfPpkd-NLUYnc-V67aGc-OWXEXe-TATcMc-KLRBe,.VfPpkd-O1htCb-OWXEXe-INsAgc.VfPpkd-O1htCb-OWXEXe-SfQLQb-M1Soyc-Bz112c .VfPpkd-NLUYnc-V67aGc-OWXEXe-TATcMc-KLRBe[dir=rtl]{transform:translateY(-37.25px) translateX(32px) scale(1)}.VfPpkd-O1htCb-OWXEXe-INsAgc.VfPpkd-O1htCb-OWXEXe-SfQLQb-M1Soyc-Bz112c.VfPpkd-NSFCdd-i5vt6e-OWXEXe-mWPk3d .VfPpkd-NLUYnc-V67aGc-OWXEXe-TATcMc-KLRBe,.VfPpkd-O1htCb-OWXEXe-INsAgc.VfPpkd-O1htCb-OWXEXe-SfQLQb-M1Soyc-Bz112c .VfPpkd-NSFCdd-i5vt6e-OWXEXe-mWPk3d .VfPpkd-NLUYnc-V67aGc-OWXEXe-TATcMc-KLRBe{transform:translateY(-34.75px) translateX(-32px) scale(.75)}[dir=rtl] .VfPpkd-O1htCb-OWXEXe-INsAgc.VfPpkd-O1htCb-OWXEXe-SfQLQb-M1Soyc-Bz112c.VfPpkd-NSFCdd-i5vt6e-OWXEXe-mWPk3d .VfPpkd-NLUYnc-V67aGc-OWXEXe-TATcMc-KLRBe,[dir=rtl] .VfPpkd-O1htCb-OWXEXe-INsAgc.VfPpkd-O1htCb-OWXEXe-SfQLQb-M1Soyc-Bz112c .VfPpkd-NSFCdd-i5vt6e-OWXEXe-mWPk3d .VfPpkd-NLUYnc-V67aGc-OWXEXe-TATcMc-KLRBe,.VfPpkd-O1htCb-OWXEXe-INsAgc.VfPpkd-O1htCb-OWXEXe-SfQLQb-M1Soyc-Bz112c.VfPpkd-NSFCdd-i5vt6e-OWXEXe-mWPk3d .VfPpkd-NLUYnc-V67aGc-OWXEXe-TATcMc-KLRBe[dir=rtl],.VfPpkd-O1htCb-OWXEXe-INsAgc.VfPpkd-O1htCb-OWXEXe-SfQLQb-M1Soyc-Bz112c .VfPpkd-NSFCdd-i5vt6e-OWXEXe-mWPk3d .VfPpkd-NLUYnc-V67aGc-OWXEXe-TATcMc-KLRBe[dir=rtl]{transform:translateY(-34.75px) translateX(32px) scale(.75)}.VfPpkd-O1htCb-OWXEXe-INsAgc.VfPpkd-O1htCb-OWXEXe-SfQLQb-M1Soyc-Bz112c .VfPpkd-NLUYnc-V67aGc-OWXEXe-TATcMc-KLRBe{font-size:.75rem}.VfPpkd-O1htCb-OWXEXe-INsAgc.VfPpkd-O1htCb-OWXEXe-SfQLQb-M1Soyc-Bz112c.VfPpkd-NSFCdd-i5vt6e-OWXEXe-mWPk3d .VfPpkd-NLUYnc-V67aGc-OWXEXe-TATcMc-KLRBe,.VfPpkd-O1htCb-OWXEXe-INsAgc.VfPpkd-O1htCb-OWXEXe-SfQLQb-M1Soyc-Bz112c .VfPpkd-NSFCdd-i5vt6e-OWXEXe-mWPk3d .VfPpkd-NLUYnc-V67aGc-OWXEXe-TATcMc-KLRBe{font-size:1rem}.VfPpkd-O1htCb-OWXEXe-INsAgc.VfPpkd-O1htCb-OWXEXe-SfQLQb-M1Soyc-Bz112c .VfPpkd-NLUYnc-V67aGc-OWXEXe-bF1zU{animation:mdc-floating-label-shake-float-above-select-outlined-leading-icon-56px .25s 1}@keyframes mdc-floating-label-shake-float-above-select-outlined-leading-icon-56px{0%{transform:translateX(-32px) translateY(-34.75px) scale(.75)}33%{animation-timing-function:cubic-bezier(.5,0,.701732,.495819);transform:translateX(calc(4% - 32px)) translateY(-34.75px) scale(.75)}66%{animation-timing-function:cubic-bezier(.302435,.381352,.55,.956352);transform:translateX(calc(-4% - 32px)) translateY(-34.75px) scale(.75)}100%{transform:translateX(-32px) translateY(-34.75px) scale(.75)}}[dir=rtl] .VfPpkd-O1htCb-OWXEXe-INsAgc.VfPpkd-O1htCb-OWXEXe-SfQLQb-M1Soyc-Bz112c .VfPpkd-NLUYnc-V67aGc-OWXEXe-bF1zU,.VfPpkd-O1htCb-OWXEXe-INsAgc.VfPpkd-O1htCb-OWXEXe-SfQLQb-M1Soyc-Bz112c[dir=rtl] .VfPpkd-NLUYnc-V67aGc-OWXEXe-bF1zU{animation:mdc-floating-label-shake-float-above-select-outlined-leading-icon-56px .25s 1}@keyframes mdc-floating-label-shake-float-above-select-outlined-leading-icon-56px-rtl{0%{transform:translateX(32px) translateY(-34.75px) scale(.75)}33%{animation-timing-function:cubic-bezier(.5,0,.701732,.495819);transform:translateX(calc(4% + 32px)) translateY(-34.75px) scale(.75)}66%{animation-timing-function:cubic-bezier(.302435,.381352,.55,.956352);transform:translateX(calc(-4% + 32px)) translateY(-34.75px) scale(.75)}100%{transform:translateX(32px) translateY(-34.75px) scale(.75)}}.VfPpkd-O1htCb-OWXEXe-INsAgc.VfPpkd-O1htCb-OWXEXe-SfQLQb-M1Soyc-Bz112c .VfPpkd-TkwUic :not(.VfPpkd-NSFCdd-i5vt6e-OWXEXe-NSFCdd) .VfPpkd-NSFCdd-Ra9xwd{max-width:calc(100% - 96px)}.VfPpkd-TkwUic{--mdc-ripple-fg-size:0;--mdc-ripple-left:0;--mdc-ripple-top:0;--mdc-ripple-fg-scale:1;--mdc-ripple-fg-translate-end:0;--mdc-ripple-fg-translate-start:0;-webkit-tap-highlight-color:rgba(0,0,0,0);will-change:transform,opacity}.VfPpkd-TkwUic .VfPpkd-woaZLe::before,.VfPpkd-TkwUic .VfPpkd-woaZLe::after{position:absolute;border-radius:50%;opacity:0;pointer-events:none;content:""}.VfPpkd-TkwUic .VfPpkd-woaZLe::before{transition:opacity 15ms linear,background-color 15ms linear;z-index:1;z-index:var(--mdc-ripple-z-index,1)}.VfPpkd-TkwUic .VfPpkd-woaZLe::after{z-index:0;z-index:var(--mdc-ripple-z-index,0)}.VfPpkd-TkwUic.VfPpkd-ksKsZd-mWPk3d .VfPpkd-woaZLe::before{transform:scale(var(--mdc-ripple-fg-scale,1))}.VfPpkd-TkwUic.VfPpkd-ksKsZd-mWPk3d .VfPpkd-woaZLe::after{top:0;left:0;transform:scale(0);transform-origin:center center}.VfPpkd-TkwUic.VfPpkd-ksKsZd-mWPk3d-OWXEXe-ZNMTqd .VfPpkd-woaZLe::after{top:var(--mdc-ripple-top,0);left:var(--mdc-ripple-left,0)}.VfPpkd-TkwUic.VfPpkd-ksKsZd-mWPk3d-OWXEXe-Tv8l5d-lJfZMc .VfPpkd-woaZLe::after{animation:mdc-ripple-fg-radius-in 225ms forwards,mdc-ripple-fg-opacity-in 75ms forwards}.VfPpkd-TkwUic.VfPpkd-ksKsZd-mWPk3d-OWXEXe-Tv8l5d-OmS1vf .VfPpkd-woaZLe::after{animation:mdc-ripple-fg-opacity-out .15s;transform:translate(var(--mdc-ripple-fg-translate-end,0)) scale(var(--mdc-ripple-fg-scale,1))}.VfPpkd-TkwUic .VfPpkd-woaZLe::before,.VfPpkd-TkwUic .VfPpkd-woaZLe::after{top:-50%;left:-50%;width:200%;height:200%}.VfPpkd-TkwUic.VfPpkd-ksKsZd-mWPk3d .VfPpkd-woaZLe::after{width:var(--mdc-ripple-fg-size,100%);height:var(--mdc-ripple-fg-size,100%)}.VfPpkd-TkwUic .VfPpkd-woaZLe::before,.VfPpkd-TkwUic .VfPpkd-woaZLe::after{background-color:rgba(0,0,0,.87);background-color:var(--mdc-ripple-color,rgba(0,0,0,.87))}.VfPpkd-TkwUic:hover .VfPpkd-woaZLe::before,.VfPpkd-TkwUic.VfPpkd-ksKsZd-XxIAqe-OWXEXe-ZmdkE .VfPpkd-woaZLe::before{opacity:.04;opacity:var(--mdc-ripple-hover-opacity,.04)}.VfPpkd-TkwUic.VfPpkd-ksKsZd-mWPk3d-OWXEXe-AHe6Kc-XpnDCe .VfPpkd-woaZLe::before,.VfPpkd-TkwUic:not(.VfPpkd-ksKsZd-mWPk3d):focus .VfPpkd-woaZLe::before{transition-duration:75ms;opacity:.12;opacity:var(--mdc-ripple-focus-opacity,.12)}.VfPpkd-TkwUic .VfPpkd-woaZLe{position:absolute;top:0;left:0;width:100%;height:100%;pointer-events:none}.VfPpkd-YPmvEd .VfPpkd-StrnGf-rymPhb .VfPpkd-StrnGf-rymPhb-ibnC6b-OWXEXe-gk6SMd .VfPpkd-StrnGf-rymPhb-pZXsl::before,.VfPpkd-YPmvEd .VfPpkd-StrnGf-rymPhb .VfPpkd-StrnGf-rymPhb-ibnC6b-OWXEXe-gk6SMd .VfPpkd-StrnGf-rymPhb-pZXsl::after{background-color:#000;background-color:var(--mdc-ripple-color,var(--mdc-theme-on-surface,#000))}.VfPpkd-YPmvEd .VfPpkd-StrnGf-rymPhb .VfPpkd-StrnGf-rymPhb-ibnC6b-OWXEXe-gk6SMd:hover .VfPpkd-StrnGf-rymPhb-pZXsl::before,.VfPpkd-YPmvEd .VfPpkd-StrnGf-rymPhb .VfPpkd-StrnGf-rymPhb-ibnC6b-OWXEXe-gk6SMd.VfPpkd-ksKsZd-XxIAqe-OWXEXe-ZmdkE .VfPpkd-StrnGf-rymPhb-pZXsl::before{opacity:.04;opacity:var(--mdc-ripple-hover-opacity,.04)}.VfPpkd-YPmvEd .VfPpkd-StrnGf-rymPhb .VfPpkd-StrnGf-rymPhb-ibnC6b-OWXEXe-gk6SMd.VfPpkd-ksKsZd-mWPk3d-OWXEXe-AHe6Kc-XpnDCe .VfPpkd-StrnGf-rymPhb-pZXsl::before,.VfPpkd-YPmvEd .VfPpkd-StrnGf-rymPhb .VfPpkd-StrnGf-rymPhb-ibnC6b-OWXEXe-gk6SMd:not(.VfPpkd-ksKsZd-mWPk3d):focus .VfPpkd-StrnGf-rymPhb-pZXsl::before{transition-duration:75ms;opacity:.12;opacity:var(--mdc-ripple-focus-opacity,.12)}.VfPpkd-YPmvEd .VfPpkd-StrnGf-rymPhb .VfPpkd-StrnGf-rymPhb-ibnC6b-OWXEXe-gk6SMd:not(.VfPpkd-ksKsZd-mWPk3d) .VfPpkd-StrnGf-rymPhb-pZXsl::after{transition:opacity .15s linear}.VfPpkd-YPmvEd .VfPpkd-StrnGf-rymPhb .VfPpkd-StrnGf-rymPhb-ibnC6b-OWXEXe-gk6SMd:not(.VfPpkd-ksKsZd-mWPk3d):active .VfPpkd-StrnGf-rymPhb-pZXsl::after{transition-duration:75ms;opacity:.12;opacity:var(--mdc-ripple-press-opacity,.12)}.VfPpkd-YPmvEd .VfPpkd-StrnGf-rymPhb .VfPpkd-StrnGf-rymPhb-ibnC6b-OWXEXe-gk6SMd .VfPpkd-rymPhb-pZXsl::before,.VfPpkd-YPmvEd .VfPpkd-StrnGf-rymPhb .VfPpkd-StrnGf-rymPhb-ibnC6b-OWXEXe-gk6SMd .VfPpkd-rymPhb-pZXsl::after{background-color:#000;background-color:var(--mdc-ripple-color,var(--mdc-theme-on-surface,#000))}.VfPpkd-YPmvEd .VfPpkd-StrnGf-rymPhb .VfPpkd-StrnGf-rymPhb-ibnC6b-OWXEXe-gk6SMd:hover .VfPpkd-rymPhb-pZXsl::before,.VfPpkd-YPmvEd .VfPpkd-StrnGf-rymPhb .VfPpkd-StrnGf-rymPhb-ibnC6b-OWXEXe-gk6SMd.VfPpkd-ksKsZd-XxIAqe-OWXEXe-ZmdkE .VfPpkd-rymPhb-pZXsl::before{opacity:.04;opacity:var(--mdc-ripple-hover-opacity,.04)}.VfPpkd-YPmvEd .VfPpkd-StrnGf-rymPhb .VfPpkd-StrnGf-rymPhb-ibnC6b-OWXEXe-gk6SMd.VfPpkd-ksKsZd-mWPk3d-OWXEXe-AHe6Kc-XpnDCe .VfPpkd-rymPhb-pZXsl::before,.VfPpkd-YPmvEd .VfPpkd-StrnGf-rymPhb .VfPpkd-StrnGf-rymPhb-ibnC6b-OWXEXe-gk6SMd:not(.VfPpkd-ksKsZd-mWPk3d):focus .VfPpkd-rymPhb-pZXsl::before{transition-duration:75ms;opacity:.12;opacity:var(--mdc-ripple-focus-opacity,.12)}.VfPpkd-YPmvEd .VfPpkd-StrnGf-rymPhb .VfPpkd-StrnGf-rymPhb-ibnC6b-OWXEXe-gk6SMd:not(.VfPpkd-ksKsZd-mWPk3d) .VfPpkd-rymPhb-pZXsl::after{transition:opacity .15s linear}.VfPpkd-YPmvEd .VfPpkd-StrnGf-rymPhb .VfPpkd-StrnGf-rymPhb-ibnC6b-OWXEXe-gk6SMd:not(.VfPpkd-ksKsZd-mWPk3d):active .VfPpkd-rymPhb-pZXsl::after{transition-duration:75ms;opacity:.12;opacity:var(--mdc-ripple-press-opacity,.12)}.VfPpkd-YPmvEd .VfPpkd-StrnGf-rymPhb .VfPpkd-StrnGf-rymPhb-ibnC6b-OWXEXe-gk6SMd.VfPpkd-ksKsZd-mWPk3d{--mdc-ripple-fg-opacity:var(--mdc-ripple-press-opacity,0.12)}.VfPpkd-O1htCb-W0vJo-fmcmS{margin:0;margin-left:16px;margin-right:16px;-moz-osx-font-smoothing:grayscale;-webkit-font-smoothing:antialiased;font-family:Roboto,sans-serif;font-family:var(--mdc-typography-caption-font-family,var(--mdc-typography-font-family,Roboto,sans-serif));font-size:.75rem;font-size:var(--mdc-typography-caption-font-size,.75rem);line-height:1.25rem;line-height:var(--mdc-typography-caption-line-height,1.25rem);font-weight:400;font-weight:var(--mdc-typography-caption-font-weight,400);letter-spacing:.0333333333em;letter-spacing:var(--mdc-typography-caption-letter-spacing,.0333333333em);text-decoration:inherit;-webkit-text-decoration:var(--mdc-typography-caption-text-decoration,inherit);text-decoration:var(--mdc-typography-caption-text-decoration,inherit);text-transform:inherit;text-transform:var(--mdc-typography-caption-text-transform,inherit);display:block;margin-top:0;line-height:normal}[dir=rtl] .VfPpkd-O1htCb-W0vJo-fmcmS,.VfPpkd-O1htCb-W0vJo-fmcmS[dir=rtl]{margin-left:16px;margin-right:16px}.VfPpkd-O1htCb-W0vJo-fmcmS::before{display:inline-block;width:0;height:16px;content:"";vertical-align:0}.VfPpkd-O1htCb-W0vJo-fmcmS-OWXEXe-Rfh2Tc-EglORb{opacity:0;transition:opacity .18s cubic-bezier(.4,0,.2,1)}.VfPpkd-O1htCb-OWXEXe-UJflGc+.VfPpkd-O1htCb-W0vJo-fmcmS-OWXEXe-Rfh2Tc-EglORb,.VfPpkd-O1htCb-W0vJo-fmcmS-OWXEXe-Rfh2Tc-EglORb-zvnfze{opacity:1}.VfPpkd-O1htCb-OWXEXe-SfQLQb-M1Soyc-Bz112c .VfPpkd-cTi5dd{display:inline-block;box-sizing:border-box;border:none;text-decoration:none;cursor:pointer;user-select:none;flex-shrink:0;align-self:center;background-color:transparent;fill:currentColor}.VfPpkd-O1htCb-OWXEXe-SfQLQb-M1Soyc-Bz112c .VfPpkd-cTi5dd{margin-left:12px;margin-right:12px}[dir=rtl] .VfPpkd-O1htCb-OWXEXe-SfQLQb-M1Soyc-Bz112c .VfPpkd-cTi5dd,.VfPpkd-O1htCb-OWXEXe-SfQLQb-M1Soyc-Bz112c .VfPpkd-cTi5dd[dir=rtl]{margin-left:12px;margin-right:12px}.VfPpkd-cTi5dd:not([tabindex]),.VfPpkd-cTi5dd[tabindex="-1"]{cursor:default;pointer-events:none}.VfPpkd-O1htCb:not(.VfPpkd-O1htCb-OWXEXe-OWB6Me) .VfPpkd-uusGie-fmcmS{color:rgba(0,0,0,.87)}.VfPpkd-O1htCb.VfPpkd-O1htCb-OWXEXe-OWB6Me .VfPpkd-uusGie-fmcmS{color:rgba(0,0,0,.38)}.VfPpkd-O1htCb:not(.VfPpkd-O1htCb-OWXEXe-OWB6Me) .VfPpkd-NLUYnc-V67aGc{color:rgba(0,0,0,.6)}.VfPpkd-O1htCb:not(.VfPpkd-O1htCb-OWXEXe-OWB6Me).VfPpkd-O1htCb-OWXEXe-XpnDCe .VfPpkd-NLUYnc-V67aGc{color:rgba(98,0,238,.87)}.VfPpkd-O1htCb.VfPpkd-O1htCb-OWXEXe-OWB6Me .VfPpkd-NLUYnc-V67aGc{color:rgba(0,0,0,.38)}.VfPpkd-O1htCb:not(.VfPpkd-O1htCb-OWXEXe-OWB6Me) .VfPpkd-t08AT-Bz112c{fill:rgba(0,0,0,.54)}.VfPpkd-O1htCb:not(.VfPpkd-O1htCb-OWXEXe-OWB6Me).VfPpkd-O1htCb-OWXEXe-XpnDCe .VfPpkd-t08AT-Bz112c{fill:#6200ee;fill:var(--mdc-theme-primary,#6200ee)}.VfPpkd-O1htCb.VfPpkd-O1htCb-OWXEXe-OWB6Me .VfPpkd-t08AT-Bz112c{fill:rgba(0,0,0,.38)}.VfPpkd-O1htCb:not(.VfPpkd-O1htCb-OWXEXe-OWB6Me)+.VfPpkd-O1htCb-W0vJo-fmcmS{color:rgba(0,0,0,.6)}.VfPpkd-O1htCb.VfPpkd-O1htCb-OWXEXe-OWB6Me+.VfPpkd-O1htCb-W0vJo-fmcmS{color:rgba(0,0,0,.38)}.VfPpkd-O1htCb:not(.VfPpkd-O1htCb-OWXEXe-OWB6Me) .VfPpkd-cTi5dd{color:rgba(0,0,0,.54)}.VfPpkd-O1htCb.VfPpkd-O1htCb-OWXEXe-OWB6Me .VfPpkd-cTi5dd{color:rgba(0,0,0,.38)}@media (-ms-high-contrast:active),screen and (forced-colors:active){.VfPpkd-O1htCb.VfPpkd-O1htCb-OWXEXe-OWB6Me .VfPpkd-uusGie-fmcmS{color:GrayText}.VfPpkd-O1htCb.VfPpkd-O1htCb-OWXEXe-OWB6Me .VfPpkd-t08AT-Bz112c{fill:GrayText}.VfPpkd-O1htCb.VfPpkd-O1htCb-OWXEXe-OWB6Me .VfPpkd-NLUYnc-V67aGc{color:GrayText}.VfPpkd-O1htCb.VfPpkd-O1htCb-OWXEXe-OWB6Me .VfPpkd-RWgCYc-ksKsZd::before{border-bottom-color:GrayText}.VfPpkd-O1htCb.VfPpkd-O1htCb-OWXEXe-OWB6Me .VfPpkd-NSFCdd-Brv4Fb,.VfPpkd-O1htCb.VfPpkd-O1htCb-OWXEXe-OWB6Me .VfPpkd-NSFCdd-Ra9xwd,.VfPpkd-O1htCb.VfPpkd-O1htCb-OWXEXe-OWB6Me .VfPpkd-NSFCdd-MpmGFe{border-color:GrayText}.VfPpkd-O1htCb.VfPpkd-O1htCb-OWXEXe-OWB6Me .VfPpkd-cTi5dd,.VfPpkd-O1htCb.VfPpkd-O1htCb-OWXEXe-OWB6Me+.VfPpkd-O1htCb-W0vJo-fmcmS{color:GrayText}}.VfPpkd-O1htCb .VfPpkd-TkwUic{padding-left:16px;padding-right:0}[dir=rtl] .VfPpkd-O1htCb .VfPpkd-TkwUic,.VfPpkd-O1htCb .VfPpkd-TkwUic[dir=rtl]{padding-left:0;padding-right:16px}.VfPpkd-O1htCb.VfPpkd-O1htCb-OWXEXe-SfQLQb-M1Soyc-Bz112c .VfPpkd-TkwUic{padding-left:0;padding-right:0}[dir=rtl] .VfPpkd-O1htCb.VfPpkd-O1htCb-OWXEXe-SfQLQb-M1Soyc-Bz112c .VfPpkd-TkwUic,.VfPpkd-O1htCb.VfPpkd-O1htCb-OWXEXe-SfQLQb-M1Soyc-Bz112c .VfPpkd-TkwUic[dir=rtl]{padding-left:0;padding-right:0}.VfPpkd-O1htCb .VfPpkd-cTi5dd{width:24px;height:24px;font-size:24px}.VfPpkd-O1htCb .VfPpkd-t08AT-Bz112c{width:24px;height:24px}.VfPpkd-t08AT-Bz112c{margin-left:12px;margin-right:12px}[dir=rtl] .VfPpkd-t08AT-Bz112c,.VfPpkd-t08AT-Bz112c[dir=rtl]{margin-left:12px;margin-right:12px}.VfPpkd-TkwUic{width:200px}.VfPpkd-TkwUic .VfPpkd-NLUYnc-V67aGc-OWXEXe-TATcMc-KLRBe{transform:translateY(-106%) scale(.75)}.VfPpkd-O1htCb-OWXEXe-UJflGc:not(.VfPpkd-O1htCb-OWXEXe-OWB6Me) .VfPpkd-NLUYnc-V67aGc{color:#b00020;color:var(--mdc-theme-error,#b00020)}.VfPpkd-O1htCb-OWXEXe-UJflGc:not(.VfPpkd-O1htCb-OWXEXe-OWB6Me).VfPpkd-O1htCb-OWXEXe-XpnDCe .VfPpkd-NLUYnc-V67aGc{color:#b00020;color:var(--mdc-theme-error,#b00020)}.VfPpkd-O1htCb-OWXEXe-UJflGc:not(.VfPpkd-O1htCb-OWXEXe-OWB6Me).VfPpkd-O1htCb-OWXEXe-UJflGc+.VfPpkd-O1htCb-W0vJo-fmcmS-OWXEXe-Rfh2Tc-EglORb{color:#b00020;color:var(--mdc-theme-error,#b00020)}.VfPpkd-O1htCb-OWXEXe-UJflGc:not(.VfPpkd-O1htCb-OWXEXe-OWB6Me) .VfPpkd-t08AT-Bz112c{fill:#b00020;fill:var(--mdc-theme-error,#b00020)}.VfPpkd-O1htCb-OWXEXe-UJflGc:not(.VfPpkd-O1htCb-OWXEXe-OWB6Me).VfPpkd-O1htCb-OWXEXe-XpnDCe .VfPpkd-t08AT-Bz112c{fill:#b00020;fill:var(--mdc-theme-error,#b00020)}.VfPpkd-uusGie-fmcmS-haAclf{height:28px}.s8kOBc{box-shadow:0 3px 5px -1px rgba(0,0,0,.2),0 6px 10px 0 rgba(0,0,0,.14),0 1px 18px 0 rgba(0,0,0,.12);font-family:Roboto,Arial,sans-serif;line-height:1.5rem;font-size:1rem;letter-spacing:.00625em;font-weight:400}.s8kOBc .VfPpkd-StrnGf-rymPhb{font-family:Roboto,Arial,sans-serif;line-height:1.5rem;font-size:1rem;letter-spacing:.00625em;font-weight:400;color:rgb(60,64,67)}.s8kOBc .VfPpkd-StrnGf-rymPhb .VfPpkd-StrnGf-rymPhb-IhFlZd{color:rgb(95,99,104)}.s8kOBc .VfPpkd-StrnGf-rymPhb .VfPpkd-StrnGf-rymPhb-ibnC6b-OWXEXe-OWB6Me .VfPpkd-StrnGf-rymPhb-b9t22c,.s8kOBc .VfPpkd-StrnGf-rymPhb .VfPpkd-StrnGf-rymPhb-ibnC6b-OWXEXe-OWB6Me .VfPpkd-StrnGf-rymPhb-fpDzbe-fmcmS,.s8kOBc .VfPpkd-StrnGf-rymPhb .VfPpkd-StrnGf-rymPhb-ibnC6b-OWXEXe-OWB6Me .VfPpkd-StrnGf-rymPhb-L8ivfd-fmcmS{color:rgb(60,64,67)}.s8kOBc .VfPpkd-StrnGf-rymPhb .VfPpkd-StrnGf-rymPhb-ibnC6b-OWXEXe-OWB6Me .VfPpkd-StrnGf-rymPhb-b9t22c{opacity:.38}.s8kOBc .VfPpkd-StrnGf-rymPhb .VfPpkd-StrnGf-rymPhb-ibnC6b-OWXEXe-gk6SMd,.s8kOBc .VfPpkd-StrnGf-rymPhb .VfPpkd-StrnGf-rymPhb-ibnC6b-OWXEXe-pXU01b,.s8kOBc .VfPpkd-StrnGf-rymPhb .VfPpkd-StrnGf-rymPhb-ibnC6b-OWXEXe-gk6SMd .VfPpkd-StrnGf-rymPhb-f7MjDc,.s8kOBc .VfPpkd-StrnGf-rymPhb .VfPpkd-StrnGf-rymPhb-ibnC6b-OWXEXe-pXU01b .VfPpkd-StrnGf-rymPhb-f7MjDc{color:rgb(60,64,67)}.s8kOBc .VfPpkd-StrnGf-rymPhb .VfPpkd-StrnGf-rymPhb-ibnC6b-OWXEXe-gk6SMd .VfPpkd-StrnGf-rymPhb-pZXsl::before{opacity:0}.s8kOBc .VfPpkd-StrnGf-rymPhb .VfPpkd-StrnGf-rymPhb-ibnC6b.VfPpkd-StrnGf-rymPhb-ibnC6b-OWXEXe-gk6SMd{background-color:rgb(232,240,254)}.s8kOBc .VfPpkd-StrnGf-rymPhb .VfPpkd-StrnGf-rymPhb-ibnC6b.VfPpkd-StrnGf-rymPhb-ibnC6b-OWXEXe-gk6SMd .VfPpkd-StrnGf-rymPhb-pZXsl::before,.s8kOBc .VfPpkd-StrnGf-rymPhb .VfPpkd-StrnGf-rymPhb-ibnC6b.VfPpkd-StrnGf-rymPhb-ibnC6b-OWXEXe-gk6SMd .VfPpkd-StrnGf-rymPhb-pZXsl::after{background-color:rgb(26,115,232);background-color:var(--mdc-ripple-color,rgb(26,115,232))}.s8kOBc .VfPpkd-StrnGf-rymPhb .VfPpkd-StrnGf-rymPhb-ibnC6b.VfPpkd-StrnGf-rymPhb-ibnC6b-OWXEXe-gk6SMd:hover .VfPpkd-StrnGf-rymPhb-pZXsl::before,.s8kOBc .VfPpkd-StrnGf-rymPhb .VfPpkd-StrnGf-rymPhb-ibnC6b.VfPpkd-StrnGf-rymPhb-ibnC6b-OWXEXe-gk6SMd.VfPpkd-ksKsZd-XxIAqe-OWXEXe-ZmdkE .VfPpkd-StrnGf-rymPhb-pZXsl::before{opacity:.04;opacity:var(--mdc-ripple-hover-opacity,.04)}.s8kOBc .VfPpkd-StrnGf-rymPhb .VfPpkd-StrnGf-rymPhb-ibnC6b.VfPpkd-StrnGf-rymPhb-ibnC6b-OWXEXe-gk6SMd.VfPpkd-ksKsZd-mWPk3d-OWXEXe-AHe6Kc-XpnDCe .VfPpkd-StrnGf-rymPhb-pZXsl::before,.s8kOBc .VfPpkd-StrnGf-rymPhb .VfPpkd-StrnGf-rymPhb-ibnC6b.VfPpkd-StrnGf-rymPhb-ibnC6b-OWXEXe-gk6SMd:not(.VfPpkd-ksKsZd-mWPk3d):focus .VfPpkd-StrnGf-rymPhb-pZXsl::before{transition-duration:75ms;opacity:.12;opacity:var(--mdc-ripple-focus-opacity,.12)}.s8kOBc .VfPpkd-StrnGf-rymPhb .VfPpkd-StrnGf-rymPhb-ibnC6b.VfPpkd-StrnGf-rymPhb-ibnC6b-OWXEXe-gk6SMd:not(.VfPpkd-ksKsZd-mWPk3d) .VfPpkd-StrnGf-rymPhb-pZXsl::after{transition:opacity .15s linear}.s8kOBc .VfPpkd-StrnGf-rymPhb .VfPpkd-StrnGf-rymPhb-ibnC6b.VfPpkd-StrnGf-rymPhb-ibnC6b-OWXEXe-gk6SMd:not(.VfPpkd-ksKsZd-mWPk3d):active .VfPpkd-StrnGf-rymPhb-pZXsl::after{transition-duration:75ms;opacity:.1;opacity:var(--mdc-ripple-press-opacity,.1)}.s8kOBc .VfPpkd-StrnGf-rymPhb .VfPpkd-StrnGf-rymPhb-ibnC6b.VfPpkd-StrnGf-rymPhb-ibnC6b-OWXEXe-gk6SMd.VfPpkd-ksKsZd-mWPk3d{--mdc-ripple-fg-opacity:var(--mdc-ripple-press-opacity,0.1)}@media (-ms-high-contrast:active),screen and (forced-colors:active){.s8kOBc .VfPpkd-StrnGf-rymPhb .VfPpkd-StrnGf-rymPhb-ibnC6b-OWXEXe-OWB6Me .VfPpkd-StrnGf-rymPhb-b9t22c,.s8kOBc .VfPpkd-StrnGf-rymPhb .VfPpkd-StrnGf-rymPhb-ibnC6b-OWXEXe-OWB6Me .VfPpkd-StrnGf-rymPhb-fpDzbe-fmcmS,.s8kOBc .VfPpkd-StrnGf-rymPhb .VfPpkd-StrnGf-rymPhb-ibnC6b-OWXEXe-OWB6Me .VfPpkd-StrnGf-rymPhb-L8ivfd-fmcmS{color:GrayText}.s8kOBc .VfPpkd-StrnGf-rymPhb .VfPpkd-StrnGf-rymPhb-ibnC6b-OWXEXe-OWB6Me .VfPpkd-StrnGf-rymPhb-b9t22c{opacity:1}}.s8kOBc .VfPpkd-rymPhb-Gtdoyb,.s8kOBc .VfPpkd-rymPhb-fpDzbe-fmcmS{color:rgb(60,64,67)}.s8kOBc .VfPpkd-rymPhb-L8ivfd-fmcmS,.s8kOBc .VfPpkd-rymPhb-bC5pod-fmcmS,.s8kOBc .VfPpkd-rymPhb-JMEf7e{color:rgb(95,99,104)}.s8kOBc .VfPpkd-rymPhb-ibnC6b-OWXEXe-SfQLQb-M1Soyc-Bz112c .VfPpkd-rymPhb-KkROqb,.s8kOBc .VfPpkd-rymPhb-ibnC6b-OWXEXe-SfQLQb-UbuQg-Bz112c .VfPpkd-rymPhb-JMEf7e,.s8kOBc .VfPpkd-rymPhb-ibnC6b-OWXEXe-OWB6Me .VfPpkd-rymPhb-Gtdoyb,.s8kOBc .VfPpkd-rymPhb-ibnC6b-OWXEXe-OWB6Me .VfPpkd-rymPhb-fpDzbe-fmcmS,.s8kOBc .VfPpkd-rymPhb-ibnC6b-OWXEXe-OWB6Me .VfPpkd-rymPhb-L8ivfd-fmcmS,.s8kOBc .VfPpkd-rymPhb-ibnC6b-OWXEXe-OWB6Me .VfPpkd-rymPhb-bC5pod-fmcmS,.s8kOBc .VfPpkd-rymPhb-ibnC6b-OWXEXe-OWB6Me.VfPpkd-rymPhb-ibnC6b-OWXEXe-SfQLQb-M1Soyc-Bz112c .VfPpkd-rymPhb-KkROqb,.s8kOBc .VfPpkd-rymPhb-ibnC6b-OWXEXe-OWB6Me.VfPpkd-rymPhb-ibnC6b-OWXEXe-SfQLQb-UbuQg-Bz112c .VfPpkd-rymPhb-JMEf7e,.s8kOBc .VfPpkd-rymPhb-ibnC6b-OWXEXe-OWB6Me.VfPpkd-rymPhb-ibnC6b-OWXEXe-SfQLQb-UbuQg-r4m2rf .VfPpkd-rymPhb-JMEf7e{color:rgb(60,64,67)}.s8kOBc .VfPpkd-rymPhb-ibnC6b-OWXEXe-OWB6Me .VfPpkd-rymPhb-KkROqb,.s8kOBc .VfPpkd-rymPhb-ibnC6b-OWXEXe-OWB6Me .VfPpkd-rymPhb-Gtdoyb,.s8kOBc .VfPpkd-rymPhb-ibnC6b-OWXEXe-OWB6Me .VfPpkd-rymPhb-JMEf7e{opacity:.38}.s8kOBc .VfPpkd-rymPhb-ibnC6b-OWXEXe-gk6SMd .VfPpkd-rymPhb-Gtdoyb,.s8kOBc .VfPpkd-rymPhb-ibnC6b-OWXEXe-gk6SMd .VfPpkd-rymPhb-fpDzbe-fmcmS,.s8kOBc .VfPpkd-rymPhb-ibnC6b-OWXEXe-pXU01b .VfPpkd-rymPhb-Gtdoyb,.s8kOBc .VfPpkd-rymPhb-ibnC6b-OWXEXe-pXU01b .VfPpkd-rymPhb-fpDzbe-fmcmS,.s8kOBc .VfPpkd-rymPhb-ibnC6b-OWXEXe-gk6SMd.VfPpkd-rymPhb-ibnC6b-OWXEXe-SfQLQb-M1Soyc-Bz112c .VfPpkd-rymPhb-KkROqb,.s8kOBc .VfPpkd-rymPhb-ibnC6b-OWXEXe-pXU01b.VfPpkd-rymPhb-ibnC6b-OWXEXe-SfQLQb-M1Soyc-Bz112c .VfPpkd-rymPhb-KkROqb{color:rgb(60,64,67)}.s8kOBc .VfPpkd-rymPhb-ibnC6b-OWXEXe-gk6SMd .VfPpkd-rymPhb-pZXsl::before{opacity:0}.s8kOBc .VfPpkd-rymPhb-ibnC6b.VfPpkd-rymPhb-ibnC6b-OWXEXe-gk6SMd{background-color:rgb(232,240,254)}.s8kOBc .VfPpkd-rymPhb-ibnC6b.VfPpkd-rymPhb-ibnC6b-OWXEXe-gk6SMd .VfPpkd-rymPhb-pZXsl::before,.s8kOBc .VfPpkd-rymPhb-ibnC6b.VfPpkd-rymPhb-ibnC6b-OWXEXe-gk6SMd .VfPpkd-rymPhb-pZXsl::after{background-color:rgb(26,115,232);background-color:var(--mdc-ripple-color,rgb(26,115,232))}.s8kOBc .VfPpkd-rymPhb-ibnC6b.VfPpkd-rymPhb-ibnC6b-OWXEXe-gk6SMd:hover .VfPpkd-rymPhb-pZXsl::before,.s8kOBc .VfPpkd-rymPhb-ibnC6b.VfPpkd-rymPhb-ibnC6b-OWXEXe-gk6SMd.VfPpkd-ksKsZd-XxIAqe-OWXEXe-ZmdkE .VfPpkd-rymPhb-pZXsl::before{opacity:.04;opacity:var(--mdc-ripple-hover-opacity,.04)}.s8kOBc .VfPpkd-rymPhb-ibnC6b.VfPpkd-rymPhb-ibnC6b-OWXEXe-gk6SMd.VfPpkd-ksKsZd-mWPk3d-OWXEXe-AHe6Kc-XpnDCe .VfPpkd-rymPhb-pZXsl::before,.s8kOBc .VfPpkd-rymPhb-ibnC6b.VfPpkd-rymPhb-ibnC6b-OWXEXe-gk6SMd:not(.VfPpkd-ksKsZd-mWPk3d):focus .VfPpkd-rymPhb-pZXsl::before{transition-duration:75ms;opacity:.12;opacity:var(--mdc-ripple-focus-opacity,.12)}.s8kOBc .VfPpkd-rymPhb-ibnC6b.VfPpkd-rymPhb-ibnC6b-OWXEXe-gk6SMd:not(.VfPpkd-ksKsZd-mWPk3d) .VfPpkd-rymPhb-pZXsl::after{transition:opacity .15s linear}.s8kOBc .VfPpkd-rymPhb-ibnC6b.VfPpkd-rymPhb-ibnC6b-OWXEXe-gk6SMd:not(.VfPpkd-ksKsZd-mWPk3d):active .VfPpkd-rymPhb-pZXsl::after{transition-duration:75ms;opacity:.1;opacity:var(--mdc-ripple-press-opacity,.1)}.s8kOBc .VfPpkd-rymPhb-ibnC6b.VfPpkd-rymPhb-ibnC6b-OWXEXe-gk6SMd.VfPpkd-ksKsZd-mWPk3d{--mdc-ripple-fg-opacity:var(--mdc-ripple-press-opacity,0.1)}@media screen and (forced-colors:active){.s8kOBc .VfPpkd-rymPhb-ibnC6b-OWXEXe-OWB6Me .VfPpkd-rymPhb-Gtdoyb,.s8kOBc .VfPpkd-rymPhb-ibnC6b-OWXEXe-OWB6Me .VfPpkd-rymPhb-fpDzbe-fmcmS,.s8kOBc .VfPpkd-rymPhb-ibnC6b-OWXEXe-OWB6Me .VfPpkd-rymPhb-L8ivfd-fmcmS,.s8kOBc .VfPpkd-rymPhb-ibnC6b-OWXEXe-OWB6Me .VfPpkd-rymPhb-bC5pod-fmcmS,.s8kOBc .VfPpkd-rymPhb-ibnC6b-OWXEXe-OWB6Me.VfPpkd-rymPhb-ibnC6b-OWXEXe-SfQLQb-M1Soyc-Bz112c .VfPpkd-rymPhb-KkROqb,.s8kOBc .VfPpkd-rymPhb-ibnC6b-OWXEXe-OWB6Me.VfPpkd-rymPhb-ibnC6b-OWXEXe-SfQLQb-UbuQg-Bz112c .VfPpkd-rymPhb-JMEf7e,.s8kOBc .VfPpkd-rymPhb-ibnC6b-OWXEXe-OWB6Me.VfPpkd-rymPhb-ibnC6b-OWXEXe-SfQLQb-UbuQg-r4m2rf .VfPpkd-rymPhb-JMEf7e{color:GrayText}.s8kOBc .VfPpkd-rymPhb-ibnC6b-OWXEXe-OWB6Me .VfPpkd-rymPhb-KkROqb,.s8kOBc .VfPpkd-rymPhb-ibnC6b-OWXEXe-OWB6Me .VfPpkd-rymPhb-Gtdoyb,.s8kOBc .VfPpkd-rymPhb-ibnC6b-OWXEXe-OWB6Me .VfPpkd-rymPhb-JMEf7e{opacity:1}}.s8kOBc .VfPpkd-StrnGf-rymPhb .VfPpkd-StrnGf-rymPhb-L8ivfd-fmcmS{color:rgb(95,99,104)}.s8kOBc .VfPpkd-StrnGf-rymPhb .VfPpkd-StrnGf-rymPhb-f7MjDc,.s8kOBc .VfPpkd-rymPhb .VfPpkd-rymPhb-ibnC6b-OWXEXe-SfQLQb-M1Soyc-Bz112c .VfPpkd-rymPhb-KkROqb,.s8kOBc .VfPpkd-rymPhb .VfPpkd-rymPhb-ibnC6b-OWXEXe-SfQLQb-UbuQg-Bz112c .VfPpkd-rymPhb-JMEf7e{color:rgb(60,64,67)}.s8kOBc .VfPpkd-rymPhb-fpDzbe-fmcmS{letter-spacing:.00625em}.s8kOBc.VfPpkd-YPmvEd-OWXEXe-UJflGc .VfPpkd-StrnGf-rymPhb-ibnC6b.VfPpkd-StrnGf-rymPhb-ibnC6b-OWXEXe-gk6SMd,.s8kOBc.VfPpkd-YPmvEd-OWXEXe-UJflGc .VfPpkd-rymPhb-ibnC6b.VfPpkd-rymPhb-ibnC6b-OWXEXe-gk6SMd{background-color:rgb(252,232,230)}.s8kOBc.VfPpkd-YPmvEd-OWXEXe-UJflGc .VfPpkd-StrnGf-rymPhb-ibnC6b.VfPpkd-StrnGf-rymPhb-ibnC6b-OWXEXe-gk6SMd .VfPpkd-StrnGf-rymPhb-pZXsl::before,.s8kOBc.VfPpkd-YPmvEd-OWXEXe-UJflGc .VfPpkd-StrnGf-rymPhb-ibnC6b.VfPpkd-StrnGf-rymPhb-ibnC6b-OWXEXe-gk6SMd .VfPpkd-StrnGf-rymPhb-pZXsl::after,.s8kOBc.VfPpkd-YPmvEd-OWXEXe-UJflGc .VfPpkd-rymPhb-ibnC6b.VfPpkd-rymPhb-ibnC6b-OWXEXe-gk6SMd .VfPpkd-StrnGf-rymPhb-pZXsl::before,.s8kOBc.VfPpkd-YPmvEd-OWXEXe-UJflGc .VfPpkd-rymPhb-ibnC6b.VfPpkd-rymPhb-ibnC6b-OWXEXe-gk6SMd .VfPpkd-StrnGf-rymPhb-pZXsl::after{background-color:rgb(217,48,37);background-color:var(--mdc-ripple-color,rgb(217,48,37))}.s8kOBc.VfPpkd-YPmvEd-OWXEXe-UJflGc .VfPpkd-StrnGf-rymPhb-ibnC6b.VfPpkd-StrnGf-rymPhb-ibnC6b-OWXEXe-gk6SMd:hover .VfPpkd-StrnGf-rymPhb-pZXsl::before,.s8kOBc.VfPpkd-YPmvEd-OWXEXe-UJflGc .VfPpkd-StrnGf-rymPhb-ibnC6b.VfPpkd-StrnGf-rymPhb-ibnC6b-OWXEXe-gk6SMd.VfPpkd-ksKsZd-XxIAqe-OWXEXe-ZmdkE .VfPpkd-StrnGf-rymPhb-pZXsl::before,.s8kOBc.VfPpkd-YPmvEd-OWXEXe-UJflGc .VfPpkd-rymPhb-ibnC6b.VfPpkd-rymPhb-ibnC6b-OWXEXe-gk6SMd:hover .VfPpkd-StrnGf-rymPhb-pZXsl::before,.s8kOBc.VfPpkd-YPmvEd-OWXEXe-UJflGc .VfPpkd-rymPhb-ibnC6b.VfPpkd-rymPhb-ibnC6b-OWXEXe-gk6SMd.VfPpkd-ksKsZd-XxIAqe-OWXEXe-ZmdkE .VfPpkd-StrnGf-rymPhb-pZXsl::before{opacity:.04;opacity:var(--mdc-ripple-hover-opacity,.04)}.s8kOBc.VfPpkd-YPmvEd-OWXEXe-UJflGc .VfPpkd-StrnGf-rymPhb-ibnC6b.VfPpkd-StrnGf-rymPhb-ibnC6b-OWXEXe-gk6SMd.VfPpkd-ksKsZd-mWPk3d-OWXEXe-AHe6Kc-XpnDCe .VfPpkd-StrnGf-rymPhb-pZXsl::before,.s8kOBc.VfPpkd-YPmvEd-OWXEXe-UJflGc .VfPpkd-StrnGf-rymPhb-ibnC6b.VfPpkd-StrnGf-rymPhb-ibnC6b-OWXEXe-gk6SMd:not(.VfPpkd-ksKsZd-mWPk3d):focus .VfPpkd-StrnGf-rymPhb-pZXsl::before,.s8kOBc.VfPpkd-YPmvEd-OWXEXe-UJflGc .VfPpkd-rymPhb-ibnC6b.VfPpkd-rymPhb-ibnC6b-OWXEXe-gk6SMd.VfPpkd-ksKsZd-mWPk3d-OWXEXe-AHe6Kc-XpnDCe .VfPpkd-StrnGf-rymPhb-pZXsl::before,.s8kOBc.VfPpkd-YPmvEd-OWXEXe-UJflGc .VfPpkd-rymPhb-ibnC6b.VfPpkd-rymPhb-ibnC6b-OWXEXe-gk6SMd:not(.VfPpkd-ksKsZd-mWPk3d):focus .VfPpkd-StrnGf-rymPhb-pZXsl::before{transition-duration:75ms;opacity:.12;opacity:var(--mdc-ripple-focus-opacity,.12)}.s8kOBc.VfPpkd-YPmvEd-OWXEXe-UJflGc .VfPpkd-StrnGf-rymPhb-ibnC6b.VfPpkd-StrnGf-rymPhb-ibnC6b-OWXEXe-gk6SMd:not(.VfPpkd-ksKsZd-mWPk3d) .VfPpkd-StrnGf-rymPhb-pZXsl::after,.s8kOBc.VfPpkd-YPmvEd-OWXEXe-UJflGc .VfPpkd-rymPhb-ibnC6b.VfPpkd-rymPhb-ibnC6b-OWXEXe-gk6SMd:not(.VfPpkd-ksKsZd-mWPk3d) .VfPpkd-StrnGf-rymPhb-pZXsl::after{transition:opacity .15s linear}.s8kOBc.VfPpkd-YPmvEd-OWXEXe-UJflGc .VfPpkd-StrnGf-rymPhb-ibnC6b.VfPpkd-StrnGf-rymPhb-ibnC6b-OWXEXe-gk6SMd:not(.VfPpkd-ksKsZd-mWPk3d):active .VfPpkd-StrnGf-rymPhb-pZXsl::after,.s8kOBc.VfPpkd-YPmvEd-OWXEXe-UJflGc .VfPpkd-rymPhb-ibnC6b.VfPpkd-rymPhb-ibnC6b-OWXEXe-gk6SMd:not(.VfPpkd-ksKsZd-mWPk3d):active .VfPpkd-StrnGf-rymPhb-pZXsl::after{transition-duration:75ms;opacity:.1;opacity:var(--mdc-ripple-press-opacity,.1)}.s8kOBc.VfPpkd-YPmvEd-OWXEXe-UJflGc .VfPpkd-StrnGf-rymPhb-ibnC6b.VfPpkd-StrnGf-rymPhb-ibnC6b-OWXEXe-gk6SMd .VfPpkd-rymPhb-pZXsl::before,.s8kOBc.VfPpkd-YPmvEd-OWXEXe-UJflGc .VfPpkd-StrnGf-rymPhb-ibnC6b.VfPpkd-StrnGf-rymPhb-ibnC6b-OWXEXe-gk6SMd .VfPpkd-rymPhb-pZXsl::after,.s8kOBc.VfPpkd-YPmvEd-OWXEXe-UJflGc .VfPpkd-rymPhb-ibnC6b.VfPpkd-rymPhb-ibnC6b-OWXEXe-gk6SMd .VfPpkd-rymPhb-pZXsl::before,.s8kOBc.VfPpkd-YPmvEd-OWXEXe-UJflGc .VfPpkd-rymPhb-ibnC6b.VfPpkd-rymPhb-ibnC6b-OWXEXe-gk6SMd .VfPpkd-rymPhb-pZXsl::after{background-color:rgb(217,48,37);background-color:var(--mdc-ripple-color,rgb(217,48,37))}.s8kOBc.VfPpkd-YPmvEd-OWXEXe-UJflGc .VfPpkd-StrnGf-rymPhb-ibnC6b.VfPpkd-StrnGf-rymPhb-ibnC6b-OWXEXe-gk6SMd:hover .VfPpkd-rymPhb-pZXsl::before,.s8kOBc.VfPpkd-YPmvEd-OWXEXe-UJflGc .VfPpkd-StrnGf-rymPhb-ibnC6b.VfPpkd-StrnGf-rymPhb-ibnC6b-OWXEXe-gk6SMd.VfPpkd-ksKsZd-XxIAqe-OWXEXe-ZmdkE .VfPpkd-rymPhb-pZXsl::before,.s8kOBc.VfPpkd-YPmvEd-OWXEXe-UJflGc .VfPpkd-rymPhb-ibnC6b.VfPpkd-rymPhb-ibnC6b-OWXEXe-gk6SMd:hover .VfPpkd-rymPhb-pZXsl::before,.s8kOBc.VfPpkd-YPmvEd-OWXEXe-UJflGc .VfPpkd-rymPhb-ibnC6b.VfPpkd-rymPhb-ibnC6b-OWXEXe-gk6SMd.VfPpkd-ksKsZd-XxIAqe-OWXEXe-ZmdkE .VfPpkd-rymPhb-pZXsl::before{opacity:.04;opacity:var(--mdc-ripple-hover-opacity,.04)}.s8kOBc.VfPpkd-YPmvEd-OWXEXe-UJflGc .VfPpkd-StrnGf-rymPhb-ibnC6b.VfPpkd-StrnGf-rymPhb-ibnC6b-OWXEXe-gk6SMd.VfPpkd-ksKsZd-mWPk3d-OWXEXe-AHe6Kc-XpnDCe .VfPpkd-rymPhb-pZXsl::before,.s8kOBc.VfPpkd-YPmvEd-OWXEXe-UJflGc .VfPpkd-StrnGf-rymPhb-ibnC6b.VfPpkd-StrnGf-rymPhb-ibnC6b-OWXEXe-gk6SMd:not(.VfPpkd-ksKsZd-mWPk3d):focus .VfPpkd-rymPhb-pZXsl::before,.s8kOBc.VfPpkd-YPmvEd-OWXEXe-UJflGc .VfPpkd-rymPhb-ibnC6b.VfPpkd-rymPhb-ibnC6b-OWXEXe-gk6SMd.VfPpkd-ksKsZd-mWPk3d-OWXEXe-AHe6Kc-XpnDCe .VfPpkd-rymPhb-pZXsl::before,.s8kOBc.VfPpkd-YPmvEd-OWXEXe-UJflGc .VfPpkd-rymPhb-ibnC6b.VfPpkd-rymPhb-ibnC6b-OWXEXe-gk6SMd:not(.VfPpkd-ksKsZd-mWPk3d):focus .VfPpkd-rymPhb-pZXsl::before{transition-duration:75ms;opacity:.12;opacity:var(--mdc-ripple-focus-opacity,.12)}.s8kOBc.VfPpkd-YPmvEd-OWXEXe-UJflGc .VfPpkd-StrnGf-rymPhb-ibnC6b.VfPpkd-StrnGf-rymPhb-ibnC6b-OWXEXe-gk6SMd:not(.VfPpkd-ksKsZd-mWPk3d) .VfPpkd-rymPhb-pZXsl::after,.s8kOBc.VfPpkd-YPmvEd-OWXEXe-UJflGc .VfPpkd-rymPhb-ibnC6b.VfPpkd-rymPhb-ibnC6b-OWXEXe-gk6SMd:not(.VfPpkd-ksKsZd-mWPk3d) .VfPpkd-rymPhb-pZXsl::after{transition:opacity .15s linear}.s8kOBc.VfPpkd-YPmvEd-OWXEXe-UJflGc .VfPpkd-StrnGf-rymPhb-ibnC6b.VfPpkd-StrnGf-rymPhb-ibnC6b-OWXEXe-gk6SMd:not(.VfPpkd-ksKsZd-mWPk3d):active .VfPpkd-rymPhb-pZXsl::after,.s8kOBc.VfPpkd-YPmvEd-OWXEXe-UJflGc .VfPpkd-rymPhb-ibnC6b.VfPpkd-rymPhb-ibnC6b-OWXEXe-gk6SMd:not(.VfPpkd-ksKsZd-mWPk3d):active .VfPpkd-rymPhb-pZXsl::after{transition-duration:75ms;opacity:.1;opacity:var(--mdc-ripple-press-opacity,.1)}.s8kOBc.VfPpkd-YPmvEd-OWXEXe-UJflGc .VfPpkd-StrnGf-rymPhb-ibnC6b.VfPpkd-StrnGf-rymPhb-ibnC6b-OWXEXe-gk6SMd.VfPpkd-ksKsZd-mWPk3d,.s8kOBc.VfPpkd-YPmvEd-OWXEXe-UJflGc .VfPpkd-rymPhb-ibnC6b.VfPpkd-rymPhb-ibnC6b-OWXEXe-gk6SMd.VfPpkd-ksKsZd-mWPk3d{--mdc-ripple-fg-opacity:var(--mdc-ripple-press-opacity,0.1)}.hqBSCb:not(.VfPpkd-O1htCb-OWXEXe-OWB6Me) .VfPpkd-TkwUic{background-color:rgb(241,243,244)}.hqBSCb.VfPpkd-O1htCb-OWXEXe-OWB6Me .VfPpkd-TkwUic{background-color:rgba(95,99,104,.04)}.hqBSCb:not(.VfPpkd-O1htCb-OWXEXe-OWB6Me) .VfPpkd-RWgCYc-ksKsZd::before{border-bottom-color:rgb(95,99,104)}.hqBSCb:not(.VfPpkd-O1htCb-OWXEXe-OWB6Me):hover .VfPpkd-RWgCYc-ksKsZd::before{border-bottom-color:rgb(32,33,36)}.hqBSCb:not(.VfPpkd-O1htCb-OWXEXe-OWB6Me) .VfPpkd-RWgCYc-ksKsZd::after{border-bottom-color:rgb(25,103,210)}.hqBSCb.VfPpkd-O1htCb-OWXEXe-OWB6Me .VfPpkd-RWgCYc-ksKsZd::before{border-bottom-color:rgba(95,99,104,.38)}.hqBSCb:not(.VfPpkd-O1htCb-OWXEXe-OWB6Me) .VfPpkd-NLUYnc-V67aGc{color:rgb(95,99,104)}.hqBSCb:not(.VfPpkd-O1htCb-OWXEXe-OWB6Me).VfPpkd-O1htCb-OWXEXe-XpnDCe .VfPpkd-NLUYnc-V67aGc{color:rgb(25,103,210)}.hqBSCb:not(.VfPpkd-O1htCb-OWXEXe-OWB6Me):not(.VfPpkd-O1htCb-OWXEXe-XpnDCe):hover .VfPpkd-NLUYnc-V67aGc{color:rgb(32,33,36)}.hqBSCb.VfPpkd-O1htCb-OWXEXe-OWB6Me .VfPpkd-NLUYnc-V67aGc{color:rgba(95,99,104,.38)}.hqBSCb:not(.VfPpkd-O1htCb-OWXEXe-OWB6Me)+.VfPpkd-O1htCb-W0vJo-fmcmS{color:rgb(95,99,104)}.hqBSCb.VfPpkd-O1htCb-OWXEXe-OWB6Me+.VfPpkd-O1htCb-W0vJo-fmcmS{color:rgba(95,99,104,.38)}.hqBSCb:not(.VfPpkd-O1htCb-OWXEXe-OWB6Me).VfPpkd-O1htCb-OWXEXe-UJflGc+.VfPpkd-O1htCb-W0vJo-fmcmS-OWXEXe-Rfh2Tc-EglORb{color:rgb(197,34,31)}.hqBSCb:not(.VfPpkd-O1htCb-OWXEXe-OWB6Me):not(.VfPpkd-O1htCb-OWXEXe-XpnDCe):hover.VfPpkd-O1htCb-OWXEXe-UJflGc+.VfPpkd-O1htCb-W0vJo-fmcmS-OWXEXe-Rfh2Tc-EglORb{color:rgb(165,14,14)}.hqBSCb:not(.VfPpkd-O1htCb-OWXEXe-OWB6Me) .VfPpkd-uusGie-fmcmS{color:rgb(60,64,67)}.hqBSCb.VfPpkd-O1htCb-OWXEXe-OWB6Me .VfPpkd-uusGie-fmcmS{color:rgba(60,64,67,.38)}@media (forced-colors:active){.hqBSCb.VfPpkd-O1htCb-OWXEXe-OWB6Me .VfPpkd-NLUYnc-V67aGc,.hqBSCb.VfPpkd-O1htCb-OWXEXe-OWB6Me .VfPpkd-uusGie-fmcmS{color:GrayText}}.hqBSCb:not(.VfPpkd-O1htCb-OWXEXe-OWB6Me) .VfPpkd-t08AT-Bz112c{fill:rgb(95,99,104)}.hqBSCb:not(.VfPpkd-O1htCb-OWXEXe-OWB6Me):not(.VfPpkd-O1htCb-OWXEXe-XpnDCe):hover .VfPpkd-t08AT-Bz112c{fill:rgb(32,33,36)}.hqBSCb:not(.VfPpkd-O1htCb-OWXEXe-OWB6Me).VfPpkd-O1htCb-OWXEXe-XpnDCe .VfPpkd-t08AT-Bz112c{fill:rgb(23,78,166)}.hqBSCb.VfPpkd-O1htCb-OWXEXe-OWB6Me .VfPpkd-t08AT-Bz112c{fill:rgba(95,99,104,.38)}.hqBSCb:not(.VfPpkd-O1htCb-OWXEXe-OWB6Me) .VfPpkd-cTi5dd{color:rgb(95,99,104)}.hqBSCb.VfPpkd-O1htCb-OWXEXe-OWB6Me .VfPpkd-cTi5dd{color:rgba(95,99,104,.38)}.hqBSCb.VfPpkd-O1htCb-OWXEXe-UJflGc:not(.VfPpkd-O1htCb-OWXEXe-OWB6Me) .VfPpkd-RWgCYc-ksKsZd::before{border-bottom-color:rgb(197,34,31)}.hqBSCb.VfPpkd-O1htCb-OWXEXe-UJflGc:not(.VfPpkd-O1htCb-OWXEXe-OWB6Me):hover .VfPpkd-RWgCYc-ksKsZd::before{border-bottom-color:rgb(165,14,14)}.hqBSCb.VfPpkd-O1htCb-OWXEXe-UJflGc:not(.VfPpkd-O1htCb-OWXEXe-OWB6Me) .VfPpkd-RWgCYc-ksKsZd::after{border-bottom-color:rgb(197,34,31)}.hqBSCb.VfPpkd-O1htCb-OWXEXe-UJflGc:not(.VfPpkd-O1htCb-OWXEXe-OWB6Me) .VfPpkd-NLUYnc-V67aGc{color:rgb(197,34,31)}.hqBSCb.VfPpkd-O1htCb-OWXEXe-UJflGc:not(.VfPpkd-O1htCb-OWXEXe-OWB6Me):not(.VfPpkd-O1htCb-OWXEXe-XpnDCe):hover .VfPpkd-NLUYnc-V67aGc{color:rgb(165,14,14)}.hqBSCb.VfPpkd-O1htCb-OWXEXe-UJflGc:not(.VfPpkd-O1htCb-OWXEXe-OWB6Me) .VfPpkd-NLUYnc-V67aGc-OWXEXe-TATcMc-KLRBe{color:rgb(197,34,31)}.hqBSCb.VfPpkd-O1htCb-OWXEXe-UJflGc:not(.VfPpkd-O1htCb-OWXEXe-OWB6Me):not(.VfPpkd-O1htCb-OWXEXe-XpnDCe):hover .VfPpkd-NLUYnc-V67aGc-OWXEXe-TATcMc-KLRBe{color:rgb(165,14,14)}.hqBSCb.VfPpkd-O1htCb-OWXEXe-UJflGc:not(.VfPpkd-O1htCb-OWXEXe-OWB6Me) .VfPpkd-t08AT-Bz112c{fill:rgb(217,48,37)}.hqBSCb.VfPpkd-O1htCb-OWXEXe-UJflGc:not(.VfPpkd-O1htCb-OWXEXe-OWB6Me):not(.VfPpkd-O1htCb-OWXEXe-XpnDCe):hover .VfPpkd-t08AT-Bz112c{fill:rgb(165,14,14)}.hqBSCb.VfPpkd-O1htCb-OWXEXe-UJflGc:not(.VfPpkd-O1htCb-OWXEXe-OWB6Me).VfPpkd-O1htCb-OWXEXe-XpnDCe .VfPpkd-t08AT-Bz112c{fill:rgb(217,48,37)}.hqBSCb .VfPpkd-TkwUic .VfPpkd-woaZLe::before,.hqBSCb .VfPpkd-TkwUic .VfPpkd-woaZLe::after{background-color:rgb(60,64,67);background-color:var(--mdc-ripple-color,rgb(60,64,67))}.hqBSCb .VfPpkd-TkwUic:hover .VfPpkd-woaZLe::before,.hqBSCb .VfPpkd-TkwUic.VfPpkd-ksKsZd-XxIAqe-OWXEXe-ZmdkE .VfPpkd-woaZLe::before{opacity:.08;opacity:var(--mdc-ripple-hover-opacity,.08)}.hqBSCb .VfPpkd-TkwUic.VfPpkd-ksKsZd-mWPk3d-OWXEXe-AHe6Kc-XpnDCe .VfPpkd-woaZLe::before,.hqBSCb .VfPpkd-TkwUic:not(.VfPpkd-ksKsZd-mWPk3d):focus .VfPpkd-woaZLe::before{transition-duration:75ms;opacity:.12;opacity:var(--mdc-ripple-focus-opacity,.12)}.hqBSCb .VfPpkd-TkwUic:not(.VfPpkd-ksKsZd-mWPk3d) .VfPpkd-woaZLe::after{transition:opacity .15s linear}.hqBSCb .VfPpkd-TkwUic:not(.VfPpkd-ksKsZd-mWPk3d):active .VfPpkd-woaZLe::after{transition-duration:75ms;opacity:.1;opacity:var(--mdc-ripple-press-opacity,.1)}.hqBSCb .VfPpkd-TkwUic.VfPpkd-ksKsZd-mWPk3d{--mdc-ripple-fg-opacity:var(--mdc-ripple-press-opacity,0.1)}.ReCbLb:not(.VfPpkd-O1htCb-OWXEXe-OWB6Me) .VfPpkd-NSFCdd-Brv4Fb,.ReCbLb:not(.VfPpkd-O1htCb-OWXEXe-OWB6Me) .VfPpkd-NSFCdd-Ra9xwd,.ReCbLb:not(.VfPpkd-O1htCb-OWXEXe-OWB6Me) .VfPpkd-NSFCdd-MpmGFe{border-color:rgb(128,134,139)}.ReCbLb:not(.VfPpkd-O1htCb-OWXEXe-OWB6Me):not(.VfPpkd-O1htCb-OWXEXe-XpnDCe) .VfPpkd-TkwUic:hover .VfPpkd-NSFCdd-i5vt6e .VfPpkd-NSFCdd-Brv4Fb,.ReCbLb:not(.VfPpkd-O1htCb-OWXEXe-OWB6Me):not(.VfPpkd-O1htCb-OWXEXe-XpnDCe) .VfPpkd-TkwUic:hover .VfPpkd-NSFCdd-i5vt6e .VfPpkd-NSFCdd-Ra9xwd,.ReCbLb:not(.VfPpkd-O1htCb-OWXEXe-OWB6Me):not(.VfPpkd-O1htCb-OWXEXe-XpnDCe) .VfPpkd-TkwUic:hover .VfPpkd-NSFCdd-i5vt6e .VfPpkd-NSFCdd-MpmGFe{border-color:rgb(32,33,36)}.ReCbLb:not(.VfPpkd-O1htCb-OWXEXe-OWB6Me).VfPpkd-O1htCb-OWXEXe-XpnDCe .VfPpkd-NSFCdd-i5vt6e .VfPpkd-NSFCdd-Brv4Fb,.ReCbLb:not(.VfPpkd-O1htCb-OWXEXe-OWB6Me).VfPpkd-O1htCb-OWXEXe-XpnDCe .VfPpkd-NSFCdd-i5vt6e .VfPpkd-NSFCdd-Ra9xwd,.ReCbLb:not(.VfPpkd-O1htCb-OWXEXe-OWB6Me).VfPpkd-O1htCb-OWXEXe-XpnDCe .VfPpkd-NSFCdd-i5vt6e .VfPpkd-NSFCdd-MpmGFe{border-color:rgb(26,115,232)}.ReCbLb.VfPpkd-O1htCb-OWXEXe-OWB6Me .VfPpkd-NSFCdd-Brv4Fb,.ReCbLb.VfPpkd-O1htCb-OWXEXe-OWB6Me .VfPpkd-NSFCdd-Ra9xwd,.ReCbLb.VfPpkd-O1htCb-OWXEXe-OWB6Me .VfPpkd-NSFCdd-MpmGFe{border-color:rgba(60,64,67,.12)}.ReCbLb:not(.VfPpkd-O1htCb-OWXEXe-OWB6Me) .VfPpkd-NLUYnc-V67aGc{color:rgb(95,99,104)}.ReCbLb:not(.VfPpkd-O1htCb-OWXEXe-OWB6Me).VfPpkd-O1htCb-OWXEXe-XpnDCe .VfPpkd-NLUYnc-V67aGc{color:rgb(26,115,232)}.ReCbLb:not(.VfPpkd-O1htCb-OWXEXe-OWB6Me):not(.VfPpkd-O1htCb-OWXEXe-XpnDCe):hover .VfPpkd-NLUYnc-V67aGc{color:rgb(32,33,36)}.ReCbLb.VfPpkd-O1htCb-OWXEXe-OWB6Me .VfPpkd-NLUYnc-V67aGc{color:rgba(95,99,104,.38)}.ReCbLb:not(.VfPpkd-O1htCb-OWXEXe-OWB6Me)+.VfPpkd-O1htCb-W0vJo-fmcmS{color:rgb(95,99,104)}.ReCbLb.VfPpkd-O1htCb-OWXEXe-OWB6Me+.VfPpkd-O1htCb-W0vJo-fmcmS{color:rgba(95,99,104,.38)}.ReCbLb:not(.VfPpkd-O1htCb-OWXEXe-OWB6Me).VfPpkd-O1htCb-OWXEXe-UJflGc+.VfPpkd-O1htCb-W0vJo-fmcmS-OWXEXe-Rfh2Tc-EglORb{color:rgb(217,48,37)}.ReCbLb:not(.VfPpkd-O1htCb-OWXEXe-OWB6Me):not(.VfPpkd-O1htCb-OWXEXe-XpnDCe):hover.VfPpkd-O1htCb-OWXEXe-UJflGc+.VfPpkd-O1htCb-W0vJo-fmcmS-OWXEXe-Rfh2Tc-EglORb{color:rgb(165,14,14)}.ReCbLb:not(.VfPpkd-O1htCb-OWXEXe-OWB6Me) .VfPpkd-uusGie-fmcmS{color:rgb(60,64,67)}.ReCbLb.VfPpkd-O1htCb-OWXEXe-OWB6Me .VfPpkd-uusGie-fmcmS{color:rgba(60,64,67,.38)}@media (forced-colors:active){.ReCbLb.VfPpkd-O1htCb-OWXEXe-OWB6Me .VfPpkd-NLUYnc-V67aGc,.ReCbLb.VfPpkd-O1htCb-OWXEXe-OWB6Me .VfPpkd-uusGie-fmcmS{color:GrayText}}.ReCbLb:not(.VfPpkd-O1htCb-OWXEXe-OWB6Me) .VfPpkd-t08AT-Bz112c{fill:rgb(95,99,104)}.ReCbLb:not(.VfPpkd-O1htCb-OWXEXe-OWB6Me):not(.VfPpkd-O1htCb-OWXEXe-XpnDCe):hover .VfPpkd-t08AT-Bz112c{fill:rgb(32,33,36)}.ReCbLb:not(.VfPpkd-O1htCb-OWXEXe-OWB6Me).VfPpkd-O1htCb-OWXEXe-XpnDCe .VfPpkd-t08AT-Bz112c{fill:rgb(26,115,232)}.ReCbLb.VfPpkd-O1htCb-OWXEXe-OWB6Me .VfPpkd-t08AT-Bz112c{fill:rgba(95,99,104,.38)}.ReCbLb:not(.VfPpkd-O1htCb-OWXEXe-OWB6Me) .VfPpkd-cTi5dd{color:rgb(95,99,104)}.ReCbLb.VfPpkd-O1htCb-OWXEXe-OWB6Me .VfPpkd-cTi5dd{color:rgba(95,99,104,.38)}.ReCbLb.VfPpkd-O1htCb-OWXEXe-UJflGc:not(.VfPpkd-O1htCb-OWXEXe-OWB6Me) .VfPpkd-NSFCdd-Brv4Fb,.ReCbLb.VfPpkd-O1htCb-OWXEXe-UJflGc:not(.VfPpkd-O1htCb-OWXEXe-OWB6Me) .VfPpkd-NSFCdd-Ra9xwd,.ReCbLb.VfPpkd-O1htCb-OWXEXe-UJflGc:not(.VfPpkd-O1htCb-OWXEXe-OWB6Me) .VfPpkd-NSFCdd-MpmGFe{border-color:rgb(217,48,37)}.ReCbLb.VfPpkd-O1htCb-OWXEXe-UJflGc:not(.VfPpkd-O1htCb-OWXEXe-OWB6Me):not(.VfPpkd-O1htCb-OWXEXe-XpnDCe) .VfPpkd-TkwUic:hover .VfPpkd-NSFCdd-i5vt6e .VfPpkd-NSFCdd-Brv4Fb,.ReCbLb.VfPpkd-O1htCb-OWXEXe-UJflGc:not(.VfPpkd-O1htCb-OWXEXe-OWB6Me):not(.VfPpkd-O1htCb-OWXEXe-XpnDCe) .VfPpkd-TkwUic:hover .VfPpkd-NSFCdd-i5vt6e .VfPpkd-NSFCdd-Ra9xwd,.ReCbLb.VfPpkd-O1htCb-OWXEXe-UJflGc:not(.VfPpkd-O1htCb-OWXEXe-OWB6Me):not(.VfPpkd-O1htCb-OWXEXe-XpnDCe) .VfPpkd-TkwUic:hover .VfPpkd-NSFCdd-i5vt6e .VfPpkd-NSFCdd-MpmGFe{border-color:rgb(165,14,14)}.ReCbLb.VfPpkd-O1htCb-OWXEXe-UJflGc:not(.VfPpkd-O1htCb-OWXEXe-OWB6Me).VfPpkd-O1htCb-OWXEXe-XpnDCe .VfPpkd-NSFCdd-i5vt6e .VfPpkd-NSFCdd-Brv4Fb,.ReCbLb.VfPpkd-O1htCb-OWXEXe-UJflGc:not(.VfPpkd-O1htCb-OWXEXe-OWB6Me).VfPpkd-O1htCb-OWXEXe-XpnDCe .VfPpkd-NSFCdd-i5vt6e .VfPpkd-NSFCdd-Ra9xwd,.ReCbLb.VfPpkd-O1htCb-OWXEXe-UJflGc:not(.VfPpkd-O1htCb-OWXEXe-OWB6Me).VfPpkd-O1htCb-OWXEXe-XpnDCe .VfPpkd-NSFCdd-i5vt6e .VfPpkd-NSFCdd-MpmGFe{border-color:rgb(217,48,37)}.ReCbLb.VfPpkd-O1htCb-OWXEXe-UJflGc:not(.VfPpkd-O1htCb-OWXEXe-OWB6Me) .VfPpkd-NLUYnc-V67aGc{color:rgb(217,48,37)}.ReCbLb.VfPpkd-O1htCb-OWXEXe-UJflGc:not(.VfPpkd-O1htCb-OWXEXe-OWB6Me):not(.VfPpkd-O1htCb-OWXEXe-XpnDCe):hover .VfPpkd-NLUYnc-V67aGc{color:rgb(165,14,14)}.ReCbLb.VfPpkd-O1htCb-OWXEXe-UJflGc:not(.VfPpkd-O1htCb-OWXEXe-OWB6Me) .VfPpkd-NLUYnc-V67aGc-OWXEXe-TATcMc-KLRBe{color:rgb(217,48,37)}.ReCbLb.VfPpkd-O1htCb-OWXEXe-UJflGc:not(.VfPpkd-O1htCb-OWXEXe-OWB6Me):not(.VfPpkd-O1htCb-OWXEXe-XpnDCe):hover .VfPpkd-NLUYnc-V67aGc-OWXEXe-TATcMc-KLRBe{color:rgb(165,14,14)}.ReCbLb.VfPpkd-O1htCb-OWXEXe-UJflGc:not(.VfPpkd-O1htCb-OWXEXe-OWB6Me) .VfPpkd-t08AT-Bz112c{fill:rgb(197,34,31)}.ReCbLb.VfPpkd-O1htCb-OWXEXe-UJflGc:not(.VfPpkd-O1htCb-OWXEXe-OWB6Me):not(.VfPpkd-O1htCb-OWXEXe-XpnDCe):hover .VfPpkd-t08AT-Bz112c{fill:rgb(165,14,14)}.ReCbLb.VfPpkd-O1htCb-OWXEXe-UJflGc:not(.VfPpkd-O1htCb-OWXEXe-OWB6Me).VfPpkd-O1htCb-OWXEXe-XpnDCe .VfPpkd-t08AT-Bz112c{fill:rgb(197,34,31)}.FZfKCe{display:flex;flex-wrap:wrap;justify-content:space-between}.HwzH1e{display:flex;list-style:none;margin:0 -12px;padding:0}.qKvP1b{display:flex;margin:16px 4px}.qKvP1b:first-child{margin-left:0}.qKvP1b:last-child{margin-right:0}.AVAq4d{align-content:center;border-radius:8px;color:#1f1f1f;color:var(--gm3-sys-color-on-surface,#1f1f1f);display:flex;flex-wrap:wrap;font-family:"Google Sans",roboto,"Noto Sans Myanmar UI",arial,sans-serif;font-size:0.75rem;font-weight:400;letter-spacing:0.00625rem;line-height:1.3333333333;outline:none;padding:8px 12px;text-decoration:none}.AVAq4d{position:relative}.AVAq4d::before{background:#444746;background:var(--gm3-sys-color-on-surface-variant,#444746);content:"";opacity:0;position:absolute;pointer-events:none}.AVAq4d:hover::before{opacity:0.08}.AVAq4d:focus::before,.AVAq4d.u3bW4e::before{opacity:0.1}.AVAq4d:active::before,.AVAq4d.qs41qe::before{opacity:0.1}.AVAq4d::before{border-radius:8px;inset:0}.AVAq4d:focus-visible::after{border:2px solid;border-color:#0b57d0;border-color:var(--gm3-sys-color-primary,#0b57d0);box-shadow:0 0 0 2px #d3e3fd;box-shadow:0 0 0 2px var(--gm3-sys-color-primary-container,#d3e3fd);border-radius:9px;content:"";position:absolute;pointer-events:none;inset:-1px}.eXa0v{margin:16px 0;margin-right:12px}.dEoyBf{margin-left:-16px}.dEoyBf:not(.VfPpkd-O1htCb-OWXEXe-OWB6Me) .VfPpkd-NSFCdd-Brv4Fb,.dEoyBf:not(.VfPpkd-O1htCb-OWXEXe-OWB6Me) .VfPpkd-NSFCdd-Ra9xwd,.dEoyBf:not(.VfPpkd-O1htCb-OWXEXe-OWB6Me) .VfPpkd-NSFCdd-MpmGFe{border-color:transparent}.dEoyBf:not(.VfPpkd-O1htCb-OWXEXe-OWB6Me) .VfPpkd-NSFCdd-Brv4Fb,.dEoyBf:not(.VfPpkd-O1htCb-OWXEXe-OWB6Me) .VfPpkd-NSFCdd-Ra9xwd,.dEoyBf:not(.VfPpkd-O1htCb-OWXEXe-OWB6Me) .VfPpkd-NSFCdd-MpmGFe{border-width:0}.dEoyBf .VfPpkd-OkbHre .VfPpkd-rymPhb-Gtdoyb,.dEoyBf .VfPpkd-OkbHre .VfPpkd-rymPhb-fpDzbe-fmcmS{color:var(--gm3-sys-color-on-surface,#1f1f1f)}.dEoyBf .VfPpkd-OkbHre .VfPpkd-rymPhb-fpDzbe-fmcmS{font-family:"Google Sans",roboto,"Noto Sans Myanmar UI",arial,sans-serif;line-height:1.3333333333;font-size:0.75rem;font-weight:400;letter-spacing:0.00625rem}.dEoyBf:not(.VfPpkd-O1htCb-OWXEXe-OWB6Me) .VfPpkd-t08AT-Bz112c{fill:var(--gm3-sys-color-on-surface-variant,#444746)}.dEoyBf:not(.VfPpkd-O1htCb-OWXEXe-OWB6Me):not(.VfPpkd-O1htCb-OWXEXe-XpnDCe):hover .VfPpkd-t08AT-Bz112c{fill:var(--gm3-sys-color-on-surface-variant,#444746)}.dEoyBf:not(.VfPpkd-O1htCb-OWXEXe-OWB6Me).VfPpkd-O1htCb-OWXEXe-XpnDCe .VfPpkd-t08AT-Bz112c{fill:var(--gm3-sys-color-on-surface-variant,#444746)}.dEoyBf:not(.VfPpkd-O1htCb-OWXEXe-OWB6Me) .VfPpkd-uusGie-fmcmS{color:var(--gm3-sys-color-on-surface,#1f1f1f)}.dEoyBf .VfPpkd-uusGie-fmcmS{font-family:"Google Sans",roboto,"Noto Sans Myanmar UI",arial,sans-serif;line-height:1.3333333333;font-size:0.75rem;font-weight:400;letter-spacing:0.00625rem}.dEoyBf .VfPpkd-TkwUic{height:32px}.dEoyBf .VfPpkd-TkwUic .VfPpkd-NLUYnc-V67aGc-OWXEXe-TATcMc-KLRBe{transform:translateY(-25.25px) scale(1)}.dEoyBf .VfPpkd-TkwUic.VfPpkd-NSFCdd-i5vt6e-OWXEXe-mWPk3d .VfPpkd-NLUYnc-V67aGc-OWXEXe-TATcMc-KLRBe,.dEoyBf .VfPpkd-TkwUic .VfPpkd-NSFCdd-i5vt6e-OWXEXe-mWPk3d .VfPpkd-NLUYnc-V67aGc-OWXEXe-TATcMc-KLRBe{transform:translateY(-22.75px) scale(.75)}.dEoyBf .VfPpkd-TkwUic .VfPpkd-NLUYnc-V67aGc-OWXEXe-TATcMc-KLRBe{font-size:.75rem}.dEoyBf .VfPpkd-TkwUic.VfPpkd-NSFCdd-i5vt6e-OWXEXe-mWPk3d .VfPpkd-NLUYnc-V67aGc-OWXEXe-TATcMc-KLRBe,.dEoyBf .VfPpkd-TkwUic .VfPpkd-NSFCdd-i5vt6e-OWXEXe-mWPk3d .VfPpkd-NLUYnc-V67aGc-OWXEXe-TATcMc-KLRBe{font-size:1rem}.dEoyBf .VfPpkd-TkwUic .VfPpkd-NLUYnc-V67aGc-OWXEXe-bF1zU{animation:mdc-floating-label-shake-float-above-select-outlined-32px .25s 1}@keyframes mdc-floating-label-shake-float-above-select-outlined-32px{0%{transform:translateX(0) translateY(-22.75px) scale(.75)}33%{animation-timing-function:cubic-bezier(.5,0,.701732,.495819);transform:translateX(4%) translateY(-22.75px) scale(.75)}66%{animation-timing-function:cubic-bezier(.302435,.381352,.55,.956352);transform:translateX(-4%) translateY(-22.75px) scale(.75)}100%{transform:translateX(0) translateY(-22.75px) scale(.75)}}.dEoyBf .VfPpkd-t08AT-Bz112c{width:20px;height:20px}.dEoyBf.VfPpkd-O1htCb-OWXEXe-INsAgc .VfPpkd-TkwUic :not(.VfPpkd-NSFCdd-i5vt6e-OWXEXe-NSFCdd) .VfPpkd-NSFCdd-Ra9xwd{max-width:calc(100% - 56px)}.dEoyBf.VfPpkd-O1htCb-OWXEXe-SfQLQb-M1Soyc-Bz112c .VfPpkd-TkwUic{height:32px}.dEoyBf.VfPpkd-O1htCb-OWXEXe-SfQLQb-M1Soyc-Bz112c .VfPpkd-TkwUic .VfPpkd-t08AT-Bz112c{width:20px;height:20px}.dEoyBf.VfPpkd-O1htCb-OWXEXe-SfQLQb-M1Soyc-Bz112c .VfPpkd-TkwUic .VfPpkd-NLUYnc-V67aGc{left:32px;right:auto}[dir=rtl] .dEoyBf.VfPpkd-O1htCb-OWXEXe-SfQLQb-M1Soyc-Bz112c .VfPpkd-TkwUic .VfPpkd-NLUYnc-V67aGc,.dEoyBf.VfPpkd-O1htCb-OWXEXe-SfQLQb-M1Soyc-Bz112c .VfPpkd-TkwUic .VfPpkd-NLUYnc-V67aGc[dir=rtl]{left:auto;right:32px}.dEoyBf.VfPpkd-O1htCb-OWXEXe-SfQLQb-M1Soyc-Bz112c .VfPpkd-TkwUic .VfPpkd-NLUYnc-V67aGc-OWXEXe-TATcMc-KLRBe{transform:translateY(-25.25px) translateX(-28px) scale(1)}[dir=rtl] .dEoyBf.VfPpkd-O1htCb-OWXEXe-SfQLQb-M1Soyc-Bz112c .VfPpkd-TkwUic .VfPpkd-NLUYnc-V67aGc-OWXEXe-TATcMc-KLRBe,.dEoyBf.VfPpkd-O1htCb-OWXEXe-SfQLQb-M1Soyc-Bz112c .VfPpkd-TkwUic .VfPpkd-NLUYnc-V67aGc-OWXEXe-TATcMc-KLRBe[dir=rtl]{transform:translateY(-25.25px) translateX(28px) scale(1)}.dEoyBf.VfPpkd-O1htCb-OWXEXe-SfQLQb-M1Soyc-Bz112c .VfPpkd-TkwUic.VfPpkd-NSFCdd-i5vt6e-OWXEXe-mWPk3d .VfPpkd-NLUYnc-V67aGc-OWXEXe-TATcMc-KLRBe,.dEoyBf.VfPpkd-O1htCb-OWXEXe-SfQLQb-M1Soyc-Bz112c .VfPpkd-TkwUic .VfPpkd-NSFCdd-i5vt6e-OWXEXe-mWPk3d .VfPpkd-NLUYnc-V67aGc-OWXEXe-TATcMc-KLRBe{transform:translateY(-22.75px) translateX(-28px) scale(.75)}[dir=rtl] .dEoyBf.VfPpkd-O1htCb-OWXEXe-SfQLQb-M1Soyc-Bz112c .VfPpkd-TkwUic.VfPpkd-NSFCdd-i5vt6e-OWXEXe-mWPk3d .VfPpkd-NLUYnc-V67aGc-OWXEXe-TATcMc-KLRBe,[dir=rtl] .dEoyBf.VfPpkd-O1htCb-OWXEXe-SfQLQb-M1Soyc-Bz112c .VfPpkd-TkwUic .VfPpkd-NSFCdd-i5vt6e-OWXEXe-mWPk3d .VfPpkd-NLUYnc-V67aGc-OWXEXe-TATcMc-KLRBe,.dEoyBf.VfPpkd-O1htCb-OWXEXe-SfQLQb-M1Soyc-Bz112c .VfPpkd-TkwUic.VfPpkd-NSFCdd-i5vt6e-OWXEXe-mWPk3d .VfPpkd-NLUYnc-V67aGc-OWXEXe-TATcMc-KLRBe[dir=rtl],.dEoyBf.VfPpkd-O1htCb-OWXEXe-SfQLQb-M1Soyc-Bz112c .VfPpkd-TkwUic .VfPpkd-NSFCdd-i5vt6e-OWXEXe-mWPk3d .VfPpkd-NLUYnc-V67aGc-OWXEXe-TATcMc-KLRBe[dir=rtl]{transform:translateY(-22.75px) translateX(28px) scale(.75)}.dEoyBf.VfPpkd-O1htCb-OWXEXe-SfQLQb-M1Soyc-Bz112c .VfPpkd-TkwUic .VfPpkd-NLUYnc-V67aGc-OWXEXe-TATcMc-KLRBe{font-size:.75rem}.dEoyBf.VfPpkd-O1htCb-OWXEXe-SfQLQb-M1Soyc-Bz112c .VfPpkd-TkwUic.VfPpkd-NSFCdd-i5vt6e-OWXEXe-mWPk3d .VfPpkd-NLUYnc-V67aGc-OWXEXe-TATcMc-KLRBe,.dEoyBf.VfPpkd-O1htCb-OWXEXe-SfQLQb-M1Soyc-Bz112c .VfPpkd-TkwUic .VfPpkd-NSFCdd-i5vt6e-OWXEXe-mWPk3d .VfPpkd-NLUYnc-V67aGc-OWXEXe-TATcMc-KLRBe{font-size:1rem}.dEoyBf.VfPpkd-O1htCb-OWXEXe-SfQLQb-M1Soyc-Bz112c .VfPpkd-TkwUic .VfPpkd-NLUYnc-V67aGc-OWXEXe-bF1zU{animation:mdc-floating-label-shake-float-above- .25s 1}@keyframes mdc-floating-label-shake-float-above-{0%{transform:translateX(-28px) translateY(-22.75px) scale(.75)}33%{animation-timing-function:cubic-bezier(.5,0,.701732,.495819);transform:translateX(calc(4% - 28px)) translateY(-22.75px) scale(.75)}66%{animation-timing-function:cubic-bezier(.302435,.381352,.55,.956352);transform:translateX(calc(-4% - 28px)) translateY(-22.75px) scale(.75)}100%{transform:translateX(-28px) translateY(-22.75px) scale(.75)}}[dir=rtl] .dEoyBf.VfPpkd-O1htCb-OWXEXe-SfQLQb-M1Soyc-Bz112c .VfPpkd-TkwUic .VfPpkd-NLUYnc-V67aGc-OWXEXe-bF1zU,.dEoyBf.VfPpkd-O1htCb-OWXEXe-SfQLQb-M1Soyc-Bz112c .VfPpkd-TkwUic[dir=rtl] .VfPpkd-NLUYnc-V67aGc-OWXEXe-bF1zU{animation:mdc-floating-label-shake-float-above- .25s 1}@keyframes mdc-floating-label-shake-float-above--rtl{0%{transform:translateX(28px) translateY(-22.75px) scale(.75)}33%{animation-timing-function:cubic-bezier(.5,0,.701732,.495819);transform:translateX(calc(4% + 28px)) translateY(-22.75px) scale(.75)}66%{animation-timing-function:cubic-bezier(.302435,.381352,.55,.956352);transform:translateX(calc(-4% + 28px)) translateY(-22.75px) scale(.75)}100%{transform:translateX(28px) translateY(-22.75px) scale(.75)}}.dEoyBf.VfPpkd-O1htCb-OWXEXe-SfQLQb-M1Soyc-Bz112c .VfPpkd-StrnGf-rymPhb-f7MjDc{width:20px;height:20px}.dEoyBf.VfPpkd-O1htCb-OWXEXe-SfQLQb-M1Soyc-Bz112c .VfPpkd-rymPhb-KkROqb{width:32px;height:20px}.dEoyBf.VfPpkd-O1htCb-OWXEXe-SfQLQb-M1Soyc-Bz112c .VfPpkd-cTi5dd{width:20px;height:20px;font-size:20px}.dEoyBf.VfPpkd-O1htCb-OWXEXe-SfQLQb-M1Soyc-Bz112c.VfPpkd-O1htCb-OWXEXe-INsAgc .VfPpkd-TkwUic :not(.VfPpkd-NSFCdd-i5vt6e-OWXEXe-NSFCdd) .VfPpkd-NSFCdd-Ra9xwd{max-width:calc(100% - 88px)}.dEoyBf .VfPpkd-NSFCdd-i5vt6e .VfPpkd-NSFCdd-Brv4Fb{border-top-left-radius:8px;border-top-right-radius:0;border-bottom-right-radius:0;border-bottom-left-radius:8px}[dir=rtl] .dEoyBf .VfPpkd-NSFCdd-i5vt6e .VfPpkd-NSFCdd-Brv4Fb,.dEoyBf .VfPpkd-NSFCdd-i5vt6e .VfPpkd-NSFCdd-Brv4Fb[dir=rtl]{border-top-left-radius:0;border-top-right-radius:8px;border-bottom-right-radius:8px;border-bottom-left-radius:0}@supports (top:max(0%)){.dEoyBf .VfPpkd-NSFCdd-i5vt6e .VfPpkd-NSFCdd-Brv4Fb{width:max(12px,8px)}}@supports (top:max(0%)){.dEoyBf .VfPpkd-NSFCdd-i5vt6e .VfPpkd-NSFCdd-Ra9xwd{max-width:calc(100% - max(12px, 8px)*2)}}.dEoyBf .VfPpkd-NSFCdd-i5vt6e .VfPpkd-NSFCdd-MpmGFe{border-top-left-radius:0;border-top-right-radius:8px;border-bottom-right-radius:8px;border-bottom-left-radius:0}[dir=rtl] .dEoyBf .VfPpkd-NSFCdd-i5vt6e .VfPpkd-NSFCdd-MpmGFe,.dEoyBf .VfPpkd-NSFCdd-i5vt6e .VfPpkd-NSFCdd-MpmGFe[dir=rtl]{border-top-left-radius:8px;border-top-right-radius:0;border-bottom-right-radius:0;border-bottom-left-radius:8px}@supports (top:max(0%)){.dEoyBf .VfPpkd-TkwUic{padding-left:max(16px,12px)}}[dir=rtl] .dEoyBf .VfPpkd-TkwUic,.dEoyBf .VfPpkd-TkwUic[dir=rtl]{padding-left:0}@supports (top:max(0%)){[dir=rtl] .dEoyBf .VfPpkd-TkwUic,.dEoyBf .VfPpkd-TkwUic[dir=rtl]{padding-right:max(16px,12px)}}@supports (top:max(0%)){.dEoyBf+.VfPpkd-O1htCb-W0vJo-fmcmS{margin-left:max(16px,12px)}}[dir=rtl] .dEoyBf+.VfPpkd-O1htCb-W0vJo-fmcmS,.dEoyBf+.VfPpkd-O1htCb-W0vJo-fmcmS[dir=rtl]{margin-left:0}@supports (top:max(0%)){[dir=rtl] .dEoyBf+.VfPpkd-O1htCb-W0vJo-fmcmS,.dEoyBf+.VfPpkd-O1htCb-W0vJo-fmcmS[dir=rtl]{margin-right:max(16px,12px)}}.dEoyBf{position:relative}.dEoyBf::before{background:#444746;background:var(--gm3-sys-color-on-surface-variant,#444746);content:"";opacity:0;position:absolute;pointer-events:none}.dEoyBf:hover::before{opacity:0.08}.dEoyBf:focus::before,.dEoyBf.u3bW4e::before{opacity:0.1}.dEoyBf:active::before,.dEoyBf.qs41qe::before{opacity:0.1}.dEoyBf::before{border-radius:8px;width:100%;height:100%}@keyframes primary-indeterminate-translate{0%{transform:translateX(-145.166611%)}20%{animation-timing-function:cubic-bezier(0.5,0,0.701732,0.495819);transform:translateX(-145.166611%)}59.15%{animation-timing-function:cubic-bezier(0.302435,0.381352,0.55,0.956352);transform:translateX(-61.495191%)}to{transform:translateX(55.444446%)}}@keyframes primary-indeterminate-translate-reverse{0%{transform:translateX(145.166611%)}20%{animation-timing-function:cubic-bezier(0.5,0,0.701732,0.495819);transform:translateX(145.166611%)}59.15%{animation-timing-function:cubic-bezier(0.302435,0.381352,0.55,0.956352);transform:translateX(61.495191%)}to{transform:translateX(-55.4444461%)}}@keyframes primary-indeterminate-scale{0%{transform:scaleX(0.08)}36.65%{animation-timing-function:cubic-bezier(0.334731,0.12482,0.785844,1);transform:scaleX(0.08)}69.15%{animation-timing-function:cubic-bezier(0.06,0.11,0.6,1);transform:scaleX(0.661479)}to{transform:scaleX(0.08)}}@keyframes auxiliary-indeterminate-translate{0%{animation-timing-function:cubic-bezier(0.15,0,0.515058,0.409685);transform:translateX(-54.888891%)}25%{animation-timing-function:cubic-bezier(0.31033,0.284058,0.8,0.733712);transform:translateX(-17.236978%)}48.35%{animation-timing-function:cubic-bezier(0.4,0.627035,0.6,0.902026);transform:translateX(29.497274%)}to{transform:translateX(105.388891%)}}@keyframes auxiliary-indeterminate-translate-reverse{0%{animation-timing-function:cubic-bezier(0.15,0,0.515058,0.409685);transform:translateX(54.888891%)}25%{animation-timing-function:cubic-bezier(0.31033,0.284058,0.8,0.733712);transform:translateX(17.236978%)}48.35%{animation-timing-function:cubic-bezier(0.4,0.627035,0.6,0.902026);transform:translateX(-29.497274%)}to{transform:translateX(-105.388891%)}}@keyframes auxiliary-indeterminate-scale{0%{animation-timing-function:cubic-bezier(0.205028,0.057051,0.57661,0.453971);transform:scaleX(0.08)}19.15%{animation-timing-function:cubic-bezier(0.152313,0.196432,0.648374,1.004315);transform:scaleX(0.457104)}44.15%{animation-timing-function:cubic-bezier(0.257759,0.003163,0.211762,1.38179);transform:scaleX(0.72796)}to{transform:scaleX(0.08)}}@keyframes buffering{to{transform:translateX(-10px)}}@keyframes buffering-reverse{to{transform:translateX(10px)}}@keyframes indeterminate-translate-ie{0%{transform:translateX(-100%)}to{transform:translateX(100%)}}@keyframes indeterminate-translate-reverse-ie{0%{transform:translateX(100%)}to{transform:translateX(-100%)}}.sZwd7c{height:4px;overflow:hidden;position:relative;transform:translateZ(0);transition:opacity 250ms linear;width:100%}.w2zcLc{position:absolute}.xcNBHc,.MyvhI,.l3q5xe{height:100%;position:absolute;width:100%}.w2zcLc{transform-origin:top left;transition:transform 250ms ease;-webkit-transition:transform 250ms ease,-webkit-transform 250ms ease;transition:transform 250ms ease,-webkit-transform 250ms ease}.MyvhI{transform-origin:top left;transition:transform 250ms ease;-webkit-transition:transform 250ms ease,-webkit-transform 250ms ease;transition:transform 250ms ease,-webkit-transform 250ms ease;animation:none}.l3q5xe{animation:none}.w2zcLc{background-color:#e6e6e6;height:100%;transform-origin:top left;transition:transform 250ms ease;-webkit-transition:transform 250ms ease,-webkit-transform 250ms ease;transition:transform 250ms ease,-webkit-transform 250ms ease;width:100%}.TKVRUb{transform:scaleX(0)}.sUoeld{visibility:hidden}.l3q5xe{background-color:#000;display:inline-block}.xcNBHc{background-size:10px 4px;background-repeat:repeat-x;background-image:url('data:image/svg+xml;charset=UTF-8,%3Csvg%20version%3D%271.1%27%20xmlns%3D%27http%3A%2F%2Fwww.w3.org%2F2000%2Fsvg%27%20xmlns%3Axlink%3D%27http%3A%2F%2Fwww.w3.org%2F1999%2Fxlink%27%20x%3D%270px%27%20y%3D%270px%27%20enable-background%3D%27new%200%200%205%202%27%20xml%3Aspace%3D%27preserve%27%20viewBox%3D%270%200%205%202%27%20preserveAspectRatio%3D%27none%20slice%27%3E%3Ccircle%20cx%3D%271%27%20cy%3D%271%27%20r%3D%271%27%20fill%3D%27%23e6e6e6%27%2F%3E%3C%2Fsvg%3E');visibility:hidden}.sZwd7c.B6Vhqe .MyvhI{transition:none}.sZwd7c.B6Vhqe .TKVRUb{animation:primary-indeterminate-translate 2s infinite linear}.sZwd7c.B6Vhqe .TKVRUb>.l3q5xe{animation:primary-indeterminate-scale 2s infinite linear}.sZwd7c.B6Vhqe .sUoeld{animation:auxiliary-indeterminate-translate 2s infinite linear;visibility:visible}.sZwd7c.B6Vhqe .sUoeld>.l3q5xe{animation:auxiliary-indeterminate-scale 2s infinite linear}.sZwd7c.B6Vhqe.ieri7c .l3q5xe{transform:scaleX(0.45)}.sZwd7c.B6Vhqe.ieri7c .sUoeld{animation:none;visibility:hidden}.sZwd7c.B6Vhqe.ieri7c .TKVRUb{animation:indeterminate-translate-ie 2s infinite ease-out}.sZwd7c.B6Vhqe.ieri7c .TKVRUb>.l3q5xe,.sZwd7c.B6Vhqe.ieri7c .sUoeld>.l3q5xe{animation:none}.sZwd7c.juhVM .w2zcLc,.sZwd7c.juhVM .MyvhI{right:0;transform-origin:center right}.sZwd7c.juhVM .TKVRUb{animation-name:primary-indeterminate-translate-reverse}.sZwd7c.juhVM .sUoeld{animation-name:auxiliary-indeterminate-translate-reverse}.sZwd7c.juhVM.ieri7c .TKVRUb{animation-name:indeterminate-translate-reverse-ie}.sZwd7c.qdulke{opacity:0}.sZwd7c.jK7moc .sUoeld,.sZwd7c.jK7moc .TKVRUb,.sZwd7c.jK7moc .sUoeld>.l3q5xe,.sZwd7c.jK7moc .TKVRUb>.l3q5xe{-webkit-animation-play-state:paused;animation-play-state:paused}.sZwd7c.D6TUi .xcNBHc{animation:buffering 250ms infinite linear;visibility:visible}.sZwd7c.D6TUi.juhVM .xcNBHc{animation:buffering-reverse 250ms infinite linear}.JYXaTc{display:flex;flex-direction:column;flex-grow:1;flex-wrap:wrap;justify-content:flex-end;margin-bottom:-6px;margin-left:-16px;margin-top:32px}.wsArZ[data-ss-mode="1"] .JYXaTc{width:100%}@media (min-width:600px) and (orientation:landscape),all and (min-width:1600px){.NQ5OL .JYXaTc{width:100%}}.JYXaTc.fXx9Lc{margin:0;min-height:0;padding:0}.S1zJGd{align-self:flex-start;flex-shrink:0;margin-bottom:24px}.O1Slxf{display:flex;flex-direction:row-reverse;flex-wrap:wrap;width:100%}.TNTaPb,.FO2vFd{display:flex;flex-grow:1}@media (min-width:840px){.wsArZ[data-ss-mode="1"] .TNTaPb,.wsArZ[data-ss-mode="1"] .FO2vFd{flex-grow:unset}}@media (min-width:600px) and (orientation:landscape),all and (min-width:1600px){.NQ5OL .JYXaTc:not(.NNItQ) .TNTaPb,.NQ5OL .JYXaTc:not(.NNItQ) .FO2vFd{flex-grow:unset}}.FO2vFd{justify-content:flex-start}.wsArZ[data-ss-mode="1"] .FO2vFd{margin-left:0;margin-right:-16px}@media (min-width:600px) and (orientation:landscape),all and (min-width:1600px){.NQ5OL .FO2vFd{margin-left:0;margin-right:-16px}}.TNTaPb{justify-content:flex-end}.wsArZ[data-ss-mode="1"] .TNTaPb{margin-left:40px;margin-right:0}@media (min-width:600px) and (orientation:landscape),all and (min-width:1600px){.NQ5OL .TNTaPb{margin-left:40px;margin-right:0}}.wsArZ[data-ss-mode="1"] .TNTaPb:empty{margin-left:0;margin-right:0}@media (min-width:600px) and (orientation:landscape),all and (min-width:1600px){.NQ5OL .TNTaPb:empty{margin-left:0;margin-right:0}}.JYXaTc.NNItQ .TNTaPb,.JYXaTc.NNItQ .FO2vFd{justify-content:center}.JYXaTc.NNItQ .TNTaPb,.JYXaTc.F8PBrb .TNTaPb{padding-left:16px}.JYXaTc.F8PBrb .TNTaPb{display:flex;justify-content:space-between;flex-shrink:0;flex-wrap:wrap;width:100%}.JYXaTc.NNItQ .FO2vFd,.JYXaTc.F8PBrb .TNTaPb+.FO2vFd{margin-top:16px}.JYXaTc:not(.NNItQ) .FO2vFd .mWv92d,.JYXaTc:not(.NNItQ) .FO2vFd .JLt0ke,.JYXaTc:not(.NNItQ) .FO2vFd .J7pUA{text-align:left}.BbN10e{display:block;width:calc(100% - 2px)}.JYXaTc.F8PBrb .O1Slxf{margin:0 -6px;width:calc(100% + 12px)}.JYXaTc.F8PBrb .FO2vFd{margin:0 6px}.o3Yfjb{flex-grow:1;margin:0 6px;min-width:calc(50% - 12px)}.BbN10e{white-space:nowrap;width:100%}.BbN10e .pIzcPc,.BbN10e .Jskylb{display:block}.mWv92d+.n3Clv,.JLt0ke+.n3Clv{margin-top:32px}.n3Clv .q6oraf{border-radius:16px}.JYXaTc .J7pUA.u3bW4e{background-color:transparent}.J7pUA .snByac{color:#0b57d0;color:var(--gm3-sys-color-primary,#0b57d0);line-height:1.4285714286;margin:16px;text-transform:none}.JYXaTc.JYXaTc .KMdFve{--mdc-ripple-color:var(--gm3-sys-color-on-surface,#1f1f1f);background-color:var(--gm3-sys-color-surface-container,#f0f4f9)}.JYXaTc.JYXaTc .KMdFve .VfPpkd-xl07Ob-ibnC6b-OWXEXe-gk6SMd{background-color:var(--gm3-sys-color-secondary-container,#c2e7ff)}.gNVsKb{color:#1f1f1f;color:var(--gm3-sys-color-on-surface,#1f1f1f)}.J7pUA [jsslot]{margin:0}.BbN10e .pIzcPc,.BbN10e .Jskylb{width:100%}.wsArZ[data-ss-mode="1"] .COi2Ke.lUWEgd.F8PBrb{margin-left:0}@media (min-width:600px) and (orientation:landscape),all and (min-width:1600px){.NQ5OL .COi2Ke.lUWEgd.F8PBrb{margin-left:0}}.wsArZ[data-ss-mode="1"] .COi2Ke.lUWEgd.F8PBrb .TNTaPb{margin-left:0;padding-left:0;width:calc(50% - 24px + 12px)}@media (min-width:600px) and (orientation:landscape),all and (min-width:1600px){.NQ5OL .COi2Ke.lUWEgd.F8PBrb .TNTaPb{margin-left:0;padding-left:0;width:calc(50% - 24px + 12px)}}@media (min-width:840px){.wsArZ[data-ss-mode="1"] .COi2Ke.lUWEgd.F8PBrb .TNTaPb{width:calc(50% - 38px + 12px)}}.COi2Ke.lUWEgd.F8PBrb .FO2vFd{margin-top:2px}.COi2Ke.lUWEgd.F8PBrb .O1Slxf{margin:0 -6px;width:calc(100% + 12px)}.wsArZ[data-ss-mode="1"] .COi2Ke.lUWEgd.F8PBrb .O1Slxf{align-self:flex-end;width:100%}@media (min-width:600px) and (orientation:landscape),all and (min-width:1600px){.NQ5OL .COi2Ke.lUWEgd.F8PBrb .O1Slxf{align-self:flex-end;width:100%}}.JYXaTc.F8PBrb.lUWEgd.hhh8Yc .FO2vFd{margin-left:10px;margin-right:2px}.wsArZ[data-ss-mode="1"] .JYXaTc.F8PBrb.lUWEgd.hhh8Yc .O1Slxf{align-items:flex-end;flex-flow:column}@media (min-width:600px) and (orientation:landscape),all and (min-width:1600px){.NQ5OL .JYXaTc.F8PBrb.lUWEgd.hhh8Yc .O1Slxf{align-items:flex-end;flex-flow:column}}.wsArZ[data-ss-mode="1"] .JYXaTc.F8PBrb.lUWEgd.c0e3be .TNTaPb,.wsArZ[data-ss-mode="1"] .JYXaTc.F8PBrb.lUWEgd.c0e3be .FO2vFd{flex-grow:unset}@media (min-width:600px) and (orientation:landscape),all and (min-width:1600px){.NQ5OL .JYXaTc.F8PBrb.lUWEgd.c0e3be .TNTaPb,.NQ5OL .JYXaTc.F8PBrb.lUWEgd.c0e3be .FO2vFd{flex-grow:unset}}.JYXaTc.F8PBrb.lUWEgd.c0e3be.NNItQ .TNTaPb{width:100%}.JYXaTc.F8PBrb.lUWEgd.c0e3be .FO2vFd{justify-content:center;padding-left:16px}.wsArZ[data-ss-mode="1"] .JYXaTc.F8PBrb.lUWEgd.c0e3be .FO2vFd{justify-content:flex-start;margin-top:0;margin-right:6px;padding-left:0}@media (min-width:600px) and (orientation:landscape),all and (min-width:1600px){.NQ5OL .JYXaTc.F8PBrb.lUWEgd.c0e3be .FO2vFd{justify-content:flex-start;margin-top:0;margin-right:6px;padding-left:0}}.JYXaTc.F8PBrb.lUWEgd.c0e3be.NNItQ .O1Slxf{align-items:center;flex-flow:column}.wsArZ[data-ss-mode="1"] .JYXaTc.F8PBrb.lUWEgd.c0e3be.NNItQ .O1Slxf{width:calc(50% - 24px + 12px)}@media (min-width:600px) and (orientation:landscape),all and (min-width:1600px){.NQ5OL .JYXaTc.F8PBrb.lUWEgd.c0e3be.NNItQ .O1Slxf{width:calc(50% - 24px + 12px)}}@media (min-width:840px){.wsArZ[data-ss-mode="1"] .JYXaTc.F8PBrb.lUWEgd.c0e3be.NNItQ .O1Slxf{width:calc(50% - 38px + 12px)}}.JYXaTc.F8PBrb.lUWEgd.x8Ikx .TNTaPb,.JYXaTc.F8PBrb.lUWEgd.N0osAb .TNTaPb{flex-flow:column}.wsArZ[data-ss-mode="1"] .JYXaTc.F8PBrb.lUWEgd.x8Ikx .TNTaPb,.wsArZ[data-ss-mode="1"] .JYXaTc.F8PBrb.lUWEgd.N0osAb .TNTaPb{width:100%}@media (min-width:600px) and (orientation:landscape),all and (min-width:1600px){.NQ5OL .JYXaTc.F8PBrb.lUWEgd.x8Ikx .TNTaPb,.NQ5OL .JYXaTc.F8PBrb.lUWEgd.N0osAb .TNTaPb{width:100%}}.JYXaTc.F8PBrb.lUWEgd.x8Ikx .FO2vFd,.JYXaTc.F8PBrb.lUWEgd.N0osAb .FO2vFd{justify-content:center;margin-left:16px;margin-right:2px;margin-top:0}.wsArZ[data-ss-mode="1"] .JYXaTc.F8PBrb.lUWEgd.x8Ikx .FO2vFd,.wsArZ[data-ss-mode="1"] .JYXaTc.F8PBrb.lUWEgd.N0osAb .FO2vFd{margin-left:0}@media (min-width:600px) and (orientation:landscape),all and (min-width:1600px){.NQ5OL .JYXaTc.F8PBrb.lUWEgd.x8Ikx .FO2vFd,.NQ5OL .JYXaTc.F8PBrb.lUWEgd.N0osAb .FO2vFd{margin-left:0}}.JYXaTc.F8PBrb.lUWEgd.x8Ikx .O1Slxf,.JYXaTc.F8PBrb.lUWEgd.N0osAb .O1Slxf{align-items:center;flex-flow:column}.wsArZ[data-ss-mode="1"] .JYXaTc.F8PBrb.lUWEgd.x8Ikx .O1Slxf,.wsArZ[data-ss-mode="1"] .JYXaTc.F8PBrb.lUWEgd.N0osAb .O1Slxf{width:calc(50% - 24px + 12px)}@media (min-width:600px) and (orientation:landscape),all and (min-width:1600px){.NQ5OL .JYXaTc.F8PBrb.lUWEgd.x8Ikx .O1Slxf,.NQ5OL .JYXaTc.F8PBrb.lUWEgd.N0osAb .O1Slxf{width:calc(50% - 24px + 12px)}}@media (min-width:840px){.wsArZ[data-ss-mode="1"] .JYXaTc.F8PBrb.lUWEgd.x8Ikx .O1Slxf,.wsArZ[data-ss-mode="1"] .JYXaTc.F8PBrb.lUWEgd.N0osAb .O1Slxf{width:calc(50% - 38px + 12px)}}.JYXaTc.F8PBrb.lUWEgd.N0osAb .FO2vFd{margin:0;padding-left:16px;width:calc(100% - 12px)}.wsArZ[data-ss-mode="1"] .JYXaTc.F8PBrb.lUWEgd.N0osAb .FO2vFd{padding-left:0}@media (min-width:600px) and (orientation:landscape),all and (min-width:1600px){.NQ5OL .JYXaTc.F8PBrb.lUWEgd.N0osAb .FO2vFd{padding-left:0}}.JYXaTc.F8PBrb.N0osAb .mWv92d,.JYXaTc.F8PBrb.N0osAb .mWv92d .pIzcPc{display:block;width:100%}.JYXaTc.F8PBrb.lUWEgd.N0osAb .BbN10e .Jskylb,.JYXaTc.F8PBrb.lUWEgd.N0osAb .mWv92d .pIzcPc{margin-top:4px;margin-bottom:4px}.wsArZ[data-ss-mode="1"] .JYXaTc.F8PBrb{margin-left:0}@media (min-width:600px) and (orientation:landscape),all and (min-width:1600px){.NQ5OL .JYXaTc.F8PBrb{margin-left:0}}.wsArZ[data-ss-mode="1"] .JYXaTc.F8PBrb .TNTaPb{flex-grow:unset;margin-left:0;padding-left:0;width:calc(50% - 24px + 12px)}@media (min-width:600px) and (orientation:landscape),all and (min-width:1600px){.NQ5OL .JYXaTc.F8PBrb .TNTaPb{flex-grow:unset;margin-left:0;padding-left:0;width:calc(50% - 24px + 12px)}}@media (min-width:840px){.wsArZ[data-ss-mode="1"] .JYXaTc.F8PBrb .TNTaPb{width:calc(50% - 38px + 12px)}}.JYXaTc.F8PBrb.NNItQ .TNTaPb{width:100%}.JYXaTc.F8PBrb .FO2vFd{margin-left:6px;margin-right:6px}.wsArZ[data-ss-mode="1"] .JYXaTc.F8PBrb .FO2vFd{margin-left:2px}@media (min-width:600px) and (orientation:landscape),all and (min-width:1600px){.NQ5OL .JYXaTc.F8PBrb .FO2vFd{margin-left:2px}}.JYXaTc.F8PBrb .O1Slxf{align-items:flex-start;flex-direction:column;margin:0 -6px;width:calc(100% + 12px)}.wsArZ[data-ss-mode="1"] .JYXaTc.F8PBrb .O1Slxf{align-items:flex-end;align-self:flex-end;width:100%}@media (min-width:600px) and (orientation:landscape),all and (min-width:1600px){.NQ5OL .JYXaTc.F8PBrb .O1Slxf{align-items:flex-end;align-self:flex-end;width:100%}}.JYXaTc.F8PBrb.NNItQ .O1Slxf{align-items:center}.wsArZ[data-ss-mode="1"] .JYXaTc.F8PBrb.NNItQ .O1Slxf{width:calc(50% - 24px + 12px)}@media (min-width:600px) and (orientation:landscape),all and (min-width:1600px){.NQ5OL .JYXaTc.F8PBrb.NNItQ .O1Slxf{width:calc(50% - 24px + 12px)}}@media (min-width:840px){.wsArZ[data-ss-mode="1"] .JYXaTc.F8PBrb.NNItQ .O1Slxf{width:calc(50% - 38px + 12px)}}.COi2Ke.lUWEgd.F8PBrb .FO2vFd{margin-right:2px}.JYXaTc.F8PBrb.lUWEgd.c0e3be .FO2vFd{margin-left:2px}.JYXaTc.F8PBrb.lUWEgd.c0e3be .O1Slxf{flex-direction:row-reverse}.ObDc3{display:flex;flex-direction:column;margin-bottom:32px}@media (min-width:840px){.ObDc3{margin-bottom:32px}}.wsArZ[data-ss-mode="1"] .ObDc3{margin-bottom:0}@media (min-width:600px) and (orientation:landscape),all and (min-width:1600px){.NQ5OL .ObDc3{margin-bottom:0}}.Su9bff{align-items:center;text-align:center}.vAV9bf{color:#1f1f1f;color:var(--gm3-sys-color-on-surface,#1f1f1f);font-family:"Google Sans",roboto,"Noto Sans Myanmar UI",arial,sans-serif;font-weight:400;font-weight:var(--c-tfwt,400);line-height:1.25;margin-bottom:0;margin-bottom:var(--c-ts-b,0);margin-top:24px;margin-top:var(--c-ts-t,24px);word-break:break-word;font-size:2rem;font-size:var(--wf-tfs,2rem)}@media (min-width:840px){.vAV9bf{line-height:1.2222222222;font-size:2.25rem;font-size:var(--wf-tfs-bp3,2.25rem)}}@media (min-width:960px){.vAV9bf{line-height:1.2222222222;font-size:2.25rem;font-size:var(--wf-tfs-bp3,2.25rem)}}@media (min-width:1600px){.vAV9bf{line-height:1.1818181818;font-size:2.75rem;font-size:var(--wf-tfs-bp5,2.75rem)}}.gNJDp{color:#1f1f1f;color:var(--gm3-sys-color-on-surface,#1f1f1f);font-family:"Google Sans",roboto,"Noto Sans Myanmar UI",arial,sans-serif;font-weight:400;font-weight:var(--c-stfwt,400);letter-spacing:0rem;line-height:1.5;margin-bottom:0;margin-bottom:var(--c-sts-b,0);margin-top:16px;margin-top:var(--c-sts-t,16px);font-size:1rem;font-size:var(--wf-stfs,1rem)}@media (min-width:1600px){.gNJDp{line-height:1.5;font-size:1rem;font-size:var(--wf-stfs-bp5,1rem)}}.gNJDp:empty{display:none}.I7GnLc{font-weight:500;letter-spacing:.25px;min-height:24px}.SOeSgb{height:32px}.I7GnLc,.SOeSgb{margin-bottom:0;margin-bottom:var(--c-sts-b,0);margin-top:16px;margin-top:var(--c-sts-t,16px)}.ObDc3.ZYOIke .I7GnLc,.ObDc3.ZYOIke .SOeSgb{margin-bottom:0;margin-top:16px}.SfkAJe{flex-grow:1}.Ih3FE{height:4px;overflow:hidden}.kPY6ve{background-color:#fff;background-color:var(--gm3-sys-color-surface-container-lowest,#fff);bottom:0;left:0;opacity:.5;outline:none;position:fixed;top:0;width:100%;z-index:4}.Ih3FE .l3q5xe{background-color:#0b57d0;background-color:var(--gm3-sys-color-primary,#0b57d0)}.Ih3FE .w2zcLc{background-color:#f0f4f9;background-color:var(--gm3-sys-color-surface-container,#f0f4f9)}.TcuCfd{--wf-gutw-hlf:calc((var(
    --c-gutw,48px
  ))/2);--wf-gutw-hlf-bp2:calc((var(
    --c-gutw,76px
  ))/2);--wf-brsz:calc(var(
    --c-brsz,48px
  ) + 24px);--wf-ps-t:calc(var(
    --c-ps-t,24px
  ) + var(
    --wf-brsz,72px
  ));--wf-ps-t-bp2:calc(var(
    --c-ps-t,24px
  ) + var(
    --wf-brsz,72px
  ));--wf-ps-t-bp5:calc(var(
    --c-ps-t,36px
  ) + var(
    --wf-brsz,72px
  ));--wf-ps-t-bp3-l:calc(var(
    --c-ps-t,36px
  ) + var(
    --wf-brsz,72px
  ));background-color:#fff;background-color:var(--gm3-sys-color-surface-container-lowest,#fff);border-radius:0;display:flex;flex-direction:column;margin-bottom:0;padding-bottom:24px;position:relative;padding-top:96px;padding-top:var(
    --wf-ps-t,96px
  )}.TcuCfd.hyqGzc{padding-left:24px;padding-left:var(
    --c-ps-s,24px
  );padding-right:24px;padding-right:var(
    --c-ps-e,24px
  )}.TcuCfd.hyqGzc.wsArZ[data-ss-mode="1"]{padding-left:24px;padding-left:var(
    --c-ps-s,24px
  );padding-right:24px;padding-right:var(
    --c-ps-e,24px
  )}@media (orientation:landscape){.TcuCfd.hyqGzc.NQ5OL{padding-left:24px;padding-left:var(
    --c-ps-s,24px
  );padding-right:24px;padding-right:var(
    --c-ps-e,24px
  )}}@media (min-aspect-ratio:2/3) and (orientation:portrait){.TcuCfd.nBnVld{padding-left:24px;padding-left:var(
    --c-ps-s,24px
  );padding-right:24px;padding-right:var(
    --c-ps-e,24px
  )}}@media (max-aspect-ratio:3/2) and (orientation:landscape){.TcuCfd.nBnVld.wsArZ[data-ss-mode="1"]{padding-left:24px;padding-left:var(
    --c-ps-s,24px
  );padding-right:24px;padding-right:var(
    --c-ps-e,24px
  )}.TcuCfd.nBnVld.NQ5OL{padding-left:24px;padding-left:var(
    --c-ps-s,24px
  );padding-right:24px;padding-right:var(
    --c-ps-e,24px
  )}}.TcuCfd,.wmGw4{margin:0 auto;padding-left:24px;padding-left:var(
    --c-ps-s,24px
  );padding-right:24px;padding-right:var(
    --c-ps-e,24px
  );width:100%}@media (min-width:600px){.TcuCfd{border-radius:28px;min-height:528px;padding-left:24px;padding-left:var(
    --c-ps-s,24px
  );padding-right:24px;padding-right:var(
    --c-ps-e,24px
  );width:480px}.wmGw4{padding:0 16px;width:480px}}@media (min-width:600px) and (orientation:landscape){.TcuCfd,.wmGw4{padding-left:24px;padding-left:var(
    --c-ps-s,24px
  );padding-right:24px;padding-right:var(
    --c-ps-e,24px
  );width:100%}.TcuCfd{border-radius:28px;min-height:unset}}@media (min-width:840px){.TcuCfd{padding-bottom:24px;padding-left:24px;padding-left:var(
    --c-ps-s,24px
  );padding-right:24px;padding-right:var(
    --c-ps-e,24px
  );padding-top:96px;padding-top:var(
    --wf-ps-t-bp2,96px
  );width:480px}.wmGw4{width:480px}}@media (min-width:840px) and (orientation:landscape){.TcuCfd,.wmGw4{padding-left:32px;padding-left:var(
    --c-ps-s,32px
  );padding-right:32px;padding-right:var(
    --c-ps-e,32px
  );width:100%}}@media (min-width:960px){.TcuCfd{padding-left:24px;padding-left:var(
    --c-ps-s,24px
  );padding-right:24px;padding-right:var(
    --c-ps-e,24px
  );width:480px}.wmGw4{width:480px}}@media (min-width:960px) and (orientation:landscape){.TcuCfd{border-radius:28px;min-height:384px;padding-left:36px;padding-left:var(
    --c-ps-s,36px
  );padding-right:36px;padding-right:var(
    --c-ps-e,36px
  );padding-bottom:36px;padding-bottom:var(
    --c-ps-t,36px
  );padding-top:108px;padding-top:var(
    --wf-ps-t-bp3-l,108px
  );width:840px}.wmGw4{padding:0 16px;width:840px}}@media (min-width:1240px){.TcuCfd{padding-left:24px;padding-left:var(
    --c-ps-s,24px
  );padding-right:24px;padding-right:var(
    --c-ps-e,24px
  );width:480px}.wmGw4{width:480px}}@media (min-width:1240px) and (orientation:landscape){.TcuCfd{margin-left:200px;margin-right:200px;padding-left:36px;padding-left:var(
    --c-ps-s,36px
  );padding-right:36px;padding-right:var(
    --c-ps-e,36px
  );width:auto}.wmGw4{width:auto;margin-left:200px;margin-right:200px}}@media (min-width:1600px){.TcuCfd{min-height:384px;padding-bottom:36px;padding-left:36px;padding-left:var(
    --c-ps-s,36px
  );padding-right:36px;padding-right:var(
    --c-ps-e,36px
  );padding-top:108px;padding-top:var(
    --wf-ps-t-bp5,108px
  );width:1040px}.wmGw4{width:1040px}}@media (min-width:1600px) and (orientation:landscape){.TcuCfd{margin-left:auto;margin-right:auto;padding-left:36px;padding-left:var(
    --c-ps-s,36px
  );padding-right:36px;padding-right:var(
    --c-ps-e,36px
  );width:1040px}.wmGw4{margin-left:auto;margin-right:auto;width:1040px}}.Ih3FE{left:24px;left:var(
    --c-ps-s,24px
  );position:absolute;right:24px;right:var(
    --c-ps-e,24px
  );top:0;z-index:5}@media (min-width:600px){.Ih3FE{left:24px;left:var(
    --c-ps-s,24px
  );right:24px;right:var(
    --c-ps-e,24px
  )}}@media (min-width:600px) and (orientation:landscape){.Ih3FE{left:24px;left:var(
    --c-ps-s,24px
  );right:24px;right:var(
    --c-ps-e,24px
  )}}@media (min-width:840px){.Ih3FE{left:24px;left:var(
    --c-ps-s,24px
  );right:24px;right:var(
    --c-ps-e,24px
  )}}@media (min-width:840px) and (orientation:landscape){.Ih3FE{left:32px;left:var(
    --c-ps-s,32px
  );right:32px;right:var(
    --c-ps-e,32px
  )}}@media (min-width:960px){.Ih3FE{left:24px;left:var(
    --c-ps-s,24px
  );right:24px;right:var(
    --c-ps-e,24px
  )}}@media (min-width:960px) and (orientation:landscape){.Ih3FE{left:36px;left:var(
    --c-ps-s,36px
  );right:36px;right:var(
    --c-ps-e,36px
  )}}@media (min-width:1240px){.Ih3FE{left:24px;left:var(
    --c-ps-s,24px
  );right:24px;right:var(
    --c-ps-e,24px
  )}}@media (min-width:1240px) and (orientation:landscape){.Ih3FE{left:36px;left:var(
    --c-ps-s,36px
  );right:36px;right:var(
    --c-ps-e,36px
  )}}@media (min-width:1600px){.Ih3FE{left:36px;left:var(
    --c-ps-s,36px
  );right:36px;right:var(
    --c-ps-e,36px
  )}}@media (min-width:1600px) and (orientation:landscape){.Ih3FE{left:36px;left:var(
    --c-ps-s,36px
  );right:36px;right:var(
    --c-ps-e,36px
  )}}.A77ntc,.Svhjgc,.fAlnEc{display:flex;flex-direction:column;flex-grow:1}.zIgDIc{margin-top:-72px;margin-top:calc((var(
    --wf-brsz,72px
  ))*-1)}.wsArZ[data-ss-mode="1"] .zIgDIc{padding-right:24px;padding-right:var(
    --wf-gutw-hlf,24px
  )}@media (min-width:840px){.wsArZ[data-ss-mode="1"] .zIgDIc{padding-right:38px;padding-right:var(
    --wf-gutw-hlf-bp2,38px
  )}}@media (min-width:600px) and (orientation:landscape),all and (min-width:1600px){.NQ5OL .zIgDIc{padding-right:24px;padding-right:var(
    --wf-gutw-hlf,24px
  )}}.TcuCfd.nnGvjf .Svhjgc{overflow:visible}.wsArZ[data-ss-mode="1"] .Svhjgc,.UXFQgc{flex-direction:row;flex-wrap:wrap}.UXFQgc{flex-grow:unset}@media (min-width:600px) and (orientation:landscape),all and (min-width:1600px){.NQ5OL .Svhjgc{flex-direction:row;flex-wrap:wrap}}.wsArZ[data-ss-mode="1"] .UXFQgc{padding-left:24px;padding-left:var(
    --wf-gutw-hlf,24px
  )}@media (min-width:840px){.wsArZ[data-ss-mode="1"] .UXFQgc{padding-left:38px;padding-left:var(
    --wf-gutw-hlf-bp2,38px
  )}}.wsArZ[data-ss-mode="1"] .zIgDIc{flex-basis:50%;max-width:50%}.wsArZ[data-ss-mode="1"] .UXFQgc{flex-basis:50%;max-width:50%}.wsArZ[data-ss-mode="1"] .zIgDIc,.wsArZ[data-ss-mode="1"] .UXFQgc{flex-grow:1}@media (min-width:600px) and (orientation:landscape),all and (min-width:1600px){.NQ5OL .zIgDIc{flex-basis:50%;flex-grow:1;max-width:50%}.NQ5OL .UXFQgc{flex-basis:50%;flex-grow:1;max-width:50%}}@media (min-width:600px) and (orientation:landscape),all and (min-width:1600px){.NQ5OL .UXFQgc{padding-left:24px;padding-left:var(
    --wf-gutw-hlf,24px
  )}}.TcuCfd.nnGvjf .UXFQgc{transform:none}.xKcayf{flex-shrink:0;width:100%}.Hai8t .Em2Ord:not(.eLNT1d){margin-bottom:16px}.AcKKx.RDPZE{opacity:.5;pointer-events:none}.qWK5J{display:flex;flex-grow:1}.UXFQgc.hAfgic{overflow-x:hidden}.UXFQgc.hAfgic .qWK5J{transition:transform .3s cubic-bezier(.4,0,.2,1)}.UXFQgc.QsjdCb .qWK5J{transform:translate3d(0,0,0)}.UXFQgc.GEcl0c .qWK5J{transform:translate3d(-100%,0,0)}[dir=rtl] .UXFQgc.GEcl0c .qWK5J{transform:translate3d(100%,0,0)}.RDsYTb{color:#444746;color:var(--gm3-sys-color-on-surface-variant,#444746);font-family:"Google Sans",roboto,"Noto Sans Myanmar UI",arial,sans-serif;font-size:0.875rem;font-weight:400;letter-spacing:0rem;line-height:1.4285714286;margin-top:32px}.lbFS4d{margin-top:11px}.lbFS4d.eLNT1d{display:none}.FZFVAd{align-items:center;display:flex;justify-content:flex-start}.iLMoFc{margin:0 8px;vertical-align:top}.iLMoFc .Qk3oof{color:#1f1f1f;color:var(--gm3-sys-color-on-surface,#1f1f1f)}.iLMoFc .eR0mzb.VfPpkd-LgbsSe{padding-left:8px;padding-right:8px}.ToAxb .MQL3Ob{padding-left:6px;padding-right:15px}.vEQsqe.OcVpRe .MQL3Ob{padding-right:9px}.ToAxb.CDELXb.YuII8b .MQL3Ob{opacity:0;padding:0;width:0}.ocEZbd{color:#1f1f1f;color:var(--gm3-sys-color-on-surface,#1f1f1f);direction:ltr;display:inline-block;white-space:nowrap}.sQecwc{display:hidden}*,*::before,*::after{box-sizing:inherit}html{box-sizing:border-box;-webkit-tap-highlight-color:rgba(0,0,0,0)}.jR8x9d{color-scheme:light}@media screen and (prefers-color-scheme:dark){.jR8x9d{color-scheme:dark}.jR8x9d .Y5O54e{display:inline-flex;position:relative}.jR8x9d .Y5O54e[hidden]{display:none}.jR8x9d .Y5O54e .UMrnmb-lP5Lpb-yrriRe{width:inherit}.jR8x9d .Y5O54e .VfPpkd-StrnGf-rymPhb .VfPpkd-StrnGf-rymPhb-ibnC6b{padding-left:16px;padding-right:16px}[dir=rtl] .jR8x9d .Y5O54e .VfPpkd-StrnGf-rymPhb .VfPpkd-StrnGf-rymPhb-ibnC6b,.jR8x9d .Y5O54e .VfPpkd-StrnGf-rymPhb .VfPpkd-StrnGf-rymPhb-ibnC6b[dir=rtl]{padding-left:16px;padding-right:16px}.jR8x9d .Y5O54e .VfPpkd-StrnGf-rymPhb.VfPpkd-StrnGf-rymPhb-OWXEXe-Bz112c-rymPhb .VfPpkd-StrnGf-rymPhb-ibnC6b .VfPpkd-StrnGf-rymPhb-f7MjDc{margin-left:0;margin-right:8px}[dir=rtl] .jR8x9d .Y5O54e .VfPpkd-StrnGf-rymPhb.VfPpkd-StrnGf-rymPhb-OWXEXe-Bz112c-rymPhb .VfPpkd-StrnGf-rymPhb-ibnC6b .VfPpkd-StrnGf-rymPhb-f7MjDc,.jR8x9d .Y5O54e .VfPpkd-StrnGf-rymPhb.VfPpkd-StrnGf-rymPhb-OWXEXe-Bz112c-rymPhb .VfPpkd-StrnGf-rymPhb-ibnC6b .VfPpkd-StrnGf-rymPhb-f7MjDc[dir=rtl]{margin-left:8px;margin-right:0}.jR8x9d .Y5O54e .VfPpkd-StrnGf-rymPhb.UMrnmb-h0T7hb-M1Soyc-Bz112c .VfPpkd-StrnGf-rymPhb-ibnC6b{padding-left:48px;padding-right:16px}[dir=rtl] .jR8x9d .Y5O54e .VfPpkd-StrnGf-rymPhb.UMrnmb-h0T7hb-M1Soyc-Bz112c .VfPpkd-StrnGf-rymPhb-ibnC6b,.jR8x9d .Y5O54e .VfPpkd-StrnGf-rymPhb.UMrnmb-h0T7hb-M1Soyc-Bz112c .VfPpkd-StrnGf-rymPhb-ibnC6b[dir=rtl]{padding-left:16px;padding-right:48px}.jR8x9d .Y5O54e .VfPpkd-xl07Ob-XxIAqe-OWXEXe-uxVfW-FNFY6c-uFfGwd{border-top-left-radius:0;border-top-right-radius:0}.jR8x9d .Y5O54e .VfPpkd-fmcmS-yrriRe:hover .VfPpkd-fmcmS-OyKIhb::before,.jR8x9d .Y5O54e .VfPpkd-fmcmS-yrriRe.VfPpkd-ksKsZd-XxIAqe-OWXEXe-ZmdkE .VfPpkd-fmcmS-OyKIhb::before{opacity:.08;opacity:var(--mdc-ripple-hover-opacity,.08)}.jR8x9d .Y5O54e .VfPpkd-fmcmS-yrriRe.VfPpkd-ksKsZd-mWPk3d-OWXEXe-AHe6Kc-XpnDCe .VfPpkd-fmcmS-OyKIhb::before,.jR8x9d .Y5O54e .VfPpkd-fmcmS-yrriRe:not(.VfPpkd-ksKsZd-mWPk3d):focus .VfPpkd-fmcmS-OyKIhb::before{transition-duration:75ms;opacity:0;opacity:var(--mdc-ripple-focus-opacity,0)}.jR8x9d .Y5O54e .VfPpkd-fmcmS-yrriRe .VfPpkd-fmcmS-OyKIhb::before,.jR8x9d .Y5O54e .VfPpkd-fmcmS-yrriRe .VfPpkd-fmcmS-OyKIhb::after{background-color:rgb(241,243,244);background-color:var(--mdc-ripple-color,rgb(241,243,244))}.jR8x9d .Y5O54e .VfPpkd-fmcmS-yrriRe:not(.VfPpkd-fmcmS-yrriRe-OWXEXe-OWB6Me) .VfPpkd-fmcmS-yrriRe-JZnCve-gmhCAd,.jR8x9d .Y5O54e .VfPpkd-fmcmS-yrriRe:not(.VfPpkd-fmcmS-yrriRe-OWXEXe-OWB6Me)+.VfPpkd-fmcmS-yrriRe-W0vJo-RWgCYc .VfPpkd-fmcmS-yrriRe-JZnCve-gmhCAd{color:rgb(154,160,166)}.jR8x9d .Y5O54e .VfPpkd-fmcmS-yrriRe .VfPpkd-fmcmS-wGMbrd{caret-color:rgb(138,180,248)}.jR8x9d .Y5O54e .VfPpkd-fmcmS-yrriRe:not(.VfPpkd-fmcmS-yrriRe-OWXEXe-OWB6Me) .VfPpkd-fmcmS-wGMbrd{color:rgb(232,234,237)}.jR8x9d .Y5O54e .VfPpkd-fmcmS-yrriRe:not(.VfPpkd-fmcmS-yrriRe-OWXEXe-OWB6Me){background-color:rgb(60,64,67)}.jR8x9d .Y5O54e .VfPpkd-fmcmS-yrriRe:not(.VfPpkd-fmcmS-yrriRe-OWXEXe-OWB6Me)+.VfPpkd-fmcmS-yrriRe-W0vJo-RWgCYc .VfPpkd-fmcmS-yrriRe-W0vJo-fmcmS{color:rgb(154,160,166)}.jR8x9d .Y5O54e .VfPpkd-fmcmS-yrriRe:not(.VfPpkd-fmcmS-yrriRe-OWXEXe-OWB6Me) .VfPpkd-NLUYnc-V67aGc{color:rgb(189,193,198)}.jR8x9d .Y5O54e .VfPpkd-fmcmS-yrriRe:hover:not(.VfPpkd-fmcmS-yrriRe-OWXEXe-OWB6Me) .VfPpkd-NLUYnc-V67aGc{color:rgb(248,249,250)}.jR8x9d .Y5O54e .VfPpkd-fmcmS-yrriRe:hover:not(.VfPpkd-fmcmS-yrriRe-OWXEXe-OWB6Me) .VfPpkd-RWgCYc-ksKsZd::before{border-bottom-color:rgb(248,249,250)}.jR8x9d .Y5O54e .VfPpkd-fmcmS-yrriRe:not(.VfPpkd-fmcmS-yrriRe-OWXEXe-OWB6Me) .VfPpkd-RWgCYc-ksKsZd::before{border-bottom-color:rgb(154,160,166)}.jR8x9d .Y5O54e .VfPpkd-fmcmS-yrriRe:not(.VfPpkd-fmcmS-yrriRe-OWXEXe-OWB6Me) .VfPpkd-RWgCYc-ksKsZd::after{border-bottom-color:rgb(138,180,248)}}@media screen and (prefers-color-scheme:dark){.jR8x9d .Y5O54e .VfPpkd-fmcmS-yrriRe:not(.VfPpkd-fmcmS-yrriRe-OWXEXe-OWB6Me) .VfPpkd-fmcmS-wGMbrd::-webkit-input-placeholder{color:rgb(189,193,198)}.jR8x9d .Y5O54e .VfPpkd-fmcmS-yrriRe:not(.VfPpkd-fmcmS-yrriRe-OWXEXe-OWB6Me) .VfPpkd-fmcmS-wGMbrd::placeholder{color:rgb(189,193,198)}}@media screen and (prefers-color-scheme:dark){.jR8x9d .Y5O54e .VfPpkd-fmcmS-yrriRe:not(.VfPpkd-fmcmS-yrriRe-OWXEXe-OWB6Me) .VfPpkd-fmcmS-wGMbrd:-ms-input-placeholder{color:rgb(189,193,198)}.jR8x9d .Y5O54e .VfPpkd-fmcmS-yrriRe:not(.VfPpkd-fmcmS-yrriRe-OWXEXe-OWB6Me) .VfPpkd-fmcmS-MvKemf-OWXEXe-qdIk2c{color:rgb(154,160,166)}.jR8x9d .Y5O54e .VfPpkd-fmcmS-yrriRe:not(.VfPpkd-fmcmS-yrriRe-OWXEXe-OWB6Me) .VfPpkd-fmcmS-MvKemf-OWXEXe-iJ4yB{color:rgb(154,160,166)}.jR8x9d .Y5O54e .VfPpkd-fmcmS-yrriRe:not(.VfPpkd-fmcmS-yrriRe-OWXEXe-OWB6Me) .VfPpkd-fmcmS-TvZj5c-OWXEXe-M1Soyc{color:rgb(154,160,166)}.jR8x9d .Y5O54e .VfPpkd-fmcmS-yrriRe:not(.VfPpkd-fmcmS-yrriRe-OWXEXe-OWB6Me) .VfPpkd-fmcmS-TvZj5c-OWXEXe-UbuQg{color:rgb(154,160,166)}.jR8x9d .Y5O54e .VfPpkd-fmcmS-yrriRe.VfPpkd-fmcmS-yrriRe-OWXEXe-OWB6Me .VfPpkd-fmcmS-wGMbrd{color:rgba(232,234,237,.38)}.jR8x9d .Y5O54e .VfPpkd-fmcmS-yrriRe.VfPpkd-fmcmS-yrriRe-OWXEXe-OWB6Me{background-color:rgba(232,234,237,.04)}.jR8x9d .Y5O54e .VfPpkd-fmcmS-yrriRe.VfPpkd-fmcmS-yrriRe-OWXEXe-OWB6Me .VfPpkd-RWgCYc-ksKsZd::before{border-bottom-color:rgba(232,234,237,.38)}.jR8x9d .Y5O54e .VfPpkd-fmcmS-yrriRe.VfPpkd-fmcmS-yrriRe-OWXEXe-OWB6Me .VfPpkd-NLUYnc-V67aGc,.jR8x9d .Y5O54e .VfPpkd-fmcmS-yrriRe.VfPpkd-fmcmS-yrriRe-OWXEXe-OWB6Me .VfPpkd-fmcmS-TvZj5c-OWXEXe-M1Soyc,.jR8x9d .Y5O54e .VfPpkd-fmcmS-yrriRe.VfPpkd-fmcmS-yrriRe-OWXEXe-OWB6Me .VfPpkd-fmcmS-TvZj5c-OWXEXe-UbuQg,.jR8x9d .Y5O54e .VfPpkd-fmcmS-yrriRe.VfPpkd-fmcmS-yrriRe-OWXEXe-OWB6Me+.VfPpkd-fmcmS-yrriRe-W0vJo-RWgCYc .VfPpkd-fmcmS-yrriRe-W0vJo-fmcmS,.jR8x9d .Y5O54e .VfPpkd-fmcmS-yrriRe.VfPpkd-fmcmS-yrriRe-OWXEXe-OWB6Me .VfPpkd-fmcmS-yrriRe-JZnCve-gmhCAd,.jR8x9d .Y5O54e .VfPpkd-fmcmS-yrriRe.VfPpkd-fmcmS-yrriRe-OWXEXe-OWB6Me+.VfPpkd-fmcmS-yrriRe-W0vJo-RWgCYc .VfPpkd-fmcmS-yrriRe-JZnCve-gmhCAd{color:rgba(232,234,237,.38)}}@media screen and (prefers-color-scheme:dark){.jR8x9d .Y5O54e .VfPpkd-fmcmS-yrriRe.VfPpkd-fmcmS-yrriRe-OWXEXe-OWB6Me .VfPpkd-fmcmS-wGMbrd::-webkit-input-placeholder{color:rgba(232,234,237,.38)}.jR8x9d .Y5O54e .VfPpkd-fmcmS-yrriRe.VfPpkd-fmcmS-yrriRe-OWXEXe-OWB6Me .VfPpkd-fmcmS-wGMbrd::placeholder{color:rgba(232,234,237,.38)}}@media screen and (prefers-color-scheme:dark){.jR8x9d .Y5O54e .VfPpkd-fmcmS-yrriRe.VfPpkd-fmcmS-yrriRe-OWXEXe-OWB6Me .VfPpkd-fmcmS-wGMbrd:-ms-input-placeholder{color:rgba(232,234,237,.38)}.jR8x9d .Y5O54e .VfPpkd-fmcmS-yrriRe.VfPpkd-fmcmS-yrriRe-OWXEXe-OWB6Me .VfPpkd-fmcmS-MvKemf-OWXEXe-qdIk2c,.jR8x9d .Y5O54e .VfPpkd-fmcmS-yrriRe.VfPpkd-fmcmS-yrriRe-OWXEXe-OWB6Me .VfPpkd-fmcmS-MvKemf-OWXEXe-iJ4yB{color:rgba(232,234,237,.38)}.jR8x9d .Y5O54e .VfPpkd-fmcmS-yrriRe.VfPpkd-fmcmS-yrriRe-OWXEXe-XpnDCe:not(.VfPpkd-fmcmS-yrriRe-OWXEXe-OWB6Me) .VfPpkd-NLUYnc-V67aGc{color:rgb(138,180,248)}.jR8x9d .Y5O54e .VfPpkd-fmcmS-yrriRe.VfPpkd-fmcmS-yrriRe-OWXEXe-UJflGc .VfPpkd-fmcmS-wGMbrd{caret-color:rgb(246,174,169)}.jR8x9d .Y5O54e .VfPpkd-fmcmS-yrriRe.VfPpkd-fmcmS-yrriRe-OWXEXe-UJflGc:not(.VfPpkd-fmcmS-yrriRe-OWXEXe-OWB6Me)+.VfPpkd-fmcmS-yrriRe-W0vJo-RWgCYc .VfPpkd-fmcmS-yrriRe-W0vJo-fmcmS{color:rgb(242,139,130)}.jR8x9d .Y5O54e .VfPpkd-fmcmS-yrriRe.VfPpkd-fmcmS-yrriRe-OWXEXe-UJflGc:not(.VfPpkd-fmcmS-yrriRe-OWXEXe-OWB6Me) .VfPpkd-fmcmS-TvZj5c-OWXEXe-UbuQg{color:rgb(242,139,130)}.jR8x9d .Y5O54e .VfPpkd-fmcmS-yrriRe.VfPpkd-fmcmS-yrriRe-OWXEXe-UJflGc:not(.VfPpkd-fmcmS-yrriRe-OWXEXe-OWB6Me) .VfPpkd-RWgCYc-ksKsZd::before{border-bottom-color:rgb(246,174,169)}.jR8x9d .Y5O54e .VfPpkd-fmcmS-yrriRe.VfPpkd-fmcmS-yrriRe-OWXEXe-UJflGc:not(.VfPpkd-fmcmS-yrriRe-OWXEXe-OWB6Me) .VfPpkd-RWgCYc-ksKsZd::after{border-bottom-color:rgb(246,174,169)}.jR8x9d .Y5O54e .VfPpkd-fmcmS-yrriRe.VfPpkd-fmcmS-yrriRe-OWXEXe-UJflGc:hover:not(.VfPpkd-fmcmS-yrriRe-OWXEXe-XpnDCe):not(.VfPpkd-fmcmS-yrriRe-OWXEXe-OWB6Me) .VfPpkd-NLUYnc-V67aGc{color:rgb(246,174,169)}.jR8x9d .Y5O54e .VfPpkd-fmcmS-yrriRe.VfPpkd-fmcmS-yrriRe-OWXEXe-UJflGc:hover:not(.VfPpkd-fmcmS-yrriRe-OWXEXe-XpnDCe):not(.VfPpkd-fmcmS-yrriRe-OWXEXe-OWB6Me)+.VfPpkd-fmcmS-yrriRe-W0vJo-RWgCYc .VfPpkd-fmcmS-yrriRe-W0vJo-fmcmS{color:rgb(246,174,169)}.jR8x9d .Y5O54e .VfPpkd-fmcmS-yrriRe.VfPpkd-fmcmS-yrriRe-OWXEXe-UJflGc:hover:not(.VfPpkd-fmcmS-yrriRe-OWXEXe-XpnDCe):not(.VfPpkd-fmcmS-yrriRe-OWXEXe-OWB6Me) .VfPpkd-fmcmS-TvZj5c-OWXEXe-UbuQg{color:rgb(246,174,169)}.jR8x9d .Y5O54e .VfPpkd-fmcmS-yrriRe.VfPpkd-fmcmS-yrriRe-OWXEXe-UJflGc:hover:not(.VfPpkd-fmcmS-yrriRe-OWXEXe-XpnDCe):not(.VfPpkd-fmcmS-yrriRe-OWXEXe-OWB6Me) .VfPpkd-RWgCYc-ksKsZd::before{border-bottom-color:rgb(246,174,169)}.jR8x9d .Y5O54e .VfPpkd-fmcmS-yrriRe.VfPpkd-fmcmS-yrriRe-OWXEXe-XpnDCe .VfPpkd-NLUYnc-V67aGc{color:rgb(138,180,248)}.jR8x9d .Y5O54e .VfPpkd-fmcmS-yrriRe.VfPpkd-fmcmS-yrriRe-OWXEXe-UJflGc:not(.VfPpkd-fmcmS-yrriRe-OWXEXe-OWB6Me) .VfPpkd-NLUYnc-V67aGc{color:rgb(246,174,169)}.jR8x9d .Y5O54e .VfPpkd-xl07Ob-XxIAqe{box-shadow:0 2px 1px -1px rgba(0,0,0,.2),0 1px 1px 0 rgba(0,0,0,.14),0 1px 3px 0 rgba(0,0,0,.12);background-color:rgb(32,33,36)}.jR8x9d .Y5O54e .VfPpkd-StrnGf-rymPhb{font-family:Roboto,Arial,sans-serif;line-height:1.5rem;font-size:1rem;letter-spacing:.00625em;font-weight:400;color:rgb(232,234,237);position:relative}.jR8x9d .Y5O54e .VfPpkd-StrnGf-rymPhb .VfPpkd-StrnGf-rymPhb-IhFlZd{color:rgb(154,160,166)}.jR8x9d .Y5O54e .VfPpkd-StrnGf-rymPhb .VfPpkd-StrnGf-rymPhb-ibnC6b-OWXEXe-OWB6Me .VfPpkd-StrnGf-rymPhb-b9t22c,.jR8x9d .Y5O54e .VfPpkd-StrnGf-rymPhb .VfPpkd-StrnGf-rymPhb-ibnC6b-OWXEXe-OWB6Me .VfPpkd-StrnGf-rymPhb-fpDzbe-fmcmS,.jR8x9d .Y5O54e .VfPpkd-StrnGf-rymPhb .VfPpkd-StrnGf-rymPhb-ibnC6b-OWXEXe-OWB6Me .VfPpkd-StrnGf-rymPhb-L8ivfd-fmcmS{color:rgb(232,234,237)}.jR8x9d .Y5O54e .VfPpkd-StrnGf-rymPhb .VfPpkd-StrnGf-rymPhb-ibnC6b-OWXEXe-OWB6Me .VfPpkd-StrnGf-rymPhb-b9t22c{opacity:.38}.jR8x9d .Y5O54e .VfPpkd-StrnGf-rymPhb .VfPpkd-StrnGf-rymPhb-ibnC6b-OWXEXe-gk6SMd,.jR8x9d .Y5O54e .VfPpkd-StrnGf-rymPhb .VfPpkd-StrnGf-rymPhb-ibnC6b-OWXEXe-pXU01b,.jR8x9d .Y5O54e .VfPpkd-StrnGf-rymPhb .VfPpkd-StrnGf-rymPhb-ibnC6b-OWXEXe-gk6SMd .VfPpkd-StrnGf-rymPhb-f7MjDc,.jR8x9d .Y5O54e .VfPpkd-StrnGf-rymPhb .VfPpkd-StrnGf-rymPhb-ibnC6b-OWXEXe-pXU01b .VfPpkd-StrnGf-rymPhb-f7MjDc{color:rgb(232,234,237)}.jR8x9d .Y5O54e .VfPpkd-StrnGf-rymPhb .VfPpkd-StrnGf-rymPhb-ibnC6b-OWXEXe-gk6SMd .VfPpkd-StrnGf-rymPhb-pZXsl::before{opacity:0}.jR8x9d .Y5O54e .VfPpkd-StrnGf-rymPhb .VfPpkd-StrnGf-rymPhb-ibnC6b.VfPpkd-StrnGf-rymPhb-ibnC6b-OWXEXe-gk6SMd{background-color:rgba(138,180,248,.24)}.jR8x9d .Y5O54e .VfPpkd-StrnGf-rymPhb .VfPpkd-StrnGf-rymPhb-ibnC6b.VfPpkd-StrnGf-rymPhb-ibnC6b-OWXEXe-gk6SMd .VfPpkd-StrnGf-rymPhb-pZXsl::before,.jR8x9d .Y5O54e .VfPpkd-StrnGf-rymPhb .VfPpkd-StrnGf-rymPhb-ibnC6b.VfPpkd-StrnGf-rymPhb-ibnC6b-OWXEXe-gk6SMd .VfPpkd-StrnGf-rymPhb-pZXsl::after{background-color:rgb(138,180,248);background-color:var(--mdc-ripple-color,rgb(138,180,248))}.jR8x9d .Y5O54e .VfPpkd-StrnGf-rymPhb .VfPpkd-StrnGf-rymPhb-ibnC6b.VfPpkd-StrnGf-rymPhb-ibnC6b-OWXEXe-gk6SMd:hover .VfPpkd-StrnGf-rymPhb-pZXsl::before,.jR8x9d .Y5O54e .VfPpkd-StrnGf-rymPhb .VfPpkd-StrnGf-rymPhb-ibnC6b.VfPpkd-StrnGf-rymPhb-ibnC6b-OWXEXe-gk6SMd.VfPpkd-ksKsZd-XxIAqe-OWXEXe-ZmdkE .VfPpkd-StrnGf-rymPhb-pZXsl::before{opacity:.04;opacity:var(--mdc-ripple-hover-opacity,.04)}.jR8x9d .Y5O54e .VfPpkd-StrnGf-rymPhb .VfPpkd-StrnGf-rymPhb-ibnC6b.VfPpkd-StrnGf-rymPhb-ibnC6b-OWXEXe-gk6SMd.VfPpkd-ksKsZd-mWPk3d-OWXEXe-AHe6Kc-XpnDCe .VfPpkd-StrnGf-rymPhb-pZXsl::before,.jR8x9d .Y5O54e .VfPpkd-StrnGf-rymPhb .VfPpkd-StrnGf-rymPhb-ibnC6b.VfPpkd-StrnGf-rymPhb-ibnC6b-OWXEXe-gk6SMd:not(.VfPpkd-ksKsZd-mWPk3d):focus .VfPpkd-StrnGf-rymPhb-pZXsl::before{transition-duration:75ms;opacity:.12;opacity:var(--mdc-ripple-focus-opacity,.12)}.jR8x9d .Y5O54e .VfPpkd-StrnGf-rymPhb .VfPpkd-StrnGf-rymPhb-ibnC6b.VfPpkd-StrnGf-rymPhb-ibnC6b-OWXEXe-gk6SMd:not(.VfPpkd-ksKsZd-mWPk3d) .VfPpkd-StrnGf-rymPhb-pZXsl::after{transition:opacity .15s linear}.jR8x9d .Y5O54e .VfPpkd-StrnGf-rymPhb .VfPpkd-StrnGf-rymPhb-ibnC6b.VfPpkd-StrnGf-rymPhb-ibnC6b-OWXEXe-gk6SMd:not(.VfPpkd-ksKsZd-mWPk3d):active .VfPpkd-StrnGf-rymPhb-pZXsl::after{transition-duration:75ms;opacity:.1;opacity:var(--mdc-ripple-press-opacity,.1)}.jR8x9d .Y5O54e .VfPpkd-StrnGf-rymPhb .VfPpkd-StrnGf-rymPhb-ibnC6b.VfPpkd-StrnGf-rymPhb-ibnC6b-OWXEXe-gk6SMd.VfPpkd-ksKsZd-mWPk3d{--mdc-ripple-fg-opacity:var(--mdc-ripple-press-opacity,0.1)}.jR8x9d .Y5O54e .VfPpkd-StrnGf-rymPhb .VfPpkd-StrnGf-rymPhb-L8ivfd-fmcmS{color:rgb(154,160,166)}.jR8x9d .Y5O54e .VfPpkd-StrnGf-rymPhb .VfPpkd-StrnGf-rymPhb-clz4Ic{border-bottom-color:rgba(232,234,237,.12)}.jR8x9d .Y5O54e .VfPpkd-StrnGf-rymPhb .VfPpkd-StrnGf-rymPhb-f7MjDc{color:rgb(232,234,237)}.jR8x9d .Y5O54e .VfPpkd-StrnGf-rymPhb .VfPpkd-StrnGf-rymPhb-ibnC6b .VfPpkd-StrnGf-rymPhb-pZXsl::before,.jR8x9d .Y5O54e .VfPpkd-StrnGf-rymPhb .VfPpkd-StrnGf-rymPhb-ibnC6b .VfPpkd-StrnGf-rymPhb-pZXsl::after{background-color:rgb(232,234,237);background-color:var(--mdc-ripple-color,rgb(232,234,237))}.jR8x9d .Y5O54e .VfPpkd-StrnGf-rymPhb .VfPpkd-StrnGf-rymPhb-ibnC6b:hover .VfPpkd-StrnGf-rymPhb-pZXsl::before,.jR8x9d .Y5O54e .VfPpkd-StrnGf-rymPhb .VfPpkd-StrnGf-rymPhb-ibnC6b.VfPpkd-ksKsZd-XxIAqe-OWXEXe-ZmdkE .VfPpkd-StrnGf-rymPhb-pZXsl::before{opacity:.04;opacity:var(--mdc-ripple-hover-opacity,.04)}.jR8x9d .Y5O54e .VfPpkd-StrnGf-rymPhb .VfPpkd-StrnGf-rymPhb-ibnC6b.VfPpkd-ksKsZd-mWPk3d-OWXEXe-AHe6Kc-XpnDCe .VfPpkd-StrnGf-rymPhb-pZXsl::before,.jR8x9d .Y5O54e .VfPpkd-StrnGf-rymPhb .VfPpkd-StrnGf-rymPhb-ibnC6b:not(.VfPpkd-ksKsZd-mWPk3d):focus .VfPpkd-StrnGf-rymPhb-pZXsl::before{transition-duration:75ms;opacity:.12;opacity:var(--mdc-ripple-focus-opacity,.12)}.jR8x9d .Y5O54e .VfPpkd-StrnGf-rymPhb .VfPpkd-StrnGf-rymPhb-ibnC6b:not(.VfPpkd-ksKsZd-mWPk3d) .VfPpkd-StrnGf-rymPhb-pZXsl::after{transition:opacity .15s linear}.jR8x9d .Y5O54e .VfPpkd-StrnGf-rymPhb .VfPpkd-StrnGf-rymPhb-ibnC6b:not(.VfPpkd-ksKsZd-mWPk3d):active .VfPpkd-StrnGf-rymPhb-pZXsl::after{transition-duration:75ms;opacity:.1;opacity:var(--mdc-ripple-press-opacity,.1)}.jR8x9d .Y5O54e .VfPpkd-StrnGf-rymPhb .VfPpkd-StrnGf-rymPhb-ibnC6b.VfPpkd-ksKsZd-mWPk3d{--mdc-ripple-fg-opacity:var(--mdc-ripple-press-opacity,0.1)}}@media screen and (prefers-color-scheme:dark) and (-ms-high-contrast:active),screen and (prefers-color-scheme:dark) and (forced-colors:active){.jR8x9d .Y5O54e .VfPpkd-StrnGf-rymPhb .VfPpkd-StrnGf-rymPhb-ibnC6b-OWXEXe-OWB6Me .VfPpkd-StrnGf-rymPhb-b9t22c,.jR8x9d .Y5O54e .VfPpkd-StrnGf-rymPhb .VfPpkd-StrnGf-rymPhb-ibnC6b-OWXEXe-OWB6Me .VfPpkd-StrnGf-rymPhb-fpDzbe-fmcmS,.jR8x9d .Y5O54e .VfPpkd-StrnGf-rymPhb .VfPpkd-StrnGf-rymPhb-ibnC6b-OWXEXe-OWB6Me .VfPpkd-StrnGf-rymPhb-L8ivfd-fmcmS{color:GrayText}.jR8x9d .Y5O54e .VfPpkd-StrnGf-rymPhb .VfPpkd-StrnGf-rymPhb-ibnC6b-OWXEXe-OWB6Me .VfPpkd-StrnGf-rymPhb-b9t22c{opacity:1}}@media screen and (prefers-color-scheme:dark){.jR8x9d .Y5O54e .VfPpkd-StrnGf-rymPhb .VfPpkd-BFbNVe-bF1uUb{width:100%;height:100%;top:0;left:0}.jR8x9d .Y5O54e .VfPpkd-StrnGf-rymPhb .VfPpkd-BFbNVe-bF1uUb{opacity:.08}.jR8x9d .NGdKgb{display:inline-flex;position:relative}.jR8x9d .NGdKgb[hidden]{display:none}.jR8x9d .NGdKgb .UMrnmb-lP5Lpb-yrriRe{width:inherit}.jR8x9d .NGdKgb .VfPpkd-StrnGf-rymPhb .VfPpkd-StrnGf-rymPhb-ibnC6b{padding-left:16px;padding-right:16px}[dir=rtl] .jR8x9d .NGdKgb .VfPpkd-StrnGf-rymPhb .VfPpkd-StrnGf-rymPhb-ibnC6b,.jR8x9d .NGdKgb .VfPpkd-StrnGf-rymPhb .VfPpkd-StrnGf-rymPhb-ibnC6b[dir=rtl]{padding-left:16px;padding-right:16px}.jR8x9d .NGdKgb .VfPpkd-StrnGf-rymPhb.VfPpkd-StrnGf-rymPhb-OWXEXe-Bz112c-rymPhb .VfPpkd-StrnGf-rymPhb-ibnC6b .VfPpkd-StrnGf-rymPhb-f7MjDc{margin-left:0;margin-right:8px}[dir=rtl] .jR8x9d .NGdKgb .VfPpkd-StrnGf-rymPhb.VfPpkd-StrnGf-rymPhb-OWXEXe-Bz112c-rymPhb .VfPpkd-StrnGf-rymPhb-ibnC6b .VfPpkd-StrnGf-rymPhb-f7MjDc,.jR8x9d .NGdKgb .VfPpkd-StrnGf-rymPhb.VfPpkd-StrnGf-rymPhb-OWXEXe-Bz112c-rymPhb .VfPpkd-StrnGf-rymPhb-ibnC6b .VfPpkd-StrnGf-rymPhb-f7MjDc[dir=rtl]{margin-left:8px;margin-right:0}.jR8x9d .NGdKgb .VfPpkd-StrnGf-rymPhb.UMrnmb-h0T7hb-M1Soyc-Bz112c .VfPpkd-StrnGf-rymPhb-ibnC6b{padding-left:48px;padding-right:16px}[dir=rtl] .jR8x9d .NGdKgb .VfPpkd-StrnGf-rymPhb.UMrnmb-h0T7hb-M1Soyc-Bz112c .VfPpkd-StrnGf-rymPhb-ibnC6b,.jR8x9d .NGdKgb .VfPpkd-StrnGf-rymPhb.UMrnmb-h0T7hb-M1Soyc-Bz112c .VfPpkd-StrnGf-rymPhb-ibnC6b[dir=rtl]{padding-left:16px;padding-right:48px}.jR8x9d .NGdKgb .VfPpkd-fmcmS-yrriRe:not(.VfPpkd-fmcmS-yrriRe-OWXEXe-OWB6Me) .VfPpkd-fmcmS-wGMbrd{color:rgb(232,234,237);color:var(--gm-outlinedtextfield-ink-color,rgb(232,234,237))}.jR8x9d .NGdKgb .VfPpkd-fmcmS-yrriRe .VfPpkd-fmcmS-wGMbrd{caret-color:rgb(138,180,248);caret-color:var(--gm-outlinedtextfield-caret-color,rgb(138,180,248))}.jR8x9d .NGdKgb .VfPpkd-fmcmS-yrriRe:not(.VfPpkd-fmcmS-yrriRe-OWXEXe-OWB6Me)+.VfPpkd-fmcmS-yrriRe-W0vJo-RWgCYc .VfPpkd-fmcmS-yrriRe-W0vJo-fmcmS{color:rgb(154,160,166);color:var(--gm-outlinedtextfield-helper-text-color,rgb(154,160,166))}.jR8x9d .NGdKgb .VfPpkd-fmcmS-yrriRe:not(.VfPpkd-fmcmS-yrriRe-OWXEXe-OWB6Me) .VfPpkd-fmcmS-yrriRe-JZnCve-gmhCAd,.jR8x9d .NGdKgb .VfPpkd-fmcmS-yrriRe:not(.VfPpkd-fmcmS-yrriRe-OWXEXe-OWB6Me)+.VfPpkd-fmcmS-yrriRe-W0vJo-RWgCYc .VfPpkd-fmcmS-yrriRe-JZnCve-gmhCAd{color:rgb(154,160,166)}.jR8x9d .NGdKgb .VfPpkd-fmcmS-yrriRe:not(.VfPpkd-fmcmS-yrriRe-OWXEXe-OWB6Me) .VfPpkd-NLUYnc-V67aGc{color:rgb(154,160,166);color:var(--gm-outlinedtextfield-label-color,rgb(154,160,166))}.jR8x9d .NGdKgb .VfPpkd-fmcmS-yrriRe:hover:not(.VfPpkd-fmcmS-yrriRe-OWXEXe-OWB6Me) .VfPpkd-NLUYnc-V67aGc{color:rgb(248,249,250)}.jR8x9d .NGdKgb .VfPpkd-fmcmS-yrriRe:not(.VfPpkd-fmcmS-yrriRe-OWXEXe-OWB6Me) .VfPpkd-NSFCdd-Brv4Fb,.jR8x9d .NGdKgb .VfPpkd-fmcmS-yrriRe:not(.VfPpkd-fmcmS-yrriRe-OWXEXe-OWB6Me) .VfPpkd-NSFCdd-Ra9xwd,.jR8x9d .NGdKgb .VfPpkd-fmcmS-yrriRe:not(.VfPpkd-fmcmS-yrriRe-OWXEXe-OWB6Me) .VfPpkd-NSFCdd-MpmGFe{border-color:rgb(189,193,198);border-color:var(--gm-outlinedtextfield-outline-color,rgb(189,193,198))}.jR8x9d .NGdKgb .VfPpkd-fmcmS-yrriRe:not(.VfPpkd-fmcmS-yrriRe-OWXEXe-OWB6Me):not(.VfPpkd-fmcmS-yrriRe-OWXEXe-XpnDCe):hover .VfPpkd-NSFCdd-i5vt6e .VfPpkd-NSFCdd-Brv4Fb,.jR8x9d .NGdKgb .VfPpkd-fmcmS-yrriRe:not(.VfPpkd-fmcmS-yrriRe-OWXEXe-OWB6Me):not(.VfPpkd-fmcmS-yrriRe-OWXEXe-XpnDCe):hover .VfPpkd-NSFCdd-i5vt6e .VfPpkd-NSFCdd-Ra9xwd,.jR8x9d .NGdKgb .VfPpkd-fmcmS-yrriRe:not(.VfPpkd-fmcmS-yrriRe-OWXEXe-OWB6Me):not(.VfPpkd-fmcmS-yrriRe-OWXEXe-XpnDCe):hover .VfPpkd-NSFCdd-i5vt6e .VfPpkd-NSFCdd-MpmGFe{border-color:rgb(248,249,250)}}@media screen and (prefers-color-scheme:dark){.jR8x9d .NGdKgb .VfPpkd-fmcmS-yrriRe:not(.VfPpkd-fmcmS-yrriRe-OWXEXe-OWB6Me) .VfPpkd-fmcmS-wGMbrd::-webkit-input-placeholder{color:rgb(189,193,198);color:var(--gm-outlinedtextfield-placeholder-color,rgb(189,193,198))}.jR8x9d .NGdKgb .VfPpkd-fmcmS-yrriRe:not(.VfPpkd-fmcmS-yrriRe-OWXEXe-OWB6Me) .VfPpkd-fmcmS-wGMbrd::placeholder{color:rgb(189,193,198);color:var(--gm-outlinedtextfield-placeholder-color,rgb(189,193,198))}}@media screen and (prefers-color-scheme:dark){.jR8x9d .NGdKgb .VfPpkd-fmcmS-yrriRe:not(.VfPpkd-fmcmS-yrriRe-OWXEXe-OWB6Me) .VfPpkd-fmcmS-wGMbrd:-ms-input-placeholder{color:rgb(189,193,198);color:var(--gm-outlinedtextfield-placeholder-color,rgb(189,193,198))}.jR8x9d .NGdKgb .VfPpkd-fmcmS-yrriRe:not(.VfPpkd-fmcmS-yrriRe-OWXEXe-OWB6Me) .VfPpkd-fmcmS-MvKemf-OWXEXe-qdIk2c{color:rgb(154,160,166);color:var(--gm-outlinedtextfield-prefix-color,rgb(154,160,166))}.jR8x9d .NGdKgb .VfPpkd-fmcmS-yrriRe:not(.VfPpkd-fmcmS-yrriRe-OWXEXe-OWB6Me) .VfPpkd-fmcmS-MvKemf-OWXEXe-iJ4yB{color:rgb(154,160,166);color:var(--gm-outlinedtextfield-suffix-color,rgb(154,160,166))}.jR8x9d .NGdKgb .VfPpkd-fmcmS-yrriRe:not(.VfPpkd-fmcmS-yrriRe-OWXEXe-OWB6Me) .VfPpkd-fmcmS-TvZj5c-OWXEXe-M1Soyc{color:rgb(154,160,166)}.jR8x9d .NGdKgb .VfPpkd-fmcmS-yrriRe:not(.VfPpkd-fmcmS-yrriRe-OWXEXe-OWB6Me) .VfPpkd-fmcmS-TvZj5c-OWXEXe-UbuQg{color:rgb(154,160,166)}.jR8x9d .NGdKgb .VfPpkd-fmcmS-yrriRe.VfPpkd-fmcmS-yrriRe-OWXEXe-OWB6Me .VfPpkd-fmcmS-wGMbrd{color:rgba(232,234,237,.38);color:var(--gm-outlinedtextfield-ink-color--disabled,rgba(232,234,237,.38))}.jR8x9d .NGdKgb .VfPpkd-fmcmS-yrriRe.VfPpkd-fmcmS-yrriRe-OWXEXe-OWB6Me .VfPpkd-NSFCdd-Brv4Fb,.jR8x9d .NGdKgb .VfPpkd-fmcmS-yrriRe.VfPpkd-fmcmS-yrriRe-OWXEXe-OWB6Me .VfPpkd-NSFCdd-Ra9xwd,.jR8x9d .NGdKgb .VfPpkd-fmcmS-yrriRe.VfPpkd-fmcmS-yrriRe-OWXEXe-OWB6Me .VfPpkd-NSFCdd-MpmGFe{border-color:rgba(232,234,237,.12);border-color:var(--gm-outlinedtextfield-outline-color--disabled,rgba(232,234,237,.12))}.jR8x9d .NGdKgb .VfPpkd-fmcmS-yrriRe.VfPpkd-fmcmS-yrriRe-OWXEXe-OWB6Me .VfPpkd-NLUYnc-V67aGc{color:rgba(232,234,237,.38);color:var(--gm-outlinedtextfield-label-color--disabled,rgba(232,234,237,.38))}.jR8x9d .NGdKgb .VfPpkd-fmcmS-yrriRe.VfPpkd-fmcmS-yrriRe-OWXEXe-OWB6Me .VfPpkd-fmcmS-TvZj5c-OWXEXe-M1Soyc{color:rgba(232,234,237,.38);color:var(--gm-outlinedtextfield-icon-color--disabled,rgba(232,234,237,.38))}.jR8x9d .NGdKgb .VfPpkd-fmcmS-yrriRe.VfPpkd-fmcmS-yrriRe-OWXEXe-OWB6Me .VfPpkd-fmcmS-TvZj5c-OWXEXe-UbuQg{color:rgba(232,234,237,.38);color:var(--gm-outlinedtextfield-icon-color--disabled,rgba(232,234,237,.38))}.jR8x9d .NGdKgb .VfPpkd-fmcmS-yrriRe.VfPpkd-fmcmS-yrriRe-OWXEXe-OWB6Me+.VfPpkd-fmcmS-yrriRe-W0vJo-RWgCYc .VfPpkd-fmcmS-yrriRe-W0vJo-fmcmS{color:rgba(232,234,237,.38);color:var(--gm-outlinedtextfield-helper-text-color--disabled,rgba(232,234,237,.38))}.jR8x9d .NGdKgb .VfPpkd-fmcmS-yrriRe.VfPpkd-fmcmS-yrriRe-OWXEXe-OWB6Me .VfPpkd-fmcmS-yrriRe-JZnCve-gmhCAd,.jR8x9d .NGdKgb .VfPpkd-fmcmS-yrriRe.VfPpkd-fmcmS-yrriRe-OWXEXe-OWB6Me+.VfPpkd-fmcmS-yrriRe-W0vJo-RWgCYc .VfPpkd-fmcmS-yrriRe-JZnCve-gmhCAd{color:rgba(232,234,237,.38);color:var(--gm-outlinedtextfield-character-counter-color--disabled,rgba(232,234,237,.38))}}@media screen and (prefers-color-scheme:dark){.jR8x9d .NGdKgb .VfPpkd-fmcmS-yrriRe.VfPpkd-fmcmS-yrriRe-OWXEXe-OWB6Me .VfPpkd-fmcmS-wGMbrd::-webkit-input-placeholder{color:rgba(232,234,237,.38);color:var(--gm-outlinedtextfield-placeholder-color--disabled,rgba(232,234,237,.38))}.jR8x9d .NGdKgb .VfPpkd-fmcmS-yrriRe.VfPpkd-fmcmS-yrriRe-OWXEXe-OWB6Me .VfPpkd-fmcmS-wGMbrd::placeholder{color:rgba(232,234,237,.38);color:var(--gm-outlinedtextfield-placeholder-color--disabled,rgba(232,234,237,.38))}}@media screen and (prefers-color-scheme:dark){.jR8x9d .NGdKgb .VfPpkd-fmcmS-yrriRe.VfPpkd-fmcmS-yrriRe-OWXEXe-OWB6Me .VfPpkd-fmcmS-wGMbrd:-ms-input-placeholder{color:rgba(232,234,237,.38);color:var(--gm-outlinedtextfield-placeholder-color--disabled,rgba(232,234,237,.38))}.jR8x9d .NGdKgb .VfPpkd-fmcmS-yrriRe.VfPpkd-fmcmS-yrriRe-OWXEXe-OWB6Me .VfPpkd-fmcmS-MvKemf-OWXEXe-qdIk2c{color:rgba(232,234,237,.38);color:var(--gm-outlinedtextfield-prefix-color--disabled,rgba(232,234,237,.38))}.jR8x9d .NGdKgb .VfPpkd-fmcmS-yrriRe.VfPpkd-fmcmS-yrriRe-OWXEXe-OWB6Me .VfPpkd-fmcmS-MvKemf-OWXEXe-iJ4yB{color:rgba(232,234,237,.38);color:var(--gm-outlinedtextfield-suffix-color--disabled,rgba(232,234,237,.38))}.jR8x9d .NGdKgb .VfPpkd-fmcmS-yrriRe.VfPpkd-fmcmS-yrriRe-OWXEXe-XpnDCe:not(.VfPpkd-fmcmS-yrriRe-OWXEXe-OWB6Me) .VfPpkd-NSFCdd-Brv4Fb,.jR8x9d .NGdKgb .VfPpkd-fmcmS-yrriRe.VfPpkd-fmcmS-yrriRe-OWXEXe-XpnDCe:not(.VfPpkd-fmcmS-yrriRe-OWXEXe-OWB6Me) .VfPpkd-NSFCdd-Ra9xwd,.jR8x9d .NGdKgb .VfPpkd-fmcmS-yrriRe.VfPpkd-fmcmS-yrriRe-OWXEXe-XpnDCe:not(.VfPpkd-fmcmS-yrriRe-OWXEXe-OWB6Me) .VfPpkd-NSFCdd-MpmGFe{border-color:rgb(138,180,248);border-color:var(--gm-outlinedtextfield-outline-color--stateful,rgb(138,180,248))}.jR8x9d .NGdKgb .VfPpkd-fmcmS-yrriRe.VfPpkd-fmcmS-yrriRe-OWXEXe-XpnDCe:not(.VfPpkd-fmcmS-yrriRe-OWXEXe-OWB6Me) .VfPpkd-NLUYnc-V67aGc{color:rgb(138,180,248);color:var(--gm-outlinedtextfield-label-color--stateful,rgb(138,180,248))}.jR8x9d .NGdKgb .VfPpkd-fmcmS-yrriRe.VfPpkd-fmcmS-yrriRe-OWXEXe-UJflGc .VfPpkd-fmcmS-wGMbrd{caret-color:rgb(242,139,130);caret-color:var(--gm-outlinedtextfield-caret-color--error,rgb(242,139,130))}.jR8x9d .NGdKgb .VfPpkd-fmcmS-yrriRe.VfPpkd-fmcmS-yrriRe-OWXEXe-UJflGc:not(.VfPpkd-fmcmS-yrriRe-OWXEXe-OWB6Me)+.VfPpkd-fmcmS-yrriRe-W0vJo-RWgCYc .VfPpkd-fmcmS-yrriRe-W0vJo-fmcmS{color:rgb(242,139,130);color:var(--gm-outlinedtextfield-helper-text-color--error,rgb(242,139,130))}.jR8x9d .NGdKgb .VfPpkd-fmcmS-yrriRe.VfPpkd-fmcmS-yrriRe-OWXEXe-UJflGc:hover:not(.VfPpkd-fmcmS-yrriRe-OWXEXe-XpnDCe):not(.VfPpkd-fmcmS-yrriRe-OWXEXe-OWB6Me)+.VfPpkd-fmcmS-yrriRe-W0vJo-RWgCYc .VfPpkd-fmcmS-yrriRe-W0vJo-fmcmS{color:rgb(246,174,169)}.jR8x9d .NGdKgb .VfPpkd-fmcmS-yrriRe.VfPpkd-fmcmS-yrriRe-OWXEXe-UJflGc:hover:not(.VfPpkd-fmcmS-yrriRe-OWXEXe-XpnDCe):not(.VfPpkd-fmcmS-yrriRe-OWXEXe-OWB6Me) .VfPpkd-NLUYnc-V67aGc{color:rgb(246,174,169)}.jR8x9d .NGdKgb .VfPpkd-fmcmS-yrriRe.VfPpkd-fmcmS-yrriRe-OWXEXe-UJflGc:hover:not(.VfPpkd-fmcmS-yrriRe-OWXEXe-XpnDCe):not(.VfPpkd-fmcmS-yrriRe-OWXEXe-OWB6Me) .VfPpkd-fmcmS-TvZj5c-OWXEXe-UbuQg{color:rgb(246,174,169)}.jR8x9d .NGdKgb .VfPpkd-fmcmS-yrriRe.VfPpkd-fmcmS-yrriRe-OWXEXe-UJflGc:not(.VfPpkd-fmcmS-yrriRe-OWXEXe-OWB6Me):not(.VfPpkd-fmcmS-yrriRe-OWXEXe-XpnDCe):hover .VfPpkd-NSFCdd-i5vt6e .VfPpkd-NSFCdd-Brv4Fb,.jR8x9d .NGdKgb .VfPpkd-fmcmS-yrriRe.VfPpkd-fmcmS-yrriRe-OWXEXe-UJflGc:not(.VfPpkd-fmcmS-yrriRe-OWXEXe-OWB6Me):not(.VfPpkd-fmcmS-yrriRe-OWXEXe-XpnDCe):hover .VfPpkd-NSFCdd-i5vt6e .VfPpkd-NSFCdd-Ra9xwd,.jR8x9d .NGdKgb .VfPpkd-fmcmS-yrriRe.VfPpkd-fmcmS-yrriRe-OWXEXe-UJflGc:not(.VfPpkd-fmcmS-yrriRe-OWXEXe-OWB6Me):not(.VfPpkd-fmcmS-yrriRe-OWXEXe-XpnDCe):hover .VfPpkd-NSFCdd-i5vt6e .VfPpkd-NSFCdd-MpmGFe{border-color:rgb(246,174,169)}.jR8x9d .NGdKgb .VfPpkd-fmcmS-yrriRe.VfPpkd-fmcmS-yrriRe-OWXEXe-UJflGc:not(.VfPpkd-fmcmS-yrriRe-OWXEXe-OWB6Me) .VfPpkd-NSFCdd-Brv4Fb,.jR8x9d .NGdKgb .VfPpkd-fmcmS-yrriRe.VfPpkd-fmcmS-yrriRe-OWXEXe-UJflGc:not(.VfPpkd-fmcmS-yrriRe-OWXEXe-OWB6Me) .VfPpkd-NSFCdd-Ra9xwd,.jR8x9d .NGdKgb .VfPpkd-fmcmS-yrriRe.VfPpkd-fmcmS-yrriRe-OWXEXe-UJflGc:not(.VfPpkd-fmcmS-yrriRe-OWXEXe-OWB6Me) .VfPpkd-NSFCdd-MpmGFe{border-color:rgb(242,139,130);border-color:var(--gm-outlinedtextfield-outline-color--error,rgb(242,139,130))}.jR8x9d .NGdKgb .VfPpkd-fmcmS-yrriRe.VfPpkd-fmcmS-yrriRe-OWXEXe-UJflGc:not(.VfPpkd-fmcmS-yrriRe-OWXEXe-OWB6Me) .VfPpkd-fmcmS-TvZj5c-OWXEXe-UbuQg{color:rgb(242,139,130);color:var(--gm-outlinedtextfield-icon-color--error,rgb(242,139,130))}.jR8x9d .NGdKgb .VfPpkd-fmcmS-yrriRe.VfPpkd-fmcmS-yrriRe-OWXEXe-UJflGc.VfPpkd-fmcmS-yrriRe-OWXEXe-XpnDCe:not(.VfPpkd-fmcmS-yrriRe-OWXEXe-OWB6Me) .VfPpkd-NSFCdd-Brv4Fb,.jR8x9d .NGdKgb .VfPpkd-fmcmS-yrriRe.VfPpkd-fmcmS-yrriRe-OWXEXe-UJflGc.VfPpkd-fmcmS-yrriRe-OWXEXe-XpnDCe:not(.VfPpkd-fmcmS-yrriRe-OWXEXe-OWB6Me) .VfPpkd-NSFCdd-Ra9xwd,.jR8x9d .NGdKgb .VfPpkd-fmcmS-yrriRe.VfPpkd-fmcmS-yrriRe-OWXEXe-UJflGc.VfPpkd-fmcmS-yrriRe-OWXEXe-XpnDCe:not(.VfPpkd-fmcmS-yrriRe-OWXEXe-OWB6Me) .VfPpkd-NSFCdd-MpmGFe{border-color:rgb(242,139,130);border-color:var(--gm-outlinedtextfield-outline-color--error-stateful,rgb(242,139,130))}.jR8x9d .NGdKgb .VfPpkd-fmcmS-yrriRe.VfPpkd-fmcmS-yrriRe-OWXEXe-XpnDCe .VfPpkd-NLUYnc-V67aGc{color:rgb(138,180,248);color:var(--gm-outlinedtextfield-label-color--stateful,rgb(138,180,248))}.jR8x9d .NGdKgb .VfPpkd-fmcmS-yrriRe.VfPpkd-fmcmS-yrriRe-OWXEXe-UJflGc:not(.VfPpkd-fmcmS-yrriRe-OWXEXe-OWB6Me) .VfPpkd-NLUYnc-V67aGc{color:rgb(242,139,130);color:var(--gm-outlinedtextfield-label-color--error,rgb(242,139,130))}.jR8x9d .NGdKgb .VfPpkd-xl07Ob-XxIAqe{box-shadow:0 2px 1px -1px rgba(0,0,0,.2),0 1px 1px 0 rgba(0,0,0,.14),0 1px 3px 0 rgba(0,0,0,.12);background-color:rgb(32,33,36);margin-bottom:8px}.jR8x9d .NGdKgb.UMrnmb-h0T7hb-OWXEXe-di8rgd-V67aGc .VfPpkd-xl07Ob-XxIAqe,.jR8x9d .NGdKgb .VfPpkd-xl07Ob-XxIAqe-OWXEXe-uxVfW-FNFY6c-uFfGwd{margin-bottom:0}.jR8x9d .NGdKgb .VfPpkd-StrnGf-rymPhb{font-family:Roboto,Arial,sans-serif;line-height:1.5rem;font-size:1rem;letter-spacing:.00625em;font-weight:400;color:rgb(232,234,237);position:relative}.jR8x9d .NGdKgb .VfPpkd-StrnGf-rymPhb .VfPpkd-StrnGf-rymPhb-IhFlZd{color:rgb(154,160,166)}.jR8x9d .NGdKgb .VfPpkd-StrnGf-rymPhb .VfPpkd-StrnGf-rymPhb-ibnC6b-OWXEXe-OWB6Me .VfPpkd-StrnGf-rymPhb-b9t22c,.jR8x9d .NGdKgb .VfPpkd-StrnGf-rymPhb .VfPpkd-StrnGf-rymPhb-ibnC6b-OWXEXe-OWB6Me .VfPpkd-StrnGf-rymPhb-fpDzbe-fmcmS,.jR8x9d .NGdKgb .VfPpkd-StrnGf-rymPhb .VfPpkd-StrnGf-rymPhb-ibnC6b-OWXEXe-OWB6Me .VfPpkd-StrnGf-rymPhb-L8ivfd-fmcmS{color:rgb(232,234,237)}.jR8x9d .NGdKgb .VfPpkd-StrnGf-rymPhb .VfPpkd-StrnGf-rymPhb-ibnC6b-OWXEXe-OWB6Me .VfPpkd-StrnGf-rymPhb-b9t22c{opacity:.38}.jR8x9d .NGdKgb .VfPpkd-StrnGf-rymPhb .VfPpkd-StrnGf-rymPhb-ibnC6b-OWXEXe-gk6SMd,.jR8x9d .NGdKgb .VfPpkd-StrnGf-rymPhb .VfPpkd-StrnGf-rymPhb-ibnC6b-OWXEXe-pXU01b,.jR8x9d .NGdKgb .VfPpkd-StrnGf-rymPhb .VfPpkd-StrnGf-rymPhb-ibnC6b-OWXEXe-gk6SMd .VfPpkd-StrnGf-rymPhb-f7MjDc,.jR8x9d .NGdKgb .VfPpkd-StrnGf-rymPhb .VfPpkd-StrnGf-rymPhb-ibnC6b-OWXEXe-pXU01b .VfPpkd-StrnGf-rymPhb-f7MjDc{color:rgb(232,234,237)}.jR8x9d .NGdKgb .VfPpkd-StrnGf-rymPhb .VfPpkd-StrnGf-rymPhb-ibnC6b-OWXEXe-gk6SMd .VfPpkd-StrnGf-rymPhb-pZXsl::before{opacity:0}.jR8x9d .NGdKgb .VfPpkd-StrnGf-rymPhb .VfPpkd-StrnGf-rymPhb-ibnC6b.VfPpkd-StrnGf-rymPhb-ibnC6b-OWXEXe-gk6SMd{background-color:rgba(138,180,248,.24)}.jR8x9d .NGdKgb .VfPpkd-StrnGf-rymPhb .VfPpkd-StrnGf-rymPhb-ibnC6b.VfPpkd-StrnGf-rymPhb-ibnC6b-OWXEXe-gk6SMd .VfPpkd-StrnGf-rymPhb-pZXsl::before,.jR8x9d .NGdKgb .VfPpkd-StrnGf-rymPhb .VfPpkd-StrnGf-rymPhb-ibnC6b.VfPpkd-StrnGf-rymPhb-ibnC6b-OWXEXe-gk6SMd .VfPpkd-StrnGf-rymPhb-pZXsl::after{background-color:rgb(138,180,248);background-color:var(--mdc-ripple-color,rgb(138,180,248))}.jR8x9d .NGdKgb .VfPpkd-StrnGf-rymPhb .VfPpkd-StrnGf-rymPhb-ibnC6b.VfPpkd-StrnGf-rymPhb-ibnC6b-OWXEXe-gk6SMd:hover .VfPpkd-StrnGf-rymPhb-pZXsl::before,.jR8x9d .NGdKgb .VfPpkd-StrnGf-rymPhb .VfPpkd-StrnGf-rymPhb-ibnC6b.VfPpkd-StrnGf-rymPhb-ibnC6b-OWXEXe-gk6SMd.VfPpkd-ksKsZd-XxIAqe-OWXEXe-ZmdkE .VfPpkd-StrnGf-rymPhb-pZXsl::before{opacity:.04;opacity:var(--mdc-ripple-hover-opacity,.04)}.jR8x9d .NGdKgb .VfPpkd-StrnGf-rymPhb .VfPpkd-StrnGf-rymPhb-ibnC6b.VfPpkd-StrnGf-rymPhb-ibnC6b-OWXEXe-gk6SMd.VfPpkd-ksKsZd-mWPk3d-OWXEXe-AHe6Kc-XpnDCe .VfPpkd-StrnGf-rymPhb-pZXsl::before,.jR8x9d .NGdKgb .VfPpkd-StrnGf-rymPhb .VfPpkd-StrnGf-rymPhb-ibnC6b.VfPpkd-StrnGf-rymPhb-ibnC6b-OWXEXe-gk6SMd:not(.VfPpkd-ksKsZd-mWPk3d):focus .VfPpkd-StrnGf-rymPhb-pZXsl::before{transition-duration:75ms;opacity:.12;opacity:var(--mdc-ripple-focus-opacity,.12)}.jR8x9d .NGdKgb .VfPpkd-StrnGf-rymPhb .VfPpkd-StrnGf-rymPhb-ibnC6b.VfPpkd-StrnGf-rymPhb-ibnC6b-OWXEXe-gk6SMd:not(.VfPpkd-ksKsZd-mWPk3d) .VfPpkd-StrnGf-rymPhb-pZXsl::after{transition:opacity .15s linear}.jR8x9d .NGdKgb .VfPpkd-StrnGf-rymPhb .VfPpkd-StrnGf-rymPhb-ibnC6b.VfPpkd-StrnGf-rymPhb-ibnC6b-OWXEXe-gk6SMd:not(.VfPpkd-ksKsZd-mWPk3d):active .VfPpkd-StrnGf-rymPhb-pZXsl::after{transition-duration:75ms;opacity:.1;opacity:var(--mdc-ripple-press-opacity,.1)}.jR8x9d .NGdKgb .VfPpkd-StrnGf-rymPhb .VfPpkd-StrnGf-rymPhb-ibnC6b.VfPpkd-StrnGf-rymPhb-ibnC6b-OWXEXe-gk6SMd.VfPpkd-ksKsZd-mWPk3d{--mdc-ripple-fg-opacity:var(--mdc-ripple-press-opacity,0.1)}.jR8x9d .NGdKgb .VfPpkd-StrnGf-rymPhb .VfPpkd-StrnGf-rymPhb-L8ivfd-fmcmS{color:rgb(154,160,166)}.jR8x9d .NGdKgb .VfPpkd-StrnGf-rymPhb .VfPpkd-StrnGf-rymPhb-clz4Ic{border-bottom-color:rgba(232,234,237,.12)}.jR8x9d .NGdKgb .VfPpkd-StrnGf-rymPhb .VfPpkd-StrnGf-rymPhb-f7MjDc{color:rgb(232,234,237)}.jR8x9d .NGdKgb .VfPpkd-StrnGf-rymPhb .VfPpkd-StrnGf-rymPhb-ibnC6b .VfPpkd-StrnGf-rymPhb-pZXsl::before,.jR8x9d .NGdKgb .VfPpkd-StrnGf-rymPhb .VfPpkd-StrnGf-rymPhb-ibnC6b .VfPpkd-StrnGf-rymPhb-pZXsl::after{background-color:rgb(232,234,237);background-color:var(--mdc-ripple-color,rgb(232,234,237))}.jR8x9d .NGdKgb .VfPpkd-StrnGf-rymPhb .VfPpkd-StrnGf-rymPhb-ibnC6b:hover .VfPpkd-StrnGf-rymPhb-pZXsl::before,.jR8x9d .NGdKgb .VfPpkd-StrnGf-rymPhb .VfPpkd-StrnGf-rymPhb-ibnC6b.VfPpkd-ksKsZd-XxIAqe-OWXEXe-ZmdkE .VfPpkd-StrnGf-rymPhb-pZXsl::before{opacity:.04;opacity:var(--mdc-ripple-hover-opacity,.04)}.jR8x9d .NGdKgb .VfPpkd-StrnGf-rymPhb .VfPpkd-StrnGf-rymPhb-ibnC6b.VfPpkd-ksKsZd-mWPk3d-OWXEXe-AHe6Kc-XpnDCe .VfPpkd-StrnGf-rymPhb-pZXsl::before,.jR8x9d .NGdKgb .VfPpkd-StrnGf-rymPhb .VfPpkd-StrnGf-rymPhb-ibnC6b:not(.VfPpkd-ksKsZd-mWPk3d):focus .VfPpkd-StrnGf-rymPhb-pZXsl::before{transition-duration:75ms;opacity:.12;opacity:var(--mdc-ripple-focus-opacity,.12)}.jR8x9d .NGdKgb .VfPpkd-StrnGf-rymPhb .VfPpkd-StrnGf-rymPhb-ibnC6b:not(.VfPpkd-ksKsZd-mWPk3d) .VfPpkd-StrnGf-rymPhb-pZXsl::after{transition:opacity .15s linear}.jR8x9d .NGdKgb .VfPpkd-StrnGf-rymPhb .VfPpkd-StrnGf-rymPhb-ibnC6b:not(.VfPpkd-ksKsZd-mWPk3d):active .VfPpkd-StrnGf-rymPhb-pZXsl::after{transition-duration:75ms;opacity:.1;opacity:var(--mdc-ripple-press-opacity,.1)}.jR8x9d .NGdKgb .VfPpkd-StrnGf-rymPhb .VfPpkd-StrnGf-rymPhb-ibnC6b.VfPpkd-ksKsZd-mWPk3d{--mdc-ripple-fg-opacity:var(--mdc-ripple-press-opacity,0.1)}}@media screen and (prefers-color-scheme:dark) and (-ms-high-contrast:active),screen and (prefers-color-scheme:dark) and (forced-colors:active){.jR8x9d .NGdKgb .VfPpkd-StrnGf-rymPhb .VfPpkd-StrnGf-rymPhb-ibnC6b-OWXEXe-OWB6Me .VfPpkd-StrnGf-rymPhb-b9t22c,.jR8x9d .NGdKgb .VfPpkd-StrnGf-rymPhb .VfPpkd-StrnGf-rymPhb-ibnC6b-OWXEXe-OWB6Me .VfPpkd-StrnGf-rymPhb-fpDzbe-fmcmS,.jR8x9d .NGdKgb .VfPpkd-StrnGf-rymPhb .VfPpkd-StrnGf-rymPhb-ibnC6b-OWXEXe-OWB6Me .VfPpkd-StrnGf-rymPhb-L8ivfd-fmcmS{color:GrayText}.jR8x9d .NGdKgb .VfPpkd-StrnGf-rymPhb .VfPpkd-StrnGf-rymPhb-ibnC6b-OWXEXe-OWB6Me .VfPpkd-StrnGf-rymPhb-b9t22c{opacity:1}}@media screen and (prefers-color-scheme:dark){.jR8x9d .NGdKgb .VfPpkd-StrnGf-rymPhb .VfPpkd-BFbNVe-bF1uUb{width:100%;height:100%;top:0;left:0}.jR8x9d .NGdKgb .VfPpkd-StrnGf-rymPhb .VfPpkd-BFbNVe-bF1uUb{opacity:.08}.jR8x9d .DUonjc{background-color:rgb(32,33,36);border-bottom-color:rgb(95,99,104)}.jR8x9d .DUonjc .VfPpkd-WLXbod{background-color:rgb(32,33,36)}.jR8x9d .DUonjc .VfPpkd-Rj7Y9b{color:rgb(232,234,237)}.jR8x9d .DUonjc .VfPpkd-WLXbod{border-bottom-color:rgb(95,99,104)}.jR8x9d .DUonjc .VfPpkd-r7nwK{color:rgb(32,33,36)}.jR8x9d .DUonjc .VfPpkd-r7nwK{background-color:rgb(138,180,248)}.jR8x9d .DUonjc .VfPpkd-LgbsSe:not(:disabled){background-color:transparent}.jR8x9d .DUonjc .VfPpkd-LgbsSe:not(:disabled){color:rgb(138,180,248);color:var(--gm-colortextbutton-ink-color,rgb(138,180,248))}.jR8x9d .DUonjc .VfPpkd-LgbsSe:disabled{color:rgba(232,234,237,.38);color:var(--gm-colortextbutton-disabled-ink-color,rgba(232,234,237,.38))}.jR8x9d .DUonjc .VfPpkd-LgbsSe .VfPpkd-UdE5de-uDEFge .VfPpkd-JGcpL-uI4vCe-LkdAo,.jR8x9d .DUonjc .VfPpkd-LgbsSe .VfPpkd-UdE5de-uDEFge .VfPpkd-JGcpL-IdXvz-LkdAo-Bd00G{stroke:rgb(138,180,248)}}@media screen and (prefers-color-scheme:dark) and (-ms-high-contrast:active),screen and (prefers-color-scheme:dark) and (forced-colors:active){.jR8x9d .DUonjc .VfPpkd-LgbsSe .VfPpkd-UdE5de-uDEFge .VfPpkd-JGcpL-uI4vCe-LkdAo,.jR8x9d .DUonjc .VfPpkd-LgbsSe .VfPpkd-UdE5de-uDEFge .VfPpkd-JGcpL-IdXvz-LkdAo-Bd00G{stroke:CanvasText}}@media screen and (prefers-color-scheme:dark){.jR8x9d .DUonjc .VfPpkd-LgbsSe:hover:not(:disabled),.jR8x9d .DUonjc .VfPpkd-LgbsSe.VfPpkd-ksKsZd-mWPk3d-OWXEXe-AHe6Kc-XpnDCe:not(:disabled),.jR8x9d .DUonjc .VfPpkd-LgbsSe:not(.VfPpkd-ksKsZd-mWPk3d):focus:not(:disabled),.jR8x9d .DUonjc .VfPpkd-LgbsSe:active:not(:disabled){color:rgb(174,203,250);color:var(--gm-colortextbutton-ink-color--stateful,rgb(174,203,250))}.jR8x9d .DUonjc .VfPpkd-LgbsSe .VfPpkd-Jh9lGc::before,.jR8x9d .DUonjc .VfPpkd-LgbsSe .VfPpkd-Jh9lGc::after{background-color:rgb(174,203,250);background-color:var(--gm-colortextbutton-state-color,rgb(174,203,250))}.jR8x9d .DUonjc .VfPpkd-LgbsSe:hover .VfPpkd-Jh9lGc::before,.jR8x9d .DUonjc .VfPpkd-LgbsSe.VfPpkd-ksKsZd-XxIAqe-OWXEXe-ZmdkE .VfPpkd-Jh9lGc::before{opacity:.04;opacity:var(--mdc-ripple-hover-opacity,.04)}.jR8x9d .DUonjc .VfPpkd-LgbsSe.VfPpkd-ksKsZd-mWPk3d-OWXEXe-AHe6Kc-XpnDCe .VfPpkd-Jh9lGc::before,.jR8x9d .DUonjc .VfPpkd-LgbsSe:not(.VfPpkd-ksKsZd-mWPk3d):focus .VfPpkd-Jh9lGc::before{transition-duration:75ms;opacity:.12;opacity:var(--mdc-ripple-focus-opacity,.12)}.jR8x9d .DUonjc .VfPpkd-LgbsSe:not(.VfPpkd-ksKsZd-mWPk3d) .VfPpkd-Jh9lGc::after{transition:opacity .15s linear}.jR8x9d .DUonjc .VfPpkd-LgbsSe:not(.VfPpkd-ksKsZd-mWPk3d):active .VfPpkd-Jh9lGc::after{transition-duration:75ms;opacity:.1;opacity:var(--mdc-ripple-press-opacity,.1)}.jR8x9d .DUonjc .VfPpkd-LgbsSe.VfPpkd-ksKsZd-mWPk3d{--mdc-ripple-fg-opacity:var(--mdc-ripple-press-opacity,0.1)}.jR8x9d .DUonjc .VfPpkd-LgbsSe:disabled:hover .VfPpkd-Jh9lGc::before,.jR8x9d .DUonjc .VfPpkd-LgbsSe:disabled.VfPpkd-ksKsZd-XxIAqe-OWXEXe-ZmdkE .VfPpkd-Jh9lGc::before{opacity:0;opacity:var(--mdc-ripple-hover-opacity,0)}.jR8x9d .DUonjc .VfPpkd-LgbsSe:disabled.VfPpkd-ksKsZd-mWPk3d-OWXEXe-AHe6Kc-XpnDCe .VfPpkd-Jh9lGc::before,.jR8x9d .DUonjc .VfPpkd-LgbsSe:disabled:not(.VfPpkd-ksKsZd-mWPk3d):focus .VfPpkd-Jh9lGc::before{transition-duration:75ms;opacity:0;opacity:var(--mdc-ripple-focus-opacity,0)}.jR8x9d .DUonjc .VfPpkd-LgbsSe:disabled:not(.VfPpkd-ksKsZd-mWPk3d) .VfPpkd-Jh9lGc::after{transition:opacity .15s linear}.jR8x9d .DUonjc .VfPpkd-LgbsSe:disabled:not(.VfPpkd-ksKsZd-mWPk3d):active .VfPpkd-Jh9lGc::after{transition-duration:75ms;opacity:0;opacity:var(--mdc-ripple-press-opacity,0)}.jR8x9d .DUonjc .VfPpkd-LgbsSe:disabled.VfPpkd-ksKsZd-mWPk3d{--mdc-ripple-fg-opacity:var(--mdc-ripple-press-opacity,0)}.jR8x9d .DUonjc .UMrnmb-jsLfKf-JIbuQc{margin-right:8px}.jR8x9d .AjY5Oe{font-family:"Google Sans",Roboto,Arial,sans-serif;font-size:.875rem;letter-spacing:.0107142857em;font-weight:500;text-transform:none;transition:border .28s cubic-bezier(.4,0,.2,1),box-shadow .28s cubic-bezier(.4,0,.2,1);box-shadow:none}.jR8x9d .AjY5Oe .VfPpkd-Jh9lGc{height:100%;position:absolute;overflow:hidden;width:100%;z-index:0}.jR8x9d .AjY5Oe:not(:disabled){background-color:rgb(138,180,248);background-color:var(--gm-fillbutton-container-color,rgb(138,180,248))}.jR8x9d .AjY5Oe:not(:disabled){color:rgb(32,33,36);color:var(--gm-fillbutton-ink-color,rgb(32,33,36))}.jR8x9d .AjY5Oe:disabled{background-color:rgba(232,234,237,.12);background-color:var(--gm-fillbutton-disabled-container-color,rgba(232,234,237,.12))}.jR8x9d .AjY5Oe:disabled{color:rgba(232,234,237,.38);color:var(--gm-fillbutton-disabled-ink-color,rgba(232,234,237,.38))}.jR8x9d .AjY5Oe .VfPpkd-Jh9lGc::before,.jR8x9d .AjY5Oe .VfPpkd-Jh9lGc::after{background-color:#fff;background-color:var(--gm-fillbutton-state-color,#fff)}.jR8x9d .AjY5Oe:hover .VfPpkd-Jh9lGc::before,.jR8x9d .AjY5Oe.VfPpkd-ksKsZd-XxIAqe-OWXEXe-ZmdkE .VfPpkd-Jh9lGc::before{opacity:.16;opacity:var(--mdc-ripple-hover-opacity,.16)}.jR8x9d .AjY5Oe.VfPpkd-ksKsZd-mWPk3d-OWXEXe-AHe6Kc-XpnDCe .VfPpkd-Jh9lGc::before,.jR8x9d .AjY5Oe:not(.VfPpkd-ksKsZd-mWPk3d):focus .VfPpkd-Jh9lGc::before{transition-duration:75ms;opacity:.24;opacity:var(--mdc-ripple-focus-opacity,.24)}.jR8x9d .AjY5Oe:not(.VfPpkd-ksKsZd-mWPk3d) .VfPpkd-Jh9lGc::after{transition:opacity .15s linear}.jR8x9d .AjY5Oe:not(.VfPpkd-ksKsZd-mWPk3d):active .VfPpkd-Jh9lGc::after{transition-duration:75ms;opacity:.2;opacity:var(--mdc-ripple-press-opacity,.2)}.jR8x9d .AjY5Oe.VfPpkd-ksKsZd-mWPk3d{--mdc-ripple-fg-opacity:var(--mdc-ripple-press-opacity,0.2)}.jR8x9d .AjY5Oe .VfPpkd-BFbNVe-bF1uUb{opacity:0}.jR8x9d .AjY5Oe .VfPpkd-UdE5de-uDEFge .VfPpkd-JGcpL-uI4vCe-LkdAo,.jR8x9d .AjY5Oe .VfPpkd-UdE5de-uDEFge .VfPpkd-JGcpL-IdXvz-LkdAo-Bd00G{stroke:rgb(32,33,36)}}@media screen and (prefers-color-scheme:dark) and (-ms-high-contrast:active),screen and (prefers-color-scheme:dark) and (forced-colors:active){.jR8x9d .AjY5Oe .VfPpkd-UdE5de-uDEFge .VfPpkd-JGcpL-uI4vCe-LkdAo,.jR8x9d .AjY5Oe .VfPpkd-UdE5de-uDEFge .VfPpkd-JGcpL-IdXvz-LkdAo-Bd00G{stroke:CanvasText}}@media screen and (prefers-color-scheme:dark){.jR8x9d .AjY5Oe:hover{box-shadow:0 1px 2px 0 rgba(0,0,0,.3),0 1px 3px 1px rgba(0,0,0,.15);box-shadow:0 1px 2px 0 var(--gm-fillbutton-keyshadow-color,rgba(0,0,0,.3)),0 1px 3px 1px var(--gm-fillbutton-ambientshadow-color,rgba(0,0,0,.15))}.jR8x9d .AjY5Oe:hover .VfPpkd-BFbNVe-bF1uUb{opacity:0}.jR8x9d .AjY5Oe:active{box-shadow:0 1px 2px 0 rgba(0,0,0,.3),0 2px 6px 2px rgba(0,0,0,.15);box-shadow:0 1px 2px 0 var(--gm-fillbutton-keyshadow-color,rgba(0,0,0,.3)),0 2px 6px 2px var(--gm-fillbutton-ambientshadow-color,rgba(0,0,0,.15))}.jR8x9d .AjY5Oe:active .VfPpkd-BFbNVe-bF1uUb{opacity:0}.jR8x9d .AjY5Oe:disabled{box-shadow:none}.jR8x9d .AjY5Oe:disabled:hover .VfPpkd-Jh9lGc::before,.jR8x9d .AjY5Oe:disabled.VfPpkd-ksKsZd-XxIAqe-OWXEXe-ZmdkE .VfPpkd-Jh9lGc::before{opacity:0;opacity:var(--mdc-ripple-hover-opacity,0)}.jR8x9d .AjY5Oe:disabled.VfPpkd-ksKsZd-mWPk3d-OWXEXe-AHe6Kc-XpnDCe .VfPpkd-Jh9lGc::before,.jR8x9d .AjY5Oe:disabled:not(.VfPpkd-ksKsZd-mWPk3d):focus .VfPpkd-Jh9lGc::before{transition-duration:75ms;opacity:0;opacity:var(--mdc-ripple-focus-opacity,0)}.jR8x9d .AjY5Oe:disabled:not(.VfPpkd-ksKsZd-mWPk3d) .VfPpkd-Jh9lGc::after{transition:opacity .15s linear}.jR8x9d .AjY5Oe:disabled:not(.VfPpkd-ksKsZd-mWPk3d):active .VfPpkd-Jh9lGc::after{transition-duration:75ms;opacity:0;opacity:var(--mdc-ripple-press-opacity,0)}.jR8x9d .AjY5Oe:disabled.VfPpkd-ksKsZd-mWPk3d{--mdc-ripple-fg-opacity:var(--mdc-ripple-press-opacity,0)}.jR8x9d .AjY5Oe:disabled .VfPpkd-BFbNVe-bF1uUb{opacity:0}.jR8x9d .OLiIxf{font-family:"Google Sans",Roboto,Arial,sans-serif;font-size:.875rem;letter-spacing:.0107142857em;font-weight:500;text-transform:none;transition:border .28s cubic-bezier(.4,0,.2,1),box-shadow .28s cubic-bezier(.4,0,.2,1);box-shadow:none}.jR8x9d .OLiIxf .VfPpkd-Jh9lGc{height:100%;position:absolute;overflow:hidden;width:100%;z-index:0}.jR8x9d .OLiIxf:not(:disabled){color:rgb(138,180,248);color:var(--gm-hairlinebutton-ink-color,rgb(138,180,248))}.jR8x9d .OLiIxf:not(:disabled){border-color:rgb(95,99,104);border-color:var(--gm-hairlinebutton-outline-color,rgb(95,99,104))}.jR8x9d .OLiIxf:not(:disabled):hover{border-color:rgb(95,99,104);border-color:var(--gm-hairlinebutton-outline-color,rgb(95,99,104))}.jR8x9d .OLiIxf:not(:disabled).VfPpkd-ksKsZd-mWPk3d-OWXEXe-AHe6Kc-XpnDCe,.jR8x9d .OLiIxf:not(:disabled):not(.VfPpkd-ksKsZd-mWPk3d):focus{border-color:rgb(174,203,250);border-color:var(--gm-hairlinebutton-outline-color--stateful,rgb(174,203,250))}.jR8x9d .OLiIxf:not(:disabled):active,.jR8x9d .OLiIxf:not(:disabled):focus:active{border-color:rgb(95,99,104);border-color:var(--gm-hairlinebutton-outline-color,rgb(95,99,104))}.jR8x9d .OLiIxf:disabled{color:rgba(232,234,237,.38);color:var(--gm-hairlinebutton-disabled-ink-color,rgba(232,234,237,.38))}.jR8x9d .OLiIxf:disabled{border-color:rgba(232,234,237,.12);border-color:var(--gm-hairlinebutton-disabled-outline-color,rgba(232,234,237,.12))}.jR8x9d .OLiIxf:hover:not(:disabled),.jR8x9d .OLiIxf.VfPpkd-ksKsZd-mWPk3d-OWXEXe-AHe6Kc-XpnDCe:not(:disabled),.jR8x9d .OLiIxf:not(.VfPpkd-ksKsZd-mWPk3d):focus:not(:disabled),.jR8x9d .OLiIxf:active:not(:disabled){color:rgb(174,203,250);color:var(--gm-hairlinebutton-ink-color--stateful,rgb(174,203,250))}.jR8x9d .OLiIxf .VfPpkd-BFbNVe-bF1uUb{opacity:0}.jR8x9d .OLiIxf .VfPpkd-UdE5de-uDEFge .VfPpkd-JGcpL-uI4vCe-LkdAo,.jR8x9d .OLiIxf .VfPpkd-UdE5de-uDEFge .VfPpkd-JGcpL-IdXvz-LkdAo-Bd00G{stroke:rgb(138,180,248)}}@media screen and (prefers-color-scheme:dark) and (-ms-high-contrast:active),screen and (prefers-color-scheme:dark) and (forced-colors:active){.jR8x9d .OLiIxf .VfPpkd-UdE5de-uDEFge .VfPpkd-JGcpL-uI4vCe-LkdAo,.jR8x9d .OLiIxf .VfPpkd-UdE5de-uDEFge .VfPpkd-JGcpL-IdXvz-LkdAo-Bd00G{stroke:CanvasText}}@media screen and (prefers-color-scheme:dark){.jR8x9d .OLiIxf .VfPpkd-Jh9lGc::before,.jR8x9d .OLiIxf .VfPpkd-Jh9lGc::after{background-color:rgb(138,180,248);background-color:var(--gm-hairlinebutton-state-color,rgb(138,180,248))}.jR8x9d .OLiIxf:hover .VfPpkd-Jh9lGc::before,.jR8x9d .OLiIxf.VfPpkd-ksKsZd-XxIAqe-OWXEXe-ZmdkE .VfPpkd-Jh9lGc::before{opacity:.04;opacity:var(--mdc-ripple-hover-opacity,.04)}.jR8x9d .OLiIxf.VfPpkd-ksKsZd-mWPk3d-OWXEXe-AHe6Kc-XpnDCe .VfPpkd-Jh9lGc::before,.jR8x9d .OLiIxf:not(.VfPpkd-ksKsZd-mWPk3d):focus .VfPpkd-Jh9lGc::before{transition-duration:75ms;opacity:.12;opacity:var(--mdc-ripple-focus-opacity,.12)}.jR8x9d .OLiIxf:not(.VfPpkd-ksKsZd-mWPk3d) .VfPpkd-Jh9lGc::after{transition:opacity .15s linear}.jR8x9d .OLiIxf:not(.VfPpkd-ksKsZd-mWPk3d):active .VfPpkd-Jh9lGc::after{transition-duration:75ms;opacity:.1;opacity:var(--mdc-ripple-press-opacity,.1)}.jR8x9d .OLiIxf.VfPpkd-ksKsZd-mWPk3d{--mdc-ripple-fg-opacity:var(--mdc-ripple-press-opacity,0.1)}.jR8x9d .OLiIxf:disabled:hover .VfPpkd-Jh9lGc::before,.jR8x9d .OLiIxf:disabled.VfPpkd-ksKsZd-XxIAqe-OWXEXe-ZmdkE .VfPpkd-Jh9lGc::before{opacity:0;opacity:var(--mdc-ripple-hover-opacity,0)}.jR8x9d .OLiIxf:disabled.VfPpkd-ksKsZd-mWPk3d-OWXEXe-AHe6Kc-XpnDCe .VfPpkd-Jh9lGc::before,.jR8x9d .OLiIxf:disabled:not(.VfPpkd-ksKsZd-mWPk3d):focus .VfPpkd-Jh9lGc::before{transition-duration:75ms;opacity:0;opacity:var(--mdc-ripple-focus-opacity,0)}.jR8x9d .OLiIxf:disabled:not(.VfPpkd-ksKsZd-mWPk3d) .VfPpkd-Jh9lGc::after{transition:opacity .15s linear}.jR8x9d .OLiIxf:disabled:not(.VfPpkd-ksKsZd-mWPk3d):active .VfPpkd-Jh9lGc::after{transition-duration:75ms;opacity:0;opacity:var(--mdc-ripple-press-opacity,0)}.jR8x9d .OLiIxf:disabled.VfPpkd-ksKsZd-mWPk3d{--mdc-ripple-fg-opacity:var(--mdc-ripple-press-opacity,0)}.jR8x9d .MQas1c{font-family:"Google Sans",Roboto,Arial,sans-serif;font-size:.875rem;letter-spacing:.0107142857em;font-weight:500;text-transform:none;transition:border .28s cubic-bezier(.4,0,.2,1),box-shadow .28s cubic-bezier(.4,0,.2,1);border-width:0;box-shadow:0 1px 2px 0 rgba(0,0,0,.3),0 1px 3px 1px rgba(0,0,0,.15);box-shadow:0 1px 2px 0 var(--gm-protectedbutton-keyshadow-color,rgba(0,0,0,.3)),0 1px 3px 1px var(--gm-protectedbutton-ambientshadow-color,rgba(0,0,0,.15))}.jR8x9d .MQas1c .VfPpkd-Jh9lGc{height:100%;position:absolute;overflow:hidden;width:100%;z-index:0}.jR8x9d .MQas1c:not(:disabled){background-color:rgb(32,33,36);background-color:var(--gm-protectedbutton-container-color,rgb(32,33,36))}.jR8x9d .MQas1c:not(:disabled){color:rgb(138,180,248);color:var(--gm-protectedbutton-ink-color,rgb(138,180,248))}.jR8x9d .MQas1c:disabled{background-color:rgba(232,234,237,.12);background-color:var(--gm-protectedbutton-disabled-container-color,rgba(232,234,237,.12))}.jR8x9d .MQas1c:disabled{color:rgba(232,234,237,.38);color:var(--gm-protectedbutton-disabled-ink-color,rgba(232,234,237,.38))}.jR8x9d .MQas1c:hover:not(:disabled),.jR8x9d .MQas1c.VfPpkd-ksKsZd-mWPk3d-OWXEXe-AHe6Kc-XpnDCe:not(:disabled),.jR8x9d .MQas1c:not(.VfPpkd-ksKsZd-mWPk3d):focus:not(:disabled),.jR8x9d .MQas1c:active:not(:disabled){color:rgb(174,203,250);color:var(--gm-protectedbutton-ink-color--stateful,rgb(174,203,250))}.jR8x9d .MQas1c .VfPpkd-BFbNVe-bF1uUb{opacity:.05}.jR8x9d .MQas1c .VfPpkd-UdE5de-uDEFge .VfPpkd-JGcpL-uI4vCe-LkdAo,.jR8x9d .MQas1c .VfPpkd-UdE5de-uDEFge .VfPpkd-JGcpL-IdXvz-LkdAo-Bd00G{stroke:rgb(138,180,248)}}@media screen and (prefers-color-scheme:dark) and (-ms-high-contrast:active),screen and (prefers-color-scheme:dark) and (forced-colors:active){.jR8x9d .MQas1c .VfPpkd-UdE5de-uDEFge .VfPpkd-JGcpL-uI4vCe-LkdAo,.jR8x9d .MQas1c .VfPpkd-UdE5de-uDEFge .VfPpkd-JGcpL-IdXvz-LkdAo-Bd00G{stroke:CanvasText}}@media screen and (prefers-color-scheme:dark){.jR8x9d .MQas1c.VfPpkd-ksKsZd-mWPk3d-OWXEXe-AHe6Kc-XpnDCe,.jR8x9d .MQas1c:not(.VfPpkd-ksKsZd-mWPk3d):focus{border-width:0;box-shadow:0 1px 2px 0 rgba(0,0,0,.3),0 1px 3px 1px rgba(0,0,0,.15);box-shadow:0 1px 2px 0 var(--gm-protectedbutton-keyshadow-color,rgba(0,0,0,.3)),0 1px 3px 1px var(--gm-protectedbutton-ambientshadow-color,rgba(0,0,0,.15))}.jR8x9d .MQas1c.VfPpkd-ksKsZd-mWPk3d-OWXEXe-AHe6Kc-XpnDCe .VfPpkd-BFbNVe-bF1uUb,.jR8x9d .MQas1c:not(.VfPpkd-ksKsZd-mWPk3d):focus .VfPpkd-BFbNVe-bF1uUb{opacity:.05}.jR8x9d .MQas1c:hover{border-width:0;box-shadow:0 1px 2px 0 rgba(0,0,0,.3),0 2px 6px 2px rgba(0,0,0,.15);box-shadow:0 1px 2px 0 var(--gm-protectedbutton-keyshadow-color,rgba(0,0,0,.3)),0 2px 6px 2px var(--gm-protectedbutton-ambientshadow-color,rgba(0,0,0,.15))}.jR8x9d .MQas1c:hover .VfPpkd-BFbNVe-bF1uUb{opacity:.08}.jR8x9d .MQas1c:not(:disabled):active{border-width:0;box-shadow:0 1px 3px 0 rgba(0,0,0,.3),0 4px 8px 3px rgba(0,0,0,.15);box-shadow:0 1px 3px 0 var(--gm-protectedbutton-keyshadow-color,rgba(0,0,0,.3)),0 4px 8px 3px var(--gm-protectedbutton-ambientshadow-color,rgba(0,0,0,.15))}.jR8x9d .MQas1c:not(:disabled):active .VfPpkd-BFbNVe-bF1uUb{opacity:.11}.jR8x9d .MQas1c .VfPpkd-Jh9lGc::before,.jR8x9d .MQas1c .VfPpkd-Jh9lGc::after{background-color:rgb(174,203,250);background-color:var(--gm-protectedbutton-state-color,rgb(174,203,250))}.jR8x9d .MQas1c:hover .VfPpkd-Jh9lGc::before,.jR8x9d .MQas1c.VfPpkd-ksKsZd-XxIAqe-OWXEXe-ZmdkE .VfPpkd-Jh9lGc::before{opacity:.04;opacity:var(--mdc-ripple-hover-opacity,.04)}.jR8x9d .MQas1c.VfPpkd-ksKsZd-mWPk3d-OWXEXe-AHe6Kc-XpnDCe .VfPpkd-Jh9lGc::before,.jR8x9d .MQas1c:not(.VfPpkd-ksKsZd-mWPk3d):focus .VfPpkd-Jh9lGc::before{transition-duration:75ms;opacity:.12;opacity:var(--mdc-ripple-focus-opacity,.12)}.jR8x9d .MQas1c:not(.VfPpkd-ksKsZd-mWPk3d) .VfPpkd-Jh9lGc::after{transition:opacity .15s linear}.jR8x9d .MQas1c:not(.VfPpkd-ksKsZd-mWPk3d):active .VfPpkd-Jh9lGc::after{transition-duration:75ms;opacity:.1;opacity:var(--mdc-ripple-press-opacity,.1)}.jR8x9d .MQas1c.VfPpkd-ksKsZd-mWPk3d{--mdc-ripple-fg-opacity:var(--mdc-ripple-press-opacity,0.1)}.jR8x9d .MQas1c:disabled{border-width:0;box-shadow:0 1px 2px 0 rgba(0,0,0,.3),0 1px 3px 1px rgba(0,0,0,.15);box-shadow:0 1px 2px 0 var(--gm-protectedbutton-keyshadow-color,rgba(0,0,0,.3)),0 1px 3px 1px var(--gm-protectedbutton-ambientshadow-color,rgba(0,0,0,.15))}.jR8x9d .MQas1c:disabled .VfPpkd-BFbNVe-bF1uUb{opacity:.05}.jR8x9d .MQas1c:disabled:hover .VfPpkd-Jh9lGc::before,.jR8x9d .MQas1c:disabled.VfPpkd-ksKsZd-XxIAqe-OWXEXe-ZmdkE .VfPpkd-Jh9lGc::before{opacity:0;opacity:var(--mdc-ripple-hover-opacity,0)}.jR8x9d .MQas1c:disabled.VfPpkd-ksKsZd-mWPk3d-OWXEXe-AHe6Kc-XpnDCe .VfPpkd-Jh9lGc::before,.jR8x9d .MQas1c:disabled:not(.VfPpkd-ksKsZd-mWPk3d):focus .VfPpkd-Jh9lGc::before{transition-duration:75ms;opacity:0;opacity:var(--mdc-ripple-focus-opacity,0)}.jR8x9d .MQas1c:disabled:not(.VfPpkd-ksKsZd-mWPk3d) .VfPpkd-Jh9lGc::after{transition:opacity .15s linear}.jR8x9d .MQas1c:disabled:not(.VfPpkd-ksKsZd-mWPk3d):active .VfPpkd-Jh9lGc::after{transition-duration:75ms;opacity:0;opacity:var(--mdc-ripple-press-opacity,0)}.jR8x9d .MQas1c:disabled.VfPpkd-ksKsZd-mWPk3d{--mdc-ripple-fg-opacity:var(--mdc-ripple-press-opacity,0)}.jR8x9d .C1Uh5b{font-family:"Google Sans",Roboto,Arial,sans-serif;font-size:.875rem;letter-spacing:.0107142857em;font-weight:500;text-transform:none;transition:border .28s cubic-bezier(.4,0,.2,1),box-shadow .28s cubic-bezier(.4,0,.2,1);box-shadow:none}.jR8x9d .C1Uh5b .VfPpkd-Jh9lGc{height:100%;position:absolute;overflow:hidden;width:100%;z-index:0}.jR8x9d .C1Uh5b:not(:disabled){background-color:rgba(138,180,248,.24)}.jR8x9d .C1Uh5b:not(:disabled){color:rgb(210,227,252)}.jR8x9d .C1Uh5b:disabled{background-color:rgba(232,234,237,.12)}.jR8x9d .C1Uh5b:disabled{color:rgba(232,234,237,.38)}.jR8x9d .C1Uh5b:hover:not(:disabled),.jR8x9d .C1Uh5b.VfPpkd-ksKsZd-mWPk3d-OWXEXe-AHe6Kc-XpnDCe:not(:disabled),.jR8x9d .C1Uh5b:not(.VfPpkd-ksKsZd-mWPk3d):focus:not(:disabled),.jR8x9d .C1Uh5b:active:not(:disabled){color:#fff}.jR8x9d .C1Uh5b .VfPpkd-Jh9lGc::before,.jR8x9d .C1Uh5b .VfPpkd-Jh9lGc::after{background-color:#fff;background-color:var(--mdc-ripple-color,#fff)}.jR8x9d .C1Uh5b:hover .VfPpkd-Jh9lGc::before,.jR8x9d .C1Uh5b.VfPpkd-ksKsZd-XxIAqe-OWXEXe-ZmdkE .VfPpkd-Jh9lGc::before{opacity:.04;opacity:var(--mdc-ripple-hover-opacity,.04)}.jR8x9d .C1Uh5b.VfPpkd-ksKsZd-mWPk3d-OWXEXe-AHe6Kc-XpnDCe .VfPpkd-Jh9lGc::before,.jR8x9d .C1Uh5b:not(.VfPpkd-ksKsZd-mWPk3d):focus .VfPpkd-Jh9lGc::before{transition-duration:75ms;opacity:.12;opacity:var(--mdc-ripple-focus-opacity,.12)}.jR8x9d .C1Uh5b:not(.VfPpkd-ksKsZd-mWPk3d) .VfPpkd-Jh9lGc::after{transition:opacity .15s linear}.jR8x9d .C1Uh5b:not(.VfPpkd-ksKsZd-mWPk3d):active .VfPpkd-Jh9lGc::after{transition-duration:75ms;opacity:.1;opacity:var(--mdc-ripple-press-opacity,.1)}.jR8x9d .C1Uh5b.VfPpkd-ksKsZd-mWPk3d{--mdc-ripple-fg-opacity:var(--mdc-ripple-press-opacity,0.1)}.jR8x9d .C1Uh5b .VfPpkd-BFbNVe-bF1uUb{opacity:0}.jR8x9d .C1Uh5b .VfPpkd-UdE5de-uDEFge .VfPpkd-JGcpL-uI4vCe-LkdAo,.jR8x9d .C1Uh5b .VfPpkd-UdE5de-uDEFge .VfPpkd-JGcpL-IdXvz-LkdAo-Bd00G{stroke:rgb(210,227,252)}}@media screen and (prefers-color-scheme:dark) and (-ms-high-contrast:active),screen and (prefers-color-scheme:dark) and (forced-colors:active){.jR8x9d .C1Uh5b .VfPpkd-UdE5de-uDEFge .VfPpkd-JGcpL-uI4vCe-LkdAo,.jR8x9d .C1Uh5b .VfPpkd-UdE5de-uDEFge .VfPpkd-JGcpL-IdXvz-LkdAo-Bd00G{stroke:CanvasText}}@media screen and (prefers-color-scheme:dark){.jR8x9d .C1Uh5b:hover{box-shadow:0 1px 2px 0 rgba(0,0,0,.3),0 1px 3px 1px rgba(0,0,0,.15)}.jR8x9d .C1Uh5b:hover .VfPpkd-BFbNVe-bF1uUb{opacity:0}.jR8x9d .C1Uh5b:not(:disabled):active{box-shadow:0 1px 2px 0 rgba(0,0,0,.3),0 2px 6px 2px rgba(0,0,0,.15)}.jR8x9d .C1Uh5b:not(:disabled):active .VfPpkd-BFbNVe-bF1uUb{opacity:0}.jR8x9d .C1Uh5b:disabled{box-shadow:none}.jR8x9d .C1Uh5b:disabled .VfPpkd-BFbNVe-bF1uUb{opacity:0}.jR8x9d .C1Uh5b:disabled:hover .VfPpkd-Jh9lGc::before,.jR8x9d .C1Uh5b:disabled.VfPpkd-ksKsZd-XxIAqe-OWXEXe-ZmdkE .VfPpkd-Jh9lGc::before{opacity:0;opacity:var(--mdc-ripple-hover-opacity,0)}.jR8x9d .C1Uh5b:disabled.VfPpkd-ksKsZd-mWPk3d-OWXEXe-AHe6Kc-XpnDCe .VfPpkd-Jh9lGc::before,.jR8x9d .C1Uh5b:disabled:not(.VfPpkd-ksKsZd-mWPk3d):focus .VfPpkd-Jh9lGc::before{transition-duration:75ms;opacity:0;opacity:var(--mdc-ripple-focus-opacity,0)}.jR8x9d .C1Uh5b:disabled:not(.VfPpkd-ksKsZd-mWPk3d) .VfPpkd-Jh9lGc::after{transition:opacity .15s linear}.jR8x9d .C1Uh5b:disabled:not(.VfPpkd-ksKsZd-mWPk3d):active .VfPpkd-Jh9lGc::after{transition-duration:75ms;opacity:0;opacity:var(--mdc-ripple-press-opacity,0)}.jR8x9d .C1Uh5b:disabled.VfPpkd-ksKsZd-mWPk3d{--mdc-ripple-fg-opacity:var(--mdc-ripple-press-opacity,0)}.jR8x9d .lKxP2d{font-family:"Google Sans",Roboto,Arial,sans-serif;font-size:.875rem;letter-spacing:.0107142857em;font-weight:500;text-transform:none}.jR8x9d .lKxP2d .VfPpkd-Jh9lGc{height:100%;position:absolute;overflow:hidden;width:100%;z-index:0}.jR8x9d .lKxP2d:not(:disabled){background-color:transparent}.jR8x9d .lKxP2d:not(:disabled){color:rgb(138,180,248);color:var(--gm-colortextbutton-ink-color,rgb(138,180,248))}.jR8x9d .lKxP2d:disabled{color:rgba(232,234,237,.38);color:var(--gm-colortextbutton-disabled-ink-color,rgba(232,234,237,.38))}.jR8x9d .lKxP2d .VfPpkd-UdE5de-uDEFge .VfPpkd-JGcpL-uI4vCe-LkdAo,.jR8x9d .lKxP2d .VfPpkd-UdE5de-uDEFge .VfPpkd-JGcpL-IdXvz-LkdAo-Bd00G{stroke:rgb(138,180,248)}}@media screen and (prefers-color-scheme:dark) and (-ms-high-contrast:active),screen and (prefers-color-scheme:dark) and (forced-colors:active){.jR8x9d .lKxP2d .VfPpkd-UdE5de-uDEFge .VfPpkd-JGcpL-uI4vCe-LkdAo,.jR8x9d .lKxP2d .VfPpkd-UdE5de-uDEFge .VfPpkd-JGcpL-IdXvz-LkdAo-Bd00G{stroke:CanvasText}}@media screen and (prefers-color-scheme:dark){.jR8x9d .lKxP2d:hover:not(:disabled),.jR8x9d .lKxP2d.VfPpkd-ksKsZd-mWPk3d-OWXEXe-AHe6Kc-XpnDCe:not(:disabled),.jR8x9d .lKxP2d:not(.VfPpkd-ksKsZd-mWPk3d):focus:not(:disabled),.jR8x9d .lKxP2d:active:not(:disabled){color:rgb(174,203,250);color:var(--gm-colortextbutton-ink-color--stateful,rgb(174,203,250))}.jR8x9d .lKxP2d .VfPpkd-Jh9lGc::before,.jR8x9d .lKxP2d .VfPpkd-Jh9lGc::after{background-color:rgb(174,203,250);background-color:var(--gm-colortextbutton-state-color,rgb(174,203,250))}.jR8x9d .lKxP2d:hover .VfPpkd-Jh9lGc::before,.jR8x9d .lKxP2d.VfPpkd-ksKsZd-XxIAqe-OWXEXe-ZmdkE .VfPpkd-Jh9lGc::before{opacity:.04;opacity:var(--mdc-ripple-hover-opacity,.04)}.jR8x9d .lKxP2d.VfPpkd-ksKsZd-mWPk3d-OWXEXe-AHe6Kc-XpnDCe .VfPpkd-Jh9lGc::before,.jR8x9d .lKxP2d:not(.VfPpkd-ksKsZd-mWPk3d):focus .VfPpkd-Jh9lGc::before{transition-duration:75ms;opacity:.12;opacity:var(--mdc-ripple-focus-opacity,.12)}.jR8x9d .lKxP2d:not(.VfPpkd-ksKsZd-mWPk3d) .VfPpkd-Jh9lGc::after{transition:opacity .15s linear}.jR8x9d .lKxP2d:not(.VfPpkd-ksKsZd-mWPk3d):active .VfPpkd-Jh9lGc::after{transition-duration:75ms;opacity:.1;opacity:var(--mdc-ripple-press-opacity,.1)}.jR8x9d .lKxP2d.VfPpkd-ksKsZd-mWPk3d{--mdc-ripple-fg-opacity:var(--mdc-ripple-press-opacity,0.1)}.jR8x9d .lKxP2d:disabled:hover .VfPpkd-Jh9lGc::before,.jR8x9d .lKxP2d:disabled.VfPpkd-ksKsZd-XxIAqe-OWXEXe-ZmdkE .VfPpkd-Jh9lGc::before{opacity:0;opacity:var(--mdc-ripple-hover-opacity,0)}.jR8x9d .lKxP2d:disabled.VfPpkd-ksKsZd-mWPk3d-OWXEXe-AHe6Kc-XpnDCe .VfPpkd-Jh9lGc::before,.jR8x9d .lKxP2d:disabled:not(.VfPpkd-ksKsZd-mWPk3d):focus .VfPpkd-Jh9lGc::before{transition-duration:75ms;opacity:0;opacity:var(--mdc-ripple-focus-opacity,0)}.jR8x9d .lKxP2d:disabled:not(.VfPpkd-ksKsZd-mWPk3d) .VfPpkd-Jh9lGc::after{transition:opacity .15s linear}.jR8x9d .lKxP2d:disabled:not(.VfPpkd-ksKsZd-mWPk3d):active .VfPpkd-Jh9lGc::after{transition-duration:75ms;opacity:0;opacity:var(--mdc-ripple-press-opacity,0)}.jR8x9d .lKxP2d:disabled.VfPpkd-ksKsZd-mWPk3d{--mdc-ripple-fg-opacity:var(--mdc-ripple-press-opacity,0)}.jR8x9d .XhPA0b{font-family:"Google Sans",Roboto,Arial,sans-serif;font-size:.875rem;letter-spacing:.0107142857em;font-weight:500;text-transform:none}.jR8x9d .XhPA0b .VfPpkd-Jh9lGc{height:100%;position:absolute;overflow:hidden;width:100%;z-index:0}.jR8x9d .XhPA0b:not(:disabled){color:rgb(232,234,237);color:var(--gm-neutraltextbutton-ink-color,rgb(232,234,237))}.jR8x9d .XhPA0b:disabled{color:rgba(232,234,237,.38);color:var(--gm-neutraltextbutton-disabled-ink-color,rgba(232,234,237,.38))}.jR8x9d .XhPA0b:hover:not(:disabled),.jR8x9d .XhPA0b.VfPpkd-ksKsZd-mWPk3d-OWXEXe-AHe6Kc-XpnDCe:not(:disabled),.jR8x9d .XhPA0b:not(.VfPpkd-ksKsZd-mWPk3d):focus:not(:disabled),.jR8x9d .XhPA0b:active:not(:disabled){color:rgb(248,249,250);color:var(--gm-neutraltextbutton-ink-color--stateful,rgb(248,249,250))}.jR8x9d .XhPA0b .VfPpkd-UdE5de-uDEFge .VfPpkd-JGcpL-uI4vCe-LkdAo,.jR8x9d .XhPA0b .VfPpkd-UdE5de-uDEFge .VfPpkd-JGcpL-IdXvz-LkdAo-Bd00G{stroke:rgb(232,234,237)}}@media screen and (prefers-color-scheme:dark) and (-ms-high-contrast:active),screen and (prefers-color-scheme:dark) and (forced-colors:active){.jR8x9d .XhPA0b .VfPpkd-UdE5de-uDEFge .VfPpkd-JGcpL-uI4vCe-LkdAo,.jR8x9d .XhPA0b .VfPpkd-UdE5de-uDEFge .VfPpkd-JGcpL-IdXvz-LkdAo-Bd00G{stroke:CanvasText}}@media screen and (prefers-color-scheme:dark){.jR8x9d .XhPA0b .VfPpkd-Jh9lGc::before,.jR8x9d .XhPA0b .VfPpkd-Jh9lGc::after{background-color:rgb(232,234,237);background-color:var(--gm-neutraltextbutton-state-color,rgb(232,234,237))}.jR8x9d .XhPA0b:hover .VfPpkd-Jh9lGc::before,.jR8x9d .XhPA0b.VfPpkd-ksKsZd-XxIAqe-OWXEXe-ZmdkE .VfPpkd-Jh9lGc::before{opacity:.04;opacity:var(--mdc-ripple-hover-opacity,.04)}.jR8x9d .XhPA0b.VfPpkd-ksKsZd-mWPk3d-OWXEXe-AHe6Kc-XpnDCe .VfPpkd-Jh9lGc::before,.jR8x9d .XhPA0b:not(.VfPpkd-ksKsZd-mWPk3d):focus .VfPpkd-Jh9lGc::before{transition-duration:75ms;opacity:.12;opacity:var(--mdc-ripple-focus-opacity,.12)}.jR8x9d .XhPA0b:not(.VfPpkd-ksKsZd-mWPk3d) .VfPpkd-Jh9lGc::after{transition:opacity .15s linear}.jR8x9d .XhPA0b:not(.VfPpkd-ksKsZd-mWPk3d):active .VfPpkd-Jh9lGc::after{transition-duration:75ms;opacity:.1;opacity:var(--mdc-ripple-press-opacity,.1)}.jR8x9d .XhPA0b.VfPpkd-ksKsZd-mWPk3d{--mdc-ripple-fg-opacity:var(--mdc-ripple-press-opacity,0.1)}.jR8x9d .XhPA0b:disabled:hover .VfPpkd-Jh9lGc::before,.jR8x9d .XhPA0b:disabled.VfPpkd-ksKsZd-XxIAqe-OWXEXe-ZmdkE .VfPpkd-Jh9lGc::before{opacity:0;opacity:var(--mdc-ripple-hover-opacity,0)}.jR8x9d .XhPA0b:disabled.VfPpkd-ksKsZd-mWPk3d-OWXEXe-AHe6Kc-XpnDCe .VfPpkd-Jh9lGc::before,.jR8x9d .XhPA0b:disabled:not(.VfPpkd-ksKsZd-mWPk3d):focus .VfPpkd-Jh9lGc::before{transition-duration:75ms;opacity:0;opacity:var(--mdc-ripple-focus-opacity,0)}.jR8x9d .XhPA0b:disabled:not(.VfPpkd-ksKsZd-mWPk3d) .VfPpkd-Jh9lGc::after{transition:opacity .15s linear}.jR8x9d .XhPA0b:disabled:not(.VfPpkd-ksKsZd-mWPk3d):active .VfPpkd-Jh9lGc::after{transition-duration:75ms;opacity:0;opacity:var(--mdc-ripple-press-opacity,0)}.jR8x9d .XhPA0b:disabled.VfPpkd-ksKsZd-mWPk3d{--mdc-ripple-fg-opacity:var(--mdc-ripple-press-opacity,0)}.jR8x9d .eT1oJ{z-index:0}.jR8x9d .eT1oJ .VfPpkd-Bz112c-Jh9lGc::before,.jR8x9d .eT1oJ .VfPpkd-Bz112c-Jh9lGc::after{z-index:-1}.jR8x9d .eT1oJ:disabled{color:rgba(232,234,237,.38);color:var(--gm-iconbutton-disabled-ink-color,rgba(232,234,237,.38))}.jR8x9d .eT1oJ .VfPpkd-Bz112c-Jh9lGc::before,.jR8x9d .eT1oJ .VfPpkd-Bz112c-Jh9lGc::after{background-color:rgb(232,234,237);background-color:var(--mdc-ripple-color,rgb(232,234,237))}.jR8x9d .eT1oJ:hover .VfPpkd-Bz112c-Jh9lGc::before,.jR8x9d .eT1oJ.VfPpkd-ksKsZd-XxIAqe-OWXEXe-ZmdkE .VfPpkd-Bz112c-Jh9lGc::before{opacity:.04;opacity:var(--mdc-ripple-hover-opacity,.04)}.jR8x9d .eT1oJ.VfPpkd-ksKsZd-mWPk3d-OWXEXe-AHe6Kc-XpnDCe .VfPpkd-Bz112c-Jh9lGc::before,.jR8x9d .eT1oJ:not(.VfPpkd-ksKsZd-mWPk3d):focus .VfPpkd-Bz112c-Jh9lGc::before{transition-duration:75ms;opacity:.12;opacity:var(--mdc-ripple-focus-opacity,.12)}.jR8x9d .eT1oJ:not(.VfPpkd-ksKsZd-mWPk3d) .VfPpkd-Bz112c-Jh9lGc::after{transition:opacity .15s linear}.jR8x9d .eT1oJ:not(.VfPpkd-ksKsZd-mWPk3d):active .VfPpkd-Bz112c-Jh9lGc::after{transition-duration:75ms;opacity:.1;opacity:var(--mdc-ripple-press-opacity,.1)}.jR8x9d .eT1oJ.VfPpkd-ksKsZd-mWPk3d{--mdc-ripple-fg-opacity:var(--mdc-ripple-press-opacity,0.1)}.jR8x9d .eT1oJ:disabled:hover .VfPpkd-Jh9lGc::before,.jR8x9d .eT1oJ:disabled.VfPpkd-ksKsZd-XxIAqe-OWXEXe-ZmdkE .VfPpkd-Jh9lGc::before{opacity:0;opacity:var(--mdc-ripple-hover-opacity,0)}.jR8x9d .eT1oJ:disabled.VfPpkd-ksKsZd-mWPk3d-OWXEXe-AHe6Kc-XpnDCe .VfPpkd-Jh9lGc::before,.jR8x9d .eT1oJ:disabled:not(.VfPpkd-ksKsZd-mWPk3d):focus .VfPpkd-Jh9lGc::before{transition-duration:75ms;opacity:0;opacity:var(--mdc-ripple-focus-opacity,0)}.jR8x9d .eT1oJ:disabled:not(.VfPpkd-ksKsZd-mWPk3d) .VfPpkd-Jh9lGc::after{transition:opacity .15s linear}.jR8x9d .eT1oJ:disabled:not(.VfPpkd-ksKsZd-mWPk3d):active .VfPpkd-Jh9lGc::after{transition-duration:75ms;opacity:0;opacity:var(--mdc-ripple-press-opacity,0)}.jR8x9d .eT1oJ:disabled.VfPpkd-ksKsZd-mWPk3d{--mdc-ripple-fg-opacity:var(--mdc-ripple-press-opacity,0)}.jR8x9d .tmJved{z-index:0}.jR8x9d .tmJved .VfPpkd-Bz112c-Jh9lGc::before,.jR8x9d .tmJved .VfPpkd-Bz112c-Jh9lGc::after{z-index:-1}.jR8x9d .tmJved:disabled{color:rgba(232,234,237,.38);color:var(--gm-iconbutton-disabled-ink-color,rgba(232,234,237,.38))}.jR8x9d .tmJved .VfPpkd-Bz112c-Jh9lGc::before,.jR8x9d .tmJved .VfPpkd-Bz112c-Jh9lGc::after{background-color:rgb(232,234,237);background-color:var(--mdc-ripple-color,rgb(232,234,237))}.jR8x9d .tmJved:hover .VfPpkd-Bz112c-Jh9lGc::before,.jR8x9d .tmJved.VfPpkd-ksKsZd-XxIAqe-OWXEXe-ZmdkE .VfPpkd-Bz112c-Jh9lGc::before{opacity:.04;opacity:var(--mdc-ripple-hover-opacity,.04)}.jR8x9d .tmJved.VfPpkd-ksKsZd-mWPk3d-OWXEXe-AHe6Kc-XpnDCe .VfPpkd-Bz112c-Jh9lGc::before,.jR8x9d .tmJved:not(.VfPpkd-ksKsZd-mWPk3d):focus .VfPpkd-Bz112c-Jh9lGc::before{transition-duration:75ms;opacity:.12;opacity:var(--mdc-ripple-focus-opacity,.12)}.jR8x9d .tmJved:not(.VfPpkd-ksKsZd-mWPk3d) .VfPpkd-Bz112c-Jh9lGc::after{transition:opacity .15s linear}.jR8x9d .tmJved:not(.VfPpkd-ksKsZd-mWPk3d):active .VfPpkd-Bz112c-Jh9lGc::after{transition-duration:75ms;opacity:.1;opacity:var(--mdc-ripple-press-opacity,.1)}.jR8x9d .tmJved.VfPpkd-ksKsZd-mWPk3d{--mdc-ripple-fg-opacity:var(--mdc-ripple-press-opacity,0.1)}.jR8x9d .tmJved:disabled:hover .VfPpkd-Jh9lGc::before,.jR8x9d .tmJved:disabled.VfPpkd-ksKsZd-XxIAqe-OWXEXe-ZmdkE .VfPpkd-Jh9lGc::before{opacity:0;opacity:var(--mdc-ripple-hover-opacity,0)}.jR8x9d .tmJved:disabled.VfPpkd-ksKsZd-mWPk3d-OWXEXe-AHe6Kc-XpnDCe .VfPpkd-Jh9lGc::before,.jR8x9d .tmJved:disabled:not(.VfPpkd-ksKsZd-mWPk3d):focus .VfPpkd-Jh9lGc::before{transition-duration:75ms;opacity:0;opacity:var(--mdc-ripple-focus-opacity,0)}.jR8x9d .tmJved:disabled:not(.VfPpkd-ksKsZd-mWPk3d) .VfPpkd-Jh9lGc::after{transition:opacity .15s linear}.jR8x9d .tmJved:disabled:not(.VfPpkd-ksKsZd-mWPk3d):active .VfPpkd-Jh9lGc::after{transition-duration:75ms;opacity:0;opacity:var(--mdc-ripple-press-opacity,0)}.jR8x9d .tmJved:disabled.VfPpkd-ksKsZd-mWPk3d{--mdc-ripple-fg-opacity:var(--mdc-ripple-press-opacity,0)}.jR8x9d .AaN0Dd{background-color:rgb(32,33,36);border:1px solid rgb(95,99,104);box-shadow:none}.jR8x9d .AaN0Dd .VfPpkd-BFbNVe-bF1uUb{opacity:0}.jR8x9d .AaN0Dd .VfPpkd-EScbFb-JIbuQc .VfPpkd-FJ5hab::before,.jR8x9d .AaN0Dd .VfPpkd-EScbFb-JIbuQc .VfPpkd-FJ5hab::after{background-color:rgb(232,234,237);background-color:var(--mdc-ripple-color,rgb(232,234,237))}.jR8x9d .AaN0Dd .VfPpkd-EScbFb-JIbuQc:hover .VfPpkd-FJ5hab::before,.jR8x9d .AaN0Dd .VfPpkd-EScbFb-JIbuQc.VfPpkd-ksKsZd-XxIAqe-OWXEXe-ZmdkE .VfPpkd-FJ5hab::before{opacity:.04;opacity:var(--mdc-ripple-hover-opacity,.04)}.jR8x9d .AaN0Dd .VfPpkd-EScbFb-JIbuQc.VfPpkd-ksKsZd-mWPk3d-OWXEXe-AHe6Kc-XpnDCe .VfPpkd-FJ5hab::before,.jR8x9d .AaN0Dd .VfPpkd-EScbFb-JIbuQc:not(.VfPpkd-ksKsZd-mWPk3d):focus .VfPpkd-FJ5hab::before{transition-duration:75ms;opacity:.12;opacity:var(--mdc-ripple-focus-opacity,.12)}.jR8x9d .AaN0Dd .VfPpkd-EScbFb-JIbuQc:not(.VfPpkd-ksKsZd-mWPk3d) .VfPpkd-FJ5hab::after{transition:opacity .15s linear}.jR8x9d .AaN0Dd .VfPpkd-EScbFb-JIbuQc:not(.VfPpkd-ksKsZd-mWPk3d):active .VfPpkd-FJ5hab::after{transition-duration:75ms;opacity:.1;opacity:var(--mdc-ripple-press-opacity,.1)}.jR8x9d .AaN0Dd .VfPpkd-EScbFb-JIbuQc.VfPpkd-ksKsZd-mWPk3d{--mdc-ripple-fg-opacity:var(--mdc-ripple-press-opacity,0.1)}.jR8x9d .AaN0Dd .VfPpkd-gBNGNe{z-index:1}.jR8x9d .BKdRne{background-color:rgb(32,33,36);border-width:0;box-shadow:0 1px 2px 0 rgba(0,0,0,.3),0 1px 3px 1px rgba(0,0,0,.15)}.jR8x9d .BKdRne .VfPpkd-BFbNVe-bF1uUb{opacity:.05}.jR8x9d .BKdRne .VfPpkd-EScbFb-JIbuQc .VfPpkd-FJ5hab::before,.jR8x9d .BKdRne .VfPpkd-EScbFb-JIbuQc .VfPpkd-FJ5hab::after{background-color:rgb(232,234,237);background-color:var(--mdc-ripple-color,rgb(232,234,237))}.jR8x9d .BKdRne .VfPpkd-EScbFb-JIbuQc:hover .VfPpkd-FJ5hab::before,.jR8x9d .BKdRne .VfPpkd-EScbFb-JIbuQc.VfPpkd-ksKsZd-XxIAqe-OWXEXe-ZmdkE .VfPpkd-FJ5hab::before{opacity:.04;opacity:var(--mdc-ripple-hover-opacity,.04)}.jR8x9d .BKdRne .VfPpkd-EScbFb-JIbuQc.VfPpkd-ksKsZd-mWPk3d-OWXEXe-AHe6Kc-XpnDCe .VfPpkd-FJ5hab::before,.jR8x9d .BKdRne .VfPpkd-EScbFb-JIbuQc:not(.VfPpkd-ksKsZd-mWPk3d):focus .VfPpkd-FJ5hab::before{transition-duration:75ms;opacity:.12;opacity:var(--mdc-ripple-focus-opacity,.12)}.jR8x9d .BKdRne .VfPpkd-EScbFb-JIbuQc:not(.VfPpkd-ksKsZd-mWPk3d) .VfPpkd-FJ5hab::after{transition:opacity .15s linear}.jR8x9d .BKdRne .VfPpkd-EScbFb-JIbuQc:not(.VfPpkd-ksKsZd-mWPk3d):active .VfPpkd-FJ5hab::after{transition-duration:75ms;opacity:.1;opacity:var(--mdc-ripple-press-opacity,.1)}.jR8x9d .BKdRne .VfPpkd-EScbFb-JIbuQc.VfPpkd-ksKsZd-mWPk3d{--mdc-ripple-fg-opacity:var(--mdc-ripple-press-opacity,0.1)}.jR8x9d .BKdRne .VfPpkd-gBNGNe{z-index:1}.jR8x9d .swXlm .VfPpkd-muHVFf-bMcfAe[disabled]:not(:checked):not(:indeterminate):not([data-indeterminate=true])~.VfPpkd-YQoJzd{border-color:rgba(232,234,237,.38);border-color:var(--mdc-checkbox-disabled-unselected-icon-color,rgba(232,234,237,.38));background-color:transparent}.jR8x9d .swXlm .VfPpkd-muHVFf-bMcfAe[disabled]:checked~.VfPpkd-YQoJzd,.jR8x9d .swXlm .VfPpkd-muHVFf-bMcfAe[disabled]:indeterminate~.VfPpkd-YQoJzd,.jR8x9d .swXlm .VfPpkd-muHVFf-bMcfAe[data-indeterminate=true][disabled]~.VfPpkd-YQoJzd{border-color:transparent;background-color:rgba(232,234,237,.38);background-color:var(--mdc-checkbox-disabled-selected-icon-color,rgba(232,234,237,.38))}.jR8x9d .swXlm .VfPpkd-muHVFf-bMcfAe:enabled~.VfPpkd-YQoJzd .VfPpkd-HUofsb{color:#202124;color:var(--mdc-checkbox-selected-checkmark-color,#202124)}.jR8x9d .swXlm .VfPpkd-muHVFf-bMcfAe:enabled~.VfPpkd-YQoJzd .VfPpkd-SJnn3d{border-color:#202124;border-color:var(--mdc-checkbox-selected-checkmark-color,#202124)}.jR8x9d .swXlm .VfPpkd-muHVFf-bMcfAe:disabled~.VfPpkd-YQoJzd .VfPpkd-HUofsb{color:#202124;color:var(--mdc-checkbox-disabled-selected-checkmark-color,#202124)}.jR8x9d .swXlm .VfPpkd-muHVFf-bMcfAe:disabled~.VfPpkd-YQoJzd .VfPpkd-SJnn3d{border-color:#202124;border-color:var(--mdc-checkbox-disabled-selected-checkmark-color,#202124)}.jR8x9d .swXlm .VfPpkd-muHVFf-bMcfAe:enabled:not(:checked):not(:indeterminate):not([data-indeterminate=true])~.VfPpkd-YQoJzd{border-color:#9aa0a6;border-color:var(--mdc-checkbox-unselected-icon-color,#9aa0a6);background-color:transparent}.jR8x9d .swXlm .VfPpkd-muHVFf-bMcfAe:enabled:checked~.VfPpkd-YQoJzd,.jR8x9d .swXlm .VfPpkd-muHVFf-bMcfAe:enabled:indeterminate~.VfPpkd-YQoJzd,.jR8x9d .swXlm .VfPpkd-muHVFf-bMcfAe[data-indeterminate=true]:enabled~.VfPpkd-YQoJzd{border-color:#8ab4f8;border-color:var(--mdc-checkbox-selected-icon-color,#8ab4f8);background-color:#8ab4f8;background-color:var(--mdc-checkbox-selected-icon-color,#8ab4f8)}@keyframes mdc-checkbox-fade-in-background-FF9AA0A6FF8AB4F800000000FF8AB4F8{0%{border-color:#9aa0a6;border-color:var(--mdc-checkbox-unselected-icon-color,#9aa0a6);background-color:transparent}50%{border-color:#8ab4f8;border-color:var(--mdc-checkbox-selected-icon-color,#8ab4f8);background-color:#8ab4f8;background-color:var(--mdc-checkbox-selected-icon-color,#8ab4f8)}}@keyframes mdc-checkbox-fade-out-background-FF9AA0A6FF8AB4F800000000FF8AB4F8{0%,80%{border-color:#8ab4f8;border-color:var(--mdc-checkbox-selected-icon-color,#8ab4f8);background-color:#8ab4f8;background-color:var(--mdc-checkbox-selected-icon-color,#8ab4f8)}100%{border-color:#9aa0a6;border-color:var(--mdc-checkbox-unselected-icon-color,#9aa0a6);background-color:transparent}}.jR8x9d .swXlm.VfPpkd-MPu53c-OWXEXe-vwu2ne-iAfbIe-barxie .VfPpkd-muHVFf-bMcfAe:enabled~.VfPpkd-YQoJzd,.jR8x9d .swXlm.VfPpkd-MPu53c-OWXEXe-vwu2ne-iAfbIe-A9y3zc .VfPpkd-muHVFf-bMcfAe:enabled~.VfPpkd-YQoJzd{animation-name:mdc-checkbox-fade-in-background-FF9AA0A6FF8AB4F800000000FF8AB4F8}.jR8x9d .swXlm.VfPpkd-MPu53c-OWXEXe-vwu2ne-barxie-iAfbIe .VfPpkd-muHVFf-bMcfAe:enabled~.VfPpkd-YQoJzd,.jR8x9d .swXlm.VfPpkd-MPu53c-OWXEXe-vwu2ne-A9y3zc-iAfbIe .VfPpkd-muHVFf-bMcfAe:enabled~.VfPpkd-YQoJzd{animation-name:mdc-checkbox-fade-out-background-FF9AA0A6FF8AB4F800000000FF8AB4F8}.jR8x9d .swXlm:hover .VfPpkd-muHVFf-bMcfAe:enabled:not(:checked):not(:indeterminate):not([data-indeterminate=true])~.VfPpkd-YQoJzd{border-color:#f8f9fa;border-color:var(--mdc-checkbox-unselected-hover-icon-color,#f8f9fa);background-color:transparent}.jR8x9d .swXlm:hover .VfPpkd-muHVFf-bMcfAe:enabled:checked~.VfPpkd-YQoJzd,.jR8x9d .swXlm:hover .VfPpkd-muHVFf-bMcfAe:enabled:indeterminate~.VfPpkd-YQoJzd,.jR8x9d .swXlm:hover .VfPpkd-muHVFf-bMcfAe[data-indeterminate=true]:enabled~.VfPpkd-YQoJzd{border-color:#aecbfa;border-color:var(--mdc-checkbox-selected-hover-icon-color,#aecbfa);background-color:#aecbfa;background-color:var(--mdc-checkbox-selected-hover-icon-color,#aecbfa)}.jR8x9d .swXlm:hover.VfPpkd-MPu53c-OWXEXe-vwu2ne-iAfbIe-barxie .VfPpkd-muHVFf-bMcfAe:enabled~.VfPpkd-YQoJzd,.jR8x9d .swXlm:hover.VfPpkd-MPu53c-OWXEXe-vwu2ne-iAfbIe-A9y3zc .VfPpkd-muHVFf-bMcfAe:enabled~.VfPpkd-YQoJzd{animation-name:mdc-checkbox-fade-in-background-FFF8F9FAFFAECBFA00000000FFAECBFA}.jR8x9d .swXlm:hover.VfPpkd-MPu53c-OWXEXe-vwu2ne-barxie-iAfbIe .VfPpkd-muHVFf-bMcfAe:enabled~.VfPpkd-YQoJzd,.jR8x9d .swXlm:hover.VfPpkd-MPu53c-OWXEXe-vwu2ne-A9y3zc-iAfbIe .VfPpkd-muHVFf-bMcfAe:enabled~.VfPpkd-YQoJzd{animation-name:mdc-checkbox-fade-out-background-FFF8F9FAFFAECBFA00000000FFAECBFA}.jR8x9d .swXlm.VfPpkd-ksKsZd-mWPk3d-OWXEXe-AHe6Kc-XpnDCe .VfPpkd-muHVFf-bMcfAe:enabled:not(:checked):not(:indeterminate):not([data-indeterminate=true])~.VfPpkd-YQoJzd,.jR8x9d .swXlm:not(.VfPpkd-ksKsZd-mWPk3d):focus .VfPpkd-muHVFf-bMcfAe:enabled:not(:checked):not(:indeterminate):not([data-indeterminate=true])~.VfPpkd-YQoJzd{border-color:#f8f9fa;border-color:var(--mdc-checkbox-unselected-focus-icon-color,#f8f9fa);background-color:transparent}.jR8x9d .swXlm.VfPpkd-ksKsZd-mWPk3d-OWXEXe-AHe6Kc-XpnDCe .VfPpkd-muHVFf-bMcfAe:enabled:checked~.VfPpkd-YQoJzd,.jR8x9d .swXlm.VfPpkd-ksKsZd-mWPk3d-OWXEXe-AHe6Kc-XpnDCe .VfPpkd-muHVFf-bMcfAe:enabled:indeterminate~.VfPpkd-YQoJzd,.jR8x9d .swXlm.VfPpkd-ksKsZd-mWPk3d-OWXEXe-AHe6Kc-XpnDCe .VfPpkd-muHVFf-bMcfAe[data-indeterminate=true]:enabled~.VfPpkd-YQoJzd,.jR8x9d .swXlm:not(.VfPpkd-ksKsZd-mWPk3d):focus .VfPpkd-muHVFf-bMcfAe:enabled:checked~.VfPpkd-YQoJzd,.jR8x9d .swXlm:not(.VfPpkd-ksKsZd-mWPk3d):focus .VfPpkd-muHVFf-bMcfAe:enabled:indeterminate~.VfPpkd-YQoJzd,.jR8x9d .swXlm:not(.VfPpkd-ksKsZd-mWPk3d):focus .VfPpkd-muHVFf-bMcfAe[data-indeterminate=true]:enabled~.VfPpkd-YQoJzd{border-color:#aecbfa;border-color:var(--mdc-checkbox-selected-focus-icon-color,#aecbfa);background-color:#aecbfa;background-color:var(--mdc-checkbox-selected-focus-icon-color,#aecbfa)}.jR8x9d .swXlm.VfPpkd-ksKsZd-mWPk3d-OWXEXe-AHe6Kc-XpnDCe.VfPpkd-MPu53c-OWXEXe-vwu2ne-iAfbIe-barxie .VfPpkd-muHVFf-bMcfAe:enabled~.VfPpkd-YQoJzd,.jR8x9d .swXlm.VfPpkd-ksKsZd-mWPk3d-OWXEXe-AHe6Kc-XpnDCe.VfPpkd-MPu53c-OWXEXe-vwu2ne-iAfbIe-A9y3zc .VfPpkd-muHVFf-bMcfAe:enabled~.VfPpkd-YQoJzd,.jR8x9d .swXlm:not(.VfPpkd-ksKsZd-mWPk3d):focus.VfPpkd-MPu53c-OWXEXe-vwu2ne-iAfbIe-barxie .VfPpkd-muHVFf-bMcfAe:enabled~.VfPpkd-YQoJzd,.jR8x9d .swXlm:not(.VfPpkd-ksKsZd-mWPk3d):focus.VfPpkd-MPu53c-OWXEXe-vwu2ne-iAfbIe-A9y3zc .VfPpkd-muHVFf-bMcfAe:enabled~.VfPpkd-YQoJzd{animation-name:mdc-checkbox-fade-in-background-FFF8F9FAFFAECBFA00000000FFAECBFA}.jR8x9d .swXlm.VfPpkd-ksKsZd-mWPk3d-OWXEXe-AHe6Kc-XpnDCe.VfPpkd-MPu53c-OWXEXe-vwu2ne-barxie-iAfbIe .VfPpkd-muHVFf-bMcfAe:enabled~.VfPpkd-YQoJzd,.jR8x9d .swXlm.VfPpkd-ksKsZd-mWPk3d-OWXEXe-AHe6Kc-XpnDCe.VfPpkd-MPu53c-OWXEXe-vwu2ne-A9y3zc-iAfbIe .VfPpkd-muHVFf-bMcfAe:enabled~.VfPpkd-YQoJzd,.jR8x9d .swXlm:not(.VfPpkd-ksKsZd-mWPk3d):focus.VfPpkd-MPu53c-OWXEXe-vwu2ne-barxie-iAfbIe .VfPpkd-muHVFf-bMcfAe:enabled~.VfPpkd-YQoJzd,.jR8x9d .swXlm:not(.VfPpkd-ksKsZd-mWPk3d):focus.VfPpkd-MPu53c-OWXEXe-vwu2ne-A9y3zc-iAfbIe .VfPpkd-muHVFf-bMcfAe:enabled~.VfPpkd-YQoJzd{animation-name:mdc-checkbox-fade-out-background-FFF8F9FAFFAECBFA00000000FFAECBFA}.jR8x9d .swXlm:not(:disabled):active .VfPpkd-muHVFf-bMcfAe:enabled:not(:checked):not(:indeterminate):not([data-indeterminate=true])~.VfPpkd-YQoJzd{border-color:#f8f9fa;border-color:var(--mdc-checkbox-unselected-pressed-icon-color,#f8f9fa);background-color:transparent}.jR8x9d .swXlm:not(:disabled):active .VfPpkd-muHVFf-bMcfAe:enabled:checked~.VfPpkd-YQoJzd,.jR8x9d .swXlm:not(:disabled):active .VfPpkd-muHVFf-bMcfAe:enabled:indeterminate~.VfPpkd-YQoJzd,.jR8x9d .swXlm:not(:disabled):active .VfPpkd-muHVFf-bMcfAe[data-indeterminate=true]:enabled~.VfPpkd-YQoJzd{border-color:#aecbfa;border-color:var(--mdc-checkbox-selected-pressed-icon-color,#aecbfa);background-color:#aecbfa;background-color:var(--mdc-checkbox-selected-pressed-icon-color,#aecbfa)}@keyframes mdc-checkbox-fade-in-background-FFF8F9FAFFAECBFA00000000FFAECBFA{0%{border-color:#f8f9fa;border-color:var(--mdc-checkbox-unselected-pressed-icon-color,#f8f9fa);background-color:transparent}50%{border-color:#aecbfa;border-color:var(--mdc-checkbox-selected-pressed-icon-color,#aecbfa);background-color:#aecbfa;background-color:var(--mdc-checkbox-selected-pressed-icon-color,#aecbfa)}}@keyframes mdc-checkbox-fade-out-background-FFF8F9FAFFAECBFA00000000FFAECBFA{0%,80%{border-color:#aecbfa;border-color:var(--mdc-checkbox-selected-pressed-icon-color,#aecbfa);background-color:#aecbfa;background-color:var(--mdc-checkbox-selected-pressed-icon-color,#aecbfa)}100%{border-color:#f8f9fa;border-color:var(--mdc-checkbox-unselected-pressed-icon-color,#f8f9fa);background-color:transparent}}.jR8x9d .swXlm:not(:disabled):active.VfPpkd-MPu53c-OWXEXe-vwu2ne-iAfbIe-barxie .VfPpkd-muHVFf-bMcfAe:enabled~.VfPpkd-YQoJzd,.jR8x9d .swXlm:not(:disabled):active.VfPpkd-MPu53c-OWXEXe-vwu2ne-iAfbIe-A9y3zc .VfPpkd-muHVFf-bMcfAe:enabled~.VfPpkd-YQoJzd{animation-name:mdc-checkbox-fade-in-background-FFF8F9FAFFAECBFA00000000FFAECBFA}.jR8x9d .swXlm:not(:disabled):active.VfPpkd-MPu53c-OWXEXe-vwu2ne-barxie-iAfbIe .VfPpkd-muHVFf-bMcfAe:enabled~.VfPpkd-YQoJzd,.jR8x9d .swXlm:not(:disabled):active.VfPpkd-MPu53c-OWXEXe-vwu2ne-A9y3zc-iAfbIe .VfPpkd-muHVFf-bMcfAe:enabled~.VfPpkd-YQoJzd{animation-name:mdc-checkbox-fade-out-background-FFF8F9FAFFAECBFA00000000FFAECBFA}.jR8x9d .swXlm .VfPpkd-OYHm6b::before,.jR8x9d .swXlm .VfPpkd-OYHm6b::after{background-color:#e8eaed;background-color:var(--mdc-checkbox-unselected-hover-state-layer-color,#e8eaed)}.jR8x9d .swXlm:hover .VfPpkd-OYHm6b::before,.jR8x9d .swXlm.VfPpkd-ksKsZd-XxIAqe-OWXEXe-ZmdkE .VfPpkd-OYHm6b::before{opacity:.04;opacity:var(--mdc-checkbox-unselected-hover-state-layer-opacity,.04)}.jR8x9d .swXlm.VfPpkd-ksKsZd-mWPk3d-OWXEXe-AHe6Kc-XpnDCe .VfPpkd-OYHm6b::before,.jR8x9d .swXlm:not(.VfPpkd-ksKsZd-mWPk3d):focus .VfPpkd-OYHm6b::before{transition-duration:75ms;opacity:.12;opacity:var(--mdc-checkbox-unselected-focus-state-layer-opacity,.12)}.jR8x9d .swXlm:not(.VfPpkd-ksKsZd-mWPk3d) .VfPpkd-OYHm6b::after{transition:opacity .15s linear}.jR8x9d .swXlm:not(.VfPpkd-ksKsZd-mWPk3d):active .VfPpkd-OYHm6b::after{transition-duration:75ms;opacity:.1;opacity:var(--mdc-checkbox-unselected-pressed-state-layer-opacity,.1)}.jR8x9d .swXlm.VfPpkd-ksKsZd-mWPk3d{--mdc-ripple-fg-opacity:var(--mdc-checkbox-unselected-pressed-state-layer-opacity,0.1)}.jR8x9d .swXlm .VfPpkd-OYHm6b::before{background-color:#e8eaed;background-color:var(--mdc-checkbox-unselected-hover-state-layer-color,#e8eaed)}.jR8x9d .swXlm .VfPpkd-OYHm6b::after{background-color:#8ab4f8;background-color:var(--mdc-checkbox-unselected-pressed-state-layer-color,#8ab4f8)}.jR8x9d .swXlm.VfPpkd-MPu53c-OWXEXe-gk6SMd .VfPpkd-OYHm6b::before,.jR8x9d .swXlm.VfPpkd-MPu53c-OWXEXe-gk6SMd .VfPpkd-OYHm6b::after{background-color:#8ab4f8;background-color:var(--mdc-checkbox-selected-hover-state-layer-color,#8ab4f8)}.jR8x9d .swXlm.VfPpkd-MPu53c-OWXEXe-gk6SMd:hover .VfPpkd-OYHm6b::before,.jR8x9d .swXlm.VfPpkd-MPu53c-OWXEXe-gk6SMd.VfPpkd-ksKsZd-XxIAqe-OWXEXe-ZmdkE .VfPpkd-OYHm6b::before{opacity:.04;opacity:var(--mdc-checkbox-selected-hover-state-layer-opacity,.04)}.jR8x9d .swXlm.VfPpkd-MPu53c-OWXEXe-gk6SMd.VfPpkd-ksKsZd-mWPk3d-OWXEXe-AHe6Kc-XpnDCe .VfPpkd-OYHm6b::before,.jR8x9d .swXlm.VfPpkd-MPu53c-OWXEXe-gk6SMd:not(.VfPpkd-ksKsZd-mWPk3d):focus .VfPpkd-OYHm6b::before{transition-duration:75ms;opacity:.12;opacity:var(--mdc-checkbox-selected-focus-state-layer-opacity,.12)}.jR8x9d .swXlm.VfPpkd-MPu53c-OWXEXe-gk6SMd:not(.VfPpkd-ksKsZd-mWPk3d) .VfPpkd-OYHm6b::after{transition:opacity .15s linear}.jR8x9d .swXlm.VfPpkd-MPu53c-OWXEXe-gk6SMd:not(.VfPpkd-ksKsZd-mWPk3d):active .VfPpkd-OYHm6b::after{transition-duration:75ms;opacity:.1;opacity:var(--mdc-checkbox-selected-pressed-state-layer-opacity,.1)}.jR8x9d .swXlm.VfPpkd-MPu53c-OWXEXe-gk6SMd.VfPpkd-ksKsZd-mWPk3d{--mdc-ripple-fg-opacity:var(--mdc-checkbox-selected-pressed-state-layer-opacity,0.1)}.jR8x9d .swXlm.VfPpkd-ksKsZd-mWPk3d-OWXEXe-AHe6Kc-XpnDCe.VfPpkd-MPu53c-OWXEXe-gk6SMd .VfPpkd-OYHm6b::before,.jR8x9d .swXlm.VfPpkd-ksKsZd-mWPk3d-OWXEXe-AHe6Kc-XpnDCe.VfPpkd-MPu53c-OWXEXe-gk6SMd .VfPpkd-OYHm6b::after{background-color:#8ab4f8;background-color:var(--mdc-checkbox-selected-hover-state-layer-color,#8ab4f8)}}@media screen and (prefers-color-scheme:dark) and (forced-colors:active){.jR8x9d .swXlm .VfPpkd-muHVFf-bMcfAe[disabled]:not(:checked):not(:indeterminate):not([data-indeterminate=true])~.VfPpkd-YQoJzd{border-color:GrayText;border-color:var(--mdc-checkbox-disabled-unselected-icon-color,GrayText);background-color:transparent}.jR8x9d .swXlm .VfPpkd-muHVFf-bMcfAe[disabled]:checked~.VfPpkd-YQoJzd,.jR8x9d .swXlm .VfPpkd-muHVFf-bMcfAe[disabled]:indeterminate~.VfPpkd-YQoJzd,.jR8x9d .swXlm .VfPpkd-muHVFf-bMcfAe[data-indeterminate=true][disabled]~.VfPpkd-YQoJzd{border-color:GrayText;background-color:GrayText;background-color:var(--mdc-checkbox-disabled-selected-icon-color,GrayText)}.jR8x9d .swXlm .VfPpkd-muHVFf-bMcfAe:enabled~.VfPpkd-YQoJzd .VfPpkd-HUofsb{color:ButtonText;color:var(--mdc-checkbox-selected-checkmark-color,ButtonText)}.jR8x9d .swXlm .VfPpkd-muHVFf-bMcfAe:enabled~.VfPpkd-YQoJzd .VfPpkd-SJnn3d{border-color:ButtonText;border-color:var(--mdc-checkbox-selected-checkmark-color,ButtonText)}.jR8x9d .swXlm .VfPpkd-muHVFf-bMcfAe:disabled~.VfPpkd-YQoJzd .VfPpkd-HUofsb{color:ButtonFace;color:var(--mdc-checkbox-disabled-selected-checkmark-color,ButtonFace)}.jR8x9d .swXlm .VfPpkd-muHVFf-bMcfAe:disabled~.VfPpkd-YQoJzd .VfPpkd-SJnn3d{border-color:ButtonFace;border-color:var(--mdc-checkbox-disabled-selected-checkmark-color,ButtonFace)}}@media screen and (prefers-color-scheme:dark){.jR8x9d .MhRzze{font-family:"Google Sans",Roboto,Arial,sans-serif;line-height:1.25rem;font-size:.875rem;letter-spacing:.0178571429em;font-weight:500;transition:box-shadow .28s cubic-bezier(.4,0,.2,1);z-index:0;color:rgb(154,160,166);color:var(--gm-chip-ink-color,rgb(154,160,166))}.jR8x9d .MhRzze.VfPpkd-XPtOyb-OWXEXe-SNIJTd{transition:box-shadow .28s cubic-bezier(.4,0,.2,1),opacity 75ms cubic-bezier(.4,0,.2,1),width .15s cubic-bezier(0,0,.2,1),padding .1s linear,margin .1s linear}.jR8x9d .MhRzze .VfPpkd-v1cqY::before,.jR8x9d .MhRzze .VfPpkd-v1cqY::after{z-index:-1}.jR8x9d .MhRzze .VfPpkd-Zr1Nwf-OWXEXe-M1Soyc{color:#9aa0a6}.jR8x9d .MhRzze .VfPpkd-StrnGf-XPtOyb-UbuQg-JIbuQc{color:rgb(154,160,166);color:var(--gm-chip-ink-color,rgb(154,160,166))}.jR8x9d .MhRzze .VfPpkd-Zr1Nwf-OWXEXe-UbuQg{color:#9aa0a6}.jR8x9d .MhRzze .VfPpkd-Zr1Nwf-OWXEXe-UbuQg:hover{color:#9aa0a6}.jR8x9d .MhRzze .VfPpkd-Zr1Nwf-OWXEXe-UbuQg:focus{color:#9aa0a6}.jR8x9d .MhRzze .VfPpkd-PvL5qd-Jt5cK{stroke:rgb(154,160,166);stroke:var(--gm-chip-ink-color,rgb(154,160,166))}.jR8x9d .MhRzze:hover,.jR8x9d .MhRzze.VfPpkd-ksKsZd-mWPk3d-OWXEXe-AHe6Kc-XpnDCe,.jR8x9d .MhRzze:not(.VfPpkd-ksKsZd-mWPk3d):focus,.jR8x9d .MhRzze:active{color:rgb(232,234,237);color:var(--gm-chip-ink-color--stateful,rgb(232,234,237))}.jR8x9d .MhRzze:hover .VfPpkd-Zr1Nwf-OWXEXe-M1Soyc,.jR8x9d .MhRzze.VfPpkd-ksKsZd-mWPk3d-OWXEXe-AHe6Kc-XpnDCe .VfPpkd-Zr1Nwf-OWXEXe-M1Soyc,.jR8x9d .MhRzze:not(.VfPpkd-ksKsZd-mWPk3d):focus .VfPpkd-Zr1Nwf-OWXEXe-M1Soyc,.jR8x9d .MhRzze:active .VfPpkd-Zr1Nwf-OWXEXe-M1Soyc{color:#e8eaed}.jR8x9d .MhRzze:hover .VfPpkd-StrnGf-XPtOyb-UbuQg-JIbuQc,.jR8x9d .MhRzze.VfPpkd-ksKsZd-mWPk3d-OWXEXe-AHe6Kc-XpnDCe .VfPpkd-StrnGf-XPtOyb-UbuQg-JIbuQc,.jR8x9d .MhRzze:not(.VfPpkd-ksKsZd-mWPk3d):focus .VfPpkd-StrnGf-XPtOyb-UbuQg-JIbuQc,.jR8x9d .MhRzze:active .VfPpkd-StrnGf-XPtOyb-UbuQg-JIbuQc{color:rgb(232,234,237);color:var(--gm-chip-ink-color--stateful,rgb(232,234,237))}.jR8x9d .MhRzze:hover .VfPpkd-Zr1Nwf-OWXEXe-UbuQg,.jR8x9d .MhRzze.VfPpkd-ksKsZd-mWPk3d-OWXEXe-AHe6Kc-XpnDCe .VfPpkd-Zr1Nwf-OWXEXe-UbuQg,.jR8x9d .MhRzze:not(.VfPpkd-ksKsZd-mWPk3d):focus .VfPpkd-Zr1Nwf-OWXEXe-UbuQg,.jR8x9d .MhRzze:active .VfPpkd-Zr1Nwf-OWXEXe-UbuQg{color:#e8eaed}.jR8x9d .MhRzze:hover .VfPpkd-Zr1Nwf-OWXEXe-UbuQg:hover,.jR8x9d .MhRzze.VfPpkd-ksKsZd-mWPk3d-OWXEXe-AHe6Kc-XpnDCe .VfPpkd-Zr1Nwf-OWXEXe-UbuQg:hover,.jR8x9d .MhRzze:not(.VfPpkd-ksKsZd-mWPk3d):focus .VfPpkd-Zr1Nwf-OWXEXe-UbuQg:hover,.jR8x9d .MhRzze:active .VfPpkd-Zr1Nwf-OWXEXe-UbuQg:hover{color:#e8eaed}.jR8x9d .MhRzze:hover .VfPpkd-Zr1Nwf-OWXEXe-UbuQg:focus,.jR8x9d .MhRzze.VfPpkd-ksKsZd-mWPk3d-OWXEXe-AHe6Kc-XpnDCe .VfPpkd-Zr1Nwf-OWXEXe-UbuQg:focus,.jR8x9d .MhRzze:not(.VfPpkd-ksKsZd-mWPk3d):focus .VfPpkd-Zr1Nwf-OWXEXe-UbuQg:focus,.jR8x9d .MhRzze:active .VfPpkd-Zr1Nwf-OWXEXe-UbuQg:focus{color:#e8eaed}.jR8x9d .MhRzze:hover .VfPpkd-PvL5qd-Jt5cK,.jR8x9d .MhRzze.VfPpkd-ksKsZd-mWPk3d-OWXEXe-AHe6Kc-XpnDCe .VfPpkd-PvL5qd-Jt5cK,.jR8x9d .MhRzze:not(.VfPpkd-ksKsZd-mWPk3d):focus .VfPpkd-PvL5qd-Jt5cK,.jR8x9d .MhRzze:active .VfPpkd-PvL5qd-Jt5cK{stroke:rgb(232,234,237);stroke:var(--gm-chip-ink-color--stateful,rgb(232,234,237))}.jR8x9d .MhRzze.ALA4kc.VfPpkd-XPtOyb-OWXEXe-gk6SMd{background-color:rgba(138,180,248,.24);background-color:var(--gm-chip-container-color,rgba(138,180,248,.24));color:rgb(210,227,252);color:var(--gm-chip-ink-color,rgb(210,227,252));border-color:transparent;border-color:var(--gm-chip-outline-color--stateful,transparent)}.jR8x9d .MhRzze.ALA4kc.VfPpkd-XPtOyb-OWXEXe-gk6SMd .VfPpkd-Zr1Nwf-OWXEXe-M1Soyc{color:#d2e3fc}.jR8x9d .MhRzze.ALA4kc.VfPpkd-XPtOyb-OWXEXe-gk6SMd .VfPpkd-StrnGf-XPtOyb-UbuQg-JIbuQc{color:rgb(210,227,252);color:var(--gm-chip-ink-color,rgb(210,227,252))}.jR8x9d .MhRzze.ALA4kc.VfPpkd-XPtOyb-OWXEXe-gk6SMd .VfPpkd-Zr1Nwf-OWXEXe-UbuQg{color:#d2e3fc}.jR8x9d .MhRzze.ALA4kc.VfPpkd-XPtOyb-OWXEXe-gk6SMd .VfPpkd-Zr1Nwf-OWXEXe-UbuQg:hover{color:#d2e3fc}.jR8x9d .MhRzze.ALA4kc.VfPpkd-XPtOyb-OWXEXe-gk6SMd .VfPpkd-Zr1Nwf-OWXEXe-UbuQg:focus{color:#d2e3fc}.jR8x9d .MhRzze.ALA4kc.VfPpkd-XPtOyb-OWXEXe-gk6SMd .VfPpkd-PvL5qd-Jt5cK{stroke:rgb(210,227,252);stroke:var(--gm-chip-ink-color,rgb(210,227,252))}.jR8x9d .MhRzze.ALA4kc.VfPpkd-XPtOyb-OWXEXe-gk6SMd:hover,.jR8x9d .MhRzze.ALA4kc.VfPpkd-XPtOyb-OWXEXe-gk6SMd.VfPpkd-ksKsZd-mWPk3d-OWXEXe-AHe6Kc-XpnDCe,.jR8x9d .MhRzze.ALA4kc.VfPpkd-XPtOyb-OWXEXe-gk6SMd:not(.VfPpkd-ksKsZd-mWPk3d):focus,.jR8x9d .MhRzze.ALA4kc.VfPpkd-XPtOyb-OWXEXe-gk6SMd:active{color:#fff;color:var(--gm-chip-ink-color--stateful,#fff)}.jR8x9d .MhRzze.ALA4kc.VfPpkd-XPtOyb-OWXEXe-gk6SMd:hover .VfPpkd-Zr1Nwf-OWXEXe-M1Soyc,.jR8x9d .MhRzze.ALA4kc.VfPpkd-XPtOyb-OWXEXe-gk6SMd.VfPpkd-ksKsZd-mWPk3d-OWXEXe-AHe6Kc-XpnDCe .VfPpkd-Zr1Nwf-OWXEXe-M1Soyc,.jR8x9d .MhRzze.ALA4kc.VfPpkd-XPtOyb-OWXEXe-gk6SMd:not(.VfPpkd-ksKsZd-mWPk3d):focus .VfPpkd-Zr1Nwf-OWXEXe-M1Soyc,.jR8x9d .MhRzze.ALA4kc.VfPpkd-XPtOyb-OWXEXe-gk6SMd:active .VfPpkd-Zr1Nwf-OWXEXe-M1Soyc{color:white}.jR8x9d .MhRzze.ALA4kc.VfPpkd-XPtOyb-OWXEXe-gk6SMd:hover .VfPpkd-StrnGf-XPtOyb-UbuQg-JIbuQc,.jR8x9d .MhRzze.ALA4kc.VfPpkd-XPtOyb-OWXEXe-gk6SMd.VfPpkd-ksKsZd-mWPk3d-OWXEXe-AHe6Kc-XpnDCe .VfPpkd-StrnGf-XPtOyb-UbuQg-JIbuQc,.jR8x9d .MhRzze.ALA4kc.VfPpkd-XPtOyb-OWXEXe-gk6SMd:not(.VfPpkd-ksKsZd-mWPk3d):focus .VfPpkd-StrnGf-XPtOyb-UbuQg-JIbuQc,.jR8x9d .MhRzze.ALA4kc.VfPpkd-XPtOyb-OWXEXe-gk6SMd:active .VfPpkd-StrnGf-XPtOyb-UbuQg-JIbuQc{color:#fff;color:var(--gm-chip-ink-color--stateful,#fff)}.jR8x9d .MhRzze.ALA4kc.VfPpkd-XPtOyb-OWXEXe-gk6SMd:hover .VfPpkd-Zr1Nwf-OWXEXe-UbuQg,.jR8x9d .MhRzze.ALA4kc.VfPpkd-XPtOyb-OWXEXe-gk6SMd.VfPpkd-ksKsZd-mWPk3d-OWXEXe-AHe6Kc-XpnDCe .VfPpkd-Zr1Nwf-OWXEXe-UbuQg,.jR8x9d .MhRzze.ALA4kc.VfPpkd-XPtOyb-OWXEXe-gk6SMd:not(.VfPpkd-ksKsZd-mWPk3d):focus .VfPpkd-Zr1Nwf-OWXEXe-UbuQg,.jR8x9d .MhRzze.ALA4kc.VfPpkd-XPtOyb-OWXEXe-gk6SMd:active .VfPpkd-Zr1Nwf-OWXEXe-UbuQg{color:white}.jR8x9d .MhRzze.ALA4kc.VfPpkd-XPtOyb-OWXEXe-gk6SMd:hover .VfPpkd-Zr1Nwf-OWXEXe-UbuQg:hover,.jR8x9d .MhRzze.ALA4kc.VfPpkd-XPtOyb-OWXEXe-gk6SMd.VfPpkd-ksKsZd-mWPk3d-OWXEXe-AHe6Kc-XpnDCe .VfPpkd-Zr1Nwf-OWXEXe-UbuQg:hover,.jR8x9d .MhRzze.ALA4kc.VfPpkd-XPtOyb-OWXEXe-gk6SMd:not(.VfPpkd-ksKsZd-mWPk3d):focus .VfPpkd-Zr1Nwf-OWXEXe-UbuQg:hover,.jR8x9d .MhRzze.ALA4kc.VfPpkd-XPtOyb-OWXEXe-gk6SMd:active .VfPpkd-Zr1Nwf-OWXEXe-UbuQg:hover{color:white}.jR8x9d .MhRzze.ALA4kc.VfPpkd-XPtOyb-OWXEXe-gk6SMd:hover .VfPpkd-Zr1Nwf-OWXEXe-UbuQg:focus,.jR8x9d .MhRzze.ALA4kc.VfPpkd-XPtOyb-OWXEXe-gk6SMd.VfPpkd-ksKsZd-mWPk3d-OWXEXe-AHe6Kc-XpnDCe .VfPpkd-Zr1Nwf-OWXEXe-UbuQg:focus,.jR8x9d .MhRzze.ALA4kc.VfPpkd-XPtOyb-OWXEXe-gk6SMd:not(.VfPpkd-ksKsZd-mWPk3d):focus .VfPpkd-Zr1Nwf-OWXEXe-UbuQg:focus,.jR8x9d .MhRzze.ALA4kc.VfPpkd-XPtOyb-OWXEXe-gk6SMd:active .VfPpkd-Zr1Nwf-OWXEXe-UbuQg:focus{color:white}.jR8x9d .MhRzze.ALA4kc.VfPpkd-XPtOyb-OWXEXe-gk6SMd:hover .VfPpkd-PvL5qd-Jt5cK,.jR8x9d .MhRzze.ALA4kc.VfPpkd-XPtOyb-OWXEXe-gk6SMd.VfPpkd-ksKsZd-mWPk3d-OWXEXe-AHe6Kc-XpnDCe .VfPpkd-PvL5qd-Jt5cK,.jR8x9d .MhRzze.ALA4kc.VfPpkd-XPtOyb-OWXEXe-gk6SMd:not(.VfPpkd-ksKsZd-mWPk3d):focus .VfPpkd-PvL5qd-Jt5cK,.jR8x9d .MhRzze.ALA4kc.VfPpkd-XPtOyb-OWXEXe-gk6SMd:active .VfPpkd-PvL5qd-Jt5cK{stroke:#fff;stroke:var(--gm-chip-ink-color--stateful,#fff)}.jR8x9d .MhRzze.ALA4kc.VfPpkd-XPtOyb-OWXEXe-gk6SMd .VfPpkd-BFbNVe-bF1uUb{opacity:0}.jR8x9d .MhRzze.ALA4kc.VfPpkd-XPtOyb-OWXEXe-gk6SMd .VfPpkd-v1cqY::before,.jR8x9d .MhRzze.ALA4kc.VfPpkd-XPtOyb-OWXEXe-gk6SMd .VfPpkd-v1cqY::after{background-color:rgb(210,227,252);background-color:var(--gm-chip-state-color,rgb(210,227,252))}.jR8x9d .MhRzze.ALA4kc.VfPpkd-XPtOyb-OWXEXe-gk6SMd:hover .VfPpkd-v1cqY::before,.jR8x9d .MhRzze.ALA4kc.VfPpkd-XPtOyb-OWXEXe-gk6SMd.VfPpkd-ksKsZd-XxIAqe-OWXEXe-ZmdkE .VfPpkd-v1cqY::before{opacity:.04;opacity:var(--mdc-ripple-hover-opacity,.04)}.jR8x9d .MhRzze.ALA4kc.VfPpkd-XPtOyb-OWXEXe-gk6SMd.VfPpkd-ksKsZd-mWPk3d-OWXEXe-AHe6Kc-XpnDCe .VfPpkd-v1cqY::before,.jR8x9d .MhRzze.ALA4kc.VfPpkd-XPtOyb-OWXEXe-gk6SMd:not(.VfPpkd-ksKsZd-mWPk3d):focus .VfPpkd-v1cqY::before{transition-duration:75ms;opacity:.12;opacity:var(--mdc-ripple-focus-opacity,.12)}.jR8x9d .MhRzze.ALA4kc.VfPpkd-XPtOyb-OWXEXe-gk6SMd:not(.VfPpkd-ksKsZd-mWPk3d) .VfPpkd-v1cqY::after{transition:opacity .15s linear}.jR8x9d .MhRzze.ALA4kc.VfPpkd-XPtOyb-OWXEXe-gk6SMd:not(.VfPpkd-ksKsZd-mWPk3d):active .VfPpkd-v1cqY::after{transition-duration:75ms;opacity:.1;opacity:var(--mdc-ripple-press-opacity,.1)}.jR8x9d .MhRzze.ALA4kc.VfPpkd-XPtOyb-OWXEXe-gk6SMd.VfPpkd-ksKsZd-mWPk3d{--mdc-ripple-fg-opacity:var(--mdc-ripple-press-opacity,0.1)}.jR8x9d .fNK4Mb{background-color:rgb(32,33,36);background-color:var(--gm-chip-container-color,rgb(32,33,36));padding-right:16px;padding-left:16px;border-width:0;box-shadow:0 1px 2px 0 rgba(0,0,0,.3),0 1px 3px 1px rgba(0,0,0,.15)}.jR8x9d .fNK4Mb .VfPpkd-v1cqY::before,.jR8x9d .fNK4Mb .VfPpkd-v1cqY::after{background-color:rgb(232,234,237);background-color:var(--gm-chip-state-color,rgb(232,234,237))}.jR8x9d .fNK4Mb:hover .VfPpkd-v1cqY::before,.jR8x9d .fNK4Mb.VfPpkd-ksKsZd-XxIAqe-OWXEXe-ZmdkE .VfPpkd-v1cqY::before{opacity:.04;opacity:var(--mdc-ripple-hover-opacity,.04)}.jR8x9d .fNK4Mb.VfPpkd-ksKsZd-mWPk3d-OWXEXe-AHe6Kc-XpnDCe .VfPpkd-v1cqY::before,.jR8x9d .fNK4Mb:not(.VfPpkd-ksKsZd-mWPk3d):focus .VfPpkd-v1cqY::before{transition-duration:75ms;opacity:.12;opacity:var(--mdc-ripple-focus-opacity,.12)}.jR8x9d .fNK4Mb:not(.VfPpkd-ksKsZd-mWPk3d) .VfPpkd-v1cqY::after{transition:opacity .15s linear}.jR8x9d .fNK4Mb:not(.VfPpkd-ksKsZd-mWPk3d):active .VfPpkd-v1cqY::after{transition-duration:75ms;opacity:.1;opacity:var(--mdc-ripple-press-opacity,.1)}.jR8x9d .fNK4Mb.VfPpkd-ksKsZd-mWPk3d{--mdc-ripple-fg-opacity:var(--mdc-ripple-press-opacity,0.1)}.jR8x9d .fNK4Mb .VfPpkd-BFbNVe-bF1uUb{opacity:.05}.jR8x9d .fNK4Mb:hover{border-width:0;box-shadow:0 1px 2px 0 rgba(0,0,0,.3),0 2px 6px 2px rgba(0,0,0,.15)}.jR8x9d .fNK4Mb:hover .VfPpkd-BFbNVe-bF1uUb{opacity:.08}.jR8x9d .fNK4Mb:active{border-width:0;box-shadow:0 1px 3px 0 rgba(0,0,0,.3),0 4px 8px 3px rgba(0,0,0,.15)}.jR8x9d .fNK4Mb:active .VfPpkd-BFbNVe-bF1uUb{opacity:.11}.jR8x9d .EuHQ0d{background-color:transparent;background-color:var(--gm-chip-container-color,transparent);border-style:solid;padding-right:15px;padding-left:15px;border-width:1px;border-color:rgb(95,99,104);border-color:var(--gm-chip-outline-color,rgb(95,99,104))}.jR8x9d .EuHQ0d .VfPpkd-v1cqY{top:-1px;left:-1px;border:1px solid transparent}.jR8x9d .EuHQ0d .VfPpkd-v1cqY::before,.jR8x9d .EuHQ0d .VfPpkd-v1cqY::after{background-color:rgb(232,234,237);background-color:var(--gm-chip-state-color,rgb(232,234,237))}.jR8x9d .EuHQ0d:hover .VfPpkd-v1cqY::before,.jR8x9d .EuHQ0d.VfPpkd-ksKsZd-XxIAqe-OWXEXe-ZmdkE .VfPpkd-v1cqY::before{opacity:.04;opacity:var(--mdc-ripple-hover-opacity,.04)}.jR8x9d .EuHQ0d.VfPpkd-ksKsZd-mWPk3d-OWXEXe-AHe6Kc-XpnDCe .VfPpkd-v1cqY::before,.jR8x9d .EuHQ0d:not(.VfPpkd-ksKsZd-mWPk3d):focus .VfPpkd-v1cqY::before{transition-duration:75ms;opacity:.12;opacity:var(--mdc-ripple-focus-opacity,.12)}.jR8x9d .EuHQ0d:not(.VfPpkd-ksKsZd-mWPk3d) .VfPpkd-v1cqY::after{transition:opacity .15s linear}.jR8x9d .EuHQ0d:not(.VfPpkd-ksKsZd-mWPk3d):active .VfPpkd-v1cqY::after{transition-duration:75ms;opacity:.1;opacity:var(--mdc-ripple-press-opacity,.1)}.jR8x9d .EuHQ0d.VfPpkd-ksKsZd-mWPk3d{--mdc-ripple-fg-opacity:var(--mdc-ripple-press-opacity,0.1)}.jR8x9d .EuHQ0d:focus,.jR8x9d .EuHQ0d.VfPpkd-XPtOyb-OWXEXe-ssJRIf-JIbuQc-XpnDCe{border-color:rgb(232,234,237);border-color:var(--gm-chip-outline-color--stateful,rgb(232,234,237))}.jR8x9d .EuHQ0d:active{box-shadow:none}.jR8x9d .EuHQ0d:active .VfPpkd-BFbNVe-bF1uUb{opacity:0}.jR8x9d .EuHQ0d.ALA4kc.VfPpkd-XPtOyb-OWXEXe-gk6SMd{padding-right:16px;padding-left:16px;border-width:0}.jR8x9d .EuHQ0d.ALA4kc.VfPpkd-XPtOyb-OWXEXe-gk6SMd .VfPpkd-v1cqY{top:0;left:0;border:0 solid transparent}.jR8x9d .EuHQ0d.ALA4kc.VfPpkd-XPtOyb-OWXEXe-gk6SMd:hover{box-shadow:0 1px 2px 0 rgba(0,0,0,.3),0 1px 3px 1px rgba(0,0,0,.15)}.jR8x9d .EuHQ0d.ALA4kc.VfPpkd-XPtOyb-OWXEXe-gk6SMd:hover .VfPpkd-BFbNVe-bF1uUb{opacity:0}.jR8x9d .EuHQ0d.ALA4kc.VfPpkd-XPtOyb-OWXEXe-gk6SMd:focus,.jR8x9d .EuHQ0d.ALA4kc.VfPpkd-XPtOyb-OWXEXe-gk6SMd.VfPpkd-XPtOyb-OWXEXe-ssJRIf-JIbuQc-XpnDCe{padding-right:15px;padding-left:15px;border-width:1px}.jR8x9d .EuHQ0d.ALA4kc.VfPpkd-XPtOyb-OWXEXe-gk6SMd:focus .VfPpkd-v1cqY,.jR8x9d .EuHQ0d.ALA4kc.VfPpkd-XPtOyb-OWXEXe-gk6SMd.VfPpkd-XPtOyb-OWXEXe-ssJRIf-JIbuQc-XpnDCe .VfPpkd-v1cqY{top:-1px;left:-1px;border:1px solid transparent}.jR8x9d .X4PEqe{color:rgb(232,234,237);color:var(--gm-chip-ink-color,rgb(232,234,237))}.jR8x9d .X4PEqe .VfPpkd-Zr1Nwf.VfPpkd-Zr1Nwf-OWXEXe-M1Soyc:not(.VfPpkd-Zr1Nwf-OWXEXe-M1Soyc-L6cTce){width:20px;height:20px;font-size:20px}.jR8x9d .X4PEqe.VfPpkd-XPtOyb-OWXEXe-gk6SMd .VfPpkd-PvL5qd,.jR8x9d .X4PEqe .VfPpkd-Zr1Nwf-OWXEXe-M1Soyc:not(.VfPpkd-Zr1Nwf-OWXEXe-M1Soyc-L6cTce){margin-left:-8px;margin-right:8px}[dir=rtl] .jR8x9d .X4PEqe.VfPpkd-XPtOyb-OWXEXe-gk6SMd .VfPpkd-PvL5qd,[dir=rtl] .jR8x9d .X4PEqe .VfPpkd-Zr1Nwf-OWXEXe-M1Soyc:not(.VfPpkd-Zr1Nwf-OWXEXe-M1Soyc-L6cTce),.jR8x9d .X4PEqe.VfPpkd-XPtOyb-OWXEXe-gk6SMd .VfPpkd-PvL5qd[dir=rtl],.jR8x9d .X4PEqe .VfPpkd-Zr1Nwf-OWXEXe-M1Soyc:not(.VfPpkd-Zr1Nwf-OWXEXe-M1Soyc-L6cTce)[dir=rtl]{margin-left:8px;margin-right:-8px}.jR8x9d .X4PEqe .VfPpkd-Zr1Nwf-OWXEXe-M1Soyc{color:#e8eaed}.jR8x9d .X4PEqe .VfPpkd-StrnGf-XPtOyb-UbuQg-JIbuQc{color:rgb(232,234,237);color:var(--gm-chip-ink-color,rgb(232,234,237))}.jR8x9d .X4PEqe .VfPpkd-Zr1Nwf-OWXEXe-UbuQg{color:#e8eaed}.jR8x9d .X4PEqe .VfPpkd-Zr1Nwf-OWXEXe-UbuQg:hover{color:#e8eaed}.jR8x9d .X4PEqe .VfPpkd-Zr1Nwf-OWXEXe-UbuQg:focus{color:#e8eaed}.jR8x9d .X4PEqe .VfPpkd-PvL5qd-Jt5cK{stroke:rgb(232,234,237);stroke:var(--gm-chip-ink-color,rgb(232,234,237))}.jR8x9d .X4PEqe:hover,.jR8x9d .X4PEqe.VfPpkd-ksKsZd-mWPk3d-OWXEXe-AHe6Kc-XpnDCe,.jR8x9d .X4PEqe:not(.VfPpkd-ksKsZd-mWPk3d):focus,.jR8x9d .X4PEqe:active{color:rgb(248,249,250);color:var(--gm-chip-ink-color--stateful,rgb(248,249,250))}.jR8x9d .X4PEqe:hover .VfPpkd-Zr1Nwf-OWXEXe-M1Soyc,.jR8x9d .X4PEqe.VfPpkd-ksKsZd-mWPk3d-OWXEXe-AHe6Kc-XpnDCe .VfPpkd-Zr1Nwf-OWXEXe-M1Soyc,.jR8x9d .X4PEqe:not(.VfPpkd-ksKsZd-mWPk3d):focus .VfPpkd-Zr1Nwf-OWXEXe-M1Soyc,.jR8x9d .X4PEqe:active .VfPpkd-Zr1Nwf-OWXEXe-M1Soyc{color:#f8f9fa}.jR8x9d .X4PEqe:hover .VfPpkd-StrnGf-XPtOyb-UbuQg-JIbuQc,.jR8x9d .X4PEqe.VfPpkd-ksKsZd-mWPk3d-OWXEXe-AHe6Kc-XpnDCe .VfPpkd-StrnGf-XPtOyb-UbuQg-JIbuQc,.jR8x9d .X4PEqe:not(.VfPpkd-ksKsZd-mWPk3d):focus .VfPpkd-StrnGf-XPtOyb-UbuQg-JIbuQc,.jR8x9d .X4PEqe:active .VfPpkd-StrnGf-XPtOyb-UbuQg-JIbuQc{color:rgb(248,249,250);color:var(--gm-chip-ink-color--stateful,rgb(248,249,250))}.jR8x9d .X4PEqe:hover .VfPpkd-Zr1Nwf-OWXEXe-UbuQg,.jR8x9d .X4PEqe.VfPpkd-ksKsZd-mWPk3d-OWXEXe-AHe6Kc-XpnDCe .VfPpkd-Zr1Nwf-OWXEXe-UbuQg,.jR8x9d .X4PEqe:not(.VfPpkd-ksKsZd-mWPk3d):focus .VfPpkd-Zr1Nwf-OWXEXe-UbuQg,.jR8x9d .X4PEqe:active .VfPpkd-Zr1Nwf-OWXEXe-UbuQg{color:#f8f9fa}.jR8x9d .X4PEqe:hover .VfPpkd-Zr1Nwf-OWXEXe-UbuQg:hover,.jR8x9d .X4PEqe.VfPpkd-ksKsZd-mWPk3d-OWXEXe-AHe6Kc-XpnDCe .VfPpkd-Zr1Nwf-OWXEXe-UbuQg:hover,.jR8x9d .X4PEqe:not(.VfPpkd-ksKsZd-mWPk3d):focus .VfPpkd-Zr1Nwf-OWXEXe-UbuQg:hover,.jR8x9d .X4PEqe:active .VfPpkd-Zr1Nwf-OWXEXe-UbuQg:hover{color:#f8f9fa}.jR8x9d .X4PEqe:hover .VfPpkd-Zr1Nwf-OWXEXe-UbuQg:focus,.jR8x9d .X4PEqe.VfPpkd-ksKsZd-mWPk3d-OWXEXe-AHe6Kc-XpnDCe .VfPpkd-Zr1Nwf-OWXEXe-UbuQg:focus,.jR8x9d .X4PEqe:not(.VfPpkd-ksKsZd-mWPk3d):focus .VfPpkd-Zr1Nwf-OWXEXe-UbuQg:focus,.jR8x9d .X4PEqe:active .VfPpkd-Zr1Nwf-OWXEXe-UbuQg:focus{color:#f8f9fa}.jR8x9d .X4PEqe:hover .VfPpkd-PvL5qd-Jt5cK,.jR8x9d .X4PEqe.VfPpkd-ksKsZd-mWPk3d-OWXEXe-AHe6Kc-XpnDCe .VfPpkd-PvL5qd-Jt5cK,.jR8x9d .X4PEqe:not(.VfPpkd-ksKsZd-mWPk3d):focus .VfPpkd-PvL5qd-Jt5cK,.jR8x9d .X4PEqe:active .VfPpkd-PvL5qd-Jt5cK{stroke:rgb(248,249,250);stroke:var(--gm-chip-ink-color--stateful,rgb(248,249,250))}.jR8x9d .Vo0FCd{font-family:Roboto,Arial,sans-serif;line-height:1.25rem;font-size:.875rem;letter-spacing:.0178571429em;font-weight:500;padding-right:11px;padding-left:11px;border-width:1px}.jR8x9d .Vo0FCd .VfPpkd-Zr1Nwf.VfPpkd-Zr1Nwf-OWXEXe-M1Soyc:not(.VfPpkd-Zr1Nwf-OWXEXe-M1Soyc-L6cTce){width:20px;height:20px;font-size:20px}.jR8x9d .Vo0FCd.VfPpkd-XPtOyb-OWXEXe-gk6SMd .VfPpkd-PvL5qd,.jR8x9d .Vo0FCd .VfPpkd-Zr1Nwf-OWXEXe-M1Soyc:not(.VfPpkd-Zr1Nwf-OWXEXe-M1Soyc-L6cTce){margin-left:-3px;margin-right:8px}[dir=rtl] .jR8x9d .Vo0FCd.VfPpkd-XPtOyb-OWXEXe-gk6SMd .VfPpkd-PvL5qd,[dir=rtl] .jR8x9d .Vo0FCd .VfPpkd-Zr1Nwf-OWXEXe-M1Soyc:not(.VfPpkd-Zr1Nwf-OWXEXe-M1Soyc-L6cTce),.jR8x9d .Vo0FCd.VfPpkd-XPtOyb-OWXEXe-gk6SMd .VfPpkd-PvL5qd[dir=rtl],.jR8x9d .Vo0FCd .VfPpkd-Zr1Nwf-OWXEXe-M1Soyc:not(.VfPpkd-Zr1Nwf-OWXEXe-M1Soyc-L6cTce)[dir=rtl]{margin-left:8px;margin-right:-3px}.jR8x9d .Vo0FCd .VfPpkd-StrnGf-XPtOyb-UbuQg-JIbuQc{margin-left:8px;margin-right:-7px}[dir=rtl] .jR8x9d .Vo0FCd .VfPpkd-StrnGf-XPtOyb-UbuQg-JIbuQc,.jR8x9d .Vo0FCd .VfPpkd-StrnGf-XPtOyb-UbuQg-JIbuQc[dir=rtl]{margin-left:-7px;margin-right:8px}.jR8x9d .Vo0FCd .VfPpkd-Zr1Nwf-OWXEXe-UbuQg{margin-left:8px;margin-right:-7px}[dir=rtl] .jR8x9d .Vo0FCd .VfPpkd-Zr1Nwf-OWXEXe-UbuQg,.jR8x9d .Vo0FCd .VfPpkd-Zr1Nwf-OWXEXe-UbuQg[dir=rtl]{margin-left:-7px;margin-right:8px}.jR8x9d .Vo0FCd .VfPpkd-v1cqY{top:-1px;left:-1px;border:1px solid transparent}.jR8x9d .Vo0FCd.ALA4kc.VfPpkd-XPtOyb-OWXEXe-gk6SMd{padding-right:11px;padding-left:11px;border-width:1px;border-color:transparent;border-color:var(--gm-chip-outline-color,transparent)}.jR8x9d .Vo0FCd.ALA4kc.VfPpkd-XPtOyb-OWXEXe-gk6SMd:focus,.jR8x9d .Vo0FCd.ALA4kc.VfPpkd-XPtOyb-OWXEXe-gk6SMd.VfPpkd-XPtOyb-OWXEXe-ssJRIf-JIbuQc-XpnDCe{padding-right:11px;padding-left:11px;border-width:1px}.jR8x9d .Vo0FCd.ALA4kc.VfPpkd-XPtOyb-OWXEXe-gk6SMd:focus .VfPpkd-v1cqY,.jR8x9d .Vo0FCd.ALA4kc.VfPpkd-XPtOyb-OWXEXe-gk6SMd.VfPpkd-XPtOyb-OWXEXe-ssJRIf-JIbuQc-XpnDCe .VfPpkd-v1cqY{top:-1px;left:-1px;border:1px solid transparent}.jR8x9d .Vo0FCd.ALA4kc.VfPpkd-XPtOyb-OWXEXe-gk6SMd .VfPpkd-v1cqY{top:-1px;left:-1px;border:1px solid transparent}.jR8x9d .Vo0FCd.ALA4kc.VfPpkd-XPtOyb-OWXEXe-gk6SMd:focus,.jR8x9d .Vo0FCd.ALA4kc.VfPpkd-XPtOyb-OWXEXe-gk6SMd.VfPpkd-XPtOyb-OWXEXe-ssJRIf-JIbuQc-XpnDCe{border-color:transparent;border-color:var(--gm-chip-outline-color--stateful,transparent)}.jR8x9d .UMrnmb-XPtOyb-OWXEXe-to915-Ia7Qfc .VfPpkd-rOvkhd-Zr1Nwf-OWXEXe-ssJRIf{color:rgb(154,160,166)}.jR8x9d .UMrnmb-XPtOyb-OWXEXe-to915-Ia7Qfc .VfPpkd-rOvkhd-jPmIDe-OWXEXe-ssJRIf:not(.VfPpkd-rOvkhd-jPmIDe-OWXEXe-SdanKc):hover .VfPpkd-rOvkhd-Zr1Nwf-OWXEXe-ssJRIf{color:rgb(232,234,237)}.jR8x9d .UMrnmb-XPtOyb-OWXEXe-to915-Ia7Qfc .VfPpkd-rOvkhd-jPmIDe-OWXEXe-ssJRIf:not(.VfPpkd-rOvkhd-jPmIDe-OWXEXe-SdanKc).VfPpkd-ksKsZd-mWPk3d-OWXEXe-AHe6Kc-XpnDCe .VfPpkd-rOvkhd-Zr1Nwf-OWXEXe-ssJRIf,.jR8x9d .UMrnmb-XPtOyb-OWXEXe-to915-Ia7Qfc .VfPpkd-rOvkhd-jPmIDe-OWXEXe-ssJRIf:not(.VfPpkd-rOvkhd-jPmIDe-OWXEXe-SdanKc):not(.VfPpkd-ksKsZd-mWPk3d):focus .VfPpkd-rOvkhd-Zr1Nwf-OWXEXe-ssJRIf{color:rgb(232,234,237)}.jR8x9d .UMrnmb-XPtOyb-OWXEXe-to915-Ia7Qfc.VfPpkd-rOvkhd-XPtOyb-OWXEXe-OWB6Me .VfPpkd-rOvkhd-Zr1Nwf-OWXEXe-ssJRIf{color:rgba(232,234,237,.38)}.jR8x9d .UMrnmb-XPtOyb-OWXEXe-to915-Ia7Qfc .VfPpkd-rOvkhd-TfeOUb-V67aGc{color:rgb(154,160,166)}.jR8x9d .UMrnmb-XPtOyb-OWXEXe-to915-Ia7Qfc .VfPpkd-rOvkhd-jPmIDe-OWXEXe-ssJRIf:not(.VfPpkd-rOvkhd-jPmIDe-OWXEXe-SdanKc):hover .VfPpkd-rOvkhd-TfeOUb-V67aGc{color:rgb(232,234,237)}.jR8x9d .UMrnmb-XPtOyb-OWXEXe-to915-Ia7Qfc .VfPpkd-rOvkhd-jPmIDe-OWXEXe-ssJRIf:not(.VfPpkd-rOvkhd-jPmIDe-OWXEXe-SdanKc).VfPpkd-ksKsZd-mWPk3d-OWXEXe-AHe6Kc-XpnDCe .VfPpkd-rOvkhd-TfeOUb-V67aGc,.jR8x9d .UMrnmb-XPtOyb-OWXEXe-to915-Ia7Qfc .VfPpkd-rOvkhd-jPmIDe-OWXEXe-ssJRIf:not(.VfPpkd-rOvkhd-jPmIDe-OWXEXe-SdanKc):not(.VfPpkd-ksKsZd-mWPk3d):focus .VfPpkd-rOvkhd-TfeOUb-V67aGc{color:rgb(232,234,237)}.jR8x9d .UMrnmb-XPtOyb-OWXEXe-to915-Ia7Qfc.VfPpkd-rOvkhd-XPtOyb-OWXEXe-OWB6Me .VfPpkd-rOvkhd-TfeOUb-V67aGc{color:rgba(232,234,237,.38)}.jR8x9d .UMrnmb-XPtOyb-OWXEXe-to915-Ia7Qfc .VfPpkd-rOvkhd-jPmIDe-OWXEXe-ssJRIf .VfPpkd-rOvkhd-v1cqY::before,.jR8x9d .UMrnmb-XPtOyb-OWXEXe-to915-Ia7Qfc .VfPpkd-rOvkhd-jPmIDe-OWXEXe-ssJRIf .VfPpkd-rOvkhd-v1cqY::after{background-color:rgb(232,234,237);background-color:var(--mdc-ripple-color,rgb(232,234,237))}.jR8x9d .UMrnmb-XPtOyb-OWXEXe-to915-Ia7Qfc .VfPpkd-rOvkhd-jPmIDe-OWXEXe-ssJRIf:hover .VfPpkd-rOvkhd-v1cqY::before,.jR8x9d .UMrnmb-XPtOyb-OWXEXe-to915-Ia7Qfc .VfPpkd-rOvkhd-jPmIDe-OWXEXe-ssJRIf.VfPpkd-ksKsZd-XxIAqe-OWXEXe-ZmdkE .VfPpkd-rOvkhd-v1cqY::before{opacity:.04;opacity:var(--mdc-ripple-hover-opacity,.04)}.jR8x9d .UMrnmb-XPtOyb-OWXEXe-to915-Ia7Qfc .VfPpkd-rOvkhd-jPmIDe-OWXEXe-ssJRIf.VfPpkd-ksKsZd-mWPk3d-OWXEXe-AHe6Kc-XpnDCe .VfPpkd-rOvkhd-v1cqY::before,.jR8x9d .UMrnmb-XPtOyb-OWXEXe-to915-Ia7Qfc .VfPpkd-rOvkhd-jPmIDe-OWXEXe-ssJRIf:not(.VfPpkd-ksKsZd-mWPk3d):focus .VfPpkd-rOvkhd-v1cqY::before{transition-duration:75ms;opacity:.12;opacity:var(--mdc-ripple-focus-opacity,.12)}.jR8x9d .UMrnmb-XPtOyb-OWXEXe-to915-Ia7Qfc .VfPpkd-rOvkhd-jPmIDe-OWXEXe-ssJRIf:not(.VfPpkd-ksKsZd-mWPk3d) .VfPpkd-rOvkhd-v1cqY::after{transition:opacity .15s linear}.jR8x9d .UMrnmb-XPtOyb-OWXEXe-to915-Ia7Qfc .VfPpkd-rOvkhd-jPmIDe-OWXEXe-ssJRIf:not(.VfPpkd-ksKsZd-mWPk3d):active .VfPpkd-rOvkhd-v1cqY::after{transition-duration:75ms;opacity:.1;opacity:var(--mdc-ripple-press-opacity,.1)}.jR8x9d .UMrnmb-XPtOyb-OWXEXe-to915-Ia7Qfc .VfPpkd-rOvkhd-jPmIDe-OWXEXe-ssJRIf.VfPpkd-ksKsZd-mWPk3d{--mdc-ripple-fg-opacity:var(--mdc-ripple-press-opacity,0.1)}.jR8x9d .UMrnmb-XPtOyb-OWXEXe-OmTp3c-to915-Ia7Qfc .VfPpkd-rOvkhd-Zr1Nwf-OWXEXe-ssJRIf{color:rgb(138,180,248)}.jR8x9d .UMrnmb-XPtOyb-OWXEXe-OmTp3c-to915-Ia7Qfc .VfPpkd-rOvkhd-jPmIDe-OWXEXe-ssJRIf:not(.VfPpkd-rOvkhd-jPmIDe-OWXEXe-SdanKc):hover .VfPpkd-rOvkhd-Zr1Nwf-OWXEXe-ssJRIf{color:rgb(138,180,248)}.jR8x9d .UMrnmb-XPtOyb-OWXEXe-OmTp3c-to915-Ia7Qfc .VfPpkd-rOvkhd-jPmIDe-OWXEXe-ssJRIf:not(.VfPpkd-rOvkhd-jPmIDe-OWXEXe-SdanKc).VfPpkd-ksKsZd-mWPk3d-OWXEXe-AHe6Kc-XpnDCe .VfPpkd-rOvkhd-Zr1Nwf-OWXEXe-ssJRIf,.jR8x9d .UMrnmb-XPtOyb-OWXEXe-OmTp3c-to915-Ia7Qfc .VfPpkd-rOvkhd-jPmIDe-OWXEXe-ssJRIf:not(.VfPpkd-rOvkhd-jPmIDe-OWXEXe-SdanKc):not(.VfPpkd-ksKsZd-mWPk3d):focus .VfPpkd-rOvkhd-Zr1Nwf-OWXEXe-ssJRIf{color:rgb(138,180,248)}.jR8x9d .UMrnmb-XPtOyb-OWXEXe-OmTp3c-to915-Ia7Qfc.VfPpkd-rOvkhd-XPtOyb-OWXEXe-OWB6Me .VfPpkd-rOvkhd-Zr1Nwf-OWXEXe-ssJRIf{color:rgba(232,234,237,.38)}.jR8x9d .UMrnmb-XPtOyb-OWXEXe-OmTp3c-to915-Ia7Qfc .VfPpkd-rOvkhd-TfeOUb-V67aGc{color:rgb(232,234,237)}.jR8x9d .UMrnmb-XPtOyb-OWXEXe-yOOK0-to915-Ia7Qfc.VfPpkd-rOvkhd-XPtOyb-OWXEXe-gk6SMd{background-color:rgba(138,180,248,.24)}.jR8x9d .UMrnmb-XPtOyb-OWXEXe-yOOK0-to915-Ia7Qfc.VfPpkd-rOvkhd-XPtOyb-OWXEXe-gk6SMd.VfPpkd-rOvkhd-XPtOyb-OWXEXe-OWB6Me{background-color:rgba(232,234,237,.12)}.jR8x9d .UMrnmb-XPtOyb-OWXEXe-yOOK0-to915-Ia7Qfc.VfPpkd-rOvkhd-XPtOyb-OWXEXe-gk6SMd .VfPpkd-rOvkhd-jPmIDe-OWXEXe-ssJRIf:before{border-color:transparent}}@media screen and (prefers-color-scheme:dark) and (forced-colors:active){.jR8x9d .UMrnmb-XPtOyb-OWXEXe-yOOK0-to915-Ia7Qfc.VfPpkd-rOvkhd-XPtOyb-OWXEXe-gk6SMd .VfPpkd-rOvkhd-jPmIDe-OWXEXe-ssJRIf:before{border-color:CanvasText}}@media screen and (prefers-color-scheme:dark){.jR8x9d .UMrnmb-XPtOyb-OWXEXe-yOOK0-to915-Ia7Qfc.VfPpkd-rOvkhd-XPtOyb-OWXEXe-gk6SMd .VfPpkd-rOvkhd-jPmIDe-OWXEXe-ssJRIf:not(.VfPpkd-rOvkhd-jPmIDe-OWXEXe-SdanKc).VfPpkd-ksKsZd-mWPk3d-OWXEXe-AHe6Kc-XpnDCe:before,.jR8x9d .UMrnmb-XPtOyb-OWXEXe-yOOK0-to915-Ia7Qfc.VfPpkd-rOvkhd-XPtOyb-OWXEXe-gk6SMd .VfPpkd-rOvkhd-jPmIDe-OWXEXe-ssJRIf:not(.VfPpkd-rOvkhd-jPmIDe-OWXEXe-SdanKc):not(.VfPpkd-ksKsZd-mWPk3d):focus:before{border-color:transparent}.jR8x9d .UMrnmb-XPtOyb-OWXEXe-yOOK0-to915-Ia7Qfc.VfPpkd-rOvkhd-XPtOyb-OWXEXe-gk6SMd.VfPpkd-rOvkhd-XPtOyb-OWXEXe-OWB6Me .VfPpkd-rOvkhd-jPmIDe-OWXEXe-ssJRIf:before{border-color:transparent}}@media screen and (prefers-color-scheme:dark) and (forced-colors:active){.jR8x9d .UMrnmb-XPtOyb-OWXEXe-yOOK0-to915-Ia7Qfc.VfPpkd-rOvkhd-XPtOyb-OWXEXe-gk6SMd.VfPpkd-rOvkhd-XPtOyb-OWXEXe-OWB6Me .VfPpkd-rOvkhd-jPmIDe-OWXEXe-ssJRIf:before{border-color:CanvasText}}@media screen and (prefers-color-scheme:dark){.jR8x9d .UMrnmb-XPtOyb-OWXEXe-yOOK0-to915-Ia7Qfc.VfPpkd-rOvkhd-XPtOyb-OWXEXe-gk6SMd .VfPpkd-rOvkhd-TfeOUb-V67aGc{color:rgb(210,227,252)}.jR8x9d .UMrnmb-XPtOyb-OWXEXe-yOOK0-to915-Ia7Qfc.VfPpkd-rOvkhd-XPtOyb-OWXEXe-gk6SMd .VfPpkd-rOvkhd-jPmIDe-OWXEXe-ssJRIf:not(.VfPpkd-rOvkhd-jPmIDe-OWXEXe-SdanKc):hover .VfPpkd-rOvkhd-TfeOUb-V67aGc{color:#fff}.jR8x9d .UMrnmb-XPtOyb-OWXEXe-yOOK0-to915-Ia7Qfc.VfPpkd-rOvkhd-XPtOyb-OWXEXe-gk6SMd .VfPpkd-rOvkhd-jPmIDe-OWXEXe-ssJRIf:not(.VfPpkd-rOvkhd-jPmIDe-OWXEXe-SdanKc).VfPpkd-ksKsZd-mWPk3d-OWXEXe-AHe6Kc-XpnDCe .VfPpkd-rOvkhd-TfeOUb-V67aGc,.jR8x9d .UMrnmb-XPtOyb-OWXEXe-yOOK0-to915-Ia7Qfc.VfPpkd-rOvkhd-XPtOyb-OWXEXe-gk6SMd .VfPpkd-rOvkhd-jPmIDe-OWXEXe-ssJRIf:not(.VfPpkd-rOvkhd-jPmIDe-OWXEXe-SdanKc):not(.VfPpkd-ksKsZd-mWPk3d):focus .VfPpkd-rOvkhd-TfeOUb-V67aGc{color:#fff}.jR8x9d .UMrnmb-XPtOyb-OWXEXe-yOOK0-to915-Ia7Qfc.VfPpkd-rOvkhd-XPtOyb-OWXEXe-gk6SMd.VfPpkd-rOvkhd-XPtOyb-OWXEXe-OWB6Me .VfPpkd-rOvkhd-TfeOUb-V67aGc{color:rgba(232,234,237,.38)}.jR8x9d .UMrnmb-XPtOyb-OWXEXe-yOOK0-to915-Ia7Qfc .VfPpkd-rOvkhd-PvL5qd{color:rgb(210,227,252)}.jR8x9d .UMrnmb-XPtOyb-OWXEXe-yOOK0-to915-Ia7Qfc .VfPpkd-rOvkhd-jPmIDe-OWXEXe-ssJRIf:not(.VfPpkd-rOvkhd-jPmIDe-OWXEXe-SdanKc):hover .VfPpkd-rOvkhd-PvL5qd{color:#fff}.jR8x9d .UMrnmb-XPtOyb-OWXEXe-yOOK0-to915-Ia7Qfc .VfPpkd-rOvkhd-jPmIDe-OWXEXe-ssJRIf.VfPpkd-ksKsZd-mWPk3d-OWXEXe-AHe6Kc-XpnDCe .VfPpkd-rOvkhd-PvL5qd,.jR8x9d .UMrnmb-XPtOyb-OWXEXe-yOOK0-to915-Ia7Qfc .VfPpkd-rOvkhd-jPmIDe-OWXEXe-ssJRIf:not(.VfPpkd-ksKsZd-mWPk3d):focus .VfPpkd-rOvkhd-PvL5qd{color:#fff}.jR8x9d .UMrnmb-XPtOyb-OWXEXe-yOOK0-to915-Ia7Qfc.VfPpkd-rOvkhd-XPtOyb-OWXEXe-OWB6Me .VfPpkd-rOvkhd-PvL5qd{color:rgba(232,234,237,.38)}.jR8x9d .UMrnmb-XPtOyb-OWXEXe-yOOK0-to915-Ia7Qfc.VfPpkd-rOvkhd-XPtOyb-OWXEXe-gk6SMd .VfPpkd-rOvkhd-jPmIDe-OWXEXe-ssJRIf .VfPpkd-rOvkhd-v1cqY::before,.jR8x9d .UMrnmb-XPtOyb-OWXEXe-yOOK0-to915-Ia7Qfc.VfPpkd-rOvkhd-XPtOyb-OWXEXe-gk6SMd .VfPpkd-rOvkhd-jPmIDe-OWXEXe-ssJRIf .VfPpkd-rOvkhd-v1cqY::after{background-color:#fff;background-color:var(--mdc-ripple-color,#fff)}.jR8x9d .UMrnmb-XPtOyb-OWXEXe-yOOK0-to915-Ia7Qfc.VfPpkd-rOvkhd-XPtOyb-OWXEXe-gk6SMd .VfPpkd-rOvkhd-jPmIDe-OWXEXe-ssJRIf:hover .VfPpkd-rOvkhd-v1cqY::before,.jR8x9d .UMrnmb-XPtOyb-OWXEXe-yOOK0-to915-Ia7Qfc.VfPpkd-rOvkhd-XPtOyb-OWXEXe-gk6SMd .VfPpkd-rOvkhd-jPmIDe-OWXEXe-ssJRIf.VfPpkd-ksKsZd-XxIAqe-OWXEXe-ZmdkE .VfPpkd-rOvkhd-v1cqY::before{opacity:.04;opacity:var(--mdc-ripple-hover-opacity,.04)}.jR8x9d .UMrnmb-XPtOyb-OWXEXe-yOOK0-to915-Ia7Qfc.VfPpkd-rOvkhd-XPtOyb-OWXEXe-gk6SMd .VfPpkd-rOvkhd-jPmIDe-OWXEXe-ssJRIf.VfPpkd-ksKsZd-mWPk3d-OWXEXe-AHe6Kc-XpnDCe .VfPpkd-rOvkhd-v1cqY::before,.jR8x9d .UMrnmb-XPtOyb-OWXEXe-yOOK0-to915-Ia7Qfc.VfPpkd-rOvkhd-XPtOyb-OWXEXe-gk6SMd .VfPpkd-rOvkhd-jPmIDe-OWXEXe-ssJRIf:not(.VfPpkd-ksKsZd-mWPk3d):focus .VfPpkd-rOvkhd-v1cqY::before{transition-duration:75ms;opacity:.12;opacity:var(--mdc-ripple-focus-opacity,.12)}.jR8x9d .UMrnmb-XPtOyb-OWXEXe-yOOK0-to915-Ia7Qfc.VfPpkd-rOvkhd-XPtOyb-OWXEXe-gk6SMd .VfPpkd-rOvkhd-jPmIDe-OWXEXe-ssJRIf:not(.VfPpkd-ksKsZd-mWPk3d) .VfPpkd-rOvkhd-v1cqY::after{transition:opacity .15s linear}.jR8x9d .UMrnmb-XPtOyb-OWXEXe-yOOK0-to915-Ia7Qfc.VfPpkd-rOvkhd-XPtOyb-OWXEXe-gk6SMd .VfPpkd-rOvkhd-jPmIDe-OWXEXe-ssJRIf:not(.VfPpkd-ksKsZd-mWPk3d):active .VfPpkd-rOvkhd-v1cqY::after{transition-duration:75ms;opacity:.1;opacity:var(--mdc-ripple-press-opacity,.1)}.jR8x9d .UMrnmb-XPtOyb-OWXEXe-yOOK0-to915-Ia7Qfc.VfPpkd-rOvkhd-XPtOyb-OWXEXe-gk6SMd .VfPpkd-rOvkhd-jPmIDe-OWXEXe-ssJRIf.VfPpkd-ksKsZd-mWPk3d{--mdc-ripple-fg-opacity:var(--mdc-ripple-press-opacity,0.1)}.jR8x9d .UMrnmb-XPtOyb-OWXEXe-YPqjbf-to915-Ia7Qfc .VfPpkd-rOvkhd-Zr1Nwf-OWXEXe-UbuQg{color:rgb(154,160,166)}.jR8x9d .UMrnmb-XPtOyb-OWXEXe-YPqjbf-to915-Ia7Qfc .VfPpkd-rOvkhd-jPmIDe-OWXEXe-UbuQg:hover .VfPpkd-rOvkhd-Zr1Nwf-OWXEXe-UbuQg{color:rgb(232,234,237)}.jR8x9d .UMrnmb-XPtOyb-OWXEXe-YPqjbf-to915-Ia7Qfc .VfPpkd-rOvkhd-jPmIDe-OWXEXe-UbuQg.VfPpkd-ksKsZd-mWPk3d-OWXEXe-AHe6Kc-XpnDCe .VfPpkd-rOvkhd-Zr1Nwf-OWXEXe-UbuQg,.jR8x9d .UMrnmb-XPtOyb-OWXEXe-YPqjbf-to915-Ia7Qfc .VfPpkd-rOvkhd-jPmIDe-OWXEXe-UbuQg:not(.VfPpkd-ksKsZd-mWPk3d):focus .VfPpkd-rOvkhd-Zr1Nwf-OWXEXe-UbuQg{color:rgb(232,234,237)}.jR8x9d .UMrnmb-XPtOyb-OWXEXe-YPqjbf-to915-Ia7Qfc.VfPpkd-rOvkhd-XPtOyb-OWXEXe-OWB6Me .VfPpkd-rOvkhd-Zr1Nwf-OWXEXe-UbuQg{color:rgba(232,234,237,.38)}.jR8x9d .UMrnmb-XPtOyb-OWXEXe-YPqjbf-to915-Ia7Qfc .VfPpkd-rOvkhd-jPmIDe-OWXEXe-UbuQg .VfPpkd-rOvkhd-v1cqY::before,.jR8x9d .UMrnmb-XPtOyb-OWXEXe-YPqjbf-to915-Ia7Qfc .VfPpkd-rOvkhd-jPmIDe-OWXEXe-UbuQg .VfPpkd-rOvkhd-v1cqY::after{background-color:rgb(232,234,237);background-color:var(--mdc-ripple-color,rgb(232,234,237))}.jR8x9d .UMrnmb-XPtOyb-OWXEXe-YPqjbf-to915-Ia7Qfc .VfPpkd-rOvkhd-jPmIDe-OWXEXe-UbuQg:hover .VfPpkd-rOvkhd-v1cqY::before,.jR8x9d .UMrnmb-XPtOyb-OWXEXe-YPqjbf-to915-Ia7Qfc .VfPpkd-rOvkhd-jPmIDe-OWXEXe-UbuQg.VfPpkd-ksKsZd-XxIAqe-OWXEXe-ZmdkE .VfPpkd-rOvkhd-v1cqY::before{opacity:.04;opacity:var(--mdc-ripple-hover-opacity,.04)}.jR8x9d .UMrnmb-XPtOyb-OWXEXe-YPqjbf-to915-Ia7Qfc .VfPpkd-rOvkhd-jPmIDe-OWXEXe-UbuQg.VfPpkd-ksKsZd-mWPk3d-OWXEXe-AHe6Kc-XpnDCe .VfPpkd-rOvkhd-v1cqY::before,.jR8x9d .UMrnmb-XPtOyb-OWXEXe-YPqjbf-to915-Ia7Qfc .VfPpkd-rOvkhd-jPmIDe-OWXEXe-UbuQg:not(.VfPpkd-ksKsZd-mWPk3d):focus .VfPpkd-rOvkhd-v1cqY::before{transition-duration:75ms;opacity:.12;opacity:var(--mdc-ripple-focus-opacity,.12)}.jR8x9d .UMrnmb-XPtOyb-OWXEXe-YPqjbf-to915-Ia7Qfc .VfPpkd-rOvkhd-jPmIDe-OWXEXe-UbuQg:not(.VfPpkd-ksKsZd-mWPk3d) .VfPpkd-rOvkhd-v1cqY::after{transition:opacity .15s linear}.jR8x9d .UMrnmb-XPtOyb-OWXEXe-YPqjbf-to915-Ia7Qfc .VfPpkd-rOvkhd-jPmIDe-OWXEXe-UbuQg:not(.VfPpkd-ksKsZd-mWPk3d):active .VfPpkd-rOvkhd-v1cqY::after{transition-duration:75ms;opacity:.1;opacity:var(--mdc-ripple-press-opacity,.1)}.jR8x9d .UMrnmb-XPtOyb-OWXEXe-YPqjbf-to915-Ia7Qfc .VfPpkd-rOvkhd-jPmIDe-OWXEXe-UbuQg.VfPpkd-ksKsZd-mWPk3d{--mdc-ripple-fg-opacity:var(--mdc-ripple-press-opacity,0.1)}.jR8x9d .UMrnmb-XPtOyb-OWXEXe-aSvl1d-to915-Ia7Qfc{background-color:transparent}.jR8x9d .UMrnmb-XPtOyb-OWXEXe-aSvl1d-to915-Ia7Qfc .VfPpkd-rOvkhd-jPmIDe-OWXEXe-ssJRIf:before{border-width:1px}.jR8x9d .UMrnmb-XPtOyb-OWXEXe-aSvl1d-to915-Ia7Qfc .VfPpkd-rOvkhd-jPmIDe-OWXEXe-ssJRIf:before{border-style:solid}.jR8x9d .UMrnmb-XPtOyb-OWXEXe-aSvl1d-to915-Ia7Qfc.VfPpkd-rOvkhd-XPtOyb-OWXEXe-OWB6Me{background-color:transparent}.jR8x9d .UMrnmb-XPtOyb-OWXEXe-aSvl1d-to915-Ia7Qfc .VfPpkd-rOvkhd-jPmIDe-OWXEXe-ssJRIf:before{border-color:rgb(95,99,104)}.jR8x9d .UMrnmb-XPtOyb-OWXEXe-aSvl1d-to915-Ia7Qfc .VfPpkd-rOvkhd-jPmIDe-OWXEXe-ssJRIf:not(.VfPpkd-rOvkhd-jPmIDe-OWXEXe-SdanKc).VfPpkd-ksKsZd-mWPk3d-OWXEXe-AHe6Kc-XpnDCe:before,.jR8x9d .UMrnmb-XPtOyb-OWXEXe-aSvl1d-to915-Ia7Qfc .VfPpkd-rOvkhd-jPmIDe-OWXEXe-ssJRIf:not(.VfPpkd-rOvkhd-jPmIDe-OWXEXe-SdanKc):not(.VfPpkd-ksKsZd-mWPk3d):focus:before{border-color:rgb(232,234,237)}.jR8x9d .UMrnmb-XPtOyb-OWXEXe-aSvl1d-to915-Ia7Qfc.VfPpkd-rOvkhd-XPtOyb-OWXEXe-OWB6Me .VfPpkd-rOvkhd-jPmIDe-OWXEXe-ssJRIf:before{border-color:rgba(232,234,237,.12)}.jR8x9d .UMrnmb-XPtOyb-OWXEXe-ITYOJe-to915-Ia7Qfc{background-color:rgb(32,33,36);transition:border .28s cubic-bezier(.4,0,.2,1),box-shadow .28s cubic-bezier(.4,0,.2,1);box-shadow:0 1px 2px 0 rgba(0,0,0,.3),0 1px 3px 1px rgba(0,0,0,.15)}}@media screen and (prefers-color-scheme:dark) and (-ms-high-contrast:active),screen and (prefers-color-scheme:dark) and (forced-colors:active){.jR8x9d .UMrnmb-XPtOyb-OWXEXe-ITYOJe-to915-Ia7Qfc .VfPpkd-rOvkhd-jPmIDe-OWXEXe-ssJRIf:before{border-width:1px}.jR8x9d .UMrnmb-XPtOyb-OWXEXe-ITYOJe-to915-Ia7Qfc .VfPpkd-rOvkhd-jPmIDe-OWXEXe-ssJRIf:before{border-style:solid}}@media screen and (prefers-color-scheme:dark){.jR8x9d .UMrnmb-XPtOyb-OWXEXe-ITYOJe-to915-Ia7Qfc.VfPpkd-rOvkhd-XPtOyb-OWXEXe-OWB6Me{background-color:rgba(232,234,237,.12)}.jR8x9d .UMrnmb-XPtOyb-OWXEXe-ITYOJe-to915-Ia7Qfc .VfPpkd-BFbNVe-bF1uUb{opacity:.05}.jR8x9d .UMrnmb-XPtOyb-OWXEXe-ITYOJe-to915-Ia7Qfc:hover{box-shadow:0 1px 2px 0 rgba(0,0,0,.3),0 2px 6px 2px rgba(0,0,0,.15)}.jR8x9d .UMrnmb-XPtOyb-OWXEXe-ITYOJe-to915-Ia7Qfc:hover .VfPpkd-BFbNVe-bF1uUb{opacity:.08}.jR8x9d .UMrnmb-XPtOyb-OWXEXe-ITYOJe-to915-Ia7Qfc:active{box-shadow:0 1px 3px 0 rgba(0,0,0,.3),0 4px 8px 3px rgba(0,0,0,.15)}.jR8x9d .UMrnmb-XPtOyb-OWXEXe-ITYOJe-to915-Ia7Qfc:active .VfPpkd-BFbNVe-bF1uUb{opacity:.11}.jR8x9d .UMrnmb-XPtOyb-OWXEXe-ITYOJe-to915-Ia7Qfc.VfPpkd-rOvkhd-XPtOyb-OWXEXe-OWB6Me{box-shadow:none}.jR8x9d .UMrnmb-XPtOyb-OWXEXe-ITYOJe-to915-Ia7Qfc.VfPpkd-rOvkhd-XPtOyb-OWXEXe-OWB6Me .VfPpkd-BFbNVe-bF1uUb{opacity:0}.jR8x9d .a9u1Hb .VfPpkd-JGcpL-uI4vCe-LkdAo,.jR8x9d .a9u1Hb .VfPpkd-JGcpL-IdXvz-LkdAo-Bd00G{stroke:rgb(102,157,246)}}@media screen and (prefers-color-scheme:dark) and (-ms-high-contrast:active),screen and (prefers-color-scheme:dark) and (forced-colors:active){.jR8x9d .a9u1Hb .VfPpkd-JGcpL-uI4vCe-LkdAo,.jR8x9d .a9u1Hb .VfPpkd-JGcpL-IdXvz-LkdAo-Bd00G{stroke:CanvasText}}@media screen and (prefers-color-scheme:dark){.jR8x9d .a9u1Hb .VfPpkd-JGcpL-Ydhldb-R6PoUb .VfPpkd-JGcpL-IdXvz-LkdAo-Bd00G{stroke:rgb(66,133,244)}}@media screen and (prefers-color-scheme:dark) and (-ms-high-contrast:active),screen and (prefers-color-scheme:dark) and (forced-colors:active){.jR8x9d .a9u1Hb .VfPpkd-JGcpL-Ydhldb-R6PoUb .VfPpkd-JGcpL-IdXvz-LkdAo-Bd00G{stroke:CanvasText}}@media screen and (prefers-color-scheme:dark){.jR8x9d .a9u1Hb .VfPpkd-JGcpL-Ydhldb-ibL1re .VfPpkd-JGcpL-IdXvz-LkdAo-Bd00G{stroke:rgb(234,67,53)}}@media screen and (prefers-color-scheme:dark) and (-ms-high-contrast:active),screen and (prefers-color-scheme:dark) and (forced-colors:active){.jR8x9d .a9u1Hb .VfPpkd-JGcpL-Ydhldb-ibL1re .VfPpkd-JGcpL-IdXvz-LkdAo-Bd00G{stroke:CanvasText}}@media screen and (prefers-color-scheme:dark){.jR8x9d .a9u1Hb .VfPpkd-JGcpL-Ydhldb-c5RTEf .VfPpkd-JGcpL-IdXvz-LkdAo-Bd00G{stroke:rgb(251,188,4)}}@media screen and (prefers-color-scheme:dark) and (-ms-high-contrast:active),screen and (prefers-color-scheme:dark) and (forced-colors:active){.jR8x9d .a9u1Hb .VfPpkd-JGcpL-Ydhldb-c5RTEf .VfPpkd-JGcpL-IdXvz-LkdAo-Bd00G{stroke:CanvasText}}@media screen and (prefers-color-scheme:dark){.jR8x9d .a9u1Hb .VfPpkd-JGcpL-Ydhldb-II5mzb .VfPpkd-JGcpL-IdXvz-LkdAo-Bd00G{stroke:rgb(52,168,83)}}@media screen and (prefers-color-scheme:dark) and (-ms-high-contrast:active),screen and (prefers-color-scheme:dark) and (forced-colors:active){.jR8x9d .a9u1Hb .VfPpkd-JGcpL-Ydhldb-II5mzb .VfPpkd-JGcpL-IdXvz-LkdAo-Bd00G{stroke:CanvasText}}@media screen and (prefers-color-scheme:dark){.jR8x9d .tKSZFd{background-color:rgb(32,33,36);border-color:rgb(95,99,104)}.jR8x9d .tKSZFd .VfPpkd-wZVHld-vqLbZd-eEDwDf{background-color:rgb(32,33,36)}.jR8x9d .tKSZFd .VfPpkd-wZVHld-vqLbZd-eEDwDf,.jR8x9d .tKSZFd .VfPpkd-wZVHld-gruSEe-j4LONd,.jR8x9d .tKSZFd .VfPpkd-wZVHld-gruSEe-YMi5E-I8r9Db-DARUcf-V67aGc,.jR8x9d .tKSZFd .VfPpkd-wZVHld-aOtOmf{color:rgb(232,234,237)}.jR8x9d .tKSZFd .VfPpkd-wZVHld-xMbwt-OWXEXe-gk6SMd{background-color:rgba(138,180,248,.24)}.jR8x9d .tKSZFd .VfPpkd-wZVHld-gruSEe-YMi5E-I8r9Db-DARUcf-O1htCb-OWXEXe-INsAgc:not(.VfPpkd-O1htCb-OWXEXe-OWB6Me) .VfPpkd-NSFCdd-Brv4Fb,.jR8x9d .tKSZFd .VfPpkd-wZVHld-gruSEe-YMi5E-I8r9Db-DARUcf-O1htCb-OWXEXe-INsAgc:not(.VfPpkd-O1htCb-OWXEXe-OWB6Me) .VfPpkd-NSFCdd-Ra9xwd,.jR8x9d .tKSZFd .VfPpkd-wZVHld-gruSEe-YMi5E-I8r9Db-DARUcf-O1htCb-OWXEXe-INsAgc:not(.VfPpkd-O1htCb-OWXEXe-OWB6Me) .VfPpkd-NSFCdd-MpmGFe{border-color:rgb(95,99,104)}.jR8x9d .tKSZFd .VfPpkd-wZVHld-aOtOmf,.jR8x9d .tKSZFd .VfPpkd-wZVHld-vqLbZd-eEDwDf{border-bottom-color:rgb(95,99,104)}.jR8x9d .tKSZFd .VfPpkd-wZVHld-gruSEe{border-top-color:rgb(95,99,104)}.jR8x9d .tKSZFd .VfPpkd-wZVHld-xMbwt:not(.VfPpkd-wZVHld-xMbwt-OWXEXe-gk6SMd):hover{background-color:rgba(232,234,237,.04)}.jR8x9d .tKSZFd .VfPpkd-wZVHld-EcJZQc-Bz112c-LgbsSe{color:rgb(154,160,166)}.jR8x9d .tKSZFd .VfPpkd-wZVHld-EcJZQc-Bz112c-LgbsSe .VfPpkd-Bz112c-Jh9lGc::before,.jR8x9d .tKSZFd .VfPpkd-wZVHld-EcJZQc-Bz112c-LgbsSe .VfPpkd-Bz112c-Jh9lGc::after{background-color:rgb(154,160,166);background-color:var(--mdc-ripple-color,rgb(154,160,166))}.jR8x9d .tKSZFd .VfPpkd-wZVHld-EcJZQc-Bz112c-LgbsSe:hover .VfPpkd-Bz112c-Jh9lGc::before,.jR8x9d .tKSZFd .VfPpkd-wZVHld-EcJZQc-Bz112c-LgbsSe.VfPpkd-ksKsZd-XxIAqe-OWXEXe-ZmdkE .VfPpkd-Bz112c-Jh9lGc::before{opacity:.08;opacity:var(--mdc-ripple-hover-opacity,.08)}.jR8x9d .tKSZFd .VfPpkd-wZVHld-EcJZQc-Bz112c-LgbsSe.VfPpkd-ksKsZd-mWPk3d-OWXEXe-AHe6Kc-XpnDCe .VfPpkd-Bz112c-Jh9lGc::before,.jR8x9d .tKSZFd .VfPpkd-wZVHld-EcJZQc-Bz112c-LgbsSe:not(.VfPpkd-ksKsZd-mWPk3d):focus .VfPpkd-Bz112c-Jh9lGc::before{transition-duration:75ms;opacity:.24;opacity:var(--mdc-ripple-focus-opacity,.24)}.jR8x9d .tKSZFd .VfPpkd-wZVHld-EcJZQc-Bz112c-LgbsSe:not(.VfPpkd-ksKsZd-mWPk3d) .VfPpkd-Bz112c-Jh9lGc::after{transition:opacity .15s linear}.jR8x9d .tKSZFd .VfPpkd-wZVHld-EcJZQc-Bz112c-LgbsSe:not(.VfPpkd-ksKsZd-mWPk3d):active .VfPpkd-Bz112c-Jh9lGc::after{transition-duration:75ms;opacity:.24;opacity:var(--mdc-ripple-press-opacity,.24)}.jR8x9d .tKSZFd .VfPpkd-wZVHld-EcJZQc-Bz112c-LgbsSe.VfPpkd-ksKsZd-mWPk3d{--mdc-ripple-fg-opacity:var(--mdc-ripple-press-opacity,0.24)}.jR8x9d .tKSZFd .VfPpkd-wZVHld-vqLbZd-eEDwDf-OWXEXe-Evexob .VfPpkd-wZVHld-EcJZQc-Bz112c-LgbsSe{color:rgb(232,234,237)}.jR8x9d .tKSZFd .VfPpkd-wZVHld-vqLbZd-eEDwDf-OWXEXe-Evexob .VfPpkd-wZVHld-EcJZQc-Bz112c-LgbsSe .VfPpkd-Bz112c-Jh9lGc::before,.jR8x9d .tKSZFd .VfPpkd-wZVHld-vqLbZd-eEDwDf-OWXEXe-Evexob .VfPpkd-wZVHld-EcJZQc-Bz112c-LgbsSe .VfPpkd-Bz112c-Jh9lGc::after{background-color:rgb(232,234,237);background-color:var(--mdc-ripple-color,rgb(232,234,237))}.jR8x9d .tKSZFd .VfPpkd-wZVHld-vqLbZd-eEDwDf-OWXEXe-Evexob .VfPpkd-wZVHld-EcJZQc-Bz112c-LgbsSe:hover .VfPpkd-Bz112c-Jh9lGc::before,.jR8x9d .tKSZFd .VfPpkd-wZVHld-vqLbZd-eEDwDf-OWXEXe-Evexob .VfPpkd-wZVHld-EcJZQc-Bz112c-LgbsSe.VfPpkd-ksKsZd-XxIAqe-OWXEXe-ZmdkE .VfPpkd-Bz112c-Jh9lGc::before{opacity:.08;opacity:var(--mdc-ripple-hover-opacity,.08)}.jR8x9d .tKSZFd .VfPpkd-wZVHld-vqLbZd-eEDwDf-OWXEXe-Evexob .VfPpkd-wZVHld-EcJZQc-Bz112c-LgbsSe.VfPpkd-ksKsZd-mWPk3d-OWXEXe-AHe6Kc-XpnDCe .VfPpkd-Bz112c-Jh9lGc::before,.jR8x9d .tKSZFd .VfPpkd-wZVHld-vqLbZd-eEDwDf-OWXEXe-Evexob .VfPpkd-wZVHld-EcJZQc-Bz112c-LgbsSe:not(.VfPpkd-ksKsZd-mWPk3d):focus .VfPpkd-Bz112c-Jh9lGc::before{transition-duration:75ms;opacity:.24;opacity:var(--mdc-ripple-focus-opacity,.24)}.jR8x9d .tKSZFd .VfPpkd-wZVHld-vqLbZd-eEDwDf-OWXEXe-Evexob .VfPpkd-wZVHld-EcJZQc-Bz112c-LgbsSe:not(.VfPpkd-ksKsZd-mWPk3d) .VfPpkd-Bz112c-Jh9lGc::after{transition:opacity .15s linear}.jR8x9d .tKSZFd .VfPpkd-wZVHld-vqLbZd-eEDwDf-OWXEXe-Evexob .VfPpkd-wZVHld-EcJZQc-Bz112c-LgbsSe:not(.VfPpkd-ksKsZd-mWPk3d):active .VfPpkd-Bz112c-Jh9lGc::after{transition-duration:75ms;opacity:.24;opacity:var(--mdc-ripple-press-opacity,.24)}.jR8x9d .tKSZFd .VfPpkd-wZVHld-vqLbZd-eEDwDf-OWXEXe-Evexob .VfPpkd-wZVHld-EcJZQc-Bz112c-LgbsSe.VfPpkd-ksKsZd-mWPk3d{--mdc-ripple-fg-opacity:var(--mdc-ripple-press-opacity,0.24)}.jR8x9d .zNgRPc .bwNLcf{color:rgb(232,234,237);font-family:Roboto,Arial,sans-serif;line-height:1.5rem;font-size:1rem;letter-spacing:.00625em;font-weight:400}.jR8x9d .zNgRPc .bwNLcf .VfPpkd-StrnGf-rymPhb-IhFlZd{color:rgb(154,160,166)}.jR8x9d .zNgRPc .bwNLcf .VfPpkd-StrnGf-rymPhb-ibnC6b-OWXEXe-OWB6Me .VfPpkd-StrnGf-rymPhb-b9t22c,.jR8x9d .zNgRPc .bwNLcf .VfPpkd-StrnGf-rymPhb-ibnC6b-OWXEXe-OWB6Me .VfPpkd-StrnGf-rymPhb-fpDzbe-fmcmS,.jR8x9d .zNgRPc .bwNLcf .VfPpkd-StrnGf-rymPhb-ibnC6b-OWXEXe-OWB6Me .VfPpkd-StrnGf-rymPhb-L8ivfd-fmcmS{color:rgb(232,234,237)}.jR8x9d .zNgRPc .bwNLcf .VfPpkd-StrnGf-rymPhb-ibnC6b-OWXEXe-OWB6Me .VfPpkd-StrnGf-rymPhb-b9t22c{opacity:.38}.jR8x9d .zNgRPc .bwNLcf .VfPpkd-StrnGf-rymPhb-ibnC6b-OWXEXe-gk6SMd,.jR8x9d .zNgRPc .bwNLcf .VfPpkd-StrnGf-rymPhb-ibnC6b-OWXEXe-pXU01b,.jR8x9d .zNgRPc .bwNLcf .VfPpkd-StrnGf-rymPhb-ibnC6b-OWXEXe-gk6SMd .VfPpkd-StrnGf-rymPhb-f7MjDc,.jR8x9d .zNgRPc .bwNLcf .VfPpkd-StrnGf-rymPhb-ibnC6b-OWXEXe-pXU01b .VfPpkd-StrnGf-rymPhb-f7MjDc{color:rgb(232,234,237)}.jR8x9d .zNgRPc .bwNLcf .VfPpkd-StrnGf-rymPhb-ibnC6b-OWXEXe-gk6SMd .VfPpkd-StrnGf-rymPhb-pZXsl::before{opacity:0}.jR8x9d .zNgRPc .bwNLcf .VfPpkd-StrnGf-rymPhb-ibnC6b.VfPpkd-StrnGf-rymPhb-ibnC6b-OWXEXe-gk6SMd{background-color:rgba(138,180,248,.24)}.jR8x9d .zNgRPc .bwNLcf .VfPpkd-StrnGf-rymPhb-ibnC6b.VfPpkd-StrnGf-rymPhb-ibnC6b-OWXEXe-gk6SMd .VfPpkd-StrnGf-rymPhb-pZXsl::before,.jR8x9d .zNgRPc .bwNLcf .VfPpkd-StrnGf-rymPhb-ibnC6b.VfPpkd-StrnGf-rymPhb-ibnC6b-OWXEXe-gk6SMd .VfPpkd-StrnGf-rymPhb-pZXsl::after{background-color:rgb(138,180,248);background-color:var(--mdc-ripple-color,rgb(138,180,248))}.jR8x9d .zNgRPc .bwNLcf .VfPpkd-StrnGf-rymPhb-ibnC6b.VfPpkd-StrnGf-rymPhb-ibnC6b-OWXEXe-gk6SMd:hover .VfPpkd-StrnGf-rymPhb-pZXsl::before,.jR8x9d .zNgRPc .bwNLcf .VfPpkd-StrnGf-rymPhb-ibnC6b.VfPpkd-StrnGf-rymPhb-ibnC6b-OWXEXe-gk6SMd.VfPpkd-ksKsZd-XxIAqe-OWXEXe-ZmdkE .VfPpkd-StrnGf-rymPhb-pZXsl::before{opacity:.04;opacity:var(--mdc-ripple-hover-opacity,.04)}.jR8x9d .zNgRPc .bwNLcf .VfPpkd-StrnGf-rymPhb-ibnC6b.VfPpkd-StrnGf-rymPhb-ibnC6b-OWXEXe-gk6SMd.VfPpkd-ksKsZd-mWPk3d-OWXEXe-AHe6Kc-XpnDCe .VfPpkd-StrnGf-rymPhb-pZXsl::before,.jR8x9d .zNgRPc .bwNLcf .VfPpkd-StrnGf-rymPhb-ibnC6b.VfPpkd-StrnGf-rymPhb-ibnC6b-OWXEXe-gk6SMd:not(.VfPpkd-ksKsZd-mWPk3d):focus .VfPpkd-StrnGf-rymPhb-pZXsl::before{transition-duration:75ms;opacity:.12;opacity:var(--mdc-ripple-focus-opacity,.12)}.jR8x9d .zNgRPc .bwNLcf .VfPpkd-StrnGf-rymPhb-ibnC6b.VfPpkd-StrnGf-rymPhb-ibnC6b-OWXEXe-gk6SMd:not(.VfPpkd-ksKsZd-mWPk3d) .VfPpkd-StrnGf-rymPhb-pZXsl::after{transition:opacity .15s linear}.jR8x9d .zNgRPc .bwNLcf .VfPpkd-StrnGf-rymPhb-ibnC6b.VfPpkd-StrnGf-rymPhb-ibnC6b-OWXEXe-gk6SMd:not(.VfPpkd-ksKsZd-mWPk3d):active .VfPpkd-StrnGf-rymPhb-pZXsl::after{transition-duration:75ms;opacity:.1;opacity:var(--mdc-ripple-press-opacity,.1)}.jR8x9d .zNgRPc .bwNLcf .VfPpkd-StrnGf-rymPhb-ibnC6b.VfPpkd-StrnGf-rymPhb-ibnC6b-OWXEXe-gk6SMd.VfPpkd-ksKsZd-mWPk3d{--mdc-ripple-fg-opacity:var(--mdc-ripple-press-opacity,0.1)}.jR8x9d .zNgRPc .bwNLcf .VfPpkd-StrnGf-rymPhb-L8ivfd-fmcmS{color:rgb(154,160,166)}.jR8x9d .zNgRPc .bwNLcf .VfPpkd-StrnGf-rymPhb-clz4Ic{border-bottom-color:rgba(232,234,237,.12)}.jR8x9d .zNgRPc .bwNLcf .VfPpkd-StrnGf-rymPhb-f7MjDc{color:rgb(232,234,237)}.jR8x9d .zNgRPc .bwNLcf .VfPpkd-StrnGf-rymPhb-ibnC6b .VfPpkd-StrnGf-rymPhb-pZXsl::before,.jR8x9d .zNgRPc .bwNLcf .VfPpkd-StrnGf-rymPhb-ibnC6b .VfPpkd-StrnGf-rymPhb-pZXsl::after{background-color:rgb(232,234,237);background-color:var(--mdc-ripple-color,rgb(232,234,237))}.jR8x9d .zNgRPc .bwNLcf .VfPpkd-StrnGf-rymPhb-ibnC6b:hover .VfPpkd-StrnGf-rymPhb-pZXsl::before,.jR8x9d .zNgRPc .bwNLcf .VfPpkd-StrnGf-rymPhb-ibnC6b.VfPpkd-ksKsZd-XxIAqe-OWXEXe-ZmdkE .VfPpkd-StrnGf-rymPhb-pZXsl::before{opacity:.04;opacity:var(--mdc-ripple-hover-opacity,.04)}.jR8x9d .zNgRPc .bwNLcf .VfPpkd-StrnGf-rymPhb-ibnC6b.VfPpkd-ksKsZd-mWPk3d-OWXEXe-AHe6Kc-XpnDCe .VfPpkd-StrnGf-rymPhb-pZXsl::before,.jR8x9d .zNgRPc .bwNLcf .VfPpkd-StrnGf-rymPhb-ibnC6b:not(.VfPpkd-ksKsZd-mWPk3d):focus .VfPpkd-StrnGf-rymPhb-pZXsl::before{transition-duration:75ms;opacity:.12;opacity:var(--mdc-ripple-focus-opacity,.12)}.jR8x9d .zNgRPc .bwNLcf .VfPpkd-StrnGf-rymPhb-ibnC6b:not(.VfPpkd-ksKsZd-mWPk3d) .VfPpkd-StrnGf-rymPhb-pZXsl::after{transition:opacity .15s linear}.jR8x9d .zNgRPc .bwNLcf .VfPpkd-StrnGf-rymPhb-ibnC6b:not(.VfPpkd-ksKsZd-mWPk3d):active .VfPpkd-StrnGf-rymPhb-pZXsl::after{transition-duration:75ms;opacity:.1;opacity:var(--mdc-ripple-press-opacity,.1)}.jR8x9d .zNgRPc .bwNLcf .VfPpkd-StrnGf-rymPhb-ibnC6b.VfPpkd-ksKsZd-mWPk3d{--mdc-ripple-fg-opacity:var(--mdc-ripple-press-opacity,0.1)}}@media screen and (prefers-color-scheme:dark) and (-ms-high-contrast:active),screen and (prefers-color-scheme:dark) and (forced-colors:active){.jR8x9d .zNgRPc .bwNLcf .VfPpkd-StrnGf-rymPhb-ibnC6b-OWXEXe-OWB6Me .VfPpkd-StrnGf-rymPhb-b9t22c,.jR8x9d .zNgRPc .bwNLcf .VfPpkd-StrnGf-rymPhb-ibnC6b-OWXEXe-OWB6Me .VfPpkd-StrnGf-rymPhb-fpDzbe-fmcmS,.jR8x9d .zNgRPc .bwNLcf .VfPpkd-StrnGf-rymPhb-ibnC6b-OWXEXe-OWB6Me .VfPpkd-StrnGf-rymPhb-L8ivfd-fmcmS{color:GrayText}.jR8x9d .zNgRPc .bwNLcf .VfPpkd-StrnGf-rymPhb-ibnC6b-OWXEXe-OWB6Me .VfPpkd-StrnGf-rymPhb-b9t22c{opacity:1}}@media screen and (prefers-color-scheme:dark){.jR8x9d .zNgRPc .bwNLcf .VfPpkd-rymPhb-Gtdoyb,.jR8x9d .zNgRPc .bwNLcf .VfPpkd-rymPhb-fpDzbe-fmcmS{color:rgb(232,234,237)}.jR8x9d .zNgRPc .bwNLcf .VfPpkd-rymPhb-L8ivfd-fmcmS,.jR8x9d .zNgRPc .bwNLcf .VfPpkd-rymPhb-bC5pod-fmcmS,.jR8x9d .zNgRPc .bwNLcf .VfPpkd-rymPhb-JMEf7e{color:rgb(154,160,166)}.jR8x9d .zNgRPc .bwNLcf .VfPpkd-rymPhb-ibnC6b-OWXEXe-SfQLQb-M1Soyc-Bz112c .VfPpkd-rymPhb-KkROqb,.jR8x9d .zNgRPc .bwNLcf .VfPpkd-rymPhb-ibnC6b-OWXEXe-SfQLQb-UbuQg-Bz112c .VfPpkd-rymPhb-JMEf7e,.jR8x9d .zNgRPc .bwNLcf .VfPpkd-rymPhb-ibnC6b-OWXEXe-OWB6Me .VfPpkd-rymPhb-Gtdoyb,.jR8x9d .zNgRPc .bwNLcf .VfPpkd-rymPhb-ibnC6b-OWXEXe-OWB6Me .VfPpkd-rymPhb-fpDzbe-fmcmS,.jR8x9d .zNgRPc .bwNLcf .VfPpkd-rymPhb-ibnC6b-OWXEXe-OWB6Me .VfPpkd-rymPhb-L8ivfd-fmcmS,.jR8x9d .zNgRPc .bwNLcf .VfPpkd-rymPhb-ibnC6b-OWXEXe-OWB6Me .VfPpkd-rymPhb-bC5pod-fmcmS,.jR8x9d .zNgRPc .bwNLcf .VfPpkd-rymPhb-ibnC6b-OWXEXe-OWB6Me.VfPpkd-rymPhb-ibnC6b-OWXEXe-SfQLQb-M1Soyc-Bz112c .VfPpkd-rymPhb-KkROqb,.jR8x9d .zNgRPc .bwNLcf .VfPpkd-rymPhb-ibnC6b-OWXEXe-OWB6Me.VfPpkd-rymPhb-ibnC6b-OWXEXe-SfQLQb-UbuQg-Bz112c .VfPpkd-rymPhb-JMEf7e,.jR8x9d .zNgRPc .bwNLcf .VfPpkd-rymPhb-ibnC6b-OWXEXe-OWB6Me.VfPpkd-rymPhb-ibnC6b-OWXEXe-SfQLQb-UbuQg-r4m2rf .VfPpkd-rymPhb-JMEf7e{color:rgb(232,234,237)}.jR8x9d .zNgRPc .bwNLcf .VfPpkd-rymPhb-ibnC6b-OWXEXe-OWB6Me .VfPpkd-rymPhb-KkROqb,.jR8x9d .zNgRPc .bwNLcf .VfPpkd-rymPhb-ibnC6b-OWXEXe-OWB6Me .VfPpkd-rymPhb-Gtdoyb,.jR8x9d .zNgRPc .bwNLcf .VfPpkd-rymPhb-ibnC6b-OWXEXe-OWB6Me .VfPpkd-rymPhb-JMEf7e{opacity:.38}.jR8x9d .zNgRPc .bwNLcf .VfPpkd-rymPhb-ibnC6b-OWXEXe-gk6SMd .VfPpkd-rymPhb-Gtdoyb,.jR8x9d .zNgRPc .bwNLcf .VfPpkd-rymPhb-ibnC6b-OWXEXe-gk6SMd .VfPpkd-rymPhb-fpDzbe-fmcmS,.jR8x9d .zNgRPc .bwNLcf .VfPpkd-rymPhb-ibnC6b-OWXEXe-pXU01b .VfPpkd-rymPhb-Gtdoyb,.jR8x9d .zNgRPc .bwNLcf .VfPpkd-rymPhb-ibnC6b-OWXEXe-pXU01b .VfPpkd-rymPhb-fpDzbe-fmcmS,.jR8x9d .zNgRPc .bwNLcf .VfPpkd-rymPhb-ibnC6b-OWXEXe-gk6SMd.VfPpkd-rymPhb-ibnC6b-OWXEXe-SfQLQb-M1Soyc-Bz112c .VfPpkd-rymPhb-KkROqb,.jR8x9d .zNgRPc .bwNLcf .VfPpkd-rymPhb-ibnC6b-OWXEXe-pXU01b.VfPpkd-rymPhb-ibnC6b-OWXEXe-SfQLQb-M1Soyc-Bz112c .VfPpkd-rymPhb-KkROqb{color:rgb(232,234,237)}.jR8x9d .zNgRPc .bwNLcf .VfPpkd-rymPhb-ibnC6b-OWXEXe-gk6SMd .VfPpkd-rymPhb-pZXsl::before{opacity:0}.jR8x9d .zNgRPc .bwNLcf .VfPpkd-rymPhb-ibnC6b.VfPpkd-rymPhb-ibnC6b-OWXEXe-gk6SMd{background-color:rgba(138,180,248,.24)}.jR8x9d .zNgRPc .bwNLcf .VfPpkd-rymPhb-ibnC6b.VfPpkd-rymPhb-ibnC6b-OWXEXe-gk6SMd .VfPpkd-rymPhb-pZXsl::before,.jR8x9d .zNgRPc .bwNLcf .VfPpkd-rymPhb-ibnC6b.VfPpkd-rymPhb-ibnC6b-OWXEXe-gk6SMd .VfPpkd-rymPhb-pZXsl::after{background-color:rgb(138,180,248);background-color:var(--mdc-ripple-color,rgb(138,180,248))}.jR8x9d .zNgRPc .bwNLcf .VfPpkd-rymPhb-ibnC6b.VfPpkd-rymPhb-ibnC6b-OWXEXe-gk6SMd:hover .VfPpkd-rymPhb-pZXsl::before,.jR8x9d .zNgRPc .bwNLcf .VfPpkd-rymPhb-ibnC6b.VfPpkd-rymPhb-ibnC6b-OWXEXe-gk6SMd.VfPpkd-ksKsZd-XxIAqe-OWXEXe-ZmdkE .VfPpkd-rymPhb-pZXsl::before{opacity:.04;opacity:var(--mdc-ripple-hover-opacity,.04)}.jR8x9d .zNgRPc .bwNLcf .VfPpkd-rymPhb-ibnC6b.VfPpkd-rymPhb-ibnC6b-OWXEXe-gk6SMd.VfPpkd-ksKsZd-mWPk3d-OWXEXe-AHe6Kc-XpnDCe .VfPpkd-rymPhb-pZXsl::before,.jR8x9d .zNgRPc .bwNLcf .VfPpkd-rymPhb-ibnC6b.VfPpkd-rymPhb-ibnC6b-OWXEXe-gk6SMd:not(.VfPpkd-ksKsZd-mWPk3d):focus .VfPpkd-rymPhb-pZXsl::before{transition-duration:75ms;opacity:.12;opacity:var(--mdc-ripple-focus-opacity,.12)}.jR8x9d .zNgRPc .bwNLcf .VfPpkd-rymPhb-ibnC6b.VfPpkd-rymPhb-ibnC6b-OWXEXe-gk6SMd:not(.VfPpkd-ksKsZd-mWPk3d) .VfPpkd-rymPhb-pZXsl::after{transition:opacity .15s linear}.jR8x9d .zNgRPc .bwNLcf .VfPpkd-rymPhb-ibnC6b.VfPpkd-rymPhb-ibnC6b-OWXEXe-gk6SMd:not(.VfPpkd-ksKsZd-mWPk3d):active .VfPpkd-rymPhb-pZXsl::after{transition-duration:75ms;opacity:.1;opacity:var(--mdc-ripple-press-opacity,.1)}.jR8x9d .zNgRPc .bwNLcf .VfPpkd-rymPhb-ibnC6b.VfPpkd-rymPhb-ibnC6b-OWXEXe-gk6SMd.VfPpkd-ksKsZd-mWPk3d{--mdc-ripple-fg-opacity:var(--mdc-ripple-press-opacity,0.1)}.jR8x9d .zNgRPc .bwNLcf .VfPpkd-rymPhb-L8ivfd-fmcmS{color:rgb(154,160,166)}.jR8x9d .zNgRPc .bwNLcf .VfPpkd-rymPhb-clz4Ic{background-color:rgba(232,234,237,.12)}.jR8x9d .zNgRPc .bwNLcf .VfPpkd-rymPhb-ibnC6b-OWXEXe-SfQLQb-M1Soyc-Bz112c .VfPpkd-rymPhb-KkROqb,.jR8x9d .zNgRPc .bwNLcf .VfPpkd-rymPhb-ibnC6b-OWXEXe-SfQLQb-UbuQg-Bz112c .VfPpkd-rymPhb-JMEf7e{color:rgb(232,234,237)}.jR8x9d .zNgRPc .bwNLcf .VfPpkd-rymPhb-ibnC6b .VfPpkd-rymPhb-pZXsl::before,.jR8x9d .zNgRPc .bwNLcf .VfPpkd-rymPhb-ibnC6b .VfPpkd-rymPhb-pZXsl::after{background-color:rgb(232,234,237);background-color:var(--mdc-ripple-color,rgb(232,234,237))}.jR8x9d .zNgRPc .bwNLcf .VfPpkd-rymPhb-ibnC6b:hover .VfPpkd-rymPhb-pZXsl::before,.jR8x9d .zNgRPc .bwNLcf .VfPpkd-rymPhb-ibnC6b.VfPpkd-ksKsZd-XxIAqe-OWXEXe-ZmdkE .VfPpkd-rymPhb-pZXsl::before{opacity:.04;opacity:var(--mdc-ripple-hover-opacity,.04)}.jR8x9d .zNgRPc .bwNLcf .VfPpkd-rymPhb-ibnC6b.VfPpkd-ksKsZd-mWPk3d-OWXEXe-AHe6Kc-XpnDCe .VfPpkd-rymPhb-pZXsl::before,.jR8x9d .zNgRPc .bwNLcf .VfPpkd-rymPhb-ibnC6b:not(.VfPpkd-ksKsZd-mWPk3d):focus .VfPpkd-rymPhb-pZXsl::before{transition-duration:75ms;opacity:.12;opacity:var(--mdc-ripple-focus-opacity,.12)}.jR8x9d .zNgRPc .bwNLcf .VfPpkd-rymPhb-ibnC6b:not(.VfPpkd-ksKsZd-mWPk3d) .VfPpkd-rymPhb-pZXsl::after{transition:opacity .15s linear}.jR8x9d .zNgRPc .bwNLcf .VfPpkd-rymPhb-ibnC6b:not(.VfPpkd-ksKsZd-mWPk3d):active .VfPpkd-rymPhb-pZXsl::after{transition-duration:75ms;opacity:.1;opacity:var(--mdc-ripple-press-opacity,.1)}.jR8x9d .zNgRPc .bwNLcf .VfPpkd-rymPhb-ibnC6b.VfPpkd-ksKsZd-mWPk3d{--mdc-ripple-fg-opacity:var(--mdc-ripple-press-opacity,0.1)}}@media screen and (prefers-color-scheme:dark) and (forced-colors:active){.jR8x9d .zNgRPc .bwNLcf .VfPpkd-rymPhb-ibnC6b-OWXEXe-OWB6Me .VfPpkd-rymPhb-Gtdoyb,.jR8x9d .zNgRPc .bwNLcf .VfPpkd-rymPhb-ibnC6b-OWXEXe-OWB6Me .VfPpkd-rymPhb-fpDzbe-fmcmS,.jR8x9d .zNgRPc .bwNLcf .VfPpkd-rymPhb-ibnC6b-OWXEXe-OWB6Me .VfPpkd-rymPhb-L8ivfd-fmcmS,.jR8x9d .zNgRPc .bwNLcf .VfPpkd-rymPhb-ibnC6b-OWXEXe-OWB6Me .VfPpkd-rymPhb-bC5pod-fmcmS,.jR8x9d .zNgRPc .bwNLcf .VfPpkd-rymPhb-ibnC6b-OWXEXe-OWB6Me.VfPpkd-rymPhb-ibnC6b-OWXEXe-SfQLQb-M1Soyc-Bz112c .VfPpkd-rymPhb-KkROqb,.jR8x9d .zNgRPc .bwNLcf .VfPpkd-rymPhb-ibnC6b-OWXEXe-OWB6Me.VfPpkd-rymPhb-ibnC6b-OWXEXe-SfQLQb-UbuQg-Bz112c .VfPpkd-rymPhb-JMEf7e,.jR8x9d .zNgRPc .bwNLcf .VfPpkd-rymPhb-ibnC6b-OWXEXe-OWB6Me.VfPpkd-rymPhb-ibnC6b-OWXEXe-SfQLQb-UbuQg-r4m2rf .VfPpkd-rymPhb-JMEf7e{color:GrayText}.jR8x9d .zNgRPc .bwNLcf .VfPpkd-rymPhb-ibnC6b-OWXEXe-OWB6Me .VfPpkd-rymPhb-KkROqb,.jR8x9d .zNgRPc .bwNLcf .VfPpkd-rymPhb-ibnC6b-OWXEXe-OWB6Me .VfPpkd-rymPhb-Gtdoyb,.jR8x9d .zNgRPc .bwNLcf .VfPpkd-rymPhb-ibnC6b-OWXEXe-OWB6Me .VfPpkd-rymPhb-JMEf7e{opacity:1}}@media screen and (prefers-color-scheme:dark){.jR8x9d .zNgRPc .VfPpkd-XqMb-hFsbo{color:rgb(154,160,166)}.jR8x9d .zNgRPc .VfPpkd-XqMb-hFsbo:hover{color:rgb(248,249,250)}.jR8x9d .zNgRPc .VfPpkd-XqMb-hFsbo.VfPpkd-ksKsZd-mWPk3d-OWXEXe-AHe6Kc-XpnDCe,.jR8x9d .zNgRPc .VfPpkd-XqMb-hFsbo:not(.VfPpkd-ksKsZd-mWPk3d):focus{color:rgb(248,249,250)}.jR8x9d .zNgRPc .VfPpkd-XqMb-hFsbo:not(:disabled):active{color:rgb(248,249,250)}.jR8x9d .zNgRPc .VfPpkd-XqMb-hFsbo .VfPpkd-Bz112c-Jh9lGc::before,.jR8x9d .zNgRPc .VfPpkd-XqMb-hFsbo .VfPpkd-Bz112c-Jh9lGc::after{background-color:rgb(232,234,237);background-color:var(--mdc-ripple-color,rgb(232,234,237))}.jR8x9d .zNgRPc .VfPpkd-XqMb-hFsbo-OWXEXe-FGU2Pb-OWB6Me{color:rgba(232,234,237,.38)}.jR8x9d .zNgRPc .VfPpkd-XqMb-hFsbo-OWXEXe-FGU2Pb-OWB6Me:hover,.jR8x9d .zNgRPc .VfPpkd-XqMb-hFsbo-OWXEXe-FGU2Pb-OWB6Me.VfPpkd-ksKsZd-mWPk3d-OWXEXe-AHe6Kc-XpnDCe,.jR8x9d .zNgRPc .VfPpkd-XqMb-hFsbo-OWXEXe-FGU2Pb-OWB6Me:not(.VfPpkd-ksKsZd-mWPk3d):focus,.jR8x9d .zNgRPc .VfPpkd-XqMb-hFsbo-OWXEXe-FGU2Pb-OWB6Me:not(:disabled):active{color:rgba(232,234,237,.38)}.jR8x9d .zNgRPc .VfPpkd-XqMb-S2QgGf-kj0dLd:not(:disabled){color:rgb(154,160,166);color:var(--mdc-text-button-label-text-color,rgb(154,160,166))}.jR8x9d .zNgRPc .VfPpkd-XqMb-S2QgGf-kj0dLd:not(:disabled):hover{color:rgb(248,249,250);color:var(--mdc-text-button-hover-label-text-color,rgb(248,249,250))}.jR8x9d .zNgRPc .VfPpkd-XqMb-S2QgGf-kj0dLd:not(:disabled).VfPpkd-ksKsZd-mWPk3d-OWXEXe-AHe6Kc-XpnDCe,.jR8x9d .zNgRPc .VfPpkd-XqMb-S2QgGf-kj0dLd:not(:disabled):not(.VfPpkd-ksKsZd-mWPk3d):focus{color:rgb(248,249,250);color:var(--mdc-text-button-focus-label-text-color,rgb(248,249,250))}.jR8x9d .zNgRPc .VfPpkd-XqMb-S2QgGf-kj0dLd:not(:disabled):not(:disabled):active{color:rgb(248,249,250);color:var(--mdc-text-button-pressed-label-text-color,rgb(248,249,250))}.jR8x9d .zNgRPc .VfPpkd-XqMb-S2QgGf-kj0dLd:disabled{color:rgb(154,160,166);color:var(--mdc-text-button-disabled-label-text-color,rgb(154,160,166))}.jR8x9d .zNgRPc .VfPpkd-hOoMI-haAclf .VfPpkd-hOoMI-ibnC6b.VfPpkd-rymPhb-ibnC6b-OWXEXe-gk6SMd{background-color:transparent}.jR8x9d .zNgRPc .VfPpkd-hOoMI-haAclf .VfPpkd-hOoMI-ibnC6b.VfPpkd-rymPhb-ibnC6b-OWXEXe-gk6SMd .VfPpkd-rymPhb-pZXsl::before,.jR8x9d .zNgRPc .VfPpkd-hOoMI-haAclf .VfPpkd-hOoMI-ibnC6b.VfPpkd-rymPhb-ibnC6b-OWXEXe-gk6SMd .VfPpkd-rymPhb-pZXsl::after{background-color:rgb(232,234,237);background-color:var(--mdc-ripple-color,rgb(232,234,237))}.jR8x9d .zNgRPc .VfPpkd-hOoMI-haAclf{background-color:rgb(32,33,36)}.jR8x9d .zNgRPc.VfPpkd-Zc28rc-OWXEXe-Mgvhmd-S2QgGf-FNFY6c .VfPpkd-XqMb-S2QgGf-kj0dLd:not(:disabled),.jR8x9d .zNgRPc.VfPpkd-Zc28rc-OWXEXe-WRCQcd-S2QgGf-FNFY6c .VfPpkd-XqMb-S2QgGf-kj0dLd:not(:disabled){color:rgb(248,249,250);color:var(--mdc-text-button-label-text-color,rgb(248,249,250))}.jR8x9d .zNgRPc.VfPpkd-Zc28rc-OWXEXe-Mgvhmd-S2QgGf-FNFY6c .VfPpkd-XqMb-S2QgGf-kj0dLd:not(:disabled),.jR8x9d .zNgRPc.VfPpkd-Zc28rc-OWXEXe-WRCQcd-S2QgGf-FNFY6c .VfPpkd-XqMb-S2QgGf-kj0dLd:not(:disabled){background-color:rgba(232,234,237,.12)}.jR8x9d .zNgRPc.VfPpkd-Zc28rc-OWXEXe-Mgvhmd-S2QgGf-FNFY6c .VfPpkd-hOoMI-haAclf,.jR8x9d .zNgRPc.VfPpkd-Zc28rc-OWXEXe-WRCQcd-S2QgGf-FNFY6c .VfPpkd-hOoMI-haAclf{border-top-color:rgb(95,99,104)}.jR8x9d .zNgRPc .VfPpkd-HhDot-tJHJj{color:rgb(154,160,166)}.jR8x9d .zNgRPc .VfPpkd-RKhZBe-LgbsSe:not(:disabled){color:rgb(232,234,237);color:var(--mdc-outlined-button-label-text-color,rgb(232,234,237))}.jR8x9d .zNgRPc .VfPpkd-RKhZBe-LgbsSe:not(:disabled):hover{color:rgb(248,249,250);color:var(--mdc-outlined-button-hover-label-text-color,rgb(248,249,250))}.jR8x9d .zNgRPc .VfPpkd-RKhZBe-LgbsSe:not(:disabled).VfPpkd-ksKsZd-mWPk3d-OWXEXe-AHe6Kc-XpnDCe,.jR8x9d .zNgRPc .VfPpkd-RKhZBe-LgbsSe:not(:disabled):not(.VfPpkd-ksKsZd-mWPk3d):focus{color:rgb(248,249,250);color:var(--mdc-outlined-button-focus-label-text-color,rgb(248,249,250))}.jR8x9d .zNgRPc .VfPpkd-RKhZBe-LgbsSe:not(:disabled):not(:disabled):active{color:rgb(248,249,250);color:var(--mdc-outlined-button-pressed-label-text-color,rgb(248,249,250))}.jR8x9d .zNgRPc .VfPpkd-RKhZBe-LgbsSe:disabled{color:rgb(154,160,166);color:var(--mdc-outlined-button-disabled-label-text-color,rgb(154,160,166))}.jR8x9d .zNgRPc .VfPpkd-RKhZBe-LgbsSe .VfPpkd-Jh9lGc::before{background-color:rgb(232,234,237);background-color:var(--mdc-outlined-button-hover-state-layer-color,rgb(232,234,237))}.jR8x9d .zNgRPc .VfPpkd-RKhZBe-LgbsSe .VfPpkd-Jh9lGc::after{background-color:rgb(232,234,237);background-color:var(--mdc-outlined-button-pressed-state-layer-color,rgb(232,234,237))}.jR8x9d .zNgRPc .VfPpkd-RKhZBe-LgbsSe:hover .VfPpkd-Jh9lGc::before,.jR8x9d .zNgRPc .VfPpkd-RKhZBe-LgbsSe.VfPpkd-ksKsZd-XxIAqe-OWXEXe-ZmdkE .VfPpkd-Jh9lGc::before{opacity:.04;opacity:var(--mdc-outlined-button-hover-state-layer-opacity,.04)}.jR8x9d .zNgRPc .VfPpkd-RKhZBe-LgbsSe.VfPpkd-ksKsZd-mWPk3d-OWXEXe-AHe6Kc-XpnDCe .VfPpkd-Jh9lGc::before,.jR8x9d .zNgRPc .VfPpkd-RKhZBe-LgbsSe:not(.VfPpkd-ksKsZd-mWPk3d):focus .VfPpkd-Jh9lGc::before{transition-duration:75ms;opacity:.12;opacity:var(--mdc-outlined-button-focus-state-layer-opacity,.12)}.jR8x9d .zNgRPc .VfPpkd-RKhZBe-LgbsSe:not(.VfPpkd-ksKsZd-mWPk3d) .VfPpkd-Jh9lGc::after{transition:opacity .15s linear}.jR8x9d .zNgRPc .VfPpkd-RKhZBe-LgbsSe:not(.VfPpkd-ksKsZd-mWPk3d):active .VfPpkd-Jh9lGc::after{transition-duration:75ms;opacity:.1;opacity:var(--mdc-outlined-button-pressed-state-layer-opacity,.1)}.jR8x9d .zNgRPc .VfPpkd-RKhZBe-LgbsSe.VfPpkd-ksKsZd-mWPk3d{--mdc-ripple-fg-opacity:var(--mdc-outlined-button-pressed-state-layer-opacity,0.1)}.jR8x9d .zNgRPc .VfPpkd-RKhZBe-LgbsSe-OWXEXe-bAa4l:not(:disabled){color:rgb(138,180,248);color:var(--mdc-outlined-button-label-text-color,rgb(138,180,248))}.jR8x9d .zNgRPc .VfPpkd-RKhZBe-LgbsSe-OWXEXe-bAa4l:not(:disabled):hover{color:rgb(174,203,250);color:var(--mdc-outlined-button-hover-label-text-color,rgb(174,203,250))}.jR8x9d .zNgRPc .VfPpkd-RKhZBe-LgbsSe-OWXEXe-bAa4l:not(:disabled).VfPpkd-ksKsZd-mWPk3d-OWXEXe-AHe6Kc-XpnDCe,.jR8x9d .zNgRPc .VfPpkd-RKhZBe-LgbsSe-OWXEXe-bAa4l:not(:disabled):not(.VfPpkd-ksKsZd-mWPk3d):focus{color:rgb(174,203,250);color:var(--mdc-outlined-button-focus-label-text-color,rgb(174,203,250))}.jR8x9d .zNgRPc .VfPpkd-RKhZBe-LgbsSe-OWXEXe-bAa4l:not(:disabled):not(:disabled):active{color:rgb(174,203,250);color:var(--mdc-outlined-button-pressed-label-text-color,rgb(174,203,250))}.jR8x9d .zNgRPc .VfPpkd-RKhZBe-LgbsSe-OWXEXe-bAa4l .VfPpkd-Jh9lGc::before{background-color:rgb(174,203,250);background-color:var(--mdc-outlined-button-hover-state-layer-color,rgb(174,203,250))}.jR8x9d .zNgRPc .VfPpkd-RKhZBe-LgbsSe-OWXEXe-bAa4l .VfPpkd-Jh9lGc::after{background-color:rgb(174,203,250);background-color:var(--mdc-outlined-button-pressed-state-layer-color,rgb(174,203,250))}.jR8x9d .zNgRPc .VfPpkd-RKhZBe-LgbsSe-OWXEXe-bAa4l:hover .VfPpkd-Jh9lGc::before,.jR8x9d .zNgRPc .VfPpkd-RKhZBe-LgbsSe-OWXEXe-bAa4l.VfPpkd-ksKsZd-XxIAqe-OWXEXe-ZmdkE .VfPpkd-Jh9lGc::before{opacity:.04;opacity:var(--mdc-outlined-button-hover-state-layer-opacity,.04)}.jR8x9d .zNgRPc .VfPpkd-RKhZBe-LgbsSe-OWXEXe-bAa4l.VfPpkd-ksKsZd-mWPk3d-OWXEXe-AHe6Kc-XpnDCe .VfPpkd-Jh9lGc::before,.jR8x9d .zNgRPc .VfPpkd-RKhZBe-LgbsSe-OWXEXe-bAa4l:not(.VfPpkd-ksKsZd-mWPk3d):focus .VfPpkd-Jh9lGc::before{transition-duration:75ms;opacity:.12;opacity:var(--mdc-outlined-button-focus-state-layer-opacity,.12)}.jR8x9d .zNgRPc .VfPpkd-RKhZBe-LgbsSe-OWXEXe-bAa4l:not(.VfPpkd-ksKsZd-mWPk3d) .VfPpkd-Jh9lGc::after{transition:opacity .15s linear}.jR8x9d .zNgRPc .VfPpkd-RKhZBe-LgbsSe-OWXEXe-bAa4l:not(.VfPpkd-ksKsZd-mWPk3d):active .VfPpkd-Jh9lGc::after{transition-duration:75ms;opacity:.1;opacity:var(--mdc-outlined-button-pressed-state-layer-opacity,.1)}.jR8x9d .zNgRPc .VfPpkd-RKhZBe-LgbsSe-OWXEXe-bAa4l.VfPpkd-ksKsZd-mWPk3d{--mdc-ripple-fg-opacity:var(--mdc-outlined-button-pressed-state-layer-opacity,0.1)}.jR8x9d .zNgRPc .VfPpkd-RKhZBe-LgbsSe-OWXEXe-bAa4l:not(:disabled){border-color:rgb(138,180,248);border-color:var(--mdc-outlined-button-outline-color,rgb(138,180,248))}.jR8x9d .zNgRPc .VfPpkd-RKhZBe-LgbsSe-OWXEXe-bAa4l:not(:disabled).VfPpkd-ksKsZd-mWPk3d-OWXEXe-AHe6Kc-XpnDCe,.jR8x9d .zNgRPc .VfPpkd-RKhZBe-LgbsSe-OWXEXe-bAa4l:not(:disabled):not(.VfPpkd-ksKsZd-mWPk3d):focus{border-color:rgb(174,203,250);border-color:var(--mdc-outlined-button-focus-outline-color,rgb(174,203,250))}.jR8x9d .zNgRPc .VfPpkd-RKhZBe-LgbsSe-OWXEXe-bAa4l:not(:disabled):hover{border-color:rgb(174,203,250)}.jR8x9d .zNgRPc .VfPpkd-RKhZBe-LgbsSe-OWXEXe-bAa4l:not(:disabled):active,.jR8x9d .zNgRPc .VfPpkd-RKhZBe-LgbsSe-OWXEXe-bAa4l:not(:disabled):focus:active{border-color:rgb(174,203,250)}.jR8x9d .zNgRPc .VfPpkd-RKhZBe-LgbsSe-OWXEXe-gk6SMd:not(:disabled){color:rgb(32,33,36);color:var(--mdc-outlined-button-label-text-color,rgb(32,33,36))}.jR8x9d .zNgRPc .VfPpkd-RKhZBe-LgbsSe-OWXEXe-gk6SMd:not(:disabled):hover{color:rgb(32,33,36);color:var(--mdc-outlined-button-hover-label-text-color,rgb(32,33,36))}.jR8x9d .zNgRPc .VfPpkd-RKhZBe-LgbsSe-OWXEXe-gk6SMd:not(:disabled).VfPpkd-ksKsZd-mWPk3d-OWXEXe-AHe6Kc-XpnDCe,.jR8x9d .zNgRPc .VfPpkd-RKhZBe-LgbsSe-OWXEXe-gk6SMd:not(:disabled):not(.VfPpkd-ksKsZd-mWPk3d):focus{color:rgb(32,33,36);color:var(--mdc-outlined-button-focus-label-text-color,rgb(32,33,36))}.jR8x9d .zNgRPc .VfPpkd-RKhZBe-LgbsSe-OWXEXe-gk6SMd:not(:disabled):not(:disabled):active{color:rgb(32,33,36);color:var(--mdc-outlined-button-pressed-label-text-color,rgb(32,33,36))}.jR8x9d .zNgRPc .VfPpkd-RKhZBe-LgbsSe-OWXEXe-gk6SMd .VfPpkd-Jh9lGc::before{background-color:#fff;background-color:var(--mdc-outlined-button-hover-state-layer-color,#fff)}.jR8x9d .zNgRPc .VfPpkd-RKhZBe-LgbsSe-OWXEXe-gk6SMd .VfPpkd-Jh9lGc::after{background-color:#fff;background-color:var(--mdc-outlined-button-pressed-state-layer-color,#fff)}.jR8x9d .zNgRPc .VfPpkd-RKhZBe-LgbsSe-OWXEXe-gk6SMd:hover .VfPpkd-Jh9lGc::before,.jR8x9d .zNgRPc .VfPpkd-RKhZBe-LgbsSe-OWXEXe-gk6SMd.VfPpkd-ksKsZd-XxIAqe-OWXEXe-ZmdkE .VfPpkd-Jh9lGc::before{opacity:.16;opacity:var(--mdc-outlined-button-hover-state-layer-opacity,.16)}.jR8x9d .zNgRPc .VfPpkd-RKhZBe-LgbsSe-OWXEXe-gk6SMd.VfPpkd-ksKsZd-mWPk3d-OWXEXe-AHe6Kc-XpnDCe .VfPpkd-Jh9lGc::before,.jR8x9d .zNgRPc .VfPpkd-RKhZBe-LgbsSe-OWXEXe-gk6SMd:not(.VfPpkd-ksKsZd-mWPk3d):focus .VfPpkd-Jh9lGc::before{transition-duration:75ms;opacity:.24;opacity:var(--mdc-outlined-button-focus-state-layer-opacity,.24)}.jR8x9d .zNgRPc .VfPpkd-RKhZBe-LgbsSe-OWXEXe-gk6SMd:not(.VfPpkd-ksKsZd-mWPk3d) .VfPpkd-Jh9lGc::after{transition:opacity .15s linear}.jR8x9d .zNgRPc .VfPpkd-RKhZBe-LgbsSe-OWXEXe-gk6SMd:not(.VfPpkd-ksKsZd-mWPk3d):active .VfPpkd-Jh9lGc::after{transition-duration:75ms;opacity:.2;opacity:var(--mdc-outlined-button-pressed-state-layer-opacity,.2)}.jR8x9d .zNgRPc .VfPpkd-RKhZBe-LgbsSe-OWXEXe-gk6SMd.VfPpkd-ksKsZd-mWPk3d{--mdc-ripple-fg-opacity:var(--mdc-outlined-button-pressed-state-layer-opacity,0.2)}.jR8x9d .zNgRPc .VfPpkd-RKhZBe-LgbsSe-OWXEXe-gk6SMd:not(:disabled){background-color:rgb(138,180,248)}.jR8x9d .zNgRPc .VfPpkd-RKhZBe-LgbsSe-OWXEXe-gk6SMd:not(:disabled):hover{background-color:rgb(138,180,248)}.jR8x9d .zNgRPc .VfPpkd-RKhZBe-LgbsSe-OWXEXe-gk6SMd:not(:disabled).VfPpkd-ksKsZd-mWPk3d-OWXEXe-AHe6Kc-XpnDCe,.jR8x9d .zNgRPc .VfPpkd-RKhZBe-LgbsSe-OWXEXe-gk6SMd:not(:disabled):not(.VfPpkd-ksKsZd-mWPk3d):focus{background-color:rgb(138,180,248)}.jR8x9d .zNgRPc .VfPpkd-RKhZBe-LgbsSe-OWXEXe-gk6SMd:not(:disabled):not(:disabled):active{background-color:rgb(138,180,248)}.jR8x9d .zNgRPc .VfPpkd-RKhZBe-LgbsSe-OWXEXe-OWB6Me:not(:disabled){color:rgb(154,160,166);color:var(--mdc-outlined-button-label-text-color,rgb(154,160,166))}.jR8x9d .zNgRPc .VfPpkd-RKhZBe-LgbsSe-OWXEXe-OWB6Me:not(:disabled):hover{color:rgb(154,160,166);color:var(--mdc-outlined-button-hover-label-text-color,rgb(154,160,166))}.jR8x9d .zNgRPc .VfPpkd-RKhZBe-LgbsSe-OWXEXe-OWB6Me:not(:disabled).VfPpkd-ksKsZd-mWPk3d-OWXEXe-AHe6Kc-XpnDCe,.jR8x9d .zNgRPc .VfPpkd-RKhZBe-LgbsSe-OWXEXe-OWB6Me:not(:disabled):not(.VfPpkd-ksKsZd-mWPk3d):focus{color:rgb(154,160,166);color:var(--mdc-outlined-button-focus-label-text-color,rgb(154,160,166))}.jR8x9d .zNgRPc .VfPpkd-RKhZBe-LgbsSe-OWXEXe-OWB6Me:not(:disabled):not(:disabled):active{color:rgb(154,160,166);color:var(--mdc-outlined-button-pressed-label-text-color,rgb(154,160,166))}.jR8x9d .zNgRPc .VfPpkd-RKhZBe-LgbsSe-OWXEXe-C3kE6:not(:disabled){color:rgb(154,160,166);color:var(--mdc-outlined-button-label-text-color,rgb(154,160,166))}.jR8x9d .zNgRPc .VfPpkd-RKhZBe-LgbsSe-OWXEXe-C3kE6:not(:disabled):hover{color:rgb(248,249,250);color:var(--mdc-outlined-button-hover-label-text-color,rgb(248,249,250))}.jR8x9d .zNgRPc .VfPpkd-RKhZBe-LgbsSe-OWXEXe-C3kE6:not(:disabled).VfPpkd-ksKsZd-mWPk3d-OWXEXe-AHe6Kc-XpnDCe,.jR8x9d .zNgRPc .VfPpkd-RKhZBe-LgbsSe-OWXEXe-C3kE6:not(:disabled):not(.VfPpkd-ksKsZd-mWPk3d):focus{color:rgb(248,249,250);color:var(--mdc-outlined-button-focus-label-text-color,rgb(248,249,250))}.jR8x9d .zNgRPc .VfPpkd-RKhZBe-LgbsSe-OWXEXe-C3kE6:not(:disabled):not(:disabled):active{color:rgb(248,249,250);color:var(--mdc-outlined-button-pressed-label-text-color,rgb(248,249,250))}.jR8x9d .zNgRPc .VfPpkd-RKhZBe-LgbsSe-OWXEXe-C3kE6.VfPpkd-RKhZBe-LgbsSe-OWXEXe-bAa4l:not(:disabled){color:rgb(138,180,248);color:var(--mdc-outlined-button-label-text-color,rgb(138,180,248))}.jR8x9d .zNgRPc .VfPpkd-RKhZBe-LgbsSe-OWXEXe-C3kE6.VfPpkd-RKhZBe-LgbsSe-OWXEXe-bAa4l:not(:disabled):hover{color:rgb(174,203,250);color:var(--mdc-outlined-button-hover-label-text-color,rgb(174,203,250))}.jR8x9d .zNgRPc .VfPpkd-RKhZBe-LgbsSe-OWXEXe-C3kE6.VfPpkd-RKhZBe-LgbsSe-OWXEXe-bAa4l:not(:disabled).VfPpkd-ksKsZd-mWPk3d-OWXEXe-AHe6Kc-XpnDCe,.jR8x9d .zNgRPc .VfPpkd-RKhZBe-LgbsSe-OWXEXe-C3kE6.VfPpkd-RKhZBe-LgbsSe-OWXEXe-bAa4l:not(:disabled):not(.VfPpkd-ksKsZd-mWPk3d):focus{color:rgb(174,203,250);color:var(--mdc-outlined-button-focus-label-text-color,rgb(174,203,250))}.jR8x9d .zNgRPc .VfPpkd-RKhZBe-LgbsSe-OWXEXe-C3kE6.VfPpkd-RKhZBe-LgbsSe-OWXEXe-bAa4l:not(:disabled):not(:disabled):active{color:rgb(174,203,250);color:var(--mdc-outlined-button-pressed-label-text-color,rgb(174,203,250))}.jR8x9d .zNgRPc .VfPpkd-RKhZBe-LgbsSe-OWXEXe-C3kE6.VfPpkd-RKhZBe-LgbsSe-OWXEXe-bAa4l .VfPpkd-Jh9lGc::before{background-color:rgb(174,203,250);background-color:var(--mdc-outlined-button-hover-state-layer-color,rgb(174,203,250))}.jR8x9d .zNgRPc .VfPpkd-RKhZBe-LgbsSe-OWXEXe-C3kE6.VfPpkd-RKhZBe-LgbsSe-OWXEXe-bAa4l .VfPpkd-Jh9lGc::after{background-color:rgb(174,203,250);background-color:var(--mdc-outlined-button-pressed-state-layer-color,rgb(174,203,250))}.jR8x9d .zNgRPc .VfPpkd-RKhZBe-LgbsSe-OWXEXe-C3kE6.VfPpkd-RKhZBe-LgbsSe-OWXEXe-bAa4l:hover .VfPpkd-Jh9lGc::before,.jR8x9d .zNgRPc .VfPpkd-RKhZBe-LgbsSe-OWXEXe-C3kE6.VfPpkd-RKhZBe-LgbsSe-OWXEXe-bAa4l.VfPpkd-ksKsZd-XxIAqe-OWXEXe-ZmdkE .VfPpkd-Jh9lGc::before{opacity:.04;opacity:var(--mdc-outlined-button-hover-state-layer-opacity,.04)}.jR8x9d .zNgRPc .VfPpkd-RKhZBe-LgbsSe-OWXEXe-C3kE6.VfPpkd-RKhZBe-LgbsSe-OWXEXe-bAa4l.VfPpkd-ksKsZd-mWPk3d-OWXEXe-AHe6Kc-XpnDCe .VfPpkd-Jh9lGc::before,.jR8x9d .zNgRPc .VfPpkd-RKhZBe-LgbsSe-OWXEXe-C3kE6.VfPpkd-RKhZBe-LgbsSe-OWXEXe-bAa4l:not(.VfPpkd-ksKsZd-mWPk3d):focus .VfPpkd-Jh9lGc::before{transition-duration:75ms;opacity:.12;opacity:var(--mdc-outlined-button-focus-state-layer-opacity,.12)}.jR8x9d .zNgRPc .VfPpkd-RKhZBe-LgbsSe-OWXEXe-C3kE6.VfPpkd-RKhZBe-LgbsSe-OWXEXe-bAa4l:not(.VfPpkd-ksKsZd-mWPk3d) .VfPpkd-Jh9lGc::after{transition:opacity .15s linear}.jR8x9d .zNgRPc .VfPpkd-RKhZBe-LgbsSe-OWXEXe-C3kE6.VfPpkd-RKhZBe-LgbsSe-OWXEXe-bAa4l:not(.VfPpkd-ksKsZd-mWPk3d):active .VfPpkd-Jh9lGc::after{transition-duration:75ms;opacity:.1;opacity:var(--mdc-outlined-button-pressed-state-layer-opacity,.1)}.jR8x9d .zNgRPc .VfPpkd-RKhZBe-LgbsSe-OWXEXe-C3kE6.VfPpkd-RKhZBe-LgbsSe-OWXEXe-bAa4l.VfPpkd-ksKsZd-mWPk3d{--mdc-ripple-fg-opacity:var(--mdc-outlined-button-pressed-state-layer-opacity,0.1)}.jR8x9d .zNgRPc .VfPpkd-RKhZBe-LgbsSe-OWXEXe-C3kE6.VfPpkd-RKhZBe-LgbsSe-OWXEXe-bAa4l:not(:disabled){border-color:rgb(138,180,248);border-color:var(--mdc-outlined-button-outline-color,rgb(138,180,248))}.jR8x9d .zNgRPc .VfPpkd-RKhZBe-LgbsSe-OWXEXe-C3kE6.VfPpkd-RKhZBe-LgbsSe-OWXEXe-bAa4l:not(:disabled).VfPpkd-ksKsZd-mWPk3d-OWXEXe-AHe6Kc-XpnDCe,.jR8x9d .zNgRPc .VfPpkd-RKhZBe-LgbsSe-OWXEXe-C3kE6.VfPpkd-RKhZBe-LgbsSe-OWXEXe-bAa4l:not(:disabled):not(.VfPpkd-ksKsZd-mWPk3d):focus{border-color:rgb(174,203,250);border-color:var(--mdc-outlined-button-focus-outline-color,rgb(174,203,250))}.jR8x9d .zNgRPc .VfPpkd-RKhZBe-LgbsSe-OWXEXe-C3kE6.VfPpkd-RKhZBe-LgbsSe-OWXEXe-bAa4l:not(:disabled):hover{border-color:rgb(174,203,250)}.jR8x9d .zNgRPc .VfPpkd-RKhZBe-LgbsSe-OWXEXe-C3kE6.VfPpkd-RKhZBe-LgbsSe-OWXEXe-bAa4l:not(:disabled):active,.jR8x9d .zNgRPc .VfPpkd-RKhZBe-LgbsSe-OWXEXe-C3kE6.VfPpkd-RKhZBe-LgbsSe-OWXEXe-bAa4l:not(:disabled):focus:active{border-color:rgb(174,203,250)}.jR8x9d .zNgRPc .VfPpkd-RKhZBe-LgbsSe-OWXEXe-C3kE6.VfPpkd-RKhZBe-LgbsSe-OWXEXe-gk6SMd:not(:disabled){color:rgb(32,33,36);color:var(--mdc-outlined-button-label-text-color,rgb(32,33,36))}.jR8x9d .zNgRPc .VfPpkd-RKhZBe-LgbsSe-OWXEXe-C3kE6.VfPpkd-RKhZBe-LgbsSe-OWXEXe-gk6SMd:not(:disabled):hover{color:rgb(32,33,36);color:var(--mdc-outlined-button-hover-label-text-color,rgb(32,33,36))}.jR8x9d .zNgRPc .VfPpkd-RKhZBe-LgbsSe-OWXEXe-C3kE6.VfPpkd-RKhZBe-LgbsSe-OWXEXe-gk6SMd:not(:disabled).VfPpkd-ksKsZd-mWPk3d-OWXEXe-AHe6Kc-XpnDCe,.jR8x9d .zNgRPc .VfPpkd-RKhZBe-LgbsSe-OWXEXe-C3kE6.VfPpkd-RKhZBe-LgbsSe-OWXEXe-gk6SMd:not(:disabled):not(.VfPpkd-ksKsZd-mWPk3d):focus{color:rgb(32,33,36);color:var(--mdc-outlined-button-focus-label-text-color,rgb(32,33,36))}.jR8x9d .zNgRPc .VfPpkd-RKhZBe-LgbsSe-OWXEXe-C3kE6.VfPpkd-RKhZBe-LgbsSe-OWXEXe-gk6SMd:not(:disabled):not(:disabled):active{color:rgb(32,33,36);color:var(--mdc-outlined-button-pressed-label-text-color,rgb(32,33,36))}.jR8x9d .zNgRPc .VfPpkd-RKhZBe-LgbsSe-OWXEXe-C3kE6.VfPpkd-RKhZBe-LgbsSe-OWXEXe-gk6SMd .VfPpkd-Jh9lGc::before{background-color:#fff;background-color:var(--mdc-outlined-button-hover-state-layer-color,#fff)}.jR8x9d .zNgRPc .VfPpkd-RKhZBe-LgbsSe-OWXEXe-C3kE6.VfPpkd-RKhZBe-LgbsSe-OWXEXe-gk6SMd .VfPpkd-Jh9lGc::after{background-color:#fff;background-color:var(--mdc-outlined-button-pressed-state-layer-color,#fff)}.jR8x9d .zNgRPc .VfPpkd-RKhZBe-LgbsSe-OWXEXe-C3kE6.VfPpkd-RKhZBe-LgbsSe-OWXEXe-gk6SMd:hover .VfPpkd-Jh9lGc::before,.jR8x9d .zNgRPc .VfPpkd-RKhZBe-LgbsSe-OWXEXe-C3kE6.VfPpkd-RKhZBe-LgbsSe-OWXEXe-gk6SMd.VfPpkd-ksKsZd-XxIAqe-OWXEXe-ZmdkE .VfPpkd-Jh9lGc::before{opacity:.16;opacity:var(--mdc-outlined-button-hover-state-layer-opacity,.16)}.jR8x9d .zNgRPc .VfPpkd-RKhZBe-LgbsSe-OWXEXe-C3kE6.VfPpkd-RKhZBe-LgbsSe-OWXEXe-gk6SMd.VfPpkd-ksKsZd-mWPk3d-OWXEXe-AHe6Kc-XpnDCe .VfPpkd-Jh9lGc::before,.jR8x9d .zNgRPc .VfPpkd-RKhZBe-LgbsSe-OWXEXe-C3kE6.VfPpkd-RKhZBe-LgbsSe-OWXEXe-gk6SMd:not(.VfPpkd-ksKsZd-mWPk3d):focus .VfPpkd-Jh9lGc::before{transition-duration:75ms;opacity:.24;opacity:var(--mdc-outlined-button-focus-state-layer-opacity,.24)}.jR8x9d .zNgRPc .VfPpkd-RKhZBe-LgbsSe-OWXEXe-C3kE6.VfPpkd-RKhZBe-LgbsSe-OWXEXe-gk6SMd:not(.VfPpkd-ksKsZd-mWPk3d) .VfPpkd-Jh9lGc::after{transition:opacity .15s linear}.jR8x9d .zNgRPc .VfPpkd-RKhZBe-LgbsSe-OWXEXe-C3kE6.VfPpkd-RKhZBe-LgbsSe-OWXEXe-gk6SMd:not(.VfPpkd-ksKsZd-mWPk3d):active .VfPpkd-Jh9lGc::after{transition-duration:75ms;opacity:.2;opacity:var(--mdc-outlined-button-pressed-state-layer-opacity,.2)}.jR8x9d .zNgRPc .VfPpkd-RKhZBe-LgbsSe-OWXEXe-C3kE6.VfPpkd-RKhZBe-LgbsSe-OWXEXe-gk6SMd.VfPpkd-ksKsZd-mWPk3d{--mdc-ripple-fg-opacity:var(--mdc-outlined-button-pressed-state-layer-opacity,0.2)}.jR8x9d .zNgRPc .VfPpkd-RKhZBe-LgbsSe-OWXEXe-C3kE6.VfPpkd-RKhZBe-LgbsSe-OWXEXe-gk6SMd:not(:disabled){background-color:rgb(138,180,248)}.jR8x9d .zNgRPc .VfPpkd-RKhZBe-LgbsSe-OWXEXe-C3kE6.VfPpkd-RKhZBe-LgbsSe-OWXEXe-gk6SMd:not(:disabled):hover{background-color:rgb(138,180,248)}.jR8x9d .zNgRPc .VfPpkd-RKhZBe-LgbsSe-OWXEXe-C3kE6.VfPpkd-RKhZBe-LgbsSe-OWXEXe-gk6SMd:not(:disabled).VfPpkd-ksKsZd-mWPk3d-OWXEXe-AHe6Kc-XpnDCe,.jR8x9d .zNgRPc .VfPpkd-RKhZBe-LgbsSe-OWXEXe-C3kE6.VfPpkd-RKhZBe-LgbsSe-OWXEXe-gk6SMd:not(:disabled):not(.VfPpkd-ksKsZd-mWPk3d):focus{background-color:rgb(138,180,248)}.jR8x9d .zNgRPc .VfPpkd-RKhZBe-LgbsSe-OWXEXe-C3kE6.VfPpkd-RKhZBe-LgbsSe-OWXEXe-gk6SMd:not(:disabled):not(:disabled):active{background-color:rgb(138,180,248)}.jR8x9d .f8F5Dd{background-color:rgb(32,33,36);border-width:0;box-shadow:0 1px 2px 0 rgba(0,0,0,.3),0 2px 6px 2px rgba(0,0,0,.15)}.jR8x9d .f8F5Dd .VfPpkd-BFbNVe-bF1uUb{opacity:.08}.jR8x9d .ad0uI .VfPpkd-GRS59e:not(:disabled){color:rgb(138,180,248);color:var(--mdc-text-button-label-text-color,rgb(138,180,248))}.jR8x9d .ad0uI .VfPpkd-GRS59e:not(:disabled):hover{color:rgb(174,203,250);color:var(--mdc-text-button-hover-label-text-color,rgb(174,203,250))}.jR8x9d .ad0uI .VfPpkd-GRS59e:not(:disabled).VfPpkd-ksKsZd-mWPk3d-OWXEXe-AHe6Kc-XpnDCe,.jR8x9d .ad0uI .VfPpkd-GRS59e:not(:disabled):not(.VfPpkd-ksKsZd-mWPk3d):focus{color:rgb(174,203,250);color:var(--mdc-text-button-focus-label-text-color,rgb(174,203,250))}.jR8x9d .ad0uI .VfPpkd-GRS59e:not(:disabled):not(:disabled):active{color:rgb(174,203,250);color:var(--mdc-text-button-pressed-label-text-color,rgb(174,203,250))}.jR8x9d .ad0uI .VfPpkd-GRS59e .VfPpkd-Jh9lGc::before{background-color:rgb(174,203,250);background-color:var(--mdc-text-button-hover-state-layer-color,rgb(174,203,250))}.jR8x9d .ad0uI .VfPpkd-GRS59e .VfPpkd-Jh9lGc::after{background-color:rgb(174,203,250);background-color:var(--mdc-text-button-pressed-state-layer-color,rgb(174,203,250))}.jR8x9d .ad0uI .VfPpkd-GRS59e:hover .VfPpkd-Jh9lGc::before,.jR8x9d .ad0uI .VfPpkd-GRS59e.VfPpkd-ksKsZd-XxIAqe-OWXEXe-ZmdkE .VfPpkd-Jh9lGc::before{opacity:.04;opacity:var(--mdc-text-button-hover-state-layer-opacity,.04)}.jR8x9d .ad0uI .VfPpkd-GRS59e.VfPpkd-ksKsZd-mWPk3d-OWXEXe-AHe6Kc-XpnDCe .VfPpkd-Jh9lGc::before,.jR8x9d .ad0uI .VfPpkd-GRS59e:not(.VfPpkd-ksKsZd-mWPk3d):focus .VfPpkd-Jh9lGc::before{transition-duration:75ms;opacity:.12;opacity:var(--mdc-text-button-focus-state-layer-opacity,.12)}.jR8x9d .ad0uI .VfPpkd-GRS59e:not(.VfPpkd-ksKsZd-mWPk3d) .VfPpkd-Jh9lGc::after{transition:opacity .15s linear}.jR8x9d .ad0uI .VfPpkd-GRS59e:not(.VfPpkd-ksKsZd-mWPk3d):active .VfPpkd-Jh9lGc::after{transition-duration:75ms;opacity:.1;opacity:var(--mdc-text-button-pressed-state-layer-opacity,.1)}.jR8x9d .ad0uI .VfPpkd-GRS59e.VfPpkd-ksKsZd-mWPk3d{--mdc-ripple-fg-opacity:var(--mdc-text-button-pressed-state-layer-opacity,0.1)}.jR8x9d .zF2sRd .VfPpkd-Cv7pCf-ornU0b{color:rgb(189,193,198)}.jR8x9d .zF2sRd .VfPpkd-Cv7pCf-ornU0b:disabled{color:rgba(232,234,237,.38)}.jR8x9d .zF2sRd .VfPpkd-Cv7pCf-ornU0b .VfPpkd-Bz112c-Jh9lGc::before,.jR8x9d .zF2sRd .VfPpkd-Cv7pCf-ornU0b .VfPpkd-Bz112c-Jh9lGc::after{background-color:rgb(232,234,237);background-color:var(--mdc-ripple-color,rgb(232,234,237))}.jR8x9d .zF2sRd .VfPpkd-Cv7pCf-ornU0b.VfPpkd-ksKsZd-mWPk3d-OWXEXe-AHe6Kc-XpnDCe,.jR8x9d .zF2sRd .VfPpkd-Cv7pCf-ornU0b:not(.VfPpkd-ksKsZd-mWPk3d):focus{color:rgb(248,249,250)}.jR8x9d .zF2sRd .VfPpkd-Cv7pCf-ornU0b:not(:disabled):active{color:rgb(248,249,250)}.jR8x9d .zF2sRd.VfPpkd-Zc28rc-OWXEXe-xl07Ob-FNFY6c .VfPpkd-Cv7pCf-ornU0b{color:rgb(248,249,250);background-color:rgba(232,234,237,.12)}.jR8x9d .zF2sRd .VfPpkd-Cv7pCf-ornU0b:hover,.jR8x9d .zF2sRd .VfPpkd-oEZKA:not(.VfPpkd-fmcmS-yrriRe-OWXEXe-XpnDCe):hover .VfPpkd-Cv7pCf-ornU0b{color:rgb(248,249,250)}.jR8x9d .zF2sRd .VfPpkd-Cv7pCf-ornU0b:hover:disabled,.jR8x9d .zF2sRd .VfPpkd-oEZKA:not(.VfPpkd-fmcmS-yrriRe-OWXEXe-XpnDCe):hover .VfPpkd-Cv7pCf-ornU0b:disabled{color:rgba(232,234,237,.38)}.jR8x9d .cNUpL .VfPpkd-Cv7pCf-ornU0b{color:rgb(154,160,166)}.jR8x9d .cNUpL .VfPpkd-Cv7pCf-ornU0b:disabled{color:rgba(232,234,237,.38)}.jR8x9d .cNUpL .VfPpkd-Cv7pCf-ornU0b .VfPpkd-Bz112c-Jh9lGc::before,.jR8x9d .cNUpL .VfPpkd-Cv7pCf-ornU0b .VfPpkd-Bz112c-Jh9lGc::after{background-color:rgb(232,234,237);background-color:var(--mdc-ripple-color,rgb(232,234,237))}.jR8x9d .cNUpL .VfPpkd-Cv7pCf-ornU0b.VfPpkd-ksKsZd-mWPk3d-OWXEXe-AHe6Kc-XpnDCe,.jR8x9d .cNUpL .VfPpkd-Cv7pCf-ornU0b:not(.VfPpkd-ksKsZd-mWPk3d):focus{color:rgb(248,249,250)}.jR8x9d .cNUpL .VfPpkd-Cv7pCf-ornU0b:not(:disabled):active{color:rgb(248,249,250)}.jR8x9d .cNUpL.VfPpkd-Zc28rc-OWXEXe-xl07Ob-FNFY6c .VfPpkd-Cv7pCf-ornU0b{color:rgb(248,249,250);background-color:rgba(232,234,237,.12)}.jR8x9d .cNUpL .VfPpkd-Cv7pCf-ornU0b:hover,.jR8x9d .cNUpL .VfPpkd-oEZKA:not(.VfPpkd-fmcmS-yrriRe-OWXEXe-XpnDCe):hover .VfPpkd-Cv7pCf-ornU0b{color:rgb(248,249,250)}.jR8x9d .cNUpL .VfPpkd-Cv7pCf-ornU0b:hover:disabled,.jR8x9d .cNUpL .VfPpkd-oEZKA:not(.VfPpkd-fmcmS-yrriRe-OWXEXe-XpnDCe):hover .VfPpkd-Cv7pCf-ornU0b:disabled{color:rgba(232,234,237,.38)}.jR8x9d .UDxLd .VfPpkd-k2Wrsb{color:#e8eaed}.jR8x9d .UDxLd .VfPpkd-cnG4Wd{color:#9aa0a6}.jR8x9d .UDxLd .VfPpkd-zMU9ub{color:rgb(154,160,166)}.jR8x9d .UDxLd .VfPpkd-zMU9ub .VfPpkd-Bz112c-Jh9lGc::before,.jR8x9d .UDxLd .VfPpkd-zMU9ub .VfPpkd-Bz112c-Jh9lGc::after{background-color:rgb(154,160,166);background-color:var(--mdc-ripple-color,rgb(154,160,166))}.jR8x9d .UDxLd .VfPpkd-zMU9ub:hover .VfPpkd-Bz112c-Jh9lGc::before,.jR8x9d .UDxLd .VfPpkd-zMU9ub.VfPpkd-ksKsZd-XxIAqe-OWXEXe-ZmdkE .VfPpkd-Bz112c-Jh9lGc::before{opacity:.08;opacity:var(--mdc-ripple-hover-opacity,.08)}.jR8x9d .UDxLd .VfPpkd-zMU9ub.VfPpkd-ksKsZd-mWPk3d-OWXEXe-AHe6Kc-XpnDCe .VfPpkd-Bz112c-Jh9lGc::before,.jR8x9d .UDxLd .VfPpkd-zMU9ub:not(.VfPpkd-ksKsZd-mWPk3d):focus .VfPpkd-Bz112c-Jh9lGc::before{transition-duration:75ms;opacity:.24;opacity:var(--mdc-ripple-focus-opacity,.24)}.jR8x9d .UDxLd .VfPpkd-zMU9ub:not(.VfPpkd-ksKsZd-mWPk3d) .VfPpkd-Bz112c-Jh9lGc::after{transition:opacity .15s linear}.jR8x9d .UDxLd .VfPpkd-zMU9ub:not(.VfPpkd-ksKsZd-mWPk3d):active .VfPpkd-Bz112c-Jh9lGc::after{transition-duration:75ms;opacity:.24;opacity:var(--mdc-ripple-press-opacity,.24)}.jR8x9d .UDxLd .VfPpkd-zMU9ub.VfPpkd-ksKsZd-mWPk3d{--mdc-ripple-fg-opacity:var(--mdc-ripple-press-opacity,0.24)}.jR8x9d .UDxLd .VfPpkd-IE5DDf,.jR8x9d .UDxLd .VfPpkd-P5QLlc-GGAcbc{background-color:rgba(0,0,0,.87)}.jR8x9d .UDxLd .VfPpkd-P5QLlc{background-color:rgb(32,33,36)}.jR8x9d .UDxLd .VfPpkd-P5QLlc{border-width:0;box-shadow:0 1px 3px 0 rgba(0,0,0,.3),0 4px 8px 3px rgba(0,0,0,.15)}.jR8x9d .UDxLd .VfPpkd-P5QLlc .VfPpkd-BFbNVe-bF1uUb{opacity:.11}.jR8x9d .ZD5Qo{color:rgb(138,180,248)}.jR8x9d .NNFoTc{background-color:rgb(32,33,36);height:56px;width:56px;padding-top:2px;padding-top:max(0px,2px);padding-right:2px;padding-right:max(0px,2px);padding-bottom:2px;padding-bottom:max(0px,2px);padding-left:2px;padding-left:max(0px,2px)}.jR8x9d .NNFoTc:not(:disabled){box-shadow:0 1px 3px 0 rgba(0,0,0,.3),0 4px 8px 3px rgba(0,0,0,.15)}.jR8x9d .NNFoTc:not(:disabled) .VfPpkd-BFbNVe-bF1uUb{opacity:.11}.jR8x9d .NNFoTc:not(:disabled) .VfPpkd-BFbNVe-bF1uUb{background-color:rgb(232,234,237)}.jR8x9d .NNFoTc:not(:disabled):hover{box-shadow:0 2px 3px 0 rgba(0,0,0,.3),0 6px 10px 4px rgba(0,0,0,.15)}.jR8x9d .NNFoTc:not(:disabled):hover .VfPpkd-BFbNVe-bF1uUb{opacity:.12}.jR8x9d .NNFoTc:not(:disabled):hover .VfPpkd-BFbNVe-bF1uUb{background-color:rgb(232,234,237)}.jR8x9d .NNFoTc:not(:disabled):focus{box-shadow:0 1px 3px 0 rgba(0,0,0,.3),0 4px 8px 3px rgba(0,0,0,.15)}.jR8x9d .NNFoTc:not(:disabled):focus .VfPpkd-BFbNVe-bF1uUb{opacity:.11}.jR8x9d .NNFoTc:not(:disabled):focus .VfPpkd-BFbNVe-bF1uUb{background-color:rgb(232,234,237)}.jR8x9d .NNFoTc:not(:disabled):active{box-shadow:0 4px 4px 0 rgba(0,0,0,.3),0 8px 12px 6px rgba(0,0,0,.15)}.jR8x9d .NNFoTc:not(:disabled):active .VfPpkd-BFbNVe-bF1uUb{opacity:.14}.jR8x9d .NNFoTc:not(:disabled):active .VfPpkd-BFbNVe-bF1uUb{background-color:rgb(232,234,237)}.jR8x9d .NNFoTc:disabled{box-shadow:0 1px 3px 0 rgba(0,0,0,.3),0 4px 8px 3px rgba(0,0,0,.15)}.jR8x9d .NNFoTc:disabled .VfPpkd-BFbNVe-bF1uUb{opacity:.11}.jR8x9d .NNFoTc:disabled .VfPpkd-BFbNVe-bF1uUb{background-color:rgb(232,234,237)}.jR8x9d .NNFoTc .VfPpkd-Q0XOV{width:36px;height:36px;font-size:36px}.jR8x9d .NNFoTc:not(:disabled) .VfPpkd-Q0XOV{color:rgb(232,234,237)}.jR8x9d .NNFoTc:not(:disabled):hover .VfPpkd-Q0XOV{color:rgb(174,203,250)}.jR8x9d .NNFoTc:not(:disabled):focus .VfPpkd-Q0XOV{color:rgb(174,203,250)}.jR8x9d .NNFoTc .VfPpkd-wbSZ0b::before,.jR8x9d .NNFoTc .VfPpkd-wbSZ0b::after{background-color:rgb(138,180,248)}.jR8x9d .NNFoTc:hover .VfPpkd-wbSZ0b::before,.jR8x9d .NNFoTc.VfPpkd-ksKsZd-XxIAqe-OWXEXe-ZmdkE .VfPpkd-wbSZ0b::before{opacity:.04}.jR8x9d .NNFoTc.VfPpkd-ksKsZd-mWPk3d-OWXEXe-AHe6Kc-XpnDCe .VfPpkd-wbSZ0b::before,.jR8x9d .NNFoTc:not(.VfPpkd-ksKsZd-mWPk3d):focus .VfPpkd-wbSZ0b::before{transition-duration:75ms;opacity:.12}.jR8x9d .NNFoTc:not(.VfPpkd-ksKsZd-mWPk3d) .VfPpkd-wbSZ0b::after{transition:opacity .15s linear}.jR8x9d .NNFoTc:not(.VfPpkd-ksKsZd-mWPk3d):active .VfPpkd-wbSZ0b::after{transition-duration:75ms;opacity:.1}.jR8x9d .NNFoTc.VfPpkd-ksKsZd-mWPk3d{--mdc-ripple-fg-opacity:var(--mdc-fab-pressed-state-layer-opacity,0.1)}.jR8x9d .NNFoTc:not(:disabled).VfPpkd-ksKsZd-mWPk3d-OWXEXe-AHe6Kc-XpnDCe,.jR8x9d .NNFoTc:not(:disabled):not(.VfPpkd-ksKsZd-mWPk3d):focus{border-color:rgb(102,157,246)}.jR8x9d .NNFoTc:not(:disabled).VfPpkd-ksKsZd-mWPk3d-OWXEXe-AHe6Kc-XpnDCe,.jR8x9d .NNFoTc:not(:disabled):not(.VfPpkd-ksKsZd-mWPk3d):focus{border-style:solid;border-width:2px;padding-top:2px;padding-top:max(-2px,2px);padding-right:2px;padding-right:max(-2px,2px);padding-bottom:2px;padding-bottom:max(-2px,2px);padding-left:2px;padding-left:max(-2px,2px)}.jR8x9d .NNFoTc:not(.VfPpkd-BIzmGd-OWXEXe-X9G3K){border-radius:28px 28px 28px 28px}.jR8x9d .NNFoTc:not(.VfPpkd-BIzmGd-OWXEXe-X9G3K) .VfPpkd-wbSZ0b{border-radius:28px 28px 28px 28px}.jR8x9d .gl6QPb{background-color:rgb(32,33,36);height:48px;padding-top:max(0px,2px);padding-right:2px;padding-right:max(0px,2px);padding-bottom:max(0px,2px);padding-left:2px;padding-left:max(0px,2px);border-radius:24px 24px 24px 24px;font-family:Google Sans,Roboto,Arial,sans-serif;font-size:.875rem;font-weight:500;letter-spacing:.0178571429em;padding-top:2px;padding-right:24px;padding-bottom:2px;padding-left:24px}.jR8x9d .gl6QPb:not(:disabled){box-shadow:0 1px 3px 0 rgba(0,0,0,.3),0 4px 8px 3px rgba(0,0,0,.15)}.jR8x9d .gl6QPb:not(:disabled) .VfPpkd-BFbNVe-bF1uUb{opacity:.11}.jR8x9d .gl6QPb:not(:disabled) .VfPpkd-BFbNVe-bF1uUb{background-color:rgb(232,234,237)}.jR8x9d .gl6QPb:not(:disabled):hover{box-shadow:0 2px 3px 0 rgba(0,0,0,.3),0 6px 10px 4px rgba(0,0,0,.15)}.jR8x9d .gl6QPb:not(:disabled):hover .VfPpkd-BFbNVe-bF1uUb{opacity:.12}.jR8x9d .gl6QPb:not(:disabled):hover .VfPpkd-BFbNVe-bF1uUb{background-color:rgb(232,234,237)}.jR8x9d .gl6QPb:not(:disabled):focus{box-shadow:0 1px 3px 0 rgba(0,0,0,.3),0 4px 8px 3px rgba(0,0,0,.15)}.jR8x9d .gl6QPb:not(:disabled):focus .VfPpkd-BFbNVe-bF1uUb{opacity:.11}.jR8x9d .gl6QPb:not(:disabled):focus .VfPpkd-BFbNVe-bF1uUb{background-color:rgb(232,234,237)}.jR8x9d .gl6QPb:not(:disabled):active{box-shadow:0 4px 4px 0 rgba(0,0,0,.3),0 8px 12px 6px rgba(0,0,0,.15)}.jR8x9d .gl6QPb:not(:disabled):active .VfPpkd-BFbNVe-bF1uUb{opacity:.14}.jR8x9d .gl6QPb:not(:disabled):active .VfPpkd-BFbNVe-bF1uUb{background-color:rgb(232,234,237)}.jR8x9d .gl6QPb:disabled{box-shadow:0 1px 3px 0 rgba(0,0,0,.3),0 4px 8px 3px rgba(0,0,0,.15)}.jR8x9d .gl6QPb:disabled .VfPpkd-BFbNVe-bF1uUb{opacity:.11}.jR8x9d .gl6QPb:disabled .VfPpkd-BFbNVe-bF1uUb{background-color:rgb(232,234,237)}.jR8x9d .gl6QPb .VfPpkd-Q0XOV{width:36px;height:36px;font-size:36px}.jR8x9d .gl6QPb:not(:disabled) .VfPpkd-Q0XOV{color:rgb(232,234,237)}.jR8x9d .gl6QPb:not(:disabled):hover .VfPpkd-Q0XOV{color:rgb(174,203,250)}.jR8x9d .gl6QPb:not(:disabled):focus .VfPpkd-Q0XOV{color:rgb(174,203,250)}.jR8x9d .gl6QPb .VfPpkd-wbSZ0b::before,.jR8x9d .gl6QPb .VfPpkd-wbSZ0b::after{background-color:rgb(138,180,248)}.jR8x9d .gl6QPb:hover .VfPpkd-wbSZ0b::before,.jR8x9d .gl6QPb.VfPpkd-ksKsZd-XxIAqe-OWXEXe-ZmdkE .VfPpkd-wbSZ0b::before{opacity:.04}.jR8x9d .gl6QPb.VfPpkd-ksKsZd-mWPk3d-OWXEXe-AHe6Kc-XpnDCe .VfPpkd-wbSZ0b::before,.jR8x9d .gl6QPb:not(.VfPpkd-ksKsZd-mWPk3d):focus .VfPpkd-wbSZ0b::before{transition-duration:75ms;opacity:.12}.jR8x9d .gl6QPb:not(.VfPpkd-ksKsZd-mWPk3d) .VfPpkd-wbSZ0b::after{transition:opacity .15s linear}.jR8x9d .gl6QPb:not(.VfPpkd-ksKsZd-mWPk3d):active .VfPpkd-wbSZ0b::after{transition-duration:75ms;opacity:.1}.jR8x9d .gl6QPb.VfPpkd-ksKsZd-mWPk3d{--mdc-ripple-fg-opacity:var(--mdc-extended-fab-pressed-state-layer-opacity,0.1)}.jR8x9d .gl6QPb:not(:disabled).VfPpkd-ksKsZd-mWPk3d-OWXEXe-AHe6Kc-XpnDCe,.jR8x9d .gl6QPb:not(:disabled):not(.VfPpkd-ksKsZd-mWPk3d):focus{border-color:rgb(102,157,246)}.jR8x9d .gl6QPb:not(:disabled).VfPpkd-ksKsZd-mWPk3d-OWXEXe-AHe6Kc-XpnDCe,.jR8x9d .gl6QPb:not(:disabled):not(.VfPpkd-ksKsZd-mWPk3d):focus{padding-top:max(-2px,2px);padding-right:2px;padding-right:max(-2px,2px);padding-bottom:max(-2px,2px);padding-left:2px;padding-left:max(-2px,2px)}.jR8x9d .gl6QPb .VfPpkd-wbSZ0b{border-radius:24px 24px 24px 24px}.jR8x9d .gl6QPb:not(:disabled) .VfPpkd-nBWOSb{color:rgb(232,234,237)}.jR8x9d .gl6QPb:not(:disabled):hover .VfPpkd-nBWOSb{color:rgb(174,203,250)}.jR8x9d .gl6QPb:not(:disabled):focus .VfPpkd-nBWOSb{color:rgb(174,203,250)}.jR8x9d .gl6QPb:not(:disabled):active .VfPpkd-nBWOSb{color:rgb(174,203,250)}.jR8x9d .gl6QPb .VfPpkd-Q0XOV{margin-left:-12px;margin-right:12px}[dir=rtl] .jR8x9d .gl6QPb .VfPpkd-Q0XOV,.jR8x9d .gl6QPb .VfPpkd-Q0XOV[dir=rtl]{margin-left:12px;margin-right:-12px}.jR8x9d .gl6QPb .VfPpkd-nBWOSb+.VfPpkd-Q0XOV{margin-left:12px;margin-right:-12px}[dir=rtl] .jR8x9d .gl6QPb .VfPpkd-nBWOSb+.VfPpkd-Q0XOV,.jR8x9d .gl6QPb .VfPpkd-nBWOSb+.VfPpkd-Q0XOV[dir=rtl]{margin-left:-12px;margin-right:12px}.jR8x9d .gl6QPb:not(:disabled).VfPpkd-ksKsZd-mWPk3d-OWXEXe-AHe6Kc-XpnDCe,.jR8x9d .gl6QPb:not(:disabled):not(.VfPpkd-ksKsZd-mWPk3d):focus{border-style:solid;border-width:2px;padding-top:2px;padding-right:22px;padding-bottom:2px;padding-left:22px}.jR8x9d .Aykzec{background-color:rgb(138,180,248);height:48px;border-radius:24px 24px 24px 24px;font-family:Google Sans,Roboto,Arial,sans-serif;font-size:.875rem;font-weight:500;letter-spacing:.0178571429em}.jR8x9d .Aykzec:not(:disabled){box-shadow:0 1px 3px 0 rgba(0,0,0,.3),0 4px 8px 3px rgba(0,0,0,.15)}.jR8x9d .Aykzec:not(:disabled) .VfPpkd-BFbNVe-bF1uUb{opacity:.11}.jR8x9d .Aykzec:not(:disabled) .VfPpkd-BFbNVe-bF1uUb{background-color:rgb(232,234,237)}.jR8x9d .Aykzec:not(:disabled):hover{box-shadow:0 2px 3px 0 rgba(0,0,0,.3),0 6px 10px 4px rgba(0,0,0,.15)}.jR8x9d .Aykzec:not(:disabled):hover .VfPpkd-BFbNVe-bF1uUb{opacity:.12}.jR8x9d .Aykzec:not(:disabled):hover .VfPpkd-BFbNVe-bF1uUb{background-color:rgb(232,234,237)}.jR8x9d .Aykzec:not(:disabled):focus{box-shadow:0 1px 3px 0 rgba(0,0,0,.3),0 4px 8px 3px rgba(0,0,0,.15)}.jR8x9d .Aykzec:not(:disabled):focus .VfPpkd-BFbNVe-bF1uUb{opacity:.11}.jR8x9d .Aykzec:not(:disabled):focus .VfPpkd-BFbNVe-bF1uUb{background-color:rgb(232,234,237)}.jR8x9d .Aykzec:not(:disabled):active{box-shadow:0 4px 4px 0 rgba(0,0,0,.3),0 8px 12px 6px rgba(0,0,0,.15)}.jR8x9d .Aykzec:not(:disabled):active .VfPpkd-BFbNVe-bF1uUb{opacity:.14}.jR8x9d .Aykzec:not(:disabled):active .VfPpkd-BFbNVe-bF1uUb{background-color:rgb(232,234,237)}.jR8x9d .Aykzec:disabled{box-shadow:0 1px 3px 0 rgba(0,0,0,.3),0 4px 8px 3px rgba(0,0,0,.15)}.jR8x9d .Aykzec:disabled .VfPpkd-BFbNVe-bF1uUb{opacity:.11}.jR8x9d .Aykzec:disabled .VfPpkd-BFbNVe-bF1uUb{background-color:rgb(232,234,237)}.jR8x9d .Aykzec .VfPpkd-Q0XOV{width:24px;height:24px;font-size:24px}.jR8x9d .Aykzec:not(:disabled) .VfPpkd-Q0XOV{color:rgb(32,33,36)}.jR8x9d .Aykzec .VfPpkd-wbSZ0b::before,.jR8x9d .Aykzec .VfPpkd-wbSZ0b::after{background-color:rgb(255,255,255)}.jR8x9d .Aykzec:hover .VfPpkd-wbSZ0b::before,.jR8x9d .Aykzec.VfPpkd-ksKsZd-XxIAqe-OWXEXe-ZmdkE .VfPpkd-wbSZ0b::before{opacity:.16}.jR8x9d .Aykzec.VfPpkd-ksKsZd-mWPk3d-OWXEXe-AHe6Kc-XpnDCe .VfPpkd-wbSZ0b::before,.jR8x9d .Aykzec:not(.VfPpkd-ksKsZd-mWPk3d):focus .VfPpkd-wbSZ0b::before{transition-duration:75ms;opacity:.24}.jR8x9d .Aykzec:not(.VfPpkd-ksKsZd-mWPk3d) .VfPpkd-wbSZ0b::after{transition:opacity .15s linear}.jR8x9d .Aykzec:not(.VfPpkd-ksKsZd-mWPk3d):active .VfPpkd-wbSZ0b::after{transition-duration:75ms;opacity:.2}.jR8x9d .Aykzec.VfPpkd-ksKsZd-mWPk3d{--mdc-ripple-fg-opacity:var(--mdc-extended-fab-pressed-state-layer-opacity,0.2)}.jR8x9d .Aykzec .VfPpkd-wbSZ0b{border-radius:24px 24px 24px 24px}.jR8x9d .Aykzec:not(:disabled) .VfPpkd-nBWOSb{color:rgb(32,33,36)}.jR8x9d .W7mYUe{background-color:rgb(32,33,36);height:48px;border-radius:24px 24px 24px 24px;font-family:Google Sans,Roboto,Arial,sans-serif;font-size:.875rem;font-weight:500;letter-spacing:.0178571429em}.jR8x9d .W7mYUe:not(:disabled){box-shadow:0 1px 3px 0 rgba(0,0,0,.3),0 4px 8px 3px rgba(0,0,0,.15)}.jR8x9d .W7mYUe:not(:disabled) .VfPpkd-BFbNVe-bF1uUb{opacity:.11}.jR8x9d .W7mYUe:not(:disabled) .VfPpkd-BFbNVe-bF1uUb{background-color:rgb(232,234,237)}.jR8x9d .W7mYUe:not(:disabled):hover{box-shadow:0 2px 3px 0 rgba(0,0,0,.3),0 6px 10px 4px rgba(0,0,0,.15)}.jR8x9d .W7mYUe:not(:disabled):hover .VfPpkd-BFbNVe-bF1uUb{opacity:.12}.jR8x9d .W7mYUe:not(:disabled):hover .VfPpkd-BFbNVe-bF1uUb{background-color:rgb(232,234,237)}.jR8x9d .W7mYUe:not(:disabled):focus{box-shadow:0 1px 3px 0 rgba(0,0,0,.3),0 4px 8px 3px rgba(0,0,0,.15)}.jR8x9d .W7mYUe:not(:disabled):focus .VfPpkd-BFbNVe-bF1uUb{opacity:.11}.jR8x9d .W7mYUe:not(:disabled):focus .VfPpkd-BFbNVe-bF1uUb{background-color:rgb(232,234,237)}.jR8x9d .W7mYUe:not(:disabled):active{box-shadow:0 4px 4px 0 rgba(0,0,0,.3),0 8px 12px 6px rgba(0,0,0,.15)}.jR8x9d .W7mYUe:not(:disabled):active .VfPpkd-BFbNVe-bF1uUb{opacity:.14}.jR8x9d .W7mYUe:not(:disabled):active .VfPpkd-BFbNVe-bF1uUb{background-color:rgb(232,234,237)}.jR8x9d .W7mYUe:disabled{box-shadow:0 1px 3px 0 rgba(0,0,0,.3),0 4px 8px 3px rgba(0,0,0,.15)}.jR8x9d .W7mYUe:disabled .VfPpkd-BFbNVe-bF1uUb{opacity:.11}.jR8x9d .W7mYUe:disabled .VfPpkd-BFbNVe-bF1uUb{background-color:rgb(232,234,237)}.jR8x9d .W7mYUe .VfPpkd-Q0XOV{width:24px;height:24px;font-size:24px}.jR8x9d .W7mYUe:not(:disabled) .VfPpkd-Q0XOV{color:rgb(138,180,248)}.jR8x9d .W7mYUe:not(:disabled):hover .VfPpkd-Q0XOV{color:rgb(174,203,250)}.jR8x9d .W7mYUe:not(:disabled):focus .VfPpkd-Q0XOV{color:rgb(174,203,250)}.jR8x9d .W7mYUe:not(:disabled):active .VfPpkd-Q0XOV{color:rgb(174,203,250)}.jR8x9d .W7mYUe .VfPpkd-wbSZ0b::before,.jR8x9d .W7mYUe .VfPpkd-wbSZ0b::after{background-color:rgb(138,180,248)}.jR8x9d .W7mYUe:hover .VfPpkd-wbSZ0b::before,.jR8x9d .W7mYUe.VfPpkd-ksKsZd-XxIAqe-OWXEXe-ZmdkE .VfPpkd-wbSZ0b::before{opacity:.04}.jR8x9d .W7mYUe.VfPpkd-ksKsZd-mWPk3d-OWXEXe-AHe6Kc-XpnDCe .VfPpkd-wbSZ0b::before,.jR8x9d .W7mYUe:not(.VfPpkd-ksKsZd-mWPk3d):focus .VfPpkd-wbSZ0b::before{transition-duration:75ms;opacity:.12}.jR8x9d .W7mYUe:not(.VfPpkd-ksKsZd-mWPk3d) .VfPpkd-wbSZ0b::after{transition:opacity .15s linear}.jR8x9d .W7mYUe:not(.VfPpkd-ksKsZd-mWPk3d):active .VfPpkd-wbSZ0b::after{transition-duration:75ms;opacity:.1}.jR8x9d .W7mYUe.VfPpkd-ksKsZd-mWPk3d{--mdc-ripple-fg-opacity:var(--mdc-extended-fab-pressed-state-layer-opacity,0.1)}.jR8x9d .W7mYUe .VfPpkd-wbSZ0b{border-radius:24px 24px 24px 24px}.jR8x9d .W7mYUe:not(:disabled) .VfPpkd-nBWOSb{color:rgb(138,180,248)}.jR8x9d .W7mYUe:not(:disabled):hover .VfPpkd-nBWOSb{color:rgb(174,203,250)}.jR8x9d .W7mYUe:not(:disabled):focus .VfPpkd-nBWOSb{color:rgb(174,203,250)}.jR8x9d .W7mYUe:not(:disabled):active .VfPpkd-nBWOSb{color:rgb(174,203,250)}.jR8x9d .OoEosd{background-color:rgb(32,33,36);height:56px;width:56px}.jR8x9d .OoEosd:not(:disabled){box-shadow:0 1px 3px 0 rgba(0,0,0,.3),0 4px 8px 3px rgba(0,0,0,.15)}.jR8x9d .OoEosd:not(:disabled) .VfPpkd-BFbNVe-bF1uUb{opacity:.11}.jR8x9d .OoEosd:not(:disabled) .VfPpkd-BFbNVe-bF1uUb{background-color:rgb(232,234,237)}.jR8x9d .OoEosd:not(:disabled):hover{box-shadow:0 2px 3px 0 rgba(0,0,0,.3),0 6px 10px 4px rgba(0,0,0,.15)}.jR8x9d .OoEosd:not(:disabled):hover .VfPpkd-BFbNVe-bF1uUb{opacity:.12}.jR8x9d .OoEosd:not(:disabled):hover .VfPpkd-BFbNVe-bF1uUb{background-color:rgb(232,234,237)}.jR8x9d .OoEosd:not(:disabled):focus{box-shadow:0 1px 3px 0 rgba(0,0,0,.3),0 4px 8px 3px rgba(0,0,0,.15)}.jR8x9d .OoEosd:not(:disabled):focus .VfPpkd-BFbNVe-bF1uUb{opacity:.11}.jR8x9d .OoEosd:not(:disabled):focus .VfPpkd-BFbNVe-bF1uUb{background-color:rgb(232,234,237)}.jR8x9d .OoEosd:not(:disabled):active{box-shadow:0 4px 4px 0 rgba(0,0,0,.3),0 8px 12px 6px rgba(0,0,0,.15)}.jR8x9d .OoEosd:not(:disabled):active .VfPpkd-BFbNVe-bF1uUb{opacity:.14}.jR8x9d .OoEosd:not(:disabled):active .VfPpkd-BFbNVe-bF1uUb{background-color:rgb(232,234,237)}.jR8x9d .OoEosd:disabled{box-shadow:0 1px 3px 0 rgba(0,0,0,.3),0 4px 8px 3px rgba(0,0,0,.15)}.jR8x9d .OoEosd:disabled .VfPpkd-BFbNVe-bF1uUb{opacity:.11}.jR8x9d .OoEosd:disabled .VfPpkd-BFbNVe-bF1uUb{background-color:rgb(232,234,237)}.jR8x9d .OoEosd .VfPpkd-Q0XOV{width:24px;height:24px;font-size:24px}.jR8x9d .OoEosd:not(:disabled) .VfPpkd-Q0XOV{color:rgb(138,180,248)}.jR8x9d .OoEosd:not(:disabled):hover .VfPpkd-Q0XOV{color:rgb(174,203,250)}.jR8x9d .OoEosd:not(:disabled):focus .VfPpkd-Q0XOV{color:rgb(174,203,250)}.jR8x9d .OoEosd:not(:disabled):active .VfPpkd-Q0XOV{color:rgb(174,203,250)}.jR8x9d .OoEosd .VfPpkd-wbSZ0b::before,.jR8x9d .OoEosd .VfPpkd-wbSZ0b::after{background-color:rgb(138,180,248)}.jR8x9d .OoEosd:hover .VfPpkd-wbSZ0b::before,.jR8x9d .OoEosd.VfPpkd-ksKsZd-XxIAqe-OWXEXe-ZmdkE .VfPpkd-wbSZ0b::before{opacity:.04}.jR8x9d .OoEosd.VfPpkd-ksKsZd-mWPk3d-OWXEXe-AHe6Kc-XpnDCe .VfPpkd-wbSZ0b::before,.jR8x9d .OoEosd:not(.VfPpkd-ksKsZd-mWPk3d):focus .VfPpkd-wbSZ0b::before{transition-duration:75ms;opacity:.12}.jR8x9d .OoEosd:not(.VfPpkd-ksKsZd-mWPk3d) .VfPpkd-wbSZ0b::after{transition:opacity .15s linear}.jR8x9d .OoEosd:not(.VfPpkd-ksKsZd-mWPk3d):active .VfPpkd-wbSZ0b::after{transition-duration:75ms;opacity:.1}.jR8x9d .OoEosd.VfPpkd-ksKsZd-mWPk3d{--mdc-ripple-fg-opacity:var(--mdc-fab-pressed-state-layer-opacity,0.1)}.jR8x9d .OoEosd:not(.VfPpkd-BIzmGd-OWXEXe-X9G3K){border-radius:28px 28px 28px 28px}.jR8x9d .OoEosd:not(.VfPpkd-BIzmGd-OWXEXe-X9G3K) .VfPpkd-wbSZ0b{border-radius:28px 28px 28px 28px}.jR8x9d .vd3sk:not(:disabled){box-shadow:0 1px 2px 0 rgba(0,0,0,.3),0 1px 3px 1px rgba(0,0,0,.15)}.jR8x9d .vd3sk:not(:disabled) .VfPpkd-BFbNVe-bF1uUb{opacity:.05}.jR8x9d .vd3sk:not(:disabled) .VfPpkd-BFbNVe-bF1uUb{background-color:rgb(232,234,237)}.jR8x9d .vd3sk:not(:disabled):hover{box-shadow:0 1px 2px 0 rgba(0,0,0,.3),0 2px 6px 2px rgba(0,0,0,.15)}.jR8x9d .vd3sk:not(:disabled):hover .VfPpkd-BFbNVe-bF1uUb{opacity:.08}.jR8x9d .vd3sk:not(:disabled):hover .VfPpkd-BFbNVe-bF1uUb{background-color:rgb(232,234,237)}.jR8x9d .vd3sk:not(:disabled):focus{box-shadow:0 1px 2px 0 rgba(0,0,0,.3),0 2px 6px 2px rgba(0,0,0,.15)}.jR8x9d .vd3sk:not(:disabled):focus .VfPpkd-BFbNVe-bF1uUb{opacity:.08}.jR8x9d .vd3sk:not(:disabled):focus .VfPpkd-BFbNVe-bF1uUb{background-color:rgb(232,234,237)}.jR8x9d .vd3sk:not(:disabled):active{box-shadow:0 1px 3px 0 rgba(0,0,0,.3),0 4px 8px 3px rgba(0,0,0,.15)}.jR8x9d .vd3sk:not(:disabled):active .VfPpkd-BFbNVe-bF1uUb{opacity:.11}.jR8x9d .vd3sk:not(:disabled):active .VfPpkd-BFbNVe-bF1uUb{background-color:rgb(232,234,237)}.jR8x9d .vd3sk:disabled{box-shadow:0 1px 2px 0 rgba(0,0,0,.3),0 1px 3px 1px rgba(0,0,0,.15)}.jR8x9d .vd3sk:disabled .VfPpkd-BFbNVe-bF1uUb{opacity:.05}.jR8x9d .vd3sk:disabled .VfPpkd-BFbNVe-bF1uUb{background-color:rgb(232,234,237)}.jR8x9d .N7pe4e:not(:disabled){box-shadow:0 1px 2px 0 rgba(0,0,0,.3),0 1px 3px 1px rgba(0,0,0,.15)}.jR8x9d .N7pe4e:not(:disabled) .VfPpkd-BFbNVe-bF1uUb{opacity:.05}.jR8x9d .N7pe4e:not(:disabled) .VfPpkd-BFbNVe-bF1uUb{background-color:rgb(232,234,237)}.jR8x9d .N7pe4e:not(:disabled):hover{box-shadow:0 1px 2px 0 rgba(0,0,0,.3),0 2px 6px 2px rgba(0,0,0,.15)}.jR8x9d .N7pe4e:not(:disabled):hover .VfPpkd-BFbNVe-bF1uUb{opacity:.08}.jR8x9d .N7pe4e:not(:disabled):hover .VfPpkd-BFbNVe-bF1uUb{background-color:rgb(232,234,237)}.jR8x9d .N7pe4e:not(:disabled):focus{box-shadow:0 1px 2px 0 rgba(0,0,0,.3),0 2px 6px 2px rgba(0,0,0,.15)}.jR8x9d .N7pe4e:not(:disabled):focus .VfPpkd-BFbNVe-bF1uUb{opacity:.08}.jR8x9d .N7pe4e:not(:disabled):focus .VfPpkd-BFbNVe-bF1uUb{background-color:rgb(232,234,237)}.jR8x9d .N7pe4e:not(:disabled):active{box-shadow:0 1px 3px 0 rgba(0,0,0,.3),0 4px 8px 3px rgba(0,0,0,.15)}.jR8x9d .N7pe4e:not(:disabled):active .VfPpkd-BFbNVe-bF1uUb{opacity:.11}.jR8x9d .N7pe4e:not(:disabled):active .VfPpkd-BFbNVe-bF1uUb{background-color:rgb(232,234,237)}.jR8x9d .N7pe4e:disabled{box-shadow:0 1px 2px 0 rgba(0,0,0,.3),0 1px 3px 1px rgba(0,0,0,.15)}.jR8x9d .N7pe4e:disabled .VfPpkd-BFbNVe-bF1uUb{opacity:.05}.jR8x9d .N7pe4e:disabled .VfPpkd-BFbNVe-bF1uUb{background-color:rgb(232,234,237)}.jR8x9d .JJMOVe:not(:disabled){box-shadow:0 1px 2px 0 rgba(0,0,0,.3),0 1px 3px 1px rgba(0,0,0,.15)}.jR8x9d .JJMOVe:not(:disabled) .VfPpkd-BFbNVe-bF1uUb{opacity:.05}.jR8x9d .JJMOVe:not(:disabled) .VfPpkd-BFbNVe-bF1uUb{background-color:rgb(232,234,237)}.jR8x9d .JJMOVe:not(:disabled):hover{box-shadow:0 1px 2px 0 rgba(0,0,0,.3),0 2px 6px 2px rgba(0,0,0,.15)}.jR8x9d .JJMOVe:not(:disabled):hover .VfPpkd-BFbNVe-bF1uUb{opacity:.08}.jR8x9d .JJMOVe:not(:disabled):hover .VfPpkd-BFbNVe-bF1uUb{background-color:rgb(232,234,237)}.jR8x9d .JJMOVe:not(:disabled):focus{box-shadow:0 1px 2px 0 rgba(0,0,0,.3),0 2px 6px 2px rgba(0,0,0,.15)}.jR8x9d .JJMOVe:not(:disabled):focus .VfPpkd-BFbNVe-bF1uUb{opacity:.08}.jR8x9d .JJMOVe:not(:disabled):focus .VfPpkd-BFbNVe-bF1uUb{background-color:rgb(232,234,237)}.jR8x9d .JJMOVe:not(:disabled):active{box-shadow:0 1px 3px 0 rgba(0,0,0,.3),0 4px 8px 3px rgba(0,0,0,.15)}.jR8x9d .JJMOVe:not(:disabled):active .VfPpkd-BFbNVe-bF1uUb{opacity:.11}.jR8x9d .JJMOVe:not(:disabled):active .VfPpkd-BFbNVe-bF1uUb{background-color:rgb(232,234,237)}.jR8x9d .JJMOVe:disabled{box-shadow:0 1px 2px 0 rgba(0,0,0,.3),0 1px 3px 1px rgba(0,0,0,.15)}.jR8x9d .JJMOVe:disabled .VfPpkd-BFbNVe-bF1uUb{opacity:.05}.jR8x9d .JJMOVe:disabled .VfPpkd-BFbNVe-bF1uUb{background-color:rgb(232,234,237)}.jR8x9d .E9mvxc{height:40px;width:40px}.jR8x9d .ZCuY4{font-family:Roboto,Arial,sans-serif;line-height:1.25rem;font-size:.875rem;letter-spacing:.0142857143em;font-weight:400;color:rgb(232,234,237)}.jR8x9d .ZCuY4 gm-checkbox[disabled]~.VfPpkd-V67aGc,.jR8x9d .ZCuY4 gm-radio[disabled]~.VfPpkd-V67aGc,.jR8x9d .ZCuY4 .VfPpkd-MPu53c-OWXEXe-OWB6Me~.VfPpkd-V67aGc,.jR8x9d .ZCuY4 .VfPpkd-GCYh9b-OWXEXe-OWB6Me~.VfPpkd-V67aGc{color:rgba(232,234,237,.38)}.jR8x9d .E2obDf .VfPpkd-qNpTzb-P4pF8c-SmKAyb{border-color:rgb(102,157,246)}.jR8x9d .E2obDf .VfPpkd-qNpTzb-ajuXxc-RxYbNe{background-color:rgba(138,180,248,.24)}}@media screen and (prefers-color-scheme:dark) and (forced-colors:active){.jR8x9d .E2obDf .VfPpkd-qNpTzb-ajuXxc-RxYbNe{background-color:ButtonBorder}}@media screen and (prefers-color-scheme:dark) and (-ms-high-contrast:active),screen and (prefers-color-scheme:dark) and (-ms-high-contrast:none){.jR8x9d .E2obDf .VfPpkd-qNpTzb-ajuXxc-RxYbNe{background-color:transparent;background-image:url("data:image/svg+xml,%3Csvg version='1.1' xmlns='http://www.w3.org/2000/svg' xmlns:xlink='http://www.w3.org/1999/xlink' x='0px' y='0px' enable-background='new 0 0 5 2' xml:space='preserve' viewBox='0 0 5 2' preserveAspectRatio='none slice'%3E%3Ccircle cx='1' cy='1' r='1' fill='rgba(138, 180, 248, 0.24)'/%3E%3C/svg%3E")}}@media screen and (prefers-color-scheme:dark){.jR8x9d .E2obDf .VfPpkd-qNpTzb-ajuXxc-ZMv3u{background-color:rgba(138,180,248,.24)}.jR8x9d .bwNLcf{color:rgb(232,234,237);font-family:Roboto,Arial,sans-serif;line-height:1.5rem;font-size:1rem;letter-spacing:.00625em;font-weight:400}.jR8x9d .bwNLcf .VfPpkd-StrnGf-rymPhb-IhFlZd{color:rgb(154,160,166)}.jR8x9d .bwNLcf .VfPpkd-StrnGf-rymPhb-ibnC6b-OWXEXe-OWB6Me .VfPpkd-StrnGf-rymPhb-b9t22c,.jR8x9d .bwNLcf .VfPpkd-StrnGf-rymPhb-ibnC6b-OWXEXe-OWB6Me .VfPpkd-StrnGf-rymPhb-fpDzbe-fmcmS,.jR8x9d .bwNLcf .VfPpkd-StrnGf-rymPhb-ibnC6b-OWXEXe-OWB6Me .VfPpkd-StrnGf-rymPhb-L8ivfd-fmcmS{color:rgb(232,234,237)}.jR8x9d .bwNLcf .VfPpkd-StrnGf-rymPhb-ibnC6b-OWXEXe-OWB6Me .VfPpkd-StrnGf-rymPhb-b9t22c{opacity:.38}.jR8x9d .bwNLcf .VfPpkd-StrnGf-rymPhb-ibnC6b-OWXEXe-gk6SMd,.jR8x9d .bwNLcf .VfPpkd-StrnGf-rymPhb-ibnC6b-OWXEXe-pXU01b,.jR8x9d .bwNLcf .VfPpkd-StrnGf-rymPhb-ibnC6b-OWXEXe-gk6SMd .VfPpkd-StrnGf-rymPhb-f7MjDc,.jR8x9d .bwNLcf .VfPpkd-StrnGf-rymPhb-ibnC6b-OWXEXe-pXU01b .VfPpkd-StrnGf-rymPhb-f7MjDc{color:rgb(232,234,237)}.jR8x9d .bwNLcf .VfPpkd-StrnGf-rymPhb-ibnC6b-OWXEXe-gk6SMd .VfPpkd-StrnGf-rymPhb-pZXsl::before{opacity:0}.jR8x9d .bwNLcf .VfPpkd-StrnGf-rymPhb-ibnC6b.VfPpkd-StrnGf-rymPhb-ibnC6b-OWXEXe-gk6SMd{background-color:rgba(138,180,248,.24)}.jR8x9d .bwNLcf .VfPpkd-StrnGf-rymPhb-ibnC6b.VfPpkd-StrnGf-rymPhb-ibnC6b-OWXEXe-gk6SMd .VfPpkd-StrnGf-rymPhb-pZXsl::before,.jR8x9d .bwNLcf .VfPpkd-StrnGf-rymPhb-ibnC6b.VfPpkd-StrnGf-rymPhb-ibnC6b-OWXEXe-gk6SMd .VfPpkd-StrnGf-rymPhb-pZXsl::after{background-color:rgb(138,180,248);background-color:var(--mdc-ripple-color,rgb(138,180,248))}.jR8x9d .bwNLcf .VfPpkd-StrnGf-rymPhb-ibnC6b.VfPpkd-StrnGf-rymPhb-ibnC6b-OWXEXe-gk6SMd:hover .VfPpkd-StrnGf-rymPhb-pZXsl::before,.jR8x9d .bwNLcf .VfPpkd-StrnGf-rymPhb-ibnC6b.VfPpkd-StrnGf-rymPhb-ibnC6b-OWXEXe-gk6SMd.VfPpkd-ksKsZd-XxIAqe-OWXEXe-ZmdkE .VfPpkd-StrnGf-rymPhb-pZXsl::before{opacity:.04;opacity:var(--mdc-ripple-hover-opacity,.04)}.jR8x9d .bwNLcf .VfPpkd-StrnGf-rymPhb-ibnC6b.VfPpkd-StrnGf-rymPhb-ibnC6b-OWXEXe-gk6SMd.VfPpkd-ksKsZd-mWPk3d-OWXEXe-AHe6Kc-XpnDCe .VfPpkd-StrnGf-rymPhb-pZXsl::before,.jR8x9d .bwNLcf .VfPpkd-StrnGf-rymPhb-ibnC6b.VfPpkd-StrnGf-rymPhb-ibnC6b-OWXEXe-gk6SMd:not(.VfPpkd-ksKsZd-mWPk3d):focus .VfPpkd-StrnGf-rymPhb-pZXsl::before{transition-duration:75ms;opacity:.12;opacity:var(--mdc-ripple-focus-opacity,.12)}.jR8x9d .bwNLcf .VfPpkd-StrnGf-rymPhb-ibnC6b.VfPpkd-StrnGf-rymPhb-ibnC6b-OWXEXe-gk6SMd:not(.VfPpkd-ksKsZd-mWPk3d) .VfPpkd-StrnGf-rymPhb-pZXsl::after{transition:opacity .15s linear}.jR8x9d .bwNLcf .VfPpkd-StrnGf-rymPhb-ibnC6b.VfPpkd-StrnGf-rymPhb-ibnC6b-OWXEXe-gk6SMd:not(.VfPpkd-ksKsZd-mWPk3d):active .VfPpkd-StrnGf-rymPhb-pZXsl::after{transition-duration:75ms;opacity:.1;opacity:var(--mdc-ripple-press-opacity,.1)}.jR8x9d .bwNLcf .VfPpkd-StrnGf-rymPhb-ibnC6b.VfPpkd-StrnGf-rymPhb-ibnC6b-OWXEXe-gk6SMd.VfPpkd-ksKsZd-mWPk3d{--mdc-ripple-fg-opacity:var(--mdc-ripple-press-opacity,0.1)}.jR8x9d .bwNLcf .VfPpkd-StrnGf-rymPhb-L8ivfd-fmcmS{color:rgb(154,160,166)}.jR8x9d .bwNLcf .VfPpkd-StrnGf-rymPhb-clz4Ic{border-bottom-color:rgba(232,234,237,.12)}.jR8x9d .bwNLcf .VfPpkd-StrnGf-rymPhb-f7MjDc{color:rgb(232,234,237)}.jR8x9d .bwNLcf .VfPpkd-StrnGf-rymPhb-ibnC6b .VfPpkd-StrnGf-rymPhb-pZXsl::before,.jR8x9d .bwNLcf .VfPpkd-StrnGf-rymPhb-ibnC6b .VfPpkd-StrnGf-rymPhb-pZXsl::after{background-color:rgb(232,234,237);background-color:var(--mdc-ripple-color,rgb(232,234,237))}.jR8x9d .bwNLcf .VfPpkd-StrnGf-rymPhb-ibnC6b:hover .VfPpkd-StrnGf-rymPhb-pZXsl::before,.jR8x9d .bwNLcf .VfPpkd-StrnGf-rymPhb-ibnC6b.VfPpkd-ksKsZd-XxIAqe-OWXEXe-ZmdkE .VfPpkd-StrnGf-rymPhb-pZXsl::before{opacity:.04;opacity:var(--mdc-ripple-hover-opacity,.04)}.jR8x9d .bwNLcf .VfPpkd-StrnGf-rymPhb-ibnC6b.VfPpkd-ksKsZd-mWPk3d-OWXEXe-AHe6Kc-XpnDCe .VfPpkd-StrnGf-rymPhb-pZXsl::before,.jR8x9d .bwNLcf .VfPpkd-StrnGf-rymPhb-ibnC6b:not(.VfPpkd-ksKsZd-mWPk3d):focus .VfPpkd-StrnGf-rymPhb-pZXsl::before{transition-duration:75ms;opacity:.12;opacity:var(--mdc-ripple-focus-opacity,.12)}.jR8x9d .bwNLcf .VfPpkd-StrnGf-rymPhb-ibnC6b:not(.VfPpkd-ksKsZd-mWPk3d) .VfPpkd-StrnGf-rymPhb-pZXsl::after{transition:opacity .15s linear}.jR8x9d .bwNLcf .VfPpkd-StrnGf-rymPhb-ibnC6b:not(.VfPpkd-ksKsZd-mWPk3d):active .VfPpkd-StrnGf-rymPhb-pZXsl::after{transition-duration:75ms;opacity:.1;opacity:var(--mdc-ripple-press-opacity,.1)}.jR8x9d .bwNLcf .VfPpkd-StrnGf-rymPhb-ibnC6b.VfPpkd-ksKsZd-mWPk3d{--mdc-ripple-fg-opacity:var(--mdc-ripple-press-opacity,0.1)}}@media screen and (prefers-color-scheme:dark) and (-ms-high-contrast:active),screen and (prefers-color-scheme:dark) and (forced-colors:active){.jR8x9d .bwNLcf .VfPpkd-StrnGf-rymPhb-ibnC6b-OWXEXe-OWB6Me .VfPpkd-StrnGf-rymPhb-b9t22c,.jR8x9d .bwNLcf .VfPpkd-StrnGf-rymPhb-ibnC6b-OWXEXe-OWB6Me .VfPpkd-StrnGf-rymPhb-fpDzbe-fmcmS,.jR8x9d .bwNLcf .VfPpkd-StrnGf-rymPhb-ibnC6b-OWXEXe-OWB6Me .VfPpkd-StrnGf-rymPhb-L8ivfd-fmcmS{color:GrayText}.jR8x9d .bwNLcf .VfPpkd-StrnGf-rymPhb-ibnC6b-OWXEXe-OWB6Me .VfPpkd-StrnGf-rymPhb-b9t22c{opacity:1}}@media screen and (prefers-color-scheme:dark){.jR8x9d .bwNLcf .VfPpkd-rymPhb-Gtdoyb,.jR8x9d .bwNLcf .VfPpkd-rymPhb-fpDzbe-fmcmS{color:rgb(232,234,237)}.jR8x9d .bwNLcf .VfPpkd-rymPhb-L8ivfd-fmcmS,.jR8x9d .bwNLcf .VfPpkd-rymPhb-bC5pod-fmcmS,.jR8x9d .bwNLcf .VfPpkd-rymPhb-JMEf7e{color:rgb(154,160,166)}.jR8x9d .bwNLcf .VfPpkd-rymPhb-ibnC6b-OWXEXe-SfQLQb-M1Soyc-Bz112c .VfPpkd-rymPhb-KkROqb,.jR8x9d .bwNLcf .VfPpkd-rymPhb-ibnC6b-OWXEXe-SfQLQb-UbuQg-Bz112c .VfPpkd-rymPhb-JMEf7e,.jR8x9d .bwNLcf .VfPpkd-rymPhb-ibnC6b-OWXEXe-OWB6Me .VfPpkd-rymPhb-Gtdoyb,.jR8x9d .bwNLcf .VfPpkd-rymPhb-ibnC6b-OWXEXe-OWB6Me .VfPpkd-rymPhb-fpDzbe-fmcmS,.jR8x9d .bwNLcf .VfPpkd-rymPhb-ibnC6b-OWXEXe-OWB6Me .VfPpkd-rymPhb-L8ivfd-fmcmS,.jR8x9d .bwNLcf .VfPpkd-rymPhb-ibnC6b-OWXEXe-OWB6Me .VfPpkd-rymPhb-bC5pod-fmcmS,.jR8x9d .bwNLcf .VfPpkd-rymPhb-ibnC6b-OWXEXe-OWB6Me.VfPpkd-rymPhb-ibnC6b-OWXEXe-SfQLQb-M1Soyc-Bz112c .VfPpkd-rymPhb-KkROqb,.jR8x9d .bwNLcf .VfPpkd-rymPhb-ibnC6b-OWXEXe-OWB6Me.VfPpkd-rymPhb-ibnC6b-OWXEXe-SfQLQb-UbuQg-Bz112c .VfPpkd-rymPhb-JMEf7e,.jR8x9d .bwNLcf .VfPpkd-rymPhb-ibnC6b-OWXEXe-OWB6Me.VfPpkd-rymPhb-ibnC6b-OWXEXe-SfQLQb-UbuQg-r4m2rf .VfPpkd-rymPhb-JMEf7e{color:rgb(232,234,237)}.jR8x9d .bwNLcf .VfPpkd-rymPhb-ibnC6b-OWXEXe-OWB6Me .VfPpkd-rymPhb-KkROqb,.jR8x9d .bwNLcf .VfPpkd-rymPhb-ibnC6b-OWXEXe-OWB6Me .VfPpkd-rymPhb-Gtdoyb,.jR8x9d .bwNLcf .VfPpkd-rymPhb-ibnC6b-OWXEXe-OWB6Me .VfPpkd-rymPhb-JMEf7e{opacity:.38}.jR8x9d .bwNLcf .VfPpkd-rymPhb-ibnC6b-OWXEXe-gk6SMd .VfPpkd-rymPhb-Gtdoyb,.jR8x9d .bwNLcf .VfPpkd-rymPhb-ibnC6b-OWXEXe-gk6SMd .VfPpkd-rymPhb-fpDzbe-fmcmS,.jR8x9d .bwNLcf .VfPpkd-rymPhb-ibnC6b-OWXEXe-pXU01b .VfPpkd-rymPhb-Gtdoyb,.jR8x9d .bwNLcf .VfPpkd-rymPhb-ibnC6b-OWXEXe-pXU01b .VfPpkd-rymPhb-fpDzbe-fmcmS,.jR8x9d .bwNLcf .VfPpkd-rymPhb-ibnC6b-OWXEXe-gk6SMd.VfPpkd-rymPhb-ibnC6b-OWXEXe-SfQLQb-M1Soyc-Bz112c .VfPpkd-rymPhb-KkROqb,.jR8x9d .bwNLcf .VfPpkd-rymPhb-ibnC6b-OWXEXe-pXU01b.VfPpkd-rymPhb-ibnC6b-OWXEXe-SfQLQb-M1Soyc-Bz112c .VfPpkd-rymPhb-KkROqb{color:rgb(232,234,237)}.jR8x9d .bwNLcf .VfPpkd-rymPhb-ibnC6b-OWXEXe-gk6SMd .VfPpkd-rymPhb-pZXsl::before{opacity:0}.jR8x9d .bwNLcf .VfPpkd-rymPhb-ibnC6b.VfPpkd-rymPhb-ibnC6b-OWXEXe-gk6SMd{background-color:rgba(138,180,248,.24)}.jR8x9d .bwNLcf .VfPpkd-rymPhb-ibnC6b.VfPpkd-rymPhb-ibnC6b-OWXEXe-gk6SMd .VfPpkd-rymPhb-pZXsl::before,.jR8x9d .bwNLcf .VfPpkd-rymPhb-ibnC6b.VfPpkd-rymPhb-ibnC6b-OWXEXe-gk6SMd .VfPpkd-rymPhb-pZXsl::after{background-color:rgb(138,180,248);background-color:var(--mdc-ripple-color,rgb(138,180,248))}.jR8x9d .bwNLcf .VfPpkd-rymPhb-ibnC6b.VfPpkd-rymPhb-ibnC6b-OWXEXe-gk6SMd:hover .VfPpkd-rymPhb-pZXsl::before,.jR8x9d .bwNLcf .VfPpkd-rymPhb-ibnC6b.VfPpkd-rymPhb-ibnC6b-OWXEXe-gk6SMd.VfPpkd-ksKsZd-XxIAqe-OWXEXe-ZmdkE .VfPpkd-rymPhb-pZXsl::before{opacity:.04;opacity:var(--mdc-ripple-hover-opacity,.04)}.jR8x9d .bwNLcf .VfPpkd-rymPhb-ibnC6b.VfPpkd-rymPhb-ibnC6b-OWXEXe-gk6SMd.VfPpkd-ksKsZd-mWPk3d-OWXEXe-AHe6Kc-XpnDCe .VfPpkd-rymPhb-pZXsl::before,.jR8x9d .bwNLcf .VfPpkd-rymPhb-ibnC6b.VfPpkd-rymPhb-ibnC6b-OWXEXe-gk6SMd:not(.VfPpkd-ksKsZd-mWPk3d):focus .VfPpkd-rymPhb-pZXsl::before{transition-duration:75ms;opacity:.12;opacity:var(--mdc-ripple-focus-opacity,.12)}.jR8x9d .bwNLcf .VfPpkd-rymPhb-ibnC6b.VfPpkd-rymPhb-ibnC6b-OWXEXe-gk6SMd:not(.VfPpkd-ksKsZd-mWPk3d) .VfPpkd-rymPhb-pZXsl::after{transition:opacity .15s linear}.jR8x9d .bwNLcf .VfPpkd-rymPhb-ibnC6b.VfPpkd-rymPhb-ibnC6b-OWXEXe-gk6SMd:not(.VfPpkd-ksKsZd-mWPk3d):active .VfPpkd-rymPhb-pZXsl::after{transition-duration:75ms;opacity:.1;opacity:var(--mdc-ripple-press-opacity,.1)}.jR8x9d .bwNLcf .VfPpkd-rymPhb-ibnC6b.VfPpkd-rymPhb-ibnC6b-OWXEXe-gk6SMd.VfPpkd-ksKsZd-mWPk3d{--mdc-ripple-fg-opacity:var(--mdc-ripple-press-opacity,0.1)}.jR8x9d .bwNLcf .VfPpkd-rymPhb-L8ivfd-fmcmS{color:rgb(154,160,166)}.jR8x9d .bwNLcf .VfPpkd-rymPhb-clz4Ic{background-color:rgba(232,234,237,.12)}.jR8x9d .bwNLcf .VfPpkd-rymPhb-ibnC6b-OWXEXe-SfQLQb-M1Soyc-Bz112c .VfPpkd-rymPhb-KkROqb,.jR8x9d .bwNLcf .VfPpkd-rymPhb-ibnC6b-OWXEXe-SfQLQb-UbuQg-Bz112c .VfPpkd-rymPhb-JMEf7e{color:rgb(232,234,237)}.jR8x9d .bwNLcf .VfPpkd-rymPhb-ibnC6b .VfPpkd-rymPhb-pZXsl::before,.jR8x9d .bwNLcf .VfPpkd-rymPhb-ibnC6b .VfPpkd-rymPhb-pZXsl::after{background-color:rgb(232,234,237);background-color:var(--mdc-ripple-color,rgb(232,234,237))}.jR8x9d .bwNLcf .VfPpkd-rymPhb-ibnC6b:hover .VfPpkd-rymPhb-pZXsl::before,.jR8x9d .bwNLcf .VfPpkd-rymPhb-ibnC6b.VfPpkd-ksKsZd-XxIAqe-OWXEXe-ZmdkE .VfPpkd-rymPhb-pZXsl::before{opacity:.04;opacity:var(--mdc-ripple-hover-opacity,.04)}.jR8x9d .bwNLcf .VfPpkd-rymPhb-ibnC6b.VfPpkd-ksKsZd-mWPk3d-OWXEXe-AHe6Kc-XpnDCe .VfPpkd-rymPhb-pZXsl::before,.jR8x9d .bwNLcf .VfPpkd-rymPhb-ibnC6b:not(.VfPpkd-ksKsZd-mWPk3d):focus .VfPpkd-rymPhb-pZXsl::before{transition-duration:75ms;opacity:.12;opacity:var(--mdc-ripple-focus-opacity,.12)}.jR8x9d .bwNLcf .VfPpkd-rymPhb-ibnC6b:not(.VfPpkd-ksKsZd-mWPk3d) .VfPpkd-rymPhb-pZXsl::after{transition:opacity .15s linear}.jR8x9d .bwNLcf .VfPpkd-rymPhb-ibnC6b:not(.VfPpkd-ksKsZd-mWPk3d):active .VfPpkd-rymPhb-pZXsl::after{transition-duration:75ms;opacity:.1;opacity:var(--mdc-ripple-press-opacity,.1)}.jR8x9d .bwNLcf .VfPpkd-rymPhb-ibnC6b.VfPpkd-ksKsZd-mWPk3d{--mdc-ripple-fg-opacity:var(--mdc-ripple-press-opacity,0.1)}}@media screen and (prefers-color-scheme:dark) and (forced-colors:active){.jR8x9d .bwNLcf .VfPpkd-rymPhb-ibnC6b-OWXEXe-OWB6Me .VfPpkd-rymPhb-Gtdoyb,.jR8x9d .bwNLcf .VfPpkd-rymPhb-ibnC6b-OWXEXe-OWB6Me .VfPpkd-rymPhb-fpDzbe-fmcmS,.jR8x9d .bwNLcf .VfPpkd-rymPhb-ibnC6b-OWXEXe-OWB6Me .VfPpkd-rymPhb-L8ivfd-fmcmS,.jR8x9d .bwNLcf .VfPpkd-rymPhb-ibnC6b-OWXEXe-OWB6Me .VfPpkd-rymPhb-bC5pod-fmcmS,.jR8x9d .bwNLcf .VfPpkd-rymPhb-ibnC6b-OWXEXe-OWB6Me.VfPpkd-rymPhb-ibnC6b-OWXEXe-SfQLQb-M1Soyc-Bz112c .VfPpkd-rymPhb-KkROqb,.jR8x9d .bwNLcf .VfPpkd-rymPhb-ibnC6b-OWXEXe-OWB6Me.VfPpkd-rymPhb-ibnC6b-OWXEXe-SfQLQb-UbuQg-Bz112c .VfPpkd-rymPhb-JMEf7e,.jR8x9d .bwNLcf .VfPpkd-rymPhb-ibnC6b-OWXEXe-OWB6Me.VfPpkd-rymPhb-ibnC6b-OWXEXe-SfQLQb-UbuQg-r4m2rf .VfPpkd-rymPhb-JMEf7e{color:GrayText}.jR8x9d .bwNLcf .VfPpkd-rymPhb-ibnC6b-OWXEXe-OWB6Me .VfPpkd-rymPhb-KkROqb,.jR8x9d .bwNLcf .VfPpkd-rymPhb-ibnC6b-OWXEXe-OWB6Me .VfPpkd-rymPhb-Gtdoyb,.jR8x9d .bwNLcf .VfPpkd-rymPhb-ibnC6b-OWXEXe-OWB6Me .VfPpkd-rymPhb-JMEf7e{opacity:1}}@media screen and (prefers-color-scheme:dark){.jR8x9d .f8F5Dd{background-color:rgb(32,33,36);border-width:0;box-shadow:0 1px 2px 0 rgba(0,0,0,.3),0 2px 6px 2px rgba(0,0,0,.15)}.jR8x9d .f8F5Dd .VfPpkd-BFbNVe-bF1uUb{opacity:.08}.jR8x9d .P77izf{background-color:rgb(32,33,36);border-width:0;box-shadow:0 1px 2px 0 rgba(0,0,0,.3),0 2px 6px 2px rgba(0,0,0,.15)}.jR8x9d .P77izf .VfPpkd-StrnGf-rymPhb{font-family:Roboto,Arial,sans-serif;line-height:1.5rem;font-size:1rem;letter-spacing:.00625em;font-weight:400;color:rgb(232,234,237)}.jR8x9d .P77izf .VfPpkd-StrnGf-rymPhb .VfPpkd-StrnGf-rymPhb-IhFlZd{color:rgb(154,160,166)}.jR8x9d .P77izf .VfPpkd-StrnGf-rymPhb .VfPpkd-StrnGf-rymPhb-ibnC6b-OWXEXe-OWB6Me .VfPpkd-StrnGf-rymPhb-b9t22c,.jR8x9d .P77izf .VfPpkd-StrnGf-rymPhb .VfPpkd-StrnGf-rymPhb-ibnC6b-OWXEXe-OWB6Me .VfPpkd-StrnGf-rymPhb-fpDzbe-fmcmS,.jR8x9d .P77izf .VfPpkd-StrnGf-rymPhb .VfPpkd-StrnGf-rymPhb-ibnC6b-OWXEXe-OWB6Me .VfPpkd-StrnGf-rymPhb-L8ivfd-fmcmS{color:rgb(232,234,237)}.jR8x9d .P77izf .VfPpkd-StrnGf-rymPhb .VfPpkd-StrnGf-rymPhb-ibnC6b-OWXEXe-OWB6Me .VfPpkd-StrnGf-rymPhb-b9t22c{opacity:.38}.jR8x9d .P77izf .VfPpkd-StrnGf-rymPhb .VfPpkd-StrnGf-rymPhb-ibnC6b-OWXEXe-gk6SMd,.jR8x9d .P77izf .VfPpkd-StrnGf-rymPhb .VfPpkd-StrnGf-rymPhb-ibnC6b-OWXEXe-pXU01b,.jR8x9d .P77izf .VfPpkd-StrnGf-rymPhb .VfPpkd-StrnGf-rymPhb-ibnC6b-OWXEXe-gk6SMd .VfPpkd-StrnGf-rymPhb-f7MjDc,.jR8x9d .P77izf .VfPpkd-StrnGf-rymPhb .VfPpkd-StrnGf-rymPhb-ibnC6b-OWXEXe-pXU01b .VfPpkd-StrnGf-rymPhb-f7MjDc{color:rgb(232,234,237)}.jR8x9d .P77izf .VfPpkd-StrnGf-rymPhb .VfPpkd-StrnGf-rymPhb-ibnC6b-OWXEXe-gk6SMd .VfPpkd-StrnGf-rymPhb-pZXsl::before{opacity:0}.jR8x9d .P77izf .VfPpkd-StrnGf-rymPhb .VfPpkd-StrnGf-rymPhb-ibnC6b.VfPpkd-StrnGf-rymPhb-ibnC6b-OWXEXe-gk6SMd{background-color:rgba(138,180,248,.24)}.jR8x9d .P77izf .VfPpkd-StrnGf-rymPhb .VfPpkd-StrnGf-rymPhb-ibnC6b.VfPpkd-StrnGf-rymPhb-ibnC6b-OWXEXe-gk6SMd .VfPpkd-StrnGf-rymPhb-pZXsl::before,.jR8x9d .P77izf .VfPpkd-StrnGf-rymPhb .VfPpkd-StrnGf-rymPhb-ibnC6b.VfPpkd-StrnGf-rymPhb-ibnC6b-OWXEXe-gk6SMd .VfPpkd-StrnGf-rymPhb-pZXsl::after{background-color:rgb(138,180,248);background-color:var(--mdc-ripple-color,rgb(138,180,248))}.jR8x9d .P77izf .VfPpkd-StrnGf-rymPhb .VfPpkd-StrnGf-rymPhb-ibnC6b.VfPpkd-StrnGf-rymPhb-ibnC6b-OWXEXe-gk6SMd:hover .VfPpkd-StrnGf-rymPhb-pZXsl::before,.jR8x9d .P77izf .VfPpkd-StrnGf-rymPhb .VfPpkd-StrnGf-rymPhb-ibnC6b.VfPpkd-StrnGf-rymPhb-ibnC6b-OWXEXe-gk6SMd.VfPpkd-ksKsZd-XxIAqe-OWXEXe-ZmdkE .VfPpkd-StrnGf-rymPhb-pZXsl::before{opacity:.04;opacity:var(--mdc-ripple-hover-opacity,.04)}.jR8x9d .P77izf .VfPpkd-StrnGf-rymPhb .VfPpkd-StrnGf-rymPhb-ibnC6b.VfPpkd-StrnGf-rymPhb-ibnC6b-OWXEXe-gk6SMd.VfPpkd-ksKsZd-mWPk3d-OWXEXe-AHe6Kc-XpnDCe .VfPpkd-StrnGf-rymPhb-pZXsl::before,.jR8x9d .P77izf .VfPpkd-StrnGf-rymPhb .VfPpkd-StrnGf-rymPhb-ibnC6b.VfPpkd-StrnGf-rymPhb-ibnC6b-OWXEXe-gk6SMd:not(.VfPpkd-ksKsZd-mWPk3d):focus .VfPpkd-StrnGf-rymPhb-pZXsl::before{transition-duration:75ms;opacity:.12;opacity:var(--mdc-ripple-focus-opacity,.12)}.jR8x9d .P77izf .VfPpkd-StrnGf-rymPhb .VfPpkd-StrnGf-rymPhb-ibnC6b.VfPpkd-StrnGf-rymPhb-ibnC6b-OWXEXe-gk6SMd:not(.VfPpkd-ksKsZd-mWPk3d) .VfPpkd-StrnGf-rymPhb-pZXsl::after{transition:opacity .15s linear}.jR8x9d .P77izf .VfPpkd-StrnGf-rymPhb .VfPpkd-StrnGf-rymPhb-ibnC6b.VfPpkd-StrnGf-rymPhb-ibnC6b-OWXEXe-gk6SMd:not(.VfPpkd-ksKsZd-mWPk3d):active .VfPpkd-StrnGf-rymPhb-pZXsl::after{transition-duration:75ms;opacity:.1;opacity:var(--mdc-ripple-press-opacity,.1)}.jR8x9d .P77izf .VfPpkd-StrnGf-rymPhb .VfPpkd-StrnGf-rymPhb-ibnC6b.VfPpkd-StrnGf-rymPhb-ibnC6b-OWXEXe-gk6SMd.VfPpkd-ksKsZd-mWPk3d{--mdc-ripple-fg-opacity:var(--mdc-ripple-press-opacity,0.1)}.jR8x9d .P77izf .VfPpkd-StrnGf-rymPhb .VfPpkd-StrnGf-rymPhb-L8ivfd-fmcmS{color:rgb(154,160,166)}.jR8x9d .P77izf .VfPpkd-StrnGf-rymPhb .VfPpkd-StrnGf-rymPhb-clz4Ic{border-bottom-color:rgba(232,234,237,.12)}.jR8x9d .P77izf .VfPpkd-StrnGf-rymPhb .VfPpkd-StrnGf-rymPhb-f7MjDc{color:rgb(232,234,237)}.jR8x9d .P77izf .VfPpkd-StrnGf-rymPhb .VfPpkd-StrnGf-rymPhb-ibnC6b .VfPpkd-StrnGf-rymPhb-pZXsl::before,.jR8x9d .P77izf .VfPpkd-StrnGf-rymPhb .VfPpkd-StrnGf-rymPhb-ibnC6b .VfPpkd-StrnGf-rymPhb-pZXsl::after{background-color:rgb(232,234,237);background-color:var(--mdc-ripple-color,rgb(232,234,237))}.jR8x9d .P77izf .VfPpkd-StrnGf-rymPhb .VfPpkd-StrnGf-rymPhb-ibnC6b:hover .VfPpkd-StrnGf-rymPhb-pZXsl::before,.jR8x9d .P77izf .VfPpkd-StrnGf-rymPhb .VfPpkd-StrnGf-rymPhb-ibnC6b.VfPpkd-ksKsZd-XxIAqe-OWXEXe-ZmdkE .VfPpkd-StrnGf-rymPhb-pZXsl::before{opacity:.04;opacity:var(--mdc-ripple-hover-opacity,.04)}.jR8x9d .P77izf .VfPpkd-StrnGf-rymPhb .VfPpkd-StrnGf-rymPhb-ibnC6b.VfPpkd-ksKsZd-mWPk3d-OWXEXe-AHe6Kc-XpnDCe .VfPpkd-StrnGf-rymPhb-pZXsl::before,.jR8x9d .P77izf .VfPpkd-StrnGf-rymPhb .VfPpkd-StrnGf-rymPhb-ibnC6b:not(.VfPpkd-ksKsZd-mWPk3d):focus .VfPpkd-StrnGf-rymPhb-pZXsl::before{transition-duration:75ms;opacity:.12;opacity:var(--mdc-ripple-focus-opacity,.12)}.jR8x9d .P77izf .VfPpkd-StrnGf-rymPhb .VfPpkd-StrnGf-rymPhb-ibnC6b:not(.VfPpkd-ksKsZd-mWPk3d) .VfPpkd-StrnGf-rymPhb-pZXsl::after{transition:opacity .15s linear}.jR8x9d .P77izf .VfPpkd-StrnGf-rymPhb .VfPpkd-StrnGf-rymPhb-ibnC6b:not(.VfPpkd-ksKsZd-mWPk3d):active .VfPpkd-StrnGf-rymPhb-pZXsl::after{transition-duration:75ms;opacity:.1;opacity:var(--mdc-ripple-press-opacity,.1)}.jR8x9d .P77izf .VfPpkd-StrnGf-rymPhb .VfPpkd-StrnGf-rymPhb-ibnC6b.VfPpkd-ksKsZd-mWPk3d{--mdc-ripple-fg-opacity:var(--mdc-ripple-press-opacity,0.1)}}@media screen and (prefers-color-scheme:dark) and (-ms-high-contrast:active),screen and (prefers-color-scheme:dark) and (forced-colors:active){.jR8x9d .P77izf .VfPpkd-StrnGf-rymPhb .VfPpkd-StrnGf-rymPhb-ibnC6b-OWXEXe-OWB6Me .VfPpkd-StrnGf-rymPhb-b9t22c,.jR8x9d .P77izf .VfPpkd-StrnGf-rymPhb .VfPpkd-StrnGf-rymPhb-ibnC6b-OWXEXe-OWB6Me .VfPpkd-StrnGf-rymPhb-fpDzbe-fmcmS,.jR8x9d .P77izf .VfPpkd-StrnGf-rymPhb .VfPpkd-StrnGf-rymPhb-ibnC6b-OWXEXe-OWB6Me .VfPpkd-StrnGf-rymPhb-L8ivfd-fmcmS{color:GrayText}.jR8x9d .P77izf .VfPpkd-StrnGf-rymPhb .VfPpkd-StrnGf-rymPhb-ibnC6b-OWXEXe-OWB6Me .VfPpkd-StrnGf-rymPhb-b9t22c{opacity:1}}@media screen and (prefers-color-scheme:dark){.jR8x9d .P77izf .VfPpkd-BFbNVe-bF1uUb{opacity:.08}.jR8x9d .ZCYEwf{z-index:0}.jR8x9d .ZCYEwf .VfPpkd-eHTEvd::before,.jR8x9d .ZCYEwf .VfPpkd-eHTEvd::after{z-index:-1}.jR8x9d .ZCYEwf .VfPpkd-eHTEvd::before,.jR8x9d .ZCYEwf .VfPpkd-eHTEvd::after{background-color:rgb(138,180,248);background-color:var(--gm-radio-state-color,rgb(138,180,248))}.jR8x9d .ZCYEwf:hover .VfPpkd-eHTEvd::before,.jR8x9d .ZCYEwf.VfPpkd-ksKsZd-XxIAqe-OWXEXe-ZmdkE .VfPpkd-eHTEvd::before{opacity:.16;opacity:var(--mdc-ripple-hover-opacity,.16)}.jR8x9d .ZCYEwf.VfPpkd-ksKsZd-mWPk3d-OWXEXe-AHe6Kc-XpnDCe .VfPpkd-eHTEvd::before,.jR8x9d .ZCYEwf:not(.VfPpkd-ksKsZd-mWPk3d):focus .VfPpkd-eHTEvd::before{transition-duration:75ms;opacity:.24;opacity:var(--mdc-ripple-focus-opacity,.24)}.jR8x9d .ZCYEwf:not(.VfPpkd-ksKsZd-mWPk3d) .VfPpkd-eHTEvd::after{transition:opacity .15s linear}.jR8x9d .ZCYEwf:not(.VfPpkd-ksKsZd-mWPk3d):active .VfPpkd-eHTEvd::after{transition-duration:75ms;opacity:.2;opacity:var(--mdc-ripple-press-opacity,.2)}.jR8x9d .ZCYEwf .VfPpkd-gBXA9-bMcfAe:enabled:not(:checked)~.VfPpkd-eHTEvd::before,.jR8x9d .ZCYEwf .VfPpkd-gBXA9-bMcfAe:enabled:not(:checked)~.VfPpkd-eHTEvd::after{background-color:rgb(232,234,237);background-color:var(--gm-radio-state-color,rgb(232,234,237))}.jR8x9d .ZCYEwf:hover .VfPpkd-gBXA9-bMcfAe:enabled:not(:checked)~.VfPpkd-eHTEvd::before,.jR8x9d .ZCYEwf.VfPpkd-ksKsZd-XxIAqe-OWXEXe-ZmdkE .VfPpkd-gBXA9-bMcfAe:enabled:not(:checked)~.VfPpkd-eHTEvd::before{opacity:.16;opacity:var(--mdc-ripple-hover-opacity,.16)}.jR8x9d .ZCYEwf.VfPpkd-ksKsZd-mWPk3d-OWXEXe-AHe6Kc-XpnDCe .VfPpkd-gBXA9-bMcfAe:enabled:not(:checked)~.VfPpkd-eHTEvd::before,.jR8x9d .ZCYEwf:not(.VfPpkd-ksKsZd-mWPk3d):focus .VfPpkd-gBXA9-bMcfAe:enabled:not(:checked)~.VfPpkd-eHTEvd::before{transition-duration:75ms;opacity:.24;opacity:var(--mdc-ripple-focus-opacity,.24)}.jR8x9d .ZCYEwf:not(.VfPpkd-ksKsZd-mWPk3d) .VfPpkd-gBXA9-bMcfAe:enabled:not(:checked)~.VfPpkd-eHTEvd::after{transition:opacity .15s linear}.jR8x9d .ZCYEwf:not(.VfPpkd-ksKsZd-mWPk3d):active .VfPpkd-gBXA9-bMcfAe:enabled:not(:checked)~.VfPpkd-eHTEvd::after{transition-duration:75ms;opacity:.2;opacity:var(--mdc-ripple-press-opacity,.2)}.jR8x9d .ZCYEwf.VfPpkd-ksKsZd-mWPk3d{--mdc-ripple-fg-opacity:var(--mdc-ripple-press-opacity,0.2)}.jR8x9d .ZCYEwf .VfPpkd-gBXA9-bMcfAe:enabled:not(:checked)+.VfPpkd-RsCWK .VfPpkd-wVo5xe-LkdAo{border-color:rgb(154,160,166);border-color:var(--gm-radio-stroke-color--unchecked,rgb(154,160,166))}.jR8x9d .ZCYEwf .VfPpkd-gBXA9-bMcfAe:enabled:checked+.VfPpkd-RsCWK .VfPpkd-wVo5xe-LkdAo{border-color:rgb(138,180,248);border-color:var(--gm-radio-stroke-color--checked,rgb(138,180,248))}.jR8x9d .ZCYEwf .VfPpkd-gBXA9-bMcfAe:enabled+.VfPpkd-RsCWK .VfPpkd-Z5TpLc-LkdAo{border-color:rgb(138,180,248);border-color:var(--gm-radio-ink-color,rgb(138,180,248))}.jR8x9d .ZCYEwf [aria-disabled=true] .VfPpkd-gBXA9-bMcfAe:not(:checked)+.VfPpkd-RsCWK .VfPpkd-wVo5xe-LkdAo,.jR8x9d .ZCYEwf .VfPpkd-gBXA9-bMcfAe:disabled:not(:checked)+.VfPpkd-RsCWK .VfPpkd-wVo5xe-LkdAo{border-color:rgba(232,234,237,.38);border-color:var(--gm-radio-disabled-stroke-color--unchecked,rgba(232,234,237,.38))}.jR8x9d .ZCYEwf [aria-disabled=true] .VfPpkd-gBXA9-bMcfAe:checked+.VfPpkd-RsCWK .VfPpkd-wVo5xe-LkdAo,.jR8x9d .ZCYEwf .VfPpkd-gBXA9-bMcfAe:disabled:checked+.VfPpkd-RsCWK .VfPpkd-wVo5xe-LkdAo{border-color:rgba(232,234,237,.38);border-color:var(--gm-radio-disabled-stroke-color--checked,rgba(232,234,237,.38))}.jR8x9d .ZCYEwf [aria-disabled=true] .VfPpkd-gBXA9-bMcfAe+.VfPpkd-RsCWK .VfPpkd-Z5TpLc-LkdAo,.jR8x9d .ZCYEwf .VfPpkd-gBXA9-bMcfAe:disabled+.VfPpkd-RsCWK .VfPpkd-Z5TpLc-LkdAo{border-color:rgba(232,234,237,.38);border-color:var(--gm-radio-disabled-ink-color,rgba(232,234,237,.38))}.jR8x9d .ZCYEwf .VfPpkd-RsCWK::before{background-color:rgb(138,180,248);background-color:var(--gm-radio-state-color,rgb(138,180,248))}.jR8x9d .ZCYEwf:hover .VfPpkd-gBXA9-bMcfAe:enabled:not(:checked)+.VfPpkd-RsCWK .VfPpkd-wVo5xe-LkdAo,.jR8x9d .ZCYEwf.VfPpkd-ksKsZd-mWPk3d-OWXEXe-AHe6Kc-XpnDCe .VfPpkd-gBXA9-bMcfAe:enabled:not(:checked)+.VfPpkd-RsCWK .VfPpkd-wVo5xe-LkdAo,.jR8x9d .ZCYEwf:not(.VfPpkd-ksKsZd-mWPk3d):focus .VfPpkd-gBXA9-bMcfAe:enabled:not(:checked)+.VfPpkd-RsCWK .VfPpkd-wVo5xe-LkdAo,.jR8x9d .ZCYEwf:active .VfPpkd-gBXA9-bMcfAe:enabled:not(:checked)+.VfPpkd-RsCWK .VfPpkd-wVo5xe-LkdAo{border-color:rgb(232,234,237);border-color:var(--gm-radio-stroke-color--unchecked-stateful,rgb(232,234,237))}.jR8x9d .ZCYEwf:hover .VfPpkd-gBXA9-bMcfAe:enabled:checked+.VfPpkd-RsCWK .VfPpkd-wVo5xe-LkdAo,.jR8x9d .ZCYEwf.VfPpkd-ksKsZd-mWPk3d-OWXEXe-AHe6Kc-XpnDCe .VfPpkd-gBXA9-bMcfAe:enabled:checked+.VfPpkd-RsCWK .VfPpkd-wVo5xe-LkdAo,.jR8x9d .ZCYEwf:not(.VfPpkd-ksKsZd-mWPk3d):focus .VfPpkd-gBXA9-bMcfAe:enabled:checked+.VfPpkd-RsCWK .VfPpkd-wVo5xe-LkdAo,.jR8x9d .ZCYEwf:active .VfPpkd-gBXA9-bMcfAe:enabled:checked+.VfPpkd-RsCWK .VfPpkd-wVo5xe-LkdAo{border-color:rgb(174,203,250);border-color:var(--gm-radio-stroke-color--checked-stateful,rgb(174,203,250))}.jR8x9d .ZCYEwf:hover .VfPpkd-gBXA9-bMcfAe:enabled+.VfPpkd-RsCWK .VfPpkd-Z5TpLc-LkdAo,.jR8x9d .ZCYEwf.VfPpkd-ksKsZd-mWPk3d-OWXEXe-AHe6Kc-XpnDCe .VfPpkd-gBXA9-bMcfAe:enabled+.VfPpkd-RsCWK .VfPpkd-Z5TpLc-LkdAo,.jR8x9d .ZCYEwf:not(.VfPpkd-ksKsZd-mWPk3d):focus .VfPpkd-gBXA9-bMcfAe:enabled+.VfPpkd-RsCWK .VfPpkd-Z5TpLc-LkdAo,.jR8x9d .ZCYEwf:active .VfPpkd-gBXA9-bMcfAe:enabled+.VfPpkd-RsCWK .VfPpkd-Z5TpLc-LkdAo{border-color:rgb(174,203,250);border-color:var(--gm-radio-ink-color--stateful,rgb(174,203,250))}.jR8x9d .dmaMHc{background-color:rgb(32,33,36);border-width:0;box-shadow:0 1px 2px 0 rgba(0,0,0,.3),0 2px 6px 2px rgba(0,0,0,.15);font-family:Roboto,Arial,sans-serif;line-height:1.5rem;font-size:1rem;letter-spacing:.00625em;font-weight:400}.jR8x9d .dmaMHc .VfPpkd-StrnGf-rymPhb{font-family:Roboto,Arial,sans-serif;line-height:1.5rem;font-size:1rem;letter-spacing:.00625em;font-weight:400;color:rgb(232,234,237)}.jR8x9d .dmaMHc .VfPpkd-StrnGf-rymPhb .VfPpkd-StrnGf-rymPhb-IhFlZd{color:rgb(154,160,166)}.jR8x9d .dmaMHc .VfPpkd-StrnGf-rymPhb .VfPpkd-StrnGf-rymPhb-ibnC6b-OWXEXe-OWB6Me .VfPpkd-StrnGf-rymPhb-b9t22c,.jR8x9d .dmaMHc .VfPpkd-StrnGf-rymPhb .VfPpkd-StrnGf-rymPhb-ibnC6b-OWXEXe-OWB6Me .VfPpkd-StrnGf-rymPhb-fpDzbe-fmcmS,.jR8x9d .dmaMHc .VfPpkd-StrnGf-rymPhb .VfPpkd-StrnGf-rymPhb-ibnC6b-OWXEXe-OWB6Me .VfPpkd-StrnGf-rymPhb-L8ivfd-fmcmS{color:rgb(232,234,237)}.jR8x9d .dmaMHc .VfPpkd-StrnGf-rymPhb .VfPpkd-StrnGf-rymPhb-ibnC6b-OWXEXe-OWB6Me .VfPpkd-StrnGf-rymPhb-b9t22c{opacity:.38}.jR8x9d .dmaMHc .VfPpkd-StrnGf-rymPhb .VfPpkd-StrnGf-rymPhb-ibnC6b-OWXEXe-gk6SMd,.jR8x9d .dmaMHc .VfPpkd-StrnGf-rymPhb .VfPpkd-StrnGf-rymPhb-ibnC6b-OWXEXe-pXU01b,.jR8x9d .dmaMHc .VfPpkd-StrnGf-rymPhb .VfPpkd-StrnGf-rymPhb-ibnC6b-OWXEXe-gk6SMd .VfPpkd-StrnGf-rymPhb-f7MjDc,.jR8x9d .dmaMHc .VfPpkd-StrnGf-rymPhb .VfPpkd-StrnGf-rymPhb-ibnC6b-OWXEXe-pXU01b .VfPpkd-StrnGf-rymPhb-f7MjDc{color:rgb(232,234,237)}.jR8x9d .dmaMHc .VfPpkd-StrnGf-rymPhb .VfPpkd-StrnGf-rymPhb-ibnC6b-OWXEXe-gk6SMd .VfPpkd-StrnGf-rymPhb-pZXsl::before{opacity:0}.jR8x9d .dmaMHc .VfPpkd-StrnGf-rymPhb .VfPpkd-StrnGf-rymPhb-ibnC6b.VfPpkd-StrnGf-rymPhb-ibnC6b-OWXEXe-gk6SMd{background-color:rgba(138,180,248,.24)}.jR8x9d .dmaMHc .VfPpkd-StrnGf-rymPhb .VfPpkd-StrnGf-rymPhb-ibnC6b.VfPpkd-StrnGf-rymPhb-ibnC6b-OWXEXe-gk6SMd .VfPpkd-StrnGf-rymPhb-pZXsl::before,.jR8x9d .dmaMHc .VfPpkd-StrnGf-rymPhb .VfPpkd-StrnGf-rymPhb-ibnC6b.VfPpkd-StrnGf-rymPhb-ibnC6b-OWXEXe-gk6SMd .VfPpkd-StrnGf-rymPhb-pZXsl::after{background-color:rgb(138,180,248);background-color:var(--mdc-ripple-color,rgb(138,180,248))}.jR8x9d .dmaMHc .VfPpkd-StrnGf-rymPhb .VfPpkd-StrnGf-rymPhb-ibnC6b.VfPpkd-StrnGf-rymPhb-ibnC6b-OWXEXe-gk6SMd:hover .VfPpkd-StrnGf-rymPhb-pZXsl::before,.jR8x9d .dmaMHc .VfPpkd-StrnGf-rymPhb .VfPpkd-StrnGf-rymPhb-ibnC6b.VfPpkd-StrnGf-rymPhb-ibnC6b-OWXEXe-gk6SMd.VfPpkd-ksKsZd-XxIAqe-OWXEXe-ZmdkE .VfPpkd-StrnGf-rymPhb-pZXsl::before{opacity:.04;opacity:var(--mdc-ripple-hover-opacity,.04)}.jR8x9d .dmaMHc .VfPpkd-StrnGf-rymPhb .VfPpkd-StrnGf-rymPhb-ibnC6b.VfPpkd-StrnGf-rymPhb-ibnC6b-OWXEXe-gk6SMd.VfPpkd-ksKsZd-mWPk3d-OWXEXe-AHe6Kc-XpnDCe .VfPpkd-StrnGf-rymPhb-pZXsl::before,.jR8x9d .dmaMHc .VfPpkd-StrnGf-rymPhb .VfPpkd-StrnGf-rymPhb-ibnC6b.VfPpkd-StrnGf-rymPhb-ibnC6b-OWXEXe-gk6SMd:not(.VfPpkd-ksKsZd-mWPk3d):focus .VfPpkd-StrnGf-rymPhb-pZXsl::before{transition-duration:75ms;opacity:.12;opacity:var(--mdc-ripple-focus-opacity,.12)}.jR8x9d .dmaMHc .VfPpkd-StrnGf-rymPhb .VfPpkd-StrnGf-rymPhb-ibnC6b.VfPpkd-StrnGf-rymPhb-ibnC6b-OWXEXe-gk6SMd:not(.VfPpkd-ksKsZd-mWPk3d) .VfPpkd-StrnGf-rymPhb-pZXsl::after{transition:opacity .15s linear}.jR8x9d .dmaMHc .VfPpkd-StrnGf-rymPhb .VfPpkd-StrnGf-rymPhb-ibnC6b.VfPpkd-StrnGf-rymPhb-ibnC6b-OWXEXe-gk6SMd:not(.VfPpkd-ksKsZd-mWPk3d):active .VfPpkd-StrnGf-rymPhb-pZXsl::after{transition-duration:75ms;opacity:.1;opacity:var(--mdc-ripple-press-opacity,.1)}.jR8x9d .dmaMHc .VfPpkd-StrnGf-rymPhb .VfPpkd-StrnGf-rymPhb-ibnC6b.VfPpkd-StrnGf-rymPhb-ibnC6b-OWXEXe-gk6SMd.VfPpkd-ksKsZd-mWPk3d{--mdc-ripple-fg-opacity:var(--mdc-ripple-press-opacity,0.1)}.jR8x9d .dmaMHc .VfPpkd-StrnGf-rymPhb .VfPpkd-StrnGf-rymPhb-L8ivfd-fmcmS{color:rgb(154,160,166)}.jR8x9d .dmaMHc .VfPpkd-StrnGf-rymPhb .VfPpkd-StrnGf-rymPhb-clz4Ic{border-bottom-color:rgba(232,234,237,.12)}.jR8x9d .dmaMHc .VfPpkd-StrnGf-rymPhb .VfPpkd-StrnGf-rymPhb-f7MjDc{color:rgb(232,234,237)}.jR8x9d .dmaMHc .VfPpkd-StrnGf-rymPhb .VfPpkd-StrnGf-rymPhb-ibnC6b .VfPpkd-StrnGf-rymPhb-pZXsl::before,.jR8x9d .dmaMHc .VfPpkd-StrnGf-rymPhb .VfPpkd-StrnGf-rymPhb-ibnC6b .VfPpkd-StrnGf-rymPhb-pZXsl::after{background-color:rgb(232,234,237);background-color:var(--mdc-ripple-color,rgb(232,234,237))}.jR8x9d .dmaMHc .VfPpkd-StrnGf-rymPhb .VfPpkd-StrnGf-rymPhb-ibnC6b:hover .VfPpkd-StrnGf-rymPhb-pZXsl::before,.jR8x9d .dmaMHc .VfPpkd-StrnGf-rymPhb .VfPpkd-StrnGf-rymPhb-ibnC6b.VfPpkd-ksKsZd-XxIAqe-OWXEXe-ZmdkE .VfPpkd-StrnGf-rymPhb-pZXsl::before{opacity:.04;opacity:var(--mdc-ripple-hover-opacity,.04)}.jR8x9d .dmaMHc .VfPpkd-StrnGf-rymPhb .VfPpkd-StrnGf-rymPhb-ibnC6b.VfPpkd-ksKsZd-mWPk3d-OWXEXe-AHe6Kc-XpnDCe .VfPpkd-StrnGf-rymPhb-pZXsl::before,.jR8x9d .dmaMHc .VfPpkd-StrnGf-rymPhb .VfPpkd-StrnGf-rymPhb-ibnC6b:not(.VfPpkd-ksKsZd-mWPk3d):focus .VfPpkd-StrnGf-rymPhb-pZXsl::before{transition-duration:75ms;opacity:.12;opacity:var(--mdc-ripple-focus-opacity,.12)}.jR8x9d .dmaMHc .VfPpkd-StrnGf-rymPhb .VfPpkd-StrnGf-rymPhb-ibnC6b:not(.VfPpkd-ksKsZd-mWPk3d) .VfPpkd-StrnGf-rymPhb-pZXsl::after{transition:opacity .15s linear}.jR8x9d .dmaMHc .VfPpkd-StrnGf-rymPhb .VfPpkd-StrnGf-rymPhb-ibnC6b:not(.VfPpkd-ksKsZd-mWPk3d):active .VfPpkd-StrnGf-rymPhb-pZXsl::after{transition-duration:75ms;opacity:.1;opacity:var(--mdc-ripple-press-opacity,.1)}.jR8x9d .dmaMHc .VfPpkd-StrnGf-rymPhb .VfPpkd-StrnGf-rymPhb-ibnC6b.VfPpkd-ksKsZd-mWPk3d{--mdc-ripple-fg-opacity:var(--mdc-ripple-press-opacity,0.1)}}@media screen and (prefers-color-scheme:dark) and (-ms-high-contrast:active),screen and (prefers-color-scheme:dark) and (forced-colors:active){.jR8x9d .dmaMHc .VfPpkd-StrnGf-rymPhb .VfPpkd-StrnGf-rymPhb-ibnC6b-OWXEXe-OWB6Me .VfPpkd-StrnGf-rymPhb-b9t22c,.jR8x9d .dmaMHc .VfPpkd-StrnGf-rymPhb .VfPpkd-StrnGf-rymPhb-ibnC6b-OWXEXe-OWB6Me .VfPpkd-StrnGf-rymPhb-fpDzbe-fmcmS,.jR8x9d .dmaMHc .VfPpkd-StrnGf-rymPhb .VfPpkd-StrnGf-rymPhb-ibnC6b-OWXEXe-OWB6Me .VfPpkd-StrnGf-rymPhb-L8ivfd-fmcmS{color:GrayText}.jR8x9d .dmaMHc .VfPpkd-StrnGf-rymPhb .VfPpkd-StrnGf-rymPhb-ibnC6b-OWXEXe-OWB6Me .VfPpkd-StrnGf-rymPhb-b9t22c{opacity:1}}@media screen and (prefers-color-scheme:dark){.jR8x9d .dmaMHc .VfPpkd-BFbNVe-bF1uUb{opacity:.08}.jR8x9d .dmaMHc .VfPpkd-rymPhb-Gtdoyb,.jR8x9d .dmaMHc .VfPpkd-rymPhb-fpDzbe-fmcmS{color:rgb(232,234,237)}.jR8x9d .dmaMHc .VfPpkd-rymPhb-L8ivfd-fmcmS,.jR8x9d .dmaMHc .VfPpkd-rymPhb-bC5pod-fmcmS,.jR8x9d .dmaMHc .VfPpkd-rymPhb-JMEf7e{color:rgb(154,160,166)}.jR8x9d .dmaMHc .VfPpkd-rymPhb-ibnC6b-OWXEXe-SfQLQb-M1Soyc-Bz112c .VfPpkd-rymPhb-KkROqb,.jR8x9d .dmaMHc .VfPpkd-rymPhb-ibnC6b-OWXEXe-SfQLQb-UbuQg-Bz112c .VfPpkd-rymPhb-JMEf7e,.jR8x9d .dmaMHc .VfPpkd-rymPhb-ibnC6b-OWXEXe-OWB6Me .VfPpkd-rymPhb-Gtdoyb,.jR8x9d .dmaMHc .VfPpkd-rymPhb-ibnC6b-OWXEXe-OWB6Me .VfPpkd-rymPhb-fpDzbe-fmcmS,.jR8x9d .dmaMHc .VfPpkd-rymPhb-ibnC6b-OWXEXe-OWB6Me .VfPpkd-rymPhb-L8ivfd-fmcmS,.jR8x9d .dmaMHc .VfPpkd-rymPhb-ibnC6b-OWXEXe-OWB6Me .VfPpkd-rymPhb-bC5pod-fmcmS,.jR8x9d .dmaMHc .VfPpkd-rymPhb-ibnC6b-OWXEXe-OWB6Me.VfPpkd-rymPhb-ibnC6b-OWXEXe-SfQLQb-M1Soyc-Bz112c .VfPpkd-rymPhb-KkROqb,.jR8x9d .dmaMHc .VfPpkd-rymPhb-ibnC6b-OWXEXe-OWB6Me.VfPpkd-rymPhb-ibnC6b-OWXEXe-SfQLQb-UbuQg-Bz112c .VfPpkd-rymPhb-JMEf7e,.jR8x9d .dmaMHc .VfPpkd-rymPhb-ibnC6b-OWXEXe-OWB6Me.VfPpkd-rymPhb-ibnC6b-OWXEXe-SfQLQb-UbuQg-r4m2rf .VfPpkd-rymPhb-JMEf7e{color:rgb(232,234,237)}.jR8x9d .dmaMHc .VfPpkd-rymPhb-ibnC6b-OWXEXe-OWB6Me .VfPpkd-rymPhb-KkROqb,.jR8x9d .dmaMHc .VfPpkd-rymPhb-ibnC6b-OWXEXe-OWB6Me .VfPpkd-rymPhb-Gtdoyb,.jR8x9d .dmaMHc .VfPpkd-rymPhb-ibnC6b-OWXEXe-OWB6Me .VfPpkd-rymPhb-JMEf7e{opacity:.38}.jR8x9d .dmaMHc .VfPpkd-rymPhb-ibnC6b-OWXEXe-gk6SMd .VfPpkd-rymPhb-Gtdoyb,.jR8x9d .dmaMHc .VfPpkd-rymPhb-ibnC6b-OWXEXe-gk6SMd .VfPpkd-rymPhb-fpDzbe-fmcmS,.jR8x9d .dmaMHc .VfPpkd-rymPhb-ibnC6b-OWXEXe-pXU01b .VfPpkd-rymPhb-Gtdoyb,.jR8x9d .dmaMHc .VfPpkd-rymPhb-ibnC6b-OWXEXe-pXU01b .VfPpkd-rymPhb-fpDzbe-fmcmS,.jR8x9d .dmaMHc .VfPpkd-rymPhb-ibnC6b-OWXEXe-gk6SMd.VfPpkd-rymPhb-ibnC6b-OWXEXe-SfQLQb-M1Soyc-Bz112c .VfPpkd-rymPhb-KkROqb,.jR8x9d .dmaMHc .VfPpkd-rymPhb-ibnC6b-OWXEXe-pXU01b.VfPpkd-rymPhb-ibnC6b-OWXEXe-SfQLQb-M1Soyc-Bz112c .VfPpkd-rymPhb-KkROqb{color:rgb(232,234,237)}.jR8x9d .dmaMHc .VfPpkd-rymPhb-ibnC6b-OWXEXe-gk6SMd .VfPpkd-rymPhb-pZXsl::before{opacity:0}.jR8x9d .dmaMHc .VfPpkd-rymPhb-ibnC6b.VfPpkd-rymPhb-ibnC6b-OWXEXe-gk6SMd{background-color:rgba(138,180,248,.24)}.jR8x9d .dmaMHc .VfPpkd-rymPhb-ibnC6b.VfPpkd-rymPhb-ibnC6b-OWXEXe-gk6SMd .VfPpkd-rymPhb-pZXsl::before,.jR8x9d .dmaMHc .VfPpkd-rymPhb-ibnC6b.VfPpkd-rymPhb-ibnC6b-OWXEXe-gk6SMd .VfPpkd-rymPhb-pZXsl::after{background-color:rgb(138,180,248);background-color:var(--mdc-ripple-color,rgb(138,180,248))}.jR8x9d .dmaMHc .VfPpkd-rymPhb-ibnC6b.VfPpkd-rymPhb-ibnC6b-OWXEXe-gk6SMd:hover .VfPpkd-rymPhb-pZXsl::before,.jR8x9d .dmaMHc .VfPpkd-rymPhb-ibnC6b.VfPpkd-rymPhb-ibnC6b-OWXEXe-gk6SMd.VfPpkd-ksKsZd-XxIAqe-OWXEXe-ZmdkE .VfPpkd-rymPhb-pZXsl::before{opacity:.04;opacity:var(--mdc-ripple-hover-opacity,.04)}.jR8x9d .dmaMHc .VfPpkd-rymPhb-ibnC6b.VfPpkd-rymPhb-ibnC6b-OWXEXe-gk6SMd.VfPpkd-ksKsZd-mWPk3d-OWXEXe-AHe6Kc-XpnDCe .VfPpkd-rymPhb-pZXsl::before,.jR8x9d .dmaMHc .VfPpkd-rymPhb-ibnC6b.VfPpkd-rymPhb-ibnC6b-OWXEXe-gk6SMd:not(.VfPpkd-ksKsZd-mWPk3d):focus .VfPpkd-rymPhb-pZXsl::before{transition-duration:75ms;opacity:.12;opacity:var(--mdc-ripple-focus-opacity,.12)}.jR8x9d .dmaMHc .VfPpkd-rymPhb-ibnC6b.VfPpkd-rymPhb-ibnC6b-OWXEXe-gk6SMd:not(.VfPpkd-ksKsZd-mWPk3d) .VfPpkd-rymPhb-pZXsl::after{transition:opacity .15s linear}.jR8x9d .dmaMHc .VfPpkd-rymPhb-ibnC6b.VfPpkd-rymPhb-ibnC6b-OWXEXe-gk6SMd:not(.VfPpkd-ksKsZd-mWPk3d):active .VfPpkd-rymPhb-pZXsl::after{transition-duration:75ms;opacity:.1;opacity:var(--mdc-ripple-press-opacity,.1)}.jR8x9d .dmaMHc .VfPpkd-rymPhb-ibnC6b.VfPpkd-rymPhb-ibnC6b-OWXEXe-gk6SMd.VfPpkd-ksKsZd-mWPk3d{--mdc-ripple-fg-opacity:var(--mdc-ripple-press-opacity,0.1)}.jR8x9d .dmaMHc .VfPpkd-rymPhb-L8ivfd-fmcmS{color:rgb(154,160,166)}.jR8x9d .dmaMHc .VfPpkd-rymPhb-clz4Ic{background-color:rgba(232,234,237,.12)}.jR8x9d .dmaMHc .VfPpkd-rymPhb-ibnC6b-OWXEXe-SfQLQb-M1Soyc-Bz112c .VfPpkd-rymPhb-KkROqb,.jR8x9d .dmaMHc .VfPpkd-rymPhb-ibnC6b-OWXEXe-SfQLQb-UbuQg-Bz112c .VfPpkd-rymPhb-JMEf7e{color:rgb(232,234,237)}.jR8x9d .dmaMHc .VfPpkd-rymPhb-ibnC6b .VfPpkd-rymPhb-pZXsl::before,.jR8x9d .dmaMHc .VfPpkd-rymPhb-ibnC6b .VfPpkd-rymPhb-pZXsl::after{background-color:rgb(232,234,237);background-color:var(--mdc-ripple-color,rgb(232,234,237))}.jR8x9d .dmaMHc .VfPpkd-rymPhb-ibnC6b:hover .VfPpkd-rymPhb-pZXsl::before,.jR8x9d .dmaMHc .VfPpkd-rymPhb-ibnC6b.VfPpkd-ksKsZd-XxIAqe-OWXEXe-ZmdkE .VfPpkd-rymPhb-pZXsl::before{opacity:.04;opacity:var(--mdc-ripple-hover-opacity,.04)}.jR8x9d .dmaMHc .VfPpkd-rymPhb-ibnC6b.VfPpkd-ksKsZd-mWPk3d-OWXEXe-AHe6Kc-XpnDCe .VfPpkd-rymPhb-pZXsl::before,.jR8x9d .dmaMHc .VfPpkd-rymPhb-ibnC6b:not(.VfPpkd-ksKsZd-mWPk3d):focus .VfPpkd-rymPhb-pZXsl::before{transition-duration:75ms;opacity:.12;opacity:var(--mdc-ripple-focus-opacity,.12)}.jR8x9d .dmaMHc .VfPpkd-rymPhb-ibnC6b:not(.VfPpkd-ksKsZd-mWPk3d) .VfPpkd-rymPhb-pZXsl::after{transition:opacity .15s linear}.jR8x9d .dmaMHc .VfPpkd-rymPhb-ibnC6b:not(.VfPpkd-ksKsZd-mWPk3d):active .VfPpkd-rymPhb-pZXsl::after{transition-duration:75ms;opacity:.1;opacity:var(--mdc-ripple-press-opacity,.1)}.jR8x9d .dmaMHc .VfPpkd-rymPhb-ibnC6b.VfPpkd-ksKsZd-mWPk3d{--mdc-ripple-fg-opacity:var(--mdc-ripple-press-opacity,0.1)}}@media screen and (prefers-color-scheme:dark) and (forced-colors:active){.jR8x9d .dmaMHc .VfPpkd-rymPhb-ibnC6b-OWXEXe-OWB6Me .VfPpkd-rymPhb-Gtdoyb,.jR8x9d .dmaMHc .VfPpkd-rymPhb-ibnC6b-OWXEXe-OWB6Me .VfPpkd-rymPhb-fpDzbe-fmcmS,.jR8x9d .dmaMHc .VfPpkd-rymPhb-ibnC6b-OWXEXe-OWB6Me .VfPpkd-rymPhb-L8ivfd-fmcmS,.jR8x9d .dmaMHc .VfPpkd-rymPhb-ibnC6b-OWXEXe-OWB6Me .VfPpkd-rymPhb-bC5pod-fmcmS,.jR8x9d .dmaMHc .VfPpkd-rymPhb-ibnC6b-OWXEXe-OWB6Me.VfPpkd-rymPhb-ibnC6b-OWXEXe-SfQLQb-M1Soyc-Bz112c .VfPpkd-rymPhb-KkROqb,.jR8x9d .dmaMHc .VfPpkd-rymPhb-ibnC6b-OWXEXe-OWB6Me.VfPpkd-rymPhb-ibnC6b-OWXEXe-SfQLQb-UbuQg-Bz112c .VfPpkd-rymPhb-JMEf7e,.jR8x9d .dmaMHc .VfPpkd-rymPhb-ibnC6b-OWXEXe-OWB6Me.VfPpkd-rymPhb-ibnC6b-OWXEXe-SfQLQb-UbuQg-r4m2rf .VfPpkd-rymPhb-JMEf7e{color:GrayText}.jR8x9d .dmaMHc .VfPpkd-rymPhb-ibnC6b-OWXEXe-OWB6Me .VfPpkd-rymPhb-KkROqb,.jR8x9d .dmaMHc .VfPpkd-rymPhb-ibnC6b-OWXEXe-OWB6Me .VfPpkd-rymPhb-Gtdoyb,.jR8x9d .dmaMHc .VfPpkd-rymPhb-ibnC6b-OWXEXe-OWB6Me .VfPpkd-rymPhb-JMEf7e{opacity:1}}@media screen and (prefers-color-scheme:dark){.jR8x9d .dmaMHc .VfPpkd-StrnGf-rymPhb .VfPpkd-StrnGf-rymPhb-L8ivfd-fmcmS{color:rgb(154,160,166)}.jR8x9d .dmaMHc .VfPpkd-StrnGf-rymPhb .VfPpkd-StrnGf-rymPhb-f7MjDc,.jR8x9d .dmaMHc .VfPpkd-rymPhb .VfPpkd-rymPhb-ibnC6b-OWXEXe-SfQLQb-M1Soyc-Bz112c .VfPpkd-rymPhb-KkROqb,.jR8x9d .dmaMHc .VfPpkd-rymPhb .VfPpkd-rymPhb-ibnC6b-OWXEXe-SfQLQb-UbuQg-Bz112c .VfPpkd-rymPhb-JMEf7e{color:rgb(232,234,237)}.jR8x9d .dmaMHc .VfPpkd-rymPhb-fpDzbe-fmcmS{letter-spacing:.00625em}.jR8x9d .dmaMHc.VfPpkd-YPmvEd-OWXEXe-UJflGc .VfPpkd-StrnGf-rymPhb-ibnC6b.VfPpkd-StrnGf-rymPhb-ibnC6b-OWXEXe-gk6SMd,.jR8x9d .dmaMHc.VfPpkd-YPmvEd-OWXEXe-UJflGc .VfPpkd-rymPhb-ibnC6b.VfPpkd-rymPhb-ibnC6b-OWXEXe-gk6SMd{background-color:rgba(242,139,130,.24)}.jR8x9d .dmaMHc.VfPpkd-YPmvEd-OWXEXe-UJflGc .VfPpkd-StrnGf-rymPhb-ibnC6b.VfPpkd-StrnGf-rymPhb-ibnC6b-OWXEXe-gk6SMd .VfPpkd-StrnGf-rymPhb-pZXsl::before,.jR8x9d .dmaMHc.VfPpkd-YPmvEd-OWXEXe-UJflGc .VfPpkd-StrnGf-rymPhb-ibnC6b.VfPpkd-StrnGf-rymPhb-ibnC6b-OWXEXe-gk6SMd .VfPpkd-StrnGf-rymPhb-pZXsl::after,.jR8x9d .dmaMHc.VfPpkd-YPmvEd-OWXEXe-UJflGc .VfPpkd-rymPhb-ibnC6b.VfPpkd-rymPhb-ibnC6b-OWXEXe-gk6SMd .VfPpkd-StrnGf-rymPhb-pZXsl::before,.jR8x9d .dmaMHc.VfPpkd-YPmvEd-OWXEXe-UJflGc .VfPpkd-rymPhb-ibnC6b.VfPpkd-rymPhb-ibnC6b-OWXEXe-gk6SMd .VfPpkd-StrnGf-rymPhb-pZXsl::after{background-color:rgb(242,139,130);background-color:var(--mdc-ripple-color,rgb(242,139,130))}.jR8x9d .dmaMHc.VfPpkd-YPmvEd-OWXEXe-UJflGc .VfPpkd-StrnGf-rymPhb-ibnC6b.VfPpkd-StrnGf-rymPhb-ibnC6b-OWXEXe-gk6SMd:hover .VfPpkd-StrnGf-rymPhb-pZXsl::before,.jR8x9d .dmaMHc.VfPpkd-YPmvEd-OWXEXe-UJflGc .VfPpkd-StrnGf-rymPhb-ibnC6b.VfPpkd-StrnGf-rymPhb-ibnC6b-OWXEXe-gk6SMd.VfPpkd-ksKsZd-XxIAqe-OWXEXe-ZmdkE .VfPpkd-StrnGf-rymPhb-pZXsl::before,.jR8x9d .dmaMHc.VfPpkd-YPmvEd-OWXEXe-UJflGc .VfPpkd-rymPhb-ibnC6b.VfPpkd-rymPhb-ibnC6b-OWXEXe-gk6SMd:hover .VfPpkd-StrnGf-rymPhb-pZXsl::before,.jR8x9d .dmaMHc.VfPpkd-YPmvEd-OWXEXe-UJflGc .VfPpkd-rymPhb-ibnC6b.VfPpkd-rymPhb-ibnC6b-OWXEXe-gk6SMd.VfPpkd-ksKsZd-XxIAqe-OWXEXe-ZmdkE .VfPpkd-StrnGf-rymPhb-pZXsl::before{opacity:.04;opacity:var(--mdc-ripple-hover-opacity,.04)}.jR8x9d .dmaMHc.VfPpkd-YPmvEd-OWXEXe-UJflGc .VfPpkd-StrnGf-rymPhb-ibnC6b.VfPpkd-StrnGf-rymPhb-ibnC6b-OWXEXe-gk6SMd.VfPpkd-ksKsZd-mWPk3d-OWXEXe-AHe6Kc-XpnDCe .VfPpkd-StrnGf-rymPhb-pZXsl::before,.jR8x9d .dmaMHc.VfPpkd-YPmvEd-OWXEXe-UJflGc .VfPpkd-StrnGf-rymPhb-ibnC6b.VfPpkd-StrnGf-rymPhb-ibnC6b-OWXEXe-gk6SMd:not(.VfPpkd-ksKsZd-mWPk3d):focus .VfPpkd-StrnGf-rymPhb-pZXsl::before,.jR8x9d .dmaMHc.VfPpkd-YPmvEd-OWXEXe-UJflGc .VfPpkd-rymPhb-ibnC6b.VfPpkd-rymPhb-ibnC6b-OWXEXe-gk6SMd.VfPpkd-ksKsZd-mWPk3d-OWXEXe-AHe6Kc-XpnDCe .VfPpkd-StrnGf-rymPhb-pZXsl::before,.jR8x9d .dmaMHc.VfPpkd-YPmvEd-OWXEXe-UJflGc .VfPpkd-rymPhb-ibnC6b.VfPpkd-rymPhb-ibnC6b-OWXEXe-gk6SMd:not(.VfPpkd-ksKsZd-mWPk3d):focus .VfPpkd-StrnGf-rymPhb-pZXsl::before{transition-duration:75ms;opacity:.12;opacity:var(--mdc-ripple-focus-opacity,.12)}.jR8x9d .dmaMHc.VfPpkd-YPmvEd-OWXEXe-UJflGc .VfPpkd-StrnGf-rymPhb-ibnC6b.VfPpkd-StrnGf-rymPhb-ibnC6b-OWXEXe-gk6SMd:not(.VfPpkd-ksKsZd-mWPk3d) .VfPpkd-StrnGf-rymPhb-pZXsl::after,.jR8x9d .dmaMHc.VfPpkd-YPmvEd-OWXEXe-UJflGc .VfPpkd-rymPhb-ibnC6b.VfPpkd-rymPhb-ibnC6b-OWXEXe-gk6SMd:not(.VfPpkd-ksKsZd-mWPk3d) .VfPpkd-StrnGf-rymPhb-pZXsl::after{transition:opacity .15s linear}.jR8x9d .dmaMHc.VfPpkd-YPmvEd-OWXEXe-UJflGc .VfPpkd-StrnGf-rymPhb-ibnC6b.VfPpkd-StrnGf-rymPhb-ibnC6b-OWXEXe-gk6SMd:not(.VfPpkd-ksKsZd-mWPk3d):active .VfPpkd-StrnGf-rymPhb-pZXsl::after,.jR8x9d .dmaMHc.VfPpkd-YPmvEd-OWXEXe-UJflGc .VfPpkd-rymPhb-ibnC6b.VfPpkd-rymPhb-ibnC6b-OWXEXe-gk6SMd:not(.VfPpkd-ksKsZd-mWPk3d):active .VfPpkd-StrnGf-rymPhb-pZXsl::after{transition-duration:75ms;opacity:.1;opacity:var(--mdc-ripple-press-opacity,.1)}.jR8x9d .dmaMHc.VfPpkd-YPmvEd-OWXEXe-UJflGc .VfPpkd-StrnGf-rymPhb-ibnC6b.VfPpkd-StrnGf-rymPhb-ibnC6b-OWXEXe-gk6SMd .VfPpkd-rymPhb-pZXsl::before,.jR8x9d .dmaMHc.VfPpkd-YPmvEd-OWXEXe-UJflGc .VfPpkd-StrnGf-rymPhb-ibnC6b.VfPpkd-StrnGf-rymPhb-ibnC6b-OWXEXe-gk6SMd .VfPpkd-rymPhb-pZXsl::after,.jR8x9d .dmaMHc.VfPpkd-YPmvEd-OWXEXe-UJflGc .VfPpkd-rymPhb-ibnC6b.VfPpkd-rymPhb-ibnC6b-OWXEXe-gk6SMd .VfPpkd-rymPhb-pZXsl::before,.jR8x9d .dmaMHc.VfPpkd-YPmvEd-OWXEXe-UJflGc .VfPpkd-rymPhb-ibnC6b.VfPpkd-rymPhb-ibnC6b-OWXEXe-gk6SMd .VfPpkd-rymPhb-pZXsl::after{background-color:rgb(242,139,130);background-color:var(--mdc-ripple-color,rgb(242,139,130))}.jR8x9d .dmaMHc.VfPpkd-YPmvEd-OWXEXe-UJflGc .VfPpkd-StrnGf-rymPhb-ibnC6b.VfPpkd-StrnGf-rymPhb-ibnC6b-OWXEXe-gk6SMd:hover .VfPpkd-rymPhb-pZXsl::before,.jR8x9d .dmaMHc.VfPpkd-YPmvEd-OWXEXe-UJflGc .VfPpkd-StrnGf-rymPhb-ibnC6b.VfPpkd-StrnGf-rymPhb-ibnC6b-OWXEXe-gk6SMd.VfPpkd-ksKsZd-XxIAqe-OWXEXe-ZmdkE .VfPpkd-rymPhb-pZXsl::before,.jR8x9d .dmaMHc.VfPpkd-YPmvEd-OWXEXe-UJflGc .VfPpkd-rymPhb-ibnC6b.VfPpkd-rymPhb-ibnC6b-OWXEXe-gk6SMd:hover .VfPpkd-rymPhb-pZXsl::before,.jR8x9d .dmaMHc.VfPpkd-YPmvEd-OWXEXe-UJflGc .VfPpkd-rymPhb-ibnC6b.VfPpkd-rymPhb-ibnC6b-OWXEXe-gk6SMd.VfPpkd-ksKsZd-XxIAqe-OWXEXe-ZmdkE .VfPpkd-rymPhb-pZXsl::before{opacity:.04;opacity:var(--mdc-ripple-hover-opacity,.04)}.jR8x9d .dmaMHc.VfPpkd-YPmvEd-OWXEXe-UJflGc .VfPpkd-StrnGf-rymPhb-ibnC6b.VfPpkd-StrnGf-rymPhb-ibnC6b-OWXEXe-gk6SMd.VfPpkd-ksKsZd-mWPk3d-OWXEXe-AHe6Kc-XpnDCe .VfPpkd-rymPhb-pZXsl::before,.jR8x9d .dmaMHc.VfPpkd-YPmvEd-OWXEXe-UJflGc .VfPpkd-StrnGf-rymPhb-ibnC6b.VfPpkd-StrnGf-rymPhb-ibnC6b-OWXEXe-gk6SMd:not(.VfPpkd-ksKsZd-mWPk3d):focus .VfPpkd-rymPhb-pZXsl::before,.jR8x9d .dmaMHc.VfPpkd-YPmvEd-OWXEXe-UJflGc .VfPpkd-rymPhb-ibnC6b.VfPpkd-rymPhb-ibnC6b-OWXEXe-gk6SMd.VfPpkd-ksKsZd-mWPk3d-OWXEXe-AHe6Kc-XpnDCe .VfPpkd-rymPhb-pZXsl::before,.jR8x9d .dmaMHc.VfPpkd-YPmvEd-OWXEXe-UJflGc .VfPpkd-rymPhb-ibnC6b.VfPpkd-rymPhb-ibnC6b-OWXEXe-gk6SMd:not(.VfPpkd-ksKsZd-mWPk3d):focus .VfPpkd-rymPhb-pZXsl::before{transition-duration:75ms;opacity:.12;opacity:var(--mdc-ripple-focus-opacity,.12)}.jR8x9d .dmaMHc.VfPpkd-YPmvEd-OWXEXe-UJflGc .VfPpkd-StrnGf-rymPhb-ibnC6b.VfPpkd-StrnGf-rymPhb-ibnC6b-OWXEXe-gk6SMd:not(.VfPpkd-ksKsZd-mWPk3d) .VfPpkd-rymPhb-pZXsl::after,.jR8x9d .dmaMHc.VfPpkd-YPmvEd-OWXEXe-UJflGc .VfPpkd-rymPhb-ibnC6b.VfPpkd-rymPhb-ibnC6b-OWXEXe-gk6SMd:not(.VfPpkd-ksKsZd-mWPk3d) .VfPpkd-rymPhb-pZXsl::after{transition:opacity .15s linear}.jR8x9d .dmaMHc.VfPpkd-YPmvEd-OWXEXe-UJflGc .VfPpkd-StrnGf-rymPhb-ibnC6b.VfPpkd-StrnGf-rymPhb-ibnC6b-OWXEXe-gk6SMd:not(.VfPpkd-ksKsZd-mWPk3d):active .VfPpkd-rymPhb-pZXsl::after,.jR8x9d .dmaMHc.VfPpkd-YPmvEd-OWXEXe-UJflGc .VfPpkd-rymPhb-ibnC6b.VfPpkd-rymPhb-ibnC6b-OWXEXe-gk6SMd:not(.VfPpkd-ksKsZd-mWPk3d):active .VfPpkd-rymPhb-pZXsl::after{transition-duration:75ms;opacity:.1;opacity:var(--mdc-ripple-press-opacity,.1)}.jR8x9d .dmaMHc.VfPpkd-YPmvEd-OWXEXe-UJflGc .VfPpkd-StrnGf-rymPhb-ibnC6b.VfPpkd-StrnGf-rymPhb-ibnC6b-OWXEXe-gk6SMd.VfPpkd-ksKsZd-mWPk3d,.jR8x9d .dmaMHc.VfPpkd-YPmvEd-OWXEXe-UJflGc .VfPpkd-rymPhb-ibnC6b.VfPpkd-rymPhb-ibnC6b-OWXEXe-gk6SMd.VfPpkd-ksKsZd-mWPk3d{--mdc-ripple-fg-opacity:var(--mdc-ripple-press-opacity,0.1)}.jR8x9d .RnXJS:not(.VfPpkd-O1htCb-OWXEXe-OWB6Me) .VfPpkd-TkwUic{background-color:rgb(60,64,67)}.jR8x9d .RnXJS.VfPpkd-O1htCb-OWXEXe-OWB6Me .VfPpkd-TkwUic{background-color:rgba(232,234,237,.04)}.jR8x9d .RnXJS:not(.VfPpkd-O1htCb-OWXEXe-OWB6Me) .VfPpkd-RWgCYc-ksKsZd::before{border-bottom-color:rgb(154,160,166)}.jR8x9d .RnXJS:not(.VfPpkd-O1htCb-OWXEXe-OWB6Me):hover .VfPpkd-RWgCYc-ksKsZd::before{border-bottom-color:rgb(248,249,250)}.jR8x9d .RnXJS:not(.VfPpkd-O1htCb-OWXEXe-OWB6Me) .VfPpkd-RWgCYc-ksKsZd::after{border-bottom-color:rgb(138,180,248)}.jR8x9d .RnXJS.VfPpkd-O1htCb-OWXEXe-OWB6Me .VfPpkd-RWgCYc-ksKsZd::before{border-bottom-color:rgba(232,234,237,.38)}.jR8x9d .RnXJS:not(.VfPpkd-O1htCb-OWXEXe-OWB6Me) .VfPpkd-NLUYnc-V67aGc{color:rgb(189,193,198)}.jR8x9d .RnXJS:not(.VfPpkd-O1htCb-OWXEXe-OWB6Me).VfPpkd-O1htCb-OWXEXe-XpnDCe .VfPpkd-NLUYnc-V67aGc{color:rgb(138,180,248)}.jR8x9d .RnXJS:not(.VfPpkd-O1htCb-OWXEXe-OWB6Me):not(.VfPpkd-O1htCb-OWXEXe-XpnDCe):hover .VfPpkd-NLUYnc-V67aGc{color:rgb(248,249,250)}.jR8x9d .RnXJS.VfPpkd-O1htCb-OWXEXe-OWB6Me .VfPpkd-NLUYnc-V67aGc{color:rgba(232,234,237,.38)}.jR8x9d .RnXJS:not(.VfPpkd-O1htCb-OWXEXe-OWB6Me)+.VfPpkd-O1htCb-W0vJo-fmcmS{color:rgb(154,160,166)}.jR8x9d .RnXJS.VfPpkd-O1htCb-OWXEXe-OWB6Me+.VfPpkd-O1htCb-W0vJo-fmcmS{color:rgba(232,234,237,.38)}.jR8x9d .RnXJS:not(.VfPpkd-O1htCb-OWXEXe-OWB6Me).VfPpkd-O1htCb-OWXEXe-UJflGc+.VfPpkd-O1htCb-W0vJo-fmcmS-OWXEXe-Rfh2Tc-EglORb{color:rgb(246,174,169)}.jR8x9d .RnXJS:not(.VfPpkd-O1htCb-OWXEXe-OWB6Me):not(.VfPpkd-O1htCb-OWXEXe-XpnDCe):hover.VfPpkd-O1htCb-OWXEXe-UJflGc+.VfPpkd-O1htCb-W0vJo-fmcmS-OWXEXe-Rfh2Tc-EglORb{color:rgb(246,174,169)}.jR8x9d .RnXJS:not(.VfPpkd-O1htCb-OWXEXe-OWB6Me) .VfPpkd-uusGie-fmcmS{color:rgb(232,234,237)}.jR8x9d .RnXJS.VfPpkd-O1htCb-OWXEXe-OWB6Me .VfPpkd-uusGie-fmcmS{color:rgba(232,234,237,.38)}}@media screen and (prefers-color-scheme:dark) and (forced-colors:active){.jR8x9d .RnXJS.VfPpkd-O1htCb-OWXEXe-OWB6Me .VfPpkd-NLUYnc-V67aGc,.jR8x9d .RnXJS.VfPpkd-O1htCb-OWXEXe-OWB6Me .VfPpkd-uusGie-fmcmS{color:GrayText}}@media screen and (prefers-color-scheme:dark){.jR8x9d .RnXJS:not(.VfPpkd-O1htCb-OWXEXe-OWB6Me) .VfPpkd-t08AT-Bz112c{fill:rgb(189,193,198)}.jR8x9d .RnXJS:not(.VfPpkd-O1htCb-OWXEXe-OWB6Me):not(.VfPpkd-O1htCb-OWXEXe-XpnDCe):hover .VfPpkd-t08AT-Bz112c{fill:rgb(248,249,250)}.jR8x9d .RnXJS:not(.VfPpkd-O1htCb-OWXEXe-OWB6Me).VfPpkd-O1htCb-OWXEXe-XpnDCe .VfPpkd-t08AT-Bz112c{fill:rgb(138,180,248)}.jR8x9d .RnXJS.VfPpkd-O1htCb-OWXEXe-OWB6Me .VfPpkd-t08AT-Bz112c{fill:rgba(232,234,237,.38)}.jR8x9d .RnXJS:not(.VfPpkd-O1htCb-OWXEXe-OWB6Me) .VfPpkd-cTi5dd{color:rgb(189,193,198)}.jR8x9d .RnXJS.VfPpkd-O1htCb-OWXEXe-OWB6Me .VfPpkd-cTi5dd{color:rgba(232,234,237,.38)}.jR8x9d .RnXJS.VfPpkd-O1htCb-OWXEXe-UJflGc:not(.VfPpkd-O1htCb-OWXEXe-OWB6Me) .VfPpkd-RWgCYc-ksKsZd::before{border-bottom-color:rgb(246,174,169)}.jR8x9d .RnXJS.VfPpkd-O1htCb-OWXEXe-UJflGc:not(.VfPpkd-O1htCb-OWXEXe-OWB6Me):hover .VfPpkd-RWgCYc-ksKsZd::before{border-bottom-color:rgb(246,174,169)}.jR8x9d .RnXJS.VfPpkd-O1htCb-OWXEXe-UJflGc:not(.VfPpkd-O1htCb-OWXEXe-OWB6Me) .VfPpkd-RWgCYc-ksKsZd::after{border-bottom-color:rgb(246,174,169)}.jR8x9d .RnXJS.VfPpkd-O1htCb-OWXEXe-UJflGc:not(.VfPpkd-O1htCb-OWXEXe-OWB6Me) .VfPpkd-NLUYnc-V67aGc{color:rgb(246,174,169)}.jR8x9d .RnXJS.VfPpkd-O1htCb-OWXEXe-UJflGc:not(.VfPpkd-O1htCb-OWXEXe-OWB6Me):not(.VfPpkd-O1htCb-OWXEXe-XpnDCe):hover .VfPpkd-NLUYnc-V67aGc{color:rgb(246,174,169)}.jR8x9d .RnXJS.VfPpkd-O1htCb-OWXEXe-UJflGc:not(.VfPpkd-O1htCb-OWXEXe-OWB6Me) .VfPpkd-NLUYnc-V67aGc-OWXEXe-TATcMc-KLRBe{color:rgb(246,174,169)}.jR8x9d .RnXJS.VfPpkd-O1htCb-OWXEXe-UJflGc:not(.VfPpkd-O1htCb-OWXEXe-OWB6Me):not(.VfPpkd-O1htCb-OWXEXe-XpnDCe):hover .VfPpkd-NLUYnc-V67aGc-OWXEXe-TATcMc-KLRBe{color:rgb(246,174,169)}.jR8x9d .RnXJS.VfPpkd-O1htCb-OWXEXe-UJflGc:not(.VfPpkd-O1htCb-OWXEXe-OWB6Me) .VfPpkd-t08AT-Bz112c{fill:rgb(242,139,130)}.jR8x9d .RnXJS.VfPpkd-O1htCb-OWXEXe-UJflGc:not(.VfPpkd-O1htCb-OWXEXe-OWB6Me):not(.VfPpkd-O1htCb-OWXEXe-XpnDCe):hover .VfPpkd-t08AT-Bz112c{fill:rgb(246,174,169)}.jR8x9d .RnXJS.VfPpkd-O1htCb-OWXEXe-UJflGc:not(.VfPpkd-O1htCb-OWXEXe-OWB6Me).VfPpkd-O1htCb-OWXEXe-XpnDCe .VfPpkd-t08AT-Bz112c{fill:rgb(242,139,130)}.jR8x9d .RnXJS .VfPpkd-TkwUic .VfPpkd-woaZLe::before,.jR8x9d .RnXJS .VfPpkd-TkwUic .VfPpkd-woaZLe::after{background-color:rgb(241,243,244);background-color:var(--mdc-ripple-color,rgb(241,243,244))}.jR8x9d .RnXJS .VfPpkd-TkwUic:hover .VfPpkd-woaZLe::before,.jR8x9d .RnXJS .VfPpkd-TkwUic.VfPpkd-ksKsZd-XxIAqe-OWXEXe-ZmdkE .VfPpkd-woaZLe::before{opacity:.08;opacity:var(--mdc-ripple-hover-opacity,.08)}.jR8x9d .RnXJS .VfPpkd-TkwUic.VfPpkd-ksKsZd-mWPk3d-OWXEXe-AHe6Kc-XpnDCe .VfPpkd-woaZLe::before,.jR8x9d .RnXJS .VfPpkd-TkwUic:not(.VfPpkd-ksKsZd-mWPk3d):focus .VfPpkd-woaZLe::before{transition-duration:75ms;opacity:.12;opacity:var(--mdc-ripple-focus-opacity,.12)}.jR8x9d .RnXJS .VfPpkd-TkwUic:not(.VfPpkd-ksKsZd-mWPk3d) .VfPpkd-woaZLe::after{transition:opacity .15s linear}.jR8x9d .RnXJS .VfPpkd-TkwUic:not(.VfPpkd-ksKsZd-mWPk3d):active .VfPpkd-woaZLe::after{transition-duration:75ms;opacity:.1;opacity:var(--mdc-ripple-press-opacity,.1)}.jR8x9d .RnXJS .VfPpkd-TkwUic.VfPpkd-ksKsZd-mWPk3d{--mdc-ripple-fg-opacity:var(--mdc-ripple-press-opacity,0.1)}.jR8x9d .UAQDDf:not(.VfPpkd-O1htCb-OWXEXe-OWB6Me) .VfPpkd-NSFCdd-Brv4Fb,.jR8x9d .UAQDDf:not(.VfPpkd-O1htCb-OWXEXe-OWB6Me) .VfPpkd-NSFCdd-Ra9xwd,.jR8x9d .UAQDDf:not(.VfPpkd-O1htCb-OWXEXe-OWB6Me) .VfPpkd-NSFCdd-MpmGFe{border-color:rgb(189,193,198)}.jR8x9d .UAQDDf:not(.VfPpkd-O1htCb-OWXEXe-OWB6Me):not(.VfPpkd-O1htCb-OWXEXe-XpnDCe) .VfPpkd-TkwUic:hover .VfPpkd-NSFCdd-i5vt6e .VfPpkd-NSFCdd-Brv4Fb,.jR8x9d .UAQDDf:not(.VfPpkd-O1htCb-OWXEXe-OWB6Me):not(.VfPpkd-O1htCb-OWXEXe-XpnDCe) .VfPpkd-TkwUic:hover .VfPpkd-NSFCdd-i5vt6e .VfPpkd-NSFCdd-Ra9xwd,.jR8x9d .UAQDDf:not(.VfPpkd-O1htCb-OWXEXe-OWB6Me):not(.VfPpkd-O1htCb-OWXEXe-XpnDCe) .VfPpkd-TkwUic:hover .VfPpkd-NSFCdd-i5vt6e .VfPpkd-NSFCdd-MpmGFe{border-color:rgb(248,249,250)}.jR8x9d .UAQDDf:not(.VfPpkd-O1htCb-OWXEXe-OWB6Me).VfPpkd-O1htCb-OWXEXe-XpnDCe .VfPpkd-NSFCdd-i5vt6e .VfPpkd-NSFCdd-Brv4Fb,.jR8x9d .UAQDDf:not(.VfPpkd-O1htCb-OWXEXe-OWB6Me).VfPpkd-O1htCb-OWXEXe-XpnDCe .VfPpkd-NSFCdd-i5vt6e .VfPpkd-NSFCdd-Ra9xwd,.jR8x9d .UAQDDf:not(.VfPpkd-O1htCb-OWXEXe-OWB6Me).VfPpkd-O1htCb-OWXEXe-XpnDCe .VfPpkd-NSFCdd-i5vt6e .VfPpkd-NSFCdd-MpmGFe{border-color:rgb(138,180,248)}.jR8x9d .UAQDDf.VfPpkd-O1htCb-OWXEXe-OWB6Me .VfPpkd-NSFCdd-Brv4Fb,.jR8x9d .UAQDDf.VfPpkd-O1htCb-OWXEXe-OWB6Me .VfPpkd-NSFCdd-Ra9xwd,.jR8x9d .UAQDDf.VfPpkd-O1htCb-OWXEXe-OWB6Me .VfPpkd-NSFCdd-MpmGFe{border-color:rgba(232,234,237,.12)}.jR8x9d .UAQDDf:not(.VfPpkd-O1htCb-OWXEXe-OWB6Me) .VfPpkd-NLUYnc-V67aGc{color:rgb(154,160,166)}.jR8x9d .UAQDDf:not(.VfPpkd-O1htCb-OWXEXe-OWB6Me).VfPpkd-O1htCb-OWXEXe-XpnDCe .VfPpkd-NLUYnc-V67aGc{color:rgb(138,180,248)}.jR8x9d .UAQDDf:not(.VfPpkd-O1htCb-OWXEXe-OWB6Me):not(.VfPpkd-O1htCb-OWXEXe-XpnDCe):hover .VfPpkd-NLUYnc-V67aGc{color:rgb(248,249,250)}.jR8x9d .UAQDDf.VfPpkd-O1htCb-OWXEXe-OWB6Me .VfPpkd-NLUYnc-V67aGc{color:rgba(232,234,237,.38)}.jR8x9d .UAQDDf:not(.VfPpkd-O1htCb-OWXEXe-OWB6Me)+.VfPpkd-O1htCb-W0vJo-fmcmS{color:rgb(154,160,166)}.jR8x9d .UAQDDf.VfPpkd-O1htCb-OWXEXe-OWB6Me+.VfPpkd-O1htCb-W0vJo-fmcmS{color:rgba(232,234,237,.38)}.jR8x9d .UAQDDf:not(.VfPpkd-O1htCb-OWXEXe-OWB6Me).VfPpkd-O1htCb-OWXEXe-UJflGc+.VfPpkd-O1htCb-W0vJo-fmcmS-OWXEXe-Rfh2Tc-EglORb{color:rgb(242,139,130)}.jR8x9d .UAQDDf:not(.VfPpkd-O1htCb-OWXEXe-OWB6Me):not(.VfPpkd-O1htCb-OWXEXe-XpnDCe):hover.VfPpkd-O1htCb-OWXEXe-UJflGc+.VfPpkd-O1htCb-W0vJo-fmcmS-OWXEXe-Rfh2Tc-EglORb{color:rgb(246,174,169)}.jR8x9d .UAQDDf:not(.VfPpkd-O1htCb-OWXEXe-OWB6Me) .VfPpkd-uusGie-fmcmS{color:rgb(232,234,237)}.jR8x9d .UAQDDf.VfPpkd-O1htCb-OWXEXe-OWB6Me .VfPpkd-uusGie-fmcmS{color:rgba(232,234,237,.38)}}@media screen and (prefers-color-scheme:dark) and (forced-colors:active){.jR8x9d .UAQDDf.VfPpkd-O1htCb-OWXEXe-OWB6Me .VfPpkd-NLUYnc-V67aGc,.jR8x9d .UAQDDf.VfPpkd-O1htCb-OWXEXe-OWB6Me .VfPpkd-uusGie-fmcmS{color:GrayText}}@media screen and (prefers-color-scheme:dark){.jR8x9d .UAQDDf:not(.VfPpkd-O1htCb-OWXEXe-OWB6Me) .VfPpkd-t08AT-Bz112c{fill:rgb(154,160,166)}.jR8x9d .UAQDDf:not(.VfPpkd-O1htCb-OWXEXe-OWB6Me):not(.VfPpkd-O1htCb-OWXEXe-XpnDCe):hover .VfPpkd-t08AT-Bz112c{fill:rgb(248,249,250)}.jR8x9d .UAQDDf:not(.VfPpkd-O1htCb-OWXEXe-OWB6Me).VfPpkd-O1htCb-OWXEXe-XpnDCe .VfPpkd-t08AT-Bz112c{fill:rgb(138,180,248)}.jR8x9d .UAQDDf.VfPpkd-O1htCb-OWXEXe-OWB6Me .VfPpkd-t08AT-Bz112c{fill:rgba(232,234,237,.38)}.jR8x9d .UAQDDf:not(.VfPpkd-O1htCb-OWXEXe-OWB6Me) .VfPpkd-cTi5dd{color:rgb(154,160,166)}.jR8x9d .UAQDDf.VfPpkd-O1htCb-OWXEXe-OWB6Me .VfPpkd-cTi5dd{color:rgba(232,234,237,.38)}.jR8x9d .UAQDDf.VfPpkd-O1htCb-OWXEXe-UJflGc:not(.VfPpkd-O1htCb-OWXEXe-OWB6Me) .VfPpkd-NSFCdd-Brv4Fb,.jR8x9d .UAQDDf.VfPpkd-O1htCb-OWXEXe-UJflGc:not(.VfPpkd-O1htCb-OWXEXe-OWB6Me) .VfPpkd-NSFCdd-Ra9xwd,.jR8x9d .UAQDDf.VfPpkd-O1htCb-OWXEXe-UJflGc:not(.VfPpkd-O1htCb-OWXEXe-OWB6Me) .VfPpkd-NSFCdd-MpmGFe{border-color:rgb(242,139,130)}.jR8x9d .UAQDDf.VfPpkd-O1htCb-OWXEXe-UJflGc:not(.VfPpkd-O1htCb-OWXEXe-OWB6Me):not(.VfPpkd-O1htCb-OWXEXe-XpnDCe) .VfPpkd-TkwUic:hover .VfPpkd-NSFCdd-i5vt6e .VfPpkd-NSFCdd-Brv4Fb,.jR8x9d .UAQDDf.VfPpkd-O1htCb-OWXEXe-UJflGc:not(.VfPpkd-O1htCb-OWXEXe-OWB6Me):not(.VfPpkd-O1htCb-OWXEXe-XpnDCe) .VfPpkd-TkwUic:hover .VfPpkd-NSFCdd-i5vt6e .VfPpkd-NSFCdd-Ra9xwd,.jR8x9d .UAQDDf.VfPpkd-O1htCb-OWXEXe-UJflGc:not(.VfPpkd-O1htCb-OWXEXe-OWB6Me):not(.VfPpkd-O1htCb-OWXEXe-XpnDCe) .VfPpkd-TkwUic:hover .VfPpkd-NSFCdd-i5vt6e .VfPpkd-NSFCdd-MpmGFe{border-color:rgb(246,174,169)}.jR8x9d .UAQDDf.VfPpkd-O1htCb-OWXEXe-UJflGc:not(.VfPpkd-O1htCb-OWXEXe-OWB6Me).VfPpkd-O1htCb-OWXEXe-XpnDCe .VfPpkd-NSFCdd-i5vt6e .VfPpkd-NSFCdd-Brv4Fb,.jR8x9d .UAQDDf.VfPpkd-O1htCb-OWXEXe-UJflGc:not(.VfPpkd-O1htCb-OWXEXe-OWB6Me).VfPpkd-O1htCb-OWXEXe-XpnDCe .VfPpkd-NSFCdd-i5vt6e .VfPpkd-NSFCdd-Ra9xwd,.jR8x9d .UAQDDf.VfPpkd-O1htCb-OWXEXe-UJflGc:not(.VfPpkd-O1htCb-OWXEXe-OWB6Me).VfPpkd-O1htCb-OWXEXe-XpnDCe .VfPpkd-NSFCdd-i5vt6e .VfPpkd-NSFCdd-MpmGFe{border-color:rgb(242,139,130)}.jR8x9d .UAQDDf.VfPpkd-O1htCb-OWXEXe-UJflGc:not(.VfPpkd-O1htCb-OWXEXe-OWB6Me) .VfPpkd-NLUYnc-V67aGc{color:rgb(242,139,130)}.jR8x9d .UAQDDf.VfPpkd-O1htCb-OWXEXe-UJflGc:not(.VfPpkd-O1htCb-OWXEXe-OWB6Me):not(.VfPpkd-O1htCb-OWXEXe-XpnDCe):hover .VfPpkd-NLUYnc-V67aGc{color:rgb(246,174,169)}.jR8x9d .UAQDDf.VfPpkd-O1htCb-OWXEXe-UJflGc:not(.VfPpkd-O1htCb-OWXEXe-OWB6Me) .VfPpkd-NLUYnc-V67aGc-OWXEXe-TATcMc-KLRBe{color:rgb(242,139,130)}.jR8x9d .UAQDDf.VfPpkd-O1htCb-OWXEXe-UJflGc:not(.VfPpkd-O1htCb-OWXEXe-OWB6Me):not(.VfPpkd-O1htCb-OWXEXe-XpnDCe):hover .VfPpkd-NLUYnc-V67aGc-OWXEXe-TATcMc-KLRBe{color:rgb(246,174,169)}.jR8x9d .UAQDDf.VfPpkd-O1htCb-OWXEXe-UJflGc:not(.VfPpkd-O1htCb-OWXEXe-OWB6Me) .VfPpkd-t08AT-Bz112c{fill:rgb(242,139,130)}.jR8x9d .UAQDDf.VfPpkd-O1htCb-OWXEXe-UJflGc:not(.VfPpkd-O1htCb-OWXEXe-OWB6Me):not(.VfPpkd-O1htCb-OWXEXe-XpnDCe):hover .VfPpkd-t08AT-Bz112c{fill:rgb(246,174,169)}.jR8x9d .UAQDDf.VfPpkd-O1htCb-OWXEXe-UJflGc:not(.VfPpkd-O1htCb-OWXEXe-OWB6Me).VfPpkd-O1htCb-OWXEXe-XpnDCe .VfPpkd-t08AT-Bz112c{fill:rgb(242,139,130)}.jR8x9d .UlwoYd .VfPpkd-UTM9ec-tmWYNe{background-color:rgb(138,180,248);border-color:rgb(138,180,248)}.jR8x9d .UlwoYd .VfPpkd-UTM9ec-OWXEXe-ma6Yeb .VfPpkd-UTM9ec-tmWYNe,.jR8x9d .UlwoYd .VfPpkd-UTM9ec-OWXEXe-ma6Yeb.VfPpkd-UTM9ec:hover .VfPpkd-UTM9ec-tmWYNe,.jR8x9d .UlwoYd .VfPpkd-UTM9ec-OWXEXe-ma6Yeb.VfPpkd-UTM9ec-OWXEXe-XpnDCe .VfPpkd-UTM9ec-tmWYNe{border-color:#fff}.jR8x9d .UlwoYd.VfPpkd-SxecR-OWXEXe-OWB6Me .VfPpkd-UTM9ec-tmWYNe{background-color:rgb(232,234,237);border-color:rgb(232,234,237)}.jR8x9d .UlwoYd.VfPpkd-SxecR-OWXEXe-OWB6Me .VfPpkd-UTM9ec-OWXEXe-ma6Yeb .VfPpkd-UTM9ec-tmWYNe,.jR8x9d .UlwoYd.VfPpkd-SxecR-OWXEXe-OWB6Me .VfPpkd-UTM9ec-OWXEXe-ma6Yeb.VfPpkd-UTM9ec:hover .VfPpkd-UTM9ec-tmWYNe,.jR8x9d .UlwoYd.VfPpkd-SxecR-OWXEXe-OWB6Me .VfPpkd-UTM9ec-OWXEXe-ma6Yeb.VfPpkd-UTM9ec-OWXEXe-XpnDCe .VfPpkd-UTM9ec-tmWYNe{border-color:#fff}.jR8x9d .UlwoYd .VfPpkd-UTM9ec::before,.jR8x9d .UlwoYd .VfPpkd-UTM9ec::after{background-color:rgb(138,180,248);background-color:var(--mdc-ripple-color,rgb(138,180,248))}.jR8x9d .UlwoYd .VfPpkd-UTM9ec:hover::before,.jR8x9d .UlwoYd .VfPpkd-UTM9ec.VfPpkd-ksKsZd-XxIAqe-OWXEXe-ZmdkE::before{opacity:.08;opacity:var(--mdc-ripple-hover-opacity,.08)}.jR8x9d .UlwoYd .VfPpkd-UTM9ec.VfPpkd-ksKsZd-mWPk3d-OWXEXe-AHe6Kc-XpnDCe::before,.jR8x9d .UlwoYd .VfPpkd-UTM9ec:not(.VfPpkd-ksKsZd-mWPk3d):focus::before{transition-duration:75ms;opacity:.24;opacity:var(--mdc-ripple-focus-opacity,.24)}.jR8x9d .UlwoYd .VfPpkd-UTM9ec:not(.VfPpkd-ksKsZd-mWPk3d)::after{transition:opacity .15s linear}.jR8x9d .UlwoYd .VfPpkd-UTM9ec:not(.VfPpkd-ksKsZd-mWPk3d):active::after{transition-duration:75ms;opacity:.24;opacity:var(--mdc-ripple-press-opacity,.24)}.jR8x9d .UlwoYd .VfPpkd-UTM9ec.VfPpkd-ksKsZd-mWPk3d{--mdc-ripple-fg-opacity:var(--mdc-ripple-press-opacity,0.24)}.jR8x9d .UlwoYd .VfPpkd-UTM9ec:hover .VfPpkd-UTM9ec-tmWYNe,.jR8x9d .UlwoYd .VfPpkd-UTM9ec-OWXEXe-XpnDCe .VfPpkd-UTM9ec-tmWYNe{background-color:rgb(210,227,252);border-color:rgb(210,227,252)}.jR8x9d .UlwoYd .VfPpkd-UTM9ec:hover .VfPpkd-UTM9ec-OWXEXe-ma6Yeb .VfPpkd-UTM9ec-tmWYNe,.jR8x9d .UlwoYd .VfPpkd-UTM9ec:hover .VfPpkd-UTM9ec-OWXEXe-ma6Yeb.VfPpkd-UTM9ec:hover .VfPpkd-UTM9ec-tmWYNe,.jR8x9d .UlwoYd .VfPpkd-UTM9ec:hover .VfPpkd-UTM9ec-OWXEXe-ma6Yeb.VfPpkd-UTM9ec-OWXEXe-XpnDCe .VfPpkd-UTM9ec-tmWYNe,.jR8x9d .UlwoYd .VfPpkd-UTM9ec-OWXEXe-XpnDCe .VfPpkd-UTM9ec-OWXEXe-ma6Yeb .VfPpkd-UTM9ec-tmWYNe,.jR8x9d .UlwoYd .VfPpkd-UTM9ec-OWXEXe-XpnDCe .VfPpkd-UTM9ec-OWXEXe-ma6Yeb.VfPpkd-UTM9ec:hover .VfPpkd-UTM9ec-tmWYNe,.jR8x9d .UlwoYd .VfPpkd-UTM9ec-OWXEXe-XpnDCe .VfPpkd-UTM9ec-OWXEXe-ma6Yeb.VfPpkd-UTM9ec-OWXEXe-XpnDCe .VfPpkd-UTM9ec-tmWYNe{border-color:#fff}.jR8x9d .UlwoYd .VfPpkd-yCQwvc-OWXEXe-bp49T{border-color:rgb(138,180,248)}.jR8x9d .UlwoYd.VfPpkd-SxecR-OWXEXe-OWB6Me .VfPpkd-yCQwvc-OWXEXe-bp49T{border-color:rgb(232,234,237)}.jR8x9d .UlwoYd .VfPpkd-yCQwvc-OWXEXe-mt1Mkb{background-color:rgb(32,33,36);opacity:1}.jR8x9d .UlwoYd.VfPpkd-SxecR-OWXEXe-OWB6Me .VfPpkd-yCQwvc-OWXEXe-mt1Mkb{background-color:rgba(232,234,237,.38);opacity:1}.jR8x9d .UlwoYd .VfPpkd-zD2WHb-SYOSDb-OWXEXe-auswjd,.jR8x9d .UlwoYd.VfPpkd-SxecR-OWXEXe-OWB6Me .VfPpkd-zD2WHb-SYOSDb-OWXEXe-auswjd{background-color:rgb(32,33,36);opacity:.38}}@media screen and (prefers-color-scheme:dark) and (forced-colors:active){.jR8x9d .UlwoYd .VfPpkd-zD2WHb-SYOSDb-OWXEXe-auswjd{background-color:Canvas;opacity:1}}@media screen and (prefers-color-scheme:dark){.jR8x9d .UlwoYd .VfPpkd-zD2WHb-SYOSDb-OWXEXe-mt1Mkb{background-color:rgb(138,180,248);opacity:.38}.jR8x9d .UlwoYd.VfPpkd-SxecR-OWXEXe-OWB6Me .VfPpkd-zD2WHb-SYOSDb-OWXEXe-mt1Mkb{background-color:rgb(232,234,237);opacity:.38}}@media screen and (prefers-color-scheme:dark) and (forced-colors:active){.jR8x9d .UlwoYd .VfPpkd-zD2WHb-SYOSDb-OWXEXe-mt1Mkb{background-color:CanvasText;opacity:1}}@media screen and (prefers-color-scheme:dark){.jR8x9d .UlwoYd:not(.VfPpkd-SxecR-OWXEXe-OWB6Me) .VfPpkd-yCQwvc-OWXEXe-mt1Mkb::before{background-color:rgba(138,180,248,.24);border-radius:inherit;content:"";height:100%;position:absolute;width:100%}.jR8x9d .UlwoYd .VfPpkd-MIfjnf-uDEFge{background-color:rgb(138,180,248);opacity:1}.jR8x9d .UlwoYd .VfPpkd-MIfjnf-uDEFge::before{border-top-color:rgb(138,180,248)}.jR8x9d .UlwoYd .VfPpkd-MIfjnf-uDEFge{color:rgb(32,33,36)}.jR8x9d .UlwoYd.VfPpkd-SxecR .VfPpkd-yCQwvc-OWXEXe-bp49T{transform-origin:left}.jR8x9d .UlwoYd .VfPpkd-MIfjnf-uDEFge{border-radius:16px;height:28px;padding:0 8px}.jR8x9d .UlwoYd .VfPpkd-MIfjnf-uDEFge-fmcmS{font-family:"Roboto Mono",Roboto,sans-serif;font-size:.75rem;font-weight:500;white-space:nowrap}.jR8x9d .UlwoYd .VfPpkd-UTM9ec.VfPpkd-UTM9ec-OWXEXe-fmcmS-YuD1xf-lTBxed .VfPpkd-MIfjnf-uDEFge-fmcmS{font-family:Roboto,sans-serif}.jR8x9d .UlwoYd .VfPpkd-UTM9ec.VfPpkd-UTM9ec-OWXEXe-Wetbn-lTBxed .VfPpkd-MIfjnf-uDEFge-haAclf{bottom:40px;transform:rotate(-45deg);transform-origin:bottom left}.jR8x9d .UlwoYd .VfPpkd-UTM9ec.VfPpkd-UTM9ec-OWXEXe-Wetbn-lTBxed .VfPpkd-MIfjnf-uDEFge{border-radius:50% 50% 50% 0;height:28px;justify-content:center;padding:0;position:relative;width:28px}.jR8x9d .UlwoYd .VfPpkd-UTM9ec.VfPpkd-UTM9ec-OWXEXe-Wetbn-lTBxed .VfPpkd-MIfjnf-uDEFge::before{display:none}.jR8x9d .UlwoYd .VfPpkd-UTM9ec.VfPpkd-UTM9ec-OWXEXe-Wetbn-lTBxed .VfPpkd-MIfjnf-uDEFge-fmcmS{transform:rotate(45deg)}.jR8x9d .TFhMef .VfPpkd-YAxtVc{background-color:#fff}.jR8x9d .TFhMef .VfPpkd-gIZMF{color:rgb(60,64,67)}.jR8x9d .TFhMef .VfPpkd-IkaYrd:not(:disabled){background-color:transparent}.jR8x9d .TFhMef .VfPpkd-IkaYrd:not(:disabled){color:rgb(26,115,232);color:var(--gm-colortextbutton-ink-color,rgb(26,115,232))}.jR8x9d .TFhMef .VfPpkd-IkaYrd:disabled{color:rgba(60,64,67,.38);color:var(--gm-colortextbutton-disabled-ink-color,rgba(60,64,67,.38))}.jR8x9d .TFhMef .VfPpkd-IkaYrd .VfPpkd-UdE5de-uDEFge .VfPpkd-JGcpL-uI4vCe-LkdAo,.jR8x9d .TFhMef .VfPpkd-IkaYrd .VfPpkd-UdE5de-uDEFge .VfPpkd-JGcpL-IdXvz-LkdAo-Bd00G{stroke:rgb(26,115,232)}}@media screen and (prefers-color-scheme:dark) and (-ms-high-contrast:active),screen and (prefers-color-scheme:dark) and (forced-colors:active){.jR8x9d .TFhMef .VfPpkd-IkaYrd .VfPpkd-UdE5de-uDEFge .VfPpkd-JGcpL-uI4vCe-LkdAo,.jR8x9d .TFhMef .VfPpkd-IkaYrd .VfPpkd-UdE5de-uDEFge .VfPpkd-JGcpL-IdXvz-LkdAo-Bd00G{stroke:CanvasText}}@media screen and (prefers-color-scheme:dark){.jR8x9d .TFhMef .VfPpkd-IkaYrd:hover:not(:disabled),.jR8x9d .TFhMef .VfPpkd-IkaYrd.VfPpkd-ksKsZd-mWPk3d-OWXEXe-AHe6Kc-XpnDCe:not(:disabled),.jR8x9d .TFhMef .VfPpkd-IkaYrd:not(.VfPpkd-ksKsZd-mWPk3d):focus:not(:disabled),.jR8x9d .TFhMef .VfPpkd-IkaYrd:active:not(:disabled){color:rgb(23,78,166);color:var(--gm-colortextbutton-ink-color--stateful,rgb(23,78,166))}.jR8x9d .TFhMef .VfPpkd-IkaYrd .VfPpkd-Jh9lGc::before,.jR8x9d .TFhMef .VfPpkd-IkaYrd .VfPpkd-Jh9lGc::after{background-color:rgb(26,115,232);background-color:var(--gm-colortextbutton-state-color,rgb(26,115,232))}.jR8x9d .TFhMef .VfPpkd-IkaYrd:hover .VfPpkd-Jh9lGc::before,.jR8x9d .TFhMef .VfPpkd-IkaYrd.VfPpkd-ksKsZd-XxIAqe-OWXEXe-ZmdkE .VfPpkd-Jh9lGc::before{opacity:.04;opacity:var(--mdc-ripple-hover-opacity,.04)}.jR8x9d .TFhMef .VfPpkd-IkaYrd.VfPpkd-ksKsZd-mWPk3d-OWXEXe-AHe6Kc-XpnDCe .VfPpkd-Jh9lGc::before,.jR8x9d .TFhMef .VfPpkd-IkaYrd:not(.VfPpkd-ksKsZd-mWPk3d):focus .VfPpkd-Jh9lGc::before{transition-duration:75ms;opacity:.12;opacity:var(--mdc-ripple-focus-opacity,.12)}.jR8x9d .TFhMef .VfPpkd-IkaYrd:not(.VfPpkd-ksKsZd-mWPk3d) .VfPpkd-Jh9lGc::after{transition:opacity .15s linear}.jR8x9d .TFhMef .VfPpkd-IkaYrd:not(.VfPpkd-ksKsZd-mWPk3d):active .VfPpkd-Jh9lGc::after{transition-duration:75ms;opacity:.12;opacity:var(--mdc-ripple-press-opacity,.12)}.jR8x9d .TFhMef .VfPpkd-IkaYrd.VfPpkd-ksKsZd-mWPk3d{--mdc-ripple-fg-opacity:var(--mdc-ripple-press-opacity,0.12)}.jR8x9d .TFhMef .VfPpkd-IkaYrd:disabled:hover .VfPpkd-Jh9lGc::before,.jR8x9d .TFhMef .VfPpkd-IkaYrd:disabled.VfPpkd-ksKsZd-XxIAqe-OWXEXe-ZmdkE .VfPpkd-Jh9lGc::before{opacity:0;opacity:var(--mdc-ripple-hover-opacity,0)}.jR8x9d .TFhMef .VfPpkd-IkaYrd:disabled.VfPpkd-ksKsZd-mWPk3d-OWXEXe-AHe6Kc-XpnDCe .VfPpkd-Jh9lGc::before,.jR8x9d .TFhMef .VfPpkd-IkaYrd:disabled:not(.VfPpkd-ksKsZd-mWPk3d):focus .VfPpkd-Jh9lGc::before{transition-duration:75ms;opacity:0;opacity:var(--mdc-ripple-focus-opacity,0)}.jR8x9d .TFhMef .VfPpkd-IkaYrd:disabled:not(.VfPpkd-ksKsZd-mWPk3d) .VfPpkd-Jh9lGc::after{transition:opacity .15s linear}.jR8x9d .TFhMef .VfPpkd-IkaYrd:disabled:not(.VfPpkd-ksKsZd-mWPk3d):active .VfPpkd-Jh9lGc::after{transition-duration:75ms;opacity:0;opacity:var(--mdc-ripple-press-opacity,0)}.jR8x9d .TFhMef .VfPpkd-IkaYrd:disabled.VfPpkd-ksKsZd-mWPk3d{--mdc-ripple-fg-opacity:var(--mdc-ripple-press-opacity,0)}.jR8x9d .TFhMef .VfPpkd-TolmDb{color:rgb(60,64,67);z-index:0}.jR8x9d .TFhMef .VfPpkd-TolmDb .VfPpkd-Bz112c-Jh9lGc::before,.jR8x9d .TFhMef .VfPpkd-TolmDb .VfPpkd-Bz112c-Jh9lGc::after{background-color:rgb(60,64,67);background-color:var(--mdc-ripple-color,rgb(60,64,67))}.jR8x9d .TFhMef .VfPpkd-TolmDb:hover .VfPpkd-Bz112c-Jh9lGc::before,.jR8x9d .TFhMef .VfPpkd-TolmDb.VfPpkd-ksKsZd-XxIAqe-OWXEXe-ZmdkE .VfPpkd-Bz112c-Jh9lGc::before{opacity:.04;opacity:var(--mdc-ripple-hover-opacity,.04)}.jR8x9d .TFhMef .VfPpkd-TolmDb.VfPpkd-ksKsZd-mWPk3d-OWXEXe-AHe6Kc-XpnDCe .VfPpkd-Bz112c-Jh9lGc::before,.jR8x9d .TFhMef .VfPpkd-TolmDb:not(.VfPpkd-ksKsZd-mWPk3d):focus .VfPpkd-Bz112c-Jh9lGc::before{transition-duration:75ms;opacity:.12;opacity:var(--mdc-ripple-focus-opacity,.12)}.jR8x9d .TFhMef .VfPpkd-TolmDb:not(.VfPpkd-ksKsZd-mWPk3d) .VfPpkd-Bz112c-Jh9lGc::after{transition:opacity .15s linear}.jR8x9d .TFhMef .VfPpkd-TolmDb:not(.VfPpkd-ksKsZd-mWPk3d):active .VfPpkd-Bz112c-Jh9lGc::after{transition-duration:75ms;opacity:.12;opacity:var(--mdc-ripple-press-opacity,.12)}.jR8x9d .TFhMef .VfPpkd-TolmDb.VfPpkd-ksKsZd-mWPk3d{--mdc-ripple-fg-opacity:var(--mdc-ripple-press-opacity,0.12)}.jR8x9d .TFhMef .VfPpkd-TolmDb .VfPpkd-Bz112c-Jh9lGc::before,.jR8x9d .TFhMef .VfPpkd-TolmDb .VfPpkd-Bz112c-Jh9lGc::after{z-index:-1}.jR8x9d .TFhMef .VfPpkd-TolmDb:disabled{color:rgba(60,64,67,.38);color:var(--gm-iconbutton-disabled-ink-color,rgba(60,64,67,.38))}.jR8x9d .pBHsAc{width:36px}.jR8x9d .pBHsAc.VfPpkd-scr2fc-OWXEXe-gk6SMd:enabled .VfPpkd-uMhiad::after{background:rgb(138,180,248)}.jR8x9d .pBHsAc.VfPpkd-scr2fc-OWXEXe-gk6SMd:enabled:hover:not(.VfPpkd-ksKsZd-mWPk3d-OWXEXe-AHe6Kc-XpnDCe):not(:active) .VfPpkd-uMhiad::after{background:rgb(174,203,250)}.jR8x9d .pBHsAc.VfPpkd-scr2fc-OWXEXe-gk6SMd:enabled.VfPpkd-ksKsZd-mWPk3d-OWXEXe-AHe6Kc-XpnDCe:not(:active) .VfPpkd-uMhiad::after{background:rgb(174,203,250)}.jR8x9d .pBHsAc.VfPpkd-scr2fc-OWXEXe-gk6SMd:enabled:active .VfPpkd-uMhiad::after{background:rgb(174,203,250)}.jR8x9d .pBHsAc.VfPpkd-scr2fc-OWXEXe-gk6SMd:disabled .VfPpkd-uMhiad::after{background:rgb(232,234,237)}.jR8x9d .pBHsAc.VfPpkd-scr2fc-OWXEXe-uqeOfd:enabled .VfPpkd-uMhiad::after{background:rgb(154,160,166)}.jR8x9d .pBHsAc.VfPpkd-scr2fc-OWXEXe-uqeOfd:enabled:hover:not(.VfPpkd-ksKsZd-mWPk3d-OWXEXe-AHe6Kc-XpnDCe):not(:active) .VfPpkd-uMhiad::after{background:rgb(248,249,250)}.jR8x9d .pBHsAc.VfPpkd-scr2fc-OWXEXe-uqeOfd:enabled.VfPpkd-ksKsZd-mWPk3d-OWXEXe-AHe6Kc-XpnDCe:not(:active) .VfPpkd-uMhiad::after{background:rgb(248,249,250)}.jR8x9d .pBHsAc.VfPpkd-scr2fc-OWXEXe-uqeOfd:enabled:active .VfPpkd-uMhiad::after{background:rgb(248,249,250)}.jR8x9d .pBHsAc.VfPpkd-scr2fc-OWXEXe-uqeOfd:disabled .VfPpkd-uMhiad::after{background:rgb(232,234,237)}.jR8x9d .pBHsAc .VfPpkd-uMhiad::before{background:rgb(32,33,36)}.jR8x9d .pBHsAc:enabled .VfPpkd-VRSVNe{box-shadow:0 1px 2px 0 rgba(0,0,0,.3),0 1px 3px 1px rgba(0,0,0,.15)}.jR8x9d .pBHsAc:enabled .VfPpkd-VRSVNe .VfPpkd-BFbNVe-bF1uUb{opacity:.05}.jR8x9d .pBHsAc:enabled .VfPpkd-VRSVNe .VfPpkd-BFbNVe-bF1uUb{background-color:rgb(232,234,237)}.jR8x9d .pBHsAc:disabled .VfPpkd-VRSVNe{box-shadow:none}.jR8x9d .pBHsAc:disabled .VfPpkd-VRSVNe .VfPpkd-BFbNVe-bF1uUb{opacity:0}.jR8x9d .pBHsAc:disabled .VfPpkd-VRSVNe .VfPpkd-BFbNVe-bF1uUb{background-color:rgb(232,234,237)}.jR8x9d .pBHsAc .VfPpkd-DVBDLb-LhBDec-sM5MNb,.jR8x9d .pBHsAc .VfPpkd-uMhiad{height:20px}.jR8x9d .pBHsAc:disabled .VfPpkd-uMhiad::after{opacity:.38}.jR8x9d .pBHsAc .VfPpkd-uMhiad{border-radius:10px 10px 10px 10px}.jR8x9d .pBHsAc .VfPpkd-uMhiad{width:20px}.jR8x9d .pBHsAc .VfPpkd-uMhiad-u014N{width:calc(100% - 20px)}.jR8x9d .pBHsAc.VfPpkd-scr2fc-OWXEXe-gk6SMd:enabled .VfPpkd-pafCAf{fill:rgb(32,33,36)}.jR8x9d .pBHsAc.VfPpkd-scr2fc-OWXEXe-gk6SMd:disabled .VfPpkd-pafCAf{fill:rgb(32,33,36)}.jR8x9d .pBHsAc.VfPpkd-scr2fc-OWXEXe-uqeOfd:enabled .VfPpkd-pafCAf{fill:rgb(32,33,36)}.jR8x9d .pBHsAc.VfPpkd-scr2fc-OWXEXe-uqeOfd:disabled .VfPpkd-pafCAf{fill:rgb(32,33,36)}.jR8x9d .pBHsAc.VfPpkd-scr2fc-OWXEXe-gk6SMd:disabled .VfPpkd-lw9akd{opacity:.38}.jR8x9d .pBHsAc.VfPpkd-scr2fc-OWXEXe-uqeOfd:disabled .VfPpkd-lw9akd{opacity:.38}.jR8x9d .pBHsAc.VfPpkd-scr2fc-OWXEXe-gk6SMd .VfPpkd-pafCAf,.jR8x9d .pBHsAc.VfPpkd-scr2fc-OWXEXe-uqeOfd .VfPpkd-pafCAf{width:18px;height:18px}.jR8x9d .pBHsAc.VfPpkd-scr2fc-OWXEXe-gk6SMd:enabled:hover:not(.VfPpkd-ksKsZd-mWPk3d-OWXEXe-AHe6Kc-XpnDCe) .VfPpkd-Qsb3yd::before,.jR8x9d .pBHsAc.VfPpkd-scr2fc-OWXEXe-gk6SMd:enabled:hover:not(.VfPpkd-ksKsZd-mWPk3d-OWXEXe-AHe6Kc-XpnDCe) .VfPpkd-Qsb3yd::after{background-color:rgb(138,180,248)}.jR8x9d .pBHsAc.VfPpkd-scr2fc-OWXEXe-gk6SMd:enabled.VfPpkd-ksKsZd-mWPk3d-OWXEXe-AHe6Kc-XpnDCe .VfPpkd-Qsb3yd::before,.jR8x9d .pBHsAc.VfPpkd-scr2fc-OWXEXe-gk6SMd:enabled.VfPpkd-ksKsZd-mWPk3d-OWXEXe-AHe6Kc-XpnDCe .VfPpkd-Qsb3yd::after{background-color:rgb(138,180,248)}.jR8x9d .pBHsAc.VfPpkd-scr2fc-OWXEXe-gk6SMd:enabled:active .VfPpkd-Qsb3yd::before,.jR8x9d .pBHsAc.VfPpkd-scr2fc-OWXEXe-gk6SMd:enabled:active .VfPpkd-Qsb3yd::after{background-color:rgb(138,180,248)}.jR8x9d .pBHsAc.VfPpkd-scr2fc-OWXEXe-uqeOfd:enabled:hover:not(.VfPpkd-ksKsZd-mWPk3d-OWXEXe-AHe6Kc-XpnDCe) .VfPpkd-Qsb3yd::before,.jR8x9d .pBHsAc.VfPpkd-scr2fc-OWXEXe-uqeOfd:enabled:hover:not(.VfPpkd-ksKsZd-mWPk3d-OWXEXe-AHe6Kc-XpnDCe) .VfPpkd-Qsb3yd::after{background-color:rgb(232,234,237)}.jR8x9d .pBHsAc.VfPpkd-scr2fc-OWXEXe-uqeOfd:enabled.VfPpkd-ksKsZd-mWPk3d-OWXEXe-AHe6Kc-XpnDCe .VfPpkd-Qsb3yd::before,.jR8x9d .pBHsAc.VfPpkd-scr2fc-OWXEXe-uqeOfd:enabled.VfPpkd-ksKsZd-mWPk3d-OWXEXe-AHe6Kc-XpnDCe .VfPpkd-Qsb3yd::after{background-color:rgb(232,234,237)}.jR8x9d .pBHsAc.VfPpkd-scr2fc-OWXEXe-uqeOfd:enabled:active .VfPpkd-Qsb3yd::before,.jR8x9d .pBHsAc.VfPpkd-scr2fc-OWXEXe-uqeOfd:enabled:active .VfPpkd-Qsb3yd::after{background-color:rgb(232,234,237)}.jR8x9d .pBHsAc.VfPpkd-scr2fc-OWXEXe-gk6SMd:enabled:hover:not(.VfPpkd-ksKsZd-mWPk3d-OWXEXe-AHe6Kc-XpnDCe):hover .VfPpkd-Qsb3yd::before,.jR8x9d .pBHsAc.VfPpkd-scr2fc-OWXEXe-gk6SMd:enabled:hover:not(.VfPpkd-ksKsZd-mWPk3d-OWXEXe-AHe6Kc-XpnDCe).VfPpkd-ksKsZd-XxIAqe-OWXEXe-ZmdkE .VfPpkd-Qsb3yd::before{opacity:.04}.jR8x9d .pBHsAc.VfPpkd-scr2fc-OWXEXe-gk6SMd:enabled.VfPpkd-ksKsZd-mWPk3d-OWXEXe-AHe6Kc-XpnDCe.VfPpkd-ksKsZd-mWPk3d-OWXEXe-AHe6Kc-XpnDCe .VfPpkd-Qsb3yd::before,.jR8x9d .pBHsAc.VfPpkd-scr2fc-OWXEXe-gk6SMd:enabled.VfPpkd-ksKsZd-mWPk3d-OWXEXe-AHe6Kc-XpnDCe:not(.VfPpkd-ksKsZd-mWPk3d):focus .VfPpkd-Qsb3yd::before{transition-duration:75ms;opacity:.12}.jR8x9d .pBHsAc.VfPpkd-scr2fc-OWXEXe-gk6SMd:enabled:active:not(.VfPpkd-ksKsZd-mWPk3d) .VfPpkd-Qsb3yd::after{transition:opacity .15s linear}.jR8x9d .pBHsAc.VfPpkd-scr2fc-OWXEXe-gk6SMd:enabled:active:not(.VfPpkd-ksKsZd-mWPk3d):active .VfPpkd-Qsb3yd::after{transition-duration:75ms;opacity:.1}.jR8x9d .pBHsAc.VfPpkd-scr2fc-OWXEXe-gk6SMd:enabled:active.VfPpkd-ksKsZd-mWPk3d{--mdc-ripple-fg-opacity:var(--mdc-switch-selected-pressed-state-layer-opacity,0.1)}.jR8x9d .pBHsAc.VfPpkd-scr2fc-OWXEXe-uqeOfd:enabled:hover:not(.VfPpkd-ksKsZd-mWPk3d-OWXEXe-AHe6Kc-XpnDCe):hover .VfPpkd-Qsb3yd::before,.jR8x9d .pBHsAc.VfPpkd-scr2fc-OWXEXe-uqeOfd:enabled:hover:not(.VfPpkd-ksKsZd-mWPk3d-OWXEXe-AHe6Kc-XpnDCe).VfPpkd-ksKsZd-XxIAqe-OWXEXe-ZmdkE .VfPpkd-Qsb3yd::before{opacity:.04}.jR8x9d .pBHsAc.VfPpkd-scr2fc-OWXEXe-uqeOfd:enabled.VfPpkd-ksKsZd-mWPk3d-OWXEXe-AHe6Kc-XpnDCe.VfPpkd-ksKsZd-mWPk3d-OWXEXe-AHe6Kc-XpnDCe .VfPpkd-Qsb3yd::before,.jR8x9d .pBHsAc.VfPpkd-scr2fc-OWXEXe-uqeOfd:enabled.VfPpkd-ksKsZd-mWPk3d-OWXEXe-AHe6Kc-XpnDCe:not(.VfPpkd-ksKsZd-mWPk3d):focus .VfPpkd-Qsb3yd::before{transition-duration:75ms;opacity:.12}.jR8x9d .pBHsAc.VfPpkd-scr2fc-OWXEXe-uqeOfd:enabled:active:not(.VfPpkd-ksKsZd-mWPk3d) .VfPpkd-Qsb3yd::after{transition:opacity .15s linear}.jR8x9d .pBHsAc.VfPpkd-scr2fc-OWXEXe-uqeOfd:enabled:active:not(.VfPpkd-ksKsZd-mWPk3d):active .VfPpkd-Qsb3yd::after{transition-duration:75ms;opacity:.1}.jR8x9d .pBHsAc.VfPpkd-scr2fc-OWXEXe-uqeOfd:enabled:active.VfPpkd-ksKsZd-mWPk3d{--mdc-ripple-fg-opacity:var(--mdc-switch-unselected-pressed-state-layer-opacity,0.1)}.jR8x9d .pBHsAc .VfPpkd-Qsb3yd{height:48px;width:48px}.jR8x9d .pBHsAc .VfPpkd-l6JLsf{height:14px}.jR8x9d .pBHsAc:disabled .VfPpkd-l6JLsf{opacity:.12}.jR8x9d .pBHsAc:enabled .VfPpkd-l6JLsf::after{background:rgb(26,115,232)}.jR8x9d .pBHsAc:enabled:hover:not(.VfPpkd-ksKsZd-mWPk3d-OWXEXe-AHe6Kc-XpnDCe):not(:active) .VfPpkd-l6JLsf::after{background:rgb(26,115,232)}.jR8x9d .pBHsAc:enabled.VfPpkd-ksKsZd-mWPk3d-OWXEXe-AHe6Kc-XpnDCe:not(:active) .VfPpkd-l6JLsf::after{background:rgb(26,115,232)}.jR8x9d .pBHsAc:enabled:active .VfPpkd-l6JLsf::after{background:rgb(26,115,232)}.jR8x9d .pBHsAc:disabled .VfPpkd-l6JLsf::after{background:rgb(232,234,237)}.jR8x9d .pBHsAc:enabled .VfPpkd-l6JLsf::before{background:rgb(95,99,104)}.jR8x9d .pBHsAc:enabled:hover:not(.VfPpkd-ksKsZd-mWPk3d-OWXEXe-AHe6Kc-XpnDCe):not(:active) .VfPpkd-l6JLsf::before{background:rgb(95,99,104)}.jR8x9d .pBHsAc:enabled.VfPpkd-ksKsZd-mWPk3d-OWXEXe-AHe6Kc-XpnDCe:not(:active) .VfPpkd-l6JLsf::before{background:rgb(95,99,104)}.jR8x9d .pBHsAc:enabled:active .VfPpkd-l6JLsf::before{background:rgb(95,99,104)}.jR8x9d .pBHsAc:disabled .VfPpkd-l6JLsf::before{background:rgb(232,234,237)}.jR8x9d .pBHsAc .VfPpkd-l6JLsf{border-radius:7px 7px 7px 7px}}@media screen and (prefers-color-scheme:dark) and (-ms-high-contrast:active),screen and (prefers-color-scheme:dark) and (forced-colors:active){.jR8x9d .pBHsAc:disabled .VfPpkd-uMhiad::after{opacity:1}.jR8x9d .pBHsAc.VfPpkd-scr2fc-OWXEXe-gk6SMd:enabled .VfPpkd-pafCAf{fill:ButtonText}.jR8x9d .pBHsAc.VfPpkd-scr2fc-OWXEXe-gk6SMd:disabled .VfPpkd-pafCAf{fill:GrayText}.jR8x9d .pBHsAc.VfPpkd-scr2fc-OWXEXe-uqeOfd:enabled .VfPpkd-pafCAf{fill:ButtonText}.jR8x9d .pBHsAc.VfPpkd-scr2fc-OWXEXe-uqeOfd:disabled .VfPpkd-pafCAf{fill:GrayText}.jR8x9d .pBHsAc.VfPpkd-scr2fc-OWXEXe-gk6SMd:disabled .VfPpkd-lw9akd{opacity:1}.jR8x9d .pBHsAc.VfPpkd-scr2fc-OWXEXe-uqeOfd:disabled .VfPpkd-lw9akd{opacity:1}.jR8x9d .pBHsAc:disabled .VfPpkd-l6JLsf{opacity:1}}@media screen and (prefers-color-scheme:dark){.jR8x9d .FEsNhd{font-family:"Google Sans",Roboto,Arial,sans-serif;line-height:1.25rem;font-size:.875rem;letter-spacing:.0178571429em;font-weight:500;padding-right:16px;padding-left:16px;text-transform:none;min-width:auto}.jR8x9d .FEsNhd .VfPpkd-jY41G-V67aGc{color:rgb(154,160,166)}.jR8x9d .FEsNhd .VfPpkd-cfyjzb{color:rgb(154,160,166);fill:currentColor}.jR8x9d .FEsNhd:hover .VfPpkd-YVzG2b::before,.jR8x9d .FEsNhd.VfPpkd-ksKsZd-XxIAqe-OWXEXe-ZmdkE .VfPpkd-YVzG2b::before{opacity:.08;opacity:var(--mdc-ripple-hover-opacity,.08)}.jR8x9d .FEsNhd.VfPpkd-ksKsZd-mWPk3d-OWXEXe-AHe6Kc-XpnDCe .VfPpkd-YVzG2b::before,.jR8x9d .FEsNhd:not(.VfPpkd-ksKsZd-mWPk3d):focus .VfPpkd-YVzG2b::before{opacity:.24;opacity:var(--mdc-ripple-focus-opacity,.24)}.jR8x9d .FEsNhd:not(.VfPpkd-ksKsZd-mWPk3d):active .VfPpkd-YVzG2b::after{opacity:.24;opacity:var(--mdc-ripple-press-opacity,.24)}.jR8x9d .FEsNhd.VfPpkd-ksKsZd-mWPk3d{--mdc-ripple-fg-opacity:var(--mdc-ripple-press-opacity,0.24)}.jR8x9d .FEsNhd:hover .VfPpkd-jY41G-V67aGc,.jR8x9d .FEsNhd.VfPpkd-ksKsZd-mWPk3d-OWXEXe-AHe6Kc-XpnDCe .VfPpkd-jY41G-V67aGc,.jR8x9d .FEsNhd:not(.VfPpkd-ksKsZd-mWPk3d):focus .VfPpkd-jY41G-V67aGc,.jR8x9d .FEsNhd:active .VfPpkd-jY41G-V67aGc{color:rgb(232,234,237)}.jR8x9d .FEsNhd:hover .VfPpkd-cfyjzb,.jR8x9d .FEsNhd.VfPpkd-ksKsZd-mWPk3d-OWXEXe-AHe6Kc-XpnDCe .VfPpkd-cfyjzb,.jR8x9d .FEsNhd:not(.VfPpkd-ksKsZd-mWPk3d):focus .VfPpkd-cfyjzb,.jR8x9d .FEsNhd:active .VfPpkd-cfyjzb{color:rgb(232,234,237);fill:currentColor}.jR8x9d .FEsNhd .VfPpkd-YVzG2b::before,.jR8x9d .FEsNhd .VfPpkd-YVzG2b::after{background-color:rgb(232,234,237);background-color:var(--mdc-ripple-color,rgb(232,234,237))}.jR8x9d .FEsNhd:hover .VfPpkd-YVzG2b::before,.jR8x9d .FEsNhd.VfPpkd-ksKsZd-XxIAqe-OWXEXe-ZmdkE .VfPpkd-YVzG2b::before{opacity:.04;opacity:var(--mdc-ripple-hover-opacity,.04)}.jR8x9d .FEsNhd.VfPpkd-ksKsZd-mWPk3d-OWXEXe-AHe6Kc-XpnDCe .VfPpkd-YVzG2b::before,.jR8x9d .FEsNhd:not(.VfPpkd-ksKsZd-mWPk3d):focus .VfPpkd-YVzG2b::before{transition-duration:75ms;opacity:.12;opacity:var(--mdc-ripple-focus-opacity,.12)}.jR8x9d .FEsNhd:not(.VfPpkd-ksKsZd-mWPk3d) .VfPpkd-YVzG2b::after{transition:opacity .15s linear}.jR8x9d .FEsNhd:not(.VfPpkd-ksKsZd-mWPk3d):active .VfPpkd-YVzG2b::after{transition-duration:75ms;opacity:.1;opacity:var(--mdc-ripple-press-opacity,.1)}.jR8x9d .FEsNhd.VfPpkd-ksKsZd-mWPk3d{--mdc-ripple-fg-opacity:var(--mdc-ripple-press-opacity,0.1)}.jR8x9d .FEsNhd.VfPpkd-AznF2e-OWXEXe-auswjd:hover .VfPpkd-YVzG2b::before,.jR8x9d .FEsNhd.VfPpkd-AznF2e-OWXEXe-auswjd.VfPpkd-ksKsZd-XxIAqe-OWXEXe-ZmdkE .VfPpkd-YVzG2b::before{opacity:.08;opacity:var(--mdc-ripple-hover-opacity,.08)}.jR8x9d .FEsNhd.VfPpkd-AznF2e-OWXEXe-auswjd.VfPpkd-ksKsZd-mWPk3d-OWXEXe-AHe6Kc-XpnDCe .VfPpkd-YVzG2b::before,.jR8x9d .FEsNhd.VfPpkd-AznF2e-OWXEXe-auswjd:not(.VfPpkd-ksKsZd-mWPk3d):focus .VfPpkd-YVzG2b::before{opacity:.24;opacity:var(--mdc-ripple-focus-opacity,.24)}.jR8x9d .FEsNhd.VfPpkd-AznF2e-OWXEXe-auswjd:not(.VfPpkd-ksKsZd-mWPk3d):active .VfPpkd-YVzG2b::after{opacity:.24;opacity:var(--mdc-ripple-press-opacity,.24)}.jR8x9d .FEsNhd.VfPpkd-AznF2e-OWXEXe-auswjd.VfPpkd-ksKsZd-mWPk3d{--mdc-ripple-fg-opacity:var(--mdc-ripple-press-opacity,0.24)}.jR8x9d .FEsNhd.VfPpkd-AznF2e-OWXEXe-auswjd .VfPpkd-jY41G-V67aGc{color:rgb(138,180,248)}.jR8x9d .FEsNhd.VfPpkd-AznF2e-OWXEXe-auswjd .VfPpkd-cfyjzb{color:rgb(138,180,248);fill:currentColor}.jR8x9d .FEsNhd:hover.VfPpkd-AznF2e-OWXEXe-auswjd .VfPpkd-jY41G-V67aGc,.jR8x9d .FEsNhd.VfPpkd-ksKsZd-mWPk3d-OWXEXe-AHe6Kc-XpnDCe.VfPpkd-AznF2e-OWXEXe-auswjd .VfPpkd-jY41G-V67aGc,.jR8x9d .FEsNhd:not(.VfPpkd-ksKsZd-mWPk3d):focus.VfPpkd-AznF2e-OWXEXe-auswjd .VfPpkd-jY41G-V67aGc,.jR8x9d .FEsNhd:active.VfPpkd-AznF2e-OWXEXe-auswjd .VfPpkd-jY41G-V67aGc{color:rgb(174,203,250)}.jR8x9d .FEsNhd:hover.VfPpkd-AznF2e-OWXEXe-auswjd .VfPpkd-cfyjzb,.jR8x9d .FEsNhd.VfPpkd-ksKsZd-mWPk3d-OWXEXe-AHe6Kc-XpnDCe.VfPpkd-AznF2e-OWXEXe-auswjd .VfPpkd-cfyjzb,.jR8x9d .FEsNhd:not(.VfPpkd-ksKsZd-mWPk3d):focus.VfPpkd-AznF2e-OWXEXe-auswjd .VfPpkd-cfyjzb,.jR8x9d .FEsNhd:active.VfPpkd-AznF2e-OWXEXe-auswjd .VfPpkd-cfyjzb{color:rgb(174,203,250);fill:currentColor}.jR8x9d .FEsNhd:hover .VfPpkd-AznF2e-wEcVzc-OWXEXe-NowJzb,.jR8x9d .FEsNhd.VfPpkd-ksKsZd-mWPk3d-OWXEXe-AHe6Kc-XpnDCe .VfPpkd-AznF2e-wEcVzc-OWXEXe-NowJzb,.jR8x9d .FEsNhd:not(.VfPpkd-ksKsZd-mWPk3d):focus .VfPpkd-AznF2e-wEcVzc-OWXEXe-NowJzb,.jR8x9d .FEsNhd:active .VfPpkd-AznF2e-wEcVzc-OWXEXe-NowJzb{border-color:rgb(174,203,250)}.jR8x9d .FEsNhd.VfPpkd-AznF2e-OWXEXe-auswjd .VfPpkd-YVzG2b::before,.jR8x9d .FEsNhd.VfPpkd-AznF2e-OWXEXe-auswjd .VfPpkd-YVzG2b::after{background-color:rgb(174,203,250);background-color:var(--mdc-ripple-color,rgb(174,203,250))}.jR8x9d .FEsNhd.VfPpkd-AznF2e-OWXEXe-auswjd:hover .VfPpkd-YVzG2b::before,.jR8x9d .FEsNhd.VfPpkd-AznF2e-OWXEXe-auswjd.VfPpkd-ksKsZd-XxIAqe-OWXEXe-ZmdkE .VfPpkd-YVzG2b::before{opacity:.04;opacity:var(--mdc-ripple-hover-opacity,.04)}.jR8x9d .FEsNhd.VfPpkd-AznF2e-OWXEXe-auswjd.VfPpkd-ksKsZd-mWPk3d-OWXEXe-AHe6Kc-XpnDCe .VfPpkd-YVzG2b::before,.jR8x9d .FEsNhd.VfPpkd-AznF2e-OWXEXe-auswjd:not(.VfPpkd-ksKsZd-mWPk3d):focus .VfPpkd-YVzG2b::before{transition-duration:75ms;opacity:.12;opacity:var(--mdc-ripple-focus-opacity,.12)}.jR8x9d .FEsNhd.VfPpkd-AznF2e-OWXEXe-auswjd:not(.VfPpkd-ksKsZd-mWPk3d) .VfPpkd-YVzG2b::after{transition:opacity .15s linear}.jR8x9d .FEsNhd.VfPpkd-AznF2e-OWXEXe-auswjd:not(.VfPpkd-ksKsZd-mWPk3d):active .VfPpkd-YVzG2b::after{transition-duration:75ms;opacity:.1;opacity:var(--mdc-ripple-press-opacity,.1)}.jR8x9d .FEsNhd.VfPpkd-AznF2e-OWXEXe-auswjd.VfPpkd-ksKsZd-mWPk3d{--mdc-ripple-fg-opacity:var(--mdc-ripple-press-opacity,0.1)}.jR8x9d .V0XHEd{font-family:"Google Sans",Roboto,Arial,sans-serif;line-height:1.25rem;font-size:.875rem;letter-spacing:.0178571429em;font-weight:500;padding-right:16px;padding-left:16px;text-transform:none;min-width:auto}.jR8x9d .V0XHEd .VfPpkd-jY41G-V67aGc{color:rgb(154,160,166)}.jR8x9d .V0XHEd .VfPpkd-cfyjzb{color:rgb(154,160,166);fill:currentColor}.jR8x9d .V0XHEd:hover .VfPpkd-jY41G-V67aGc,.jR8x9d .V0XHEd.VfPpkd-ksKsZd-mWPk3d-OWXEXe-AHe6Kc-XpnDCe .VfPpkd-jY41G-V67aGc,.jR8x9d .V0XHEd:not(.VfPpkd-ksKsZd-mWPk3d):focus .VfPpkd-jY41G-V67aGc,.jR8x9d .V0XHEd:active .VfPpkd-jY41G-V67aGc{color:rgb(232,234,237)}.jR8x9d .V0XHEd:hover .VfPpkd-cfyjzb,.jR8x9d .V0XHEd.VfPpkd-ksKsZd-mWPk3d-OWXEXe-AHe6Kc-XpnDCe .VfPpkd-cfyjzb,.jR8x9d .V0XHEd:not(.VfPpkd-ksKsZd-mWPk3d):focus .VfPpkd-cfyjzb,.jR8x9d .V0XHEd:active .VfPpkd-cfyjzb{color:rgb(232,234,237);fill:currentColor}.jR8x9d .V0XHEd:hover .VfPpkd-YVzG2b::before,.jR8x9d .V0XHEd.VfPpkd-ksKsZd-XxIAqe-OWXEXe-ZmdkE .VfPpkd-YVzG2b::before{opacity:.08;opacity:var(--mdc-ripple-hover-opacity,.08)}.jR8x9d .V0XHEd.VfPpkd-ksKsZd-mWPk3d-OWXEXe-AHe6Kc-XpnDCe .VfPpkd-YVzG2b::before,.jR8x9d .V0XHEd:not(.VfPpkd-ksKsZd-mWPk3d):focus .VfPpkd-YVzG2b::before{opacity:.24;opacity:var(--mdc-ripple-focus-opacity,.24)}.jR8x9d .V0XHEd:not(.VfPpkd-ksKsZd-mWPk3d):active .VfPpkd-YVzG2b::after{opacity:.24;opacity:var(--mdc-ripple-press-opacity,.24)}.jR8x9d .V0XHEd.VfPpkd-ksKsZd-mWPk3d{--mdc-ripple-fg-opacity:var(--mdc-ripple-press-opacity,0.24)}.jR8x9d .V0XHEd.VfPpkd-AznF2e-OWXEXe-auswjd .VfPpkd-jY41G-V67aGc{color:rgb(232,234,237)}.jR8x9d .V0XHEd.VfPpkd-AznF2e-OWXEXe-auswjd .VfPpkd-cfyjzb{color:rgb(232,234,237);fill:currentColor}.jR8x9d .V0XHEd:hover .VfPpkd-AznF2e-wEcVzc-OWXEXe-NowJzb,.jR8x9d .V0XHEd.VfPpkd-ksKsZd-mWPk3d-OWXEXe-AHe6Kc-XpnDCe .VfPpkd-AznF2e-wEcVzc-OWXEXe-NowJzb,.jR8x9d .V0XHEd:not(.VfPpkd-ksKsZd-mWPk3d):focus .VfPpkd-AznF2e-wEcVzc-OWXEXe-NowJzb,.jR8x9d .V0XHEd:active .VfPpkd-AznF2e-wEcVzc-OWXEXe-NowJzb{border-color:rgb(174,203,250)}.jR8x9d .V0XHEd .VfPpkd-YVzG2b::before,.jR8x9d .V0XHEd .VfPpkd-YVzG2b::after{background-color:rgb(232,234,237);background-color:var(--mdc-ripple-color,rgb(232,234,237))}.jR8x9d .V0XHEd:hover .VfPpkd-YVzG2b::before,.jR8x9d .V0XHEd.VfPpkd-ksKsZd-XxIAqe-OWXEXe-ZmdkE .VfPpkd-YVzG2b::before{opacity:.04;opacity:var(--mdc-ripple-hover-opacity,.04)}.jR8x9d .V0XHEd.VfPpkd-ksKsZd-mWPk3d-OWXEXe-AHe6Kc-XpnDCe .VfPpkd-YVzG2b::before,.jR8x9d .V0XHEd:not(.VfPpkd-ksKsZd-mWPk3d):focus .VfPpkd-YVzG2b::before{transition-duration:75ms;opacity:.12;opacity:var(--mdc-ripple-focus-opacity,.12)}.jR8x9d .V0XHEd:not(.VfPpkd-ksKsZd-mWPk3d) .VfPpkd-YVzG2b::after{transition:opacity .15s linear}.jR8x9d .V0XHEd:not(.VfPpkd-ksKsZd-mWPk3d):active .VfPpkd-YVzG2b::after{transition-duration:75ms;opacity:.1;opacity:var(--mdc-ripple-press-opacity,.1)}.jR8x9d .V0XHEd.VfPpkd-ksKsZd-mWPk3d{--mdc-ripple-fg-opacity:var(--mdc-ripple-press-opacity,0.1)}.jR8x9d .kte1hc .VfPpkd-AznF2e-wEcVzc-OWXEXe-NowJzb{border-color:rgb(138,180,248)}.jR8x9d .kte1hc .VfPpkd-AznF2e-wEcVzc-OWXEXe-NowJzb{border-top-width:3px}.jR8x9d .kte1hc .VfPpkd-AznF2e-wEcVzc-OWXEXe-NowJzb{border-top-left-radius:3px;border-top-right-radius:3px}.jR8x9d .p4biwf .VfPpkd-AznF2e-wEcVzc-OWXEXe-NowJzb{border-color:rgb(138,180,248)}.jR8x9d .gOPnwc:hover .VfPpkd-fmcmS-OyKIhb::before,.jR8x9d .gOPnwc.VfPpkd-ksKsZd-XxIAqe-OWXEXe-ZmdkE .VfPpkd-fmcmS-OyKIhb::before{opacity:.08;opacity:var(--mdc-ripple-hover-opacity,.08)}.jR8x9d .gOPnwc.VfPpkd-ksKsZd-mWPk3d-OWXEXe-AHe6Kc-XpnDCe .VfPpkd-fmcmS-OyKIhb::before,.jR8x9d .gOPnwc:not(.VfPpkd-ksKsZd-mWPk3d):focus .VfPpkd-fmcmS-OyKIhb::before{transition-duration:75ms;opacity:0;opacity:var(--mdc-ripple-focus-opacity,0)}.jR8x9d .gOPnwc .VfPpkd-fmcmS-OyKIhb::before,.jR8x9d .gOPnwc .VfPpkd-fmcmS-OyKIhb::after{background-color:rgb(241,243,244);background-color:var(--mdc-ripple-color,rgb(241,243,244))}.jR8x9d .gOPnwc:not(.VfPpkd-fmcmS-yrriRe-OWXEXe-OWB6Me) .VfPpkd-fmcmS-yrriRe-JZnCve-gmhCAd,.jR8x9d .gOPnwc:not(.VfPpkd-fmcmS-yrriRe-OWXEXe-OWB6Me)+.VfPpkd-fmcmS-yrriRe-W0vJo-RWgCYc .VfPpkd-fmcmS-yrriRe-JZnCve-gmhCAd{color:rgb(154,160,166)}.jR8x9d .gOPnwc .VfPpkd-fmcmS-wGMbrd{caret-color:rgb(138,180,248)}.jR8x9d .gOPnwc:not(.VfPpkd-fmcmS-yrriRe-OWXEXe-OWB6Me) .VfPpkd-fmcmS-wGMbrd{color:rgb(232,234,237)}.jR8x9d .gOPnwc:not(.VfPpkd-fmcmS-yrriRe-OWXEXe-OWB6Me){background-color:rgb(60,64,67)}.jR8x9d .gOPnwc:not(.VfPpkd-fmcmS-yrriRe-OWXEXe-OWB6Me)+.VfPpkd-fmcmS-yrriRe-W0vJo-RWgCYc .VfPpkd-fmcmS-yrriRe-W0vJo-fmcmS{color:rgb(154,160,166)}.jR8x9d .gOPnwc:not(.VfPpkd-fmcmS-yrriRe-OWXEXe-OWB6Me) .VfPpkd-NLUYnc-V67aGc{color:rgb(189,193,198)}.jR8x9d .gOPnwc:hover:not(.VfPpkd-fmcmS-yrriRe-OWXEXe-OWB6Me) .VfPpkd-NLUYnc-V67aGc{color:rgb(248,249,250)}.jR8x9d .gOPnwc:hover:not(.VfPpkd-fmcmS-yrriRe-OWXEXe-OWB6Me) .VfPpkd-RWgCYc-ksKsZd::before{border-bottom-color:rgb(248,249,250)}.jR8x9d .gOPnwc:not(.VfPpkd-fmcmS-yrriRe-OWXEXe-OWB6Me) .VfPpkd-RWgCYc-ksKsZd::before{border-bottom-color:rgb(154,160,166)}.jR8x9d .gOPnwc:not(.VfPpkd-fmcmS-yrriRe-OWXEXe-OWB6Me) .VfPpkd-RWgCYc-ksKsZd::after{border-bottom-color:rgb(138,180,248)}}@media screen and (prefers-color-scheme:dark){.jR8x9d .gOPnwc:not(.VfPpkd-fmcmS-yrriRe-OWXEXe-OWB6Me) .VfPpkd-fmcmS-wGMbrd::-webkit-input-placeholder{color:rgb(189,193,198)}.jR8x9d .gOPnwc:not(.VfPpkd-fmcmS-yrriRe-OWXEXe-OWB6Me) .VfPpkd-fmcmS-wGMbrd::placeholder{color:rgb(189,193,198)}}@media screen and (prefers-color-scheme:dark){.jR8x9d .gOPnwc:not(.VfPpkd-fmcmS-yrriRe-OWXEXe-OWB6Me) .VfPpkd-fmcmS-wGMbrd:-ms-input-placeholder{color:rgb(189,193,198)}.jR8x9d .gOPnwc:not(.VfPpkd-fmcmS-yrriRe-OWXEXe-OWB6Me) .VfPpkd-fmcmS-MvKemf-OWXEXe-qdIk2c{color:rgb(154,160,166)}.jR8x9d .gOPnwc:not(.VfPpkd-fmcmS-yrriRe-OWXEXe-OWB6Me) .VfPpkd-fmcmS-MvKemf-OWXEXe-iJ4yB{color:rgb(154,160,166)}.jR8x9d .gOPnwc:not(.VfPpkd-fmcmS-yrriRe-OWXEXe-OWB6Me) .VfPpkd-fmcmS-TvZj5c-OWXEXe-M1Soyc{color:rgb(154,160,166)}.jR8x9d .gOPnwc:not(.VfPpkd-fmcmS-yrriRe-OWXEXe-OWB6Me) .VfPpkd-fmcmS-TvZj5c-OWXEXe-UbuQg{color:rgb(154,160,166)}.jR8x9d .gOPnwc.VfPpkd-fmcmS-yrriRe-OWXEXe-OWB6Me .VfPpkd-fmcmS-wGMbrd{color:rgba(232,234,237,.38)}.jR8x9d .gOPnwc.VfPpkd-fmcmS-yrriRe-OWXEXe-OWB6Me{background-color:rgba(232,234,237,.04)}.jR8x9d .gOPnwc.VfPpkd-fmcmS-yrriRe-OWXEXe-OWB6Me .VfPpkd-RWgCYc-ksKsZd::before{border-bottom-color:rgba(232,234,237,.38)}.jR8x9d .gOPnwc.VfPpkd-fmcmS-yrriRe-OWXEXe-OWB6Me .VfPpkd-NLUYnc-V67aGc,.jR8x9d .gOPnwc.VfPpkd-fmcmS-yrriRe-OWXEXe-OWB6Me .VfPpkd-fmcmS-TvZj5c-OWXEXe-M1Soyc,.jR8x9d .gOPnwc.VfPpkd-fmcmS-yrriRe-OWXEXe-OWB6Me .VfPpkd-fmcmS-TvZj5c-OWXEXe-UbuQg,.jR8x9d .gOPnwc.VfPpkd-fmcmS-yrriRe-OWXEXe-OWB6Me+.VfPpkd-fmcmS-yrriRe-W0vJo-RWgCYc .VfPpkd-fmcmS-yrriRe-W0vJo-fmcmS,.jR8x9d .gOPnwc.VfPpkd-fmcmS-yrriRe-OWXEXe-OWB6Me .VfPpkd-fmcmS-yrriRe-JZnCve-gmhCAd,.jR8x9d .gOPnwc.VfPpkd-fmcmS-yrriRe-OWXEXe-OWB6Me+.VfPpkd-fmcmS-yrriRe-W0vJo-RWgCYc .VfPpkd-fmcmS-yrriRe-JZnCve-gmhCAd{color:rgba(232,234,237,.38)}}@media screen and (prefers-color-scheme:dark){.jR8x9d .gOPnwc.VfPpkd-fmcmS-yrriRe-OWXEXe-OWB6Me .VfPpkd-fmcmS-wGMbrd::-webkit-input-placeholder{color:rgba(232,234,237,.38)}.jR8x9d .gOPnwc.VfPpkd-fmcmS-yrriRe-OWXEXe-OWB6Me .VfPpkd-fmcmS-wGMbrd::placeholder{color:rgba(232,234,237,.38)}}@media screen and (prefers-color-scheme:dark){.jR8x9d .gOPnwc.VfPpkd-fmcmS-yrriRe-OWXEXe-OWB6Me .VfPpkd-fmcmS-wGMbrd:-ms-input-placeholder{color:rgba(232,234,237,.38)}.jR8x9d .gOPnwc.VfPpkd-fmcmS-yrriRe-OWXEXe-OWB6Me .VfPpkd-fmcmS-MvKemf-OWXEXe-qdIk2c,.jR8x9d .gOPnwc.VfPpkd-fmcmS-yrriRe-OWXEXe-OWB6Me .VfPpkd-fmcmS-MvKemf-OWXEXe-iJ4yB{color:rgba(232,234,237,.38)}.jR8x9d .gOPnwc.VfPpkd-fmcmS-yrriRe-OWXEXe-XpnDCe:not(.VfPpkd-fmcmS-yrriRe-OWXEXe-OWB6Me) .VfPpkd-NLUYnc-V67aGc{color:rgb(138,180,248)}.jR8x9d .gOPnwc.VfPpkd-fmcmS-yrriRe-OWXEXe-UJflGc .VfPpkd-fmcmS-wGMbrd{caret-color:rgb(246,174,169)}.jR8x9d .gOPnwc.VfPpkd-fmcmS-yrriRe-OWXEXe-UJflGc:not(.VfPpkd-fmcmS-yrriRe-OWXEXe-OWB6Me)+.VfPpkd-fmcmS-yrriRe-W0vJo-RWgCYc .VfPpkd-fmcmS-yrriRe-W0vJo-fmcmS{color:rgb(242,139,130)}.jR8x9d .gOPnwc.VfPpkd-fmcmS-yrriRe-OWXEXe-UJflGc:not(.VfPpkd-fmcmS-yrriRe-OWXEXe-OWB6Me) .VfPpkd-fmcmS-TvZj5c-OWXEXe-UbuQg{color:rgb(242,139,130)}.jR8x9d .gOPnwc.VfPpkd-fmcmS-yrriRe-OWXEXe-UJflGc:not(.VfPpkd-fmcmS-yrriRe-OWXEXe-OWB6Me) .VfPpkd-RWgCYc-ksKsZd::before{border-bottom-color:rgb(246,174,169)}.jR8x9d .gOPnwc.VfPpkd-fmcmS-yrriRe-OWXEXe-UJflGc:not(.VfPpkd-fmcmS-yrriRe-OWXEXe-OWB6Me) .VfPpkd-RWgCYc-ksKsZd::after{border-bottom-color:rgb(246,174,169)}.jR8x9d .gOPnwc.VfPpkd-fmcmS-yrriRe-OWXEXe-UJflGc:hover:not(.VfPpkd-fmcmS-yrriRe-OWXEXe-XpnDCe):not(.VfPpkd-fmcmS-yrriRe-OWXEXe-OWB6Me) .VfPpkd-NLUYnc-V67aGc{color:rgb(246,174,169)}.jR8x9d .gOPnwc.VfPpkd-fmcmS-yrriRe-OWXEXe-UJflGc:hover:not(.VfPpkd-fmcmS-yrriRe-OWXEXe-XpnDCe):not(.VfPpkd-fmcmS-yrriRe-OWXEXe-OWB6Me)+.VfPpkd-fmcmS-yrriRe-W0vJo-RWgCYc .VfPpkd-fmcmS-yrriRe-W0vJo-fmcmS{color:rgb(246,174,169)}.jR8x9d .gOPnwc.VfPpkd-fmcmS-yrriRe-OWXEXe-UJflGc:hover:not(.VfPpkd-fmcmS-yrriRe-OWXEXe-XpnDCe):not(.VfPpkd-fmcmS-yrriRe-OWXEXe-OWB6Me) .VfPpkd-fmcmS-TvZj5c-OWXEXe-UbuQg{color:rgb(246,174,169)}.jR8x9d .gOPnwc.VfPpkd-fmcmS-yrriRe-OWXEXe-UJflGc:hover:not(.VfPpkd-fmcmS-yrriRe-OWXEXe-XpnDCe):not(.VfPpkd-fmcmS-yrriRe-OWXEXe-OWB6Me) .VfPpkd-RWgCYc-ksKsZd::before{border-bottom-color:rgb(246,174,169)}.jR8x9d .gOPnwc.VfPpkd-fmcmS-yrriRe-OWXEXe-XpnDCe .VfPpkd-NLUYnc-V67aGc{color:rgb(138,180,248)}.jR8x9d .gOPnwc.VfPpkd-fmcmS-yrriRe-OWXEXe-UJflGc:not(.VfPpkd-fmcmS-yrriRe-OWXEXe-OWB6Me) .VfPpkd-NLUYnc-V67aGc{color:rgb(246,174,169)}.jR8x9d .orScbe:not(.VfPpkd-fmcmS-yrriRe-OWXEXe-OWB6Me) .VfPpkd-fmcmS-wGMbrd{color:rgb(232,234,237);color:var(--gm-outlinedtextfield-ink-color,rgb(232,234,237))}.jR8x9d .orScbe .VfPpkd-fmcmS-wGMbrd{caret-color:rgb(138,180,248);caret-color:var(--gm-outlinedtextfield-caret-color,rgb(138,180,248))}.jR8x9d .orScbe:not(.VfPpkd-fmcmS-yrriRe-OWXEXe-OWB6Me)+.VfPpkd-fmcmS-yrriRe-W0vJo-RWgCYc .VfPpkd-fmcmS-yrriRe-W0vJo-fmcmS{color:rgb(154,160,166);color:var(--gm-outlinedtextfield-helper-text-color,rgb(154,160,166))}.jR8x9d .orScbe:not(.VfPpkd-fmcmS-yrriRe-OWXEXe-OWB6Me) .VfPpkd-fmcmS-yrriRe-JZnCve-gmhCAd,.jR8x9d .orScbe:not(.VfPpkd-fmcmS-yrriRe-OWXEXe-OWB6Me)+.VfPpkd-fmcmS-yrriRe-W0vJo-RWgCYc .VfPpkd-fmcmS-yrriRe-JZnCve-gmhCAd{color:rgb(154,160,166)}.jR8x9d .orScbe:not(.VfPpkd-fmcmS-yrriRe-OWXEXe-OWB6Me) .VfPpkd-NLUYnc-V67aGc{color:rgb(154,160,166);color:var(--gm-outlinedtextfield-label-color,rgb(154,160,166))}.jR8x9d .orScbe:hover:not(.VfPpkd-fmcmS-yrriRe-OWXEXe-OWB6Me) .VfPpkd-NLUYnc-V67aGc{color:rgb(248,249,250)}.jR8x9d .orScbe:not(.VfPpkd-fmcmS-yrriRe-OWXEXe-OWB6Me) .VfPpkd-NSFCdd-Brv4Fb,.jR8x9d .orScbe:not(.VfPpkd-fmcmS-yrriRe-OWXEXe-OWB6Me) .VfPpkd-NSFCdd-Ra9xwd,.jR8x9d .orScbe:not(.VfPpkd-fmcmS-yrriRe-OWXEXe-OWB6Me) .VfPpkd-NSFCdd-MpmGFe{border-color:rgb(189,193,198);border-color:var(--gm-outlinedtextfield-outline-color,rgb(189,193,198))}.jR8x9d .orScbe:not(.VfPpkd-fmcmS-yrriRe-OWXEXe-OWB6Me):not(.VfPpkd-fmcmS-yrriRe-OWXEXe-XpnDCe):hover .VfPpkd-NSFCdd-i5vt6e .VfPpkd-NSFCdd-Brv4Fb,.jR8x9d .orScbe:not(.VfPpkd-fmcmS-yrriRe-OWXEXe-OWB6Me):not(.VfPpkd-fmcmS-yrriRe-OWXEXe-XpnDCe):hover .VfPpkd-NSFCdd-i5vt6e .VfPpkd-NSFCdd-Ra9xwd,.jR8x9d .orScbe:not(.VfPpkd-fmcmS-yrriRe-OWXEXe-OWB6Me):not(.VfPpkd-fmcmS-yrriRe-OWXEXe-XpnDCe):hover .VfPpkd-NSFCdd-i5vt6e .VfPpkd-NSFCdd-MpmGFe{border-color:rgb(248,249,250)}}@media screen and (prefers-color-scheme:dark){.jR8x9d .orScbe:not(.VfPpkd-fmcmS-yrriRe-OWXEXe-OWB6Me) .VfPpkd-fmcmS-wGMbrd::-webkit-input-placeholder{color:rgb(189,193,198);color:var(--gm-outlinedtextfield-placeholder-color,rgb(189,193,198))}.jR8x9d .orScbe:not(.VfPpkd-fmcmS-yrriRe-OWXEXe-OWB6Me) .VfPpkd-fmcmS-wGMbrd::placeholder{color:rgb(189,193,198);color:var(--gm-outlinedtextfield-placeholder-color,rgb(189,193,198))}}@media screen and (prefers-color-scheme:dark){.jR8x9d .orScbe:not(.VfPpkd-fmcmS-yrriRe-OWXEXe-OWB6Me) .VfPpkd-fmcmS-wGMbrd:-ms-input-placeholder{color:rgb(189,193,198);color:var(--gm-outlinedtextfield-placeholder-color,rgb(189,193,198))}.jR8x9d .orScbe:not(.VfPpkd-fmcmS-yrriRe-OWXEXe-OWB6Me) .VfPpkd-fmcmS-MvKemf-OWXEXe-qdIk2c{color:rgb(154,160,166);color:var(--gm-outlinedtextfield-prefix-color,rgb(154,160,166))}.jR8x9d .orScbe:not(.VfPpkd-fmcmS-yrriRe-OWXEXe-OWB6Me) .VfPpkd-fmcmS-MvKemf-OWXEXe-iJ4yB{color:rgb(154,160,166);color:var(--gm-outlinedtextfield-suffix-color,rgb(154,160,166))}.jR8x9d .orScbe:not(.VfPpkd-fmcmS-yrriRe-OWXEXe-OWB6Me) .VfPpkd-fmcmS-TvZj5c-OWXEXe-M1Soyc{color:rgb(154,160,166)}.jR8x9d .orScbe:not(.VfPpkd-fmcmS-yrriRe-OWXEXe-OWB6Me) .VfPpkd-fmcmS-TvZj5c-OWXEXe-UbuQg{color:rgb(154,160,166)}.jR8x9d .orScbe.VfPpkd-fmcmS-yrriRe-OWXEXe-OWB6Me .VfPpkd-fmcmS-wGMbrd{color:rgba(232,234,237,.38);color:var(--gm-outlinedtextfield-ink-color--disabled,rgba(232,234,237,.38))}.jR8x9d .orScbe.VfPpkd-fmcmS-yrriRe-OWXEXe-OWB6Me .VfPpkd-NSFCdd-Brv4Fb,.jR8x9d .orScbe.VfPpkd-fmcmS-yrriRe-OWXEXe-OWB6Me .VfPpkd-NSFCdd-Ra9xwd,.jR8x9d .orScbe.VfPpkd-fmcmS-yrriRe-OWXEXe-OWB6Me .VfPpkd-NSFCdd-MpmGFe{border-color:rgba(232,234,237,.12);border-color:var(--gm-outlinedtextfield-outline-color--disabled,rgba(232,234,237,.12))}.jR8x9d .orScbe.VfPpkd-fmcmS-yrriRe-OWXEXe-OWB6Me .VfPpkd-NLUYnc-V67aGc{color:rgba(232,234,237,.38);color:var(--gm-outlinedtextfield-label-color--disabled,rgba(232,234,237,.38))}.jR8x9d .orScbe.VfPpkd-fmcmS-yrriRe-OWXEXe-OWB6Me .VfPpkd-fmcmS-TvZj5c-OWXEXe-M1Soyc{color:rgba(232,234,237,.38);color:var(--gm-outlinedtextfield-icon-color--disabled,rgba(232,234,237,.38))}.jR8x9d .orScbe.VfPpkd-fmcmS-yrriRe-OWXEXe-OWB6Me .VfPpkd-fmcmS-TvZj5c-OWXEXe-UbuQg{color:rgba(232,234,237,.38);color:var(--gm-outlinedtextfield-icon-color--disabled,rgba(232,234,237,.38))}.jR8x9d .orScbe.VfPpkd-fmcmS-yrriRe-OWXEXe-OWB6Me+.VfPpkd-fmcmS-yrriRe-W0vJo-RWgCYc .VfPpkd-fmcmS-yrriRe-W0vJo-fmcmS{color:rgba(232,234,237,.38);color:var(--gm-outlinedtextfield-helper-text-color--disabled,rgba(232,234,237,.38))}.jR8x9d .orScbe.VfPpkd-fmcmS-yrriRe-OWXEXe-OWB6Me .VfPpkd-fmcmS-yrriRe-JZnCve-gmhCAd,.jR8x9d .orScbe.VfPpkd-fmcmS-yrriRe-OWXEXe-OWB6Me+.VfPpkd-fmcmS-yrriRe-W0vJo-RWgCYc .VfPpkd-fmcmS-yrriRe-JZnCve-gmhCAd{color:rgba(232,234,237,.38);color:var(--gm-outlinedtextfield-character-counter-color--disabled,rgba(232,234,237,.38))}}@media screen and (prefers-color-scheme:dark){.jR8x9d .orScbe.VfPpkd-fmcmS-yrriRe-OWXEXe-OWB6Me .VfPpkd-fmcmS-wGMbrd::-webkit-input-placeholder{color:rgba(232,234,237,.38);color:var(--gm-outlinedtextfield-placeholder-color--disabled,rgba(232,234,237,.38))}.jR8x9d .orScbe.VfPpkd-fmcmS-yrriRe-OWXEXe-OWB6Me .VfPpkd-fmcmS-wGMbrd::placeholder{color:rgba(232,234,237,.38);color:var(--gm-outlinedtextfield-placeholder-color--disabled,rgba(232,234,237,.38))}}@media screen and (prefers-color-scheme:dark){.jR8x9d .orScbe.VfPpkd-fmcmS-yrriRe-OWXEXe-OWB6Me .VfPpkd-fmcmS-wGMbrd:-ms-input-placeholder{color:rgba(232,234,237,.38);color:var(--gm-outlinedtextfield-placeholder-color--disabled,rgba(232,234,237,.38))}.jR8x9d .orScbe.VfPpkd-fmcmS-yrriRe-OWXEXe-OWB6Me .VfPpkd-fmcmS-MvKemf-OWXEXe-qdIk2c{color:rgba(232,234,237,.38);color:var(--gm-outlinedtextfield-prefix-color--disabled,rgba(232,234,237,.38))}.jR8x9d .orScbe.VfPpkd-fmcmS-yrriRe-OWXEXe-OWB6Me .VfPpkd-fmcmS-MvKemf-OWXEXe-iJ4yB{color:rgba(232,234,237,.38);color:var(--gm-outlinedtextfield-suffix-color--disabled,rgba(232,234,237,.38))}.jR8x9d .orScbe.VfPpkd-fmcmS-yrriRe-OWXEXe-XpnDCe:not(.VfPpkd-fmcmS-yrriRe-OWXEXe-OWB6Me) .VfPpkd-NSFCdd-Brv4Fb,.jR8x9d .orScbe.VfPpkd-fmcmS-yrriRe-OWXEXe-XpnDCe:not(.VfPpkd-fmcmS-yrriRe-OWXEXe-OWB6Me) .VfPpkd-NSFCdd-Ra9xwd,.jR8x9d .orScbe.VfPpkd-fmcmS-yrriRe-OWXEXe-XpnDCe:not(.VfPpkd-fmcmS-yrriRe-OWXEXe-OWB6Me) .VfPpkd-NSFCdd-MpmGFe{border-color:rgb(138,180,248);border-color:var(--gm-outlinedtextfield-outline-color--stateful,rgb(138,180,248))}.jR8x9d .orScbe.VfPpkd-fmcmS-yrriRe-OWXEXe-XpnDCe:not(.VfPpkd-fmcmS-yrriRe-OWXEXe-OWB6Me) .VfPpkd-NLUYnc-V67aGc{color:rgb(138,180,248);color:var(--gm-outlinedtextfield-label-color--stateful,rgb(138,180,248))}.jR8x9d .orScbe.VfPpkd-fmcmS-yrriRe-OWXEXe-UJflGc .VfPpkd-fmcmS-wGMbrd{caret-color:rgb(242,139,130);caret-color:var(--gm-outlinedtextfield-caret-color--error,rgb(242,139,130))}.jR8x9d .orScbe.VfPpkd-fmcmS-yrriRe-OWXEXe-UJflGc:not(.VfPpkd-fmcmS-yrriRe-OWXEXe-OWB6Me)+.VfPpkd-fmcmS-yrriRe-W0vJo-RWgCYc .VfPpkd-fmcmS-yrriRe-W0vJo-fmcmS{color:rgb(242,139,130);color:var(--gm-outlinedtextfield-helper-text-color--error,rgb(242,139,130))}.jR8x9d .orScbe.VfPpkd-fmcmS-yrriRe-OWXEXe-UJflGc:hover:not(.VfPpkd-fmcmS-yrriRe-OWXEXe-XpnDCe):not(.VfPpkd-fmcmS-yrriRe-OWXEXe-OWB6Me)+.VfPpkd-fmcmS-yrriRe-W0vJo-RWgCYc .VfPpkd-fmcmS-yrriRe-W0vJo-fmcmS{color:rgb(246,174,169)}.jR8x9d .orScbe.VfPpkd-fmcmS-yrriRe-OWXEXe-UJflGc:hover:not(.VfPpkd-fmcmS-yrriRe-OWXEXe-XpnDCe):not(.VfPpkd-fmcmS-yrriRe-OWXEXe-OWB6Me) .VfPpkd-NLUYnc-V67aGc{color:rgb(246,174,169)}.jR8x9d .orScbe.VfPpkd-fmcmS-yrriRe-OWXEXe-UJflGc:hover:not(.VfPpkd-fmcmS-yrriRe-OWXEXe-XpnDCe):not(.VfPpkd-fmcmS-yrriRe-OWXEXe-OWB6Me) .VfPpkd-fmcmS-TvZj5c-OWXEXe-UbuQg{color:rgb(246,174,169)}.jR8x9d .orScbe.VfPpkd-fmcmS-yrriRe-OWXEXe-UJflGc:not(.VfPpkd-fmcmS-yrriRe-OWXEXe-OWB6Me):not(.VfPpkd-fmcmS-yrriRe-OWXEXe-XpnDCe):hover .VfPpkd-NSFCdd-i5vt6e .VfPpkd-NSFCdd-Brv4Fb,.jR8x9d .orScbe.VfPpkd-fmcmS-yrriRe-OWXEXe-UJflGc:not(.VfPpkd-fmcmS-yrriRe-OWXEXe-OWB6Me):not(.VfPpkd-fmcmS-yrriRe-OWXEXe-XpnDCe):hover .VfPpkd-NSFCdd-i5vt6e .VfPpkd-NSFCdd-Ra9xwd,.jR8x9d .orScbe.VfPpkd-fmcmS-yrriRe-OWXEXe-UJflGc:not(.VfPpkd-fmcmS-yrriRe-OWXEXe-OWB6Me):not(.VfPpkd-fmcmS-yrriRe-OWXEXe-XpnDCe):hover .VfPpkd-NSFCdd-i5vt6e .VfPpkd-NSFCdd-MpmGFe{border-color:rgb(246,174,169)}.jR8x9d .orScbe.VfPpkd-fmcmS-yrriRe-OWXEXe-UJflGc:not(.VfPpkd-fmcmS-yrriRe-OWXEXe-OWB6Me) .VfPpkd-NSFCdd-Brv4Fb,.jR8x9d .orScbe.VfPpkd-fmcmS-yrriRe-OWXEXe-UJflGc:not(.VfPpkd-fmcmS-yrriRe-OWXEXe-OWB6Me) .VfPpkd-NSFCdd-Ra9xwd,.jR8x9d .orScbe.VfPpkd-fmcmS-yrriRe-OWXEXe-UJflGc:not(.VfPpkd-fmcmS-yrriRe-OWXEXe-OWB6Me) .VfPpkd-NSFCdd-MpmGFe{border-color:rgb(242,139,130);border-color:var(--gm-outlinedtextfield-outline-color--error,rgb(242,139,130))}.jR8x9d .orScbe.VfPpkd-fmcmS-yrriRe-OWXEXe-UJflGc:not(.VfPpkd-fmcmS-yrriRe-OWXEXe-OWB6Me) .VfPpkd-fmcmS-TvZj5c-OWXEXe-UbuQg{color:rgb(242,139,130);color:var(--gm-outlinedtextfield-icon-color--error,rgb(242,139,130))}.jR8x9d .orScbe.VfPpkd-fmcmS-yrriRe-OWXEXe-UJflGc.VfPpkd-fmcmS-yrriRe-OWXEXe-XpnDCe:not(.VfPpkd-fmcmS-yrriRe-OWXEXe-OWB6Me) .VfPpkd-NSFCdd-Brv4Fb,.jR8x9d .orScbe.VfPpkd-fmcmS-yrriRe-OWXEXe-UJflGc.VfPpkd-fmcmS-yrriRe-OWXEXe-XpnDCe:not(.VfPpkd-fmcmS-yrriRe-OWXEXe-OWB6Me) .VfPpkd-NSFCdd-Ra9xwd,.jR8x9d .orScbe.VfPpkd-fmcmS-yrriRe-OWXEXe-UJflGc.VfPpkd-fmcmS-yrriRe-OWXEXe-XpnDCe:not(.VfPpkd-fmcmS-yrriRe-OWXEXe-OWB6Me) .VfPpkd-NSFCdd-MpmGFe{border-color:rgb(242,139,130);border-color:var(--gm-outlinedtextfield-outline-color--error-stateful,rgb(242,139,130))}.jR8x9d .orScbe.VfPpkd-fmcmS-yrriRe-OWXEXe-XpnDCe .VfPpkd-NLUYnc-V67aGc{color:rgb(138,180,248);color:var(--gm-outlinedtextfield-label-color--stateful,rgb(138,180,248))}.jR8x9d .orScbe.VfPpkd-fmcmS-yrriRe-OWXEXe-UJflGc:not(.VfPpkd-fmcmS-yrriRe-OWXEXe-OWB6Me) .VfPpkd-NLUYnc-V67aGc{color:rgb(242,139,130);color:var(--gm-outlinedtextfield-label-color--error,rgb(242,139,130))}.jR8x9d .TA5ace .VfPpkd-z59Tgd{background-color:rgb(60,64,67)}.jR8x9d .TA5ace .VfPpkd-z59Tgd,.jR8x9d .TA5ace .VfPpkd-MlC99b,.jR8x9d .TA5ace .VfPpkd-IqDDtd{color:rgb(232,234,237)}.jR8x9d .TA5ace .VfPpkd-IqDDtd-hSRGPd{color:rgb(138,180,248)}.jR8x9d .TA5ace.VfPpkd-suEOdc-OWXEXe-nzrxxc .VfPpkd-z59Tgd,.jR8x9d .TA5ace.VfPpkd-suEOdc-OWXEXe-nzrxxc .VfPpkd-Djsh7e-XxIAqe-ma6Yeb,.jR8x9d .TA5ace.VfPpkd-suEOdc-OWXEXe-nzrxxc .VfPpkd-Djsh7e-XxIAqe-cGMI2b{background-color:rgb(32,33,36)}.jR8x9d .TA5ace.VfPpkd-suEOdc-OWXEXe-nzrxxc .VfPpkd-MlC99b{font-family:"Google Sans",Roboto,Arial,sans-serif;line-height:1.25rem;font-size:.875rem;letter-spacing:.0178571429em;font-weight:500}.jR8x9d .TA5ace.VfPpkd-suEOdc-OWXEXe-nzrxxc .VfPpkd-z59Tgd{border-radius:8px}.jR8x9d .TA5ace.VfPpkd-suEOdc-OWXEXe-nzrxxc .VfPpkd-z59Tgd,.jR8x9d .TA5ace.VfPpkd-suEOdc-OWXEXe-nzrxxc .VfPpkd-Djsh7e-XxIAqe-cGMI2b{border-width:0;box-shadow:0 1px 2px 0 rgba(0,0,0,.3),0 2px 6px 2px rgba(0,0,0,.15)}.jR8x9d .TA5ace.VfPpkd-suEOdc-OWXEXe-nzrxxc .VfPpkd-z59Tgd .VfPpkd-BFbNVe-bF1uUb,.jR8x9d .TA5ace.VfPpkd-suEOdc-OWXEXe-nzrxxc .VfPpkd-Djsh7e-XxIAqe-cGMI2b .VfPpkd-BFbNVe-bF1uUb,.jR8x9d .TA5ace.VfPpkd-suEOdc-OWXEXe-nzrxxc .VfPpkd-Djsh7e-XxIAqe-ma6Yeb .VfPpkd-BFbNVe-bF1uUb{opacity:.08}}.jR8x9d,.jR8x9d input,.jR8x9d textarea,.jR8x9d select,.jR8x9d button{color:#1f1f1f;color:var(--gm3-sys-color-on-surface,#1f1f1f);font-family:"Google Sans",roboto,"Noto Sans Myanmar UI",arial,sans-serif}.jR8x9d{background-color:#fff;background-color:var(--gm3-sys-color-surface-container-lowest,#fff);direction:ltr;font-size:0.875rem;font-weight:400;letter-spacing:0rem;line-height:1.4285714286;margin:0;padding:0}.jR8x9d [data-style=heading]{color:#1f1f1f;color:var(--gm3-sys-color-on-surface,#1f1f1f);font-family:"Google Sans",roboto,"Noto Sans Myanmar UI",arial,sans-serif;font-size:1.25rem;font-weight:400;letter-spacing:0rem;line-height:1.2}.S7xv8{display:flex;flex-direction:column;min-height:100vh;background:#fff;background:var(--gm3-sys-color-surface-container-lowest,#fff);justify-content:space-between;padding:0}@media (min-width:600px){.S7xv8{background:#f0f4f9;background:var(--gm3-sys-color-surface-container,#f0f4f9);justify-content:center;padding:48px 0}}@media (min-width:600px) and (orientation:landscape){.S7xv8{background:#fff;background:var(--gm3-sys-color-surface-container-lowest,#fff);justify-content:space-between;padding:0}}@media (min-width:960px) and (orientation:landscape){.S7xv8{background:#f0f4f9;background:var(--gm3-sys-color-surface-container,#f0f4f9);justify-content:center;padding:48px 0}}.fAlnEc a:not(.TrZEUc):not(.WpHeLc){outline-offset:2px;text-decoration:none}.fAlnEc a:not(.TrZEUc):not(.WpHeLc):hover{text-decoration:underline}.fAlnEc button:not(.TrZEUc){background-color:transparent;border:0;cursor:pointer;font-size:inherit;outline:none;padding:0;position:relative;text-align:left}.fAlnEc a:not(.TrZEUc):not(.WpHeLc),.fAlnEc button:not(.TrZEUc){color:#0b57d0;color:var(--gm3-sys-color-primary,#0b57d0);border-radius:4px;font-weight:500;letter-spacing:0.015625rem;z-index:1}.fAlnEc a:not(.TrZEUc):not(.WpHeLc):focus-visible{outline:2px solid #0b57d0;outline:2px solid var(--gm3-sys-color-primary,#0b57d0)}.fAlnEc .gNJDp a:not(.TrZEUc):not(.WpHeLc),.fAlnEc .gNJDp button:not(.TrZEUc){font-weight:500;font-weight:var(--c-stfwt,500)}.fAlnEc .PsAlOe a:not(.TrZEUc),.fAlnEc .PsAlOe button:not(.TrZEUc){text-decoration:underline}.fAlnEc .PsAlOe.sj692e a:not(.TrZEUc),.fAlnEc .PsAlOe.sj692e button:not(.TrZEUc){color:#0842a0;color:var(--gm3-sys-color-on-primary-container,#0842a0)}.fAlnEc .Su9bff a:not(.L3JCSb),.fAlnEc .Su9bff button:not(.L3JCSb){text-align:center}.fAlnEc .PsAlOe.Xq8bDe a:not(.TrZEUc),.fAlnEc .PsAlOe.Xq8bDe button:not(.TrZEUc){color:#410e0b;color:var(--gm3-sys-color-on-error-container,#8c1d18)}.fAlnEc .PsAlOe.rNe0id a:not(.TrZEUc),.fAlnEc .PsAlOe.rNe0id button:not(.TrZEUc){color:var(--wf-color-warning-text,#421f00)}.fAlnEc .PsAlOe.YFdWic a:not(.TrZEUc),.fAlnEc .PsAlOe.YFdWic button:not(.TrZEUc){color:#444746;color:var(--gm3-sys-color-on-surface-variant,#444746)}.fAlnEc button:not(.TrZEUc)::-moz-focus-inner{border:0}.fAlnEc button:not(.TrZEUc):focus-visible::after{border:2px solid;border-color:#0b57d0;border-color:var(--gm3-sys-color-primary,#0b57d0);box-shadow:0 0 0 2px #d3e3fd;box-shadow:0 0 0 2px var(--gm3-sys-color-primary-container,#d3e3fd);border-radius:12px;content:"";position:absolute;pointer-events:none;inset:-9px;bottom:-5px;top:-5px}.fAlnEc button:not(.TrZEUc)::before{background-color:#0b57d0;background-color:var(--gm3-sys-color-primary,#0b57d0);border-radius:8px;bottom:-1px;content:"";left:-5px;opacity:0;pointer-events:none;position:absolute;right:-5px;top:-1px;z-index:-1}.fAlnEc button:not(.TrZEUc):hover::before{opacity:.08}.fAlnEc button:not(.TrZEUc):focus::before,.fAlnEc button:not(.TrZEUc):active::before{opacity:.1}.fAlnEc img:not(.TrZEUc){border:0;max-height:1.3em;vertical-align:middle}.Hvu6D{display:none}sentinel{}</style><script nonce="">onCssLoad();</script><script nonce="">(function(){'use strict';function g(){var a=k,b=0;return function(){return b<a.length?{done:!1,value:a[b++]}:{done:!0}}};/*

 Copyright The Closure Library Authors.
 SPDX-License-Identifier: Apache-2.0
*/
var l=this||self;/*

 Copyright 2024 Google, Inc
 SPDX-License-Identifier: MIT
*/
var m=["focus","blur","error","load","toggle"];function n(a){return a==="mouseenter"?"mouseover":a==="mouseleave"?"mouseout":a==="pointerenter"?"pointerover":a==="pointerleave"?"pointerout":a};function p(a){this.l={};this.m={};this.i=null;this.g=[];this.o=a}p.prototype.handleEvent=function(a,b,c){q(this,{eventType:a,event:b,targetElement:b.target,eic:c,timeStamp:Date.now(),eia:void 0,eirp:void 0,eiack:void 0})};function q(a,b){if(a.i)a.i(b);else{b.eirp=!0;var c;(c=a.g)==null||c.push(b)}}
function r(a,b,c){if(!(b in a.l)&&a.o){var e=function(f,d,B){a.handleEvent(f,d,B)};a.l[b]=e;c=n(c||b);if(c!==b){var h=a.m[c]||[];h.push(b);a.m[c]=h}a.o.addEventListener(c,function(f){return function(d){e(b,d,f)}},void 0)}}p.prototype.j=function(a){return this.l[a]};p.prototype.ecrd=function(a){this.i=a;var b;if((b=this.g)==null?0:b.length){for(a=0;a<this.g.length;a++)q(this,this.g[a]);this.g=null}};var t=typeof navigator!=="undefined"&&/iPhone|iPad|iPod/.test(navigator.userAgent);function u(a){this.g=a;this.i=[]}u.prototype.addEventListener=function(a,b,c){t&&(this.g.style.cursor="pointer");var e=this.i,h=e.push,f=this.g;b=b(this.g);var d=!1;m.indexOf(a)>=0&&(d=!0);f.addEventListener(a,b,typeof c==="boolean"?{capture:d,passive:c}:d);h.call(e,{eventType:a,j:b,capture:d,passive:c})};var k="click dblclick focus focusin blur error focusout keydown keyup keypress load mouseover mouseout mouseenter mouseleave mousemove submit toggle touchstart touchend touchmove touchcancel auxclick change compositionstart compositionupdate compositionend beforeinput input select textinput copy cut paste mousedown mouseup wheel contextmenu dragover dragenter dragleave drop dragstart dragend pointerdown pointermove pointerup pointercancel pointerenter pointerleave pointerover pointerout gotpointercapture lostpointercapture ended loadedmetadata pagehide pageshow visibilitychange beforematch".split(" ");
if(!(k instanceof Array)){var v;var w=typeof Symbol!="undefined"&&Symbol.iterator&&k[Symbol.iterator];if(w)v=w.call(k);else if(typeof k.length=="number")v={next:g()};else throw Error(String(k)+" is not an iterable or ArrayLike");for(var x,y=[];!(x=v.next()).done;)y.push(x.value)};var z=function(a){return{trigger:function(b){var c=a.j(b.type);c||(r(a,b.type),c=a.j(b.type));var e=b.target||b.srcElement;c&&c(b.type,b,e.ownerDocument.documentElement)},configure:function(b){b(a)}}}(function(){var a=window,b=new u(a.document.documentElement),c=new p(b);k.forEach(function(d){return r(c,d)});var e,h,f;"onwebkitanimationend"in a&&(e="webkitAnimationEnd");r(c,"animationend",e);"onwebkitanimationstart"in a&&(h="webkitAnimationStart");r(c,"animationstart",h);r(c,"animationcancel");"onwebkittransitionend"in
a&&(f="webkitTransitionEnd");r(c,"transitionend",f);return{u:c,container:b}}().u),A=["BOQ_wizbind"],C=window||l,D;for(;A.length&&(D=A.shift());)A.length||z===void 0?C[D]&&C[D]!==Object.prototype[D]?C=C[D]:C=C[D]={}:C[D]=z;}).call(this);
</script><script nocollect="" src="https://www.gstatic.com/_/mss/boq-identity/_/js/k=boq-identity.AccountsSignInUi.en_US.eZwNFZB8n4g.es5.O/am=MQ4AzJbH7k0AIP7_nzIL6ixAAkIGAAAAAAAQAABsAQAAWMcAEA/d=1/excm=_b,_tp,identifierview/ed=1/dg=0/wt=2/ujg=1/rs=AOaEmlE7w3uuDcQXtdA8YcuwyBGgcoVqVA/m=_b,_tp" defer="" id="base-js" fetchpriority="high" crossorigin="anonymous" nonce=""></script><script nonce="">if (window.BOQ_loadedInitialJS) {onJsLoad();} else {document.getElementById('base-js').addEventListener('load', onJsLoad, false);}</script><script nonce="">
    window['_wjdc'] = function (d) {window['_wjdd'] = d};
    </script><script nonce="">document.documentElement.className="eC9N2e";</script><meta name="chrome" content="nointentdetection"><meta name="viewport" content="width=device-width, initial-scale=1"><style nonce="">@font-face{font-family:'Google Sans';font-style:normal;font-weight:400;src:url(//fonts.gstatic.com/s/googlesans/v62/4UaRrENHsxJlGDuGo1OIlJfC6l_24rlCK1Yo_Iq2rgCIlsw.woff2)format('woff2');unicode-range:U+0308,U+0530-058F,U+2010,U+2024,U+25CC,U+FB13-FB17;}@font-face{font-family:'Google Sans';font-style:normal;font-weight:400;src:url(//fonts.gstatic.com/s/googlesans/v62/4UaRrENHsxJlGDuGo1OIlJfC6l_24rlCK1Yo_Iq2rACIlsw.woff2)format('woff2');unicode-range:U+0951-0952,U+0964-0965,U+0980-09FE,U+1CD0,U+1CD2,U+1CD5-1CD6,U+1CD8,U+1CE1,U+1CEA,U+1CED,U+1CF2,U+1CF5-1CF7,U+200C-200D,U+20B9,U+25CC,U+A8F1;}@font-face{font-family:'Google Sans';font-style:normal;font-weight:400;src:url(//fonts.gstatic.com/s/googlesans/v62/4UaRrENHsxJlGDuGo1OIlJfC6l_24rlCK1Yo_Iq2kQCIlsw.woff2)format('woff2');unicode-range:U+02C7,U+02D8-02D9,U+02DB,U+0307,U+1400-167F,U+18B0-18F5,U+25CC,U+11AB0-11ABF;}@font-face{font-family:'Google Sans';font-style:normal;font-weight:400;src:url(//fonts.gstatic.com/s/googlesans/v62/4UaRrENHsxJlGDuGo1OIlJfC6l_24rlCK1Yo_Iq2swCIlsw.woff2)format('woff2');unicode-range:U+0460-052F,U+1C80-1C8A,U+20B4,U+2DE0-2DFF,U+A640-A69F,U+FE2E-FE2F;}@font-face{font-family:'Google Sans';font-style:normal;font-weight:400;src:url(//fonts.gstatic.com/s/googlesans/v62/4UaRrENHsxJlGDuGo1OIlJfC6l_24rlCK1Yo_Iq2ugCIlsw.woff2)format('woff2');unicode-range:U+0301,U+0400-045F,U+0490-0491,U+04B0-04B1,U+2116;}@font-face{font-family:'Google Sans';font-style:normal;font-weight:400;src:url(//fonts.gstatic.com/s/googlesans/v62/4UaRrENHsxJlGDuGo1OIlJfC6l_24rlCK1Yo_Iq2vwCIlsw.woff2)format('woff2');unicode-range:U+0900-097F,U+1CD0-1CF9,U+200C-200D,U+20A8,U+20B9,U+20F0,U+25CC,U+A830-A839,U+A8E0-A8FF,U+11B00-11B09;}@font-face{font-family:'Google Sans';font-style:normal;font-weight:400;src:url(//fonts.gstatic.com/s/googlesans/v62/4UaRrENHsxJlGDuGo1OIlJfC6l_24rlCK1Yo_Iq2rwCIlsw.woff2)format('woff2');unicode-range:U+030E,U+1200-1399,U+2D80-2DDE,U+AB01-AB2E,U+1E7E0-1E7E6,U+1E7E8-1E7EB,U+1E7ED-1E7EE,U+1E7F0-1E7FE;}@font-face{font-family:'Google Sans';font-style:normal;font-weight:400;src:url(//fonts.gstatic.com/s/googlesans/v62/4UaRrENHsxJlGDuGo1OIlJfC6l_24rlCK1Yo_Iq2oQCIlsw.woff2)format('woff2');unicode-range:U+0589,U+10A0-10FF,U+1C90-1CBA,U+1CBD-1CBF,U+205A,U+2D00-2D2F,U+2E31;}@font-face{font-family:'Google Sans';font-style:normal;font-weight:400;src:url(//fonts.gstatic.com/s/googlesans/v62/4UaRrENHsxJlGDuGo1OIlJfC6l_24rlCK1Yo_Iq2sgCIlsw.woff2)format('woff2');unicode-range:U+1F00-1FFF;}@font-face{font-family:'Google Sans';font-style:normal;font-weight:400;src:url(//fonts.gstatic.com/s/googlesans/v62/4UaRrENHsxJlGDuGo1OIlJfC6l_24rlCK1Yo_Iq2vQCIlsw.woff2)format('woff2');unicode-range:U+0370-0377,U+037A-037F,U+0384-038A,U+038C,U+038E-03A1,U+03A3-03FF;}@font-face{font-family:'Google Sans';font-style:normal;font-weight:400;src:url(//fonts.gstatic.com/s/googlesans/v62/4UaRrENHsxJlGDuGo1OIlJfC6l_24rlCK1Yo_Iq2pQCIlsw.woff2)format('woff2');unicode-range:U+0951-0952,U+0964-0965,U+0A80-0AFF,U+200C-200D,U+20B9,U+25CC,U+A830-A839;}@font-face{font-family:'Google Sans';font-style:normal;font-weight:400;src:url(//fonts.gstatic.com/s/googlesans/v62/4UaRrENHsxJlGDuGo1OIlJfC6l_24rlCK1Yo_Iq2nQCIlsw.woff2)format('woff2');unicode-range:U+0951-0952,U+0964-0965,U+0A01-0A76,U+200C-200D,U+20B9,U+25CC,U+262C,U+A830-A839;}@font-face{font-family:'Google Sans';font-style:normal;font-weight:400;src:url(//fonts.gstatic.com/s/googlesans/v62/4UaRrENHsxJlGDuGo1OIlJfC6l_24rlCK1Yo_Iq2vACIlsw.woff2)format('woff2');unicode-range:U+0307-0308,U+0590-05FF,U+200C-2010,U+20AA,U+25CC,U+FB1D-FB4F;}@font-face{font-family:'Google Sans';font-style:normal;font-weight:400;src:url(//fonts.gstatic.com/s/googlesans/v62/4UaRrENHsxJlGDuGo1OIlJfC6l_24rlCK1Yo_Iq2tQCIlsw.woff2)format('woff2');unicode-range:U+1780-17FF,U+19E0-19FF,U+200C-200D,U+25CC;}@font-face{font-family:'Google Sans';font-style:normal;font-weight:400;src:url(//fonts.gstatic.com/s/googlesans/v62/4UaRrENHsxJlGDuGo1OIlJfC6l_24rlCK1Yo_Iq2twCIlsw.woff2)format('woff2');unicode-range:U+0E81-0EDF,U+200C-200D,U+25CC;}@font-face{font-family:'Google Sans';font-style:normal;font-weight:400;src:url(//fonts.gstatic.com/s/googlesans/v62/4UaRrENHsxJlGDuGo1OIlJfC6l_24rlCK1Yo_Iq2pgCIlsw.woff2)format('woff2');unicode-range:U+0307,U+0323,U+0951-0952,U+0964-0965,U+0D00-0D7F,U+1CDA,U+1CF2,U+200C-200D,U+20B9,U+25CC,U+A830-A832;}@font-face{font-family:'Google Sans';font-style:normal;font-weight:400;src:url(//fonts.gstatic.com/s/googlesans/v62/4UaRrENHsxJlGDuGo1OIlJfC6l_24rlCK1Yo_Iq2pwCIlsw.woff2)format('woff2');unicode-range:U+0951-0952,U+0964-0965,U+0B01-0B77,U+1CDA,U+1CF2,U+200C-200D,U+20B9,U+25CC;}@font-face{font-family:'Google Sans';font-style:normal;font-weight:400;src:url(//fonts.gstatic.com/s/googlesans/v62/4UaRrENHsxJlGDuGo1OIlJfC6l_24rlCK1Yo_Iq2owCIlsw.woff2)format('woff2');unicode-range:U+0964-0965,U+0D81-0DF4,U+1CF2,U+200C-200D,U+25CC,U+111E1-111F4;}@font-face{font-family:'Google Sans';font-style:normal;font-weight:400;src:url(//fonts.gstatic.com/s/googlesans/v62/4UaRrENHsxJlGDuGo1OIlJfC6l_24rlCK1Yo_Iq20ACIlsw.woff2)format('woff2');unicode-range:U+0001-000C,U+000E-001F,U+007F-009F,U+20DD-20E0,U+20E2-20E4,U+2150-218F,U+2190,U+2192,U+2194-2199,U+21AF,U+21E6-21F0,U+21F3,U+2218-2219,U+2299,U+22C4-22C6,U+2300-243F,U+2440-244A,U+2460-24FF,U+25A0-27BF,U+2800-28FF,U+2921-2922,U+2981,U+29BF,U+29EB,U+2B00-2BFF,U+4DC0-4DFF,U+FFF9-FFFB,U+10140-1018E,U+10190-1019C,U+101A0,U+101D0-101FD,U+102E0-102FB,U+10E60-10E7E,U+1D2C0-1D2D3,U+1D2E0-1D37F,U+1F000-1F0FF,U+1F100-1F1AD,U+1F1E6-1F1FF,U+1F30D-1F30F,U+1F315,U+1F31C,U+1F31E,U+1F320-1F32C,U+1F336,U+1F378,U+1F37D,U+1F382,U+1F393-1F39F,U+1F3A7-1F3A8,U+1F3AC-1F3AF,U+1F3C2,U+1F3C4-1F3C6,U+1F3CA-1F3CE,U+1F3D4-1F3E0,U+1F3ED,U+1F3F1-1F3F3,U+1F3F5-1F3F7,U+1F408,U+1F415,U+1F41F,U+1F426,U+1F43F,U+1F441-1F442,U+1F444,U+1F446-1F449,U+1F44C-1F44E,U+1F453,U+1F46A,U+1F47D,U+1F4A3,U+1F4B0,U+1F4B3,U+1F4B9,U+1F4BB,U+1F4BF,U+1F4C8-1F4CB,U+1F4D6,U+1F4DA,U+1F4DF,U+1F4E3-1F4E6,U+1F4EA-1F4ED,U+1F4F7,U+1F4F9-1F4FB,U+1F4FD-1F4FE,U+1F503,U+1F507-1F50B,U+1F50D,U+1F512-1F513,U+1F53E-1F54A,U+1F54F-1F5FA,U+1F610,U+1F650-1F67F,U+1F687,U+1F68D,U+1F691,U+1F694,U+1F698,U+1F6AD,U+1F6B2,U+1F6B9-1F6BA,U+1F6BC,U+1F6C6-1F6CF,U+1F6D3-1F6D7,U+1F6E0-1F6EA,U+1F6F0-1F6F3,U+1F6F7-1F6FC,U+1F700-1F7FF,U+1F800-1F80B,U+1F810-1F847,U+1F850-1F859,U+1F860-1F887,U+1F890-1F8AD,U+1F8B0-1F8BB,U+1F8C0-1F8C1,U+1F900-1F90B,U+1F93B,U+1F946,U+1F984,U+1F996,U+1F9E9,U+1FA00-1FA6F,U+1FA70-1FA7C,U+1FA80-1FA89,U+1FA8F-1FAC6,U+1FACE-1FADC,U+1FADF-1FAE9,U+1FAF0-1FAF8,U+1FB00-1FBFF;}@font-face{font-family:'Google Sans';font-style:normal;font-weight:400;src:url(//fonts.gstatic.com/s/googlesans/v62/4UaRrENHsxJlGDuGo1OIlJfC6l_24rlCK1Yo_Iq2qACIlsw.woff2)format('woff2');unicode-range:U+0964-0965,U+0B82-0BFA,U+200C-200D,U+20B9,U+25CC;}@font-face{font-family:'Google Sans';font-style:normal;font-weight:400;src:url(//fonts.gstatic.com/s/googlesans/v62/4UaRrENHsxJlGDuGo1OIlJfC6l_24rlCK1Yo_Iq2ogCIlsw.woff2)format('woff2');unicode-range:U+0951-0952,U+0964-0965,U+0C00-0C7F,U+1CDA,U+1CF2,U+200C-200D,U+25CC;}@font-face{font-family:'Google Sans';font-style:normal;font-weight:400;src:url(//fonts.gstatic.com/s/googlesans/v62/4UaRrENHsxJlGDuGo1OIlJfC6l_24rlCK1Yo_Iq2qgCIlsw.woff2)format('woff2');unicode-range:U+02D7,U+0303,U+0331,U+0E01-0E5B,U+200C-200D,U+25CC;}@font-face{font-family:'Google Sans';font-style:normal;font-weight:400;src:url(//fonts.gstatic.com/s/googlesans/v62/4UaRrENHsxJlGDuGo1OIlJfC6l_24rlCK1Yo_Iq2sQCIlsw.woff2)format('woff2');unicode-range:U+0102-0103,U+0110-0111,U+0128-0129,U+0168-0169,U+01A0-01A1,U+01AF-01B0,U+0300-0301,U+0303-0304,U+0308-0309,U+0323,U+0329,U+1EA0-1EF9,U+20AB;}@font-face{font-family:'Google Sans';font-style:normal;font-weight:400;src:url(//fonts.gstatic.com/s/googlesans/v62/4UaRrENHsxJlGDuGo1OIlJfC6l_24rlCK1Yo_Iq2sACIlsw.woff2)format('woff2');unicode-range:U+0100-02BA,U+02BD-02C5,U+02C7-02CC,U+02CE-02D7,U+02DD-02FF,U+0304,U+0308,U+0329,U+1D00-1DBF,U+1E00-1E9F,U+1EF2-1EFF,U+2020,U+20A0-20AB,U+20AD-20C0,U+2113,U+2C60-2C7F,U+A720-A7FF;}@font-face{font-family:'Google Sans';font-style:normal;font-weight:400;src:url(//fonts.gstatic.com/s/googlesans/v62/4UaRrENHsxJlGDuGo1OIlJfC6l_24rlCK1Yo_Iq2vgCI.woff2)format('woff2');unicode-range:U+0000-00FF,U+0131,U+0152-0153,U+02BB-02BC,U+02C6,U+02DA,U+02DC,U+0304,U+0308,U+0329,U+2000-206F,U+20AC,U+2122,U+2191,U+2193,U+2212,U+2215,U+FEFF,U+FFFD;}@font-face{font-family:'Google Sans';font-style:normal;font-weight:500;src:url(//fonts.gstatic.com/s/googlesans/v62/4UaRrENHsxJlGDuGo1OIlJfC6l_24rlCK1Yo_Iq2rgCIlsw.woff2)format('woff2');unicode-range:U+0308,U+0530-058F,U+2010,U+2024,U+25CC,U+FB13-FB17;}@font-face{font-family:'Google Sans';font-style:normal;font-weight:500;src:url(//fonts.gstatic.com/s/googlesans/v62/4UaRrENHsxJlGDuGo1OIlJfC6l_24rlCK1Yo_Iq2rACIlsw.woff2)format('woff2');unicode-range:U+0951-0952,U+0964-0965,U+0980-09FE,U+1CD0,U+1CD2,U+1CD5-1CD6,U+1CD8,U+1CE1,U+1CEA,U+1CED,U+1CF2,U+1CF5-1CF7,U+200C-200D,U+20B9,U+25CC,U+A8F1;}@font-face{font-family:'Google Sans';font-style:normal;font-weight:500;src:url(//fonts.gstatic.com/s/googlesans/v62/4UaRrENHsxJlGDuGo1OIlJfC6l_24rlCK1Yo_Iq2kQCIlsw.woff2)format('woff2');unicode-range:U+02C7,U+02D8-02D9,U+02DB,U+0307,U+1400-167F,U+18B0-18F5,U+25CC,U+11AB0-11ABF;}@font-face{font-family:'Google Sans';font-style:normal;font-weight:500;src:url(//fonts.gstatic.com/s/googlesans/v62/4UaRrENHsxJlGDuGo1OIlJfC6l_24rlCK1Yo_Iq2swCIlsw.woff2)format('woff2');unicode-range:U+0460-052F,U+1C80-1C8A,U+20B4,U+2DE0-2DFF,U+A640-A69F,U+FE2E-FE2F;}@font-face{font-family:'Google Sans';font-style:normal;font-weight:500;src:url(//fonts.gstatic.com/s/googlesans/v62/4UaRrENHsxJlGDuGo1OIlJfC6l_24rlCK1Yo_Iq2ugCIlsw.woff2)format('woff2');unicode-range:U+0301,U+0400-045F,U+0490-0491,U+04B0-04B1,U+2116;}@font-face{font-family:'Google Sans';font-style:normal;font-weight:500;src:url(//fonts.gstatic.com/s/googlesans/v62/4UaRrENHsxJlGDuGo1OIlJfC6l_24rlCK1Yo_Iq2vwCIlsw.woff2)format('woff2');unicode-range:U+0900-097F,U+1CD0-1CF9,U+200C-200D,U+20A8,U+20B9,U+20F0,U+25CC,U+A830-A839,U+A8E0-A8FF,U+11B00-11B09;}@font-face{font-family:'Google Sans';font-style:normal;font-weight:500;src:url(//fonts.gstatic.com/s/googlesans/v62/4UaRrENHsxJlGDuGo1OIlJfC6l_24rlCK1Yo_Iq2rwCIlsw.woff2)format('woff2');unicode-range:U+030E,U+1200-1399,U+2D80-2DDE,U+AB01-AB2E,U+1E7E0-1E7E6,U+1E7E8-1E7EB,U+1E7ED-1E7EE,U+1E7F0-1E7FE;}@font-face{font-family:'Google Sans';font-style:normal;font-weight:500;src:url(//fonts.gstatic.com/s/googlesans/v62/4UaRrENHsxJlGDuGo1OIlJfC6l_24rlCK1Yo_Iq2oQCIlsw.woff2)format('woff2');unicode-range:U+0589,U+10A0-10FF,U+1C90-1CBA,U+1CBD-1CBF,U+205A,U+2D00-2D2F,U+2E31;}@font-face{font-family:'Google Sans';font-style:normal;font-weight:500;src:url(//fonts.gstatic.com/s/googlesans/v62/4UaRrENHsxJlGDuGo1OIlJfC6l_24rlCK1Yo_Iq2sgCIlsw.woff2)format('woff2');unicode-range:U+1F00-1FFF;}@font-face{font-family:'Google Sans';font-style:normal;font-weight:500;src:url(//fonts.gstatic.com/s/googlesans/v62/4UaRrENHsxJlGDuGo1OIlJfC6l_24rlCK1Yo_Iq2vQCIlsw.woff2)format('woff2');unicode-range:U+0370-0377,U+037A-037F,U+0384-038A,U+038C,U+038E-03A1,U+03A3-03FF;}@font-face{font-family:'Google Sans';font-style:normal;font-weight:500;src:url(//fonts.gstatic.com/s/googlesans/v62/4UaRrENHsxJlGDuGo1OIlJfC6l_24rlCK1Yo_Iq2pQCIlsw.woff2)format('woff2');unicode-range:U+0951-0952,U+0964-0965,U+0A80-0AFF,U+200C-200D,U+20B9,U+25CC,U+A830-A839;}@font-face{font-family:'Google Sans';font-style:normal;font-weight:500;src:url(//fonts.gstatic.com/s/googlesans/v62/4UaRrENHsxJlGDuGo1OIlJfC6l_24rlCK1Yo_Iq2nQCIlsw.woff2)format('woff2');unicode-range:U+0951-0952,U+0964-0965,U+0A01-0A76,U+200C-200D,U+20B9,U+25CC,U+262C,U+A830-A839;}@font-face{font-family:'Google Sans';font-style:normal;font-weight:500;src:url(//fonts.gstatic.com/s/googlesans/v62/4UaRrENHsxJlGDuGo1OIlJfC6l_24rlCK1Yo_Iq2vACIlsw.woff2)format('woff2');unicode-range:U+0307-0308,U+0590-05FF,U+200C-2010,U+20AA,U+25CC,U+FB1D-FB4F;}@font-face{font-family:'Google Sans';font-style:normal;font-weight:500;src:url(//fonts.gstatic.com/s/googlesans/v62/4UaRrENHsxJlGDuGo1OIlJfC6l_24rlCK1Yo_Iq2tQCIlsw.woff2)format('woff2');unicode-range:U+1780-17FF,U+19E0-19FF,U+200C-200D,U+25CC;}@font-face{font-family:'Google Sans';font-style:normal;font-weight:500;src:url(//fonts.gstatic.com/s/googlesans/v62/4UaRrENHsxJlGDuGo1OIlJfC6l_24rlCK1Yo_Iq2twCIlsw.woff2)format('woff2');unicode-range:U+0E81-0EDF,U+200C-200D,U+25CC;}@font-face{font-family:'Google Sans';font-style:normal;font-weight:500;src:url(//fonts.gstatic.com/s/googlesans/v62/4UaRrENHsxJlGDuGo1OIlJfC6l_24rlCK1Yo_Iq2pgCIlsw.woff2)format('woff2');unicode-range:U+0307,U+0323,U+0951-0952,U+0964-0965,U+0D00-0D7F,U+1CDA,U+1CF2,U+200C-200D,U+20B9,U+25CC,U+A830-A832;}@font-face{font-family:'Google Sans';font-style:normal;font-weight:500;src:url(//fonts.gstatic.com/s/googlesans/v62/4UaRrENHsxJlGDuGo1OIlJfC6l_24rlCK1Yo_Iq2pwCIlsw.woff2)format('woff2');unicode-range:U+0951-0952,U+0964-0965,U+0B01-0B77,U+1CDA,U+1CF2,U+200C-200D,U+20B9,U+25CC;}@font-face{font-family:'Google Sans';font-style:normal;font-weight:500;src:url(//fonts.gstatic.com/s/googlesans/v62/4UaRrENHsxJlGDuGo1OIlJfC6l_24rlCK1Yo_Iq2owCIlsw.woff2)format('woff2');unicode-range:U+0964-0965,U+0D81-0DF4,U+1CF2,U+200C-200D,U+25CC,U+111E1-111F4;}@font-face{font-family:'Google Sans';font-style:normal;font-weight:500;src:url(//fonts.gstatic.com/s/googlesans/v62/4UaRrENHsxJlGDuGo1OIlJfC6l_24rlCK1Yo_Iq20ACIlsw.woff2)format('woff2');unicode-range:U+0001-000C,U+000E-001F,U+007F-009F,U+20DD-20E0,U+20E2-20E4,U+2150-218F,U+2190,U+2192,U+2194-2199,U+21AF,U+21E6-21F0,U+21F3,U+2218-2219,U+2299,U+22C4-22C6,U+2300-243F,U+2440-244A,U+2460-24FF,U+25A0-27BF,U+2800-28FF,U+2921-2922,U+2981,U+29BF,U+29EB,U+2B00-2BFF,U+4DC0-4DFF,U+FFF9-FFFB,U+10140-1018E,U+10190-1019C,U+101A0,U+101D0-101FD,U+102E0-102FB,U+10E60-10E7E,U+1D2C0-1D2D3,U+1D2E0-1D37F,U+1F000-1F0FF,U+1F100-1F1AD,U+1F1E6-1F1FF,U+1F30D-1F30F,U+1F315,U+1F31C,U+1F31E,U+1F320-1F32C,U+1F336,U+1F378,U+1F37D,U+1F382,U+1F393-1F39F,U+1F3A7-1F3A8,U+1F3AC-1F3AF,U+1F3C2,U+1F3C4-1F3C6,U+1F3CA-1F3CE,U+1F3D4-1F3E0,U+1F3ED,U+1F3F1-1F3F3,U+1F3F5-1F3F7,U+1F408,U+1F415,U+1F41F,U+1F426,U+1F43F,U+1F441-1F442,U+1F444,U+1F446-1F449,U+1F44C-1F44E,U+1F453,U+1F46A,U+1F47D,U+1F4A3,U+1F4B0,U+1F4B3,U+1F4B9,U+1F4BB,U+1F4BF,U+1F4C8-1F4CB,U+1F4D6,U+1F4DA,U+1F4DF,U+1F4E3-1F4E6,U+1F4EA-1F4ED,U+1F4F7,U+1F4F9-1F4FB,U+1F4FD-1F4FE,U+1F503,U+1F507-1F50B,U+1F50D,U+1F512-1F513,U+1F53E-1F54A,U+1F54F-1F5FA,U+1F610,U+1F650-1F67F,U+1F687,U+1F68D,U+1F691,U+1F694,U+1F698,U+1F6AD,U+1F6B2,U+1F6B9-1F6BA,U+1F6BC,U+1F6C6-1F6CF,U+1F6D3-1F6D7,U+1F6E0-1F6EA,U+1F6F0-1F6F3,U+1F6F7-1F6FC,U+1F700-1F7FF,U+1F800-1F80B,U+1F810-1F847,U+1F850-1F859,U+1F860-1F887,U+1F890-1F8AD,U+1F8B0-1F8BB,U+1F8C0-1F8C1,U+1F900-1F90B,U+1F93B,U+1F946,U+1F984,U+1F996,U+1F9E9,U+1FA00-1FA6F,U+1FA70-1FA7C,U+1FA80-1FA89,U+1FA8F-1FAC6,U+1FACE-1FADC,U+1FADF-1FAE9,U+1FAF0-1FAF8,U+1FB00-1FBFF;}@font-face{font-family:'Google Sans';font-style:normal;font-weight:500;src:url(//fonts.gstatic.com/s/googlesans/v62/4UaRrENHsxJlGDuGo1OIlJfC6l_24rlCK1Yo_Iq2qACIlsw.woff2)format('woff2');unicode-range:U+0964-0965,U+0B82-0BFA,U+200C-200D,U+20B9,U+25CC;}@font-face{font-family:'Google Sans';font-style:normal;font-weight:500;src:url(//fonts.gstatic.com/s/googlesans/v62/4UaRrENHsxJlGDuGo1OIlJfC6l_24rlCK1Yo_Iq2ogCIlsw.woff2)format('woff2');unicode-range:U+0951-0952,U+0964-0965,U+0C00-0C7F,U+1CDA,U+1CF2,U+200C-200D,U+25CC;}@font-face{font-family:'Google Sans';font-style:normal;font-weight:500;src:url(//fonts.gstatic.com/s/googlesans/v62/4UaRrENHsxJlGDuGo1OIlJfC6l_24rlCK1Yo_Iq2qgCIlsw.woff2)format('woff2');unicode-range:U+02D7,U+0303,U+0331,U+0E01-0E5B,U+200C-200D,U+25CC;}@font-face{font-family:'Google Sans';font-style:normal;font-weight:500;src:url(//fonts.gstatic.com/s/googlesans/v62/4UaRrENHsxJlGDuGo1OIlJfC6l_24rlCK1Yo_Iq2sQCIlsw.woff2)format('woff2');unicode-range:U+0102-0103,U+0110-0111,U+0128-0129,U+0168-0169,U+01A0-01A1,U+01AF-01B0,U+0300-0301,U+0303-0304,U+0308-0309,U+0323,U+0329,U+1EA0-1EF9,U+20AB;}@font-face{font-family:'Google Sans';font-style:normal;font-weight:500;src:url(//fonts.gstatic.com/s/googlesans/v62/4UaRrENHsxJlGDuGo1OIlJfC6l_24rlCK1Yo_Iq2sACIlsw.woff2)format('woff2');unicode-range:U+0100-02BA,U+02BD-02C5,U+02C7-02CC,U+02CE-02D7,U+02DD-02FF,U+0304,U+0308,U+0329,U+1D00-1DBF,U+1E00-1E9F,U+1EF2-1EFF,U+2020,U+20A0-20AB,U+20AD-20C0,U+2113,U+2C60-2C7F,U+A720-A7FF;}@font-face{font-family:'Google Sans';font-style:normal;font-weight:500;src:url(//fonts.gstatic.com/s/googlesans/v62/4UaRrENHsxJlGDuGo1OIlJfC6l_24rlCK1Yo_Iq2vgCI.woff2)format('woff2');unicode-range:U+0000-00FF,U+0131,U+0152-0153,U+02BB-02BC,U+02C6,U+02DA,U+02DC,U+0304,U+0308,U+0329,U+2000-206F,U+20AC,U+2122,U+2191,U+2193,U+2212,U+2215,U+FEFF,U+FFFD;}@font-face{font-family:'Google Sans';font-style:normal;font-weight:700;src:url(//fonts.gstatic.com/s/googlesans/v62/4UaRrENHsxJlGDuGo1OIlJfC6l_24rlCK1Yo_Iq2rgCIlsw.woff2)format('woff2');unicode-range:U+0308,U+0530-058F,U+2010,U+2024,U+25CC,U+FB13-FB17;}@font-face{font-family:'Google Sans';font-style:normal;font-weight:700;src:url(//fonts.gstatic.com/s/googlesans/v62/4UaRrENHsxJlGDuGo1OIlJfC6l_24rlCK1Yo_Iq2rACIlsw.woff2)format('woff2');unicode-range:U+0951-0952,U+0964-0965,U+0980-09FE,U+1CD0,U+1CD2,U+1CD5-1CD6,U+1CD8,U+1CE1,U+1CEA,U+1CED,U+1CF2,U+1CF5-1CF7,U+200C-200D,U+20B9,U+25CC,U+A8F1;}@font-face{font-family:'Google Sans';font-style:normal;font-weight:700;src:url(//fonts.gstatic.com/s/googlesans/v62/4UaRrENHsxJlGDuGo1OIlJfC6l_24rlCK1Yo_Iq2kQCIlsw.woff2)format('woff2');unicode-range:U+02C7,U+02D8-02D9,U+02DB,U+0307,U+1400-167F,U+18B0-18F5,U+25CC,U+11AB0-11ABF;}@font-face{font-family:'Google Sans';font-style:normal;font-weight:700;src:url(//fonts.gstatic.com/s/googlesans/v62/4UaRrENHsxJlGDuGo1OIlJfC6l_24rlCK1Yo_Iq2swCIlsw.woff2)format('woff2');unicode-range:U+0460-052F,U+1C80-1C8A,U+20B4,U+2DE0-2DFF,U+A640-A69F,U+FE2E-FE2F;}@font-face{font-family:'Google Sans';font-style:normal;font-weight:700;src:url(//fonts.gstatic.com/s/googlesans/v62/4UaRrENHsxJlGDuGo1OIlJfC6l_24rlCK1Yo_Iq2ugCIlsw.woff2)format('woff2');unicode-range:U+0301,U+0400-045F,U+0490-0491,U+04B0-04B1,U+2116;}@font-face{font-family:'Google Sans';font-style:normal;font-weight:700;src:url(//fonts.gstatic.com/s/googlesans/v62/4UaRrENHsxJlGDuGo1OIlJfC6l_24rlCK1Yo_Iq2vwCIlsw.woff2)format('woff2');unicode-range:U+0900-097F,U+1CD0-1CF9,U+200C-200D,U+20A8,U+20B9,U+20F0,U+25CC,U+A830-A839,U+A8E0-A8FF,U+11B00-11B09;}@font-face{font-family:'Google Sans';font-style:normal;font-weight:700;src:url(//fonts.gstatic.com/s/googlesans/v62/4UaRrENHsxJlGDuGo1OIlJfC6l_24rlCK1Yo_Iq2rwCIlsw.woff2)format('woff2');unicode-range:U+030E,U+1200-1399,U+2D80-2DDE,U+AB01-AB2E,U+1E7E0-1E7E6,U+1E7E8-1E7EB,U+1E7ED-1E7EE,U+1E7F0-1E7FE;}@font-face{font-family:'Google Sans';font-style:normal;font-weight:700;src:url(//fonts.gstatic.com/s/googlesans/v62/4UaRrENHsxJlGDuGo1OIlJfC6l_24rlCK1Yo_Iq2oQCIlsw.woff2)format('woff2');unicode-range:U+0589,U+10A0-10FF,U+1C90-1CBA,U+1CBD-1CBF,U+205A,U+2D00-2D2F,U+2E31;}@font-face{font-family:'Google Sans';font-style:normal;font-weight:700;src:url(//fonts.gstatic.com/s/googlesans/v62/4UaRrENHsxJlGDuGo1OIlJfC6l_24rlCK1Yo_Iq2sgCIlsw.woff2)format('woff2');unicode-range:U+1F00-1FFF;}@font-face{font-family:'Google Sans';font-style:normal;font-weight:700;src:url(//fonts.gstatic.com/s/googlesans/v62/4UaRrENHsxJlGDuGo1OIlJfC6l_24rlCK1Yo_Iq2vQCIlsw.woff2)format('woff2');unicode-range:U+0370-0377,U+037A-037F,U+0384-038A,U+038C,U+038E-03A1,U+03A3-03FF;}@font-face{font-family:'Google Sans';font-style:normal;font-weight:700;src:url(//fonts.gstatic.com/s/googlesans/v62/4UaRrENHsxJlGDuGo1OIlJfC6l_24rlCK1Yo_Iq2pQCIlsw.woff2)format('woff2');unicode-range:U+0951-0952,U+0964-0965,U+0A80-0AFF,U+200C-200D,U+20B9,U+25CC,U+A830-A839;}@font-face{font-family:'Google Sans';font-style:normal;font-weight:700;src:url(//fonts.gstatic.com/s/googlesans/v62/4UaRrENHsxJlGDuGo1OIlJfC6l_24rlCK1Yo_Iq2nQCIlsw.woff2)format('woff2');unicode-range:U+0951-0952,U+0964-0965,U+0A01-0A76,U+200C-200D,U+20B9,U+25CC,U+262C,U+A830-A839;}@font-face{font-family:'Google Sans';font-style:normal;font-weight:700;src:url(//fonts.gstatic.com/s/googlesans/v62/4UaRrENHsxJlGDuGo1OIlJfC6l_24rlCK1Yo_Iq2vACIlsw.woff2)format('woff2');unicode-range:U+0307-0308,U+0590-05FF,U+200C-2010,U+20AA,U+25CC,U+FB1D-FB4F;}@font-face{font-family:'Google Sans';font-style:normal;font-weight:700;src:url(//fonts.gstatic.com/s/googlesans/v62/4UaRrENHsxJlGDuGo1OIlJfC6l_24rlCK1Yo_Iq2tQCIlsw.woff2)format('woff2');unicode-range:U+1780-17FF,U+19E0-19FF,U+200C-200D,U+25CC;}@font-face{font-family:'Google Sans';font-style:normal;font-weight:700;src:url(//fonts.gstatic.com/s/googlesans/v62/4UaRrENHsxJlGDuGo1OIlJfC6l_24rlCK1Yo_Iq2twCIlsw.woff2)format('woff2');unicode-range:U+0E81-0EDF,U+200C-200D,U+25CC;}@font-face{font-family:'Google Sans';font-style:normal;font-weight:700;src:url(//fonts.gstatic.com/s/googlesans/v62/4UaRrENHsxJlGDuGo1OIlJfC6l_24rlCK1Yo_Iq2pgCIlsw.woff2)format('woff2');unicode-range:U+0307,U+0323,U+0951-0952,U+0964-0965,U+0D00-0D7F,U+1CDA,U+1CF2,U+200C-200D,U+20B9,U+25CC,U+A830-A832;}@font-face{font-family:'Google Sans';font-style:normal;font-weight:700;src:url(//fonts.gstatic.com/s/googlesans/v62/4UaRrENHsxJlGDuGo1OIlJfC6l_24rlCK1Yo_Iq2pwCIlsw.woff2)format('woff2');unicode-range:U+0951-0952,U+0964-0965,U+0B01-0B77,U+1CDA,U+1CF2,U+200C-200D,U+20B9,U+25CC;}@font-face{font-family:'Google Sans';font-style:normal;font-weight:700;src:url(//fonts.gstatic.com/s/googlesans/v62/4UaRrENHsxJlGDuGo1OIlJfC6l_24rlCK1Yo_Iq2owCIlsw.woff2)format('woff2');unicode-range:U+0964-0965,U+0D81-0DF4,U+1CF2,U+200C-200D,U+25CC,U+111E1-111F4;}@font-face{font-family:'Google Sans';font-style:normal;font-weight:700;src:url(//fonts.gstatic.com/s/googlesans/v62/4UaRrENHsxJlGDuGo1OIlJfC6l_24rlCK1Yo_Iq20ACIlsw.woff2)format('woff2');unicode-range:U+0001-000C,U+000E-001F,U+007F-009F,U+20DD-20E0,U+20E2-20E4,U+2150-218F,U+2190,U+2192,U+2194-2199,U+21AF,U+21E6-21F0,U+21F3,U+2218-2219,U+2299,U+22C4-22C6,U+2300-243F,U+2440-244A,U+2460-24FF,U+25A0-27BF,U+2800-28FF,U+2921-2922,U+2981,U+29BF,U+29EB,U+2B00-2BFF,U+4DC0-4DFF,U+FFF9-FFFB,U+10140-1018E,U+10190-1019C,U+101A0,U+101D0-101FD,U+102E0-102FB,U+10E60-10E7E,U+1D2C0-1D2D3,U+1D2E0-1D37F,U+1F000-1F0FF,U+1F100-1F1AD,U+1F1E6-1F1FF,U+1F30D-1F30F,U+1F315,U+1F31C,U+1F31E,U+1F320-1F32C,U+1F336,U+1F378,U+1F37D,U+1F382,U+1F393-1F39F,U+1F3A7-1F3A8,U+1F3AC-1F3AF,U+1F3C2,U+1F3C4-1F3C6,U+1F3CA-1F3CE,U+1F3D4-1F3E0,U+1F3ED,U+1F3F1-1F3F3,U+1F3F5-1F3F7,U+1F408,U+1F415,U+1F41F,U+1F426,U+1F43F,U+1F441-1F442,U+1F444,U+1F446-1F449,U+1F44C-1F44E,U+1F453,U+1F46A,U+1F47D,U+1F4A3,U+1F4B0,U+1F4B3,U+1F4B9,U+1F4BB,U+1F4BF,U+1F4C8-1F4CB,U+1F4D6,U+1F4DA,U+1F4DF,U+1F4E3-1F4E6,U+1F4EA-1F4ED,U+1F4F7,U+1F4F9-1F4FB,U+1F4FD-1F4FE,U+1F503,U+1F507-1F50B,U+1F50D,U+1F512-1F513,U+1F53E-1F54A,U+1F54F-1F5FA,U+1F610,U+1F650-1F67F,U+1F687,U+1F68D,U+1F691,U+1F694,U+1F698,U+1F6AD,U+1F6B2,U+1F6B9-1F6BA,U+1F6BC,U+1F6C6-1F6CF,U+1F6D3-1F6D7,U+1F6E0-1F6EA,U+1F6F0-1F6F3,U+1F6F7-1F6FC,U+1F700-1F7FF,U+1F800-1F80B,U+1F810-1F847,U+1F850-1F859,U+1F860-1F887,U+1F890-1F8AD,U+1F8B0-1F8BB,U+1F8C0-1F8C1,U+1F900-1F90B,U+1F93B,U+1F946,U+1F984,U+1F996,U+1F9E9,U+1FA00-1FA6F,U+1FA70-1FA7C,U+1FA80-1FA89,U+1FA8F-1FAC6,U+1FACE-1FADC,U+1FADF-1FAE9,U+1FAF0-1FAF8,U+1FB00-1FBFF;}@font-face{font-family:'Google Sans';font-style:normal;font-weight:700;src:url(//fonts.gstatic.com/s/googlesans/v62/4UaRrENHsxJlGDuGo1OIlJfC6l_24rlCK1Yo_Iq2qACIlsw.woff2)format('woff2');unicode-range:U+0964-0965,U+0B82-0BFA,U+200C-200D,U+20B9,U+25CC;}@font-face{font-family:'Google Sans';font-style:normal;font-weight:700;src:url(//fonts.gstatic.com/s/googlesans/v62/4UaRrENHsxJlGDuGo1OIlJfC6l_24rlCK1Yo_Iq2ogCIlsw.woff2)format('woff2');unicode-range:U+0951-0952,U+0964-0965,U+0C00-0C7F,U+1CDA,U+1CF2,U+200C-200D,U+25CC;}@font-face{font-family:'Google Sans';font-style:normal;font-weight:700;src:url(//fonts.gstatic.com/s/googlesans/v62/4UaRrENHsxJlGDuGo1OIlJfC6l_24rlCK1Yo_Iq2qgCIlsw.woff2)format('woff2');unicode-range:U+02D7,U+0303,U+0331,U+0E01-0E5B,U+200C-200D,U+25CC;}@font-face{font-family:'Google Sans';font-style:normal;font-weight:700;src:url(//fonts.gstatic.com/s/googlesans/v62/4UaRrENHsxJlGDuGo1OIlJfC6l_24rlCK1Yo_Iq2sQCIlsw.woff2)format('woff2');unicode-range:U+0102-0103,U+0110-0111,U+0128-0129,U+0168-0169,U+01A0-01A1,U+01AF-01B0,U+0300-0301,U+0303-0304,U+0308-0309,U+0323,U+0329,U+1EA0-1EF9,U+20AB;}@font-face{font-family:'Google Sans';font-style:normal;font-weight:700;src:url(//fonts.gstatic.com/s/googlesans/v62/4UaRrENHsxJlGDuGo1OIlJfC6l_24rlCK1Yo_Iq2sACIlsw.woff2)format('woff2');unicode-range:U+0100-02BA,U+02BD-02C5,U+02C7-02CC,U+02CE-02D7,U+02DD-02FF,U+0304,U+0308,U+0329,U+1D00-1DBF,U+1E00-1E9F,U+1EF2-1EFF,U+2020,U+20A0-20AB,U+20AD-20C0,U+2113,U+2C60-2C7F,U+A720-A7FF;}@font-face{font-family:'Google Sans';font-style:normal;font-weight:700;src:url(//fonts.gstatic.com/s/googlesans/v62/4UaRrENHsxJlGDuGo1OIlJfC6l_24rlCK1Yo_Iq2vgCI.woff2)format('woff2');unicode-range:U+0000-00FF,U+0131,U+0152-0153,U+02BB-02BC,U+02C6,U+02DA,U+02DC,U+0304,U+0308,U+0329,U+2000-206F,U+20AC,U+2122,U+2191,U+2193,U+2212,U+2215,U+FEFF,U+FFFD;}</style><style nonce="">@media (prefers-color-scheme: dark) {:root {--gm3-sys-color-background: rgb(0 0 0 / 1);--gm3-sys-color-error: rgb(242 184 181 / 1);--gm3-sys-color-error-container: rgb(140 29 24 / 1);--gm3-sys-color-inverse-on-surface: rgb(48 48 48 / 1);--gm3-sys-color-inverse-primary: rgb(11 87 208 / 1);--gm3-sys-color-inverse-surface: rgb(227 227 227 / 1);--gm3-sys-color-on-background: rgb(227 227 227 / 1);--gm3-sys-color-on-error: rgb(96 20 16 / 1);--gm3-sys-color-on-error-container: rgb(249 222 220 / 1);--gm3-sys-color-on-primary: rgb(6 46 111 / 1);--gm3-sys-color-on-primary-container: rgb(211 227 253 / 1);--gm3-sys-color-on-secondary: rgb(0 51 85 / 1);--gm3-sys-color-on-secondary-container: rgb(194 231 255 / 1);--gm3-sys-color-on-surface: rgb(227 227 227 / 1);--gm3-sys-color-on-surface-variant: rgb(196 199 197 / 1);--gm3-sys-color-on-tertiary: rgb(10 56 24 / 1);--gm3-sys-color-on-tertiary-container: rgb(196 238 208 / 1);--gm3-sys-color-outline: rgb(142 145 143 / 1);--gm3-sys-color-outline-variant: rgb(68 71 70 / 1);--gm3-sys-color-primary: rgb(168 199 250 / 1);--gm3-sys-color-primary-container: rgb(8 66 160 / 1);--gm3-sys-color-scrim: rgb(0 0 0 / 1);--gm3-sys-color-secondary: rgb(127 207 255 / 1);--gm3-sys-color-secondary-container: rgb(0 74 119 / 1);--gm3-sys-color-shadow: rgb(0 0 0 / 1);--gm3-sys-color-surface: rgb(19 19 20 / 1);--gm3-sys-color-surface-bright: rgb(55 57 59 / 1);--gm3-sys-color-surface-container: rgb(30 31 32 / 1);--gm3-sys-color-surface-container-high: rgb(40 42 44 / 1);--gm3-sys-color-surface-container-highest: rgb(51 53 55 / 1);--gm3-sys-color-surface-container-low: rgb(27 27 27 / 1);--gm3-sys-color-surface-container-lowest: rgb(14 14 14 / 1);--gm3-sys-color-surface-dim: rgb(19 19 20 / 1);--gm3-sys-color-surface-variant: rgb(68 71 70 / 1);--gm3-sys-color-tertiary: rgb(109 213 140 / 1);--gm3-sys-color-tertiary-container: rgb(15 82 35 / 1);}}@media (prefers-color-scheme: light) {:root {--gm3-sys-color-background: rgb(255 255 255 / 1);--gm3-sys-color-error: rgb(179 38 30 / 1);--gm3-sys-color-error-container: rgb(249 222 220 / 1);--gm3-sys-color-inverse-on-surface: rgb(242 242 242 / 1);--gm3-sys-color-inverse-primary: rgb(168 199 250 / 1);--gm3-sys-color-inverse-surface: rgb(48 48 48 / 1);--gm3-sys-color-on-background: rgb(31 31 31 / 1);--gm3-sys-color-on-error: rgb(255 255 255 / 1);--gm3-sys-color-on-error-container: rgb(140 29 24 / 1);--gm3-sys-color-on-primary: rgb(255 255 255 / 1);--gm3-sys-color-on-primary-container: rgb(8 66 160 / 1);--gm3-sys-color-on-secondary: rgb(255 255 255 / 1);--gm3-sys-color-on-secondary-container: rgb(0 74 119 / 1);--gm3-sys-color-on-surface: rgb(31 31 31 / 1);--gm3-sys-color-on-surface-variant: rgb(68 71 70 / 1);--gm3-sys-color-on-tertiary: rgb(255 255 255 / 1);--gm3-sys-color-on-tertiary-container: rgb(15 82 35 / 1);--gm3-sys-color-outline: rgb(116 119 117 / 1);--gm3-sys-color-outline-variant: rgb(196 199 197 / 1);--gm3-sys-color-primary: rgb(11 87 208 / 1);--gm3-sys-color-primary-container: rgb(211 227 253 / 1);--gm3-sys-color-scrim: rgb(0 0 0 / 1);--gm3-sys-color-secondary: rgb(0 99 155 / 1);--gm3-sys-color-secondary-container: rgb(194 231 255 / 1);--gm3-sys-color-shadow: rgb(0 0 0 / 1);--gm3-sys-color-surface: rgb(255 255 255 / 1);--gm3-sys-color-surface-bright: rgb(255 255 255 / 1);--gm3-sys-color-surface-container: rgb(240 244 249 / 1);--gm3-sys-color-surface-container-high: rgb(233 238 246 / 1);--gm3-sys-color-surface-container-highest: rgb(221 227 234 / 1);--gm3-sys-color-surface-container-low: rgb(248 250 253 / 1);--gm3-sys-color-surface-container-lowest: rgb(255 255 255 / 1);--gm3-sys-color-surface-dim: rgb(211 219 229 / 1);--gm3-sys-color-surface-variant: rgb(225 227 225 / 1);--gm3-sys-color-tertiary: rgb(20 108 46 / 1);--gm3-sys-color-tertiary-container: rgb(196 238 208 / 1);}}</style><meta name="description" content="Gmail is email that’s intuitive, efficient, and useful. 15 GB of storage, less spam, and mobile access."><noscript><meta http-equiv="refresh" content="0; url=/v3/signin/rejected?continue=https://mail.google.com/mail/u/0/&amp;dsh=S573162389:1753192815235993&amp;emr=1&amp;flowEntry=ServiceLogin&amp;flowName=GlifWebSignIn&amp;followup=https://mail.google.com/mail/u/0/&amp;ifkv=AdBytiOCSXn4wk6AOGnZdwRtiv0axMEqlrDxrcbEH95AtMn4p-1CR3Ka0IBYRfmDN1jXpy6Et-Bw&amp;osid=1&amp;rhlk=js&amp;rrk=47&amp;service=mail"><style nonce="uBppzsicypTEyakHFVN23w">body{opacity:0;}</style></noscript><title>Gmail</title><script nonce="">var AF_initDataKeys = ["ds:0","ds:1","ds:2","ds:3","ds:4","ds:5"]; var AF_dataServiceRequests = {'ds:0' : {id:'c4Xk6e',request:[]},'ds:1' : {id:'YHnTgc',request:[]},'ds:2' : {id:'dfbcSc',request:[0,null,null,null,null,null,0,null,null,0,"mail",null,null,null,"S573162389:1753192815235993",[null,null,"S573162389:1753192815235993","ServiceLogin","https://mail.google.com/mail/u/0/","mail",[["continue","https://mail.google.com/mail/u/0/"],["emr","1"],["followup","https://mail.google.com/mail/u/0/"],["ifkv","AdBytiOCSXn4wk6AOGnZdwRtiv0axMEqlrDxrcbEH95AtMn4p-1CR3Ka0IBYRfmDN1jXpy6Et-Bw"],["osid","1"],["passive","1209600"],["service","mail"],["flowName","GlifWebSignIn"],["flowEntry","ServiceLogin"],["dsh","S573162389:1753192815235993"]],null,null,null,null,null,null,null,null,null,null,null,null,null,null,null,null,null,null,null,null,null,[],null,null,null,null,null,null,[],null,null,null,null,null,null,null,null,null,null,[],null,null,null,null,null,[]]]},'ds:3' : {id:'zKAP2e',request:["identity-signin-identifier"]},'ds:4' : {id:'RzSO2e',request:[]},'ds:5' : {id:'ppqRdf',request:["https://accounts.google.com"]}}; var AF_initDataChunkQueue = []; var AF_initDataCallback; var AF_initDataInitializeCallback; if (AF_initDataInitializeCallback) {AF_initDataInitializeCallback(AF_initDataKeys, AF_initDataChunkQueue, AF_dataServiceRequests);}if (!AF_initDataCallback) {AF_initDataCallback = function(chunk) {AF_initDataChunkQueue.push(chunk);};}</script><style nonce="" type="text/css" data-late-css="">/*# sourceMappingURL=viewport.css.map *//*# sourceMappingURL=focus.css.map */.r4WGQb{position:relative}.Dl08I>:first-child{margin-top:0}.Dl08I>:last-child{margin-bottom:0}.IzwVE{color:#1f1f1f;color:var(--gm3-sys-color-on-surface,#1f1f1f);font-family:"Google Sans",roboto,"Noto Sans Myanmar UI",arial,sans-serif;font-size:1.25rem;font-weight:400;letter-spacing:0rem;line-height:1.2}.l5PPKe{color:#1f1f1f;color:var(--gm3-sys-color-on-surface,#1f1f1f);font-size:1rem}.l5PPKe .dMNVAe{margin:0;padding:0}.l5PPKe>:first-child{margin-top:0;padding-top:0}.l5PPKe>:last-child{margin-bottom:0;padding-bottom:0}.Dl08I{margin:0;padding:0;position:relative}.Dl08I>.SmR8:only-child{padding-top:1px}.Dl08I>.SmR8:only-child::before{top:0}.Dl08I>.SmR8:not(first-child){padding-bottom:1px}.Dl08I>.SmR8::after{bottom:0}.Dl08I>.SmR8:only-child::before,.Dl08I>.SmR8::after{border-bottom:1px solid #c4c7c5;border-bottom:1px solid var(--gm3-sys-color-outline-variant,#c4c7c5);content:"";height:0;left:0;position:absolute;width:100%}.aZvCDf{margin-top:8px;margin-left:25px;padding-left:15px}.aZvCDf.SmR8,.aZvCDf.W7Aapd,.aZvCDf.cd29Sd,.aZvCDf.riGH9{list-style:none;margin:0;padding:0;position:relative}.VV3oRb{display:flex;padding-bottom:8px;padding-top:8px}.Dl08I>.SmR8 .VV3oRb{padding-bottom:15px;padding-top:15px}.VV3oRb.SmR8{cursor:pointer}.VV3oRb.RDPZE{cursor:default;opacity:.5;outline:0;pointer-events:none}.VV3oRb[role=button],.VV3oRb[role=link]{border-radius:16px;cursor:pointer;margin-left:-16px;margin-right:-16px;padding-left:16px;padding-right:16px;transition:background .2s}.VV3oRb:focus{outline:0}.VV3oRb[role=button]:focus,.VV3oRb[role=link]:focus{background-color:#f0f4f9;background-color:var(--gm3-sys-color-surface-container,#f0f4f9)}@media (hover){.VV3oRb[role=button]:hover,.VV3oRb[role=link]:hover{background-color:#f0f4f9;background-color:var(--gm3-sys-color-surface-container,#f0f4f9)}}.Z1r7P{color:var(--gm3-sys-color-on-surface-variant,#444746);flex-shrink:0;height:24px;margin:0px 0 0;overflow:hidden;width:24px}.Z1r7P .Qk3oof,.Z1r7P .uHLU0{height:100%;width:100%}.aZvCDf.SmR8 .Z1r7P{color:#0b57d0;color:var(--gm3-sys-color-primary,#0b57d0)}.aZvCDf.cd29Sd .l5PPKe{margin:0 0 0 16px}.aZvCDf.cd29Sd .l5PPKe,.aZvCDf.riGH9 .l5PPKe{flex-grow:1}.rWkENc{color:var(--gm3-sys-color-primary,#0b57d0);display:flex;justify-content:center;height:24px;width:24px}.C79rpc{color:var(--gm3-sys-color-on-surface-variant,#444746);font-size:0.875rem;line-height:1.4285714286;padding-top:3px}.C79rpc>:first-child{margin-top:0;padding-top:0}.C79rpc>:last-child{margin-bottom:0;padding-bottom:0}.Mh0NNb{background-color:#323232;bottom:0;box-sizing:border-box;box-shadow:0px 6px 10px 0px rgba(0,0,0,.14),0px 1px 18px 0px rgba(0,0,0,.12),0px 3px 5px -1px rgba(0,0,0,.2);color:#fff;display:flex;-webkit-box-orient:vertical;-webkit-box-direction:normal;flex-direction:column;font-size:14px;left:0;min-height:48px;position:fixed;right:0;transform:translate(0,100%);visibility:hidden;z-index:99999}.M6tHv{-webkit-box-align:center;box-align:center;align-items:center;align-content:center;display:flex;-webkit-box-orient:horizontal;-webkit-box-direction:normal;flex-direction:row;min-height:inherit;padding:0}.aGJE1b{box-flex:1;flex-grow:1;flex-shrink:1;line-height:normal;overflow:hidden;padding:14px 24px;text-overflow:ellipsis;word-break:break-word}.x95qze{align-self:center;color:#eeff41;box-flex:0;flex-grow:0;flex-shrink:0;float:right;text-transform:uppercase;font-weight:500;display:inline-block;cursor:pointer;outline:none;padding:14px 24px}.KYZn9b{background-color:#4285f4}.misTTe{transform:translate(0,0)}@media screen and (min-width:481px){.Mh0NNb{min-width:288px;max-width:568px;border-radius:2px}.Mp2Z0b{left:24px;margin-right:24px;right:auto}.VcC8Fc{left:50%;right:auto;transform:translate(-50%,100%)}.Mp2Z0b.misTTe{bottom:24px}.VcC8Fc.misTTe{bottom:0;transform:translate(-50%,0)}.M6tHv{padding:0}.aGJE1b{padding-right:24px}}@media screen and (max-width:480px){.xbgI6e .aGJE1b,.xbgI6e .x95qze{padding-bottom:24px;padding-top:24px}}@media screen and (min-width:481px) and (max-width:568px){.Mh0NNb{max-width:90%}}@media screen and (min-width:569px){.Mh0NNb{max-width:568px}}.Rn6Med{border-bottom-style:solid;border-bottom-width:1px;display:flex;padding:16px 0;width:100%;z-index:6;background:#f8fafd;background:var(--gm3-sys-color-surface-container-low,#f8fafd);border-color:#c4c7c5;border-color:var(--gm3-sys-color-outline-variant,#c4c7c5);position:relative}.Rn6Med~.S7xv8,.Rn6Med~.gfM9Zd{padding-top:inherit}@media (min-width:600px){.Rn6Med{align-items:center;left:0;position:fixed;top:0}.Rn6Med~.S7xv8,.Rn6Med~.gfM9Zd{padding-top:150px}}@media (min-width:600px) and (orientation:landscape){.Rn6Med{position:relative}.Rn6Med~.S7xv8,.Rn6Med~.gfM9Zd{padding-top:inherit}}@media (min-width:960px) and (orientation:landscape){.Rn6Med{align-items:center;left:0;position:fixed;top:0}.Rn6Med~.S7xv8,.Rn6Med~.gfM9Zd{padding-top:150px}}.lAHeud{display:flex;width:100%}.mBlXGb{flex-grow:1;margin-right:12px}.KVf3af{font-family:"Google Sans",roboto,"Noto Sans Myanmar UI",arial,sans-serif;font-size:0.875rem;font-weight:500;letter-spacing:0rem;line-height:1.4285714286;margin-bottom:0;margin-top:0;color:#1f1f1f;color:var(--gm3-sys-color-on-surface,#1f1f1f)}.BqzlVc{font-family:"Google Sans",roboto,"Noto Sans Myanmar UI",arial,sans-serif;font-size:0.875rem;font-weight:400;letter-spacing:0rem;line-height:1.4285714286;margin-bottom:0;margin-top:0;color:#1f1f1f;color:var(--gm3-sys-color-on-surface,#1f1f1f)}.ukMMe{margin:0 16px;height:40px;width:40px}.GdahYd{align-items:center;display:flex;margin-right:8px}.Ltxnyf{align-self:flex-end;display:flex;box-sizing:content-box;margin:-6px 0}@media (min-width:600px){.Ltxnyf{align-self:center}}sentinel{}</style><meta http-equiv="origin-trial" content="ArWAq4P0+5X5Sk48d/4UgEnwVrDjz1E55/lEqY0L6R+vKCBB/0yLuxi2AmwVKfV1CnJ1N00PzLRnJ1JFrgNo6Q0AAAB0eyJvcmlnaW4iOiJodHRwczovL2dvb2dsZS5jb206NDQzIiwiZmVhdHVyZSI6IldlYklkZW50aXR5RGlnaXRhbENyZWRlbnRpYWxzIiwiZXhwaXJ5IjoxNzYwNDAwMDAwLCJpc1N1YmRvbWFpbiI6dHJ1ZX0="></head><body jscontroller="LDQI" jsaction="rcuQ6b:npT2md; click:FAbpgf; auxclick:FAbpgf;SlnBXb:.CLIENT;cbwpef:.CLIENT;wINJic:.CLIENT;GvneHb:.CLIENT;qako4e:.CLIENT;TSpWaf:.CLIENT;nHjqDd:.CLIENT;LhiQec:.CLIENT;m2qNHd:.CLIENT;asggkf:.CLIENT;clwp8d:.CLIENT;keydown:.CLIENT" class="jR8x9d nyoS7c UzCXuf EIlDfe"><div class="S7xv8 LZgQXe"><div class="TcuCfd NQ5OL " jsname="rZHESd" jscontroller="K1ZKnb" jsaction="rcuQ6b:npT2md;SlnBXb:r0xNSb;cbwpef:Yd2OHe;iFFCZc:nnGvjf;Rld2oe:oUMEzf;FzgWvd:oUMEzf;rURRne:pSGWxb;" tabindex="null"><div jscontroller="ziZ8Mc" jsaction="rcuQ6b:npT2md" jsname="P1ekSe" class="Ih3FE" aria-hidden="true"><div jscontroller="ltDFwf" jsaction="transitionend:Zdx3Re" jsname="P1ekSe" role="progressbar" class="sZwd7c B6Vhqe qdulke jK7moc"><div class="xcNBHc um3FLe"></div><div jsname="cQwEuf" class="w2zcLc Iq5ZMc"></div><div class="MyvhI TKVRUb" jsname="P1ekSe"><span class="l3q5xe SQxu9c"></span></div><div class="MyvhI sUoeld"><span class="l3q5xe SQxu9c"></span></div></div></div><div class="fAlnEc" id="yDmH0d" jsaction="ZqRew:.CLIENT"><c-wiz jsrenderer="chA7fe" class="A77ntc" data-view-id="hm18Ec" data-locale="en_US" data-allow-sign-up-types="true" jsshadow="" jsdata="deferred-i6" data-p="%.@.false,null,null,null,null,null,null,null,null,null,null,null,null,null,null,null,null,null,false,null,null,false,null,&quot;mail&quot;,null,null,null,&quot;S573162389:1753192815235993&quot;,null,&quot;https://accounts.google.com&quot;,null,null,null,[[null,&quot;mail&quot;,null,null,&quot;https://mail.google.com/mail/u/0/&quot;],[null,null,&quot;S573162389:1753192815235993&quot;,&quot;ServiceLogin&quot;,&quot;https://mail.google.com/mail/u/0/&quot;,&quot;mail&quot;,[[&quot;continue&quot;,&quot;https://mail.google.com/mail/u/0/&quot;],[&quot;emr&quot;,&quot;1&quot;],[&quot;followup&quot;,&quot;https://mail.google.com/mail/u/0/&quot;],[&quot;ifkv&quot;,&quot;AdBytiOCSXn4wk6AOGnZdwRtiv0axMEqlrDxrcbEH95AtMn4p-1CR3Ka0IBYRfmDN1jXpy6Et-Bw&quot;],[&quot;osid&quot;,&quot;1&quot;],[&quot;passive&quot;,&quot;1209600&quot;],[&quot;service&quot;,&quot;mail&quot;],[&quot;flowName&quot;,&quot;GlifWebSignIn&quot;],[&quot;flowEntry&quot;,&quot;ServiceLogin&quot;],[&quot;dsh&quot;,&quot;S573162389:1753192815235993&quot;]],null,null,null,null,null,null,null,null,null,null,null,null,null,null,null,null,null,null,null,null,null,[],null,null,null,null,null,null,[],null,null,null,null,null,null,null,null,null,null,[],null,null,null,null,null,[]],null,null,null,[null,null,null,null,null,[null,[[&quot;continue&quot;,[&quot;https://mail.google.com/mail/u/0/&quot;]],[&quot;emr&quot;,[&quot;1&quot;]],[&quot;followup&quot;,[&quot;https://mail.google.com/mail/u/0/&quot;]],[&quot;ifkv&quot;,[&quot;AdBytiOCSXn4wk6AOGnZdwRtiv0axMEqlrDxrcbEH95AtMn4p-1CR3Ka0IBYRfmDN1jXpy6Et-Bw&quot;]],[&quot;osid&quot;,[&quot;1&quot;]],[&quot;passive&quot;,[&quot;1209600&quot;]],[&quot;service&quot;,[&quot;mail&quot;]],[&quot;flowName&quot;,[&quot;GlifWebSignIn&quot;]],[&quot;flowEntry&quot;,[&quot;ServiceLogin&quot;]],[&quot;dsh&quot;,[&quot;S573162389:1753192815235993&quot;]]],&quot;https://mail.google.com/mail/u/0/&quot;],null,&quot;S573162389:1753192815235993&quot;,null,null,[]],null,null,null,null,null,null,null,null,null,&quot;1209600&quot;],null,false]" jscontroller="b3kMqb" jsaction="click:jKoJid(preventDefault=true|DPJEMd),WZ2Bje(Cuz2Ue);jiqeKb:UHZ0U;Pp1AU:IjS5bf;rcuQ6b:WYd;W7m8ib:cqxkve;t5qvFd:.CLIENT" jsname="nUpftc" data-node-index="0;0" jsmodel="hc6Ubd niKKCd" view="" c-wiz=""><div class="Svhjgc" jsname="bN97Pc" jscontroller="SD8Jgb" jsshadow=""><div class="zIgDIc" jsname="paFcre"><c-wiz jsrenderer="OTcFib" jsshadow="" jsdata="deferred-i7" data-p="%.@.]" data-node-index="2;0" jsmodel="hc6Ubd" c-wiz=""><div class="Wf6lSd" jscontroller="rmumx" jsname="n7vHCb"><svg xmlns="https://www.w3.org/2000/svg" width="48" height="48" viewBox="0 0 40 48" aria-hidden="true" jsname="jjf7Ff"><path fill="#4285F4" d="M39.2 24.45c0-1.55-.16-3.04-.43-4.45H20v8h10.73c-.45 2.53-1.86 4.68-4 6.11v5.05h6.5c3.78-3.48 5.97-8.62 5.97-14.71z"></path><path fill="#34A853" d="M20 44c5.4 0 9.92-1.79 13.24-4.84l-6.5-5.05C24.95 35.3 22.67 36 20 36c-5.19 0-9.59-3.51-11.15-8.23h-6.7v5.2C5.43 39.51 12.18 44 20 44z"></path><path fill="#FABB05" d="M8.85 27.77c-.4-1.19-.62-2.46-.62-3.77s.22-2.58.62-3.77v-5.2h-6.7C.78 17.73 0 20.77 0 24s.78 6.27 2.14 8.97l6.71-5.2z"></path><path fill="#E94235" d="M20 12c2.93 0 5.55 1.01 7.62 2.98l5.76-5.76C29.92 5.98 25.39 4 20 4 12.18 4 5.43 8.49 2.14 15.03l6.7 5.2C10.41 15.51 14.81 12 20 12z"></path></svg></div><c-data id="i7" jsdata=" eCjdDd;_;2"></c-data></c-wiz><div class="ObDc3 ZYOIke" jsname="tJHJj" jscontroller="E87wgc" jsaction="JIbuQc:pKJJqe(af8ijd);wqEGtb:pKJJqe;"><h1 class="vAV9bf" data-a11y-title-piece="" id="headingText" jsname="r4nke"><span jsslot="">Sign in</span></h1><div class="gNJDp" data-a11y-title-piece="" id="headingSubtext" jsname="VdSJob"><span jsslot="">to continue to Gmail</span></div></div></div><div class="UXFQgc" jsname="uybdVe"><div class="qWK5J"><div class="xKcayf" jsname="USBQqe"><div class="AcKKx" jsname="rEuO1b" jscontroller="qPYxq" data-form-action-uri=""><form method="post" novalidate="" jsaction="submit:JM9m2e;"><span jsslot=""><section class="Em2Ord " jscontroller="Tbb4sb" jsshadow=""><header class="vYeFie" jsname="tJHJj" aria-hidden="true"></header><div class="yTaH4c" jsname="MZArnb"><div jsslot=""><div jscontroller="mvkUhe" jsaction="keydown:C9BaXe;O22p3e:Op2ZO;AHmuwe:Jt1EX;rcuQ6b:rcuQ6b;YqO5N:Lg5SV;rURRne:rcuQ6b;EJh3N:rcuQ6b;sPvj8e:di0fJ;RXQi4b:.CLIENT;TGB85e:.CLIENT" jsname="dWPKW" class="AFTWye  vEQsqe" data-allow-at-sign="true" data-is-rendered="true"><div class="rFrNMe X3mtXb UOsO2 ToAxb zKHdkd sdJrJc u3bW4e" jscontroller="pxq3x" jsaction="clickonly:KjsqPd; focus:Jt1EX; blur:fpfTEe; input:Lg5SV" jsshadow="" jsname="Ufn6O"><div class="aCsJod oJeWuf"><div class="aXBtI Wic03c"><div class="Xb9hP"><input type="email" class="whsOnd zHQkBf" jsname="YPqjbf" autocomplete="username webauthn" spellcheck="false" tabindex="0" aria-label="Email or phone" aria-describedby="i8" name="identifier" value="" aria-disabled="false" autocapitalize="none" id="identifierId" dir="ltr" data-initial-dir="ltr" data-initial-value=""><div jsname="YRMmle" class="AxOyFc snByac" aria-hidden="true">Email or phone</div></div><div class="i9lrp mIZh1c"></div><div jsname="XmnwAc" class="OabDMe cXrdqd Y2Zypf"></div></div></div><div class="LXRPh"><div jsname="ty6ygf" class="ovnfwe Is7Fhb"></div></div></div><div class="bfzBdd" jsname="NuIDSd" id="i8"></div></div><div class="dMNVAe" jsname="OZNMeb" aria-live="assertive"></div><div class="dMNVAe"><button jsname="Cuz2Ue" type="button">Forgot email?</button></div><input type="password" name="hiddenPassword" class="Hvu6D" tabindex="-1" aria-hidden="true" spellcheck="false" jsname="RHeR4d"><div jscontroller="CMcBD" jsname="Si5T8b" class="lbFS4d eLNT1d" jsaction="KWPV0:IMdg8d;rcuQ6b:jqIVcd"><div class="FZFVAd"><img jsname="O9Milc" alt="CAPTCHA image of text used to distinguish humans from robots" id="captchaimg" class="TrZEUc"><div jscontroller="f8Gu1e" jsaction="click:cOuCgd;JIbuQc:JIbuQc;" jsname="A1U4Sb" class="XjS9D TrZEUc iLMoFc TrZEUc" id="playCaptchaButton"><div class="VfPpkd-dgl2Hf-ppHlrf-sM5MNb" data-is-touch-wrapper="true"><button class="VfPpkd-LgbsSe VfPpkd-LgbsSe-OWXEXe-Bz112c-M1Soyc VfPpkd-LgbsSe-OWXEXe-dgl2Hf ksBjEc lKxP2d LQeN7 BqKGqe eR0mzb TrZEUc lw1w4b" jscontroller="soHxf" jsaction="click:cOuCgd; mousedown:UX7yZ; mouseup:lbsD7e; mouseenter:tfO1Yc; mouseleave:JywGue; touchstart:p6p2H; touchmove:FwuNnf; touchend:yfqBxc; touchcancel:JMtRjd; focus:AHmuwe; blur:O22p3e; contextmenu:mg9Pef;mlnRJb:fLiPzd;" data-idom-class="ksBjEc lKxP2d LQeN7 BqKGqe eR0mzb TrZEUc lw1w4b" jsname="LgbsSe" aria-label="Listen and type the numbers you hear" type="button"><div class="VfPpkd-Jh9lGc"></div><div class="VfPpkd-J1Ukfc-LhBDec"></div><div class="VfPpkd-RLmnJb"></div><svg aria-hidden="true" class="Qk3oof" fill="currentColor" focusable="false" width="18px" height="18px" viewBox="0 0 24 24" xmlns="https://www.w3.org/2000/svg"><path d="M3 9v6h4l5 5V4L7 9H3zm13.5 3c0-1.8-1-3.3-2.5-4v8c1.5-.7 2.5-2.2 2.5-4zM14 3.2v2.1c2.9.9 5 3.5 5 6.7s-2.1 5.9-5 6.7v2.1c4-.9 7-4.5 7-8.8s-3-7.9-7-8.8z"></path></svg><span jsname="V67aGc" class="VfPpkd-vQzf8d"></span></button></div></div><audio jsname="CakGX" type="audio/wav" id="captchaAudio"></audio></div><div jscontroller="Fndnac" jsaction="keydown:C9BaXe;O22p3e:Op2ZO;AHmuwe:Jt1EX;rcuQ6b:rcuQ6b;YqO5N:Lg5SV;rURRne:rcuQ6b;EJh3N:rcuQ6b;RXQi4b:.CLIENT;TGB85e:.CLIENT" jsname="jKg4ed" class="AFTWye " data-is-rendered="true"><div class="rFrNMe X3mtXb UOsO2 zKHdkd sdJrJc" jscontroller="pxq3x" jsaction="clickonly:KjsqPd; focus:Jt1EX; blur:fpfTEe; input:Lg5SV" jsshadow="" jsname="Ufn6O"><div class="aCsJod oJeWuf"><div class="aXBtI Wic03c"><div class="Xb9hP"><input type="text" class="whsOnd zHQkBf" jsname="YPqjbf" autocomplete="off" spellcheck="false" tabindex="0" aria-label="Type the text you hear or see" aria-describedby="i9" name="ca" aria-disabled="false" id="ca" dir="ltr" data-initial-dir="ltr" data-initial-value=""><div jsname="YRMmle" class="AxOyFc snByac" aria-hidden="true">Type the text you hear or see</div></div><div class="i9lrp mIZh1c"></div><div jsname="XmnwAc" class="OabDMe cXrdqd"></div></div></div><div class="LXRPh"><div jsname="ty6ygf" class="ovnfwe Is7Fhb"></div></div></div><div class="bfzBdd" jsname="NuIDSd" id="i9"></div></div><input jsname="SBlSod" type="hidden" name="ct" id="ct"></div><input type="hidden" name="usi" value="S573162389:1753192815235993" jscontroller="YgOFye"><input type="hidden" name="domain" value="" jscontroller="YgOFye"><input type="hidden" name="region" value="IN" jscontroller="YgOFye"><input type="hidden" name="" value="" jsname="duMqid" id="fidoUserHandle" jscontroller="YgOFye"><c-wiz jsrenderer="PXsWy" jsdata="deferred-i10" data-p="%.@.null,&quot;identity-signin-identifier&quot;]" jscontroller="oqkvIf" jsname="xdJtEf" data-node-index="1;0" jsmodel="hc6Ubd" c-wiz=""><c-data id="i10" jsdata=" U3wROe;_;4"></c-data></c-wiz><c-wiz jsrenderer="xielGb" jsshadow="" jsdata="deferred-i11" data-p="%.@.&quot;https://accounts.google.com&quot;]" jscontroller="t2srLd" jsaction="rcuQ6b:WYd;" jsname="ZVfTqd" data-node-index="3;0" jsmodel="hc6Ubd" c-wiz=""><c-data id="i11" jsdata=" XK0mj;_;1"></c-data></c-wiz><c-wiz jsshadow="" jsdata="deferred-i12" jscontroller="EN3i8d" jsaction="rcuQ6b:I3Yihd;" jsname="k3Q4Cf" jsmodel="hc6Ubd" c-wiz=""><c-data id="i12"></c-data></c-wiz></div></div></section></span></form></div><div jsslot=""><div class="RDsYTb"><div class="dMNVAe">Not your computer? Use Guest mode to sign in privately. <a href="https://support.google.com/chrome/answer/6130773?hl=en-US" jsname="JFyozc" target="_blank">Learn more about using Guest mode</a></div></div></div></div></div></div><div class="JYXaTc" jsname="DH6Rkf" jscontroller="z0u0L" jsaction="rcuQ6b:rcuQ6b;KWPV0:vjx2Ld(Njthtb),ChoyC(eBSUOb),VaKChb(gVmDzc),nCZam(W3Rzrc),Tzaumc(uRHG6),JGhSzd;dcnbp:dE26Sc(lqvTlf);FzgWvd:JGhSzd;" data-is-consent="false" data-is-primary-action-disabled="false" data-is-secondary-action-disabled="false" data-primary-action-label="Next" jsshadow=""><div class="O1Slxf" jsname="DhK0U"><div class="TNTaPb" jsname="k77Iif"><div jscontroller="f8Gu1e" jsaction="click:cOuCgd;JIbuQc:JIbuQc;" jsname="Njthtb" class="XjS9D TrZEUc" id="identifierNext"><div class="VfPpkd-dgl2Hf-ppHlrf-sM5MNb" data-is-touch-wrapper="true"><button class="VfPpkd-LgbsSe VfPpkd-LgbsSe-OWXEXe-k8QpJ VfPpkd-LgbsSe-OWXEXe-dgl2Hf nCP5yc AjY5Oe DuMIQc LQeN7 BqKGqe Jskylb TrZEUc lw1w4b" jscontroller="soHxf" jsaction="click:cOuCgd; mousedown:UX7yZ; mouseup:lbsD7e; mouseenter:tfO1Yc; mouseleave:JywGue; touchstart:p6p2H; touchmove:FwuNnf; touchend:yfqBxc; touchcancel:JMtRjd; focus:AHmuwe; blur:O22p3e; contextmenu:mg9Pef;mlnRJb:fLiPzd;" data-idom-class="nCP5yc AjY5Oe DuMIQc LQeN7 BqKGqe Jskylb TrZEUc lw1w4b" jsname="LgbsSe" type="button"><div class="VfPpkd-Jh9lGc"></div><div class="VfPpkd-J1Ukfc-LhBDec"></div><div class="VfPpkd-RLmnJb"></div><span jsname="V67aGc" class="VfPpkd-vQzf8d">Next</span></button></div></div></div><div class="FO2vFd" jsname="QkNstf"><div class="n3Clv" jsname="FIbd0b"><div class="VfPpkd-xl07Ob-XxIAqe-OWXEXe-oYxtQd XjS9D" jscontroller="wg1P6b" jsaction="JIbuQc:aj0Jcf(WjL7X); keydown:uYT2Vb(WjL7X);xDliB:oNPcuf;SM8mFd:li9Srb;iFFCZc:NSsOUb;Rld2oe:NSsOUb" jsname="lqvTlf" jsshadow="" data-disable-idom="true"><div jsname="WjL7X" jsslot=""><div class="VfPpkd-dgl2Hf-ppHlrf-sM5MNb" data-is-touch-wrapper="true"><button class="VfPpkd-LgbsSe VfPpkd-LgbsSe-OWXEXe-dgl2Hf ksBjEc lKxP2d LQeN7 BqKGqe eR0mzb TrZEUc  J7pUA" jscontroller="soHxf" jsaction="click:cOuCgd; mousedown:UX7yZ; mouseup:lbsD7e; mouseenter:tfO1Yc; mouseleave:JywGue; touchstart:p6p2H; touchmove:FwuNnf; touchend:yfqBxc; touchcancel:JMtRjd; focus:AHmuwe; blur:O22p3e; contextmenu:mg9Pef;mlnRJb:fLiPzd;" data-idom-class="ksBjEc lKxP2d LQeN7 BqKGqe eR0mzb TrZEUc  J7pUA" aria-expanded="false" aria-haspopup="menu" type="button"><div class="VfPpkd-Jh9lGc"></div><div class="VfPpkd-J1Ukfc-LhBDec"></div><div class="VfPpkd-RLmnJb"></div><span jsname="V67aGc" class="VfPpkd-vQzf8d">Create account</span></button></div></div><div jsname="U0exHf" jsslot=""> <div class="VfPpkd-xl07Ob-XxIAqe VfPpkd-xl07Ob q6oraf P77izf KMdFve" jsname="DRCaZb" jscontroller="ywOR5c" jsaction="keydown:I481le;JIbuQc:j697N(rymPhb);XVaHYd:c9v4Fb(rymPhb);Oyo5M:b5fzT(rymPhb);DimkCe:TQSy7b(rymPhb);m0LGSd:fAWgXe(rymPhb);WAiFGd:kVJJuc(rymPhb);" data-is-hoisted="true" data-should-flip-corner-horizontally="false" data-stay-in-viewport="false" data-disable-idom="true" data-menu-uid="ucc-0"><ul class="VfPpkd-StrnGf-rymPhb DMZ54e" jsname="rymPhb" jscontroller="PHUIyb" jsaction="mouseleave:JywGue; touchcancel:JMtRjd; focus:AHmuwe; blur:O22p3e; keydown:I481le;" role="menu" tabindex="-1" aria-label="Create account" data-disable-idom="true"><span class="VfPpkd-BFbNVe-bF1uUb NZp2ef" aria-hidden="true"></span><li class="gNVsKb G3hhxb VfPpkd-StrnGf-rymPhb-ibnC6b" jsaction=" keydown:RDtNu; keyup:JdS61c; click:o6ZaF; mousedown:teoBgf; mouseup:NZPHBc; mouseleave:xq3APb; touchstart:jJiBRc; touchmove:kZeBdd; touchend:VfAz8;focusin:MeMJlc; focusout:bkTmIf;mouseenter:SKyDAe; change:uOgbud;" role="menuitem" jsname="RZzeR" tabindex="-1"><span class="VfPpkd-StrnGf-rymPhb-pZXsl"></span><span class="VfPpkd-StrnGf-rymPhb-Zmlebc-LhBDec"></span><span jsname="K4r5Ff" class="VfPpkd-StrnGf-rymPhb-b9t22c">For my personal use</span></li><li class="gNVsKb G3hhxb VfPpkd-StrnGf-rymPhb-ibnC6b" jsaction=" keydown:RDtNu; keyup:JdS61c; click:o6ZaF; mousedown:teoBgf; mouseup:NZPHBc; mouseleave:xq3APb; touchstart:jJiBRc; touchmove:kZeBdd; touchend:VfAz8;focusin:MeMJlc; focusout:bkTmIf;mouseenter:SKyDAe; change:uOgbud;" role="menuitem" jsname="IfUHnf" tabindex="-1"><span class="VfPpkd-StrnGf-rymPhb-pZXsl"></span><span class="VfPpkd-StrnGf-rymPhb-Zmlebc-LhBDec"></span><span jsname="K4r5Ff" class="VfPpkd-StrnGf-rymPhb-b9t22c">For my child</span></li><li class="gNVsKb G3hhxb VfPpkd-StrnGf-rymPhb-ibnC6b" jsaction=" keydown:RDtNu; keyup:JdS61c; click:o6ZaF; mousedown:teoBgf; mouseup:NZPHBc; mouseleave:xq3APb; touchstart:jJiBRc; touchmove:kZeBdd; touchend:VfAz8;focusin:MeMJlc; focusout:bkTmIf;mouseenter:SKyDAe; change:uOgbud;" role="menuitem" jsname="iAUJgf" tabindex="-1"><span class="VfPpkd-StrnGf-rymPhb-pZXsl"></span><span class="VfPpkd-StrnGf-rymPhb-Zmlebc-LhBDec"></span><span jsname="K4r5Ff" class="VfPpkd-StrnGf-rymPhb-b9t22c">For work or my business</span></li></ul></div></div></div></div></div></div></div></div><c-data id="i6" jsdata=" kY3gQd;_;6 DoqpZc;_;5"></c-data></c-wiz><script aria-hidden="true" nonce="">window.wiz_progress&&window.wiz_progress();window.wiz_tick&&window.wiz_tick('chA7fe');</script><script nonce="">(function(){'use strict';var c=window,d=[];c.aft_counter=d;var e=[],f=0;function _recordIsAboveFold(a){if(!c._isLazyImage(a)&&!a.hasAttribute("data-noaft")&&a.src){var b=(c._isVisible||function(){})(c.document,a);a.setAttribute("data-atf",b);b&&(e.indexOf(a)!==-1||d.indexOf(a)!==-1||a.complete||d.push(a),a.hasAttribute("data-iml")&&(a=Number(a.getAttribute("data-iml")),a>f&&(f=a)))}}
c.initAft=function(){f=0;e=Array.prototype.slice.call(document.getElementsByTagName("img")).filter(function(a){return!!a.getAttribute("data-iml")});[].forEach.call(document.getElementsByTagName("img"),function(a){try{_recordIsAboveFold(a)}catch(b){throw b.message=a.hasAttribute("data-iid")?b.message+"\nrecordIsAboveFold error for defer inlined image":b.message+("\nrecordIsAboveFold error for img element with <src: "+a.src+">"),b;}});if(d.length===0)c.onaft(f)};}).call(this);
initAft()</script><script id="_ij" nonce="">window.IJ_values = [[true,[["/v3/signin/identifier",null,["TL","checkConnection"]]]],[null,null,"",true,null,null,true,false],'0',[false,true,false,false,"ServiceLogin",false,null,"",false,[["RelayState","SAMLRequest","SigAlg","Signature","TL","af","alignment","alwf","atu","authuser","btmpl","c","c_afwt","c_brsz","c_enable","c_gutw","c_ps_e","c_ps_s","c_ps_t","c_stfs","c_stfwt","c_sts_b","c_sts_t","c_tfs","c_tfwt","c_ts_b","c_ts_t","cbflow","cd","checkConnection","checkedDomains","client_id","color_scheme","continue","cpbps","domains","dsh","ec","emr","faa","ff","flowEntry","flowName","followup","forceOsidOriginForTest","gae","go","hd","hide_status_bar","hl","idvToken","ifkv","ifr","ignoreShadow","kdi","kid_continue","kp_cid","ltmpl","marl","multilogin","next","oauth","osid","pageId","palette_colors","passwdsession","pav","platform_variant","pstMsg","rart","rast","rip","rm","rpbg","sarp","sc_type","scc","scope","secondDevice","secure","sendvemail","service","session","skipShadow","skipvpage","source","ss","ss_mode","sspa","t","target","theme","ul"]],true,null,[],[[null,null,"https://accounts.google.com/AccountChooser?continue\u003dhttps://mail.google.com/mail/u/0/\u0026followup\u003dhttps://mail.google.com/mail/u/0/\u0026osid\u003d1\u0026service\u003dmail"],[null,[null,null,"https://accounts.google.com/Logout?continue\u003dhttps://accounts.google.com/restart?continue%3Dhttps://mail.google.com/mail/u/0/%26dsh%3DS573162389:1753192815235993%26emr%3D1%26flowEntry%3DServiceLogin%26flowName%3DGlifWebSignIn%26followup%3Dhttps://mail.google.com/mail/u/0/%26ifkv%3DAdBytiOCSXn4wk6AOGnZdwRtiv0axMEqlrDxrcbEH95AtMn4p-1CR3Ka0IBYRfmDN1jXpy6Et-Bw%26osid%3D1%26service%3Dmail"]],[null,null,"https://accounts.google.com/signin/recovery?flowName\u003dGlifWebSignIn\u0026continue\u003dhttps://mail.google.com/mail/u/0/\u0026followup\u003dhttps://mail.google.com/mail/u/0/\u0026osid\u003d1\u0026service\u003dmail"],null,[["/restart",null,["TL","checkConnection"]]]],null,true,[],null,true,true,false,true],[],'https:\/\/accounts.google.com\/v3\/signin\/', null ,'boq_identityfrontendauthuiserver_20250715.05_p0','accounts.google.com', 0.0 ,'','2_7glA81-QNnPNupPWuJ8g','uBppzsicypTEyakHFVN23w','DEFAULT','\/v3\/signin', 2025.0 ,'https:\/\/accounts.google.com\/v3\/signin\/identifier', null ,'ltr', false ,[["/v3/signin/rejected",[["rrk","47"],["rhlk","js"],["flowName","GlifWebSignIn"]],["TL","checkConnection"]]],[["/v3/signin/identifier"]],'https:\/\/accounts.google.com\/AccountChooser?continue\x3dhttps:\/\/accounts.google.com\/v3\/signin\/identifier?continue%3Dhttps:\/\/mail.google.com\/mail\/u\/0\/%26emr%3D1%26followup%3Dhttps:\/\/mail.google.com\/mail\/u\/0\/%26ifkv%3DAdBytiOCSXn4wk6AOGnZdwRtiv0axMEqlrDxrcbEH95AtMn4p-1CR3Ka0IBYRfmDN1jXpy6Et-Bw%26osid%3D1%26passive%3D1209600%26service%3Dmail%26flowName%3DGlifWebSignIn%26flowEntry%3DServiceLogin%26dsh%3DS573162389:1753192815235993\x26hl\x3den-US','https:\/\/accounts.google.com\/ServiceLogin?hl\x3den-US\x26continue\x3dhttps:\/\/accounts.google.com\/v3\/signin\/identifier?continue%3Dhttps:\/\/mail.google.com\/mail\/u\/0\/%26emr%3D1%26followup%3Dhttps:\/\/mail.google.com\/mail\/u\/0\/%26ifkv%3DAdBytiOCSXn4wk6AOGnZdwRtiv0axMEqlrDxrcbEH95AtMn4p-1CR3Ka0IBYRfmDN1jXpy6Et-Bw%26osid%3D1%26passive%3D1209600%26service%3Dmail%26flowName%3DGlifWebSignIn%26flowEntry%3DServiceLogin%26dsh%3DS573162389:1753192815235993','https:\/\/accounts.google.com\/SignOutOptions?continue\x3dhttps:\/\/accounts.google.com\/v3\/signin\/identifier?continue%3Dhttps:\/\/mail.google.com\/mail\/u\/0\/%26emr%3D1%26followup%3Dhttps:\/\/mail.google.com\/mail\/u\/0\/%26ifkv%3DAdBytiOCSXn4wk6AOGnZdwRtiv0axMEqlrDxrcbEH95AtMn4p-1CR3Ka0IBYRfmDN1jXpy6Et-Bw%26osid%3D1%26passive%3D1209600%26service%3Dmail%26flowName%3DGlifWebSignIn%26flowEntry%3DServiceLogin%26dsh%3DS573162389:1753192815235993', false ,'@font-face\x7bfont-family:\x27Google Sans\x27;font-style:normal;font-weight:400;src:url(\/\/fonts.gstatic.com\/s\/googlesans\/v62\/4UasrENHsxJlGDuGo1OIlJfC6l_24rlCK1Yo_Iqcsih3SAyH6cAwhX9RPiIUvaYr.woff2)format(\x27woff2\x27);unicode-range:U+0308,U+0530-058F,U+2010,U+2024,U+25CC,U+FB13-FB17;\x7d@font-face\x7bfont-family:\x27Google Sans\x27;font-style:normal;font-weight:400;src:url(\/\/fonts.gstatic.com\/s\/googlesans\/v62\/4UasrENHsxJlGDuGo1OIlJfC6l_24rlCK1Yo_Iqcsih3SAyH6cAwhX9RPiAUvaYr.woff2)format(\x27woff2\x27);unicode-range:U+0951-0952,U+0964-0965,U+0980-09FE,U+1CD0,U+1CD2,U+1CD5-1CD6,U+1CD8,U+1CE1,U+1CEA,U+1CED,U+1CF2,U+1CF5-1CF7,U+200C-200D,U+20B9,U+25CC,U+A8F1;\x7d@font-face\x7bfont-family:\x27Google Sans\x27;font-style:normal;font-weight:400;src:url(\/\/fonts.gstatic.com\/s\/googlesans\/v62\/4UasrENHsxJlGDuGo1OIlJfC6l_24rlCK1Yo_Iqcsih3SAyH6cAwhX9RPh0UvaYr.woff2)format(\x27woff2\x27);unicode-range:U+02C7,U+02D8-02D9,U+02DB,U+0307,U+1400-167F,U+18B0-18F5,U+25CC,U+11AB0-11ABF;\x7d@font-face\x7bfont-family:\x27Google Sans\x27;font-style:normal;font-weight:400;src:url(\/\/fonts.gstatic.com\/s\/googlesans\/v62\/4UasrENHsxJlGDuGo1OIlJfC6l_24rlCK1Yo_Iqcsih3SAyH6cAwhX9RPj8UvaYr.woff2)format(\x27woff2\x27);unicode-range:U+0460-052F,U+1C80-1C8A,U+20B4,U+2DE0-2DFF,U+A640-A69F,U+FE2E-FE2F;\x7d@font-face\x7bfont-family:\x27Google Sans\x27;font-style:normal;font-weight:400;src:url(\/\/fonts.gstatic.com\/s\/googlesans\/v62\/4UasrENHsxJlGDuGo1OIlJfC6l_24rlCK1Yo_Iqcsih3SAyH6cAwhX9RPjYUvaYr.woff2)format(\x27woff2\x27);unicode-range:U+0301,U+0400-045F,U+0490-0491,U+04B0-04B1,U+2116;\x7d@font-face\x7bfont-family:\x27Google Sans\x27;font-style:normal;font-weight:400;src:url(\/\/fonts.gstatic.com\/s\/googlesans\/v62\/4UasrENHsxJlGDuGo1OIlJfC6l_24rlCK1Yo_Iqcsih3SAyH6cAwhX9RPjMUvaYr.woff2)format(\x27woff2\x27);unicode-range:U+0900-097F,U+1CD0-1CF9,U+200C-200D,U+20A8,U+20B9,U+20F0,U+25CC,U+A830-A839,U+A8E0-A8FF,U+11B00-11B09;\x7d@font-face\x7bfont-family:\x27Google Sans\x27;font-style:normal;font-weight:400;src:url(\/\/fonts.gstatic.com\/s\/googlesans\/v62\/4UasrENHsxJlGDuGo1OIlJfC6l_24rlCK1Yo_Iqcsih3SAyH6cAwhX9RPiMUvaYr.woff2)format(\x27woff2\x27);unicode-range:U+030E,U+1200-1399,U+2D80-2DDE,U+AB01-AB2E,U+1E7E0-1E7E6,U+1E7E8-1E7EB,U+1E7ED-1E7EE,U+1E7F0-1E7FE;\x7d@font-face\x7bfont-family:\x27Google Sans\x27;font-style:normal;font-weight:400;src:url(\/\/fonts.gstatic.com\/s\/googlesans\/v62\/4UasrENHsxJlGDuGo1OIlJfC6l_24rlCK1Yo_Iqcsih3SAyH6cAwhX9RPi0UvaYr.woff2)format(\x27woff2\x27);unicode-range:U+0589,U+10A0-10FF,U+1C90-1CBA,U+1CBD-1CBF,U+205A,U+2D00-2D2F,U+2E31;\x7d@font-face\x7bfont-family:\x27Google Sans\x27;font-style:normal;font-weight:400;src:url(\/\/fonts.gstatic.com\/s\/googlesans\/v62\/4UasrENHsxJlGDuGo1OIlJfC6l_24rlCK1Yo_Iqcsih3SAyH6cAwhX9RPj4UvaYr.woff2)format(\x27woff2\x27);unicode-range:U+1F00-1FFF;\x7d@font-face\x7bfont-family:\x27Google Sans\x27;font-style:normal;font-weight:400;src:url(\/\/fonts.gstatic.com\/s\/googlesans\/v62\/4UasrENHsxJlGDuGo1OIlJfC6l_24rlCK1Yo_Iqcsih3SAyH6cAwhX9RPjEUvaYr.woff2)format(\x27woff2\x27);unicode-range:U+0370-0377,U+037A-037F,U+0384-038A,U+038C,U+038E-03A1,U+03A3-03FF;\x7d@font-face\x7bfont-family:\x27Google Sans\x27;font-style:normal;font-weight:400;src:url(\/\/fonts.gstatic.com\/s\/googlesans\/v62\/4UasrENHsxJlGDuGo1OIlJfC6l_24rlCK1Yo_Iqcsih3SAyH6cAwhX9RPikUvaYr.woff2)format(\x27woff2\x27);unicode-range:U+0951-0952,U+0964-0965,U+0A80-0AFF,U+200C-200D,U+20B9,U+25CC,U+A830-A839;\x7d@font-face\x7bfont-family:\x27Google Sans\x27;font-style:normal;font-weight:400;src:url(\/\/fonts.gstatic.com\/s\/googlesans\/v62\/4UasrENHsxJlGDuGo1OIlJfC6l_24rlCK1Yo_Iqcsih3SAyH6cAwhX9RPhEUvaYr.woff2)format(\x27woff2\x27);unicode-range:U+0951-0952,U+0964-0965,U+0A01-0A76,U+200C-200D,U+20B9,U+25CC,U+262C,U+A830-A839;\x7d@font-face\x7bfont-family:\x27Google Sans\x27;font-style:normal;font-weight:400;src:url(\/\/fonts.gstatic.com\/s\/googlesans\/v62\/4UasrENHsxJlGDuGo1OIlJfC6l_24rlCK1Yo_Iqcsih3SAyH6cAwhX9RPjAUvaYr.woff2)format(\x27woff2\x27);unicode-range:U+0307-0308,U+0590-05FF,U+200C-2010,U+20AA,U+25CC,U+FB1D-FB4F;\x7d@font-face\x7bfont-family:\x27Google Sans\x27;font-style:normal;font-weight:400;src:url(\/\/fonts.gstatic.com\/s\/googlesans\/v62\/4UasrENHsxJlGDuGo1OIlJfC6l_24rlCK1Yo_Iqcsih3SAyH6cAwhX9RPjkUvaYr.woff2)format(\x27woff2\x27);unicode-range:U+1780-17FF,U+19E0-19FF,U+200C-200D,U+25CC;\x7d@font-face\x7bfont-family:\x27Google Sans\x27;font-style:normal;font-weight:400;src:url(\/\/fonts.gstatic.com\/s\/googlesans\/v62\/4UasrENHsxJlGDuGo1OIlJfC6l_24rlCK1Yo_Iqcsih3SAyH6cAwhX9RPjsUvaYr.woff2)format(\x27woff2\x27);unicode-range:U+0E81-0EDF,U+200C-200D,U+25CC;\x7d@font-face\x7bfont-family:\x27Google Sans\x27;font-style:normal;font-weight:400;src:url(\/\/fonts.gstatic.com\/s\/googlesans\/v62\/4UasrENHsxJlGDuGo1OIlJfC6l_24rlCK1Yo_Iqcsih3SAyH6cAwhX9RPioUvaYr.woff2)format(\x27woff2\x27);unicode-range:U+0307,U+0323,U+0951-0952,U+0964-0965,U+0D00-0D7F,U+1CDA,U+1CF2,U+200C-200D,U+20B9,U+25CC,U+A830-A832;\x7d@font-face\x7bfont-family:\x27Google Sans\x27;font-style:normal;font-weight:400;src:url(\/\/fonts.gstatic.com\/s\/googlesans\/v62\/4UasrENHsxJlGDuGo1OIlJfC6l_24rlCK1Yo_Iqcsih3SAyH6cAwhX9RPisUvaYr.woff2)format(\x27woff2\x27);unicode-range:U+0951-0952,U+0964-0965,U+0B01-0B77,U+1CDA,U+1CF2,U+200C-200D,U+20B9,U+25CC;\x7d@font-face\x7bfont-family:\x27Google Sans\x27;font-style:normal;font-weight:400;src:url(\/\/fonts.gstatic.com\/s\/googlesans\/v62\/4UasrENHsxJlGDuGo1OIlJfC6l_24rlCK1Yo_Iqcsih3SAyH6cAwhX9RPi8UvaYr.woff2)format(\x27woff2\x27);unicode-range:U+0964-0965,U+0D81-0DF4,U+1CF2,U+200C-200D,U+25CC,U+111E1-111F4;\x7d@font-face\x7bfont-family:\x27Google Sans\x27;font-style:normal;font-weight:400;src:url(\/\/fonts.gstatic.com\/s\/googlesans\/v62\/4UasrENHsxJlGDuGo1OIlJfC6l_24rlCK1Yo_Iqcsih3SAyH6cAwhX9RPlwUvaYr.woff2)format(\x27woff2\x27);unicode-range:U+0001-000C,U+000E-001F,U+007F-009F,U+20DD-20E0,U+20E2-20E4,U+2150-218F,U+2190,U+2192,U+2194-2199,U+21AF,U+21E6-21F0,U+21F3,U+2218-2219,U+2299,U+22C4-22C6,U+2300-243F,U+2440-244A,U+2460-24FF,U+25A0-27BF,U+2800-28FF,U+2921-2922,U+2981,U+29BF,U+29EB,U+2B00-2BFF,U+4DC0-4DFF,U+FFF9-FFFB,U+10140-1018E,U+10190-1019C,U+101A0,U+101D0-101FD,U+102E0-102FB,U+10E60-10E7E,U+1D2C0-1D2D3,U+1D2E0-1D37F,U+1F000-1F0FF,U+1F100-1F1AD,U+1F1E6-1F1FF,U+1F30D-1F30F,U+1F315,U+1F31C,U+1F31E,U+1F320-1F32C,U+1F336,U+1F378,U+1F37D,U+1F382,U+1F393-1F39F,U+1F3A7-1F3A8,U+1F3AC-1F3AF,U+1F3C2,U+1F3C4-1F3C6,U+1F3CA-1F3CE,U+1F3D4-1F3E0,U+1F3ED,U+1F3F1-1F3F3,U+1F3F5-1F3F7,U+1F408,U+1F415,U+1F41F,U+1F426,U+1F43F,U+1F441-1F442,U+1F444,U+1F446-1F449,U+1F44C-1F44E,U+1F453,U+1F46A,U+1F47D,U+1F4A3,U+1F4B0,U+1F4B3,U+1F4B9,U+1F4BB,U+1F4BF,U+1F4C8-1F4CB,U+1F4D6,U+1F4DA,U+1F4DF,U+1F4E3-1F4E6,U+1F4EA-1F4ED,U+1F4F7,U+1F4F9-1F4FB,U+1F4FD-1F4FE,U+1F503,U+1F507-1F50B,U+1F50D,U+1F512-1F513,U+1F53E-1F54A,U+1F54F-1F5FA,U+1F610,U+1F650-1F67F,U+1F687,U+1F68D,U+1F691,U+1F694,U+1F698,U+1F6AD,U+1F6B2,U+1F6B9-1F6BA,U+1F6BC,U+1F6C6-1F6CF,U+1F6D3-1F6D7,U+1F6E0-1F6EA,U+1F6F0-1F6F3,U+1F6F7-1F6FC,U+1F700-1F7FF,U+1F800-1F80B,U+1F810-1F847,U+1F850-1F859,U+1F860-1F887,U+1F890-1F8AD,U+1F8B0-1F8BB,U+1F8C0-1F8C1,U+1F900-1F90B,U+1F93B,U+1F946,U+1F984,U+1F996,U+1F9E9,U+1FA00-1FA6F,U+1FA70-1FA7C,U+1FA80-1FA89,U+1FA8F-1FAC6,U+1FACE-1FADC,U+1FADF-1FAE9,U+1FAF0-1FAF8,U+1FB00-1FBFF;\x7d@font-face\x7bfont-family:\x27Google Sans\x27;font-style:normal;font-weight:400;src:url(\/\/fonts.gstatic.com\/s\/googlesans\/v62\/4UasrENHsxJlGDuGo1OIlJfC6l_24rlCK1Yo_Iqcsih3SAyH6cAwhX9RPiQUvaYr.woff2)format(\x27woff2\x27);unicode-range:U+0964-0965,U+0B82-0BFA,U+200C-200D,U+20B9,U+25CC;\x7d@font-face\x7bfont-family:\x27Google Sans\x27;font-style:normal;font-weight:400;src:url(\/\/fonts.gstatic.com\/s\/googlesans\/v62\/4UasrENHsxJlGDuGo1OIlJfC6l_24rlCK1Yo_Iqcsih3SAyH6cAwhX9RPi4UvaYr.woff2)format(\x27woff2\x27);unicode-range:U+0951-0952,U+0964-0965,U+0C00-0C7F,U+1CDA,U+1CF2,U+200C-200D,U+25CC;\x7d@font-face\x7bfont-family:\x27Google Sans\x27;font-style:normal;font-weight:400;src:url(\/\/fonts.gstatic.com\/s\/googlesans\/v62\/4UasrENHsxJlGDuGo1OIlJfC6l_24rlCK1Yo_Iqcsih3SAyH6cAwhX9RPiYUvaYr.woff2)format(\x27woff2\x27);unicode-range:U+02D7,U+0303,U+0331,U+0E01-0E5B,U+200C-200D,U+25CC;\x7d@font-face\x7bfont-family:\x27Google Sans\x27;font-style:normal;font-weight:400;src:url(\/\/fonts.gstatic.com\/s\/googlesans\/v62\/4UasrENHsxJlGDuGo1OIlJfC6l_24rlCK1Yo_Iqcsih3SAyH6cAwhX9RPj0UvaYr.woff2)format(\x27woff2\x27);unicode-range:U+0102-0103,U+0110-0111,U+0128-0129,U+0168-0169,U+01A0-01A1,U+01AF-01B0,U+0300-0301,U+0303-0304,U+0308-0309,U+0323,U+0329,U+1EA0-1EF9,U+20AB;\x7d@font-face\x7bfont-family:\x27Google Sans\x27;font-style:normal;font-weight:400;src:url(\/\/fonts.gstatic.com\/s\/googlesans\/v62\/4UasrENHsxJlGDuGo1OIlJfC6l_24rlCK1Yo_Iqcsih3SAyH6cAwhX9RPjwUvaYr.woff2)format(\x27woff2\x27);unicode-range:U+0100-02BA,U+02BD-02C5,U+02C7-02CC,U+02CE-02D7,U+02DD-02FF,U+0304,U+0308,U+0329,U+1D00-1DBF,U+1E00-1E9F,U+1EF2-1EFF,U+2020,U+20A0-20AB,U+20AD-20C0,U+2113,U+2C60-2C7F,U+A720-A7FF;\x7d@font-face\x7bfont-family:\x27Google Sans\x27;font-style:normal;font-weight:400;src:url(\/\/fonts.gstatic.com\/s\/googlesans\/v62\/4UasrENHsxJlGDuGo1OIlJfC6l_24rlCK1Yo_Iqcsih3SAyH6cAwhX9RPjIUvQ.woff2)format(\x27woff2\x27);unicode-range:U+0000-00FF,U+0131,U+0152-0153,U+02BB-02BC,U+02C6,U+02DA,U+02DC,U+0304,U+0308,U+0329,U+2000-206F,U+20AC,U+2122,U+2191,U+2193,U+2212,U+2215,U+FEFF,U+FFFD;\x7d@font-face\x7bfont-family:\x27Google Sans\x27;font-style:normal;font-weight:500;src:url(\/\/fonts.gstatic.com\/s\/googlesans\/v62\/4UasrENHsxJlGDuGo1OIlJfC6l_24rlCK1Yo_Iqcsih3SAyH6cAwhX9RPiIUvaYr.woff2)format(\x27woff2\x27);unicode-range:U+0308,U+0530-058F,U+2010,U+2024,U+25CC,U+FB13-FB17;\x7d@font-face\x7bfont-family:\x27Google Sans\x27;font-style:normal;font-weight:500;src:url(\/\/fonts.gstatic.com\/s\/googlesans\/v62\/4UasrENHsxJlGDuGo1OIlJfC6l_24rlCK1Yo_Iqcsih3SAyH6cAwhX9RPiAUvaYr.woff2)format(\x27woff2\x27);unicode-range:U+0951-0952,U+0964-0965,U+0980-09FE,U+1CD0,U+1CD2,U+1CD5-1CD6,U+1CD8,U+1CE1,U+1CEA,U+1CED,U+1CF2,U+1CF5-1CF7,U+200C-200D,U+20B9,U+25CC,U+A8F1;\x7d@font-face\x7bfont-family:\x27Google Sans\x27;font-style:normal;font-weight:500;src:url(\/\/fonts.gstatic.com\/s\/googlesans\/v62\/4UasrENHsxJlGDuGo1OIlJfC6l_24rlCK1Yo_Iqcsih3SAyH6cAwhX9RPh0UvaYr.woff2)format(\x27woff2\x27);unicode-range:U+02C7,U+02D8-02D9,U+02DB,U+0307,U+1400-167F,U+18B0-18F5,U+25CC,U+11AB0-11ABF;\x7d@font-face\x7bfont-family:\x27Google Sans\x27;font-style:normal;font-weight:500;src:url(\/\/fonts.gstatic.com\/s\/googlesans\/v62\/4UasrENHsxJlGDuGo1OIlJfC6l_24rlCK1Yo_Iqcsih3SAyH6cAwhX9RPj8UvaYr.woff2)format(\x27woff2\x27);unicode-range:U+0460-052F,U+1C80-1C8A,U+20B4,U+2DE0-2DFF,U+A640-A69F,U+FE2E-FE2F;\x7d@font-face\x7bfont-family:\x27Google Sans\x27;font-style:normal;font-weight:500;src:url(\/\/fonts.gstatic.com\/s\/googlesans\/v62\/4UasrENHsxJlGDuGo1OIlJfC6l_24rlCK1Yo_Iqcsih3SAyH6cAwhX9RPjYUvaYr.woff2)format(\x27woff2\x27);unicode-range:U+0301,U+0400-045F,U+0490-0491,U+04B0-04B1,U+2116;\x7d@font-face\x7bfont-family:\x27Google Sans\x27;font-style:normal;font-weight:500;src:url(\/\/fonts.gstatic.com\/s\/googlesans\/v62\/4UasrENHsxJlGDuGo1OIlJfC6l_24rlCK1Yo_Iqcsih3SAyH6cAwhX9RPjMUvaYr.woff2)format(\x27woff2\x27);unicode-range:U+0900-097F,U+1CD0-1CF9,U+200C-200D,U+20A8,U+20B9,U+20F0,U+25CC,U+A830-A839,U+A8E0-A8FF,U+11B00-11B09;\x7d@font-face\x7bfont-family:\x27Google Sans\x27;font-style:normal;font-weight:500;src:url(\/\/fonts.gstatic.com\/s\/googlesans\/v62\/4UasrENHsxJlGDuGo1OIlJfC6l_24rlCK1Yo_Iqcsih3SAyH6cAwhX9RPiMUvaYr.woff2)format(\x27woff2\x27);unicode-range:U+030E,U+1200-1399,U+2D80-2DDE,U+AB01-AB2E,U+1E7E0-1E7E6,U+1E7E8-1E7EB,U+1E7ED-1E7EE,U+1E7F0-1E7FE;\x7d@font-face\x7bfont-family:\x27Google Sans\x27;font-style:normal;font-weight:500;src:url(\/\/fonts.gstatic.com\/s\/googlesans\/v62\/4UasrENHsxJlGDuGo1OIlJfC6l_24rlCK1Yo_Iqcsih3SAyH6cAwhX9RPi0UvaYr.woff2)format(\x27woff2\x27);unicode-range:U+0589,U+10A0-10FF,U+1C90-1CBA,U+1CBD-1CBF,U+205A,U+2D00-2D2F,U+2E31;\x7d@font-face\x7bfont-family:\x27Google Sans\x27;font-style:normal;font-weight:500;src:url(\/\/fonts.gstatic.com\/s\/googlesans\/v62\/4UasrENHsxJlGDuGo1OIlJfC6l_24rlCK1Yo_Iqcsih3SAyH6cAwhX9RPj4UvaYr.woff2)format(\x27woff2\x27);unicode-range:U+1F00-1FFF;\x7d@font-face\x7bfont-family:\x27Google Sans\x27;font-style:normal;font-weight:500;src:url(\/\/fonts.gstatic.com\/s\/googlesans\/v62\/4UasrENHsxJlGDuGo1OIlJfC6l_24rlCK1Yo_Iqcsih3SAyH6cAwhX9RPjEUvaYr.woff2)format(\x27woff2\x27);unicode-range:U+0370-0377,U+037A-037F,U+0384-038A,U+038C,U+038E-03A1,U+03A3-03FF;\x7d@font-face\x7bfont-family:\x27Google Sans\x27;font-style:normal;font-weight:500;src:url(\/\/fonts.gstatic.com\/s\/googlesans\/v62\/4UasrENHsxJlGDuGo1OIlJfC6l_24rlCK1Yo_Iqcsih3SAyH6cAwhX9RPikUvaYr.woff2)format(\x27woff2\x27);unicode-range:U+0951-0952,U+0964-0965,U+0A80-0AFF,U+200C-200D,U+20B9,U+25CC,U+A830-A839;\x7d@font-face\x7bfont-family:\x27Google Sans\x27;font-style:normal;font-weight:500;src:url(\/\/fonts.gstatic.com\/s\/googlesans\/v62\/4UasrENHsxJlGDuGo1OIlJfC6l_24rlCK1Yo_Iqcsih3SAyH6cAwhX9RPhEUvaYr.woff2)format(\x27woff2\x27);unicode-range:U+0951-0952,U+0964-0965,U+0A01-0A76,U+200C-200D,U+20B9,U+25CC,U+262C,U+A830-A839;\x7d@font-face\x7bfont-family:\x27Google Sans\x27;font-style:normal;font-weight:500;src:url(\/\/fonts.gstatic.com\/s\/googlesans\/v62\/4UasrENHsxJlGDuGo1OIlJfC6l_24rlCK1Yo_Iqcsih3SAyH6cAwhX9RPjAUvaYr.woff2)format(\x27woff2\x27);unicode-range:U+0307-0308,U+0590-05FF,U+200C-2010,U+20AA,U+25CC,U+FB1D-FB4F;\x7d@font-face\x7bfont-family:\x27Google Sans\x27;font-style:normal;font-weight:500;src:url(\/\/fonts.gstatic.com\/s\/googlesans\/v62\/4UasrENHsxJlGDuGo1OIlJfC6l_24rlCK1Yo_Iqcsih3SAyH6cAwhX9RPjkUvaYr.woff2)format(\x27woff2\x27);unicode-range:U+1780-17FF,U+19E0-19FF,U+200C-200D,U+25CC;\x7d@font-face\x7bfont-family:\x27Google Sans\x27;font-style:normal;font-weight:500;src:url(\/\/fonts.gstatic.com\/s\/googlesans\/v62\/4UasrENHsxJlGDuGo1OIlJfC6l_24rlCK1Yo_Iqcsih3SAyH6cAwhX9RPjsUvaYr.woff2)format(\x27woff2\x27);unicode-range:U+0E81-0EDF,U+200C-200D,U+25CC;\x7d@font-face\x7bfont-family:\x27Google Sans\x27;font-style:normal;font-weight:500;src:url(\/\/fonts.gstatic.com\/s\/googlesans\/v62\/4UasrENHsxJlGDuGo1OIlJfC6l_24rlCK1Yo_Iqcsih3SAyH6cAwhX9RPioUvaYr.woff2)format(\x27woff2\x27);unicode-range:U+0307,U+0323,U+0951-0952,U+0964-0965,U+0D00-0D7F,U+1CDA,U+1CF2,U+200C-200D,U+20B9,U+25CC,U+A830-A832;\x7d@font-face\x7bfont-family:\x27Google Sans\x27;font-style:normal;font-weight:500;src:url(\/\/fonts.gstatic.com\/s\/googlesans\/v62\/4UasrENHsxJlGDuGo1OIlJfC6l_24rlCK1Yo_Iqcsih3SAyH6cAwhX9RPisUvaYr.woff2)format(\x27woff2\x27);unicode-range:U+0951-0952,U+0964-0965,U+0B01-0B77,U+1CDA,U+1CF2,U+200C-200D,U+20B9,U+25CC;\x7d@font-face\x7bfont-family:\x27Google Sans\x27;font-style:normal;font-weight:500;src:url(\/\/fonts.gstatic.com\/s\/googlesans\/v62\/4UasrENHsxJlGDuGo1OIlJfC6l_24rlCK1Yo_Iqcsih3SAyH6cAwhX9RPi8UvaYr.woff2)format(\x27woff2\x27);unicode-range:U+0964-0965,U+0D81-0DF4,U+1CF2,U+200C-200D,U+25CC,U+111E1-111F4;\x7d@font-face\x7bfont-family:\x27Google Sans\x27;font-style:normal;font-weight:500;src:url(\/\/fonts.gstatic.com\/s\/googlesans\/v62\/4UasrENHsxJlGDuGo1OIlJfC6l_24rlCK1Yo_Iqcsih3SAyH6cAwhX9RPlwUvaYr.woff2)format(\x27woff2\x27);unicode-range:U+0001-000C,U+000E-001F,U+007F-009F,U+20DD-20E0,U+20E2-20E4,U+2150-218F,U+2190,U+2192,U+2194-2199,U+21AF,U+21E6-21F0,U+21F3,U+2218-2219,U+2299,U+22C4-22C6,U+2300-243F,U+2440-244A,U+2460-24FF,U+25A0-27BF,U+2800-28FF,U+2921-2922,U+2981,U+29BF,U+29EB,U+2B00-2BFF,U+4DC0-4DFF,U+FFF9-FFFB,U+10140-1018E,U+10190-1019C,U+101A0,U+101D0-101FD,U+102E0-102FB,U+10E60-10E7E,U+1D2C0-1D2D3,U+1D2E0-1D37F,U+1F000-1F0FF,U+1F100-1F1AD,U+1F1E6-1F1FF,U+1F30D-1F30F,U+1F315,U+1F31C,U+1F31E,U+1F320-1F32C,U+1F336,U+1F378,U+1F37D,U+1F382,U+1F393-1F39F,U+1F3A7-1F3A8,U+1F3AC-1F3AF,U+1F3C2,U+1F3C4-1F3C6,U+1F3CA-1F3CE,U+1F3D4-1F3E0,U+1F3ED,U+1F3F1-1F3F3,U+1F3F5-1F3F7,U+1F408,U+1F415,U+1F41F,U+1F426,U+1F43F,U+1F441-1F442,U+1F444,U+1F446-1F449,U+1F44C-1F44E,U+1F453,U+1F46A,U+1F47D,U+1F4A3,U+1F4B0,U+1F4B3,U+1F4B9,U+1F4BB,U+1F4BF,U+1F4C8-1F4CB,U+1F4D6,U+1F4DA,U+1F4DF,U+1F4E3-1F4E6,U+1F4EA-1F4ED,U+1F4F7,U+1F4F9-1F4FB,U+1F4FD-1F4FE,U+1F503,U+1F507-1F50B,U+1F50D,U+1F512-1F513,U+1F53E-1F54A,U+1F54F-1F5FA,U+1F610,U+1F650-1F67F,U+1F687,U+1F68D,U+1F691,U+1F694,U+1F698,U+1F6AD,U+1F6B2,U+1F6B9-1F6BA,U+1F6BC,U+1F6C6-1F6CF,U+1F6D3-1F6D7,U+1F6E0-1F6EA,U+1F6F0-1F6F3,U+1F6F7-1F6FC,U+1F700-1F7FF,U+1F800-1F80B,U+1F810-1F847,U+1F850-1F859,U+1F860-1F887,U+1F890-1F8AD,U+1F8B0-1F8BB,U+1F8C0-1F8C1,U+1F900-1F90B,U+1F93B,U+1F946,U+1F984,U+1F996,U+1F9E9,U+1FA00-1FA6F,U+1FA70-1FA7C,U+1FA80-1FA89,U+1FA8F-1FAC6,U+1FACE-1FADC,U+1FADF-1FAE9,U+1FAF0-1FAF8,U+1FB00-1FBFF;\x7d@font-face\x7bfont-family:\x27Google Sans\x27;font-style:normal;font-weight:500;src:url(\/\/fonts.gstatic.com\/s\/googlesans\/v62\/4UasrENHsxJlGDuGo1OIlJfC6l_24rlCK1Yo_Iqcsih3SAyH6cAwhX9RPiQUvaYr.woff2)format(\x27woff2\x27);unicode-range:U+0964-0965,U+0B82-0BFA,U+200C-200D,U+20B9,U+25CC;\x7d@font-face\x7bfont-family:\x27Google Sans\x27;font-style:normal;font-weight:500;src:url(\/\/fonts.gstatic.com\/s\/googlesans\/v62\/4UasrENHsxJlGDuGo1OIlJfC6l_24rlCK1Yo_Iqcsih3SAyH6cAwhX9RPi4UvaYr.woff2)format(\x27woff2\x27);unicode-range:U+0951-0952,U+0964-0965,U+0C00-0C7F,U+1CDA,U+1CF2,U+200C-200D,U+25CC;\x7d@font-face\x7bfont-family:\x27Google Sans\x27;font-style:normal;font-weight:500;src:url(\/\/fonts.gstatic.com\/s\/googlesans\/v62\/4UasrENHsxJlGDuGo1OIlJfC6l_24rlCK1Yo_Iqcsih3SAyH6cAwhX9RPiYUvaYr.woff2)format(\x27woff2\x27);unicode-range:U+02D7,U+0303,U+0331,U+0E01-0E5B,U+200C-200D,U+25CC;\x7d@font-face\x7bfont-family:\x27Google Sans\x27;font-style:normal;font-weight:500;src:url(\/\/fonts.gstatic.com\/s\/googlesans\/v62\/4UasrENHsxJlGDuGo1OIlJfC6l_24rlCK1Yo_Iqcsih3SAyH6cAwhX9RPj0UvaYr.woff2)format(\x27woff2\x27);unicode-range:U+0102-0103,U+0110-0111,U+0128-0129,U+0168-0169,U+01A0-01A1,U+01AF-01B0,U+0300-0301,U+0303-0304,U+0308-0309,U+0323,U+0329,U+1EA0-1EF9,U+20AB;\x7d@font-face\x7bfont-family:\x27Google Sans\x27;font-style:normal;font-weight:500;src:url(\/\/fonts.gstatic.com\/s\/googlesans\/v62\/4UasrENHsxJlGDuGo1OIlJfC6l_24rlCK1Yo_Iqcsih3SAyH6cAwhX9RPjwUvaYr.woff2)format(\x27woff2\x27);unicode-range:U+0100-02BA,U+02BD-02C5,U+02C7-02CC,U+02CE-02D7,U+02DD-02FF,U+0304,U+0308,U+0329,U+1D00-1DBF,U+1E00-1E9F,U+1EF2-1EFF,U+2020,U+20A0-20AB,U+20AD-20C0,U+2113,U+2C60-2C7F,U+A720-A7FF;\x7d@font-face\x7bfont-family:\x27Google Sans\x27;font-style:normal;font-weight:500;src:url(\/\/fonts.gstatic.com\/s\/googlesans\/v62\/4UasrENHsxJlGDuGo1OIlJfC6l_24rlCK1Yo_Iqcsih3SAyH6cAwhX9RPjIUvQ.woff2)format(\x27woff2\x27);unicode-range:U+0000-00FF,U+0131,U+0152-0153,U+02BB-02BC,U+02C6,U+02DA,U+02DC,U+0304,U+0308,U+0329,U+2000-206F,U+20AC,U+2122,U+2191,U+2193,U+2212,U+2215,U+FEFF,U+FFFD;\x7d','@font-face\x7bfont-family:\x27Google Sans\x27;font-style:normal;font-weight:400;src:url(\/\/fonts.gstatic.com\/s\/googlesans\/v62\/4UaRrENHsxJlGDuGo1OIlJfC6l_24rlCK1Yo_Iq2rgCIlsw.woff2)format(\x27woff2\x27);unicode-range:U+0308,U+0530-058F,U+2010,U+2024,U+25CC,U+FB13-FB17;\x7d@font-face\x7bfont-family:\x27Google Sans\x27;font-style:normal;font-weight:400;src:url(\/\/fonts.gstatic.com\/s\/googlesans\/v62\/4UaRrENHsxJlGDuGo1OIlJfC6l_24rlCK1Yo_Iq2rACIlsw.woff2)format(\x27woff2\x27);unicode-range:U+0951-0952,U+0964-0965,U+0980-09FE,U+1CD0,U+1CD2,U+1CD5-1CD6,U+1CD8,U+1CE1,U+1CEA,U+1CED,U+1CF2,U+1CF5-1CF7,U+200C-200D,U+20B9,U+25CC,U+A8F1;\x7d@font-face\x7bfont-family:\x27Google Sans\x27;font-style:normal;font-weight:400;src:url(\/\/fonts.gstatic.com\/s\/googlesans\/v62\/4UaRrENHsxJlGDuGo1OIlJfC6l_24rlCK1Yo_Iq2kQCIlsw.woff2)format(\x27woff2\x27);unicode-range:U+02C7,U+02D8-02D9,U+02DB,U+0307,U+1400-167F,U+18B0-18F5,U+25CC,U+11AB0-11ABF;\x7d@font-face\x7bfont-family:\x27Google Sans\x27;font-style:normal;font-weight:400;src:url(\/\/fonts.gstatic.com\/s\/googlesans\/v62\/4UaRrENHsxJlGDuGo1OIlJfC6l_24rlCK1Yo_Iq2swCIlsw.woff2)format(\x27woff2\x27);unicode-range:U+0460-052F,U+1C80-1C8A,U+20B4,U+2DE0-2DFF,U+A640-A69F,U+FE2E-FE2F;\x7d@font-face\x7bfont-family:\x27Google Sans\x27;font-style:normal;font-weight:400;src:url(\/\/fonts.gstatic.com\/s\/googlesans\/v62\/4UaRrENHsxJlGDuGo1OIlJfC6l_24rlCK1Yo_Iq2ugCIlsw.woff2)format(\x27woff2\x27);unicode-range:U+0301,U+0400-045F,U+0490-0491,U+04B0-04B1,U+2116;\x7d@font-face\x7bfont-family:\x27Google Sans\x27;font-style:normal;font-weight:400;src:url(\/\/fonts.gstatic.com\/s\/googlesans\/v62\/4UaRrENHsxJlGDuGo1OIlJfC6l_24rlCK1Yo_Iq2vwCIlsw.woff2)format(\x27woff2\x27);unicode-range:U+0900-097F,U+1CD0-1CF9,U+200C-200D,U+20A8,U+20B9,U+20F0,U+25CC,U+A830-A839,U+A8E0-A8FF,U+11B00-11B09;\x7d@font-face\x7bfont-family:\x27Google Sans\x27;font-style:normal;font-weight:400;src:url(\/\/fonts.gstatic.com\/s\/googlesans\/v62\/4UaRrENHsxJlGDuGo1OIlJfC6l_24rlCK1Yo_Iq2rwCIlsw.woff2)format(\x27woff2\x27);unicode-range:U+030E,U+1200-1399,U+2D80-2DDE,U+AB01-AB2E,U+1E7E0-1E7E6,U+1E7E8-1E7EB,U+1E7ED-1E7EE,U+1E7F0-1E7FE;\x7d@font-face\x7bfont-family:\x27Google Sans\x27;font-style:normal;font-weight:400;src:url(\/\/fonts.gstatic.com\/s\/googlesans\/v62\/4UaRrENHsxJlGDuGo1OIlJfC6l_24rlCK1Yo_Iq2oQCIlsw.woff2)format(\x27woff2\x27);unicode-range:U+0589,U+10A0-10FF,U+1C90-1CBA,U+1CBD-1CBF,U+205A,U+2D00-2D2F,U+2E31;\x7d@font-face\x7bfont-family:\x27Google Sans\x27;font-style:normal;font-weight:400;src:url(\/\/fonts.gstatic.com\/s\/googlesans\/v62\/4UaRrENHsxJlGDuGo1OIlJfC6l_24rlCK1Yo_Iq2sgCIlsw.woff2)format(\x27woff2\x27);unicode-range:U+1F00-1FFF;\x7d@font-face\x7bfont-family:\x27Google Sans\x27;font-style:normal;font-weight:400;src:url(\/\/fonts.gstatic.com\/s\/googlesans\/v62\/4UaRrENHsxJlGDuGo1OIlJfC6l_24rlCK1Yo_Iq2vQCIlsw.woff2)format(\x27woff2\x27);unicode-range:U+0370-0377,U+037A-037F,U+0384-038A,U+038C,U+038E-03A1,U+03A3-03FF;\x7d@font-face\x7bfont-family:\x27Google Sans\x27;font-style:normal;font-weight:400;src:url(\/\/fonts.gstatic.com\/s\/googlesans\/v62\/4UaRrENHsxJlGDuGo1OIlJfC6l_24rlCK1Yo_Iq2pQCIlsw.woff2)format(\x27woff2\x27);unicode-range:U+0951-0952,U+0964-0965,U+0A80-0AFF,U+200C-200D,U+20B9,U+25CC,U+A830-A839;\x7d@font-face\x7bfont-family:\x27Google Sans\x27;font-style:normal;font-weight:400;src:url(\/\/fonts.gstatic.com\/s\/googlesans\/v62\/4UaRrENHsxJlGDuGo1OIlJfC6l_24rlCK1Yo_Iq2nQCIlsw.woff2)format(\x27woff2\x27);unicode-range:U+0951-0952,U+0964-0965,U+0A01-0A76,U+200C-200D,U+20B9,U+25CC,U+262C,U+A830-A839;\x7d@font-face\x7bfont-family:\x27Google Sans\x27;font-style:normal;font-weight:400;src:url(\/\/fonts.gstatic.com\/s\/googlesans\/v62\/4UaRrENHsxJlGDuGo1OIlJfC6l_24rlCK1Yo_Iq2vACIlsw.woff2)format(\x27woff2\x27);unicode-range:U+0307-0308,U+0590-05FF,U+200C-2010,U+20AA,U+25CC,U+FB1D-FB4F;\x7d@font-face\x7bfont-family:\x27Google Sans\x27;font-style:normal;font-weight:400;src:url(\/\/fonts.gstatic.com\/s\/googlesans\/v62\/4UaRrENHsxJlGDuGo1OIlJfC6l_24rlCK1Yo_Iq2tQCIlsw.woff2)format(\x27woff2\x27);unicode-range:U+1780-17FF,U+19E0-19FF,U+200C-200D,U+25CC;\x7d@font-face\x7bfont-family:\x27Google Sans\x27;font-style:normal;font-weight:400;src:url(\/\/fonts.gstatic.com\/s\/googlesans\/v62\/4UaRrENHsxJlGDuGo1OIlJfC6l_24rlCK1Yo_Iq2twCIlsw.woff2)format(\x27woff2\x27);unicode-range:U+0E81-0EDF,U+200C-200D,U+25CC;\x7d@font-face\x7bfont-family:\x27Google Sans\x27;font-style:normal;font-weight:400;src:url(\/\/fonts.gstatic.com\/s\/googlesans\/v62\/4UaRrENHsxJlGDuGo1OIlJfC6l_24rlCK1Yo_Iq2pgCIlsw.woff2)format(\x27woff2\x27);unicode-range:U+0307,U+0323,U+0951-0952,U+0964-0965,U+0D00-0D7F,U+1CDA,U+1CF2,U+200C-200D,U+20B9,U+25CC,U+A830-A832;\x7d@font-face\x7bfont-family:\x27Google Sans\x27;font-style:normal;font-weight:400;src:url(\/\/fonts.gstatic.com\/s\/googlesans\/v62\/4UaRrENHsxJlGDuGo1OIlJfC6l_24rlCK1Yo_Iq2pwCIlsw.woff2)format(\x27woff2\x27);unicode-range:U+0951-0952,U+0964-0965,U+0B01-0B77,U+1CDA,U+1CF2,U+200C-200D,U+20B9,U+25CC;\x7d@font-face\x7bfont-family:\x27Google Sans\x27;font-style:normal;font-weight:400;src:url(\/\/fonts.gstatic.com\/s\/googlesans\/v62\/4UaRrENHsxJlGDuGo1OIlJfC6l_24rlCK1Yo_Iq2owCIlsw.woff2)format(\x27woff2\x27);unicode-range:U+0964-0965,U+0D81-0DF4,U+1CF2,U+200C-200D,U+25CC,U+111E1-111F4;\x7d@font-face\x7bfont-family:\x27Google Sans\x27;font-style:normal;font-weight:400;src:url(\/\/fonts.gstatic.com\/s\/googlesans\/v62\/4UaRrENHsxJlGDuGo1OIlJfC6l_24rlCK1Yo_Iq20ACIlsw.woff2)format(\x27woff2\x27);unicode-range:U+0001-000C,U+000E-001F,U+007F-009F,U+20DD-20E0,U+20E2-20E4,U+2150-218F,U+2190,U+2192,U+2194-2199,U+21AF,U+21E6-21F0,U+21F3,U+2218-2219,U+2299,U+22C4-22C6,U+2300-243F,U+2440-244A,U+2460-24FF,U+25A0-27BF,U+2800-28FF,U+2921-2922,U+2981,U+29BF,U+29EB,U+2B00-2BFF,U+4DC0-4DFF,U+FFF9-FFFB,U+10140-1018E,U+10190-1019C,U+101A0,U+101D0-101FD,U+102E0-102FB,U+10E60-10E7E,U+1D2C0-1D2D3,U+1D2E0-1D37F,U+1F000-1F0FF,U+1F100-1F1AD,U+1F1E6-1F1FF,U+1F30D-1F30F,U+1F315,U+1F31C,U+1F31E,U+1F320-1F32C,U+1F336,U+1F378,U+1F37D,U+1F382,U+1F393-1F39F,U+1F3A7-1F3A8,U+1F3AC-1F3AF,U+1F3C2,U+1F3C4-1F3C6,U+1F3CA-1F3CE,U+1F3D4-1F3E0,U+1F3ED,U+1F3F1-1F3F3,U+1F3F5-1F3F7,U+1F408,U+1F415,U+1F41F,U+1F426,U+1F43F,U+1F441-1F442,U+1F444,U+1F446-1F449,U+1F44C-1F44E,U+1F453,U+1F46A,U+1F47D,U+1F4A3,U+1F4B0,U+1F4B3,U+1F4B9,U+1F4BB,U+1F4BF,U+1F4C8-1F4CB,U+1F4D6,U+1F4DA,U+1F4DF,U+1F4E3-1F4E6,U+1F4EA-1F4ED,U+1F4F7,U+1F4F9-1F4FB,U+1F4FD-1F4FE,U+1F503,U+1F507-1F50B,U+1F50D,U+1F512-1F513,U+1F53E-1F54A,U+1F54F-1F5FA,U+1F610,U+1F650-1F67F,U+1F687,U+1F68D,U+1F691,U+1F694,U+1F698,U+1F6AD,U+1F6B2,U+1F6B9-1F6BA,U+1F6BC,U+1F6C6-1F6CF,U+1F6D3-1F6D7,U+1F6E0-1F6EA,U+1F6F0-1F6F3,U+1F6F7-1F6FC,U+1F700-1F7FF,U+1F800-1F80B,U+1F810-1F847,U+1F850-1F859,U+1F860-1F887,U+1F890-1F8AD,U+1F8B0-1F8BB,U+1F8C0-1F8C1,U+1F900-1F90B,U+1F93B,U+1F946,U+1F984,U+1F996,U+1F9E9,U+1FA00-1FA6F,U+1FA70-1FA7C,U+1FA80-1FA89,U+1FA8F-1FAC6,U+1FACE-1FADC,U+1FADF-1FAE9,U+1FAF0-1FAF8,U+1FB00-1FBFF;\x7d@font-face\x7bfont-family:\x27Google Sans\x27;font-style:normal;font-weight:400;src:url(\/\/fonts.gstatic.com\/s\/googlesans\/v62\/4UaRrENHsxJlGDuGo1OIlJfC6l_24rlCK1Yo_Iq2qACIlsw.woff2)format(\x27woff2\x27);unicode-range:U+0964-0965,U+0B82-0BFA,U+200C-200D,U+20B9,U+25CC;\x7d@font-face\x7bfont-family:\x27Google Sans\x27;font-style:normal;font-weight:400;src:url(\/\/fonts.gstatic.com\/s\/googlesans\/v62\/4UaRrENHsxJlGDuGo1OIlJfC6l_24rlCK1Yo_Iq2ogCIlsw.woff2)format(\x27woff2\x27);unicode-range:U+0951-0952,U+0964-0965,U+0C00-0C7F,U+1CDA,U+1CF2,U+200C-200D,U+25CC;\x7d@font-face\x7bfont-family:\x27Google Sans\x27;font-style:normal;font-weight:400;src:url(\/\/fonts.gstatic.com\/s\/googlesans\/v62\/4UaRrENHsxJlGDuGo1OIlJfC6l_24rlCK1Yo_Iq2qgCIlsw.woff2)format(\x27woff2\x27);unicode-range:U+02D7,U+0303,U+0331,U+0E01-0E5B,U+200C-200D,U+25CC;\x7d@font-face\x7bfont-family:\x27Google Sans\x27;font-style:normal;font-weight:400;src:url(\/\/fonts.gstatic.com\/s\/googlesans\/v62\/4UaRrENHsxJlGDuGo1OIlJfC6l_24rlCK1Yo_Iq2sQCIlsw.woff2)format(\x27woff2\x27);unicode-range:U+0102-0103,U+0110-0111,U+0128-0129,U+0168-0169,U+01A0-01A1,U+01AF-01B0,U+0300-0301,U+0303-0304,U+0308-0309,U+0323,U+0329,U+1EA0-1EF9,U+20AB;\x7d@font-face\x7bfont-family:\x27Google Sans\x27;font-style:normal;font-weight:400;src:url(\/\/fonts.gstatic.com\/s\/googlesans\/v62\/4UaRrENHsxJlGDuGo1OIlJfC6l_24rlCK1Yo_Iq2sACIlsw.woff2)format(\x27woff2\x27);unicode-range:U+0100-02BA,U+02BD-02C5,U+02C7-02CC,U+02CE-02D7,U+02DD-02FF,U+0304,U+0308,U+0329,U+1D00-1DBF,U+1E00-1E9F,U+1EF2-1EFF,U+2020,U+20A0-20AB,U+20AD-20C0,U+2113,U+2C60-2C7F,U+A720-A7FF;\x7d@font-face\x7bfont-family:\x27Google Sans\x27;font-style:normal;font-weight:400;src:url(\/\/fonts.gstatic.com\/s\/googlesans\/v62\/4UaRrENHsxJlGDuGo1OIlJfC6l_24rlCK1Yo_Iq2vgCI.woff2)format(\x27woff2\x27);unicode-range:U+0000-00FF,U+0131,U+0152-0153,U+02BB-02BC,U+02C6,U+02DA,U+02DC,U+0304,U+0308,U+0329,U+2000-206F,U+20AC,U+2122,U+2191,U+2193,U+2212,U+2215,U+FEFF,U+FFFD;\x7d@font-face\x7bfont-family:\x27Google Sans\x27;font-style:normal;font-weight:500;src:url(\/\/fonts.gstatic.com\/s\/googlesans\/v62\/4UaRrENHsxJlGDuGo1OIlJfC6l_24rlCK1Yo_Iq2rgCIlsw.woff2)format(\x27woff2\x27);unicode-range:U+0308,U+0530-058F,U+2010,U+2024,U+25CC,U+FB13-FB17;\x7d@font-face\x7bfont-family:\x27Google Sans\x27;font-style:normal;font-weight:500;src:url(\/\/fonts.gstatic.com\/s\/googlesans\/v62\/4UaRrENHsxJlGDuGo1OIlJfC6l_24rlCK1Yo_Iq2rACIlsw.woff2)format(\x27woff2\x27);unicode-range:U+0951-0952,U+0964-0965,U+0980-09FE,U+1CD0,U+1CD2,U+1CD5-1CD6,U+1CD8,U+1CE1,U+1CEA,U+1CED,U+1CF2,U+1CF5-1CF7,U+200C-200D,U+20B9,U+25CC,U+A8F1;\x7d@font-face\x7bfont-family:\x27Google Sans\x27;font-style:normal;font-weight:500;src:url(\/\/fonts.gstatic.com\/s\/googlesans\/v62\/4UaRrENHsxJlGDuGo1OIlJfC6l_24rlCK1Yo_Iq2kQCIlsw.woff2)format(\x27woff2\x27);unicode-range:U+02C7,U+02D8-02D9,U+02DB,U+0307,U+1400-167F,U+18B0-18F5,U+25CC,U+11AB0-11ABF;\x7d@font-face\x7bfont-family:\x27Google Sans\x27;font-style:normal;font-weight:500;src:url(\/\/fonts.gstatic.com\/s\/googlesans\/v62\/4UaRrENHsxJlGDuGo1OIlJfC6l_24rlCK1Yo_Iq2swCIlsw.woff2)format(\x27woff2\x27);unicode-range:U+0460-052F,U+1C80-1C8A,U+20B4,U+2DE0-2DFF,U+A640-A69F,U+FE2E-FE2F;\x7d@font-face\x7bfont-family:\x27Google Sans\x27;font-style:normal;font-weight:500;src:url(\/\/fonts.gstatic.com\/s\/googlesans\/v62\/4UaRrENHsxJlGDuGo1OIlJfC6l_24rlCK1Yo_Iq2ugCIlsw.woff2)format(\x27woff2\x27);unicode-range:U+0301,U+0400-045F,U+0490-0491,U+04B0-04B1,U+2116;\x7d@font-face\x7bfont-family:\x27Google Sans\x27;font-style:normal;font-weight:500;src:url(\/\/fonts.gstatic.com\/s\/googlesans\/v62\/4UaRrENHsxJlGDuGo1OIlJfC6l_24rlCK1Yo_Iq2vwCIlsw.woff2)format(\x27woff2\x27);unicode-range:U+0900-097F,U+1CD0-1CF9,U+200C-200D,U+20A8,U+20B9,U+20F0,U+25CC,U+A830-A839,U+A8E0-A8FF,U+11B00-11B09;\x7d@font-face\x7bfont-family:\x27Google Sans\x27;font-style:normal;font-weight:500;src:url(\/\/fonts.gstatic.com\/s\/googlesans\/v62\/4UaRrENHsxJlGDuGo1OIlJfC6l_24rlCK1Yo_Iq2rwCIlsw.woff2)format(\x27woff2\x27);unicode-range:U+030E,U+1200-1399,U+2D80-2DDE,U+AB01-AB2E,U+1E7E0-1E7E6,U+1E7E8-1E7EB,U+1E7ED-1E7EE,U+1E7F0-1E7FE;\x7d@font-face\x7bfont-family:\x27Google Sans\x27;font-style:normal;font-weight:500;src:url(\/\/fonts.gstatic.com\/s\/googlesans\/v62\/4UaRrENHsxJlGDuGo1OIlJfC6l_24rlCK1Yo_Iq2oQCIlsw.woff2)format(\x27woff2\x27);unicode-range:U+0589,U+10A0-10FF,U+1C90-1CBA,U+1CBD-1CBF,U+205A,U+2D00-2D2F,U+2E31;\x7d@font-face\x7bfont-family:\x27Google Sans\x27;font-style:normal;font-weight:500;src:url(\/\/fonts.gstatic.com\/s\/googlesans\/v62\/4UaRrENHsxJlGDuGo1OIlJfC6l_24rlCK1Yo_Iq2sgCIlsw.woff2)format(\x27woff2\x27);unicode-range:U+1F00-1FFF;\x7d@font-face\x7bfont-family:\x27Google Sans\x27;font-style:normal;font-weight:500;src:url(\/\/fonts.gstatic.com\/s\/googlesans\/v62\/4UaRrENHsxJlGDuGo1OIlJfC6l_24rlCK1Yo_Iq2vQCIlsw.woff2)format(\x27woff2\x27);unicode-range:U+0370-0377,U+037A-037F,U+0384-038A,U+038C,U+038E-03A1,U+03A3-03FF;\x7d@font-face\x7bfont-family:\x27Google Sans\x27;font-style:normal;font-weight:500;src:url(\/\/fonts.gstatic.com\/s\/googlesans\/v62\/4UaRrENHsxJlGDuGo1OIlJfC6l_24rlCK1Yo_Iq2pQCIlsw.woff2)format(\x27woff2\x27);unicode-range:U+0951-0952,U+0964-0965,U+0A80-0AFF,U+200C-200D,U+20B9,U+25CC,U+A830-A839;\x7d@font-face\x7bfont-family:\x27Google Sans\x27;font-style:normal;font-weight:500;src:url(\/\/fonts.gstatic.com\/s\/googlesans\/v62\/4UaRrENHsxJlGDuGo1OIlJfC6l_24rlCK1Yo_Iq2nQCIlsw.woff2)format(\x27woff2\x27);unicode-range:U+0951-0952,U+0964-0965,U+0A01-0A76,U+200C-200D,U+20B9,U+25CC,U+262C,U+A830-A839;\x7d@font-face\x7bfont-family:\x27Google Sans\x27;font-style:normal;font-weight:500;src:url(\/\/fonts.gstatic.com\/s\/googlesans\/v62\/4UaRrENHsxJlGDuGo1OIlJfC6l_24rlCK1Yo_Iq2vACIlsw.woff2)format(\x27woff2\x27);unicode-range:U+0307-0308,U+0590-05FF,U+200C-2010,U+20AA,U+25CC,U+FB1D-FB4F;\x7d@font-face\x7bfont-family:\x27Google Sans\x27;font-style:normal;font-weight:500;src:url(\/\/fonts.gstatic.com\/s\/googlesans\/v62\/4UaRrENHsxJlGDuGo1OIlJfC6l_24rlCK1Yo_Iq2tQCIlsw.woff2)format(\x27woff2\x27);unicode-range:U+1780-17FF,U+19E0-19FF,U+200C-200D,U+25CC;\x7d@font-face\x7bfont-family:\x27Google Sans\x27;font-style:normal;font-weight:500;src:url(\/\/fonts.gstatic.com\/s\/googlesans\/v62\/4UaRrENHsxJlGDuGo1OIlJfC6l_24rlCK1Yo_Iq2twCIlsw.woff2)format(\x27woff2\x27);unicode-range:U+0E81-0EDF,U+200C-200D,U+25CC;\x7d@font-face\x7bfont-family:\x27Google Sans\x27;font-style:normal;font-weight:500;src:url(\/\/fonts.gstatic.com\/s\/googlesans\/v62\/4UaRrENHsxJlGDuGo1OIlJfC6l_24rlCK1Yo_Iq2pgCIlsw.woff2)format(\x27woff2\x27);unicode-range:U+0307,U+0323,U+0951-0952,U+0964-0965,U+0D00-0D7F,U+1CDA,U+1CF2,U+200C-200D,U+20B9,U+25CC,U+A830-A832;\x7d@font-face\x7bfont-family:\x27Google Sans\x27;font-style:normal;font-weight:500;src:url(\/\/fonts.gstatic.com\/s\/googlesans\/v62\/4UaRrENHsxJlGDuGo1OIlJfC6l_24rlCK1Yo_Iq2pwCIlsw.woff2)format(\x27woff2\x27);unicode-range:U+0951-0952,U+0964-0965,U+0B01-0B77,U+1CDA,U+1CF2,U+200C-200D,U+20B9,U+25CC;\x7d@font-face\x7bfont-family:\x27Google Sans\x27;font-style:normal;font-weight:500;src:url(\/\/fonts.gstatic.com\/s\/googlesans\/v62\/4UaRrENHsxJlGDuGo1OIlJfC6l_24rlCK1Yo_Iq2owCIlsw.woff2)format(\x27woff2\x27);unicode-range:U+0964-0965,U+0D81-0DF4,U+1CF2,U+200C-200D,U+25CC,U+111E1-111F4;\x7d@font-face\x7bfont-family:\x27Google Sans\x27;font-style:normal;font-weight:500;src:url(\/\/fonts.gstatic.com\/s\/googlesans\/v62\/4UaRrENHsxJlGDuGo1OIlJfC6l_24rlCK1Yo_Iq20ACIlsw.woff2)format(\x27woff2\x27);unicode-range:U+0001-000C,U+000E-001F,U+007F-009F,U+20DD-20E0,U+20E2-20E4,U+2150-218F,U+2190,U+2192,U+2194-2199,U+21AF,U+21E6-21F0,U+21F3,U+2218-2219,U+2299,U+22C4-22C6,U+2300-243F,U+2440-244A,U+2460-24FF,U+25A0-27BF,U+2800-28FF,U+2921-2922,U+2981,U+29BF,U+29EB,U+2B00-2BFF,U+4DC0-4DFF,U+FFF9-FFFB,U+10140-1018E,U+10190-1019C,U+101A0,U+101D0-101FD,U+102E0-102FB,U+10E60-10E7E,U+1D2C0-1D2D3,U+1D2E0-1D37F,U+1F000-1F0FF,U+1F100-1F1AD,U+1F1E6-1F1FF,U+1F30D-1F30F,U+1F315,U+1F31C,U+1F31E,U+1F320-1F32C,U+1F336,U+1F378,U+1F37D,U+1F382,U+1F393-1F39F,U+1F3A7-1F3A8,U+1F3AC-1F3AF,U+1F3C2,U+1F3C4-1F3C6,U+1F3CA-1F3CE,U+1F3D4-1F3E0,U+1F3ED,U+1F3F1-1F3F3,U+1F3F5-1F3F7,U+1F408,U+1F415,U+1F41F,U+1F426,U+1F43F,U+1F441-1F442,U+1F444,U+1F446-1F449,U+1F44C-1F44E,U+1F453,U+1F46A,U+1F47D,U+1F4A3,U+1F4B0,U+1F4B3,U+1F4B9,U+1F4BB,U+1F4BF,U+1F4C8-1F4CB,U+1F4D6,U+1F4DA,U+1F4DF,U+1F4E3-1F4E6,U+1F4EA-1F4ED,U+1F4F7,U+1F4F9-1F4FB,U+1F4FD-1F4FE,U+1F503,U+1F507-1F50B,U+1F50D,U+1F512-1F513,U+1F53E-1F54A,U+1F54F-1F5FA,U+1F610,U+1F650-1F67F,U+1F687,U+1F68D,U+1F691,U+1F694,U+1F698,U+1F6AD,U+1F6B2,U+1F6B9-1F6BA,U+1F6BC,U+1F6C6-1F6CF,U+1F6D3-1F6D7,U+1F6E0-1F6EA,U+1F6F0-1F6F3,U+1F6F7-1F6FC,U+1F700-1F7FF,U+1F800-1F80B,U+1F810-1F847,U+1F850-1F859,U+1F860-1F887,U+1F890-1F8AD,U+1F8B0-1F8BB,U+1F8C0-1F8C1,U+1F900-1F90B,U+1F93B,U+1F946,U+1F984,U+1F996,U+1F9E9,U+1FA00-1FA6F,U+1FA70-1FA7C,U+1FA80-1FA89,U+1FA8F-1FAC6,U+1FACE-1FADC,U+1FADF-1FAE9,U+1FAF0-1FAF8,U+1FB00-1FBFF;\x7d@font-face\x7bfont-family:\x27Google Sans\x27;font-style:normal;font-weight:500;src:url(\/\/fonts.gstatic.com\/s\/googlesans\/v62\/4UaRrENHsxJlGDuGo1OIlJfC6l_24rlCK1Yo_Iq2qACIlsw.woff2)format(\x27woff2\x27);unicode-range:U+0964-0965,U+0B82-0BFA,U+200C-200D,U+20B9,U+25CC;\x7d@font-face\x7bfont-family:\x27Google Sans\x27;font-style:normal;font-weight:500;src:url(\/\/fonts.gstatic.com\/s\/googlesans\/v62\/4UaRrENHsxJlGDuGo1OIlJfC6l_24rlCK1Yo_Iq2ogCIlsw.woff2)format(\x27woff2\x27);unicode-range:U+0951-0952,U+0964-0965,U+0C00-0C7F,U+1CDA,U+1CF2,U+200C-200D,U+25CC;\x7d@font-face\x7bfont-family:\x27Google Sans\x27;font-style:normal;font-weight:500;src:url(\/\/fonts.gstatic.com\/s\/googlesans\/v62\/4UaRrENHsxJlGDuGo1OIlJfC6l_24rlCK1Yo_Iq2qgCIlsw.woff2)format(\x27woff2\x27);unicode-range:U+02D7,U+0303,U+0331,U+0E01-0E5B,U+200C-200D,U+25CC;\x7d@font-face\x7bfont-family:\x27Google Sans\x27;font-style:normal;font-weight:500;src:url(\/\/fonts.gstatic.com\/s\/googlesans\/v62\/4UaRrENHsxJlGDuGo1OIlJfC6l_24rlCK1Yo_Iq2sQCIlsw.woff2)format(\x27woff2\x27);unicode-range:U+0102-0103,U+0110-0111,U+0128-0129,U+0168-0169,U+01A0-01A1,U+01AF-01B0,U+0300-0301,U+0303-0304,U+0308-0309,U+0323,U+0329,U+1EA0-1EF9,U+20AB;\x7d@font-face\x7bfont-family:\x27Google Sans\x27;font-style:normal;font-weight:500;src:url(\/\/fonts.gstatic.com\/s\/googlesans\/v62\/4UaRrENHsxJlGDuGo1OIlJfC6l_24rlCK1Yo_Iq2sACIlsw.woff2)format(\x27woff2\x27);unicode-range:U+0100-02BA,U+02BD-02C5,U+02C7-02CC,U+02CE-02D7,U+02DD-02FF,U+0304,U+0308,U+0329,U+1D00-1DBF,U+1E00-1E9F,U+1EF2-1EFF,U+2020,U+20A0-20AB,U+20AD-20C0,U+2113,U+2C60-2C7F,U+A720-A7FF;\x7d@font-face\x7bfont-family:\x27Google Sans\x27;font-style:normal;font-weight:500;src:url(\/\/fonts.gstatic.com\/s\/googlesans\/v62\/4UaRrENHsxJlGDuGo1OIlJfC6l_24rlCK1Yo_Iq2vgCI.woff2)format(\x27woff2\x27);unicode-range:U+0000-00FF,U+0131,U+0152-0153,U+02BB-02BC,U+02C6,U+02DA,U+02DC,U+0304,U+0308,U+0329,U+2000-206F,U+20AC,U+2122,U+2191,U+2193,U+2212,U+2215,U+FEFF,U+FFFD;\x7d@font-face\x7bfont-family:\x27Google Sans\x27;font-style:normal;font-weight:700;src:url(\/\/fonts.gstatic.com\/s\/googlesans\/v62\/4UaRrENHsxJlGDuGo1OIlJfC6l_24rlCK1Yo_Iq2rgCIlsw.woff2)format(\x27woff2\x27);unicode-range:U+0308,U+0530-058F,U+2010,U+2024,U+25CC,U+FB13-FB17;\x7d@font-face\x7bfont-family:\x27Google Sans\x27;font-style:normal;font-weight:700;src:url(\/\/fonts.gstatic.com\/s\/googlesans\/v62\/4UaRrENHsxJlGDuGo1OIlJfC6l_24rlCK1Yo_Iq2rACIlsw.woff2)format(\x27woff2\x27);unicode-range:U+0951-0952,U+0964-0965,U+0980-09FE,U+1CD0,U+1CD2,U+1CD5-1CD6,U+1CD8,U+1CE1,U+1CEA,U+1CED,U+1CF2,U+1CF5-1CF7,U+200C-200D,U+20B9,U+25CC,U+A8F1;\x7d@font-face\x7bfont-family:\x27Google Sans\x27;font-style:normal;font-weight:700;src:url(\/\/fonts.gstatic.com\/s\/googlesans\/v62\/4UaRrENHsxJlGDuGo1OIlJfC6l_24rlCK1Yo_Iq2kQCIlsw.woff2)format(\x27woff2\x27);unicode-range:U+02C7,U+02D8-02D9,U+02DB,U+0307,U+1400-167F,U+18B0-18F5,U+25CC,U+11AB0-11ABF;\x7d@font-face\x7bfont-family:\x27Google Sans\x27;font-style:normal;font-weight:700;src:url(\/\/fonts.gstatic.com\/s\/googlesans\/v62\/4UaRrENHsxJlGDuGo1OIlJfC6l_24rlCK1Yo_Iq2swCIlsw.woff2)format(\x27woff2\x27);unicode-range:U+0460-052F,U+1C80-1C8A,U+20B4,U+2DE0-2DFF,U+A640-A69F,U+FE2E-FE2F;\x7d@font-face\x7bfont-family:\x27Google Sans\x27;font-style:normal;font-weight:700;src:url(\/\/fonts.gstatic.com\/s\/googlesans\/v62\/4UaRrENHsxJlGDuGo1OIlJfC6l_24rlCK1Yo_Iq2ugCIlsw.woff2)format(\x27woff2\x27);unicode-range:U+0301,U+0400-045F,U+0490-0491,U+04B0-04B1,U+2116;\x7d@font-face\x7bfont-family:\x27Google Sans\x27;font-style:normal;font-weight:700;src:url(\/\/fonts.gstatic.com\/s\/googlesans\/v62\/4UaRrENHsxJlGDuGo1OIlJfC6l_24rlCK1Yo_Iq2vwCIlsw.woff2)format(\x27woff2\x27);unicode-range:U+0900-097F,U+1CD0-1CF9,U+200C-200D,U+20A8,U+20B9,U+20F0,U+25CC,U+A830-A839,U+A8E0-A8FF,U+11B00-11B09;\x7d@font-face\x7bfont-family:\x27Google Sans\x27;font-style:normal;font-weight:700;src:url(\/\/fonts.gstatic.com\/s\/googlesans\/v62\/4UaRrENHsxJlGDuGo1OIlJfC6l_24rlCK1Yo_Iq2rwCIlsw.woff2)format(\x27woff2\x27);unicode-range:U+030E,U+1200-1399,U+2D80-2DDE,U+AB01-AB2E,U+1E7E0-1E7E6,U+1E7E8-1E7EB,U+1E7ED-1E7EE,U+1E7F0-1E7FE;\x7d@font-face\x7bfont-family:\x27Google Sans\x27;font-style:normal;font-weight:700;src:url(\/\/fonts.gstatic.com\/s\/googlesans\/v62\/4UaRrENHsxJlGDuGo1OIlJfC6l_24rlCK1Yo_Iq2oQCIlsw.woff2)format(\x27woff2\x27);unicode-range:U+0589,U+10A0-10FF,U+1C90-1CBA,U+1CBD-1CBF,U+205A,U+2D00-2D2F,U+2E31;\x7d@font-face\x7bfont-family:\x27Google Sans\x27;font-style:normal;font-weight:700;src:url(\/\/fonts.gstatic.com\/s\/googlesans\/v62\/4UaRrENHsxJlGDuGo1OIlJfC6l_24rlCK1Yo_Iq2sgCIlsw.woff2)format(\x27woff2\x27);unicode-range:U+1F00-1FFF;\x7d@font-face\x7bfont-family:\x27Google Sans\x27;font-style:normal;font-weight:700;src:url(\/\/fonts.gstatic.com\/s\/googlesans\/v62\/4UaRrENHsxJlGDuGo1OIlJfC6l_24rlCK1Yo_Iq2vQCIlsw.woff2)format(\x27woff2\x27);unicode-range:U+0370-0377,U+037A-037F,U+0384-038A,U+038C,U+038E-03A1,U+03A3-03FF;\x7d@font-face\x7bfont-family:\x27Google Sans\x27;font-style:normal;font-weight:700;src:url(\/\/fonts.gstatic.com\/s\/googlesans\/v62\/4UaRrENHsxJlGDuGo1OIlJfC6l_24rlCK1Yo_Iq2pQCIlsw.woff2)format(\x27woff2\x27);unicode-range:U+0951-0952,U+0964-0965,U+0A80-0AFF,U+200C-200D,U+20B9,U+25CC,U+A830-A839;\x7d@font-face\x7bfont-family:\x27Google Sans\x27;font-style:normal;font-weight:700;src:url(\/\/fonts.gstatic.com\/s\/googlesans\/v62\/4UaRrENHsxJlGDuGo1OIlJfC6l_24rlCK1Yo_Iq2nQCIlsw.woff2)format(\x27woff2\x27);unicode-range:U+0951-0952,U+0964-0965,U+0A01-0A76,U+200C-200D,U+20B9,U+25CC,U+262C,U+A830-A839;\x7d@font-face\x7bfont-family:\x27Google Sans\x27;font-style:normal;font-weight:700;src:url(\/\/fonts.gstatic.com\/s\/googlesans\/v62\/4UaRrENHsxJlGDuGo1OIlJfC6l_24rlCK1Yo_Iq2vACIlsw.woff2)format(\x27woff2\x27);unicode-range:U+0307-0308,U+0590-05FF,U+200C-2010,U+20AA,U+25CC,U+FB1D-FB4F;\x7d@font-face\x7bfont-family:\x27Google Sans\x27;font-style:normal;font-weight:700;src:url(\/\/fonts.gstatic.com\/s\/googlesans\/v62\/4UaRrENHsxJlGDuGo1OIlJfC6l_24rlCK1Yo_Iq2tQCIlsw.woff2)format(\x27woff2\x27);unicode-range:U+1780-17FF,U+19E0-19FF,U+200C-200D,U+25CC;\x7d@font-face\x7bfont-family:\x27Google Sans\x27;font-style:normal;font-weight:700;src:url(\/\/fonts.gstatic.com\/s\/googlesans\/v62\/4UaRrENHsxJlGDuGo1OIlJfC6l_24rlCK1Yo_Iq2twCIlsw.woff2)format(\x27woff2\x27);unicode-range:U+0E81-0EDF,U+200C-200D,U+25CC;\x7d@font-face\x7bfont-family:\x27Google Sans\x27;font-style:normal;font-weight:700;src:url(\/\/fonts.gstatic.com\/s\/googlesans\/v62\/4UaRrENHsxJlGDuGo1OIlJfC6l_24rlCK1Yo_Iq2pgCIlsw.woff2)format(\x27woff2\x27);unicode-range:U+0307,U+0323,U+0951-0952,U+0964-0965,U+0D00-0D7F,U+1CDA,U+1CF2,U+200C-200D,U+20B9,U+25CC,U+A830-A832;\x7d@font-face\x7bfont-family:\x27Google Sans\x27;font-style:normal;font-weight:700;src:url(\/\/fonts.gstatic.com\/s\/googlesans\/v62\/4UaRrENHsxJlGDuGo1OIlJfC6l_24rlCK1Yo_Iq2pwCIlsw.woff2)format(\x27woff2\x27);unicode-range:U+0951-0952,U+0964-0965,U+0B01-0B77,U+1CDA,U+1CF2,U+200C-200D,U+20B9,U+25CC;\x7d@font-face\x7bfont-family:\x27Google Sans\x27;font-style:normal;font-weight:700;src:url(\/\/fonts.gstatic.com\/s\/googlesans\/v62\/4UaRrENHsxJlGDuGo1OIlJfC6l_24rlCK1Yo_Iq2owCIlsw.woff2)format(\x27woff2\x27);unicode-range:U+0964-0965,U+0D81-0DF4,U+1CF2,U+200C-200D,U+25CC,U+111E1-111F4;\x7d@font-face\x7bfont-family:\x27Google Sans\x27;font-style:normal;font-weight:700;src:url(\/\/fonts.gstatic.com\/s\/googlesans\/v62\/4UaRrENHsxJlGDuGo1OIlJfC6l_24rlCK1Yo_Iq20ACIlsw.woff2)format(\x27woff2\x27);unicode-range:U+0001-000C,U+000E-001F,U+007F-009F,U+20DD-20E0,U+20E2-20E4,U+2150-218F,U+2190,U+2192,U+2194-2199,U+21AF,U+21E6-21F0,U+21F3,U+2218-2219,U+2299,U+22C4-22C6,U+2300-243F,U+2440-244A,U+2460-24FF,U+25A0-27BF,U+2800-28FF,U+2921-2922,U+2981,U+29BF,U+29EB,U+2B00-2BFF,U+4DC0-4DFF,U+FFF9-FFFB,U+10140-1018E,U+10190-1019C,U+101A0,U+101D0-101FD,U+102E0-102FB,U+10E60-10E7E,U+1D2C0-1D2D3,U+1D2E0-1D37F,U+1F000-1F0FF,U+1F100-1F1AD,U+1F1E6-1F1FF,U+1F30D-1F30F,U+1F315,U+1F31C,U+1F31E,U+1F320-1F32C,U+1F336,U+1F378,U+1F37D,U+1F382,U+1F393-1F39F,U+1F3A7-1F3A8,U+1F3AC-1F3AF,U+1F3C2,U+1F3C4-1F3C6,U+1F3CA-1F3CE,U+1F3D4-1F3E0,U+1F3ED,U+1F3F1-1F3F3,U+1F3F5-1F3F7,U+1F408,U+1F415,U+1F41F,U+1F426,U+1F43F,U+1F441-1F442,U+1F444,U+1F446-1F449,U+1F44C-1F44E,U+1F453,U+1F46A,U+1F47D,U+1F4A3,U+1F4B0,U+1F4B3,U+1F4B9,U+1F4BB,U+1F4BF,U+1F4C8-1F4CB,U+1F4D6,U+1F4DA,U+1F4DF,U+1F4E3-1F4E6,U+1F4EA-1F4ED,U+1F4F7,U+1F4F9-1F4FB,U+1F4FD-1F4FE,U+1F503,U+1F507-1F50B,U+1F50D,U+1F512-1F513,U+1F53E-1F54A,U+1F54F-1F5FA,U+1F610,U+1F650-1F67F,U+1F687,U+1F68D,U+1F691,U+1F694,U+1F698,U+1F6AD,U+1F6B2,U+1F6B9-1F6BA,U+1F6BC,U+1F6C6-1F6CF,U+1F6D3-1F6D7,U+1F6E0-1F6EA,U+1F6F0-1F6F3,U+1F6F7-1F6FC,U+1F700-1F7FF,U+1F800-1F80B,U+1F810-1F847,U+1F850-1F859,U+1F860-1F887,U+1F890-1F8AD,U+1F8B0-1F8BB,U+1F8C0-1F8C1,U+1F900-1F90B,U+1F93B,U+1F946,U+1F984,U+1F996,U+1F9E9,U+1FA00-1FA6F,U+1FA70-1FA7C,U+1FA80-1FA89,U+1FA8F-1FAC6,U+1FACE-1FADC,U+1FADF-1FAE9,U+1FAF0-1FAF8,U+1FB00-1FBFF;\x7d@font-face\x7bfont-family:\x27Google Sans\x27;font-style:normal;font-weight:700;src:url(\/\/fonts.gstatic.com\/s\/googlesans\/v62\/4UaRrENHsxJlGDuGo1OIlJfC6l_24rlCK1Yo_Iq2qACIlsw.woff2)format(\x27woff2\x27);unicode-range:U+0964-0965,U+0B82-0BFA,U+200C-200D,U+20B9,U+25CC;\x7d@font-face\x7bfont-family:\x27Google Sans\x27;font-style:normal;font-weight:700;src:url(\/\/fonts.gstatic.com\/s\/googlesans\/v62\/4UaRrENHsxJlGDuGo1OIlJfC6l_24rlCK1Yo_Iq2ogCIlsw.woff2)format(\x27woff2\x27);unicode-range:U+0951-0952,U+0964-0965,U+0C00-0C7F,U+1CDA,U+1CF2,U+200C-200D,U+25CC;\x7d@font-face\x7bfont-family:\x27Google Sans\x27;font-style:normal;font-weight:700;src:url(\/\/fonts.gstatic.com\/s\/googlesans\/v62\/4UaRrENHsxJlGDuGo1OIlJfC6l_24rlCK1Yo_Iq2qgCIlsw.woff2)format(\x27woff2\x27);unicode-range:U+02D7,U+0303,U+0331,U+0E01-0E5B,U+200C-200D,U+25CC;\x7d@font-face\x7bfont-family:\x27Google Sans\x27;font-style:normal;font-weight:700;src:url(\/\/fonts.gstatic.com\/s\/googlesans\/v62\/4UaRrENHsxJlGDuGo1OIlJfC6l_24rlCK1Yo_Iq2sQCIlsw.woff2)format(\x27woff2\x27);unicode-range:U+0102-0103,U+0110-0111,U+0128-0129,U+0168-0169,U+01A0-01A1,U+01AF-01B0,U+0300-0301,U+0303-0304,U+0308-0309,U+0323,U+0329,U+1EA0-1EF9,U+20AB;\x7d@font-face\x7bfont-family:\x27Google Sans\x27;font-style:normal;font-weight:700;src:url(\/\/fonts.gstatic.com\/s\/googlesans\/v62\/4UaRrENHsxJlGDuGo1OIlJfC6l_24rlCK1Yo_Iq2sACIlsw.woff2)format(\x27woff2\x27);unicode-range:U+0100-02BA,U+02BD-02C5,U+02C7-02CC,U+02CE-02D7,U+02DD-02FF,U+0304,U+0308,U+0329,U+1D00-1DBF,U+1E00-1E9F,U+1EF2-1EFF,U+2020,U+20A0-20AB,U+20AD-20C0,U+2113,U+2C60-2C7F,U+A720-A7FF;\x7d@font-face\x7bfont-family:\x27Google Sans\x27;font-style:normal;font-weight:700;src:url(\/\/fonts.gstatic.com\/s\/googlesans\/v62\/4UaRrENHsxJlGDuGo1OIlJfC6l_24rlCK1Yo_Iq2vgCI.woff2)format(\x27woff2\x27);unicode-range:U+0000-00FF,U+0131,U+0152-0153,U+02BB-02BC,U+02C6,U+02DA,U+02DC,U+0304,U+0308,U+0329,U+2000-206F,U+20AC,U+2122,U+2191,U+2193,U+2212,U+2215,U+FEFF,U+FFFD;\x7d','en-US', false ,[],[],[],[],[],[],[],[],[],[],[],[],[],'IN', null , null , null ,'', false , false , false ,'en','en-US',[null,null,null,null,null,null,[null,true,null,null,null,null,null,false]],'en_US',[null,null,[[null,null,null,[1]],[0.9490196,0.72156864,0.70980394,[1]],[0.54901963,0.11372549,0.09411765,[1]],[0.1882353,0.1882353,0.1882353,[1]],[0.043137256,0.34117648,0.8156863,[1]],[0.8901961,0.8901961,0.8901961,[1]],[0.8901961,0.8901961,0.8901961,[1]],[0.3764706,0.078431375,0.0627451,[1]],[0.9764706,0.87058824,0.8627451,[1]],[0.023529412,0.18039216,0.43529412,[1]],[0.827451,0.8901961,0.99215686,[1]],null,null,[null,0.2,0.33333334,[1]],[0.7607843,0.90588236,1,[1]],null,null,[0.8901961,0.8901961,0.8901961,[1]],[0.76862746,0.78039217,0.77254903,[1]],[0.039215688,0.21960784,0.09411765,[1]],[0.76862746,0.93333334,0.8156863,[1]],null,null,[0.5568628,0.5686275,0.56078434,[1]],[0.26666668,0.2784314,0.27450982,[1]],[0.65882355,0.78039217,0.98039216,[1]],[0.03137255,0.25882354,0.627451,[1]],null,null,[null,null,null,[1]],[0.49803922,0.8117647,1,[1]],[null,0.2901961,0.46666667,[1]],null,null,[null,null,null,[1]],[0.07450981,0.07450981,0.078431375,[1]],[0.21568628,0.22352941,0.23137255,[1]],[0.11764706,0.12156863,0.1254902,[1]],[0.15686275,0.16470589,0.17254902,[1]],[0.2,0.20784314,0.21568628,[1]],[0.105882354,0.105882354,0.105882354,[1]],[0.05490196,0.05490196,0.05490196,[1]],[0.07450981,0.07450981,0.078431375,[1]],[0.26666668,0.2784314,0.27450982,[1]],[0.42745098,0.8352941,0.54901963,[1]],[0.05882353,0.32156864,0.13725491,[1]]],null,null,[[1,1,1,[1]],[0.7019608,0.14901961,0.11764706,[1]],[0.9764706,0.87058824,0.8627451,[1]],[0.9490196,0.9490196,0.9490196,[1]],[0.65882355,0.78039217,0.98039216,[1]],[0.1882353,0.1882353,0.1882353,[1]],[0.12156863,0.12156863,0.12156863,[1]],[1,1,1,[1]],[0.54901963,0.11372549,0.09411765,[1]],[1,1,1,[1]],[0.03137255,0.25882354,0.627451,[1]],null,null,[1,1,1,[1]],[null,0.2901961,0.46666667,[1]],null,null,[0.12156863,0.12156863,0.12156863,[1]],[0.26666668,0.2784314,0.27450982,[1]],[1,1,1,[1]],[0.05882353,0.32156864,0.13725491,[1]],null,null,[0.45490196,0.46666667,0.45882353,[1]],[0.76862746,0.78039217,0.77254903,[1]],[0.043137256,0.34117648,0.8156863,[1]],[0.827451,0.8901961,0.99215686,[1]],null,null,[null,null,null,[1]],[null,0.3882353,0.60784316,[1]],[0.7607843,0.90588236,1,[1]],null,null,[null,null,null,[1]],[1,1,1,[1]],[1,1,1,[1]],[0.9411765,0.95686275,0.9764706,[1]],[0.9137255,0.93333334,0.9647059,[1]],[0.8666667,0.8901961,0.91764706,[1]],[0.972549,0.98039216,0.99215686,[1]],[1,1,1,[1]],[0.827451,0.85882354,0.8980392,[1]],[0.88235295,0.8901961,0.88235295,[1]],[0.078431375,0.42352942,0.18039216,[1]],[0.76862746,0.93333334,0.8156863,[1]]]],'https:\/\/goto2.corp.google.com\/mdtredirect?data_id_filter\x3daccounts.google.com\x26system_name\x3d', null ,'AEObw40pb5q-9mMUcSR3cDZWZOVY:1753192815338','@font-face\x7bfont-family:\x27Noto Sans Myanmar UI\x27;font-style:normal;font-weight:400;src:url(\/\/fonts.gstatic.com\/s\/notosansmyanmarui\/v2\/rP2Yp3-65FkAtHfwd-eIVWbnYDF3ggmpobuq-K4.woff2)format(\x27woff2\x27);unicode-range:U+1000-109F,U+200C-200D,U+25CC,U+A92E,U+A9E0-A9FE,U+AA60-AA7F,U+116D0-116E3,U+0000-00FF,U+0131,U+0152-0153,U+02BB-02BC,U+02C6,U+02DA,U+02DC,U+0304,U+0308,U+0329,U+2000-206F,U+20AC,U+2122,U+2191,U+2193,U+2212,U+2215,U+FEFF,U+FFFD;\x7d','https:\/\/myaccount.google.com\/privacypolicy?hl\x3den-US', null , null ,'@font-face\x7bfont-family:\x27Roboto\x27;font-style:normal;font-weight:100;src:url(\/\/fonts.gstatic.com\/s\/roboto\/v18\/KFOkCnqEu92Fr1MmgVxFIzIFKw.woff2)format(\x27woff2\x27);unicode-range:U+0460-052F,U+1C80-1C8A,U+20B4,U+2DE0-2DFF,U+A640-A69F,U+FE2E-FE2F;\x7d@font-face\x7bfont-family:\x27Roboto\x27;font-style:normal;font-weight:100;src:url(\/\/fonts.gstatic.com\/s\/roboto\/v18\/KFOkCnqEu92Fr1MmgVxMIzIFKw.woff2)format(\x27woff2\x27);unicode-range:U+0301,U+0400-045F,U+0490-0491,U+04B0-04B1,U+2116;\x7d@font-face\x7bfont-family:\x27Roboto\x27;font-style:normal;font-weight:100;src:url(\/\/fonts.gstatic.com\/s\/roboto\/v18\/KFOkCnqEu92Fr1MmgVxEIzIFKw.woff2)format(\x27woff2\x27);unicode-range:U+1F00-1FFF;\x7d@font-face\x7bfont-family:\x27Roboto\x27;font-style:normal;font-weight:100;src:url(\/\/fonts.gstatic.com\/s\/roboto\/v18\/KFOkCnqEu92Fr1MmgVxLIzIFKw.woff2)format(\x27woff2\x27);unicode-range:U+0370-0377,U+037A-037F,U+0384-038A,U+038C,U+038E-03A1,U+03A3-03FF;\x7d@font-face\x7bfont-family:\x27Roboto\x27;font-style:normal;font-weight:100;src:url(\/\/fonts.gstatic.com\/s\/roboto\/v18\/KFOkCnqEu92Fr1MmgVxHIzIFKw.woff2)format(\x27woff2\x27);unicode-range:U+0102-0103,U+0110-0111,U+0128-0129,U+0168-0169,U+01A0-01A1,U+01AF-01B0,U+0300-0301,U+0303-0304,U+0308-0309,U+0323,U+0329,U+1EA0-1EF9,U+20AB;\x7d@font-face\x7bfont-family:\x27Roboto\x27;font-style:normal;font-weight:100;src:url(\/\/fonts.gstatic.com\/s\/roboto\/v18\/KFOkCnqEu92Fr1MmgVxGIzIFKw.woff2)format(\x27woff2\x27);unicode-range:U+0100-02BA,U+02BD-02C5,U+02C7-02CC,U+02CE-02D7,U+02DD-02FF,U+0304,U+0308,U+0329,U+1D00-1DBF,U+1E00-1E9F,U+1EF2-1EFF,U+2020,U+20A0-20AB,U+20AD-20C0,U+2113,U+2C60-2C7F,U+A720-A7FF;\x7d@font-face\x7bfont-family:\x27Roboto\x27;font-style:normal;font-weight:100;src:url(\/\/fonts.gstatic.com\/s\/roboto\/v18\/KFOkCnqEu92Fr1MmgVxIIzI.woff2)format(\x27woff2\x27);unicode-range:U+0000-00FF,U+0131,U+0152-0153,U+02BB-02BC,U+02C6,U+02DA,U+02DC,U+0304,U+0308,U+0329,U+2000-206F,U+20AC,U+2122,U+2191,U+2193,U+2212,U+2215,U+FEFF,U+FFFD;\x7d@font-face\x7bfont-family:\x27Roboto\x27;font-style:normal;font-weight:300;src:url(\/\/fonts.gstatic.com\/s\/roboto\/v18\/KFOlCnqEu92Fr1MmSU5fCRc4EsA.woff2)format(\x27woff2\x27);unicode-range:U+0460-052F,U+1C80-1C8A,U+20B4,U+2DE0-2DFF,U+A640-A69F,U+FE2E-FE2F;\x7d@font-face\x7bfont-family:\x27Roboto\x27;font-style:normal;font-weight:300;src:url(\/\/fonts.gstatic.com\/s\/roboto\/v18\/KFOlCnqEu92Fr1MmSU5fABc4EsA.woff2)format(\x27woff2\x27);unicode-range:U+0301,U+0400-045F,U+0490-0491,U+04B0-04B1,U+2116;\x7d@font-face\x7bfont-family:\x27Roboto\x27;font-style:normal;font-weight:300;src:url(\/\/fonts.gstatic.com\/s\/roboto\/v18\/KFOlCnqEu92Fr1MmSU5fCBc4EsA.woff2)format(\x27woff2\x27);unicode-range:U+1F00-1FFF;\x7d@font-face\x7bfont-family:\x27Roboto\x27;font-style:normal;font-weight:300;src:url(\/\/fonts.gstatic.com\/s\/roboto\/v18\/KFOlCnqEu92Fr1MmSU5fBxc4EsA.woff2)format(\x27woff2\x27);unicode-range:U+0370-0377,U+037A-037F,U+0384-038A,U+038C,U+038E-03A1,U+03A3-03FF;\x7d@font-face\x7bfont-family:\x27Roboto\x27;font-style:normal;font-weight:300;src:url(\/\/fonts.gstatic.com\/s\/roboto\/v18\/KFOlCnqEu92Fr1MmSU5fCxc4EsA.woff2)format(\x27woff2\x27);unicode-range:U+0102-0103,U+0110-0111,U+0128-0129,U+0168-0169,U+01A0-01A1,U+01AF-01B0,U+0300-0301,U+0303-0304,U+0308-0309,U+0323,U+0329,U+1EA0-1EF9,U+20AB;\x7d@font-face\x7bfont-family:\x27Roboto\x27;font-style:normal;font-weight:300;src:url(\/\/fonts.gstatic.com\/s\/roboto\/v18\/KFOlCnqEu92Fr1MmSU5fChc4EsA.woff2)format(\x27woff2\x27);unicode-range:U+0100-02BA,U+02BD-02C5,U+02C7-02CC,U+02CE-02D7,U+02DD-02FF,U+0304,U+0308,U+0329,U+1D00-1DBF,U+1E00-1E9F,U+1EF2-1EFF,U+2020,U+20A0-20AB,U+20AD-20C0,U+2113,U+2C60-2C7F,U+A720-A7FF;\x7d@font-face\x7bfont-family:\x27Roboto\x27;font-style:normal;font-weight:300;src:url(\/\/fonts.gstatic.com\/s\/roboto\/v18\/KFOlCnqEu92Fr1MmSU5fBBc4.woff2)format(\x27woff2\x27);unicode-range:U+0000-00FF,U+0131,U+0152-0153,U+02BB-02BC,U+02C6,U+02DA,U+02DC,U+0304,U+0308,U+0329,U+2000-206F,U+20AC,U+2122,U+2191,U+2193,U+2212,U+2215,U+FEFF,U+FFFD;\x7d@font-face\x7bfont-family:\x27Roboto\x27;font-style:normal;font-weight:400;src:url(\/\/fonts.gstatic.com\/s\/roboto\/v18\/KFOmCnqEu92Fr1Mu72xKOzY.woff2)format(\x27woff2\x27);unicode-range:U+0460-052F,U+1C80-1C8A,U+20B4,U+2DE0-2DFF,U+A640-A69F,U+FE2E-FE2F;\x7d@font-face\x7bfont-family:\x27Roboto\x27;font-style:normal;font-weight:400;src:url(\/\/fonts.gstatic.com\/s\/roboto\/v18\/KFOmCnqEu92Fr1Mu5mxKOzY.woff2)format(\x27woff2\x27);unicode-range:U+0301,U+0400-045F,U+0490-0491,U+04B0-04B1,U+2116;\x7d@font-face\x7bfont-family:\x27Roboto\x27;font-style:normal;font-weight:400;src:url(\/\/fonts.gstatic.com\/s\/roboto\/v18\/KFOmCnqEu92Fr1Mu7mxKOzY.woff2)format(\x27woff2\x27);unicode-range:U+1F00-1FFF;\x7d@font-face\x7bfont-family:\x27Roboto\x27;font-style:normal;font-weight:400;src:url(\/\/fonts.gstatic.com\/s\/roboto\/v18\/KFOmCnqEu92Fr1Mu4WxKOzY.woff2)format(\x27woff2\x27);unicode-range:U+0370-0377,U+037A-037F,U+0384-038A,U+038C,U+038E-03A1,U+03A3-03FF;\x7d@font-face\x7bfont-family:\x27Roboto\x27;font-style:normal;font-weight:400;src:url(\/\/fonts.gstatic.com\/s\/roboto\/v18\/KFOmCnqEu92Fr1Mu7WxKOzY.woff2)format(\x27woff2\x27);unicode-range:U+0102-0103,U+0110-0111,U+0128-0129,U+0168-0169,U+01A0-01A1,U+01AF-01B0,U+0300-0301,U+0303-0304,U+0308-0309,U+0323,U+0329,U+1EA0-1EF9,U+20AB;\x7d@font-face\x7bfont-family:\x27Roboto\x27;font-style:normal;font-weight:400;src:url(\/\/fonts.gstatic.com\/s\/roboto\/v18\/KFOmCnqEu92Fr1Mu7GxKOzY.woff2)format(\x27woff2\x27);unicode-range:U+0100-02BA,U+02BD-02C5,U+02C7-02CC,U+02CE-02D7,U+02DD-02FF,U+0304,U+0308,U+0329,U+1D00-1DBF,U+1E00-1E9F,U+1EF2-1EFF,U+2020,U+20A0-20AB,U+20AD-20C0,U+2113,U+2C60-2C7F,U+A720-A7FF;\x7d@font-face\x7bfont-family:\x27Roboto\x27;font-style:normal;font-weight:400;src:url(\/\/fonts.gstatic.com\/s\/roboto\/v18\/KFOmCnqEu92Fr1Mu4mxK.woff2)format(\x27woff2\x27);unicode-range:U+0000-00FF,U+0131,U+0152-0153,U+02BB-02BC,U+02C6,U+02DA,U+02DC,U+0304,U+0308,U+0329,U+2000-206F,U+20AC,U+2122,U+2191,U+2193,U+2212,U+2215,U+FEFF,U+FFFD;\x7d@font-face\x7bfont-family:\x27Roboto\x27;font-style:normal;font-weight:500;src:url(\/\/fonts.gstatic.com\/s\/roboto\/v18\/KFOlCnqEu92Fr1MmEU9fCRc4EsA.woff2)format(\x27woff2\x27);unicode-range:U+0460-052F,U+1C80-1C8A,U+20B4,U+2DE0-2DFF,U+A640-A69F,U+FE2E-FE2F;\x7d@font-face\x7bfont-family:\x27Roboto\x27;font-style:normal;font-weight:500;src:url(\/\/fonts.gstatic.com\/s\/roboto\/v18\/KFOlCnqEu92Fr1MmEU9fABc4EsA.woff2)format(\x27woff2\x27);unicode-range:U+0301,U+0400-045F,U+0490-0491,U+04B0-04B1,U+2116;\x7d@font-face\x7bfont-family:\x27Roboto\x27;font-style:normal;font-weight:500;src:url(\/\/fonts.gstatic.com\/s\/roboto\/v18\/KFOlCnqEu92Fr1MmEU9fCBc4EsA.woff2)format(\x27woff2\x27);unicode-range:U+1F00-1FFF;\x7d@font-face\x7bfont-family:\x27Roboto\x27;font-style:normal;font-weight:500;src:url(\/\/fonts.gstatic.com\/s\/roboto\/v18\/KFOlCnqEu92Fr1MmEU9fBxc4EsA.woff2)format(\x27woff2\x27);unicode-range:U+0370-0377,U+037A-037F,U+0384-038A,U+038C,U+038E-03A1,U+03A3-03FF;\x7d@font-face\x7bfont-family:\x27Roboto\x27;font-style:normal;font-weight:500;src:url(\/\/fonts.gstatic.com\/s\/roboto\/v18\/KFOlCnqEu92Fr1MmEU9fCxc4EsA.woff2)format(\x27woff2\x27);unicode-range:U+0102-0103,U+0110-0111,U+0128-0129,U+0168-0169,U+01A0-01A1,U+01AF-01B0,U+0300-0301,U+0303-0304,U+0308-0309,U+0323,U+0329,U+1EA0-1EF9,U+20AB;\x7d@font-face\x7bfont-family:\x27Roboto\x27;font-style:normal;font-weight:500;src:url(\/\/fonts.gstatic.com\/s\/roboto\/v18\/KFOlCnqEu92Fr1MmEU9fChc4EsA.woff2)format(\x27woff2\x27);unicode-range:U+0100-02BA,U+02BD-02C5,U+02C7-02CC,U+02CE-02D7,U+02DD-02FF,U+0304,U+0308,U+0329,U+1D00-1DBF,U+1E00-1E9F,U+1EF2-1EFF,U+2020,U+20A0-20AB,U+20AD-20C0,U+2113,U+2C60-2C7F,U+A720-A7FF;\x7d@font-face\x7bfont-family:\x27Roboto\x27;font-style:normal;font-weight:500;src:url(\/\/fonts.gstatic.com\/s\/roboto\/v18\/KFOlCnqEu92Fr1MmEU9fBBc4.woff2)format(\x27woff2\x27);unicode-range:U+0000-00FF,U+0131,U+0152-0153,U+02BB-02BC,U+02C6,U+02DA,U+02DC,U+0304,U+0308,U+0329,U+2000-206F,U+20AC,U+2122,U+2191,U+2193,U+2212,U+2215,U+FEFF,U+FFFD;\x7d@font-face\x7bfont-family:\x27Roboto\x27;font-style:normal;font-weight:700;src:url(\/\/fonts.gstatic.com\/s\/roboto\/v18\/KFOlCnqEu92Fr1MmWUlfCRc4EsA.woff2)format(\x27woff2\x27);unicode-range:U+0460-052F,U+1C80-1C8A,U+20B4,U+2DE0-2DFF,U+A640-A69F,U+FE2E-FE2F;\x7d@font-face\x7bfont-family:\x27Roboto\x27;font-style:normal;font-weight:700;src:url(\/\/fonts.gstatic.com\/s\/roboto\/v18\/KFOlCnqEu92Fr1MmWUlfABc4EsA.woff2)format(\x27woff2\x27);unicode-range:U+0301,U+0400-045F,U+0490-0491,U+04B0-04B1,U+2116;\x7d@font-face\x7bfont-family:\x27Roboto\x27;font-style:normal;font-weight:700;src:url(\/\/fonts.gstatic.com\/s\/roboto\/v18\/KFOlCnqEu92Fr1MmWUlfCBc4EsA.woff2)format(\x27woff2\x27);unicode-range:U+1F00-1FFF;\x7d@font-face\x7bfont-family:\x27Roboto\x27;font-style:normal;font-weight:700;src:url(\/\/fonts.gstatic.com\/s\/roboto\/v18\/KFOlCnqEu92Fr1MmWUlfBxc4EsA.woff2)format(\x27woff2\x27);unicode-range:U+0370-0377,U+037A-037F,U+0384-038A,U+038C,U+038E-03A1,U+03A3-03FF;\x7d@font-face\x7bfont-family:\x27Roboto\x27;font-style:normal;font-weight:700;src:url(\/\/fonts.gstatic.com\/s\/roboto\/v18\/KFOlCnqEu92Fr1MmWUlfCxc4EsA.woff2)format(\x27woff2\x27);unicode-range:U+0102-0103,U+0110-0111,U+0128-0129,U+0168-0169,U+01A0-01A1,U+01AF-01B0,U+0300-0301,U+0303-0304,U+0308-0309,U+0323,U+0329,U+1EA0-1EF9,U+20AB;\x7d@font-face\x7bfont-family:\x27Roboto\x27;font-style:normal;font-weight:700;src:url(\/\/fonts.gstatic.com\/s\/roboto\/v18\/KFOlCnqEu92Fr1MmWUlfChc4EsA.woff2)format(\x27woff2\x27);unicode-range:U+0100-02BA,U+02BD-02C5,U+02C7-02CC,U+02CE-02D7,U+02DD-02FF,U+0304,U+0308,U+0329,U+1D00-1DBF,U+1E00-1E9F,U+1EF2-1EFF,U+2020,U+20A0-20AB,U+20AD-20C0,U+2113,U+2C60-2C7F,U+A720-A7FF;\x7d@font-face\x7bfont-family:\x27Roboto\x27;font-style:normal;font-weight:700;src:url(\/\/fonts.gstatic.com\/s\/roboto\/v18\/KFOlCnqEu92Fr1MmWUlfBBc4.woff2)format(\x27woff2\x27);unicode-range:U+0000-00FF,U+0131,U+0152-0153,U+02BB-02BC,U+02C6,U+02DA,U+02DC,U+0304,U+0308,U+0329,U+2000-206F,U+20AC,U+2122,U+2191,U+2193,U+2212,U+2215,U+FEFF,U+FFFD;\x7d', false , null ,[false,false],'https:\/\/www.gstatic.com\/_\/boq-identity\/_\/r\/','https:\/\/myaccount.google.com\/termsofservice?hl\x3den-US', 1.753192815344E12 , 1.7356698E12 , 1.7531226E12 ,'S573162389:1753192815235993', 0.0 , null , null , false , null , 2025.0 ,]; window.IJ_valuesCb && window.IJ_valuesCb();</script><script class="ds:5" nonce="">AF_initDataCallback({key: 'ds:5', hash: '1', data:["youtube",[["https://accounts.youtube.com/accounts/CheckConnection?pmpo\u003dhttps://accounts.google.com\u0026v\u003d-1374652854","youtube"]]], sideChannel: {}});</script><script class="ds:4" nonce="">AF_initDataCallback({key: 'ds:4', hash: '2', data:[1], sideChannel: {}});</script><script class="ds:0" nonce="">AF_initDataCallback({key: 'ds:0', hash: '3', data:[[["af","Afrikaans"],["az","azərbaycan"],["bs","bosanski"],["ca","català"],["cs","Čeština"],["cy","Cymraeg"],["da","Dansk"],["de","Deutsch"],["et","eesti"],["en-GB","English (United Kingdom)"],["en-US","English (United States)"],["es-ES","Español (España)"],["es-419","Español (Latinoamérica)"],["eu","euskara"],["fil","Filipino"],["fr-CA","Français (Canada)"],["fr-FR","Français (France)"],["ga","Gaeilge"],["gl","galego"],["hr","Hrvatski"],["id","Indonesia"],["zu","isiZulu"],["is","íslenska"],["it","Italiano"],["sw","Kiswahili"],["lv","latviešu"],["lt","lietuvių"],["hu","magyar"],["ms","Melayu"],["nl","Nederlands"],["no","norsk"],["uz","o‘zbek"],["pl","polski"],["pt-BR","Português (Brasil)"],["pt-PT","Português (Portugal)"],["ro","română"],["sq","shqip"],["sk","Slovenčina"],["sl","slovenščina"],["sr-Latn","srpski (latinica)"],["fi","Suomi"],["sv","Svenska"],["vi","Tiếng Việt"],["tr","Türkçe"],["el","Ελληνικά"],["be","беларуская"],["bg","български"],["ky","кыргызча"],["kk","қазақ тілі"],["mk","македонски"],["mn","монгол"],["ru","Русский"],["sr-Cyrl","српски (ћирилица)"],["uk","Українська"],["ka","ქართული"],["hy","հայերեն"],["iw","עברית"],["ur","اردو"],["ar","العربية"],["fa","فارسی"],["am","አማርኛ"],["ne","नेपाली"],["mr","मराठी"],["hi","हिन्दी"],["as","অসমীয়া"],["bn","বাংলা"],["pa","ਪੰਜਾਬੀ"],["gu","ગુજરાતી"],["or","ଓଡ଼ିଆ"],["ta","தமிழ்"],["te","తెలుగు"],["kn","ಕನ್ನಡ"],["ml","മലയാളം"],["si","සිංහල"],["th","ไทย"],["lo","ລາວ"],["my","မြန်မာ"],["km","ខ្មែរ"],["ko","한국어"],["zh-HK","中文（香港）"],["ja","日本語"],["zh-CN","简体中文"],["zh-TW","繁體中文"]],"en-US"], sideChannel: {}});</script><script class="ds:3" nonce="">AF_initDataCallback({key: 'ds:3', hash: '4', data:[null,null,null,"identity-signin-identifier",["bfkj",[null,null,null,null,null,"//# sourceMappingURL\u003ddata:application/json;charset\u003dutf-8;base64,eyJ2ZXJzaW9uIjogMywic291cmNlcyI6WyIiXSwic291cmNlc0NvbnRlbnQiOlsiICJdLCJuYW1lcyI6WyJjbG9zdXJlRHluYW1pY0J1dHRvbiJdLCJtYXBwaW5ncyI6IkFBQUE7QUFBQTtBQUFBO0FBQUE7QUFBQTtBQUFBO0FBQUEifQ\u003d\u003d\n(function(){var x\u003dfunction(U,u,c,S,J,d,E,w,C,H,V,I,r,y,e,D,L,q,X,t,l,z,M){{l\u003d73;while(l!\u003d91)if(l\u003d\u003d54)u.addEventListener(J,S,c),l\u003d47;else if(l\u003d\u003d87)l\u003d(U\u003c\u003c1\u002615)\u003d\u003d2?18:62;else if(l\u003d\u003d18)q\u003dfunction(){},E\u003dvoid 0,S\u003dv(c,function(K,G){for(G\u003d75;G!\u003d19;)G\u003d\u003d62?(u\u0026\u0026h(u),E\u003dK,q(),q\u003dvoid 0,G\u003d19):G\u003d\u003d75\u0026\u0026(G\u003dq?62:19)},!!u),J\u003dS[0],d\u003dS[1],X\u003d{invoke:function(K,G,g,O,m,f,T){for(f\u003d83;f!\u003d75;)if(f\u003d\u003d23)f\u003dG?77:2;else if(f\u003d\u003d77)f\u003dE?22:76;else if(f\u003d\u003d83)T\u003dfunction(){E(function(A){h(function(){K(A)})},g)},f\u003d23;else if(f\u003d\u003d22)T(),f\u003d75;else{if(f\u003d\u003d2)return O\u003dJ(g),K\u0026\u0026K(O),O;f\u003d\u003d76\u0026\u0026(m\u003dq,q\u003dfunction(){h((m(),T))},f\u003d75)}},pe:function(K){d\u0026\u0026d(K)}},l\u003d62;else if(l\u003d\u003d96)M\u003dfunction(){},L\u003dfunction(K,G,g){for(g\u003d(G\u003d11,66);;)try{if(G\u003d\u003d65)break;else{if(G\u003d\u003d72)return g\u003d66,\"\"+K;if(G\u003d\u003d11)return g\u003d68,r.contentWindow.location.href.match(/^h/)?null:!1}}catch(O){if(g\u003d\u003d66)throw O;g\u003d\u003d68\u0026\u0026(K\u003dO,G\u003d72)}},D\u003dfunction(){(C.push(60,+new Date-V),clearInterval(w),d.f\u003dvoid 0,M)(),M\u003dvoid 0},t\u003dfunction(K,G,g){for(g\u003d26;g!\u003d9;)g\u003d\u003d66?g\u003dK\u003e5?15:36:g\u003d\u003d26?(G\u003d+new Date,C.push(82,G-V,K),g\u003d66):g\u003d\u003d15?(C.push(35,G-V),D(),g\u003d9):g\u003d\u003d36\u0026\u0026(e\u003dG,y\u003dK,r\u003ddocument.createElement(\"iframe\"),x(44,r,!1,function(O,m){for(m\u003d55;m!\u003d59;)m\u003d\u003d71?m\u003dO\u003d\u003d\u003dnull?80:69:m\u003d\u003d55?m\u003dK\u003d\u003d\u003dy?2:59:m\u003d\u003d80?(C.push(15,+new Date-V),I\u003dr.contentWindow,r\u003dnull,y\u003d0,clearInterval(w),M(),M\u003dvoid 0,m\u003d59):m\u003d\u003d2?(O\u003dL(),m\u003d71):m\u003d\u003d69\u0026\u0026(C.push(29,G-V,O),z(),t(K+S),m\u003d59)},c),x(43,r,!1,function(O){for(O\u003d0;O!\u003d51;)O\u003d\u003d0?O\u003dK\u003d\u003d\u003dy?68:51:O\u003d\u003d68\u0026\u0026(C.push(J,G-V),z(),t(K+S),O\u003d51)},\"error\"),r.style.display\u003du,r.src\u003dE,H.appendChild(r),g\u003d9)},z\u003dfunction(){y\u003d(r\u003d(H.removeChild(r),null),0)},r\u003dnull,C\u003d[],y\u003d0,d.f\u003dfunction(K,G,g){for(g\u003d28;g!\u003d49;)g\u003d\u003d0?(G\u003dM,M\u003dfunction(){(G(),setTimeout)(function(){K(I,C)},0)},g\u003d49):g\u003d\u003d28?g\u003dM?0:26:g\u003d\u003d26\u0026\u0026(K(I,C),g\u003d49)},V\u003d+new Date,H\u003ddocument.body||document.documentElement.lastChild,w\u003dsetInterval(function(K,G,g,O){for(O\u003d44;O!\u003d20;)O\u003d\u003d67?O\u003dg-V\u003e2E4?73:21:O\u003d\u003d78?(G\u003dy,g\u003d+new Date,O\u003d67):O\u003d\u003d44?O\u003dr?78:20:O\u003d\u003d25?O\u003dg-e\u003e6E3?99:20:O\u003d\u003d99?(C.push(87,g-V),z(),t(G+S),O\u003d20):O\u003d\u003d40?(C.push(93,g-V,K),z(),t(G+S),O\u003d20):O\u003d\u003d21?O\u003d(K\u003dL())?40:25:O\u003d\u003d73\u0026\u0026(C.push(66,g-V),z(),D(),O\u003d20)},512),t(S),l\u003d97;else if(l\u003d\u003d62)l\u003d(U+7\u002614)\u003d\u003d2?54:47;else{if(l\u003d\u003d97)return X;if(l\u003d\u003d32)l\u003d(U^18)\u003e\u003e3\u003d\u003d1?77:87;else if(l\u003d\u003d77){if((J\u003dc,d\u003dk.trustedTypes)\u0026\u0026d.createPolicy){try{J\u003dd.createPolicy(u,{createHTML:N,createScript:N,createScriptURL:N})}catch(K){if(k.console)k.console[S](K.message)}X\u003dJ}else X\u003dJ;l\u003d87}else l\u003d\u003d47?l\u003d(U|2)\u003e\u003e3\u003d\u003d1?96:97:l\u003d\u003d73\u0026\u0026(l\u003d32)}}},v\u003dfunction(U,u,c,S,J,d,E,w){return W.call(this,\"load\",U,J,c,d,u,8,S,E,w)},P,N\u003dfunction(U){return Y.call(this,2,9,U)},W\u003dfunction(U,u,c,S,J,d,E,w,C,H,V,I){for(I\u003d35;I!\u003d42;)if(I\u003d\u003d76)C\u003dP,C[S]||x(8,u,U,d,w,C,J),C[S](c),I\u003d83;else if(I\u003d\u003d35)I\u003d33;else if(I\u003d\u003d73)I\u003d(E|24)\u003d\u003dE?76:83;else if(I\u003d\u003d87)V\u003d(H\u003dP[u.substring(0,3)+\"_\"])?H(u.substring(3),d,S,w,c,J,C):Y(2,8,d,u),I\u003d73;else if(I\u003d\u003d33)I\u003d(E\u0026105)\u003d\u003dE?87:73;else if(I\u003d\u003d83)return V},Y\u003dfunction(U,u,c,S,J,d,E,w,C,H){{H\u003d4;while(H!\u003d23)if(H\u003d\u003d97)C\u003dc,H\u003d66;else if(H\u003d\u003d4)H\u003d59;else if(H\u003d\u003d26)H\u003d((u^35)\u00267)\u003d\u003dU?97:66;else if(H\u003d\u003d87)C\u003d(w\u003dx(24,d,c,J))\u0026\u0026E.eval(w.createScript(\"1\"))\u003d\u003d\u003d1?function(V){return w.createScript(V)}:function(V){return S+V},H\u003d26;else if(H\u003d\u003d81)c(function(V){V(S)}),C\u003d[function(){return S},function(){}],H\u003d83;else if(H\u003d\u003d59)H\u003d(u\u002692)\u003d\u003du?81:83;else{if(H\u003d\u003d66)return C;H\u003d\u003d83\u0026\u0026(H\u003du-5\u00265?26:87)}}},k\u003dthis||self,R\u003dfunction(U,u,c,S,J,d){return x.call(this,17,u,U,c,S,J,d)},h\u003dk.requestIdleCallback?function(U){requestIdleCallback(function(){U()},{timeout:4})}:k.setImmediate?function(U){setImmediate(U)}:function(U){setTimeout(U,0)};(P\u003dk.botguard||(k.botguard\u003d{}),P.m)\u003e40||(P.m\u003d41,P.bg\u003dR,P.a\u003dv),P.nbR_\u003dfunction(U,u,c,S,J,d,E,w,C,H,V){while([])if(w\u003dU.lastIndexOf(\"//\"),true)break;return[function(I){return V?V(I):\"FNL~\"},(W((C\u003datob(U.substr(w+2)),\"load\"),\"none\",function(I,r,y,e,D,L,q,X){while({})if(X\u003d91,\"r\")break;{q\u003d98;while(!([]\u003d\u003dtrue)\u003d\u003d!\"\")try{if(X\u003d\u003d44)break;else if(X\u003d\u003d68)y\u003dY(2,12,u,D),H\u003dy[1],V\u003dy[0],X\u003d44;else if(X\u003d\u003d91)D\u003d\"FNL\"+r,X\u003d60;else if(X\u003d\u003d60)X\u003dI?47:68;else if(X\u003d\u003d47){e\u003dI.eval(Y(2,5,null,(q\u003d79,\"\"),\"error\",\"bg\",I)(Array(Math.random()*7824|0).join(\"\\n\")+['//# sourceMappingURL\u003ddata:application/json;charset\u003dutf-8;base64,eyJ2ZXJzaW9uIjogMywic291cmNlcyI6WyIiXSwic291cmNlc0NvbnRlbnQiOlsiICJdLCJuYW1lcyI6WyJjbG9zdXJlRHluYW1pY0J1dHRvbiJdLCJtYXBwaW5ncyI6IkFBQUE7QUFBQTtBQUFBO0FBQUE7QUFBQTtBQUFBO0FBQUEifQ\u003d\u003d',\n'(function(){/*',\n'',\n' Copyright Google LLC',\n' SPDX-License-Identifier: Apache-2.0',\n'*/',\n'var cQ\u003dfunction(g,H,O,C,V,K,u,U,d,l,G,I,S,c,X,J){for(X\u003d(J\u003d72,30);;)try{if(J\u003d\u003d68)break;else if(J\u003d\u003d59)J\u003dg+3\u003e\u003d16\u0026\u0026(g\u003c\u003c1\u00266)\u003c5?2:55;else if(J\u003d\u003d53)J\u003dg\u003e\u003e2\u003c8\u0026\u0026g-4\u003e\u003d4?54:59;else if(J\u003d\u003d89)G++,J\u003d69;else if(J\u003d\u003d71)J\u003d69;else{if(J\u003d\u003d55)return S;if(J\u003d\u003d80)S\u003dd,J\u003d55;else if(J\u003d\u003d77)O.g\u003dK,l\u003dO.V.pop(),J\u003d0;else if(J\u003d\u003d69)J\u003dG\u003cO.length?90:59;else if(J\u003d\u003d2)J\u003d28;else if(J\u003d\u003d54)I\u003dfunction(w){w\u0026\u0026U.appendChild(typeof w\u003d\u003d\u003d\"string\"?H.createTextNode(w):w)},G\u003dK,J\u003d71;else if(J\u003d\u003d26){a:{if(l\u0026\u0026typeof l.length\u003d\u003d\"number\"){if(M(55,V,l)){d\u003dtypeof l.item\u003d\u003d\"function\"||typeof l.item\u003d\u003d\"string\";break a}if(typeof l\u003d\u003d\u003d\"function\"){d\u003dtypeof l.item\u003d\u003d\"function\";break a}}d\u003dfalse}J\u003d(ul(2,C,6,0,d?KQ(3,0,l):l,I),89)}else J\u003d\u003d15?(X\u003d30,v(85,V,c,O),J\u003d22):J\u003d\u003d36?(U\u003dO.g,U(function(){ll(false,C,27,u,C,O)}),J\u003d80):J\u003d\u003d9?(I(l),J\u003d89):J\u003d\u003d97?J\u003d28:J\u003d\u003d72?J\u003d53:J\u003d\u003d28?J\u003dO.V.length?77:80:J\u003d\u003d0?(X\u003d94,d\u003ddq(l,O,C,25),J\u003d22):J\u003d\u003d86?J\u003dH\u0026\u0026O.g?36:97:J\u003d\u003d90?(l\u003dO[G],J\u003d51):J\u003d\u003d51?J\u003d!JQ(V,57,\"number\",u,l)||M(58,V,l)\u0026\u0026l.nodeType\u003e0?9:26:J\u003d\u003d22\u0026\u0026(X\u003d30,J\u003d86)}}catch(w){if(X\u003d\u003d30)throw w;X\u003d\u003d94\u0026\u0026(c\u003dw,J\u003d15)}},KQ\u003dfunction(g,H,O,C,V,K,u,U,d,l,G,I,S){{S\u003d75;while(S!\u003d19)if(S\u003d\u003d77)C\u003dH,I\u003dfunction(){return C\u003cO.length?{done:false,value:O[C++]}:{done:true}},S\u003d57;else if(S\u003d\u003d62)S\u003d(g-8|47)\u003cg\u0026\u0026(g+3^29)\u003e\u003dg?23:8;else if(S\u003d\u003d22)OQ.call(this),H||gq||(gq\u003dnew HQ),this.v\u003dthis.sS\u003dnull,this.Fr\u003dvoid 0,this.wn\u003dfalse,this.ME\u003dnull,this.w$\u003dfalse,this.jZ\u003dthis.Ki\u003dnull,S\u003d42;else{if(S\u003d\u003d42)return I;if(S\u003d\u003d2){if((K.K\u003d(((U\u003d(G\u003d(d\u003d(O||K.DI++,K).Bz\u003e0\u0026\u0026K.JK\u0026\u0026K.MN\u0026\u0026K.qE\u003c\u003d1\u0026\u0026!K.m\u0026\u0026!K.g\u0026\u0026(!O||K.SZ-C\u003e1)\u0026\u0026document.hidden\u003d\u003d0,(u\u003dK.DI\u003d\u003d4)||d?K.N():K.j5),G-K.j5),K).o+\u003dU\u003e\u003eH\u003e0,K).h\u0026\u0026(K.h^\u003d(K.o+1\u003e\u003e2)*(U\u003c\u003c2)),K.o+1\u003e\u003e2!\u003d0||K.K),u)||d)K.DI\u003d0,K.j5\u003dG;d?(K.Bz\u003eK.QF\u0026\u0026(K.QF\u003dK.Bz),G-K.mW\u003cK.Bz-(V?255:O?5:2)?I\u003dfalse:(K.SZ\u003dC,l\u003dm(O?81:427,K),t(427,K,K.J),K.V.push([GR,l,O?C+1:C,K.R,K.H]),K.g\u003dCQ,I\u003dtrue)):I\u003dfalse,S\u003d83}else if(S\u003d\u003d75)S\u003d62;else if(S\u003d\u003d8)S\u003d(g^18)\u003c22\u0026\u0026(g\u003c\u003c1\u002611)\u003e\u003d3?77:57;else if(S\u003d\u003d57)S\u003d((g^73)\u002615)\u003d\u003d3?2:83;else if(S\u003d\u003d83)S\u003dg\u003c\u003c1\u002612?42:22;else if(S\u003d\u003d23){if((C\u003dO.length,C)\u003eH){for(K\u003d(V\u003dArray(C),H);K\u003cC;K++)V[K]\u003dO[K];I\u003dV}else I\u003d[];S\u003d8}}}},rq\u003dfunction(g,H,O,C,V,K,u,U,d,l,G,I){for(G\u003d8;G!\u003d49;)if(G\u003d\u003d83)this.TO\u003dL.document||document,G\u003d4;else if(G\u003d\u003d23)G\u003d(H\u002615)\u003d\u003dH?83:4;else if(G\u003d\u003d42)G\u003d(H\u002656)\u003d\u003dH?92:2;else if(G\u003d\u003d66)I\u003dK,G\u003d23;else if(G\u003d\u003d84)G\u003d98;else if(G\u003d\u003d8)G\u003d42;else if(G\u003d\u003d59)u\u003d0,K\u003d[],l\u003d0,G\u003d26;else if(G\u003d\u003d92)I\u003d!!(K\u003dV.e5,-~C-(K\u0026~C)-(~K^C)+O*(K|~C)),G\u003d2;else if(G\u003d\u003d26)G\u003dg;else if(G\u003d\u003d97)l+\u003dC,U\u003d(V\u003dU\u003c\u003cC,d\u003dO[u],-~V+(V^d)+(~V^d)+(~V\u0026d)),G\u003d19;else if(G\u003d\u003d2)G\u003dH-2\u003c\u003c2\u003e\u003dH\u0026\u0026(H-6|40)\u003cH?59:23;else if(G\u003d\u003d87)u++,G\u003dg;else if(G\u003d\u003d98)G\u003dl\u003e7?17:87;else if(G\u003d\u003d19)G\u003d98;else if(G\u003d\u003d17)l-\u003d8,K.push(U\u003e\u003el\u0026255),G\u003d84;else{if(G\u003d\u003d4)return I;G\u003d\u003dg\u0026\u0026(G\u003du\u003cO.length?97:66)}},qs\u003dfunction(g,H,O,C,V,K,u,U,d,l,G,I){{I\u003d44;while(I!\u003d21){if(I\u003d\u003d68)return G;I\u003d\u003d44?I\u003d98:I\u003d\u003d98?I\u003d(O-2|16)\u003cO\u0026\u0026(O+5^31)\u003e\u003dO?g:60:I\u003d\u003d79?(l\u003dnew z(H,d,K,U,u,C),G\u003d[function(S){return v(8,false,S,l)},function(S){l.op(S)}],I\u003d68):I\u003d\u003dg?(G\u003dObject.prototype.hasOwnProperty.call(H,m6)\u0026\u0026H[m6]||(H[m6]\u003d++fQ),I\u003d60):I\u003d\u003d60\u0026\u0026(I\u003d(O\u0026119)\u003d\u003dO?79:68)}}},EQ\u003dfunction(g,H,O,C,V,K,u,U,d,l,G){for(G\u003d41;G!\u003d99;)if(G\u003d\u003d32)l\u003du,G\u003d98;else if(G\u003d\u003d78)G\u003d(K\u002689)\u003d\u003dK?91:56;else{if(G\u003d\u003d52)return l;if(G\u003d\u003d91){a:{for(U\u003dC;U\u003cV.length;++U)if(d\u003dV[U],!d.NE\u0026\u0026d.listener\u003d\u003du\u0026\u0026d.capture\u003d\u003d!!H\u0026\u0026d.Ci\u003d\u003dO){l\u003dU;break a}l\u003d-1}G\u003d56}else G\u003d\u003d87?(u\u003dO.classList.contains(H),G\u003d32):G\u003d\u003d98?G\u003d(K\u003e\u003eg\u00267)\u003d\u003dg?13:52:G\u003d\u003d56?G\u003d(K|48)\u003d\u003dK?73:98:G\u003d\u003d62?(U\u003dX7(23,C,O),u\u003dh(U,H,V,10)\u003e\u003dV,G\u003d32):G\u003d\u003d41?G\u003d78:G\u003d\u003d13?(H\u003dV,H\u003d(u\u003dH\u003c\u003c13,~(H\u0026u)-g-~H-(H|~u)),H^\u003dH\u003e\u003e17,H^\u003dH\u003c\u003c5,(H\u003d-1-~(H|O)-(H^O))||(H\u003dg),l\u003dC^H,G\u003d52):G\u003d\u003d73\u0026\u0026(G\u003dO.classList?87:62)}},x\u003dfunction(g,H,O,C,V,K,u,U,d,l,G){return((g-5\u00267)\u003d\u003d1\u0026\u0026(H.m?G\u003dsQ(H.Z,H):(C\u003dyN(H,true,8),C\u0026128\u0026\u0026(C^\u003d128,O\u003dyN(H,true,2),C\u003d(C\u003c\u003c2)+(O|0)),G\u003dC)),g)+7\u00266||(K\u003d[-32,43,37,85,27,-73,K,68,-53,-26],U\u003dtQ,d\u003dV\u00267,u\u003dil[O.X](O.mO),u[O.X]\u003dfunction(I){d+\u003dH+(l\u003dI,7)*V,d\u0026\u003d7},u.concat\u003dfunction(I,S,c,X,J){I\u003d+d+53*l*l+((X\u003dC%16+1,U)()|0)*X-212*C*C*l+K[S\u003dd+11,-2-~S-(S^7)-(S|-8)]*C*X-X*l-2332*l-2279*C*l+4*C*C*X;while([])if(l\u003dvoid 0,true)break;J\u003dK[I];while({})if(K[(c\u003dd+37,-7-2*~(c|7)+2*(~c^7)+(~c\u00267))+(V\u00262)]\u003dJ,\"r\")break;return K[d+(V\u00262)]\u003d43,J},G\u003du),G},hQ\u003dfunction(g,H,O,C,V,K,u,U,d,l,G,I,S,c,X,J){for(J\u003d88;J!\u003d32;)if(J\u003d\u003d80)J\u003d(g+8^32)\u003e\u003dg\u0026\u0026(g+3^27)\u003cg?59:98;else if(J\u003d\u003d79){a:{for(U\u003d(I\u003d(l\u003dMs,K.split(C)),V);U\u003cI.length-H;U++){if(S\u003dI[U],!(S in l))break a;l\u003dl[S]}(G\u003d(d\u003dl[c\u003dI[I.length-H],c],u)(d),G!\u003dd\u0026\u0026G!\u003dO)\u0026\u0026vQ(l,c,{configurable:true,writable:true,value:G})}J\u003d98}else if(J\u003d\u003d11)J\u003dD7?97:78;else if(J\u003d\u003d97)U\u003dD7,V in U?C.setAttribute(u,U[V]):C.removeAttribute(u),J\u003d48;else if(J\u003d\u003d76)this.src\u003dH,this.S5\u003d0,this.U\u003d{},J\u003d45;else if(J\u003d\u003d3)C.setAttribute(u,K),J\u003d48;else if(J\u003d\u003d77)J\u003dK\u003d\u003d\u003d\"\"||K\u003d\u003dvoid 0?11:3;else if(J\u003d\u003d43)J\u003d1;else if(J\u003d\u003d1)J\u003d(g|40)\u003d\u003dg?8:48;else if(J\u003d\u003d78)d\u003d{},D7\u003d(d.atomic\u003dfalse,d.autocomplete\u003d\"none\",d.dropeffect\u003d\"none\",d.haspopup\u003dfalse,d.live\u003d\"off\",d.multiline\u003dfalse,d.multiselectable\u003dfalse,d.orientation\u003d\"vertical\",d.readonly\u003dfalse,d.relevant\u003d\"additions text\",d.required\u003dfalse,d[O]\u003d\"none\",d.busy\u003dfalse,d.disabled\u003dfalse,d.hidden\u003dfalse,d.invalid\u003d\"false\",d),J\u003d97;else if(J\u003d\u003d18)J\u003d(g-7|21)\u003e\u003dg\u0026\u0026(g+4^13)\u003cg?76:45;else if(J\u003d\u003d45)J\u003dg\u003c\u003c2\u003e\u003d22\u0026\u0026g-8\u003c33?43:1;else if(J\u003d\u003d92)X\u003dil[H](il.prototype,{document:O,console:O,splice:O,pop:O,length:O,prototype:O,stack:O,propertyIsEnumerable:O,replace:O,floor:O,parent:O,call:O}),J\u003d80;else{if(J\u003d\u003d98)return X;J\u003d\u003d8?(Array.isArray(K)\u0026\u0026(K\u003dK.join(H)),u\u003d\"aria-\"+V,J\u003d77):J\u003d\u003d48?J\u003d(g|88)\u003d\u003dg?92:80:J\u003d\u003d88?J\u003d18:J\u003d\u003d59\u0026\u0026(J\u003du?79:98)}},M\u003dfunction(g,H,O,C,V,K,u,U,d,l,G){{l\u003d45;while(l!\u003d47)if(l\u003d\u003d13)l\u003dg-8\u003c17\u0026\u0026(g\u003c\u003c2\u00267)\u003e\u003d0?77:55;else if(l\u003d\u003d55)l\u003d(g+4\u00269)\u003d\u003d1?42:38;else if(l\u003d\u003d4){for(U in u\u003dH,C.U){for(V\u003dC.U[K\u003dH,U];K\u003cV.length;K++)++u,X7(24,O,V[K]);delete C.U[U],C.S5--}l\u003d75}else if(l\u003d\u003d75)l\u003d(g^5)\u003e\u003e4\u003e\u003d3\u0026\u0026g-2\u003e\u003e5\u003c4?44:43;else if(l\u003d\u003d44)C\u003dtypeof O,G\u003dC\u003d\u003dH\u0026\u0026O!\u003dnull||C\u003d\u003d\"function\",l\u003d43;else{if(l\u003d\u003d43)return G;l\u003d\u003d45?l\u003d13:l\u003d\u003d77?(d\u003dfunction(I){return H.call(d.src,d.listener,I)},H\u003doZ,G\u003dd,l\u003d55):l\u003d\u003d42?(H.VF\u003dfunction(){return H.OS?H.OS:H.OS\u003dnew H},H.OS\u003dvoid 0,l\u003d38):l\u003d\u003d38\u0026\u0026(l\u003d(g\u002660)\u003d\u003dg?4:75)}}},zR\u003dfunction(g,H,O,C,V,K){for(K\u003d23;K!\u003d81;)if(K\u003d\u003d87)K\u003dH\u003c\u003c1\u002611?15:52;else if(K\u003d\u003d52)V\u003dO,K\u003d15;else if(K\u003d\u003d75)this[this+\"\"]\u003dthis,K\u003d85;else if(K\u003d\u003d50)this.type\u003dO,this.currentTarget\u003dthis.target\u003dC,this.defaultPrevented\u003dthis.AK\u003dfalse,K\u003dg;else if(K\u003d\u003d15)K\u003d((H^18)\u00265)\u003d\u003d1?50:g;else if(K\u003d\u003dg)K\u003d(H\u0026125)\u003d\u003dH?75:85;else{if(K\u003d\u003d85)return V;K\u003d\u003d23\u0026\u0026(K\u003d87)}},WQ\u003dfunction(g,H,O,C,V,K,u,U,d,l,G,I){for(I\u003d5;I!\u003d17;)if(I\u003d\u003d53)this.n++,I\u003d78;else if(I\u003d\u003d76)delete C.U[K],C.S5--,I\u003d57;else{if(I\u003d\u003d48)return G;if(I\u003d\u003d93)l\u003d0,I\u003d35;else if(I\u003d\u003d10)I\u003d(O-7|59)\u003cO\u0026\u0026O-9\u003c\u003c1\u003e\u003dO?87:97;else if(I\u003d\u003d96)I\u003dU\u0026\u0026U.once?69:19;else if(I\u003d\u003d20)I\u003dO+4\u003e\u003e3\u003d\u003d3?34:57;else if(I\u003d\u003d57)I\u003d(O\u002643)\u003d\u003dO?53:48;else if(I\u003d\u003d88)I\u003dC.U[K].length\u003d\u003d0?76:57;else if(I\u003d\u003d38){for(K in(Array.prototype.forEach.call(X7((V\u003d{},22),\"\",H),function(S){V[S]\u003dtrue}),Array.prototype).forEach.call(C,function(S){V[S]\u003dtrue}),u\u003d\"\",V)u+\u003du.length\u003e0?\" \"+K:K;I\u003d(T(33,\"string\",H,u),20)}else I\u003d\u003d34?(K\u003dV.type,I\u003d75):I\u003d\u003d75?I\u003dK in C.U\u0026\u0026x1(90,V,21,0,C.U[K])?71:57:I\u003d\u003d37?(this.i.push(H),I\u003d48):I\u003d\u003d51?(C\u003dMath.floor(Math.random()*this.n),C\u003c50\u0026\u0026(this.i[C]\u003dH),I\u003d48):I\u003d\u003d42?I\u003dH.classList?18:38:I\u003d\u003d19?I\u003dArray.isArray(d)?93:43:I\u003d\u003d5?I\u003d41:I\u003d\u003d41?I\u003d(O|48)\u003d\u003dO?96:10:I\u003d\u003d35?I\u003d84:I\u003d\u003d97?I\u003d(O+g\u00267)\u003d\u003d1?42:20:I\u003d\u003d69?(k1(39,H,C,V,U,K,d,u),I\u003d10):I\u003d\u003d77?(l++,I\u003d84):I\u003d\u003d18?(Array.prototype.forEach.call(C,function(S,c,X){for(X\u003d5;X!\u003d32;)X\u003d\u003d58?(c\u003dNs(88,5,\"\",\"string\",H),T(34,\"string\",H,c+(c.length\u003e0?\" \"+S:S)),X\u003d32):X\u003d\u003d46?(H.classList.add(S),X\u003d32):X\u003d\u003d5?X\u003dH.classList?46:51:X\u003d\u003d51\u0026\u0026(X\u003dEQ(1,S,H,\"\",0,49)?32:58)}),I\u003d20):I\u003d\u003d87?(TR.call(this,H,C||Y1.VF(),V),I\u003d97):I\u003d\u003d78?I\u003dthis.i.length\u003c50?37:51:I\u003d\u003d43?(u\u003dX7(9,u),K\u0026\u0026K[jh]?K.S.add(String(d),u,false,M(54,H,U)?!!U.capture:!!U,V):PQ(35,\"object\",false,K,V,d,false,u,U),I\u003d10):I\u003d\u003d52?(WQ(6,\"object\",49,true,V,K,u,U,d[l]),I\u003d77):I\u003d\u003d71?(X7(26,H,V),I\u003d88):I\u003d\u003d84\u0026\u0026(I\u003dl\u003cd.length?52:10)}},LQ\u003dfunction(g,H,O,C,V,K){for(V\u003d55;V!\u003d65;)if(V\u003d\u003d1)V\u003d(O+5^11)\u003e\u003dO\u0026\u0026(O+H^16)\u003cO?46:g;else if(V\u003d\u003d74)this[this+\"\"]\u003dthis,K\u003dPromise.resolve(),V\u003d71;else if(V\u003d\u003d46)this.K\u003dC,V\u003dg;else if(V\u003d\u003d55)V\u003d1;else if(V\u003d\u003dg)V\u003d(O|32)\u003d\u003dO?74:71;else if(V\u003d\u003d71)return K},a\u003dfunction(g,H,O,C,V,K,u,U,d,l,G){while(null!\u003dfalse)if(NaN!\u003d\u003d((g-9^17)\u003cg\u0026\u0026(g+6\u002647)\u003e\u003dg\u0026\u0026(H.m?l\u003dsQ(H.Z,H):(O\u003dyN(H,true,8),O\u0026128\u0026\u0026(O^\u003d128,C\u003dyN(H,true,2),O\u003d(O\u003c\u003c2)+(C|0)),l\u003dO)),NaN))break;(g\u003e\u003e1\u002623)\u003d\u003d5\u0026\u0026(l\u003dG\u003dfunction(){{var I\u003d85;while(I!\u003d92)if(I\u003d\u003d5){var S\u003ddq(c,u,true,25);I\u003d31}else if(I\u003d\u003d84)I\u003du.F?0:96;else{if(I\u003d\u003d31)return S;if(I\u003d\u003d7)T(16,0,c,u),S\u003dll(false,H,26,254,H,u),I\u003d31;else if(I\u003d\u003d85)I\u003du.K\u003d\u003du?84:92;else if(I\u003d\u003d80)I\u003dV\u003d\u003d2?7:78;else if(I\u003d\u003d0)var c\u003d[(I\u003d80,$1),K,C,void 0,U,d,arguments];else if(I\u003d\u003d96)U\u0026\u0026d\u0026\u0026U.removeEventListener(d,G,AQ),I\u003d92;else if(I\u003d\u003d78)I\u003dV\u003d\u003dO?66:5;else if(I\u003d\u003d66){var X\u003d!u.V.length;I\u003d(T(10,0,c,u),X\u0026\u0026ll(false,H,24,254,H,u),31)}}}});switch(!((g|1)\u003c24\u0026\u0026g-7\u003e\u003d5)){case NaN!\u003d\u003dNumber(undefined):undefined;break;case Number(undefined)\u003d\u003d\u003dNumber(void 1):switch(!(V\u003dRZ(\"splice\",C,\"call\")\u003d\u003d\u003d\"array\"?C:[C],this.j)){case !null:try{u\u003d[],K\u003d!this.V.length,T(26,0,[BQ,u,V],this),T(18,0,[aZ,H,u],this),O\u0026\u0026!K||ll(false,O,25,254,true,this)}catch(I){v(81,\":\",I,this),H(this.j)}break;case !!null:H(this.j);break}break}if((g\u0026((g|48)\u003d\u003d(((g^108)\u002615)\u003d\u003d5\u0026\u0026(C\u003dil[O.X](O.GA),C[O.X]\u003dfunction(){return H},C.concat\u003dfunction(I){H\u003dI},l\u003dC),g)\u0026\u0026(C\u003dZ7(true,O,8),C\u0026128\u0026\u0026(C\u003dC\u0026H|Z7(true,O,8)\u003c\u003c7),l\u003dC),83))\u003d\u003dg){for(V\u003dP(31,O),K\u003dH;C\u003eH;C--)K\u003dK\u003c\u003c8|Z7(true,O,8);W(O,V,K)}return l},v\u003dfunction(g,H,O,C,V,K,u){{u\u003d52;while(u!\u003d27)if(u\u003d\u003d9)C.rn(function(U){V\u003dU},H,O),K\u003dV,u\u003d84;else if(u\u003d\u003d5)K\u003dMath.floor(this.N()),u\u003d31;else if(u\u003d\u003d26)u\u003d(g\u003e\u003e1\u002614)\u003d\u003d2?5:31;else if(u\u003d\u003d55)u\u003d(g^85)\u003e\u003e3?7:44;else{if(u\u003d\u003d31)return K;u\u003d\u003d39?(K\u003dnQ(66,0,C,O)\u0026\u0026rq(81,24,2,C,O)!\u003dV\u0026\u0026(!(O.kT\u0026C)||O.dispatchEvent(nQ(3,16,H,32,2,V,C)))\u0026\u0026!O.L,u\u003d26):u\u003d\u003d84?u\u003dg+4\u002611?26:39:u\u003d\u003d44?(C.j\u003d((C.j?C.j+\"~\":\"E:\")+O.message+H+O.stack).slice(0,2048),u\u003d7):u\u003d\u003d79?u\u003d(g-2^17)\u003cg\u0026\u0026(g+2^5)\u003e\u003dg?29:55:u\u003d\u003d52?u\u003d79:u\u003d\u003d7?u\u003d(g\u003e\u003e1\u00267)\u003d\u003d4?9:84:u\u003d\u003d29\u0026\u0026(u\u003d55)}}},x1\u003dfunction(g,H,O,C,V,K,u,U,d){{d\u003d85;while(d!\u003d92){if(d\u003d\u003d7)return U;if(d\u003d\u003d70)d\u003d(O+5\u002621)\u003e\u003dO\u0026\u0026(O+8\u002669)\u003cO?g:7;else if(d\u003d\u003d14)d\u003d(O|6)\u003e\u003e3?41:89;else if(d\u003d\u003d85)d\u003d14;else if(d\u003d\u003d6)u\u003dh(V,H,C,11),(K\u003du\u003e\u003dC)\u0026\u0026Array.prototype.splice.call(V,u,1),U\u003dK,d\u003d70;else{if(d\u003d\u003d55)throw Error(\"Invalid class name \"+C);if(d\u003d\u003d89){if((u\u003d(K\u003dH,L.trustedTypes),u)\u0026\u0026u.createPolicy){try{K\u003du.createPolicy(V,{createHTML:bl,createScript:bl,createScriptURL:bl})}catch(l){if(L.console)L.console[C](l.message)}U\u003dK}else U\u003dK;d\u003d41}else if(d\u003d\u003d41)d\u003dO-3\u003c\u003c2\u003e\u003dO\u0026\u0026(O-4^22)\u003cO?6:70;else if(d\u003d\u003dg)d\u003dC?24:55;else if(d\u003d\u003d24)d\u003dtypeof H!\u003d\u003d\"function\"?47:7;else if(d\u003d\u003d47)throw Error(\"Invalid decorator function \"+H);}}}},ul\u003dfunction(g,H,O,C,V,K,u,U,d,l,G){for(l\u003d35;l!\u003d89;)if(l\u003d\u003d85)l\u003dd\u003cu?79:31;else if(l\u003d\u003d22)l\u003d85;else{if(l\u003d\u003d31)return G;l\u003d\u003d47?l\u003d(O\u0026126)\u003d\u003dO?92:31:l\u003d\u003d84?(C\u003dH[QN],G\u003dC instanceof O9?C:null,l\u003d47):l\u003d\u003d79?(d in U\u0026\u0026K.call(void 0,U[d],d,V),l\u003d38):l\u003d\u003d35?l\u003d55:l\u003d\u003d55?l\u003dO-g\u003e\u003d23\u0026\u0026O-4\u003c38?84:47:l\u003d\u003d38?(d++,l\u003d85):l\u003d\u003d92\u0026\u0026(u\u003dV.length,U\u003dtypeof V\u003d\u003d\u003d\"string\"?V.split(H):V,d\u003dC,l\u003d22)}},If\u003dfunction(g,H,O,C,V){{C\u003d96;while(C!\u003d52)if(C\u003d\u003d61)V\u003dthis.n\u003d\u003d\u003d0?0:Math.sqrt(this.bv/this.n),C\u003d9;else if(C\u003d\u003d71)C\u003dH;else if(C\u003d\u003d34)C\u003d(O|2)\u003e\u003e3\u003d\u003dg?61:9;else if(C\u003d\u003d9)C\u003d(O\u002625)\u003d\u003dO?71:H;else if(C\u003d\u003d96)C\u003d34;else if(C\u003d\u003dH)return V}},PQ\u003dfunction(g,H,O,C,V,K,u,U,d,l,G,I,S,c,X){{c\u003d41;while(c!\u003d18)if(c\u003d\u003d81)c\u003d(g+6\u002627)\u003e\u003d9\u0026\u0026(g^33)\u003c25?46:85;else if(c\u003d\u003d46)c\u003dK?55:3;else if(c\u003d\u003d23)c\u003dg+1\u003e\u003e4?44:59;else if(c\u003d\u003d83)C.attachEvent(nQ(15,\"on\",K.toString()),G),c\u003d77;else if(c\u003d\u003d44)c\u003dg\u003e\u003e1\u002615?72:92;else if(c\u003d\u003d57)C.addListener(G),c\u003d77;else if(c\u003d\u003d84)c\u003d(g\u003e\u003e1\u002623)\u003d\u003d3?94:81;else if(c\u003d\u003d94)X\u003dH\u0026\u0026H.parentNode?H.parentNode.removeChild(H):null,c\u003d81;else if(c\u003d\u003d37)this.n++,O\u003dH-this.O,this.O+\u003dO/this.n,this.bv+\u003dO*(H-this.O),c\u003d84;else if(c\u003d\u003d55)l\u003dM(53,H,d)?!!d.capture:!!d,(I\u003dul(2,C,29))||(C[QN]\u003dI\u003dnew O9(C)),S\u003dI.add(K,U,u,l,V),c\u003d12;else if(c\u003d\u003d41)c\u003d23;else if(c\u003d\u003d63)c\u003dC.addListener\u0026\u0026C.removeListener?57:8;else if(c\u003d\u003d82)gI||(d\u003dl),d\u003d\u003d\u003dvoid 0\u0026\u0026(d\u003dO),C.addEventListener(K.toString(),G,d),c\u003d77;else if(c\u003d\u003d92)c\u003d72;else if(c\u003d\u003d12)c\u003dS.proxy?85:7;else if(c\u003d\u003d68)c\u003dC.attachEvent?83:63;else{if(c\u003d\u003d8)throw Error(\"addEventListener and attachEvent are unavailable.\");if(c\u003d\u003d59){a:{for(K in V)if(C.call(void 0,V[K],K,V)){X\u003dH;break a}X\u003dO}c\u003d44}else if(c\u003d\u003d95)c\u003dC.addEventListener?82:68;else if(c\u003d\u003d72)c\u003d(g\u002684)\u003d\u003dg?37:84;else if(c\u003d\u003d77)HT++,c\u003d85;else{if(c\u003d\u003d3)throw Error(\"Invalid event type\");if(c\u003d\u003d7)G\u003dM(5),S.proxy\u003dG,G.src\u003dC,G.listener\u003dS,c\u003d95;else if(c\u003d\u003d85)return X}}}},dI\u003dfunction(g,H,O,C,V,K,u,U,d,l,G){for(l\u003d33;l!\u003d96;)if(l\u003d\u003d37)l\u003d(C-3^7)\u003e\u003dC\u0026\u0026(C-7^3)\u003cC?87:1;else if(l\u003d\u003d60)U\u003dtrue,l\u003d55;else if(l\u003d\u003d33)l\u003d34;else if(l\u003d\u003d58)WQ(g,O,21,d,V),l\u003d77;else if(l\u003d\u003d55)G\u003dU,l\u003d1;else if(l\u003d\u003d34)l\u003d(C\u003c\u003c2\u00268)\u003c2\u0026\u0026(C|5)\u003e\u003d-52?27:37;else if(l\u003d\u003d78)U\u003dV.src,l\u003d45;else if(l\u003d\u003d1)l\u003d(C|3)\u003c18\u0026\u0026(C\u003e\u003e1\u002611)\u003e\u003d1?46:72;else if(l\u003d\u003d62)X7(27,O,V),l\u003d37;else if(l\u003d\u003d92)d.src\u003dO,U[QN]\u003dO,l\u003d37;else if(l\u003d\u003d79)K\u003dnew l$(H,this),u\u003dO.Ci||O.src,V\u003dO.listener,O.lv\u0026\u0026dI(6,0,null,8,O),U\u003dV.call(u,K),l\u003d55;else{if(l\u003d\u003d72)return G;l\u003d\u003d27?l\u003dtypeof V!\u003d\u003d\"number\"\u0026\u0026V\u0026\u0026!V.NE?78:37:l\u003d\u003d61?(WQ(g,O,22,U.S,V),l\u003d37):l\u003d\u003d49?(u\u003dV.type,K\u003dV.proxy,U.removeEventListener?U.removeEventListener(u,K,V.capture):U.detachEvent?U.detachEvent(nQ(32,\"on\",u),K):U.addListener\u0026\u0026U.removeListener\u0026\u0026U.removeListener(K),HT--,d\u003dul(2,U,25),l\u003d36):l\u003d\u003d77?l\u003dd.S5\u003d\u003dH?92:37:l\u003d\u003d45?l\u003dU\u0026\u0026U[jh]?61:49:l\u003d\u003d46?(H.sS\u0026\u0026H.sS.forEach(O,void 0),l\u003d72):l\u003d\u003d36?l\u003dd?58:62:l\u003d\u003d87\u0026\u0026(l\u003dO.NE?60:79)}},ll\u003dfunction(g,H,O,C,V,K,u,U,d,l,G,I){for(G\u003d69;G!\u003d28;){if(G\u003d\u003d58)return I;if(G\u003d\u003d2)Gu.call(this,C?C.type:\"\"),this.relatedTarget\u003dthis.currentTarget\u003dthis.target\u003dnull,this.button\u003dthis.screenY\u003dthis.screenX\u003dthis.clientY\u003dthis.clientX\u003dthis.offsetY\u003dthis.offsetX\u003d0,this.key\u003d\"\",this.charCode\u003dthis.keyCode\u003d0,this.metaKey\u003dthis.shiftKey\u003dthis.altKey\u003dthis.ctrlKey\u003dg,this.state\u003dnull,this.pointerId\u003d0,this.pointerType\u003d\"\",this.timeStamp\u003d0,this.Y\u003dnull,C\u0026\u0026this.init(C,H),G\u003d71;else if(G\u003d\u003d69)G\u003d60;else if(G\u003d\u003d71)G\u003d(O^19)\u003e\u003e3\u003d\u003d1?23:58;else if(G\u003d\u003d23){if(K.V.length){K.JK\u0026\u0026\":TQR:TQR:\"(),K.MN\u003dH,K.JK\u003dtrue;try{d\u003dK.N(),K.QF\u003d0,K.j5\u003dd,K.mW\u003dd,K.DI\u003d0,U\u003dcQ(32,H,K,true,\":\",null,254),u\u003dV?0:10,l\u003dK.N()-K.mW,K.ni+\u003dl,K.Y4\u0026\u0026K.Y4(l-K.D,K.R,K.H,K.QF),K.D\u003d0,K.R\u003dg,K.H\u003dg,l\u003cu||K.Ip--\u003c\u003d0||(l\u003dMath.floor(l),K.tK.push(l\u003c\u003dC?l:254))}finally{K.JK\u003dg}I\u003dU}G\u003d58}else G\u003d\u003d60\u0026\u0026(G\u003d(O\u0026108)\u003d\u003dO?2:71)}},P\u003dfunction(g,H,O,C,V,K,u,U,d){return(g^38)\u0026((g-6\u00267)\u003d\u003d1\u0026\u0026(H.m?d\u003dsQ(H.Z,H):(O\u003dyN(H,true,8),O\u0026128\u0026\u0026(O^\u003d128,C\u003dyN(H,true,2),O\u003d(O\u003c\u003c2)+(C|0)),d\u003dO)),7)||(d\u003d(K\u003d(U\u003dC[O]\u003c\u003c24,V\u003dC[2*(O\u00261)-1-(~O^1)]\u003c\u003cH,(V|0)+(U^V)+(~U^V)-(~U|V)),u\u003dC[(O|0)+2]\u003c\u003c8,2*(K\u0026u)+~K+2*(K\u0026~u)-(K|~u))|C[~(O\u00263)-3*~(O|3)+2*(~O^3)]),d},Ns\u003dfunction(g,H,O,C,V,K,u,U,d,l){{d\u003d32;while(d!\u003d26)if(d\u003d\u003d44)d\u003d(H\u002629)\u003d\u003dH?27:89;else if(d\u003d\u003d56)U9.call(this),this.S\u003dnew O9(this),this.qN\u003dthis,this.GO\u003dnull,d\u003d44;else if(d\u003d\u003d32)d\u003d52;else{if(d\u003d\u003dg)return l;d\u003d\u003d89?d\u003d(H\u002657)\u003d\u003dH?45:g:d\u003d\u003d45?(u.classList?u.classList.remove(U):EQ(1,U,u,O,C,48)\u0026\u0026T(32,V,u,Array.prototype.filter.call(X7(7,O,u),function(G){return G!\u003dU}).join(K)),d\u003dg):d\u003d\u003d52?d\u003d(H+3\u002638)\u003e\u003dH\u0026\u0026(H+8\u002615)\u003cH?56:44:d\u003d\u003d27\u0026\u0026(l\u003dtypeof V.className\u003d\u003dC?V.className:V.getAttribute\u0026\u0026V.getAttribute(\"class\")||O,d\u003d89)}}},nQ\u003dfunction(g,H,O,C,V,K,u,U,d,l,G,I){for(G\u003d70;G!\u003d58;)if(G\u003d\u003d3)G\u003d((g^30)\u002610)\u003d\u003d2?64:37;else if(G\u003d\u003d49)I\u003d!!(V\u003dC.c_,2*(V|H)- -2+~V+(~V|O)),G\u003d50;else if(G\u003d\u003d28)U+\u003dU\u003c\u003c3,U^\u003dU\u003e\u003e11,K\u003dU+(U\u003c\u003c15)\u003e\u003e\u003e0,V\u003dnew Number(K\u0026(u\u003d1\u003c\u003cO,-~(u\u00261)-1+-2-(~u|1))),V[0]\u003d(K\u003e\u003e\u003eO)%C,I\u003dV,G\u003d66;else if(G\u003d\u003d14)G\u003dg+5\u003e\u003d20\u0026\u0026(g^47)\u003c40?90:65;else if(G\u003d\u003d90)I\u003dO in SE?SE[O]:SE[O]\u003dH+O,G\u003d65;else if(G\u003d\u003d64)this.listener\u003dV,this.proxy\u003dnull,this.src\u003dC,this.type\u003dK,this.capture\u003d!!O,this.Ci\u003dH,this.key\u003d++u$,this.lv\u003dthis.NE\u003dfalse,G\u003d37;else if(G\u003d\u003d77)G\u003d8;else if(G\u003d\u003d37)G\u003d(g^2)\u003e\u003e3?14:31;else if(G\u003d\u003d76)d++,G\u003d8;else if(G\u003d\u003d47)U+\u003dH.charCodeAt(d),U+\u003dU\u003c\u003c10,U\u003d(l\u003dU\u003e\u003e6,(U\u0026~l)-(~U^l)+(~U|l)),G\u003d76;else if(G\u003d\u003d66)G\u003d(g+9\u002675)\u003e\u003dg\u0026\u0026g+8\u003e\u003e1\u003cg?49:50;else if(G\u003d\u003d70)G\u003d3;else if(G\u003d\u003d65)G\u003dg-2\u003c\u003c2\u003e\u003dg\u0026\u0026(g+5^27)\u003cg?24:66;else if(G\u003d\u003d24)d\u003dU\u003d0,G\u003d77;else if(G\u003d\u003d8)G\u003dd\u003cH.length?47:28;else{if(G\u003d\u003d50)return I;if(G\u003d\u003d31){a:{switch(u){case 1:I\u003dK?\"disable\":\"enable\";break a;case V:I\u003dK?\"highlight\":\"unhighlight\";break a;case 4:I\u003dK?\"activate\":\"deactivate\";break a;case O:I\u003dK?\"select\":\"unselect\";break a;case H:I\u003dK?\"check\":\"uncheck\";break a;case C:I\u003dK?\"focus\":\"blur\";break a;case 64:I\u003dK?\"open\":\"close\";break a}throw Error(\"Invalid component state\");}G\u003d14}}},JQ\u003dfunction(g,H,O,C,V,K,u,U,d,l,G,I,S,c){{S\u003d29;while(S!\u003d64){if(S\u003d\u003d57)return c;if(S\u003d\u003d29)S\u003d90;else if(S\u003d\u003d23){if(I\u003dK.S.U[String(C)]){for(u\u003d(I\u003dI.concat(),true),d\u003d0;d\u003cI.length;++d)(l\u003dI[d])\u0026\u0026!l.NE\u0026\u0026l.capture\u003d\u003dV\u0026\u0026(U\u003dl.listener,G\u003dl.Ci||l.src,l.lv\u0026\u0026WQ(6,g,20,K.S,l),u\u003dU.call(G,O)!\u003d\u003dfalse\u0026\u0026u);c\u003du\u0026\u0026!O.defaultPrevented}else c\u003dtrue;S\u003d24}else if(S\u003d\u003d75)S\u003dH\u003c\u003c2\u002615?24:23;else if(S\u003d\u003d24)S\u003d(H-9\u00267)\u003d\u003d2?93:57;else if(S\u003d\u003d9)S\u003dH\u003e\u003e2\u002614?75:28;else if(S\u003d\u003d28){a:{for(K\u003d(u\u003d[g\u003d\u003dtypeof globalThis\u0026\u0026globalThis,V,g\u003d\u003dtypeof window\u0026\u0026window,g\u003d\u003dtypeof self\u0026\u0026self,g\u003d\u003dtypeof global\u0026\u0026global],O);K\u003cu.length;++K)if((U\u003du[K])\u0026\u0026U[C]\u003d\u003dMath){c\u003dU;break a}throw Error(\"Cannot find global object\");}S\u003d75}else S\u003d\u003d93?(g.classList?Array.prototype.forEach.call(O,function(X){Ns(88,40,\"\",0,\"string\",\" \",g,X)}):T(35,\"string\",g,Array.prototype.filter.call(X7(6,\"\",g),function(X){return!(h(O,X,0,13)\u003e\u003d0)}).join(\" \")),S\u003d57):S\u003d\u003d90?S\u003d(H|56)\u003d\u003dH?52:9:S\u003d\u003d52\u0026\u0026(K\u003dtypeof V,u\u003dK!\u003dg?K:V?Array.isArray(V)?\"array\":K:\"null\",c\u003du\u003d\u003dC||u\u003d\u003dg\u0026\u0026typeof V.length\u003d\u003dO,S\u003d9)}}},Vb\u003dfunction(g,H,O,C,V,K,u,U,d,l,G,I){{I\u003d3;while(I!\u003dg)if(I\u003d\u003d47)u\u003dthis.constructor,I\u003d34;else if(I\u003d\u003d37)I\u003d(H+3^4)\u003cH\u0026\u0026(H+1^14)\u003e\u003dH?58:16;else if(I\u003d\u003d3)I\u003d42;else{if(I\u003d\u003d16)return G;I\u003d\u003d61?I\u003d89:I\u003d\u003d34?I\u003d89:I\u003d\u003d42?I\u003d(H+1^15)\u003cH\u0026\u0026(H-5|12)\u003e\u003dH?91:37:I\u003d\u003d13?(this.G\u003dU,I\u003d37):I\u003d\u003d89?I\u003du?41:98:I\u003d\u003d24?I\u003d(U\u003dC)?13:47:I\u003d\u003d98?(U\u003dK?typeof K.VF\u003d\u003d\u003d\"function\"?K.VF():new K:null,I\u003d13):I\u003d\u003d18?I\u003d(K\u003dCq[l])?31:21:I\u003d\u003d31?I\u003d98:I\u003d\u003d91?(Kq.call(this,V),I\u003d24):I\u003d\u003d58?(this.L\u003dthis.L,this.fi\u003dthis.fi,I\u003d16):I\u003d\u003d21?(u\u003d(d\u003dObject.getPrototypeOf(u.prototype))\u0026\u0026d.constructor,I\u003d61):I\u003d\u003d41\u0026\u0026(l\u003dqs(47,u,27),I\u003d18)}}},T\u003dfunction(g,H,O,C,V,K){{V\u003d31;while(V!\u003d29){if(V\u003d\u003d0)return K;V\u003d\u003d68?V\u003d(g\u003c\u003c2\u00268)\u003c5\u0026\u0026(g\u003e\u003e1\u00267)\u003e\u003d3?35:73:V\u003d\u003d35?(this.n\u003d\u003d\u003d0?K\u003d[0,0]:(this.i.sort(function(u,U){return u-U}),K\u003d[this.n,this.i[this.i.length\u003e\u003e1]]),V\u003d73):V\u003d\u003d87?V\u003d(g\u002690)\u003d\u003dg?40:68:V\u003d\u003d31?V\u003d87:V\u003d\u003d40?(C.V.splice(H,H,O),V\u003d68):V\u003d\u003d73?V\u003d(g|8)\u003e\u003d15\u0026\u0026(g^47)\u003c26?79:0:V\u003d\u003d79\u0026\u0026(typeof O.className\u003d\u003dH?O.className\u003dC:O.setAttribute\u0026\u0026O.setAttribute(\"class\",C),V\u003d0)}}},k1\u003dfunction(g,H,O,C,V,K,u,U,d,l,G,I){{G\u003d57;while(G!\u003d53)if(G\u003d\u003d6)l\u003dMath.floor(this.ni+(this.N()-this.mW)),G\u003d26;else if(G\u003d\u003d63)K\u003d\"\",V\u003d0,G\u003d2;else if(G\u003d\u003d71)I\u003dfunction(){},I.prototype\u003dC.prototype,O.A\u003dC.prototype,O.prototype\u003dnew I,O.prototype.constructor\u003dO,O.LG\u003dfunction(S,c,X){for(var J\u003d89;J!\u003d97;)if(J\u003d\u003d78)J\u003d75;else if(J\u003d\u003d14)r++,J\u003d75;else{if(J\u003d\u003d3)return C.prototype[c].apply(S,w);if(J\u003d\u003d75)J\u003dr\u003carguments.length?50:3;else if(J\u003d\u003d89)var w\u003dArray((J\u003d78,arguments.length-H)),r\u003dH;else J\u003d\u003d50\u0026\u0026(w[r-H]\u003darguments[r],J\u003d14)}},G\u003d93;else if(G\u003d\u003d30)G\u003d(g-6^8)\u003cg\u0026\u0026(g-4|48)\u003e\u003dg?71:93;else if(G\u003d\u003d2)G\u003d7;else if(G\u003d\u003d26)G\u003d(g+4^9)\u003cg\u0026\u0026(g+9^22)\u003e\u003dg?32:8;else if(G\u003d\u003d59)U\u003dX7(8,U),K\u0026\u0026K[jh]?K.S.add(String(u),U,O,M(57,H,V)?!!V.capture:!!V,C):PQ(36,\"object\",false,K,C,u,O,U,V),G\u003d30;else if(G\u003d\u003d8)G\u003d(g\u003c\u003c1\u002615)\u003e\u003d10\u0026\u0026(g^54)\u003e\u003e4\u003c2?67:30;else if(G\u003d\u003d24)G\u003dO?63:70;else if(G\u003d\u003d56)k1(45,\"object\",true,C,V,K,u[d],U),G\u003d61;else if(G\u003d\u003d32)O\u003dwindow.btoa,G\u003d24;else if(G\u003d\u003d87)V+\u003d8192,G\u003d7;else if(G\u003d\u003d67)G\u003dArray.isArray(u)?75:59;else if(G\u003d\u003d20)C\u003dO(K).replace(/\\\\+/g,\"-\").replace(/\\\\//g,\"_\").replace(/\u003d/g,\"\"),G\u003d0;else if(G\u003d\u003d57)G\u003d89;else if(G\u003d\u003d41)G\u003dd\u003cu.length?56:30;else if(G\u003d\u003d89)G\u003dg-8\u003c\u003c2\u003cg\u0026\u0026(g+8\u002659)\u003e\u003dg?6:26;else if(G\u003d\u003d44)K+\u003dString.fromCharCode.apply(null,H.slice(V,V+8192)),G\u003d87;else if(G\u003d\u003d7)G\u003dV\u003cH.length?44:20;else if(G\u003d\u003d75)d\u003d0,G\u003d73;else if(G\u003d\u003d0)l\u003dC,G\u003d8;else{if(G\u003d\u003d93)return l;G\u003d\u003d61?(d++,G\u003d41):G\u003d\u003d73?G\u003d41:G\u003d\u003d70\u0026\u0026(C\u003dvoid 0,G\u003d0)}}},hb\u003dfunction(g,H){for(var O\u003d53;O!\u003d61;)if(O\u003d\u003d20)O\u003d59;else if(O\u003d\u003d59)O\u003dC\u003carguments.length?41:61;else if(O\u003d\u003d53)var C\u003d(O\u003d20,1);else if(O\u003d\u003d92)K++,O\u003d23;else if(O\u003d\u003d23)O\u003dK\u003cD$.length?27:22;else if(O\u003d\u003d41){var V\u003darguments[C];for(u in V)g[u]\u003dV[u];var K\u003d(O\u003d24,0)}else if(O\u003d\u003d27){var u\u003dD$[K];O\u003d(Object.prototype.hasOwnProperty.call(V,u)\u0026\u0026(g[u]\u003dV[u]),92)}else O\u003d\u003d24?O\u003d23:O\u003d\u003d22\u0026\u0026(C++,O\u003d59)},X7\u003dfunction(g,H,O,C,V){for(V\u003d32;V!\u003d87;)if(V\u003d\u003d8)C\u003dO.classList?O.classList:Ns(88,12,H,\"string\",O).match(/\\\\S+/g)||[],V\u003d34;else if(V\u003d\u003d74)V\u003dg-6\u002614?34:8;else{if(V\u003d\u003d62)return C;V\u003d\u003d45?(O.NE\u003dtrue,O.listener\u003dH,O.proxy\u003dH,O.src\u003dH,O.Ci\u003dH,V\u003d62):V\u003d\u003d34?V\u003d(g\u003e\u003e2\u00267)\u003d\u003d2?57:24:V\u003d\u003d24?V\u003d(g|24)\u003d\u003dg?45:62:V\u003d\u003d57?(typeof H\u003d\u003d\u003d\"function\"?C\u003dH:(H[cT]||(H[cT]\u003dfunction(K){return H.handleEvent(K)}),C\u003dH[cT]),V\u003d24):V\u003d\u003d32\u0026\u0026(V\u003d74)}},XB\u003dfunction(g,H,O,C,V,K,u,U){return qs.call(this,47,g,3,H,O,C,V,K,u,U)},O9\u003dfunction(g){return hQ.call(this,53,g)},h\u003dfunction(g,H,O,C,V,K,u,U,d,l,G,I,S,c){for(S\u003d57;S!\u003d80;)if(S\u003d\u003d18)S\u003d(C\u002622)\u003d\u003dC?45:23;else if(S\u003d\u003d79)S\u003d(C-1^15)\u003e\u003dC\u0026\u0026(C+1^8)\u003cC?51:92;else if(S\u003d\u003d46)S\u003dI?30:23;else if(S\u003d\u003d44){a:if(typeof g\u003d\u003d\u003d\"string\")c\u003dtypeof H!\u003d\u003d\"string\"||H.length!\u003d1?-1:g.indexOf(H,O);else{for(V\u003dO;V\u003cg.length;V++)if(V in g\u0026\u0026g[V]\u003d\u003d\u003dH){c\u003dV;break a}c\u003d-1}S\u003d18}else{if(S\u003d\u003d23)return c;S\u003d\u003d41?(h(\"object\",H,0,18,V,K[l],u,U),S\u003d53):S\u003d\u003d76?(l\u003dO,S\u003d88):S\u003d\u003d10?S\u003du?71:23:S\u003d\u003d97?(u.S.remove(String(K),U,G,H),S\u003d23):S\u003d\u003d57?S\u003d79:S\u003d\u003d45?S\u003dArray.isArray(K)?76:43:S\u003d\u003d51?(Z(O,H,g),g[Jb]\u003d2796,S\u003d92):S\u003d\u003d30?((d\u003dI.pi(U,G,H,K))\u0026\u0026dI(6,0,null,9,d),S\u003d23):S\u003d\u003d48?S\u003dl\u003cK.length?41:23:S\u003d\u003d53?(l++,S\u003d48):S\u003d\u003d93?S\u003du\u0026\u0026u[jh]?97:10:S\u003d\u003d43?(G\u003dM(50,g,V)?!!V.capture:!!V,U\u003dX7(10,U),S\u003d93):S\u003d\u003d88?S\u003d48:S\u003d\u003d92?S\u003d(C+6\u002623)\u003e\u003dC\u0026\u0026(C+8\u002643)\u003cC?44:18:S\u003d\u003d71\u0026\u0026(I\u003dul(2,u,27),S\u003d46)}},bl\u003dfunction(g){return zR.call(this,92,10,g)},OQ\u003dfunction(){return Ns.call(this,88,30)},Mu\u003dfunction(g,H,O,C,V,K,u,U,d,l){U\u003d(O.W_\u003d(O.nG\u003d(O.RK\u003dwI,E9),O)[aZ],O.mO\u003dhQ(89,O.X,{get:function(){return this.concat()}}),O.GA\u003dil[O.X](O.mO,{value:{value:{}}}),[]);{l\u003d0;while(l\u003c361)U[l]\u003dString.fromCharCode(l),l++}(O.Xr\u003d(O.xT\u003dV,O.Xv\u003d[],false),O.K\u003d(O.H\u003d(O.KG\u003dvoid 0,false),O.m\u003dvoid 0,O.o\u003d1,O),O).T\u003dvoid 0;while(\"T\")if(O.QF\u003d0,[])break;O.mW\u003d(O.Bz\u003d0,O.j\u003dvoid 0,O.h\u003dvoid 0,O.SZ\u003d8001,O.j5\u003d0,O.tK\u003d(O.DI\u003dvoid 0,[]),(O.R\u003dfalse,O).CG\u003dfunction(G){return LQ.call(this,58,7,11,G)},(O.g\u003dnull,O).qE\u003d(O.J\u003d0,O.MN\u003dfalse,0),((O.V\u003d[],O).Zd\u003d(O.Z\u003dvoid 0,[]),O.H_\u003d0,O.x4\u003dfalse,O.Ip\u003d25,O).ni\u003d0,0),O.dn\u003d(O.F\u003d[],[]);while({})if(O.JK\u003dfalse,7)break;O.v_\u003d((H\u0026\u0026H.length\u003d\u003d2\u0026\u0026(O.Xv\u003dH[0],O.Zd\u003dH[1]),d\u003dwindow.performance||{},O.Rp\u003d[],O.US\u003d[],O).D\u003d(O.Y4\u003dC,O.zO\u003dvoid 0,0),d.timeOrigin)||(d.timing||{}).navigationStart||0;for(true;u;0){try{while(null!\u003dfalse)if((O.zO\u003dJSON.parse(u),NaN)!\u003d\u003dNumber(true.true))break}catch(G){O.zO\u003d{}}if(true)break}t(115,(W((Z(258,(h(function(G,I,S,c,X,J){S\u003d(X\u003d(J\u003dP((I\u003da(32,(c\u003dx(38,G),G)),39),G),m)(I,G),m(c,G)),Z(J,G,S[X])},O,(t(91,(O.zA\u003d(h(function(G,I,S,c,X,J,w,r,q,f,N){for(N\u003d16;N!\u003d5;)N\u003d\u003d71?N\u003dX!\u003d\u003d0?60:5:N\u003d\u003d16?(q\u003dx(14,G),r\u003dx(14,G),J\u003dP(31,G),I\u003dP(23,G),c\u003dn(r,G),w\u003dm(J,G),X\u003dp(G.K,q),f\u003dp(G,I),N\u003d71):N\u003d\u003d60\u0026\u0026(S\u003da(10,false,1,f,1,w,G,X,c),X.addEventListener(c,S,AQ),m(20,G).push(function(){X.removeEventListener(c,S,AQ)}),t(112,G,[X,c,S]),N\u003d5)},(W(O,207,(h(function(G,I){s9(104,(I\u003dp(G,P(31,G)),4),G.K,0,I,427)},O,(W(O,112,(h(function(G,I,S,c,X){t((S\u003dm((I\u003dx(30,(X\u003dP(39,G),G)),c\u003dp(G,X),I),G),I),G,S+c)},O,284,(h((h(function(G,I,S,c,X){for(X\u003d73;X!\u003d95;)X\u003d\u003d31?X\u003dS\u003e0?3:1:X\u003d\u003d73?(I\u003dG.dn.pop(),X\u003d79):X\u003d\u003d2?(S--,X\u003d31):X\u003d\u003d79?X\u003dI?94:34:X\u003d\u003d1?(I[150]\u003dG.F[150],I[261]\u003dG.F[261],G.F\u003dI,X\u003d95):X\u003d\u003d94?(S\u003dZ7(true,G,8),X\u003d40):X\u003d\u003d34?(W(G,427,G.J),X\u003d95):X\u003d\u003d3?(c\u003dx(6,G),I[c]\u003dG.F[c],X\u003d2):X\u003d\u003d40\u0026\u0026(X\u003d31)},O,26,(h(function(G,I,S,c,X,J,w,r,q,f){for(f\u003d41;f!\u003d56;)f\u003d\u003d41?f\u003dKQ(42,14,true,I,false,G)?56:0:f\u003d\u003d0\u0026\u0026(X\u003dfq(7,1,G.K,8),q\u003dX.Uw,r\u003dX.B_,S\u003dX.u,J\u003dX.li,w\u003dS.length,c\u003dw\u003d\u003d0?new r[q]:w\u003d\u003d1?new r[q](S[0]):w\u003d\u003d2?new r[q](S[0],S[1]):w\u003d\u003d3?new r[q](S[0],S[1],S[2]):w\u003d\u003d4?new r[q](S[0],S[1],S[2],S[3]):2(),t(J,G,c),f\u003d56)},O,477,(t(20,O,(t(80,(Z(288,(t(88,(h(function(G,I,S){(S\u003d(I\u003dx(30,G),m(I,G.K)),S[0]).removeEventListener(S[1],S[2],AQ)},O,(h(function(G){qu(1,G)},O,236,(O.bi\u003d(h(function(G,I,S,c,X,J,w,r){W(G,(c\u003d(w\u003dp(G,(r\u003dx(14,(J\u003d(I\u003da(34,G),X\u003da(35,G),a(8,G)),G)),X)),m(r,G)),S\u003dm(J,G),I),a(11,false,1,S,c,w,G))},O,506,(h(function(G,I,S,c,X,J){for(J\u003d27;J!\u003d54;)J\u003d\u003d96?J\u003dG.K\u003d\u003dG||X\u003d\u003dG.CG\u0026\u0026S\u003d\u003dG?94:54:J\u003d\u003d27?J\u003dKQ(10,14,true,I,false,G)?54:32:J\u003d\u003d32?(c\u003dfq(7,1,G,8),S\u003dc.B_,X\u003dc.Uw,J\u003d96):J\u003d\u003d94\u0026\u0026(t(c.li,G,X.apply(S,c.u)),G.j5\u003dG.N(),J\u003d54)},(W(O,((h(function(G,I,S,c){t((I\u003dx(30,(c\u003da((S\u003da(38,G),40),G),G)),I),G,n(S,G)||p(G,c))},O,382,(Z(44,O,(h(function(G,I,S,c,X,J){W(G,(X\u003dn((c\u003d(S\u003dx(38,(I\u003dx(38,G),J\u003da(7,G),G)),m(I,G)),J),G),S),c in X|0)},O,(h(function(G,I,S,c,X,J,w,r,q,f,N,k,VN,R,D,IZ,y,wq){for(y\u003d42;y!\u003d12;)y\u003d\u003d37?(k++,y\u003d80):y\u003d\u003d25?(IZ[k]\u0026\u0026(I[k]\u003dP(15,G)),y\u003d37):y\u003d\u003d9?(IZ[J]||(I[J]\u003dwq(q)),y\u003d11):y\u003d\u003d11?(J++,y\u003d31):y\u003d\u003d75?y\u003d80:y\u003d\u003d31?y\u003dJ\u003cD?9:58:y\u003d\u003d80?y\u003dk\u003cD?25:23:y\u003d\u003d2?y\u003d67:y\u003d\u003d36?y\u003d31:y\u003d\u003d15?(h(function(B,Y,eh,Sh,F,e){for(e\u003d59;e!\u003d95;)e\u003d\u003d33?e\u003dIZ[F]?3:62:e\u003d\u003d91?(F++,e\u003d94):e\u003d\u003d97?e\u003dSh\u003e\u003dY.length?23:47:e\u003d\u003d47?(Sh\u003dY[Sh],e\u003d3):e\u003d\u003d59?(Y\u003d[],eh\u003d[],F\u003d0,e\u003d34):e\u003d\u003d23?(Y.push(x(6,B)),e\u003d64):e\u003d\u003d3?(eh.push(Sh),e\u003d91):e\u003d\u003d94?e\u003dF\u003cD?86:14:e\u003d\u003d34?e\u003d94:e\u003d\u003d86?(Sh\u003dI[F],e\u003d33):e\u003d\u003d14?(B.m\u003da(41,f.slice(),B),B.Z\u003da(73,eh,B),e\u003d95):e\u003d\u003d62?e\u003d97:e\u003d\u003d64\u0026\u0026(e\u003d97)},G,c,7),y\u003d12):y\u003d\u003d98?(r++,y\u003d29):y\u003d\u003d92?(q\u003d(1+(N\u0026-2)+(N|-2)).toString(2).length,J\u003d0,I\u003d[],y\u003d36):y\u003d\u003d42?(wq\u003dfunction(B,Y){for(;w\u003cB;)X|\u003dZ7(true,G,8)\u003c\u003cw,w+\u003d8;return X\u003e\u003e\u003d(Y\u003dX\u0026(w-\u003dB,(1\u003c\u003cB)-1),B),Y},c\u003da(37,G),X\u003dw\u003d0,R\u003d(wq(3)|0)+1,D\u003dwq(5),IZ\u003d[],N\u003dr\u003d0,y\u003d6):y\u003d\u003d29?y\u003dr\u003cD?46:92:y\u003d\u003d58?(k\u003d0,y\u003d75):y\u003d\u003d46?(S\u003dwq(1),IZ.push(S),N+\u003dS?0:1,y\u003d98):y\u003d\u003d67?y\u003dVN--?7:15:y\u003d\u003d23?(VN\u003dR,f\u003d[],y\u003d2):y\u003d\u003d7?(f.push(n(x(38,G),G)),y\u003d24):y\u003d\u003d6?y\u003d29:y\u003d\u003d24\u0026\u0026(y\u003d67)},O,(Z(261,O,(h(function(G){a(64,0,G,4)},O,457,(W(O,127,(h(((h(function(G,I,S,c,X,J,w,r,q,f){{f\u003d72;while(f!\u003d27)f\u003d\u003d98?(q++,f\u003d17):f\u003d\u003d45?f\u003d17:f\u003d\u003d17?f\u003dq\u003cc.length?13:42:f\u003d\u003d72?(S\u003da(29,G),J\u003dP(15,G),r\u003da(30,G),I\u003dn(J,G),c\u003dm(S,G),q\u003d0,X\u003d\"\",f\u003d45):f\u003d\u003d42?(Z(r,G,X in I|0),f\u003d27):f\u003d\u003d13\u0026\u0026(X+\u003dString.fromCharCode((w\u003dc[q],~(w\u0026121)- -244+~(w|121)+2*(w\u0026-122))),f\u003d98)}},O,447,(h(function(G,I,S,c,X,J,w,r,q,f){for(f\u003d36;f!\u003d24;)f\u003d\u003d36?(S\u003dx(38,G),X\u003da(5,G),J\u003dP(39,G),I\u003dm(X,G),q\u003dm(S,G),r\u003d\"\",w\u003d0,f\u003d26):f\u003d\u003d14?f\u003dw\u003cI.length?67:61:f\u003d\u003d26?f\u003d14:f\u003d\u003d67?(r+\u003dString.fromCharCode((c\u003dI[w],-242+2*(c|121)+~c- -122)),f\u003d34):f\u003d\u003d61?(t(J,G,q[r]),f\u003d24):f\u003d\u003d34\u0026\u0026(w++,f\u003d14)},O,(h(function(G,I,S,c,X,J,w,r){{r\u003d40;while(r!\u003d60)r\u003d\u003d35?r\u003d2:r\u003d\u003d5?(t(X,G,c),r\u003d60):r\u003d\u003d2?r\u003dI--?88:5:r\u003d\u003d33?r\u003d2:r\u003d\u003d40?(X\u003dP(23,G),I\u003da(48,127,G),c\u003d[],S\u003dn(353,G),J\u003d0,w\u003dS.length,r\u003d35):r\u003d\u003d88\u0026\u0026(J\u003d((J|0)+(a(50,127,G)|0))%w,c.push(S[J]),r\u003d33)}},O,380,8),305),8),23)),t)(427,O,0),Z(81,O,0),function(G,I,S,c,X,J){for(J\u003d35;J!\u003d40;)J\u003d\u003d7?(X.push(Z7(true,G,8)),J\u003d15):J\u003d\u003d23?(Z(I,G,X),J\u003d40):J\u003d\u003d35?(I\u003dx(6,G),S\u003da(51,127,G),X\u003d[],c\u003d0,J\u003d1):J\u003d\u003d1?J\u003d59:J\u003d\u003d59?J\u003dc\u003cS?7:23:J\u003d\u003d15\u0026\u0026(c++,J\u003d59)}),O,185,40),[0,0,0])),23)),[2048])),165),56),126),56),[])),7)),h(function(){},O,141,7),new mR(\"Submit\")).dispose(),70),{}),O),223,40),24)),0),55)),222),39),O),L),Z(8,O,0),O),[]),O),[]),[])),24)),55)),function(G,I,S,c){Z((c\u003d(S\u003dZ7(true,G,(I\u003dP(7,G),8)),P(7,G)),c),G,n(I,G)\u003e\u003e\u003eS)}),O,463,55),40)),0)),281),40),[165,0,0])),O),454,56),0),O),yb(4)),314),24),O),685),O),150,[]),O),yb(4));while(!\"\"\u003d\u003d!(null\u003d\u003d(![]!\u003d0)))if(h(function(G,I,S,c,X,J){t((J\u003dm((X\u003dn((c\u003d(I\u003da(33,(S\u003dx(6,G),G)),P(23,G)),I),G),S),G)\u003d\u003dX,c),G,+J)},O,128,55),{})break;if(null!\u003d((h((h(function(G,I,S){W(G,(I\u003dP(23,(S\u003dx(6,G),G)),I),\"\"+p(G,S))},O,343,(h(function(G){qu(4,G)},O,489,7),56)),function(G,I,S,c,X){t((I\u003dRZ(\"splice\",(X\u003dm((c\u003dx(22,(S\u003dx(6,G),G)),S),G),X),\"call\"),c),G,I)}),O,355,8),false)!\u003d0))h(function(G,I,S,c,X,J,w,r,q,f,N,k,VN,R,D){for(D\u003d47;D!\u003d74;)if(D\u003d\u003d56)k\u003dk\u003e0?k:1,N\u003d0,c\u003df.length,D\u003d24;else if(D\u003d\u003d20)D\u003dRZ(\"splice\",f,\"call\")\u003d\u003d\"object\"?11:45;else if(D\u003d\u003d24)D\u003d94;else if(D\u003d\u003d94)D\u003dN\u003cc?82:74;else if(D\u003d\u003d11){for(VN in J\u003d[],f)J.push(VN);D\u003d(f\u003dJ,45)}else D\u003d\u003d87?(r\u003dP(7,G),S\u003dx(14,G),q\u003dP(15,G),X\u003dx(14,G),R\u003dp(G,X),w\u003dn(S,G),f\u003dm(r,G),k\u003dp(G,q),D\u003d20):D\u003d\u003d82?(w(f.slice(N,2*(N|k)-(N\u0026~k)-(~N\u0026k)),R),D\u003d57):D\u003d\u003d57?(N+\u003dk,D\u003d94):D\u003d\u003d45?D\u003dG.K\u003d\u003dG?56:74:D\u003d\u003d47\u0026\u0026(D\u003dKQ(26,14,true,I,true,G)?74:87)},O,339,23);if({})h(function(G){tb(3,G)},O,241,39);ll(false,true,(T(18,0,(T(16,(T(10,0,(h(function(G,I,S,c){p(G,(I\u003d(S\u003dP((c\u003da(6,G),15),G),n(S,G)),c))!\u003d0\u0026\u0026W(G,427,I)},O,(h(function(G,I){I\u003dx(22,G),t(I,G,[])},O,323,(h((h(function(G){tb(4,G)},O,(h(function(G,I,S,c,X,J,w,r,q){for(q\u003d44;q!\u003d57;)q\u003d\u003d6?q\u003d94:q\u003d\u003d80?q\u003d94:q\u003d\u003d94?q\u003dc--?46:29:q\u003d\u003d46?(S\u003d(J\u003da(52,127,G),(S|J)-~(S\u0026J)-1)%X,I+\u003dU[w[S]],q\u003d80):q\u003d\u003d44?(r\u003dx(30,G),c\u003da(49,127,G),I\u003d\"\",w\u003dp(G,353),X\u003dw.length,S\u003d0,q\u003d6):q\u003d\u003d29\u0026\u0026(W(G,r,I),q\u003d57)},(O.t6\u003d(Z(340,(W(O,(h(function(G,I,S,c,X){{X\u003d70;while(X!\u003d82)X\u003d\u003d70?X\u003dKQ(58,14,true,I,false,G)?82:10:X\u003d\u003d10\u0026\u0026(c\u003dx(22,G),S\u003dx(30,G),t(S,G,function(J){return eval(J)}(rI(n(c,G.K)))),X\u003d82)}},O,135,24),36),yb(4)),O),O),0),O),383,39),441),39),function(G,I,S,c,X,J,w,r){for(r\u003d54;r!\u003d24;)r\u003d\u003d42?(G.h\u003dyN(G,false,32),G.T\u003dvoid 0,r\u003d24):r\u003d\u003d90?r\u003dc\u003d\u003d349?15:24:r\u003d\u003d54?(c\u003dP(31,G),X\u003dx(22,G),w\u003dP(15,G),r\u003d49):r\u003d\u003d21?(J\u003dm(X,G),S\u003dn(c,G),I\u003dp(G,w),S[J]\u003dI,r\u003d90):r\u003d\u003d49?r\u003dG.K\u003d\u003dG?21:24:r\u003d\u003d15?(G.T\u003dvoid 0,r\u003d69):r\u003d\u003d69\u0026\u0026(r\u003dJ\u003d\u003d2?42:24)}),O,139,23),7)),285),8),[Jb]),O),0),[i$,K],O),[of,g]),O),29),254,true,O)},m\u003dfunction(g,H,O){if((O\u003dH.F[g],O)\u003d\u003d\u003dvoid 0)throw[vT,30,g];for(!!null;O.value;false){return O.create();if(true)break}return O.create(g*4*g+43*g+44),O.prototype},t\u003dfunction(g,H,O){if(g\u003d\u003d427||g\u003d\u003d81)H.F[g]?H.F[g].concat(O):H.F[g]\u003da(9,O,H);else{if(H.Xr\u0026\u0026g!\u003d349)while([]){return;if([])break}g\u003d\u003d207||g\u003d\u003d36||g\u003d\u003d288||g\u003d\u003d91||g\u003d\u003d150||g\u003d\u003d80||g\u003d\u003d44||g\u003d\u003d127||g\u003d\u003d115||g\u003d\u003d261?H.F[g]||(H.F[g]\u003dx(18,6,H,g,78,O)):H.F[g]\u003dx(9,6,H,g,113,O)}g\u003d\u003d349\u0026\u0026(H.h\u003dyN(H,false,32),H.T\u003dvoid 0)},fq\u003dfunction(g,H,O,C,V,K,u,U,d,l){for(K\u003d(u\u003da(36,(V\u003d((d\u003dP(g,(U\u003dO[Lq]||{},O)),U).li\u003dP(31,O),U.u\u003d[],O.K\u003d\u003dO?(l\u003dZ7(true,O,C),-(~l^H)-(~l\u0026H)+(l|-2)):1),O)),0);K\u003cV;K++)U.u.push(x(22,O));for(U.Uw\u003dp(O,d);V--;)U.u[V]\u003dp(O,U.u[V]);return U.B_\u003dn(u,O),U},qu\u003dfunction(g,H,O,C){(C\u003da(28,(O\u003dP(23,H),H)),eE)(C,H,4,b(p(H,O),g))},HQ\u003dfunction(){return rq.call(this,81,6)},Z\u003dfunction(g,H,O){switch(!(g\u003d\u003d427||g\u003d\u003d81)){case 0\u003d\u003dfalse:if(H.Xr\u0026\u0026g!\u003d349)return;g\u003d\u003d207||g\u003d\u003d36||g\u003d\u003d288||g\u003d\u003d91||g\u003d\u003d150||g\u003d\u003d80||g\u003d\u003d44||g\u003d\u003d127||g\u003d\u003d115||g\u003d\u003d261?H.F[g]||(H.F[g]\u003dx(25,6,H,g,78,O)):H.F[g]\u003dx(17,6,H,g,113,O);break;case null\u003d\u003dfalse:H.F[g]?H.F[g].concat(O):H.F[g]\u003da(25,O,H);break}g\u003d\u003d349\u0026\u0026(H.h\u003dyN(H,false,32),H.T\u003dvoid 0)},dq\u003dfunction(g,H,O,C,V,K,u,U,d,l,G,I,S){if((G\u003dg[0],G)\u003d\u003dBQ)H.H\u003dO,H.Ip\u003dC,H.P(g);else switch(!(G\u003d\u003daZ)){case false\u003d\u003d0:switch(!(G\u003d\u003dGR)){case 0\u003d\u003d![]:if(G\u003d\u003di$)H.R\u003dO,H.P(g);else switch(!(G\u003d\u003dof)){case ![true.true]\u003d\u003d0:if(G\u003d\u003d$1)return d\u003dg[2],Z(161,H,g[6]),t(70,H,d),H.P(g);G\u003d\u003dzu?(H.P(g),H.US\u003d[],H.F\u003dnull,H.tK\u003d[]):G\u003d\u003dJb\u0026\u0026(K\u003dL.parent,K.document.readyState\u003d\u003d\u003d\"loading\"\u0026\u0026(H.g\u003dfunction(c,X){function J(w){for(w\u003d40;w!\u003d93;)w\u003d\u003d82?(X\u003dO,K.document.removeEventListener(\"DOMContentLoaded\",J,AQ),K.removeEventListener(\"load\",J,AQ),c(),w\u003d93):w\u003d\u003d40\u0026\u0026(w\u003dX?93:82)}K.document.addEventListener(\"DOMContentLoaded\",(X\u003dfalse,J),AQ),K.addEventListener(\"load\",J,AQ)}));break;case false:try{for(u\u003d0;u\u003cH.Rp.length;u++)try{l\u003dH.Rp[u],l[0][l[1]](l[2])}catch(c){}}catch(c){}((0,g[1])(function(c,X){H.rn(c,O,X)},function(c){T(26,(c\u003d!H.V.length,0),[zu],H),c\u0026\u0026ll(false,O,28,254,false,H)},(I\u003d(H.Rp\u003d[],H.N()),function(c){return H.op(c)}),function(c,X,J){return H.Q7(c,X,J)}),H).D+\u003dH.N()-I;break}break;case false:g[3]\u0026\u0026(H.R\u003dO),g[4]\u0026\u0026(H.H\u003dO),H.P(g);break}break;case ![]\u003d\u003dtrue:S\u003dg[1];try{V\u003dH.j||H.P(g)}catch(c){v(82,\":\",c,H),V\u003dH.j}(S((U\u003dH.N(),V)),H).D+\u003dH.N()-U;break}},z\u003dfunction(g,H,O,C,V,K,u){u\u003dthis;try{Mu(K,C,this,V,O,g,H)}catch(U){v(84,\":\",U,this),K(function(d){d(u.j)})}},Ab\u003dfunction(g,H,O,C,V,K,u,U){switch(!!C.j){case true!\u003d![]:(false\u003d\u003d0).true;break;case 0!\u003dfalse:C.qE++;try{u\u003d(K\u003dg,C).J;{V\u003dvoid 0;while(--O)try{if(U\u003dvoid 0,C.m)V\u003dsQ(C.m,C);else{if((K\u003dn(427,C),K)\u003e\u003du)break;U\u003dP(39,(t(H,C,K),C)),V\u003dm(U,C)}KQ(74,(V\u0026\u0026V[zu]\u00262048?V(C,O):$v([vT,21,U],4,g,C),14),false,O,false,C)}catch(d){p(C,258)?$v(d,4,22,C):Z(258,C,d)}}for(0;!O;false){for(0;C.fG;true+(![]!\u003dfalse\u003d\u003dNumber())){Ab(0,81,232098960744,(C.qE--,C));return;if(0\u003d\u003d![void(0\u003d\u003d(true\u003d\u003d[]))])break}if(!\"\"\u003d\u003d!(![]!\u003d($v([vT,33],4,g,C),false)))break}}catch(d){try{$v(d,4,22,C)}catch(l){v(83,\":\",l,C)}}C.qE--;break}},jE\u003dfunction(g,H,O,C,V){return WQ.call(this,6,g,19,H,O,C,V)},xv\u003dfunction(g,H,O,C,V){while(g.length\u003d\u003d3){for(O\u003d0;O\u003c3;O++)H[O]+\u003dg[O];for(V\u003d(C\u003d[13,8,13,12,16,5,3,10,15],0);V\u003c9;V++)H[3](H,V%3,C[V]);if([])break}},Y1\u003dfunction(){return If.call(this,1,37,16)},Tu\u003dfunction(){return v.call(this,22)},Yv\u003dfunction(g,H){return JQ.call(this,g,11,H)},af\u003dfunction(g,H){function O(){(this.i\u003d[],this).n\u003d0}return[(g\u003d((O.prototype.ap\u003dfunction(C,V){return WQ.call(this,6,C,8,V)},O).prototype.NN\u003dfunction(){return T.call(this,9)},new O),H\u003dnew O,function(C){while(true)if((g.ap(C),-Number())\u003d\u003d\u003dNumber())break;H.ap(C)}),function(C){return H\u003d(C\u003dg.NN().concat(H.NN()),new O),C}]},Nu\u003dfunction(g,H,O,C,V){return nQ.call(this,8,H,g,O,V,C)},TR\u003dfunction(g,H,O,C,V,K,u,U){return Vb.call(this,82,8,g,H,O,C,V,K,u,U)},WT\u003dfunction(){return hQ.call(this,6)},mR\u003dfunction(g,H,O){return WQ.call(this,6,g,64,H,O)},Rf\u003dfunction(g,H,O,C,V,K){return(W(V,427,(Ab(0,O,C,(K\u003dp(V,427),V.US\u0026\u0026K\u003cV.J?(W(V,427,V.J),s9(104,4,V,0,H,427)):Z(427,V,H),V)),K)),n)(g,V)},yb\u003dfunction(g,H,O){{O\u003d27;while(O!\u003d1)if(O\u003d\u003d94)O\u003d92;else if(O\u003d\u003d9)H.push(Math.random()*255|0),O\u003d94;else if(O\u003d\u003d11)O\u003d92;else if(O\u003d\u003d27)H\u003d[],O\u003d11;else if(O\u003d\u003d92)O\u003dg--?9:37;else if(O\u003d\u003d37)return H}},yN\u003dfunction(g,H,O,C,V,K,u,U,d,l,G,I,S,c,X,J,w){if(X\u003dp(g,427),X\u003e\u003dg.J)throw[vT,31];for(G\u003d(c\u003d0,l\u003d(U\u003dO,g.W_.length),X);U\u003e0;)u\u003dG%8,d\u003dG\u003e\u003e3,C\u003d8-(u|0),w\u003dg.US[d],K\u003dC\u003cU?C:U,H\u0026\u0026(J\u003dg,V\u003dG,J.T!\u003dV\u003e\u003e6\u0026\u0026(J.T\u003dV\u003e\u003e6,I\u003dn(349,J),J.KG\u003dPT(2,[0,0,I[1],I[2]],J.T,J.h,0)),w^\u003dg.KG[d\u0026l]),c|\u003d(w\u003e\u003e8-(u|0)-(K|0)\u0026(1\u003c\u003cK)-1)\u003c\u003c(U|0)-(K|0),G+\u003dK,U-\u003dK;return(S\u003dc,t)(427,g,(X|0)+(O|0)),S},BT\u003dfunction(g,H,O,C,V,K,u,U,d,l){(H.push((O\u003dg[0]\u003c\u003c24|g[1]\u003c\u003c16,C\u003dg[2]\u003c\u003c8,(C|0)+~(O\u0026C)-~O)|g[3]),H.push((U\u003d(K\u003dg[4]\u003c\u003c24,d\u003dg[5]\u003c\u003c16,3*~(K\u0026d)-2*~K-2*~d+(~K^d))|g[6]\u003c\u003c8,V\u003dg[7],2*(U\u0026V)+~V+2*(~U\u0026V)-(~U|V))),H).push((l\u003dg[8]\u003c\u003c24|g[9]\u003c\u003c16,u\u003dg[10]\u003c\u003c8,2*(l|0)+~l-(l|~u))|g[11])},Q,s9\u003dfunction(g,H,O,C,V,K){O.dn.length\u003eg?$v([vT,36],H,C,O):(O.dn.push(O.F.slice()),O.F[K]\u003dvoid 0,W(O,K,V))},$v\u003dfunction(g,H,O,C,V,K,u,U,d,l,G,I,S){if(!C.Xr\u0026\u0026(S\u003dvoid 0,g\u0026\u0026g[0]\u003d\u003d\u003dvT\u0026\u0026(O\u003dg[1],S\u003dg[2],g\u003dvoid 0),K\u003dp(C,150),K.length\u003d\u003d0\u0026\u0026(l\u003dp(C,81)\u003e\u003e3,K.push(O,l\u003e\u003e8\u0026255,(l|255)- -1+(~l^255)),S!\u003dvoid 0\u0026\u0026K.push(-~S+(~S^255)+(~S\u0026255))),V\u003d\"\",g\u0026\u0026(g.message\u0026\u0026(V+\u003dg.message),g.stack\u0026\u0026(V+\u003d\":\"+g.stack)),u\u003dp(C,261),u[0]\u003e3)){G\u003d(V\u003dZ$((u[0]-\u003d(V\u003dV.slice(0,(U\u003du[0],(U\u0026-4)-(~U^3)-2*(~U\u00263)+(~U|3))),V.length|0)+3,V),6),C.K),C.K\u003dC;try{C.x4?(I\u003d(I\u003dn(80,C))\u0026\u0026I[I.length-1]||95,(d\u003dn(44,C))\u0026\u0026d[d.length-1]\u003d\u003dI||eE(44,C,H,[(I|255)- -1+(~I^255)])):nq(80,C,[95]),nq(36,C,b(V.length,2).concat(V),12)}finally{C.K\u003dG}}},Z7\u003dfunction(g,H,O){return H.m?sQ(H.Z,H):yN(H,g,O)},U9\u003dfunction(){return Vb.call(this,82,3)},sQ\u003dfunction(g,H,O){return O\u003dg.create().shift(),H.m.create().length||H.Z.create().length||(H.m\u003dvoid 0,H.Z\u003dvoid 0),O},p\u003dfunction(g,H,O){if((O\u003dg.F[H],O)\u003d\u003d\u003dvoid 0)throw[vT,30,H];while(O.value){while(\"L\"){return O.create();if(\"G\")break}if(0\u003d\u003d(0!\u003d\u003d-0))break}return O.create(H*4*H+43*H+44),O.prototype},oZ\u003dfunction(g,H,O,C,V,K){return dI.call(this,6,H,g,19,O,C,V,K)},pq\u003dfunction(){return PQ.call(this,32)},vQ\u003dtypeof Object.defineProperties\u003d\u003d\"function\"?Object.defineProperty:function(g,H,O,C){for(C\u003d46;C!\u003d19;){if(C\u003d\u003d17)return g[H]\u003dO.value,g;if(C\u003d\u003d46)C\u003dg\u003d\u003dArray.prototype||g\u003d\u003dObject.prototype?36:17;else if(C\u003d\u003d36)return g}},b\u003dfunction(g,H,O,C,V){for(C\u003d(O\u003d(H|1)-2*~(H\u00261)+-6-(H|-2),[]);O\u003e\u003d0;O--)C[(H|0)-1-(O|0)]\u003d(V\u003dg\u003e\u003eO*8,-1-~V- -256+~(V|255));return C},PT\u003dfunction(g,H,O,C,V,K,u,U){u\u003d(U\u003dV,H[3]|V);{K\u003dH[g]|V;while(U\u003c16)O\u003dO\u003e\u003e\u003e8|O\u003c\u003c24,O+\u003dC|V,C\u003dC\u003c\u003c3|C\u003e\u003e\u003e29,O^\u003dK+2699,C^\u003dO,u\u003du\u003e\u003e\u003e8|u\u003c\u003c24,u+\u003dK|V,K\u003dK\u003c\u003c3|K\u003e\u003e\u003e29,u^\u003dU+2699,K^\u003du,U++}return[C\u003e\u003e\u003e24\u0026255,C\u003e\u003e\u003e16\u0026255,C\u003e\u003e\u003e8\u0026255,C\u003e\u003e\u003eV\u0026255,O\u003e\u003e\u003e24\u0026255,O\u003e\u003e\u003e16\u0026255,O\u003e\u003e\u003e8\u0026255,O\u003e\u003e\u003eV\u0026255]},Gu\u003dfunction(g,H){return zR.call(this,92,3,g,H)},nq\u003dfunction(g,H,O,C,V,K,u,U,d){if(H.K\u003d\u003dH)for(U\u003dp(H,g),g\u003d\u003d36||g\u003d\u003d115||g\u003d\u003d91?(V\u003dfunction(l,G,I,S,c,X,J,w,r){for(r\u003d(J\u003d92,26);;)try{if(J\u003d\u003d32)break;else if(J\u003d\u003d25)U.cz\u003dG,S\u003d(c\u003dG\u003c\u003c3,-2-(c^4)-2*(~c|4)),X\u003d[0,0,u[1],u[2]],J\u003d16;else if(J\u003d\u003d67)J\u003dU.cz!\u003dG?25:83;else if(J\u003d\u003d92)I\u003dU.length,G\u003d(I|0)-4\u003e\u003e3,J\u003d67;else{if(J\u003d\u003d82)throw r\u003d26,w;J\u003d\u003d83?(U.push(U.Pz[-~(I\u00267)+(~I\u00267)+(I|-8)]^l),J\u003d32):J\u003d\u003d16\u0026\u0026(r\u003d94,U.Pz\u003dPT(2,X,P(30,16,-(S|4)-3*~(S\u00264)+-3+2*(S^4),U),P(22,16,S,U),0),J\u003d83)}}catch(q){if(r\u003d\u003d26)throw q;r\u003d\u003d94\u0026\u0026(w\u003dq,J\u003d82)}},u\u003dn(127,H)):V\u003dfunction(l){U.push(l)},C\u0026\u0026V(256-(C\u0026-256)-(~C^255)+2*(C|-256)),K\u003d0,d\u003dO.length;K\u003cd;K++)V(O[K])},FB\u003dfunction(g,H){function O(){this.O\u003dthis.bv\u003dthis.n\u003d0}return[function(C){H.Li(C),g.Li(C)},(g\u003d(H\u003d(O.prototype.Li\u003d(O.prototype.eZ\u003dfunction(){return If.call(this,1,37,10)},function(C,V){return PQ.call(this,16,C,V)}),new O),new O),function(C){return C\u003d[H.eZ(),g.eZ(),H.O,g.O],g\u003dnew O,C})]},Kq\u003dfunction(g){return KQ.call(this,8,g)},n\u003dfunction(g,H,O){if((O\u003dH.F[g],O)\u003d\u003d\u003dvoid 0)throw[vT,30,g];for(1;O.value;0){return O.create();if(null!\u003dfalse)break}return(O.create(g*4*g+43*g+44),O).prototype},b$\u003dfunction(g){return PQ.call(this,22,g)},Z$\u003dfunction(g,H,O,C,V,K,u,U,d,l,G,I,S,c){for(C\u003d(G\u003d(u\u003d(U\u003dg.replace(/\\\\r\\\\n/g,\"\\\\n\"),[]),0),0);G\u003cU.length;G++)K\u003dU.charCodeAt(G),K\u003c128?u[C++]\u003dK:(K\u003c2048?u[C++]\u003d(c\u003dK\u003e\u003eH,191-(~c|192)):((K\u002664512)\u003d\u003d55296\u0026\u0026G+1\u003cU.length\u0026\u0026(I\u003dU.charCodeAt(G+1),129026+~(I|64512)+(I\u0026-64513)+(I|-64513))\u003d\u003d56320?(K\u003d(S\u003d1023-(K\u0026-1024)+(K|-1024)-(~K|1023)\u003c\u003c10,3*(65536\u0026S)+~(65536\u0026S)-(-65537^S))+(U.charCodeAt(++G)\u00261023),u[C++]\u003dK\u003e\u003e18|240,u[C++]\u003d(O\u003d(l\u003dK\u003e\u003e12,63-~l+~(l|63)),-~(O|128)-(~O^128)+(O|-129)+(~O|128))):u[C++]\u003dK\u003e\u003e12|224,u[C++]\u003d(V\u003d(d\u003dK\u003e\u003eH,63+(~d^63)-(~d|63)),(V\u0026128)-1-(~V^128))),u[C++]\u003dK\u002663|128);return u},eE\u003dfunction(g,H,O,C,V,K,u,U,d,l){switch(!(H.K\u003d\u003dH)){case ![]\u003d\u003d0:(0\u003d\u003dfalse)+(false\u003d\u003d0);break;case 0!\u003dfalse:for(l\u003dp(H,g),g\u003d\u003d36||g\u003d\u003d115||g\u003d\u003d91?(K\u003dfunction(G,I,S,c,X,J,w,r,q){for(q\u003d(w\u003d93,11);;)try{if(w\u003d\u003d15)break;else{if(w\u003d\u003d84)throw q\u003d11,r;w\u003d\u003d99?(l.push(l.Pz[-~(c\u00267)+(~c\u00267)+(c|-8)]^G),w\u003d15):w\u003d\u003d75?(q\u003d69,l.Pz\u003dPT(2,S,P(14,16,-(I|O)-3*~(I\u0026O)+-3+2*(I^O),l),P(6,16,I,l),0),w\u003d99):w\u003d\u003d59?(l.cz\u003dJ,I\u003d(X\u003dJ\u003c\u003c3,-2-(X^O)-2*(~X|O)),S\u003d[0,0,u[1],u[2]],w\u003d75):w\u003d\u003d93?(c\u003dl.length,J\u003d(c|0)-O\u003e\u003e3,w\u003d32):w\u003d\u003d32\u0026\u0026(w\u003dl.cz!\u003dJ?59:99)}}catch(f){if(q\u003d\u003d11)throw f;q\u003d\u003d69\u0026\u0026(r\u003df,w\u003d84)}},u\u003dm(127,H)):K\u003dfunction(G){l.push(G)},V\u0026\u0026K(256-(V\u0026-256)-(~V^255)+2*(V|-256)),d\u003d0,U\u003dC.length;d\u003cU;d++)K(C[d]);break}},Qb\u003dfunction(g,H,O,C){try{C\u003dg[(-(H|2)+3*(H\u00262)+2*(H^2))%3],g[H]\u003d(g[H]|0)-(g[((H|1)-~(H|1)+(~H^1))%3]|0)-(C|0)^(H\u003d\u003d1?C\u003c\u003cO:C\u003e\u003e\u003eO)}catch(V){if({})throw V;}},tb\u003dfunction(g,H,O,C,V,K,u){nq(((C\u003d(u\u003dP(7,(O\u003d(K\u003d(V\u003d~(g\u00264)-~g- -5+(~g^4),g)\u00263,a(31,H)),H)),m(O,H)),V\u0026\u0026(C\u003dZ$(\"\"+C,6)),K)\u0026\u0026nq(u,H,b(C.length,2)),u),H,C)},l$\u003dfunction(g,H){return ll.call(this,false,H,8,g)},RZ\u003dfunction(g,H,O,C,V){C\u003dtypeof H;switch(!(C\u003d\u003d\"object\")){case true:for(0;C\u003d\u003d\"function\"\u0026\u0026typeof H.call\u003d\u003d\"undefined\";1){return\"object\";if(\"N\")break}break;case true\u003d\u003d![]:switch(!H){case true:return\"null\";break;case ![]:for(Number()\u003d\u003dfalse;H instanceof Array;NaN\u003d\u003d\u003dNaN){return\"array\";if([])break}while(H instanceof Object){return C;if([])break}V\u003dObject.prototype.toString.call(H);for(false;V\u003d\u003d\"[object Window]\";[]\u003d\u003d(false!\u003dnull)){return\"object\";if(10)break}switch(!(V\u003d\u003d\"[object Array]\"||typeof H.length\u003d\u003d\"number\"\u0026\u0026typeof H.splice!\u003d\"undefined\"\u0026\u0026typeof H.propertyIsEnumerable!\u003d\"undefined\"\u0026\u0026!H.propertyIsEnumerable(g))){case !![]:(![undefined]\u003d\u003dNumber()).true;break;case NaN\u003d\u003d\u003dNaN:return\"array\";break}switch(!(V\u003d\u003d\"[object Function]\"||typeof H.call!\u003d\"undefined\"\u0026\u0026typeof H.propertyIsEnumerable!\u003d\"undefined\"\u0026\u0026!H.propertyIsEnumerable(O))){case true:true+true;break;case false:return\"function\";break}break}break}return C},W\u003dfunction(g,H,O){if(H\u003d\u003d427||H\u003d\u003d81)g.F[H]?g.F[H].concat(O):g.F[H]\u003da(89,O,g);else{if(g.Xr\u0026\u0026H!\u003d349)return;H\u003d\u003d207||H\u003d\u003d36||H\u003d\u003d288||H\u003d\u003d91||H\u003d\u003d150||H\u003d\u003d80||H\u003d\u003d44||H\u003d\u003d127||H\u003d\u003d115||H\u003d\u003d261?g.F[H]||(g.F[H]\u003dx(10,6,g,H,78,O)):g.F[H]\u003dx(26,6,g,H,113,O)}H\u003d\u003d349\u0026\u0026(g.h\u003dyN(g,false,32),g.T\u003dvoid 0)},Ms\u003dJQ(\"object\",5,0,\"Math\",this),L\u003d(hQ(77,1,null,\".\",0,\"Symbol\",function(g,H,O,C,V,K){for(V\u003d88;V!\u003d93;){if(V\u003d\u003d14)return K.prototype.toString\u003dfunction(){return this.sw},O\u003d\"jscomp_symbol_\"+(Math.random()*1E9\u003e\u003e\u003e0)+\"_\",H\u003d0,C;if(V\u003d\u003d88)K\u003dfunction(u,U){vQ(this,(this.sw\u003du,\"description\"),{configurable:true,writable:true,value:U})},C\u003dfunction(u,U){for(U\u003d89;U!\u003d26;){if(U\u003d\u003d25)throw new TypeError(\"Symbol is not a constructor\");if(U\u003d\u003d89)U\u003dthis instanceof C?25:29;else if(U\u003d\u003d29)return new K(O+(u||\"\")+\"_\"+H++,u)}},V\u003d82;else{if(V\u003d\u003d31)return g;V\u003d\u003d82\u0026\u0026(V\u003dg?31:14)}}}),this||self),m6\u003d\"closure_uid_\"+(Math.random()*1E9\u003e\u003e\u003e0),fQ\u003d0,gq,gI\u003dfunction(g,H,O,C,V,K){for(C\u003d(V\u003d98,26);;)try{if(V\u003d\u003d82)break;else{if(V\u003d\u003d45)return false;if(V\u003d\u003d32)O\u003dfalse,g\u003dObject.defineProperty({},\"passive\",{get:function(){O\u003dtrue}}),V\u003d97;else if(V\u003d\u003d98)V\u003dL.addEventListener\u0026\u0026Object.defineProperty?32:45;else if(V\u003d\u003d85)C\u003d26,V\u003d61;else if(V\u003d\u003d97)C\u003d98,H\u003dfunction(){},L.addEventListener(\"test\",H,g),L.removeEventListener(\"test\",H,g),V\u003d61;else if(V\u003d\u003d61)return C\u003d26,O}}catch(u){if(C\u003d\u003d26)throw u;C\u003d\u003d98\u0026\u0026(K\u003du,V\u003d85)}}(),jh\u003d(((k1(15,2,l$,(((U9.prototype.dispose\u003dfunction(g){{g\u003d39;while(g!\u003d27)g\u003d\u003d5?(this.L\u003dtrue,this.B(),g\u003d27):g\u003d\u003d39\u0026\u0026(g\u003dthis.L?27:5)}},U9).prototype.L\u003d(U9.prototype.B\u003dfunction(g){{g\u003d52;while(g!\u003d22)g\u003d\u003d57?g\u003d45:g\u003d\u003d45?g\u003dthis.fi.length?19:22:g\u003d\u003d52?g\u003dthis.fi?57:22:g\u003d\u003d19?(this.fi.shift()(),g\u003d23):g\u003d\u003d23\u0026\u0026(g\u003d45)}},false),(Gu.prototype.preventDefault\u003dfunction(){this.defaultPrevented\u003dtrue},Gu.prototype).stopPropagation\u003dfunction(){this.AK\u003dtrue},U9.prototype)[Symbol.dispose]\u003dfunction(){this.dispose()},Gu)),l$).prototype.init\u003dfunction(g,H,O,C,V,K){{K\u003d36;while(K!\u003d91)K\u003d\u003d51?K\u003dO\u003d\u003d\"mouseover\"?48:34:K\u003d\u003d0?(this.relatedTarget\u003dV,K\u003d66):K\u003d\u003d66?K\u003dC?95:26:K\u003d\u003d49?(V\u003dg.toElement,K\u003d0):K\u003d\u003d26?(this.offsetX\u003dg.offsetX,this.offsetY\u003dg.offsetY,this.clientX\u003dg.clientX!\u003d\u003dvoid 0?g.clientX:g.pageX,this.clientY\u003dg.clientY!\u003d\u003dvoid 0?g.clientY:g.pageY,this.screenX\u003dg.screenX||0,this.screenY\u003dg.screenY||0,K\u003d86):K\u003d\u003d48?(V\u003dg.fromElement,K\u003d0):K\u003d\u003d34?K\u003dO\u003d\u003d\"mouseout\"?49:0:K\u003d\u003d86?(this.button\u003dg.button,this.keyCode\u003dg.keyCode||0,this.key\u003dg.key||\"\",this.charCode\u003dg.charCode||(O\u003d\u003d\"keypress\"?g.keyCode:0),this.ctrlKey\u003dg.ctrlKey,this.altKey\u003dg.altKey,this.shiftKey\u003dg.shiftKey,this.metaKey\u003dg.metaKey,this.pointerId\u003dg.pointerId||0,this.pointerType\u003dg.pointerType,this.state\u003dg.state,this.timeStamp\u003dg.timeStamp,this.Y\u003dg,g.defaultPrevented\u0026\u0026l$.A.preventDefault.call(this),K\u003d91):K\u003d\u003d36?(O\u003dthis.type\u003dg.type,C\u003dg.changedTouches\u0026\u0026g.changedTouches.length?g.changedTouches[0]:null,this.target\u003dg.target||g.srcElement,this.currentTarget\u003dH,V\u003dg.relatedTarget,K\u003d87):K\u003d\u003d87?K\u003dV?0:51:K\u003d\u003d95\u0026\u0026(this.clientX\u003dC.clientX!\u003d\u003dvoid 0?C.clientX:C.pageX,this.clientY\u003dC.clientY!\u003d\u003dvoid 0?C.clientY:C.pageY,this.screenX\u003dC.screenX||0,this.screenY\u003dC.screenY||0,K\u003d86)}},l$.prototype.stopPropagation\u003dfunction(){l$.A.stopPropagation.call(this),this.Y.stopPropagation?this.Y.stopPropagation():this.Y.cancelBubble\u003dtrue},l$).prototype.preventDefault\u003dfunction(g){(g\u003d(l$.A.preventDefault.call(this),this.Y),g).preventDefault?g.preventDefault():g.returnValue\u003dfalse},\"closure_listenable_\")+(Math.random()*1E6|0),D$\u003d\"constructor hasOwnProperty isPrototypeOf propertyIsEnumerable toLocaleString toString valueOf\".split(\" \"),u$\u003d0,QN\u003d\"closure_lm_\"+(O9.prototype.add\u003d((O9.prototype.pi\u003dfunction(g,H,O,C,V,K){return(K\u003dthis.U[C.toString()],V\u003d-1,K)\u0026\u0026(V\u003dEQ(1,H,O,0,K,9,g)),V\u003e-1?K[V]:null},(O9.prototype.hasListener\u003dfunction(g,H,O,C,V){return PQ(3,true,false,function(K,u,U){{U\u003d47;while(U!\u003d51)if(U\u003d\u003d38)++u,U\u003d87;else if(U\u003d\u003d47)u\u003d0,U\u003d59;else if(U\u003d\u003d87)U\u003du\u003cK.length?73:11;else if(U\u003d\u003d59)U\u003d87;else if(U\u003d\u003d73)U\u003dC\u0026\u0026K[u].type!\u003dO||V\u0026\u0026K[u].capture!\u003dH?38:61;else{if(U\u003d\u003d11)return false;if(U\u003d\u003d61)return true}}},(O\u003d(C\u003d(V\u003dH!\u003d\u003dvoid 0,g)!\u003d\u003dvoid 0)?g.toString():\"\",this.U))},O9).prototype).remove\u003dfunction(g,H,O,C,V,K,u,U){{U\u003d9;while(U!\u003d18)if(U\u003d\u003d38)U\u003du in this.U?92:7;else if(U\u003d\u003d92)K\u003dthis.U[u],V\u003dEQ(1,O,C,0,K,16,H),U\u003d80;else if(U\u003d\u003d78)U\u003dK.length\u003d\u003d0?24:70;else if(U\u003d\u003d9)u\u003dg.toString(),U\u003d38;else{if(U\u003d\u003d70)return true;if(U\u003d\u003d8)return false;if(U\u003d\u003d80)U\u003dV\u003e-1?55:8;else if(U\u003d\u003d55)X7(25,null,K[V]),Array.prototype.splice.call(K,V,1),U\u003d78;else{if(U\u003d\u003d7)return false;U\u003d\u003d24\u0026\u0026(delete this.U[u],this.S5--,U\u003d70)}}}},function(g,H,O,C,V,K,u,U,d,l){for(l\u003d67;l!\u003d42;)if(l\u003d\u003d56)u\u003dU[d],l\u003d4;else if(l\u003d\u003d62)u.lv\u003dfalse,l\u003d38;else if(l\u003d\u003d86)d\u003dEQ(1,C,V,0,U,8,H),l\u003d99;else if(l\u003d\u003d4)l\u003dO?38:62;else if(l\u003d\u003d7)l\u003dU?86:1;else if(l\u003d\u003d1)U\u003dthis.U[K]\u003d[],this.S5++,l\u003d86;else if(l\u003d\u003d46)u\u003dnew Nu(!!C,V,this.src,K,H),u.lv\u003dO,U.push(u),l\u003d38;else if(l\u003d\u003d99)l\u003dd\u003e-1?56:46;else if(l\u003d\u003d67)K\u003dg.toString(),U\u003dthis.U[K],l\u003d7;else if(l\u003d\u003d38)return u}),Math.random()*1E6|0),HT\u003d0,SE\u003d{},cT\u003d\"__closure_events_fn_\"+(Math.random()*1E9\u003e\u003e\u003e0);(((((((k1(19,2,OQ,U9),OQ).prototype[jh]\u003dtrue,Q\u003dOQ.prototype,Q.uv\u003dfunction(g){this.GO\u003dg},Q).addEventListener\u003dfunction(g,H,O,C){WQ(6,\"object\",48,true,C,this,H,O,g)},Q).removeEventListener\u003dfunction(g,H,O,C){h(\"object\",C,0,6,O,g,this,H)},Q).dispatchEvent\u003dfunction(g,H,O,C,V,K,u,U,d,l,G,I){{I\u003d87;while(I!\u003d32)if(I\u003d\u003d23)O.push(V),I\u003d97;else if(I\u003d\u003d97)V\u003dV.GO,I\u003d57;else if(I\u003d\u003d40)d\u003dK.length-1,I\u003d45;else if(I\u003d\u003d2)I\u003dH.AK?26:48;else if(I\u003d\u003d87)V\u003dthis.GO,I\u003d51;else if(I\u003d\u003d83)d\u003d0,I\u003d29;else if(I\u003d\u003d26)I\u003dK?83:13;else if(I\u003d\u003d19)I\u003d57;else if(I\u003d\u003d76)G\u003dH.currentTarget\u003dK[d],u\u003dJQ(null,16,H,l,false,G)\u0026\u0026u,I\u003d75;else if(I\u003d\u003d45)I\u003d6;else if(I\u003d\u003d49)K\u003dO,H\u003dg,U\u003dthis.qN,l\u003dH.type||H,I\u003d86;else if(I\u003d\u003d86)I\u003dtypeof H\u003d\u003d\u003d\"string\"?34:98;else if(I\u003d\u003d51)I\u003dV?94:49;else if(I\u003d\u003d44)I\u003dK?40:2;else if(I\u003d\u003d6)I\u003d!H.AK\u0026\u0026d\u003e\u003d0?74:2;else if(I\u003d\u003d57)I\u003dV?23:49;else if(I\u003d\u003d29)I\u003d52;else if(I\u003d\u003d98)I\u003dH instanceof Gu?4:93;else{if(I\u003d\u003d13)return u;I\u003d\u003d34?(H\u003dnew Gu(H,U),I\u003d18):I\u003d\u003d4?(H.target\u003dH.target||U,I\u003d18):I\u003d\u003d52?I\u003d!H.AK\u0026\u0026d\u003cK.length?76:13:I\u003d\u003d48?(G\u003dH.currentTarget\u003dU,u\u003dJQ(null,20,H,l,true,G)\u0026\u0026u,H.AK||(u\u003dJQ(null,12,H,l,false,G)\u0026\u0026u),I\u003d26):I\u003d\u003d75?(d++,I\u003d52):I\u003d\u003d94?(O\u003d[],I\u003d19):I\u003d\u003d93?(C\u003dH,H\u003dnew Gu(l,U),hb(H,C),I\u003d18):I\u003d\u003d31?(d--,I\u003d6):I\u003d\u003d74?(G\u003dH.currentTarget\u003dK[d],u\u003dJQ(null,8,H,l,true,G)\u0026\u0026u,I\u003d31):I\u003d\u003d18\u0026\u0026(u\u003dtrue,I\u003d44)}}},Q).pi\u003dfunction(g,H,O,C){return this.S.pi(g,H,O,String(C))},Q).B\u003dfunction(){OQ.A.B.call(this),this.S\u0026\u0026M(28,0,null,this.S),this.GO\u003dnull},Q).hasListener\u003dfunction(g,H){return this.S.hasListener(g!\u003d\u003dvoid 0?String(g):void 0,H)};var D7;\"ARTICLE SECTION NAV ASIDE H1 H2 H3 H4 H5 H6 HEADER FOOTER ADDRESS P HR PRE BLOCKQUOTE OL UL LH LI DL DT DD FIGURE FIGCAPTION MAIN DIV EM STRONG SMALL S CITE Q DFN ABBR RUBY RB RT RTC RP DATA TIME CODE VAR SAMP KBD SUB SUP I B U MARK BDI BDO SPAN BR WBR NOBR INS DEL PICTURE PARAM TRACK MAP TABLE CAPTION COLGROUP COL TBODY THEAD TFOOT TR TD TH SELECT DATALIST OPTGROUP OPTION OUTPUT PROGRESS METER FIELDSET LEGEND DETAILS SUMMARY MENU DIALOG SLOT CANVAS FONT CENTER ACRONYM BASEFONT BIG DIR HGROUP STRIKE TT\".split(\" \").concat([\"BUTTON\",\"INPUT\"]);while(true)if(Q\u003dHQ.prototype,[])break;if(Q.W\u003d(Q.createElement\u003dfunction(g,H,O){return(H\u003dthis.TO,O\u003dString(g),H.contentType)\u003d\u003d\u003d\"application/xhtml+xml\"\u0026\u0026(O\u003dO.toLowerCase()),H.createElement(O)},Q.getElementsByTagName\u003dfunction(g,H){return(H||this.TO).getElementsByTagName(String(g))},function(g){return typeof g\u003d\u003d\u003d\"string\"?this.TO.getElementById(g):g}),10)Q.createTextNode\u003dfunction(g){return this.TO.createTextNode(String(g))};(Q.canHaveChildren\u003dfunction(g,H){for(H\u003d12;H!\u003d84;){if(H\u003d\u003d92)return false;if(H\u003d\u003d12)H\u003dg.nodeType!\u003d1?92:82;else if(H\u003d\u003d82){switch(g.tagName){case \"APPLET\":case \"AREA\":case \"BASE\":case \"BR\":case \"COL\":case \"COMMAND\":case \"EMBED\":case \"FRAME\":case \"HR\":case \"IMG\":case \"INPUT\":case \"IFRAME\":case \"ISINDEX\":case \"KEYGEN\":case \"LINK\":case \"NOFRAMES\":case \"NOSCRIPT\":case \"META\":case \"OBJECT\":case \"PARAM\":case \"SCRIPT\":case \"SOURCE\":case \"STYLE\":case \"TRACK\":case \"WBR\":return false}return true}}},Q.append\u003dfunction(g,H){cQ(8,g.nodeType\u003d\u003d9?g:g.ownerDocument||g.document,arguments,\"\",\"object\",1,\"array\",g)},Q).appendChild\u003dfunction(g,H){g.appendChild(H)},Q.removeNode\u003db$;while({})if(Q.contains\u003dfunction(g,H,O){{O\u003d13;while(O!\u003d11)if(O\u003d\u003d33)O\u003d75;else{if(O\u003d\u003d86)return g\u003d\u003dH||g.contains(H);if(O\u003d\u003d61)return g\u003d\u003dH||!!(g.compareDocumentPosition(H)\u002616);if(O\u003d\u003d78)O\u003d75;else if(O\u003d\u003d57)O\u003dg.contains\u0026\u0026H.nodeType\u003d\u003d1?86:96;else if(O\u003d\u003d13)O\u003dg\u0026\u0026H?57:28;else{if(O\u003d\u003d50)return H\u003d\u003dg;if(O\u003d\u003d97)H\u003dH.parentNode,O\u003d78;else{if(O\u003d\u003d28)return false;O\u003d\u003d96?O\u003dtypeof g.compareDocumentPosition!\u003d\"undefined\"?61:33:O\u003d\u003d75\u0026\u0026(O\u003dH\u0026\u0026g!\u003dH?97:50)}}}}},true)break;(((k1(14,2,((M(31,Tu),Tu.prototype).P_\u003d0,Tu.prototype.Dd\u003d\"\",Kq),OQ),Q\u003dKq.prototype,Q.J6\u003dTu.VF(),Q).W\u003dfunction(){return this.v},Q).getParent\u003dfunction(){return this.Ki},Q.I\u003dfunction(){this.wn\u003d(dI(6,this,function(g){g.wn\u0026\u0026g.I()},7),this.Fr\u0026\u0026M(32,0,null,this.Fr),false)},Q.B\u003dfunction(g){for(g\u003d6;g!\u003d53;)g\u003d\u003d6?(this.wn\u0026\u0026this.I(),g\u003d68):g\u003d\u003d24?(this.Fr.dispose(),delete this.Fr,g\u003d29):g\u003d\u003d68?g\u003dthis.Fr?24:29:g\u003d\u003d29\u0026\u0026(dI(6,this,function(H){H.dispose()},6),!this.w$\u0026\u0026this.v\u0026\u0026b$(this.v),this.Ki\u003dthis.sS\u003dthis.v\u003dthis.ME\u003dnull,Kq.A.B.call(this),g\u003d53)},Q).uv\u003dfunction(g,H){{H\u003d92;while(H!\u003d8)if(H\u003d\u003d92)H\u003dthis.Ki\u0026\u0026this.Ki!\u003dg?2:90;else{if(H\u003d\u003d2)throw Error(\"Method not supported\");H\u003d\u003d90\u0026\u0026(Kq.A.uv.call(this,g),H\u003d8)}}},Q.removeChild\u003dfunction(g,H,O,C,V,K,u,U,d,l,G,I,S){{S\u003d44;while(S!\u003d33)if(S\u003d\u003d93)S\u003dg?62:60;else if(S\u003d\u003d44)S\u003dg?31:93;else if(S\u003d\u003d67)S\u003d(O\u003dg.jZ)?28:61;else if(S\u003d\u003d9)U\u003dd,S\u003d52;else if(S\u003d\u003d25)S\u003dH?8:39;else if(S\u003d\u003d88)S\u003dG\u003d\u003dnull?50:75;else if(S\u003d\u003d87)I\u003dthis.ME,U in I\u0026\u0026delete I[U],x1(90,g,20,0,this.sS),S\u003d25;else if(S\u003d\u003d52)S\u003dthis.ME\u0026\u0026U?76:6;else if(S\u003d\u003d39)G\u003dg,S\u003d88;else if(S\u003d\u003d21)d\u003dg,S\u003d9;else if(S\u003d\u003d8)g.I(),g.v\u0026\u0026b$(g.v),S\u003d39;else if(S\u003d\u003d28)d\u003dO,S\u003d9;else{if(S\u003d\u003d50)throw Error(\"Unable to set parent component\");if(S\u003d\u003d60)throw Error(\"Child is not in parent component\");if(S\u003d\u003d31)S\u003dtypeof g\u003d\u003d\u003d\"string\"?21:67;else{if(S\u003d\u003d62)return g;S\u003d\u003d6?(K\u003dnull,S\u003d23):S\u003d\u003d76?(u\u003dthis.ME,K\u003d(u!\u003d\u003dnull\u0026\u0026U in u?u[U]:void 0)||null,S\u003d23):S\u003d\u003d61?(l\u003dg.J6,C\u003dg,V\u003dl.Dd+\":\"+(l.P_++).toString(36),O\u003dC.jZ\u003dV,S\u003d28):S\u003d\u003d75?(G.Ki\u003dnull,Kq.A.uv.call(G,null),S\u003d93):S\u003d\u003d66?S\u003dU\u0026\u0026g?87:93:S\u003d\u003d23\u0026\u0026(g\u003dK,S\u003d66)}}}};var Oc,gd\u003d{button:\"pressed\",checkbox:\"checked\",menuitem:\"selected\",menuitemcheckbox:(M(33,pq),\"checked\"),menuitemradio:\"checked\",radio:\"checked\",tab:\"selected\",treeitem:\"selected\"},Cq\u003d(((M(29,(k1(18,2,((((Q\u003dpq.prototype,Q.gn\u003dfunction(g,H,O,C,V,K,u,U,d){for(d\u003d(U\u003d55,48);;)try{if(U\u003d\u003d21)break;else U\u003d\u003d4?U\u003d(K\u003dC.hasAttribute(\"tabindex\"))?53:67:U\u003d\u003d97?(O\u003dC,U\u003d36):U\u003d\u003d55?U\u003dnQ(68,0,32,g)\u0026\u0026(C\u003dg.Wz())?22:21:U\u003d\u003d66?U\u003drq(81,32,2,32,g)?18:4:U\u003d\u003d67?U\u003dK!\u003dH?97:21:U\u003d\u003d37?(O.tabIndex\u003d-1,O.removeAttribute(\"tabIndex\"),U\u003d21):U\u003d\u003d22?U\u003d!H\u0026\u0026rq(81,56,2,32,g)?61:4:U\u003d\u003d85?(d\u003d48,U\u003d31):U\u003d\u003d31?(d\u003d48,U\u003d66):U\u003d\u003d44?(O.tabIndex\u003d0,U\u003d21):U\u003d\u003d18?(g.yF\u00264\u0026\u0026nQ(64,0,4,g)\u0026\u0026g.setActive(false),g.yF\u002632\u0026\u0026nQ(65,0,32,g)\u0026\u0026v(44,8,g,32,false)\u0026\u0026g.C(32,false),U\u003d4):U\u003d\u003d36?U\u003dH?44:37:U\u003d\u003d53?(V\u003dC.tabIndex,K\u003dtypeof V\u003d\u003d\u003d\"number\"\u0026\u0026V\u003e\u003d0\u0026\u0026V\u003c32768,U\u003d67):U\u003d\u003d61\u0026\u0026(d\u003d39,C.blur(),U\u003d31)}catch(l){if(d\u003d\u003d48)throw l;d\u003d\u003d39\u0026\u0026(u\u003dl,U\u003d85)}},Q).Wz\u003dfunction(g){return g.W()},Q.C\u003dfunction(g,H,O,C,V,K,u){{u\u003d21;while(u!\u003d46)u\u003d\u003d98?u\u003dC?71:46:u\u003d\u003d71?u\u003dthis.Fv?6:63:u\u003d\u003d63?(K\u003dthis.A6(),K.replace(/\\\\xa0|\\\\s/g,\" \"),this.Fv\u003d{1:K+\"-disabled\",2:K+\"-hover\",4:K+\"-active\",8:K+\"-selected\",16:K+\"-checked\",32:K+\"-focused\",64:K+\"-open\"},u\u003d6):u\u003d\u003d6?((V\u003dthis.Fv[H])\u0026\u0026this.hK(g,V,O),this.vz(C,H,O),u\u003d46):u\u003d\u003d21\u0026\u0026(C\u003dg.W(),u\u003d98)}},Q).vz\u003dfunction(g,H,O,C,V,K,u,U){((V\u003d(U\u003d(Oc||(Oc\u003d{1:\"disabled\",8:\"selected\",16:\"checked\",64:\"expanded\"}),Oc)[H],g).getAttribute(\"role\")||null)?(K\u003dgd[V]||U,u\u003dU\u003d\u003d\"checked\"||U\u003d\u003d\"selected\"?K:U):u\u003dU,C\u003du)\u0026\u0026hQ(45,\" \",\"sort\",g,C,O)},Q.A6\u003dfunction(){return\"goog-control\"},Q).hK\u003dfunction(g,H,O,C){(C\u003dg.W?g.W():g)\u0026\u0026(O?jE:Yv)(C,[H])},WT),pq),WT)),WT).prototype.A6\u003dfunction(){return\"goog-button\"},WT.prototype).vz\u003dfunction(g,H,O){switch(H){case 8:case 16:hQ(44,\" \",\"sort\",g,\"pressed\",O);break;default:case 64:case 1:WT.A.vz.call(this,g,H,O)}},{});if(((((((((Q\u003d(k1(20,2,TR,Kq),TR).prototype,Q).pG\u003dtrue,Q).Wz\u003dfunction(){return this.G.Wz(this)},Q.hK\u003dfunction(g,H,O){for(O\u003d44;O!\u003d50;)O\u003d\u003d4?O\u003dg?8:50:O\u003d\u003d29?(this.l\u003dnull,O\u003d52):O\u003d\u003d31?O\u003dthis.l.length\u003d\u003d0?29:52:O\u003d\u003d52?(this.G.hK(this,g,false),O\u003d50):O\u003d\u003d81?O\u003dg\u0026\u0026this.l\u0026\u0026x1(90,g,22,0,this.l)?31:50:O\u003d\u003d44?O\u003dH?4:81:O\u003d\u003d8\u0026\u0026(this.l?h(this.l,g,0,12)\u003e\u003d0||this.l.push(g):this.l\u003d[g],this.G.hK(this,g,true),O\u003d50)},Q).kT\u003d0,Q.I\u003dfunction(){(TR.A.I.call(this),this.ZI\u0026\u0026this.ZI.detach(),this.isVisible())\u0026\u0026this.isEnabled()\u0026\u0026this.G.gn(this,false)},Q.yF\u003d255,Q).B\u003dfunction(g){{g\u003d43;while(g!\u003d4)g\u003d\u003d87?(this.ZI.dispose(),delete this.ZI,g\u003d11):g\u003d\u003d61?g\u003dthis.ZI?87:11:g\u003d\u003d11?(delete this.G,this.l\u003dnull,g\u003d4):g\u003d\u003d43\u0026\u0026(TR.A.B.call(this),g\u003d61)}},Q.c_\u003d39,Q.e5\u003d0,Q).l\u003dnull,Q.isVisible\u003dfunction(){return this.pG},Q.isEnabled\u003dfunction(){return!rq(81,16,2,1,this)},Q.isActive\u003dfunction(){return rq(81,40,2,4,this)},Q.setActive\u003dfunction(g){v(12,8,this,4,g)\u0026\u0026this.C(4,g)},Q).getState\u003dfunction(){return this.e5},Q).C\u003dfunction(g,H,O,C,V,K,u,U){{U\u003d99;while(U!\u003d50)U\u003d\u003d13?U\u003du\u0026\u0026typeof u.isEnabled\u003d\u003d\"function\"\u0026\u0026!u.isEnabled()||!v(28,8,this,1,!K)?50:55:U\u003d\u003d67?(K\u003d!H,u\u003dthis.getParent(),U\u003d13):U\u003d\u003d74?(this.isVisible()\u0026\u0026this.G.gn(this,K),this.C(1,!K,true),U\u003d50):U\u003d\u003d55?U\u003dK?74:7:U\u003d\u003d7?(this.setActive(false),v(16,8,this,2,false)\u0026\u0026this.C(2,false),U\u003d74):U\u003d\u003d14?U\u003dnQ(67,0,g,this)\u0026\u0026H!\u003drq(81,16,2,g,this)?81:50:U\u003d\u003d81?(this.G.C(this,g,H),this.e5\u003dH?(C\u003dthis.e5,(C|0)-~(C\u0026g)+~g+2*(~C\u0026g)):(V\u003dthis.e5,2*(V|0)-(V|~g)-2*(V\u0026~~g)+(V^~g)),U\u003d50):U\u003d\u003d99\u0026\u0026(U\u003dO||g!\u003d1?14:67)}},typeof TR)!\u003d\u003d\"function\")throw Error(\"Invalid component class \"+TR);if(typeof pq!\u003d\u003d\"function\")throw Error(\"Invalid renderer class \"+pq);var HX\u003dqs(47,TR,28),CQ\u003d(x1(90,function(){return new mR(null)},((k1(16,(((M(35,(k1(17,2,Y1,(x1(90,function(){return new TR(null)},(Cq[HX]\u003dpq,11),\"goog-control\"),WT)),Y1)),Y1.prototype).gn\u003dfunction(){},Y1.prototype.C\u003dfunction(g,H,O,C,V){{V\u003d32;while(V!\u003d21)V\u003d\u003d32?(Y1.A.C.call(this,g,H,O),C\u003dg.W(),V\u003d0):V\u003d\u003d0?V\u003dC\u0026\u0026H\u003d\u003d1?79:21:V\u003d\u003d79\u0026\u0026(C.disabled\u003dO,V\u003d21)}},Y1).prototype.vz\u003dfunction(){},2),mR,TR),mR.prototype).B\u003dfunction(){delete (delete (mR.A.B.call(this),this).YT,this).y7},12),\"goog-button\"),L).requestIdleCallback?function(g){requestIdleCallback(function(){g()},{timeout:4})}:L.setImmediate?function(g){setImmediate(g)}:function(g){setTimeout(g,0)},AQ\u003d{passive:true,capture:true},Lq\u003dString.fromCharCode(105,110,116,101,103,67,104,101,99,107,66,121,112,97,115,115),i$\u003d[],GR\u003d[],aZ\u003d[],vT\u003d{},Jb\u003d[],BQ\u003d(z.prototype.fG\u003dfalse,[]),of\u003d[],$1\u003d[],zu\u003d(z.prototype.oK\u003dvoid 0,z.prototype.r$\u003dvoid 0,z.prototype.ES\u003d\"toString\",[]);BT,yb;while([])if(Qb,\"q\")break;xv;while(true)if((af,!\"\")\u003d\u003d!(null\u003d\u003dfalse\u003d\u003dnull))break;var tQ\u003d(FB,void 0),il\u003d(((((z.prototype.X\u003d(Q\u003dz.prototype,\"create\"),Q).V7\u003dfunction(){return v.call(this,5)},Q.ii\u003dfunction(){return k1.call(this,3)},Q).Ew\u003dfunction(g,H,O,C,V,K,u,U){return rq.call(this,81,46,g,H,O,C,V,K,u,U)},Q).Ow\u003dfunction(g,H,O,C,V){return EQ.call(this,1,C,O,g,H,3,V)},Q.d$\u003d0,Q).ui\u003dfunction(g,H,O,C,V,K,u,U,d){return nQ.call(this,14,g,H,O,C,V,K,u,U,d)},Q.rn\u003dfunction(g,H,O,C,V,K){return a.call(this,12,g,H,O,C,V,K)},Q.N\u003d(window.performance||{}).now?function(){return this.v_+window.performance.now()}:function(){return+new Date},Q\u003dz.prototype,vT).constructor,E9\u003d(((Q.P\u003dfunction(g,H){return g\u003d(tQ\u003dfunction(){return g\u003d\u003dH?44:112},H\u003d{},{}),function(O,C,V,K,u,U,d,l,G,I,S,c,X,J,w,r,q,f,N,k,VN,R,D,IZ,y,wq,B,Y,eh,Sh,F,e,A,pQ,E,kv,CA,KA,UQ){for(KA\u003d!(E\u003d(UQ\u003dundefined,A\u003d90,25),1);;)try{if(E\u003d\u003d28)break;else if(E\u003d\u003d6)A\u003d57,$v(kv,4,17,this),UQ\u003d28,E\u003d24;else if(E\u003d\u003d65)E\u003dS\u003d\u003di$?41:99;else if(E\u003d\u003d86)A\u003d38,d\u003dn(150,this),d.length\u003e0\u0026\u0026eE(207,this,4,b(d.length,2).concat(d),15),nq(207,this,b(this.o+1\u003e\u003e1,1),104),nq(207,this,b(this[aZ].length,1)),VN\u003dthis.x4?p(this,44):p(this,80),VN.length\u003e0\u0026\u0026eE(91,this,4,b(VN.length,2).concat(VN),127),B\u003dn(91,this),B.length\u003e4\u0026\u0026nq(207,this,b(B.length,2).concat(B),126),y\u003d0,y+\u003dn(8,this)\u00262047,y-\u003d(p(this,207).length|0)+5,R\u003dm(36,this),R.length\u003e4\u0026\u0026(y-\u003d(R.length|0)+3),y\u003e0\u0026\u0026nq(207,this,b(y,2).concat(yb(y)),10),E\u003d81;else if(E\u003d\u003d64)E\u003dS\u003d\u003daZ?0:87;else if(E\u003d\u003d98)E\u003dq\u003ck.length?22:3;else if(E\u003d\u003d42)E\u003dF?35:50;else if(E\u003d\u003d24)A\u003d90,g\u003dG,E\u003d49;else if(E\u003d\u003d17)pQ\u003dRf(70,O[1],81,8001,this),UQ\u003d7,E\u003d24;else if(E\u003d\u003d50)q\u003d0,F\u003d\"\",E\u003d45;else if(E\u003d\u003d56)eE(207,this,4,b(R.length,2).concat(R),153),E\u003d97;else if(E\u003d\u003d81)E\u003dR.length\u003e4?67:97;else if(E\u003d\u003d66)A\u003d57,S\u003dO[0],E\u003d65;else if(E\u003d\u003d97)A\u003d57,this.K\u003deh,E\u003d13;else if(E\u003d\u003d73)E\u003d77;else if(E\u003d\u003d71)l[V++]\u003dK\u0026255,K\u003e\u003e\u003d8,E\u003d69;else if(E\u003d\u003d10)A\u003d57,E\u003d8;else if(E\u003d\u003d85)E\u003dS\u003d\u003d$1?17:33;else if(E\u003d\u003d88)A\u003d57,Ab(0,81,8001,this),E\u003d24;else if(E\u003d\u003d22)f\u003dk[q][this.ES](16),f.length\u003d\u003d1\u0026\u0026(f\u003d\"0\"+f),F+\u003df,E\u003d39;else if(E\u003d\u003d18)A\u003d70,r\u003datob(w),D\u003dV\u003d0,l\u003d[],E\u003d32;else{if(E\u003d\u003d52)return pQ;if(E\u003d\u003d69)l[V++]\u003dK,E\u003d27;else if(E\u003d\u003d99)E\u003dS\u003d\u003dBQ?96:64;else if(E\u003d\u003d13)E\u003dUQ!\u003d\u003dundefined?24:94;else if(E\u003d\u003d55)this.US\u003dl,this.J\u003dthis.US.length\u003c\u003c3,t(349,this,[0,0,0]),E\u003d88;else if(E\u003d\u003d33)E\u003dS\u003d\u003dzu?43:24;else if(E\u003d\u003d11)R\u003dR.slice(0,1E6),eE(207,this,4,[],250),nq(207,this,[],27),E\u003d56;else if(E\u003d\u003d76)c.length\u003d0,E\u003d24;else if(E\u003d\u003d45)E\u003d98;else if(E\u003d\u003d77)E\u003dJ.done?76:37;else if(E\u003d\u003d87)E\u003dS\u003d\u003dGR?12:85;else if(E\u003d\u003d49)UQ!\u003d\u003dundefined?(E\u003dUQ,UQ\u003dundefined):E\u003d28;else if(E\u003d\u003d32)E\u003d63;else if(E\u003d\u003d96)O[1].push(n(207,this).length,p(this,115).length,p(this,36).length,n(44,this).length,m(91,this).length,p(this,288).length,n(261,this)[0],m(80,this).length),Z(70,this,O[2]),this.F[410]\u0026\u0026Rf(70,m(410,this),81,8001,this),E\u003d24;else if(E\u003d\u003d25)G\u003dg,g\u003dH,E\u003d66;else if(E\u003d\u003d75)E\u003dK\u003e255?71:69;else if(E\u003d\u003d3)wq\u003dF,n(207,this).length\u003dY.shift(),n(115,this).length\u003dY.shift(),n(36,this).length\u003dY.shift(),p(this,44).length\u003dY.shift(),m(91,this).length\u003dY.shift(),m(288,this).length\u003dY.shift(),p(this,261)[0]\u003dY.shift(),m(80,this).length\u003dY.shift(),pQ\u003dwq,UQ\u003d52,E\u003d24;else{if(E\u003d\u003d7)return pQ;if(E\u003d\u003d35)F\u003d\"!\"+F,E\u003d3;else if(E\u003d\u003d0)Y\u003dO[2],U\u003db((m(207,this).length|0)+2,2),eh\u003dthis.K,this.K\u003dthis,E\u003d86;else if(E\u003d\u003d27)D++,E\u003d63;else if(E\u003d\u003d63)E\u003dD\u003cr.length?48:55;else if(E\u003d\u003d8)J\u003dI.next(),E\u003d77;else if(E\u003d\u003d43){if(N\u003d(c\u003dp(this,20),typeof Symbol)!\u003d\"undefined\"\u0026\u0026Symbol.iterator\u0026\u0026c[Symbol.iterator])Sh\u003dN.call(c);else if(typeof c.length\u003d\u003d\"number\")Sh\u003d{next:KQ(20,0,c)};else throw Error(String(c)+\" is not an iterable or ArrayLike\");E\u003d(J\u003d(I\u003dSh,I).next(),73)}else if(E\u003d\u003d94)A\u003d57,k\u003dyb(2).concat(n(207,this)),k[1]\u003d(C\u003dk[0],-3*(~C^3)-(~C\u00263)+(C|-4)+2*(~C|3)),k[3]\u003dk[1]^U[0],k[4]\u003d(IZ\u003dk[1],X\u003dU[1],~IZ-~(IZ|X)+(IZ\u0026~X)),F\u003dthis.TA(k),E\u003d42;else if(E\u003d\u003d37)u\u003dJ.value,E\u003d53;else if(E\u003d\u003d12)Rf(70,O[1],81,O[2],this),E\u003d24;else if(E\u003d\u003d67)E\u003dR.length\u003e1E6?11:56;else if(E\u003d\u003d39)q++,E\u003d98;else if(E\u003d\u003d53)A\u003d53,u(),E\u003d8;else if(E\u003d\u003d48)K\u003dr.charCodeAt(D),E\u003d75;else if(E\u003d\u003d41)w\u003dO[1],E\u003d18;else if(E\u003d\u003d26)throw e;}}}catch(F7){if((e\u003dF7,A)\u003d\u003d90)throw F7;A\u003d\u003d70?(kv\u003dF7,E\u003d6):A\u003d\u003d57?(UQ\u003d26,E\u003d24):A\u003d\u003d53?(CA\u003dF7,E\u003d10):A\u003d\u003d38\u0026\u0026(UQ\u003d26,E\u003d97)}}}(),Q).aK\u003d0,Q.g$\u003d0,Q).TA\u003dfunction(g,H,O,C,V){return k1.call(this,23,g,H,O,C,V)},/./);Q.op\u003dfunction(){return zR.call(this,92,5)},Q.Q7\u003dfunction(){return LQ.call(this,58,7,32)};var wI,Gl\u003di$.pop.bind(z.prototype[z.prototype[of]\u003d[0,0,1,1,0,1,1],BQ]);if(E9[z.prototype.ES]\u003dGl,!![])wI\u003dhQ(88,z.prototype.X,{get:Gl});var rI\u003d(z.prototype.h6\u003dvoid 0,function(g,H){return(H\u003dx1(90,null,3,\"error\",\"bg\"))\u0026\u0026g.eval(H.createScript(\"1\"))\u003d\u003d\u003d1?function(O){return H.createScript(O)}:function(O){return\"\"+O}})(L);return(function(g){return z.prototype.h6\u003dg,XB});}).call(this);'].join('\\n')))(r)(U.substr(0,w),u,c,S,J,d,E),V\u003de[0],H\u003de[1];break}else X\u003d\u003d23\u0026\u0026(q\u003d98,D\u003d\"FNL\"+L,X\u003d68)}catch(t){if(q\u003d\u003d98)throw t;q\u003d\u003d79\u0026\u0026(L\u003dt,X\u003d23)}}},\"f\",C,1,24,64),function(I){H\u0026\u0026H(I)})]};}).call(this);"],null,"JlpYAo4b3ABXnwlIkP-Jb3kcMWr1ICKnESJyAN5X18I","nbRagOTDEHfjAmntAzyDQ9FJ8vFxuOhB6WUzvstVfMKfrrNst1hDb4xiZ/zCgxTuo168B/GKX6Q6jD2svqO6GC/4qY8hJkVNyTrmA5tstwCWoUu7Vq7eJSpWKdVV7/RFe3T85cgF2stp4gWdV1vPJ8LAevSRzPvxbKpoi4GB4Z1cqiRuercOaK33E1xRl8nNmeqalbZiNhSQhhYPvaFdqObgWAP9V93J1+YPZl5KlnrywT6UtOEIeQoxYZaRoAVX/6RpWvomfjCjxibczLx680Ds0cD5DZIRYGeLyJnW8pOoyWD6ff/yww7hAuP9zCXSvxc5sNHofEMtlTVCquuMFRQTYgXIb+0AnahdrIegqWklDIpPboqlqGtTRxeTM9kGpDAtpp4YQ2XqOFJM1Nt++FMlbmpfUuyYShaBBTX7wqW1angNzNgQ51U7ARR0lwG98lqSreJRnAiq18KqYJq3t65ZudBgtjOf0/NOsgoZ7OivcTeri0G3VOlm94SI5hVzYCGKW0WUT/5muLjAUNB+ylxbUrvcFD0OLilGc2zb93/KEXqyP+Z6WDsqnIEKSUeIlebMYK0uTSqvwTktTrxmpIaigFClwsQL+EJIH/JyyNBIsitQyyrPK2xsgcRcnirmwss5ZapZ0ESe5C/LGymAyoE+uIbW/aKCyNEx3tgFNJlp0wL4wQ/gOVpLmr8xUi3bT21j8UrQApuCk8pCev4Li2Uy3c796ShBcPXzJXgtY3zi0QHEq+CdRg38AUTuuSuKw/iFdqvvp4eTOHXg7ngg3fovBOuRbR4ed+iZSDPAJCyhD5OwioXeXFn4n2I1RF2tMtSp/h7PYTWhrEnBuHIYsHLKFtrCTISAG0tNvC8KQHNbcgTRy0CnlJISz+4INfrNZ15xpVFvLqj3LGPmklm5Bdj+3eqP/3WGfg6ilsOtcByCWp9nUdhB3Ivs/gmtzgrWEHjteT56M60x343pM5SmfFRKrhvwaFjaUkxWiYl90UBIzT51KTm36ucGcVmf9YQeKTMcy7PopmIX/wMQ9MOjEzFAnw/oJ2QrMYz1CJM66zJpxYgsMsp9dC9IQqlyd68RqSDaMMmiWHkql+OCUTGutMYTt+MzqUAPHxn1YWSEFAHLE7MdC5L8fkYuA3xTg8xt0KxviflCNZ7n/BdZ6GKfIk7TDhWGBOVVZlMVnpHGB9Lt142BBW/8syGGJdBJTWSeZ85qlefb1lhSMEkWY1abfe1GnqQMZ3GBHph64lsC4hed6250BktnHw6oJYfMBzW0aDrpiLpCJj17LVzxQ33rGucpULItITLjyK1iayW/52s7NcHVZFT4kFWX6z3LivTharo8j141XoRgDbT4nCggsuDfIH67sMYC2+ryQLK0+62kVjk14w6fvf3ekSjW6Ty3ex3BR2YBn37eGyQC3Y2Cz/h/G9JqrLn47x0sS85gB/am9Cz2g1+2T1Wge6euBLHXQkR8H5q+HATXwhXyHb6CK8sKnbik9oGzEe3wRHfj8IgVdwawkFDMf1mruc4ekmfhEVENFQZ4UA9+oKSSBe2XDaC9umFIMYtjXtdGIYp95uBMIWEjYOxgTXz7VosIWgznA6fkcdhAqQe8vmWpAESsg0TlVFZmSPyv9fDidrFrvJAFxrnsPHTwnH3V2hDhXoGkWwi1AI7m7k+O9SagHmPWYOK7YvswuY6/ODIeQ8YgmIFQZQmzSBBuMtn/MUykMVWqKgmi2WeOsYU7UtXum86AqrSEZW4Qc0zabrN3LPAbrnK2WiOhSUi9BKdhkkoDfG+qhKKTW+Rycc3aguUq6ZkhWrFfodMdhTNgACel3eBQHQ+uAW6Me4mgLwoMC19u7AMEFqA+AY1VpE6RA5swId8YY8YLYwKfDjVVDan5Wxlzya/Nv+KfmvkJ8ecVGP3Z54qtbtw8Qhf7C77YLjWhZrDB5wRn4smnfEcQ22cBJWFDS2gCYzyBf9Pdjx5lBNtlHYMOQp3yQbwl7RV02zZ7pCmGagh0SjyW9/OMBvVVwePOqDidzYetaAlDvjyKdr3N0M/maogbBfj4d/vLW/aiEYNrOjecZlawJo15aOoQ2vy+qGPyhATZD0PoJIWUUKo7NxlWbL7P5SgJS3yP7gMVH8G8Y5TdZNifn9YYP51fwtCzzmsJJCFbrSSDj6yT7uTN5R2jeBD1UTK66sF2fO9qFgF3P9QFJ6jgCV8DUwWLsM3hXyDJzluk7qbA6YquSUTe4LTTOno/JOI1MJ1K/76MTqA2xB/TSis3QTD/K7df81J5VXBrLIVlWxAal+5tijK/xZ/kRKaw94cJeKl1n+Facrh6ZSJfPxwuZKf9ZrMoUrgaOWeGWB8PFcbckOHOVgcfxY8E9GMYqroVhH2aJb/RnN9y6zRhNfRSXK5m51/b2tTMEhMKUZPu3sLXQfiKFVXYU5NriBdMyhrX4rTOeW7e6d77hh6toYCrCHF9jqqoWTqTaj2g1sDbNmBs/KROR+nL9U7G5lGZEx3ylfgxqMC08GY0ut7X1rY3BCk2icm0B3LpIz78hCOJloO69tZaFQXft361LMn8cuaKb9hXHFtcCz6qySHflTJoPWEqd7kbRJppIOhRR9BghJNxyswmTbZbDYuOLe7Lorkavf3yW0up+6xtAlw1Vi8YdG3QRPkbQQWQ80S6mf3qx/iZfSEqs+LEnNUPUq9AQR4aZKU172eE/N297wf1NFvTOasEwPsj+Qc25/5aq7mCenPCEZDBe+/WHJsw1+s5goQrAeQz5Fc/1juw6NiQPEogX2yeNJdaPDH4XTbkCh4GGWktRzP8wJTPlKfQcAUuX6RXIVUOWc4l2jY/uejEEzV6UfKmSDK6jrNaYM5fmJRoPBl10og4y2b082PlDOtDqzuPeO6vZZZeRHUyaA42NXktWT4lkdybrTQSFWErPn65OEFTe7njfpxwxd8DPUBQ2kLfzmquFJsNN5U1tG0TPncoYFJefrxceEVYUy9PRDPjQf4e3FIhnqr2LG92gObtPlIIjE5Yxntsl3GfoCHpoLgCIXSlnGz35qQVO0iFnvufpaq0ZFiYLld4lnBBKZzAkv3JSKb4EQ0Cirvr/xbFuDXmicIYytXdDOWGyafs3mHL5clQixrdNY+2Y8U5WURZZorm9miYFxMA5+q9rEkGzB4Ue5cArljaDbJQm8u6rmjQ05q1rZHTFWCgjnhslNLtzWM/P7NlgVlqyBoL8cg8xbHYgx+RrRzCe05c3N7KSXbjMfkh7s8ly7cbFF143WMpr5AQzoZ6alyATQIdJOfrfCr8+sk2tTWgv1TusL53WziOaOxpEi6P48hTeLu1vupWPmrCUyQIT/DmFXShbSgcb8qpka7vavd/aWssAWD25x+xq5no7FY9Xa++ezaY9zd6KLrpf/cKfuX2quWQ2OUvfJgfOypwCxv0RzaIZk6ZC3Ql0I9xmYLRrchjlLavdyKilgtCbMtzd3yeOFKbViOO0ebKvZLNcHrYx+Y1lWE3ocEJSgn+x4Oyu1Ho2p2gmHFwD4I/rHQ2FCGcdcrYMRqe+j3bSuAb8GwqFa/LQ1mKmiH8ur5idkS/EkfYlXWqdgqT/GH6guoX+8dTbUP3JFRTRlYTX0QKvGZpzsTKIYtqGl7/ZeM4dU2WdRDYNWSbhP/mwba/4o7+sZDm1sCsYlA8aiO0kqBka1yGSnUZfdPMOKPXmg+bIT/07mPhdfqdG1l7biok3d+merCtVgs8AB3+N3V3JOej1S2KVtwuk5niDhhoDldnsjKxM8uSlHixN+bPMkQoKURh4+EZBlQLpD9C2JPjvTldV6yIF//aB/boLbLlIyeNrTF2vqEyD+x45hdaEoi3XxrQDR8PC+Fctq4Fn2rTA5K7qdWneZZwjeKUl+RHUK3BV49gHtmY+GWOjUXAzViuNM7RJIArQpOwsykZgCLK9rZVEZATZXMAREChLlFYQkLLvfcyOJ8vSw7mTcngiylWf8zMvIrwkW2oDiuBiVh+FNvrenaB/1td/KsQ2lEbr8cR5L1J72GSau9/O6WyCrkxKVzNeCI2dk+EzjtvgiELyJQColzJhqHxYAruq9VFhfm0VtzI5QxLkE2Md1nCIbTu9U7r4OXIUgjM7sjs9N/71rk7oPpObaLU+D4bUI/mTvzzD1MCsgCLGPHIyzUf3coAjpQ6rSz4rg8O6h7ez910AnYJRrrSNKUMmQ5yQ9g8Zh6h58VqEYm1pKsY1NEkLsWGx/abIT0k1QaWQUiRKBiNbLDTLu0vGn+9/mbs5UF5kpObFOdrLh0RCcKxwAKV8VINDPgj9bkOFydq5BDAlQ0uc/QFx+6SAJfL22dL397Txd9tRfDr/u0yRRTok2wX4bgcgH8x9mwejTXV2aPoFnTX7n03E3mmMgoMj65H43eyzjbPwaJHufncQnK90z1ggj8zLQcaBCrxjx9ZrxVaqenv0Qv8wS2YWdDVo4+9Ed6YFwUpy9SSp8ClI65EezjrKch7pF/l2ApzI/r7l+Vg5k8+1+FkFwK10PuwqJFh9nXhsea4/aiQPgUwaYqp5+u/4Vy95aFmWgUcnBXtc/uaL39+szGhWcOJGtyJENNGBlCygQTLLZMvvDEAAVXRCAZ0vF9brH6JzU96tsLx5DjGrHMWx50vxZp6CkncKii1c1M7qkDOEJMnao5uYrsrAC6f5x2pZbzQf+sgoEft93YuTvHM7kxeNqTo3AMqaht7HUWP+CFVq3YX7bUHRLQJoxQFQF7hOepwRGT7Zn95NdXKwGIQTgMap7iT4cI7Smqc1vcH2nWxv0wLAN182659Yc0xiVpCiNSCbR8vPYvbKRN54fKsmCyNpctx//qQM7XOONNr8CIz+sWUmkjiUAztT2mf4HRMEls1403qcqRzl0j6tiEbn+7O3hVqxsO5WWnWgkRbNeBGxpl4XNhMn+XL4sXVbfZea/NlH9j2JYju6cJuzaPl6ZZ2saKFEwLr8NUTF8hFbeDLKtS6A/CpV84aHP0Jt4Pt1AfW+uDzveBYu6dm3nDaxaIwsrv4Z+buE1mF9oDZ/d5qnqDa57elQS8eaGI1QIFXwn1ViNlV5JMze8Er+r2NMxBWr5xQKMPP3DD6Ke4yIZkIoeCVMDGM15tvpfIdmhcL0Z0hWrVaku+6bjwHgwny/0vsF+F8NAOL3Gmq2iSO2n22hfPaiE5vxImcGi2AbXIBl2EURSJSxLynjRFh21L939Sgz4A03U3uBzT3bR8Gr8lhnqGCGSI+jsaiwHng2/fBfIkOadbRrYj6XRn99TuTJ7/0M0RC/W9XVNLg6DAdhICLo6wQP57AozQFdH3OgxvQlmOCfHuW7+zh+5fdxqXAeyPUUKIw7zlQsb8h2kjSCp71tiR0J+gzBZfGLeflRTnCN21WCxg5ZeA95VAPUfL8XELU0dioPcqnYoGblLdsySW7AezblyVqoSTE6g6U/97KolWTP1pGN1zhe+IPSBYtVPmpF3ym96SWWFdc7vyxQaaUwb+38rIZFUWKZqhTgiP/PcSrmwYAHpnIdZipV6EEMlzbDkp8gl47QT3WkojcBiX/UsbVCCr/lpNXCs8uJrv/GHvOWy3E9lVQcKH+t/SFUPo/MOw/kF9UkwoBx7CMQ5NV6gZmpBXmWfaBCM10DdVyAxiQ3J6EcD02bMgcgFxLKcUWPOgyfoUUCf+y2cD1p80yoYHhT1eC2H3rzrV/QsDuW01rSYpWGp3e1qgD4imMnpBCNDYX+7P86DwtGjKX6g1YDGRwSuQw9u1t4ZQldHr/7kXpguRWRIkCDTAHb0gbaUD5H31EOuoV7zA1oJrXKBpeYGLyUiWyk85dAfWoYAwrCqbEk6InDPd1Itl83EmCP+He+uEXFDukCphjfKnsuzLt482HZgr0zmcY1l03CVEpEssY47gFGwLBmFngRHm4BNCmrzToiJaEO37H6Vxd4iFmkiKD9mADiS/EkPT0H5Oppke6TJJT69IBOWFtv5I0WQ54wY+n5Bd445Msfe5RLHm6rl3UyDTS6cQimYwBm4ssv41J0rVznXK4HEa7mY0qWIH5wyd498+sZOAeyABKJz+pey+XVsm6p14cZjDmbg3zAl+Hf15gqCTzUxLFLXI+ZlRYVgOEg9NF/jkiVNRzg+oKL3gcqEdJmA8A+flbySLqxw6QQG7AoozLD5NWfVPPu4dusP2XAnS2rrkM93ItoydaYRy2ICxniu9zgkQjsBsLZ4RvXp7D5auqtp8Ovzv9LXhrGXYZck8/MwJ4xWtpbZ0KrPSekdajWIeEoBJiyNwGw6fOlU94s/HJsFAioDMHcbtbpUw6w3xLXu/CJSODGL5SKhqbBCKdWqIXcUxOLzCRS4/WtAETMHbBvcQ3Vycp5J75L5LiFDkZocKUrggBB8EJZmaG/7fM8xFUYy/1BX/TZsC6Qse3KNBEJLcWMzFoo1g0OR25n/xIOn+bO0ztGst5gQ5OT2VK2VNGDgxV+4JpFeUX9imAgMFRUwx7Az2GmtZVnUAZLZ33DzsIJNEgbuzP9rReUyh1PDTrr9Rb6Jzy5JOUD0POxIeMnScQQ8g6svhCo0b/byYeSEbmcPZ3waS8N4ruFZUTGEVhele7fcHDzgciKQFTASSyAr1YCqDG0c/hUEJmfnDmmbF5ukzG+Q8OkrmU6ZuwIbnyrJu/AhAD3jAj62NbNW8slDLIm2outQyntcB81DWr9CY4+tpJPlrBE0F0+A4fSehLW3Y72XD2S4MiN9i+UIIx8ZQuOqBzuw6RAOZV0SNMfEGi2YQWUUPFymn7+ojHR1mFbo7nV+qn9bc93qhsRqN1dM6m13dAhbP1xsOZRS8W2+PFIEmnrAXKlaMXBSSopFnBfzVHkeJOcQy0U9KL1QRZ/yPjgGA1Jo31DhytDDrU7fzbAKdB++OEYd6gIt/vn3hF1nnSzMFGBVbnyvJ+0D4s3VGpOqDzEWE+X9MK/LkBVui2BlYQqa9RPZRQ+nBhmB7GpnnbV9cYvKSN2r9piUgUq3H3OzKWa1PhH/samy/nuKsfJ0MGjH94xMq50M7GezvqfjbqnzxCRlWjMmJNK8BAELRRrSuESySYlqc5QbmFLSkWpwUbRvV++scWlg6/CtY42TpEpnsctBLvh3L4i4FvLvzag0HjQlkBi0r+GVEbT2pzGlNer25doDwdx5KYFMvymyxcecTpQ0ivge3JZIf0i53fEGE7xeTzaHVjUbIKV8PGTes1UChJhMxkysoItCCItvVMQDZi8o72q6giiAEZT82KKaRs782gdIpekEKZL2uxNvA6p83ikCN5JEFHXW+Z7jK+8a257LY1BvKJgoPSKfJNp0kFXEue8YRZzjn4dkDo69oAu6kOQ6iTKtVVvShYrtIuo8UNpdQ+aRjGHEkYrG9ujwLDg30LQSyoNPibGNvliiz5930v9dpMT4Pgo6hM/Hy4oM/vFJqzcSs8A2zqhbqdhUhcy258OJ6L1Ajma9EJHdz+js6lHqknxCSQmMy+WCkuCnQ5bTKrCTN6JtKjeWeZrYGK159gAGX2zl5PFy1NGDb9D3etztVJMPDDPwcUWVUVG0cALVAnOpVJ0B6YL+MtAVIVYzyYJCY+Bk8/H1FMwAuWxPeLbe+/D8coe/82rEjm9xKniGMgCVWtfNllSJ3H7q6rancbAUPhsxVxzqdBzIVomBeDhO49dC8CQwlGCqnRUSq4THUMbRjWBtKdxW0V7YB1KgyI4SJ+Ta/ancZC4L8Q7bU/iUQLNiAm2Om3zgr4PdubbBrJtWi9B4JlljuMPkl4jRXpsAXJqvZtcdbNjazUkK+sFO7WLH3ha5t1/H48VO1KFMI6uar2WJs/+caW0Wi/cb0yBesHx7NwblU1dZzou3/0ec24pljd5Chlr6noq6m/vSqPdnZvN0wtHOkbCR1a8PJqHftMlRwO2Cl20dre3KKcRjRYlxSuLacCJ637WClX93r7Rh2JdDxgSM2SfPz5Xp8pOKiD1APA2y2olGlzrgVamEtVoq8pGYMyc4PDblBOqMS74XTBNxn+PmFBuwBc1NboEjK8DcWdbcMxNTnOQV2Pj3izabENT1WXWlWkPRY6xZ2c5ruABl+cux5BbYs76ypBuMIsnT6uQc2LvZgqIiog7IMZdulsd1JOWkwJj9Y0Zdtuvu+DxVm1J5sj/KwR0/ybdwGr2SF9uPNs3I1hLgfqWqmds0mLE/1Z35Wo29VMDuabSi7n3wXBoYIbdpGMI8wS5SJgKEHXdFBvqBl9H4BOA2kmBum7GHJNBVZYLmkoU3W2vmhnPM7Hz+vQJPbQbRq0mjsrZJt4i4NdDcwRx39+SB9kTmyiqFwxmN/fCHy7fQmwlZQSqNXmB6y/NmhReQ8rvqHtqvqkC3cx6s6tykPhm4E0fliFtRHv5mWxV/Bw9rFqgtJCalR/OJ06NGpI+fojQpVm/QQCJo2ujOTz9W3323hulxlgAIqYeLxmKCBFHNAzp/4rUeNnKw6xOCaY2NIrOuoQRiT2v3mU+s7NasZjkK2G2utlBBOor4mxlPa8dniU7q53yjJSU9fNL2jR0C10Rt57QUtVCYnlOPNgJul/oLCRR9l0UQgibBXoPU+qVt7y1kg96tdYJKUkw53DUCOCpyYiyGAqebcXENQOLA/buHFGyMrPbPMngIYDvLH2Aaaa8aY3a/4dC0kne6dpTKbCn2b8kvK9r8kcvX5xoqjb8LHQ5H74zldwLkx9NuRWhHr7OUFrIjtPa6+0kOJq5F9jm+3pFuvzGUMBgxUfO9j3tsDSro0smfhnj36lF9kjvWZs3XDZzqwtz+GAbYCC7EhPdrvnRj41C2bB+AZiDsEGsU6MKkJxKfdHPmQ1E7amMpeQTokG+gqUHVMd1+shi9eWmSsK7HhK03BRTNsRh+OTPLu2S7LOmVJcwpwHHos8A4f4WVv2FaPQRK0uESbNeepkqlRr8F+5yWajPtDe6V9Oax2Fojvb2/vdgUK0OTfZC7ailVCMp+YyZRoTEUGmZpYZxLQr00YXZgqutiYW4SqqjN04qNw62IKvu5Qjk7rvaKoiJoKXIet0RIuTju3ykQm5tJ6/5XK5n4zICEUU3TZ5X/1IbbAG3IYODx3xDdXSBK2czKmHXc1oX2eISW052r0iKB6NYWKg7y+dhNE9z4WMB6PvsBhBRu5xNcGOHaK62LtWntWikatIopoVyJTu1+S9BLfjgU7+1P+aP7I3/qIx7zn4uSDgVRR/rN+smLGMOtaNLiKa5zOeq1o8Rwj9e3KnnTxUESG5DMU3cfKr8muvDvdvQOfRfKjVAWLy9ii+iP5GvIEEqNjgwEl78fogf5WxpQnmCkdgSTeeFbXdd4ZVtaNs99PyJquQWU+j/QZrkTjkpL+mY7snD5ncCzvgfBOD3oEFcQyh93MAqMmXpzx6VG40IzIUDFF4auEaQOr51hKIgZHQzScH4uV7aBuhEvjbIWO5YFgMT2z9GA8iJg50KrAN8K/WqdR4qfDfvZhk/vS3gKzi829htyLxG2BeKGvRB8cuRpIZrNIz8w5QjXJ8wpqROoQ/qznGzwdZKkf9Y9fD9eOriFI/EgLAMFrG6fjcb5+hPtOZZnnuqkxsV+YW/Cx2Z3XQ2D3oHLOPPWh7f6IBpse5ateOdAlodF9M+0hRvVo8dSjl5C8hTe4auxmoM0k8z4vOm2yv2BYPJkYW/JySxsKAs1zjjXtAYUkPsunLBvaQH4WPmvKpS0HRhWMiotjxULeeepzbHuexs0ICDMdXMsrPzb8PdEVWPLsHjC6MsPWyN8VOEG+HRGHXG9DEaj4mWCX+ObDI6urNXnkjAuZDN/XRCwJmpsQbc23ZQRotFHBzChHi820JiKXwTe8NQPymv7qC1IwopZK8CtEhvZkIqd2x/81lF7NO8oWXMz0dAEeTjehApggaagajORYGRkS/F7hnJjrJwdVfYvI6UBzikldzg8t/lnecjOEQ1GDHPvw00j/7qpPggtnCOzbmOi5szeX2tz6695Etb003oM6M5ruEbekAcIbRZXSz+dAbiYdTY6iySGO8Yn9rEKLMQyVnT4BM4owcQD35noRhS5hh7LDbd31o7hFDIgZ5gX7uu1dQbYU7aPampMgiiJTka3Zx7F63jIIIrIDuSa9kCFHA8RVpsJodZ/9BQ96XSl84nJSvf4ISjQHHXrKyJ854iKVggNBmjeVdkrQOWdAr4IUueIfzxrOfAfL+t/fFTL00RXPlbzKCqG6r6V14nKQo0XPZucrxlXMUGpa9sW9PB6jNRYJKg3qJ4YgjoCYjGWpU6vSmyKLuNX5G3ecgXACgScu5vxUCuoDlV7YIeIWkbZy/e0XQxSB3WmGIbc5dEhne7db4iyh5fcXKOpgSvuT/lISO12DtVNIqvtL0RXALWToJfFPm6blsCpQDyvMmW8lrmhUBhZC4HMiLqevIiuL09/U8Auf1QYjSHy0IxtYvHEXWesy4ikI95QVXj4emS+z+XePXmAJlBNSOreipc2afvMZE0bbg0I0P+sLTAgK3ejRtiU02NWBKMSYOT4Z/8YiJ/bJ2j4EJDhnAo90MdM6FabzBGboBpMG80ixPMj+UiBjjvFWGjhvdZehLn/QDc512+CZC51Z0Ee6jTcYp579pNKLRrVijV4ceNRgIqj8glxWcGKxM2vUgjmk2XgufN/HoBGjvurbclcjZxT0naz2hzwslWlPOzQi4UJ28Kh5RohWQB2kO0kP4hmn6LQmV3NNJaw/NL1Zja+4VTNHMx/2Sgms3Mvb5x0FH/NV3yhPycLhysVVwlQoewjb3QCjvx1Q7LmpF2p+DVR4BTD6IztCzrclnvEE97X/vMXeBr1SWIXGDOVXievMJt+0+IkKM/Y6bDnAzU6MSiwpfkmiGAVnvRX8FOllGK9P7fravqI01Rd0vDykuJGbJFEMFCBJVjZRw5swNPVMoJ/og2h2s3WJPAMGu5gAREdmzM0SzDOW+sCEc6ZvrXuOsu824q/NTlvDBA/VUH2ybLs7iIMF9zWzdALbaFsm4soMXHYYGQEj10IaS0SG2vu1MN4vs8Gs6pCod2rOHYTfIFTGtAuFjQl27TKgTWpacJwUUdDIefuoGofCfj735s3ooUwyhivvKQDW6ZrB8jGljj4eEwn+Jjdc4/m2Nw/rtvC5g5btpVadCGEmhNG24Hjuvivdvyg/0n0J0TRQ3bctlu8dNr8SSZvQl9QcAe6SYFMf0bFgwh6+i3q39SEGomlvO+BT63B+CSIQQLF81jVU5hxLpqCcioKV+ZBgAep+3OF8RFwVMdbp1K5w9xN4Dl9DmJc8uNGOAgRdQGcGSKK9/q1HDU4sZqD1Ag4BbWgmv/AlNy1KydK9TYcdabB+fWH0VtD5sJhl8w9ACvQHHlg1wTekum8D+9peTczfEEfB5sF9nA3qsAyQcdxhn+uMAA7qtu7TeCr8I8rYjFGwkj25sUn5FoK8sN6mcEe81SWUfjBpmYspIYatVzlFdIX/7VKioxx5kk7J3I5kOeFLbtRc4rePIpgwDVq9dsZ6F0xHyJjzojhojKflqBhb+BWD/ftuODbLyKbJ0J0MaqY8m2HTpjoUlxFhq0SKVaR06k0uEjhb2r3e6H95CXyFhB8nyKDXbqZZQkwp0mzvVXrqlDJqy28P1qtfvxacTAJ+whZi8yNc402X0qMUlkzQKMhVNd3bWEgOnS3yLLkZ0gDI0qW6ev+3bKIwtk1BsVPk499eCQkybbo8HuXid6NEWZ/wPaCwOgWtTbfPf2Y9f6WxYmNwVUPqwfN1LCW5o209oY0gacKdPEQyQZCaOIAPEedUR3f5D8nCgE9a5x8Q5AiD1lAYBiesp3n7xdEqnMx+Rpv5fRf2MoOo/w2c6dLfrYx2Slxl3QhVU1bx4YLBo9gaB7evL1+shdOHM0idHOIp3NMG5TBGxQ9CTqSO5soWH1GKF/TVn5ps7LaWbqwqZQIdzLzqxfNQQ5tdVVOqwm6qf920vcG9yoVvJCQ+h0eU8+U4g/EhGg2cKIUT+kAaQ6v5avvBbaLD0pBMmfEzr+emswkIXwv1zIEG+IJtju6ovu61o3hJFp5/VL04Ja0S1JDyb0gD5yWe7hL5edTdmFwf8Ryv6Lo28scOkkcqP6bd67cIGagiA4Hqo8uMRI8okSHwlTbohFteZDXxoxfXNNXqL6O0CtT7fKlY5h5NUxrW9txTlIBss672wmLyD/rdwTKyhfZLbi9Hc519/A9GK1IazSvJVplhyBGv1ObROQ+Is1WehEg9/vEQEIetIVE/f2de1I2bU6IJ0fzWu7WX8iNMluwTmc4+74eJWm8bqD7IIylu/xsUJId/sFL4iDo/B31+722yyFXBouT7KAyIfR0pLpFNRBdBIO4gQwxLwolNBf1VcZxQ/sD9wFU9vLFJOeInvNzbD5uqAQGql/Vx8Nwy/gh7rGONrJJZc99oY4jGRmdoMYo2ie/eubHslF2Z7gnIRsgdyVEGlzyZUpcKclIR0gKcMqXdxOvds6KZ3UHpoec1f5FwonqfI/DchrhW5HPqedm/Omvc4XlsADetinZk2xSYsHxx31ROoO2n1oHSzc+OeawitVbRhuSBNOoPNWH6qWAeSxEsZZV8WYWojxvObeS0i3C8ERFNS3SFjHQ81y2JywucFMIZaV6kuxoIjfefCPZEU5XBhxgdMaoG2eTkLx0QyGkuA6Y0vb4DxXI4OcpN77KUfwiX69d2M7mFsUFla1imtom1zMYxCmsYv2COf6RKR8pOXMT05azHtdtXMIk6eAEgDyRHp8xetjQ7YbRbbjQygz5AZEEahwtsIY2K2Yp78Mg8NwM7q0WorlFRQ15LYoPxEcLogxEurubObYUx8qU25wiNHvMuZ5D8zNSnf0piHdDKDUSNnaVmywEabv7nXnJDZ54wZ9JM2JNIL3SEw4wziprrp0RIBlDMTcaTciNrKYOk9rplZ/a7XXEA7ZyKH/EHZ5KKPK/TMBagwpHGUGL0oPBsUZ+GdaUhxWogvIrt8W/FPwuZntUACgKnA7tu19d71r5+l0CPQf2ZnODr4a05c91aoTXmrRKXhiZy8wmS9/GELoxZluUysUVe1G/6tIOmSEqgELBjcUceKF2DszOH/yH5aw04eIigICc4cbblWFMOqNYRTocvamQYOcKu7udW5iljrxGxApdPlsLbOG46WF73hiOY0SaHaynI5FW5yiQT+9IeONzQRTCkz13Byzdgqt7HGcJg5UW56JoCDd/2JLyS2K5EvXB/l8Wt1uDMNhwdnBIBAMJ4F0XbpEOqorAIVAPePL866ctsfmqvgXHC0txoyBSKf08JUThFwlibPqvQounolb8gZzaCsDA8q00BArghD0Mlhh15S0aUeKfgf95d44cYQe7Sbor9ZLBCOGX729Eiq2Da9wtOgQr5QTQMDZEf755bS1ML6ZVeK1LmlRaLpNwHmO7Gq10F3kZHNJxfub+1MeTGkh4prdi32KBKLhhGH1tIg80sf280A4l8qLHtQiKRg5KtJ4uRWLVBT1QJp0eDR8SzGreqGkC5QIXV7Xm0cRmFKL8kuhoSja/zJ0mb/c1WCw4RE3TzY8/UWLSLgM2wC5s6ttE0cZTzAmL0YmocGnjxNKMcaFTbIbStOhW7Dr17oQce5ksWxHjhLp6tv5hiZ4lHKRK9qTkRjFpKwXr7wsDUAf1nbtkIc7/xuaf33+I03LNe26Rh0hJmxd6jDdyPECMdY+9glYjMnN4n9Mly2Srdsgpizj83QE9GZMB8v3gFxPsK0VE5BWUZx0lQd4L3Bg0H462pH6RMFTZ8LinSnKQImqwfhfVBRB0mxmX+DFqokgm4f942plbhL/tmh9EqB3yGl4jfquL1J3v4aVmswfHlCTBnl1fwANja6MCXQHS/dgNRQa3oUxqTPzsh8flsa49fyjr5vG1t4CsziYZ9ueWILP7H2noPPtgUjccFt34GfowvYvzRExDztATGT9g6ITfKb0yrZfrgCrtFwfNjUUfpeR98naPheSMQUaMlSiLvEIqVSJ1fmgLvdP8Q9yWzeuf/bP8MlncEJVTtWbTyGN/LBZUwkzVVD0OpIbRpxpwOMRswxxG5jyq+nUmyLJEXo+zHahHQIcXAxV0mH90ISjUpUuSopKdJur5KoF3pub5ZdQPWdcAMPiem4U++0juLdKhTWzXJIoisLkQiNbNxqfI2YKcVGYD72azDIMlkgZQkVt5DGrvnjgjSE/vb4qTlM64POL3O8V5SNwd4v7Bzd6EK8JHWicfOokTXm+7ieDDGExktKlcus8qRtKi/bEsnHQbBj6UPkHBDgg+EXq2cfd5WTdyOMbt8N31Ot9NXcClC+JOfkcswMGWPlCTKB2ispJrXgxaK88GxARmmxV6EsnFgS0mvLxzQid++FceJN73Vhlbged+pUrG4sWUPflurl/5zYIreybA85CJsE4IPQ9tAw5swZ5SNjfKrjZJbfrqCqy2hYVivFtVjGqTrAtcUV23GA3bRhwM+6saBbeuUXPf0khqj+6L4vbmaomFGZMVVu7Fy1bZQuDhxMGUDhKltj/f/EtDest8nJacoYM4gxA53AotAKODZPHI+wYS4KnD9WGFF51KQB5IvXGSaEx7p7ggscb/CCn8UeJ9MDnYt2VfSe56UM1r4cu2NdjPoO9NQzQmXkaSJoZkbOcMse9QIXoq3uzyDz1xiUiTTzY2RHr1giJm5Ou5sPj2DNe7jVJO5aeV8jppbTIEtwEfnI/kjQHGm/FIFVCrPVVhNDQYg/YEHumSkaVpZxXFXgTGqAQO2Fc2HBxzdYqkxqAU3ZXirbQCeYcpKVK+ozLCqa4NVwnIUNo6iFv/EdD6kYB8ikEN6DVSyN/hyU2bK0U0I76tSHrjtZ7inME3TqmxvlNzBe4Ve9+ckpSO7CL3CDSG+hQWt9W8KqIY4dbPKtIVVEOW1Oqc2SvNQvbsEUUvvi0rqIf9Hefz4x/OlUQ2dvhtcQ9nPldU3tUZrikOw8rE6mjA0dCRhtdePGbw3epPt8Ve1FiYDwbjXYA3VtB2CQ1XLZxR5YXPJp1yjHqRh7XDS6aiRKHcl5ZsSFWhhDcnsCmpZd9Yiuo5gEdgOsc8Bt7Zl+HFBhu1RPy9CPfyP01J6pBVoAQntia03mcH7lSG4jZONuZOy55wPx/ELwtGsUU0/EeM0HAhUduXzfl5mx8GbtB77TwujEfjiUYZVKb+sS9V71yYc7qCVoA6/oIwmxQRxGVGGqHIhXmhFKl02gQbmuv/Hc2mraf8p5GHzUp+MqzRFLjzQs9dHCjs0HzI6j7fdKnkTdIAn7uXeNbH5whamsnd55e++jvmSNafNDnH+sjIopF/x6eMSp2HbaT0u1tJ/NsmS8hWeACzcfts0qpeMXsKWCArElJ629YNkinGjhyfeh5I6QBo0Fen9UTbShAAvXk/3QZuAAVucJ6EiMKu+CPLJurFl/ab5WLjxTclKXbU7DG6wpb9n2RSUEOqT3suiZf+uXk0IqdnO3kSQRspim4vGEoTdRidaWJVTNeM7FRamxbfzu0RIQ4A7XDsOcalbKlHjg8fqkZKTNsxF3E+GD9ksYSzqtCLUaBezgFwlXdjK8ze7DeawZBBERrrwEr9BMn6gKX1inVoKnle9sxf6yPUp8nXJ9KDN51uSHR6aIhbhy14FsCfV6wkKvK1brF36Amwfe7hEo/tbjgPV7d+WemFC+zMEuBqgTjmAAhlNypbrHOSPY+w+NEJn2sQhwf3uiok1SIBQveLY8vGTz6/zyFCajU6MEmWP8bbYFHZzJD6CqBQW/lsgGO0U+zwS5CWsrajUZsy5NQyaiFigqUl8yx0FyF0BHDOGihrlclAngz63tvClnJ2n4gtQuWhZHYIBjGRxs9EbrGI25kceA9XJAsDbiUhVsi8Ks+DG7vN5v6b4L9wBnxAawFALTcLkjg+NmMYvnxN9h8CNCFP6dnav054U/p9EhHcKehd6CHweQJ35nscV4jzwYSx1RcL+4YPbWC+m8bg7zbZ9suqJe4nxTXzHwQ7IeV8DV0i1jTTycRKO8mWmwgDwgA+agcd7q01rsC/uLAyzLWbVxYxXQ2TdAcEngXIJdtB2mNwre5974Hx8fKl64Xdd7mW3h/hOdcHXbC7QQ3+hlp15AvS3D24EPlva3SGz6xDn2sLv6cv7xcdJqwY2iCMJnmxVZeuekhK1ZPILK5vc0zJ75Gl3trSvvLTKq4SKV7EYDxqYNwKzihzsdX1bLyFifFUUNiwOZDMdHNK0ZXoNiIerVDK2zuj4zYillqJYbENMloImVQcMKgNYpiSUJ9jVxyEqzn+UAY0tQwXBnbzkdbIXBefI20tXXQHeG2RaDAmyUWhLRofgTc7WSqJe25bCjp+vz0n37yiiRKNXrX9uJnHKk/EEInYtkaF7PshiMDqj9lD+E0hYdhqUA7dcfznXS4qdsg8Ma/v9MSHXDoqw+1NvrdQV0NP2+VjE3ueZg9uPWKXubs69tqiDHR6c+AT/QT+jfd/X5x0UDD2FxwEgD28C4TPiacpMESVlbePXa5pqr9kzTGw2BPLw6fEcVpZurAxP02atBGOJ+T0LVUQzed1CXxx+qvC52+oyhRiQBB7vChgAY4p0X17W5KQJIGpBoCGoiOja3x37o7dv2j3W9Zy45fb3MqE1TryJKMWRi3Lid9Oi/pP3r0ZaYBm4jEdeACkIvBP5JM5TOYnd/sx803Jz1gAzmw8e3JMiya39Yg46uouQ1wBqoqM2KKJNO973IMrS83a2LfENhdOvosRtryXrr3FPnK6wqMGPsB9qWqPMqplnyHyiYLHDfthBImBtHVtTOqV6lNkP5PCLCTe2fAXp2BEzGIRpR7pVSaZiJ9MQ6OVE9A/LKv/QMSQUupXEWTK8mCgwwqwKkPeOTLTSBAX/RObaboSZEybcyEh+dXAwbQYFIFzuZuJPxH09t2i08Rxh/kXtxwdNq+z0U2GDPLN8jIaIwC5OiF7nu4H1Nkqz3WpSr1HhuPQQVkhIUbyi0gQivZSiMU+PmC/xPtkpGYkif2VJew101/yXD1QqL0Duzr613uhNfMttsuMXVz6bIENzzc8x2jfJD/1RVmHr4o//xNehIvcg0ZeudpVg9EYoXG5OwuH7YghsVwBT+lz/0jSgN1uho8zGfMdY3Oc2t9ALyI010egnmsOnOMEvi5XJ9uqQLIibn/iJ1oInkq3gQDRYB+wcbPNW0ipa0A9jd2s8YJ7smLGcCbHa2iEOXZtfgLLDB5H+JAog/ZcGImQdUhLxfTGzGR6SJA0POCYDeyAL0sepLV8bcQzmp1Lutfdg1shhBr6tkEI3jj13JX88FUdTjaxiBh58yvVdJa8dOouAqR9QXOgmLkaN2imxNveZX+TT2LBEWxLx90BbdCAOSKF3aXjizfyNmY8NtneDA1/z82A3b0+olO/MI0pW625iZncUkjrjbb9mdjivuhVEX0MkJer1CtRcmt0KA0ELz7rnceKLigYEgaUzt6hHwJYF+PM6nQ57ST4leI1XINMoxmYyLcvCobEjWZ7Ipq+wxTD+TZpgIhm3rjKrGgzkf/FMhP6yI6JPlBckoZyKCrWCfDxVze60xKktan/nneojVHoeZLVOOTW+ipev8TcuCTBHP8bxq6t6uyEU7gRpwDjkCiIYEjJc/q8NhA/pvakm9xpu1rB3tQm9Z8BinkXjpwy50UsEZKv0ecxt3NLga+gl0Im7v4CzXy2ILYbWocSB1waYAmofJKeH19Mamu95cYaUlRk1ulXNtj3Y1HEkzd0mRlRKmoY0tp1pbu8Y1aaZ8ExSKy4rO21L85z3GRu1FU0YLzYwuQtAH26jKR5n9XmFUBqRMJmkmiBLY4QkF09yW8mEG+bN2Vu7/gGaF13fIfmF5u1kTK60ZMTjWBVmnCqZ3JKP3XjDdj7mld/5lUq3wqsTRdKs8mEjNBF5TG4A5aYLB291PdAvh7MU7vmxr+32oCEyjerCawPbx3MF0btNDU4Sf8c4UJecY1trbjMKB3RZnyWXsm4QT98x5JUw4a4fyXOrbUGTUE+5Rmd6fSctPKlNNOelGmyAWNtY8NxcOSqYOIQ/f2lj6ZH3e6pLq5ccIrewc8sLUfCbzIa8qlqdIXmeQPZ6nAZ+6uby4SUQGMeBY8Zypo3TvUaKzeLtkHWRcH/aKXv7ZGz6fLjCHhIyWVXt06wnJVZTeLxiigk73lgn+K95EpMh9UcrIl/8hqBFbORJEhaQzFGToIci/FuuAU7VOSr6sRqOxVsn4FLIeXg5NeSjG0NpmFBg4rluPDUXtmhuD+celhVbfwBU2bxwvBZ0dX9VPWWMRFcme95hPn9kXgWoZ5JI8s/7OWHFjvELyvxAfyCTCz7zNZs0NnaGJkcq/H9hc4K98p0yT+lD5Qs0DG9jJCg3L5HCtxAHXv+S3FQJq889jnjxhAVInkfDDUFNhT+wz5N1Scet32/IsQPhlFeP2650XsL0xFSHIBIMYcEP9h2wPCfL9f8eTGHrfDOedaL/ZlRC9QIyMkmfAx/SqEm4n4hp4aTfqf8H5Yahhf4tAVvRIh8ufPMC2ARnvjO1CkOWzAoObpgDlyEU0Hfahlm6x3IaKqb7U0vlSVTXqwo4ITGFtP7qQCtoaVSbtyus1LDcUv0oYBuB2FSUOqNQsX1oMeyOWd1ZUbqGyEuepxR6D7TJ1TMkcK7Kr6zCdMzigK98eBWu4gVn5jh/pZuwJWOt0xkFHF05Arks8mkXqeJ9kk7FZ0du1LkRAVx8D8nUALwu7KfjON6ULIXIaNKkonDMa10RpJO/uY7/W/cEkOOVZKCkCXa1q6Y2UIvUMRbrKff2g/z1L45t0aQ6yzYIAtHrZGaMn4OabzgLdrkMMe/p0sGV3TOecUKpNk93AP4x5t17Sz4l0uWbWgFVjXdB3jcnx3M13vMF/DwdohO2hrwYFrRN55VmmbAqjVBGoxR60QwWC/G9i63c0ouD7QZ6gr+eYXvO/Sfp901G+pIwoh8FHlT/tiGYjq2BpNDbsk5DDy9nACaGemZ87RyYOeweODQ24CPnq5jXiAgpFJfHo0e4Y0cSQO2FBBxVxxgn7n1z5YQFtvz94PMM5HrLr3nS8wsQmFqhkNVWZpSzqeXg4Rgg1kXZyaZlHAYFUCeVEldzWJL0yqzmFG8qf0YkLv79vrsGoPgtbjL7CPn+6hLzOwnQdBJ+MIwioEMuhHXajtY2dH1ChOekv4Aox5zC/aClTghv2YbRMrHQ+uZz12u82iWoFNsK5iPmVtZ/LTNnad+T20cZ64I/0p9k7b+rDlCVRKeB44ybmCaVKcWtaZtw56Hq7EpoAYHB2Niw6lqYvI/U/VHHpR43yEiB0ZJFdryOK93Cfw70gxHoFQiKeXtChvjH3J4q/hPX60ih9oEag2x1F7Z6VVSF4NRlMRGar4b3IcM7XKX4waCcl7Ixapyuv1PryyJmOVczJdLYWcG/x5171jAFuNBkW70kk+wm+x3A2reAQ9C40vGspb0A/almDbK5G5BX1qrS02Y/DpwTm/DcjZccwRChHvjT/HRsw20nCRwzU6WUCYC4tN+59UxNWj1bhELqrWo7/tEQrhNsdk42xFeWxYrEfnVXrW88Z93JnK6GTv2oZkSZBbwHqfSLCdoufHHkFFGOAxDNyjJMplw0ud9J9xyXwiE0uhJK5O1G76DsY18W797NAXCPXlnQewupKqdYeIH4q1XrKRIFqOUa88kyImPSHF8EUk0X4bYbesliAKuzL7X89+tXv9Nvp6pe54V7yqRBzAwfEjQkSF/nMyV84+NzGJpBZG8nTqakOLH7d3JxYfqJ+CXykstyRZLXrU1N3sp1DUqTjEPAt+2TvvATUH7nnE4qsaL3XQ1a7Eg5yd1IJGgm+wsUlc2Ou61KS7rt5HF+xkSk5BMr8TsNFffNKFEtctwYOF5zvYyrFjArdG+k6XVy0NpjNzFCJMqxq4f1EeCZmYsUoUEolUCvOzKOiLlO5M704q73B0zIRh6m8ikgGC+Z3zoQ6RnmT6LZNd3UFXKbHleApelZyIq9hgJq455Tqk2LVoyD4mNQXX7euEIdbBsibHiVoQPZe8TMW55fTb3xLsPLgh3+4X3TOcPaBVgJGtysT0iLEFvFwvwXLS4eh4OcezLKzXTiNjJ/gykU8JUwLJ9SiOZ0IOI1SeekkmzVQkIKD5wJ0ekoZCZt/h/JrQcnXyMe+IbeS8fJHnX/DozDGFaN1IxDWVKyNITuMnK+y7R+h6XfLD255t0+l6hb2hq5f9dFxTOTSt6yM8i7oU1oX5atbPDLMCN+/txUzLMXByIoRHlcyAHawe0Gcc3pKT4wS5BcMeY4JNECaqoa6EEl9eAF7nFDEOHUNOeZEW54b2/OubzkmuqgYvUoD4budOglBwPgHVqiOR4+mPi5AODtv5y5T1zlbzGrPYeynKjEOzNW8mdGKJeGzaD0FJMb0n+N60QfVdXQ8WXFP/DMuRIo8uodsrjCPGVBD7SKjw42vxH9upnmMd3qicWebZvoh0KGJfgrpSe1Qi3JLULZlaT6VJlZfZjUNRgumPEGfqYZFW4e79j9XRwOyxKvz3YXev6IiYg43aWH4Ui7UlvzN0Rys1LXVu96Fh2KBXE/ctKIdVfTqVFvwGMkaAnUu5buy/JAepcCcD84ROwlIic9CPJSxiw7pgWDg6uuEmkBveqcgmVXzLj8T31oDw1tySe4gJeGR8qEUqFoA1Zu6kaH6OaR4Py2YlPs0u3wYtg0dbChynswNirxLBh+V7QQKPOEEl+Gi6xNB5N8UHcl3nTWDz5B0Djv3eVfFOR2DkEKHXajomDMAQUY+/GeecxK+DB9qZCeibSbEw2jqYSZ2T1c2xbneYcfE5DeFKcyQpmFVqcqFjnS/wbM8KjdQ5hLSPAVIroQxTpcShLKzXZWkbtGU3JKslGsw373xHe/kRzBg7l3K/4TGRUAcsl8V93/6rhWfEpvAOYIWwuxsraHP2uu2gpHDNTppI5wzVFkfF4A5v/KjsOEaKFkHBR9k6UHoZISvmMuMGD9nvZeEf4ZztT2Nc7nR+e6OIHFSlkaBtSrvRqh+fy9wJFEasFSGpqQCrisritQexGyQbfEx+j8U+CL8QLHjvoLh5oaj7d/CBbkgRJ3HDIEkixmJJCbrvdzdD6+iNP/AGbQNFrTWKML20/HbRV8cwsOYci2gxgVAXjeAKhdMjHE6rcL15pgnHjvLL8ruYPxGlfzsp11bYMz9zE2q5aybACTQOn8ajpurw5WwS/09zKn3GXhhfIDQw8/tSwlpWqcuGV4OzTbx4pBUQAp+QcVNT59aBJH88ZbUSnnmaMo3IUWLZ8nHPbEOrPkyXwU/27PLaXhmwe/qLuMbJkiKnst/aleWJPttoxLGgmkOzj6XxWr+8Ce5NA6GdtA9nJCcRTrRwU4qtbweNapKeQmTa20fPXGziDg3yhh7WP7Q64i2hmiQJjOq2NmJ4+WATu+TDTfi+WTrXOeLaPrsXL43Q4UbgfunfDVGvyE36Bv9xmkJy3pK8GCW59x1dp62mLyLglnJmL0TPqmhCrtYvCI3DWgS7WOHogX3Hsposu9DncHtc3GwEqMOvf9/IDvtB39zo1AcBjT6DYXU5/S9vXzEXFQor+3AIs/m99Q1+AVXX1blIroWJc0hcKvNg7EtBvTH192M5lq3uGyb7IxtRkGd7warPXZoHq4a01GQswbpUX3a3C3xAwmRjfDXBMkSYroIysLTBld+NFBoHl8AqxiT/eKTCxEcnky99d+KftlTOPEcfVuucowPSgZcZ8Sw+CDW9DxFwvZZQBmSt1tMhiyBEYsxSIua11pXdCfkNCeCJvIOf+DBTISY0SuwhkzLv7LJnTCIMS847KmpjEb/vfT/PgOO75igprkVHBIo5Fj9xXp0YfgOAVuuecnKP58J2baVGevkTZCUFKMDxXJvZ0ksCLXnaZknV9JTe0PDayK/Ihe+DVZ9p52sLQHNGGN13eW5JuENM0AlQakC8hTub6SAlbkNLRladcdHxNQ0kAFTB9VmzcJ1pn4pXsiIhqrdTHCq6ZSkJ/FfpBRiMmddmdCTQbhZHhrNml1snTHrd0GaHJEhWQ+KtUs+k59/HRgHNK+JhxKo3Gi+gRkGhTuOCYZIK9el94OrftTLmh1TtnBRTAcOPvSssX3aIyKbYDW+SpIH3kzQw3ji9ikJWoBuyqlXArLkrOD9LlNcEBoCj1fk43KGmvmebMz9g5v32jzyUbkSUZ2CAqGCTfoTJRcg3emoKVg2Z4yXRN7bF6GX3tF793HjNhPwgxPT1bLqcB0VRcEvu+QKomYmCAkTvoMcNkx85ioMgRSSRwWLdSDT+bbW7hYksKbVSce46pEj6NQUYXYIfbAESFrXMtEE6nDuIX1b157LBjEJblxiu6iHsu6Ajwn6OhneJSZNVPD3WIo3r8fyxnvWnaxbFSdhhjZqCSvu7TwVTsccmkseevJt0LTHyoZBnh8HwT5IFa3xgSYhILsNlBjkM9E6lARZEjgs1VQF/NjZ2/VopZyDyVwz/8CfIe4ze+kIrkAHJslKDdVikHx0wAEtPQB3SAOaRUcVL9xR4noEm+q7dyrJ+jwhST3Oc7Xh5t64WWSxa4zo95sAfJUtRIOxPV/Kxj7zgkCmvF0sZrMoufOle00a2z0WBDQY58d1PZ277jC4tFAB2c5JVCrcPNt6vZBaH2rzNBGwUt6ADlfIXWZexLYPfiYrNQG0rUJrYylaH1sJNGC9/NpiDm3bMotkuXItQwsV9ahJOFnqHlJV3ISs+PNOLbKydgVEFM+mEqYn/oaJBy8xfttF4CTRu7bwXF9KrGOmWYsbmPHWfFiuPAJIk1ahIWwrI66ysHb3w+UNxztiKfLdSi1t2X2hI83nj/J8H02rLeM07RbOagVaavmjj/hRY28IIw+tT9FRW520LNreswQ8WwjSf79VKvqdcishg3veaxVTh+Hn8Bs2wViBv2x5t0mPx51QbP5KISNtz99BwHCRlSEeVQkqRBqzzQJeNmYd6Aq/LnxvzxK5Vrwgg4gC5JhZFK3WmBYJInV6m/0Vl17W4/L0OkUPcApzfsSRfRFEITaWVy/dVIjxrUefnsHSYVG5/ti5fxvzPwxJv/XxMmav9ft2SQVVhm0uP+m2Za9yE0n2hCGnaxjq0PYJ9O+8bKFeW0bIlHt7/CkuVnf+532dYlxj7fzZJweBHUeGb0dsx2GTQPbPaX/ViGpRg/yyIJhWbNktsdO38OO2E0c+YPvHUX89sFjPAvDmJ+KHpRO6ZrbKO1fHX789+QBvyn98bnI9gb9HGKQvvjZX0HBwXgg4KKprF4cOQMJm67YLuv49CHxsmMJAj0TMd3mLL+okOuEZZaKNKGDtyv2P2X1aNxrfdB7J/P9YQnqS+RmlWwVwDrRmLd+xAHROcunz/X6v5eEY33Xlzaa3M6hT3dZa9NoswGj5j0YY3UpVDoF33UvLCNpgkn5vQqnv7u8qQ2diSZVHTnwBzmc+uGfMy0x1cD6cxL5wnVCi+1IJf9mU4FlhQqfAVOT5/oxmTOcA+DDTUCpXyMo1uTvdGh4mqKjDzw6517KtUH1uKIQzCCu91srr41GmAHOt+Qp5wcl/SWzoe1lokcSlxfUJvp6RolOdxFGB7lVT/cTbDmM4LoQxieQQE+s3jxWYFTSzfdN2WCFvTpzDMzQtaA3CU8CMrutgEFW/JdjtTRhoUxQ2Lg3IbUpznYSvu+p8M8S/NxIijx1jlo1gU17R9/MpTA7OoMoQO87ch15xHfv6A9/p22FAGnIdSZVKmkCZ44qu6r1hp1hdqQGc538dNY84JOeTvipfb6uie/bJBLcTTXPWPU2cNS/yXQYDndshIM34xLhiTzqpZRF725kLDFmEszGT9H/kIPKnfF8a3C+IaJJZgpRWoelt16hoqUyS8QjYRlgSUtSI9deBzJWuz6EyfrWcsFvOPdnozOmiLQU1Y6CafZ3U66Et4NaJsFAGiTHDTuCF6000z13l7qptqHY+8Fcy6IFt2x2KAXoTNFY9pvWXN7l5oXevQB1RR9Agr5g9m2Pu8d7vMa12hytvv9SYrAL+oooQknlFlDntlD2wI1yKjRBaqo33Wme89Vu68krJGMnCahvSpP2bTFe4PwiuXawWRJI2INN0fbPpb4ixEx+NtdHdTrloQ1T4AIy+Ugr3m6RGwI0AR858kVgpc+v35ICgSar5Nxs1QOOVULrGvFiof/grsqH7kM5gd+f5i+66bhcNUCqcS44yYSSZ5vggpiKQ1ORtYJLKS9VhY3d5NKI6cf4W2UqNurTHeczutqxFzPhJPocfFVwTfubYoYC5vOTpI68jS1Kj0DFEvlVaKdYKWTI3owcCpUmDmORl/1ZjLfCrraUVB8OP1v5ZZUb6X4GOt2OuUZphPqtNb2WS4UVz0R9bJQ+ZGxPVpgDiJ0I5+A4RnR/t6Oc7uQQ+gM1QOiEDuuVpaKhFQiO/EOqdJAv1lIDytN0ayrb8OgwbUKy64HctNXz4VOb/jLOSIxYl0YQWazhqO9HFzoukBh3yeVuPDncQ7bfOsZ8n9msZSbkzi2YUG8zZYiCgrp7rYy0+QBPPnwehZuaw3F+FxpUx1GCfFZOuJD041/PjjPW2gtyf3Dq2IbpxfMzxnCu7jkbifrEd2WbEAUafmcVgmB0DZnHbrj2RxKZz04UZs+/MzPW1woSZ6k6KbAN0o6zz00raQkGU6huZx49eDFx09U3V1meYb3SJ/xY859JQ0L8MndyRNtzm83NoIfesopcHbzd43jh6lR4bI/rdLTmLgcVZXITLAcJZuVND3CIsftg0jxUDd7yLV+7SXOtMfO6h0bAacYDMWcMDTRJlDmAo6mdZ48EqL5Fx88MTCa2J39eHdCwgg1RqPebvLmrm8bQ9GZpE6AnKyWOPPx4joehqC5DbchKPvgw+KKgseFB5QZQ/NWQklGH4iFC4TWO5rEZLJW7FQKCFwRhM52r3C11iLjvCeCdQfkjQ9XNu7oZcGhYJii+wnGbMf67DUrpbe/mwz7X0vHGSp6pI7r/WlfQy8x7HK4e6VwHa5V2l3N3Yevl+ZSXdbkjZ8idyO7N9X3qNLKwFKB3J8ymE/7eexZ+e9xNA/iqZhaKINMurFsZWpZ/qrv2pTeTtb83nUbYl8/IxrYF+0lZao8zO3v9lQ+kOvEXNaPjGKjyfr6cELAO0HpgIXoXbInoHFWWg1uJRCdTtPG9b/0r9zri0eC2d02sF12OsT01qcbdwxI6qSCRCsRT+7fxLtmVct0eitpNjtlvFIO8FAnh26/G9T2sSZU+3vJBWdOLj8R++8/tPz4TToEFJwHOxpq+TfjdkuTdPKgehneCFEWIZ0LyVUXn1VHRxB8+WdwND9alOuvzK07rUgyzAXzZySni1KmFr5JGuNu13vnfq3gjKLRl3VpUtEjghSFzrgAqg4XKlPFJWylqxhPmqtnbwa0/nwbZ90YaH9Otxt9436iYdOfeoWaZHwr0N7Cm1/GMhVmztiL9BIsnYncui8zui6gBev6UbM8WEkt1Y1X412kRmVw0jbneZd/MiQTP3kp6p9DcmQzM4zAyClryCL8RRLwoIpdjwtkXtPI8T8pXLl0x6BcbJTb9VLlQcPDtIofDyJqgB7ezcKZyYLQd2MSGb2DyoIkV0x6o2a5FHxc83JMEhLXLhJmD71VQnB6dcUR7oy4QWadMKO9CwV1fzvoj8KcnbVcDd1LiMFAa9jfmDdMEsypcc6GQnKZFXEAew2lCdIImK3LBF6idCMNnXZAxQAIV/5COsMQijIBTTqS6USi6dhVzq+LX3/yr+j/mHL+k+Gj+gDiA3TcJmQtlaGriCmk3CghHpPy/pB700QW10NRFSG/e3lb/6IkiQNAJqKRPo6Bd983OhB3Fqimrn0DxZQ0g4ukvBv+W6P/MzzcdT2LMHPJBqKP9faAK2dWjAW8yWOl/vCz3TPUu/mn5TFc9dr5GyGBxMM7uY/LdQZ5Ae3wXOIlSl3aIzrjVEkwMOTum621OVKyvGOtr1DUxyeLjcAhPHQw6ovZ22zKMwmzdBizl5ui0VbUxxiaNgGTnGVcLRCVjh8pHqD9wIy07zu1qkJiBUuTLd2NywPZK3+PFs5e7+6yZwkx9L2bY20CpvJTXcD3dpXOhb2YB8HVA37eulqc0+Ze/Aon/bAczfuwTdy2Z6Xy9PFz/lKyhLNR1CFFi+V5BkiIduEmw/Rlu6pI0bQTLxbhnEOiEGxnSVLwfP6rYPkiSXWAByeqP7m4U47k2qkm8moO2XE5UjwHunsETQY9ND5PCMKUjLXkmJ6QD3HUBK6BvzTMKc3xDE2S3QL5lSehjPjyQYkHUX4t5u/HCLuOZN10kXMGEgm3fNImI4uCdOwcfCTVDFV70fCwCizPhbmOGkYVGz0c6wr6xGjdc2lEk8iEU8huWvxASzw4a1Uyq/oMulr/GE9ni4ZyHUeAzss/EQROEuuKX64hLq1diYFlbFdERqjZW8DCzPq+E2bFLYq1UEa4+Ia/FX+9tCUZAUhug7FpOiKvu3SVzqBX1DgeMJxY6z/Z5EGoZsxlycqAEloqVTSYvcREHtWj0LOSwvBmaBhAsG/nCKiBoDVVkcWTkhx7hviE80DtsQR4dLave/jsoQKAMiGt2e1Uh65e5OSqgwtcnv9EUEmFo2CmQnkA7ndKje4LsMlMzNftTxYxNYDrK/apLlSSM68/CdNc6WUzRBmSv0onYzwoVNpwTWz2BXbDwd78ZRhasr8tdU1C7woRjpl2v9oRIbOn7Hjjcf9LrHpD+IErDBk8K8wWeYZothpBdIXfbqGx11WN4MzVVVwTir1y8e0vAZcGjMAqfz5jKqrAUMzbual7Bv0O3mtpqVKmqXhp2qAHsdy+wJPmf35OxDIzXoo3hc6IodDxkLB5IJMOTOEqL6gqZ1yw3dLRSLrFvDPtRBsxSq8Mwh3WD0lP9Fy7K6KUaeHkgHMB7OZrMLi2uwaRD/FtYvGrOZG8tfPgZePnoke6sAmNr7DMe+HBOq/GpFwuDU1Hm2+jSmjgj4jQRzRUz3aZWC18aVdfzfanhCNrKZIRGRfkeAw0tyq8B4iOuf+G7E5eK7aEckItBPmv7kjZLRWwSuDQcHpFz5rUDvz+URdli4Zt3tvDHQOZ4SnRZ8XSc5Gil9KB1FRMaPVeHrA35eHmxjbDAp4AK/2FDcjZc/uRQqihvl1yUIbmPABkKwGLgEHPCgTPcLpqGvkmI7MOkdlFH7II78nbYbduC8wQKN4VYGkmSyyBW3iHxK54WNLNmSoHDPitEqGPbUMdWdMAXXU9NTocTQFECTIksCFMkdTMnJJFgzPVFKEyPiyn4B/Ap8x+w7KXZ7dpNB1RLpp/4aNL2TyHPNIyg4Q3muraPpOpexF+P470JH2E5Ztf7DY994R/D3DOhR9T7I6nYOk/BxYusk7tlLJxNRPVjN7XQAVkz86XNfsdiiJWkJRDAao73CzeOeXioNhVSLkgGMuh0VBfgn4QAYDpmLnZdSxRPd3N+cpjzhMMQL2u5huVge6NAYkxf9Y4fno3lZtcTiUjFoUbMKMTPoihv4npUIIVv9BoJTscfItjQlGBS1PPK3lSO+8f4eunLQW+ahim7fEI4HCxoRFI6dXCGO2MgxRPpYQneeZ0O+Pc2uxFZ90prtS/ES8LqNKKm62mYyE9xId8Cecp93MhnAnK9ik4OwnPn0urao9VrYMHIO4MwcZVwgz3SLaezjB5p60TcInZP8jteoqO0MBqtZWQ5yB0GbbDXANWlJCO3nVK1JEI+qoUEMDgldlzlCWqM9VrDdVBF6a30EdDrHDLpUDBzl9ayq+GUBKDCwhXd1ZWgHmmXLB/Wg/LzfOaCHUfkri8lmXNoWXL/MBSggA4KMDeQz/fX7j8oQqJmqOvldHXk6dGxDUWc7j5vpKbslTkN7Z/jGixPHxyGcRzOQs03SsAF8sdegGl5fRowxicYoc5YEAq2bZk+3VTtDM4KjaIlokYwhjWU5NBikEmUhTTfzsFLK7GPBONlAIxsS2Y5y5BrLvIwzLYuQTDnInry5Gb0wobG3lt88Hi/PveBSBW0+w14ZZtqF4Yv+0vRdb8hYLqi6nrMjVazBrne++SRFh+peRKi9N3vNFvymfcz2I+UTlc/l+lKeWIJlmRGfbOGqv0Yl8QuV6vCV+VYVzFppveyzLE6XjKGJ1oAeqZL7jhgG3z9pFHm86c1owBCXDaVkir6zIc8509/fvEXDg2J17VJQ1wQAbU0cbnBr5xqckLOdCcryGdotjHxSfcyTPyYDrhm8SSHv/P/YzaPMHclt3y8XSCH20iJTcPcAC1aZeRt68EE5xJLPnuHLTmKFm3Gb0Nd5VOaB1TlFn6wXUjJt1d76jJ0nI4sqsbF61KASNV1WX8q/YmK1YSODQmgn4h1SPYHuL+37GcMY6QESn/buHedLwkkcB2E+nq9a1EESPPlAyVgZ/rSVmgl5e/Y68Rlof3yBcFxvcF14ydVRZAms3Fjb56j2GqdM0m7EQc36t2TT7MQbGpeybdVIkVr0xBxZfjw/3635xFG/tyGdfMrIYAj3fSy+N5jM6/smUVEftmbZxb3mnEkGHpa8MX3OWb/chc1FuqoM6MUMlvIbBJuka7H5L/TlDBklKuVjktBLVeW3F2pIB90XQ/L1J82CKSIJHpXKPFS4RiXGA3uJCoFvQ9aOPB/fFd2GnhTuzX62KTcMS0I5UBbNxsvTmI78+xJBYxGZc6pCAYzKwwx6q8f+F8sjZjZdkMAbrBnuVg85ITIIJh2ESk1dQsWFwnT1ehxwnW4SHQ1J/XiiGWArfJD/L2tJp7VtJ6q8FrNx2ca+m42kCjGbM00rLJR0D9y1Gt0f6oofw5Nb6PnCxd4xxN81CQGUeXn6Ir3tAgf5gvGouO6V3rs5nQ0Xmfa4DOKxgwQySR2pi8VVncBauMBXXGeW4CCErlIfyQsUsT9VEbkTmgpmXHHTIMcA/yoa5P/9UAJnXj0VJCGZYI8k1HvPqtCX4kkZG82L6r5D4MtyYwlL/R7wqL+sTH+i2Fwl0F85Ux+d4LTOwoxk/1ue6UNde+swYWRxkSpCJ7e7Iv0OZSpx16qCthdjdIDnjnKxsdIoz8kK2PGo9SrkUuecltfzHB45EXztv7E01tZWAenUnxbGTqWhbdm5wuIFeSq5YA3cLJqoSnh7d1W3VICF3SGNFwvSq2EgAk6R48R6eG8b0QEevp4p4KSfj6C1BFLIX7DyPnsnxiW1q9yj7UmHNj3VXq7aMSjpp7e6tKfNnerSbwV6cF24piPHAOIpyVn7je/gCQk9kMAxgtA4RIjKkXglbTA+rQjdzSQ44x7VCuKltOeM7j+jtWvJwOwwx/qUuRGOETfj0jd4u6zxvWKcqakRL0/dBMHLA7vYjMry1fM0VONq3OXvbbcyun0REDdmqK4UvsXKNuydtv75KruPUggHfFZ9UulrmwDqJ/UZZjeHMnQ9QSBiM1IbyihF7oGPccEcdwNhaQToemNNRxvAVFG7GSNQwSzjV0wJIxws+LuaFx+PbskH5OjMZxoWnQS0HACR0ERiVfvyGctMwI/8R5Zy9BU/LyuNLqQfSJCBcBq5E99C5XMJoi1O2HqrcMdpvLvcIgQ68y92hx8cQ6JHK7x5PWF5CIw/bI944vUWk46vP3hrqN/MrpUjMH51yKkZSgS8/ZHHgGrXVtUNFRK7YNnGxYxOr8kxZoExzJTm1OWUr2dZaDyLFDg8sH4KPZLqYtH/OyACqKZWGrR0fD9uI2MPNN0PlSDC6fIQoav0IJAGanICrRKnTpbm2LmGsY4EfpoZlOhofW8K5zvJLAWLrhIrZfVkjha+5tEaobq+AaGWr3iPAtCFaJ4NTxRedlqIADIb/kTa2Gr11G4yf8xtVEiPmuYa/ENou2nNfrV7yW1SAUlfxEK9ibf8x58g1uwnkb1vCMVvDxghGFV41gVV+xCaw9KsGYE324WNd5GoD9JPFWRGACZJEe+2Y0F+0AYzISPKxNDxBZZchVT4Z3NjgvHIBAEIG2FMIgpxYi0upTsy40/pHcGbjh6BsA68jYngfdPvu4G/ws/56REu7vKCX3wdAY7j7SWElm7uCX0zMxuOivBkDiMLZwSqxGVbDEHO04tFYAridw3CT64f1ffoB/BR46RaPHuBC8UYmSTXsYPtDVCFVygZaHFW7auenTUwMsg/tcmyx5nuVaftnuD/tG01FxKULSuCbNOUBk6hyAsZhus36nvDyQsnux6Eg0GGBunh9o6TLwDpiwDOI8elSyNRlDIOu1U8tADnpdfxrov/lLkx10bq51YExe/V84ilYxkMcaIIYjJOXgDNHXfhj04xRsr4p+c2olci2JerNdO6Q7dPO86FMwiS4XYkSNxkiyR90M0yXCozeZicPO/Z26ZFUhtrwlyu4xnFWvGavajTDmAU0daWlUDGeocuEJImrD8truZhxeIxm2hKILuXZGyyKY+cXvCjSbHdo2uFiNbNEB1y5EbhSjXoLacdZ+de2pa/tj6BupbX0yoNV/lG0Nz0QeeqbhzNFVl50oSshR3UK8ykr5F+7O1MUqGGKGx80bdIq2t/K/AnbGADoHUP8UKLhRtOX2mKsA/Oe2DhOQsFug5fLA4PU4GafjgrvvigeYtUGg+T6aNz3TcSBSZWKX9QwFZ26Ccjy9MnR1fnMB2xA5HFzU4R/vM1XjPErzsWBYhH/T4Vh51IoBpQ0dJveBXkqHDNkNufxPcetHjvMr2qd771g3UoZTtmGXAg9KXLP7AFdYC2pbhs22WqsxnRkEXfpzVvI4KKHMLLo01ikRNgF3XQp0pYbshwHMLHx2UM6+M4J7mbGuywKqWcEgAajZS8n9tUEMrDlc7QJUHJqnj5LgTxtZG6jT1ey9gWaMaAH8MHun6pNaacydYf7qZWMOK30c7xwniPm/s5U0QJx5fyqmJ3ame210S0uuVahQBDJ1/zDMEpXK65ElP1eKx5t/PVz3mvkLW3yQaVLTIEp5c5Zw1s5ckwW78ry0BgmH2nEqWcdaPAy0obVETisXQ6qv3Po5Z3emFUvygslh4yoRVRsWv36DicSbAaFuqliTXDGiSGFvp31QdtBUPrlArSzO2PQVIJDpynY/H7ozjPzbNzB47H4Hx6QaBf60yRnjbbOpIllImbsNX/7KEQ9q8abpfezsHY7TMuej5SQEN+5XK71XBL5rYb2JsOgl+w4zAwLeIPF07zlOifZEhZy93JK81z0GbscjAMrn3Z0tTTW8FJjDNhzQnk7Ekvlq0d+/oDzihZK2GfsjqKV3RA0u/OXY7mijWtO2vsUFbp9SGNyqBS/5GkQtf0kVhgo2KtdNA/Uw3nJLbBvx5/XXPQVHmfRLHB6216yp+BNxeIpqggfyp6ULonSWbOyL1GmAdGayCGlllBe0a1CiIFtYAy/Ez0RVXS6BmgAuuGV8c7T95Z4VtLTgSjtrCsoZ/fSMteLtB6v9kPDLiLQ04UusJ+FCvHKoeejphRoE9EYuPd3gULIWN+JH3hVcq9s1snp0tik2olJVuoBi0asR8uFYJT2KXe17ZYgnPrUSHj9hTTnih0AASI2L+r7xFRerIIA7wwPaU5JPqG2p2RAnDPDa3up7Q2ZAjkLi5X2d41wAi41fe0nAB4FP+eInhOOC/7elrruRUDj9WSOHhVuiIW1lBjWGeixet8fNHCXyW+BidQe523mA+4nZFZvUEMlV3t1FUoKrr0rXv6OrrtcqTqae25xdw7Xfj5oRcVYWVUAitmFDAX1LIwq0q6T739L6/7aWVQoA3U+oZVSMmkIq4peXgU54tOm1epbfug79RzRo/0KmNZ+oOxl1Qeq+myfHFOtV/TDi6zlhe9nMlOcb9GzOQgHoqMQSByeMk5uT1bf6RnD+8KJvyXGEV6lG6ZrkHczRRuQUXeRR4Zi8CwWSKWmoLvDI1mkrjb5dxTS+XZGLVHkmpRq3+fDQlHC/FBBjYrMg3q1R6LjOTF5+nvQLUIOrd/wvPs1MvQcX5j44qvFsReHRU3p2uzAwKWcVu4xtgZzhyWy65xvjEjwn4IhQ5nXNR3OVKLjWYz5d1+kQyfupVTVbCrRf5p7CC69e2lLoV4nXVveipAQg1Zu+BmJ/P+2Rr8K6Cm8Bf6REf4DO4smTCm0UVNKVL+Cf85hIolBUy6Mv8wDH9CQ3nFd+xpkH79jolKZ2iZTnVdts8hbNZKFnPiSThOAnya65eA0pwSeV/OXgqK3cIIWK0mZ7RVAEtVD+9RHPsaX7dsiUFqWIavler0iYz3Jn2ap3F5s2KIVcvoFMx2iuA9bBNY0IGH0BWjKch+6IEIBj43kLYDryNxh8m1B8Bhal+AqVerGftHHSLJhGPppsIPeSSGMSdPwmbPPxnggsh2uFbp1LT8aBg8+q4NDaoMUCHra4J8+hzJgvZihvlKic83PsAT7H0gKUEtkB/6FRg8sAOAFBXT+FM1zJqAiq5B9W6zUcQKSSIFmPaVtrETetSd7MD4ryotYAZUjxLtGAg3YWqD52LKOSB8R09XfDy8eNjYiX7uSMft86Bn/T/T9KNFM/0zGoObd2AuzN9eO3rHt/OL/MRrWL3tKWqqcLJp/6Tsv4LSg/gUrlfdM4itk/jKMkrIsaRCTI92e29TznOFUvhg6/qjvpoQhq8stKibBQpP5SQfJpzn7xg3SDVOjcnlkvauVSbeVsn2VtniVq/J4W8jP29w1DXI1skLYYchaMSI8vK/3odFWMk4t2nUv7yMLmOY1i+XuvK6dm+v3SrwlOkkDwCq4NzkQMmTliZKYCIrcukLlez8xfuE6PzKCaK4YNbCMeoy/fR+tUX9Ur37FGfnuGFOUGDKLyzdRp7l/F5FglEuJEOSzQtPL49wVHaegGCbweOf9u4PRjEJwukslNLT9hBDMzksPFwEK8YAOig0I5eiAYwb1Mz3BFZ9Dy1NuVIJw9Cm6Drb3ShC2RwaLrzmRywFWGnmxgxpVuWTS6CHTjL9Q/rzjI2DrJ4Ltn25KiCCqyL6X/SwFSJ4WB3ZOn0cxbJ3w4q7j3DR87j1DVPH5Yk/5zYP1gIQYSMd1/fyjo3owMJzZOkD+4yVyxSFeE8YxiQ/QVJnJieAjHDDH2zBKXeS1VrTiphfGsJjANn4dVpIb2+oTw1Hj21DeJm7bNpYJoMFcPbOoFg/R91NpMfzfw7Ut5ss1cbptFgGsrfvNjbpAe+Qs3nkONBF8yCCAzsxjabUO2ev3jBPXC31iX8PAOjH7dKjW5SMoPpDBmWkVAmGe2mkDil11K5wvgRZCENlM5DIbTi265UNxKeq46rnzF70djcFywgIxyXm4b2Ent5g8iw5eKCNlSsPV0G9GIKrp+7lY1YnuEm/T47HAuCL5drffo/mi9CMPKbpz0Oo1ME4yl0+aHIqPdtrtI7TCXvtKO6bDnq+5kpdCiG4rgmPHQWgnpaVuXo4Vs4jHh/lIt3Qglln13zPMBjUrmELzaE6/dnzklyasCizwhwsARJesA4HShMAUPc8uhVVdsCQhOAZ8vMggQM2q8FTuhWoNmB0GQ2dtz8u/FDwnnL1dvOH3F3GCX/ORgyshetUMyIia1HRN5COtOZJnzbjDG4NP9cWzoXv7jumAHGNn5MPSbKYFhwTbHkMzBz24mBb/QWMDwbCq1tebJ9GH0ctFtCoXK0Wshr33DcP6ST9/f8eyxql+Gdxlyx25p1eWjxtBLja5DVg79esjTMhV1l13yc3nZLp7vjbL3e/+rLmEcN+bxvBB7Sf2TEmYHdgnkLuyJSiA1I7UwZt2VtuB0qcg74ISPrdVSCW+RRyD2E1E3joTR+abzhNLpU3hrukfmFswEVUqojp5BiY5boHtWoUOfW/dHkboEwrF1mngDiSuqjdNOx1FO0dORH6BgqTU6iG01aHCWKQ98FVF4TsDt/yZasQ3ayomEC9/y/pkJh3b5aQBOHJrd16roZgntvy84rYDGaB8UkwZENg+YpzcIH+7dEoRLkZ2BpV1q5+hfrrteXbqKrAqqyDQRdZ4LDBeslcM8FVSXdeEISDyW+Mr/MthRt4/9o+q2GGDWqDXFyzXD3xVdvip4FWlq05aMPEtIy6ZTRaUk0vs8kxJN0f48TZyIUk1bdGmZ7aHX1Np+Dc34lwu+KOFs+3rxlhmqL1SNlDpbtMmPrYS41cg3jmqhB6LxiRLa8xT1qxsZqt+FRXO6PcFWi2aAJ3zh/g38k1z4f9ZG8JWJ2HXxMIHpnQYuRuSqfNcBZNP5oWY8Bo9dXqs6IQaQhmz9zMQZ57ebTNIwI87iY4+ChKMtbxJHB4KkZUSwGj3/TkVMyjVlWGgFKo/ThZlqTttFhoCPq8km4HxIR+G1xJUue6hD9r7dphiQ1fXQjecCiKn0EZDujq+Nsza5gcVM6jDKxeD0APmPPYUwSJSx7HMoPhgXFhHv7DRT7E5apk71/7OJGT/+03Ipa04Arnj8870cjEBpZ7HjCLzkg29WGoJ969yvy2QgvoIiYV2OOU8KKorLOBEcedzlgHClvWRdIjjmyIrMiWYiSTR8N1cl2DkVBTs0xEIC8DNxx4tbkaevTb2Sp5MWfhmgmKJiwTt47B2IxRHpFkkx2oBhSSYlyBMpyXnJQQRYbKS6RlkyHbZUxKmm92dsPnPQzVOu81CaCth3v8BPyQTjtLWWGdmHkp+2vap9fyJlpbingwVQqQGTAtPGP/FN4/g++HZUGGS9AcJCjrK6jAcOUUVWqDeoyeKKbZRyRe5QGNuFutKZjCMJOuCHV40sGsa5Qc6oPVVwJlUrnMnr3y/nyuwXm9A+hsHP+xHCCSYbQ/OILQNWdgLiMr6D4x2WnsAFtCsysxCUpEDlJMyD2zFOuP/kFs77O6ZCVtY84jGz3UUxZywsYgd87UgNRxfa1VJiigDnZYQI2cRLggtMC3D5/caIfmk7rxT2bh1zxycubT48NVgRyEFerFMN0z4hJCN4Pj9xsjKgjpgpaY5NP076bNUMjtzUvVZ5CuZvPWlQFSmLNsvJqSurbverogHqpkUhPc3vC/YNrWnQDYNcqaN+Arj4P3u4J2GIqkitydLszxuKOw7Rw2Fxdgj1peLEd00QTzNyP3Pn9ERoIF0mv9DxV2onhA4h+48onaL5SzSe49Jq73riZBJGBZkvu+XbOdqp9nuN0AnRvvaQQmYAd5DJluap1lWJ+gLnG4QYMbiZtJWUU+YwK0pNB3J2oJzl6hl7b9Bzvff/d9w+FysRA/BtY/cuvNKdb1aWLrUImNQz2cht8IefJPHIm96lOT/wSpKP5CREY46qOpc3yaHkdWlLLha+KKHzIYAsKhsHD9g2wc2XovglYpsxsRZkJ4jaYP0k81TJhLlz7q03BLwaNW+SjLralGmarDqwS7FKwO1Lcg4xRQ6fKQh/X5Xy8J1tQ4pSGmF51H4cAKg8kdaFAk+P57y+RXm7+XDLfrGMVXB6pSiUY4laJ0KYOkSEtqvxR8jn/eZT1+qk90YbyG16SXVyF1xZnclm/zFg90nEIaa53dGU7xcJ9K3VugE1sUfQ5+KGzyFiZOflVKsSAdp5xyjGBtYcI+DxBwwCHe5lq87EmYHQGh47VPDm+87DyddHO5F+n353IlY2uBMkt6lX+PvIY5Sr1wl9qAQaNnCj5b6mxTR5sbYz6Z9aZegxz8bmCuJOqlMQvTtEWDsK55XJyRHTOzwWDiOTh5xuDfCfaJO8BNN53gINCw/bf6nmqbt4YqKRz4kFLl8R6eHK6IUfSSfqI+MysbpjuIq4KOmggqTfm1B8C29IYXX+KIj+LtdXU5dFFPoiwq4584I5yVBR2+BBGul9eAHPEhWUhfoibk9yd8HuLAdzmSqwqhNyT/N9WD/+g8uIwmSutC60L9c5HBVaHrUSCAagZh0Q9VrM8wFjdXkfWfny66kpdDP4Nn+C39H34KkUTfG8XRB3AbS6V1HzVxTmVfi35Tkg0QBNsEtDpvkD66+0aH/o2HCpNjKpltX10mXYs+4APxsK3LhwxCWY2V/rbv+2TdSu23cPG2w0RhX2+TRMpYFQ6H1I7BrPEaKJSxIxVWnzBnqzrRUeX9A//L18vYnNjZnJhbWU","botguard",null,"[null,null,null,null,null,[[102195078,40]],[40],[],[],null,[]]"]], sideChannel: {}});</script><script class="ds:2" nonce="">AF_initDataCallback({key: 'ds:2', hash: '5', data:["",null,0,null,null,0,0,0,"default","default",null,"default",0,1,null,"default",null,1,"",0,0,1,null,[["/lifecycle/flows/signup",[["dsh","S573162389:1753192815235993"],["flowName","GlifWebSignIn"],["flowEntry","SignUp"]],["TL","checkConnection"]]],[1,1,null,1],[["/signin/v2/usernamerecovery",[["dsh","S573162389:1753192815235993"]]]],"IN",null,[null,[null,null,"https://workspace.google.com/business/signup/newbusiness?utm_source\u003dgaia-in-product\u0026utm_medium\u003det\u0026utm_campaign\u003dnewSIM_gmail\u0026xsell\u003dgoogle_accounts\u0026source\u003dgaiaxws-gmail"]],0,0,"default",""], sideChannel: {}});</script><script class="ds:1" nonce="">AF_initDataCallback({key: 'ds:1', hash: '6', data:["AP2JV8cNSqNbyACuAx63JOyTg2/4Q39qWMb8Sy+2r2f9nDzfqgtA6tftjwsMCzvU8SsWfOEsC1v8ehkCbs31buSfeJNJuFzuR8IzsXk543/T180RuV05YrO8aD3iy00qgX1RFDv2Ur1Uv0wLlwHpSHz4xgHtec4jn5P7bw\u003d\u003d"], sideChannel: {}});</script><script id="wiz_jd" nonce="">if (window['_wjdc']) {const wjd = {}; window['_wjdc'](wjd); delete window['_wjdc'];}</script><script aria-hidden="true" id="WIZ-footer" nonce="">window.wiz_progress&&window.wiz_progress();window.stopScanForCss&&window.stopScanForCss(); ccTick('bl');</script><div id="ZCHFDb"></div></div></div><div class="wmGw4"><c-wiz jsrenderer="ZdRp7e" jsshadow="" jsdata="deferred-i1" data-node-index="0;0" jsmodel="hc6Ubd" c-wiz=""><footer class="FZfKCe"><div class="eXa0v" jscontroller="xiZRqc" jsaction="rcuQ6b:npT2md;OmFrlf:VPRXbd"><div jsshadow="" class="O1htCb-H9tDt" jsname="rfCUpd" jscontroller="yRXbo" jsaction="iFFCZc:Y0y4c;Rld2oe:gDkf4c;EDR5Je:QdOKJc;FzgWvd:RFVo1b"><div jsname="wSASue" class="VfPpkd-O1htCb VfPpkd-O1htCb-OWXEXe-INsAgc VfPpkd-O1htCb-OWXEXe-di8rgd-V67aGc ReCbLb UAQDDf dEoyBf"><div class="VfPpkd-TkwUic" jsname="oYxtQd" jsaction="focus:AHmuwe; blur:O22p3e; click:cOuCgd; keydown:I481le; mousedown:UX7yZ; mouseup:lbsD7e; mouseenter:tfO1Yc; mouseleave:JywGue; touchstart:p6p2H; touchmove:FwuNnf; touchend:yfqBxc; touchcancel:JMtRjd;" aria-autocomplete="none" role="combobox" tabindex="0" aria-haspopup="listbox" aria-expanded="false" aria-labelledby="i2 i3" aria-controls="i5" aria-describedby="" aria-live="polite" aria-disabled="false"><span jscontroller="bTi8wc" class="VfPpkd-NSFCdd-i5vt6e VfPpkd-NSFCdd-i5vt6e-OWXEXe-NSFCdd VfPpkd-NSFCdd-i5vt6e-OWXEXe-di8rgd-V67aGc" jsname="B9mpmd"><span class="VfPpkd-NSFCdd-Brv4Fb"></span><span class="VfPpkd-NSFCdd-MpmGFe"></span></span><span hidden="" id="i2" aria-label="Change language"></span><span class="VfPpkd-uusGie-fmcmS-haAclf" aria-hidden="true"><span id="i3" class="VfPpkd-uusGie-fmcmS" jsname="Fb0Bif" aria-label="">English (United States)</span></span><span class="VfPpkd-t08AT-Bz112c"><svg class="VfPpkd-t08AT-Bz112c-Bd00G" viewBox="7 10 10 5" focusable="false" aria-hidden="true"><polygon class="VfPpkd-t08AT-Bz112c-mt1Mkb" stroke="none" fill-rule="evenodd" points="7 10 12 15 17 10"></polygon><polygon class="VfPpkd-t08AT-Bz112c-auswjd" stroke="none" fill-rule="evenodd" points="7 15 12 10 17 15"></polygon></svg></span><span id="i5" style="display: none" aria-hidden="true" role="listbox"></span><div class="VfPpkd-aPP78e"></div></div><div class="VfPpkd-xl07Ob-XxIAqe VfPpkd-xl07Ob-XxIAqe-OWXEXe-tsQazb VfPpkd-xl07Ob  VfPpkd-YPmvEd s8kOBc dmaMHc" jsname="xl07Ob" jscontroller="ywOR5c" jsaction="keydown:I481le;JIbuQc:j697N(rymPhb);XVaHYd:c9v4Fb(rymPhb);Oyo5M:b5fzT(rymPhb);DimkCe:TQSy7b(rymPhb);m0LGSd:fAWgXe(rymPhb);WAiFGd:kVJJuc(rymPhb);" data-is-hoisted="false" data-should-flip-corner-horizontally="false" data-stay-in-viewport="false" data-menu-uid="ucj-1"><ul class="VfPpkd-rymPhb r6B9Fd bwNLcf P2Hi5d VfPpkd-OJnkse" jsname="rymPhb" jscontroller="PHUIyb" jsaction="mouseleave:JywGue; touchcancel:JMtRjd; focus:AHmuwe; blur:O22p3e; keydown:I481le;" role="listbox" tabindex="-1" aria-label="Change language" data-evolution="true" data-disable-idom="true"><span class="VfPpkd-BFbNVe-bF1uUb NZp2ef" aria-hidden="true"></span><li class="MCs1Pd HiC7Nc VfPpkd-OkbHre VfPpkd-aJasdd-RWgCYc-wQNmvb VfPpkd-rymPhb-ibnC6b VfPpkd-rymPhb-ibnC6b-OWXEXe-SfQLQb-Woal0c-RWgCYc" jsaction=" keydown:RDtNu; keyup:JdS61c; click:o6ZaF; mousedown:teoBgf; mouseup:NZPHBc; mouseleave:xq3APb; touchstart:jJiBRc; touchmove:kZeBdd; touchend:VfAz8;focusin:MeMJlc; focusout:bkTmIf;mouseenter:SKyDAe; change:uOgbud;" role="option" aria-selected="false" tabindex="-1" data-value="af"><span class="VfPpkd-rymPhb-pZXsl"></span><span class="VfPpkd-rymPhb-Zmlebc-LhBDec"></span><span class="VfPpkd-rymPhb-Gtdoyb"><span class="VfPpkd-rymPhb-fpDzbe-fmcmS" jsname="K4r5Ff">Afrikaans</span></span></li><li class="MCs1Pd HiC7Nc VfPpkd-OkbHre VfPpkd-aJasdd-RWgCYc-wQNmvb VfPpkd-rymPhb-ibnC6b VfPpkd-rymPhb-ibnC6b-OWXEXe-SfQLQb-Woal0c-RWgCYc" jsaction=" keydown:RDtNu; keyup:JdS61c; click:o6ZaF; mousedown:teoBgf; mouseup:NZPHBc; mouseleave:xq3APb; touchstart:jJiBRc; touchmove:kZeBdd; touchend:VfAz8;focusin:MeMJlc; focusout:bkTmIf;mouseenter:SKyDAe; change:uOgbud;" role="option" aria-selected="false" tabindex="-1" data-value="az"><span class="VfPpkd-rymPhb-pZXsl"></span><span class="VfPpkd-rymPhb-Zmlebc-LhBDec"></span><span class="VfPpkd-rymPhb-Gtdoyb"><span class="VfPpkd-rymPhb-fpDzbe-fmcmS" jsname="K4r5Ff">azərbaycan</span></span></li><li class="MCs1Pd HiC7Nc VfPpkd-OkbHre VfPpkd-aJasdd-RWgCYc-wQNmvb VfPpkd-rymPhb-ibnC6b VfPpkd-rymPhb-ibnC6b-OWXEXe-SfQLQb-Woal0c-RWgCYc" jsaction=" keydown:RDtNu; keyup:JdS61c; click:o6ZaF; mousedown:teoBgf; mouseup:NZPHBc; mouseleave:xq3APb; touchstart:jJiBRc; touchmove:kZeBdd; touchend:VfAz8;focusin:MeMJlc; focusout:bkTmIf;mouseenter:SKyDAe; change:uOgbud;" role="option" aria-selected="false" tabindex="-1" data-value="bs"><span class="VfPpkd-rymPhb-pZXsl"></span><span class="VfPpkd-rymPhb-Zmlebc-LhBDec"></span><span class="VfPpkd-rymPhb-Gtdoyb"><span class="VfPpkd-rymPhb-fpDzbe-fmcmS" jsname="K4r5Ff">bosanski</span></span></li><li class="MCs1Pd HiC7Nc VfPpkd-OkbHre VfPpkd-aJasdd-RWgCYc-wQNmvb VfPpkd-rymPhb-ibnC6b VfPpkd-rymPhb-ibnC6b-OWXEXe-SfQLQb-Woal0c-RWgCYc" jsaction=" keydown:RDtNu; keyup:JdS61c; click:o6ZaF; mousedown:teoBgf; mouseup:NZPHBc; mouseleave:xq3APb; touchstart:jJiBRc; touchmove:kZeBdd; touchend:VfAz8;focusin:MeMJlc; focusout:bkTmIf;mouseenter:SKyDAe; change:uOgbud;" role="option" aria-selected="false" tabindex="-1" data-value="ca"><span class="VfPpkd-rymPhb-pZXsl"></span><span class="VfPpkd-rymPhb-Zmlebc-LhBDec"></span><span class="VfPpkd-rymPhb-Gtdoyb"><span class="VfPpkd-rymPhb-fpDzbe-fmcmS" jsname="K4r5Ff">català</span></span></li><li class="MCs1Pd HiC7Nc VfPpkd-OkbHre VfPpkd-aJasdd-RWgCYc-wQNmvb VfPpkd-rymPhb-ibnC6b VfPpkd-rymPhb-ibnC6b-OWXEXe-SfQLQb-Woal0c-RWgCYc" jsaction=" keydown:RDtNu; keyup:JdS61c; click:o6ZaF; mousedown:teoBgf; mouseup:NZPHBc; mouseleave:xq3APb; touchstart:jJiBRc; touchmove:kZeBdd; touchend:VfAz8;focusin:MeMJlc; focusout:bkTmIf;mouseenter:SKyDAe; change:uOgbud;" role="option" aria-selected="false" tabindex="-1" data-value="cs"><span class="VfPpkd-rymPhb-pZXsl"></span><span class="VfPpkd-rymPhb-Zmlebc-LhBDec"></span><span class="VfPpkd-rymPhb-Gtdoyb"><span class="VfPpkd-rymPhb-fpDzbe-fmcmS" jsname="K4r5Ff">Čeština</span></span></li><li class="MCs1Pd HiC7Nc VfPpkd-OkbHre VfPpkd-aJasdd-RWgCYc-wQNmvb VfPpkd-rymPhb-ibnC6b VfPpkd-rymPhb-ibnC6b-OWXEXe-SfQLQb-Woal0c-RWgCYc" jsaction=" keydown:RDtNu; keyup:JdS61c; click:o6ZaF; mousedown:teoBgf; mouseup:NZPHBc; mouseleave:xq3APb; touchstart:jJiBRc; touchmove:kZeBdd; touchend:VfAz8;focusin:MeMJlc; focusout:bkTmIf;mouseenter:SKyDAe; change:uOgbud;" role="option" aria-selected="false" tabindex="-1" data-value="cy"><span class="VfPpkd-rymPhb-pZXsl"></span><span class="VfPpkd-rymPhb-Zmlebc-LhBDec"></span><span class="VfPpkd-rymPhb-Gtdoyb"><span class="VfPpkd-rymPhb-fpDzbe-fmcmS" jsname="K4r5Ff">Cymraeg</span></span></li><li class="MCs1Pd HiC7Nc VfPpkd-OkbHre VfPpkd-aJasdd-RWgCYc-wQNmvb VfPpkd-rymPhb-ibnC6b VfPpkd-rymPhb-ibnC6b-OWXEXe-SfQLQb-Woal0c-RWgCYc" jsaction=" keydown:RDtNu; keyup:JdS61c; click:o6ZaF; mousedown:teoBgf; mouseup:NZPHBc; mouseleave:xq3APb; touchstart:jJiBRc; touchmove:kZeBdd; touchend:VfAz8;focusin:MeMJlc; focusout:bkTmIf;mouseenter:SKyDAe; change:uOgbud;" role="option" aria-selected="false" tabindex="-1" data-value="da"><span class="VfPpkd-rymPhb-pZXsl"></span><span class="VfPpkd-rymPhb-Zmlebc-LhBDec"></span><span class="VfPpkd-rymPhb-Gtdoyb"><span class="VfPpkd-rymPhb-fpDzbe-fmcmS" jsname="K4r5Ff">Dansk</span></span></li><li class="MCs1Pd HiC7Nc VfPpkd-OkbHre VfPpkd-aJasdd-RWgCYc-wQNmvb VfPpkd-rymPhb-ibnC6b VfPpkd-rymPhb-ibnC6b-OWXEXe-SfQLQb-Woal0c-RWgCYc" jsaction=" keydown:RDtNu; keyup:JdS61c; click:o6ZaF; mousedown:teoBgf; mouseup:NZPHBc; mouseleave:xq3APb; touchstart:jJiBRc; touchmove:kZeBdd; touchend:VfAz8;focusin:MeMJlc; focusout:bkTmIf;mouseenter:SKyDAe; change:uOgbud;" role="option" aria-selected="false" tabindex="-1" data-value="de"><span class="VfPpkd-rymPhb-pZXsl"></span><span class="VfPpkd-rymPhb-Zmlebc-LhBDec"></span><span class="VfPpkd-rymPhb-Gtdoyb"><span class="VfPpkd-rymPhb-fpDzbe-fmcmS" jsname="K4r5Ff">Deutsch</span></span></li><li class="MCs1Pd HiC7Nc VfPpkd-OkbHre VfPpkd-aJasdd-RWgCYc-wQNmvb VfPpkd-rymPhb-ibnC6b VfPpkd-rymPhb-ibnC6b-OWXEXe-SfQLQb-Woal0c-RWgCYc" jsaction=" keydown:RDtNu; keyup:JdS61c; click:o6ZaF; mousedown:teoBgf; mouseup:NZPHBc; mouseleave:xq3APb; touchstart:jJiBRc; touchmove:kZeBdd; touchend:VfAz8;focusin:MeMJlc; focusout:bkTmIf;mouseenter:SKyDAe; change:uOgbud;" role="option" aria-selected="false" tabindex="-1" data-value="et"><span class="VfPpkd-rymPhb-pZXsl"></span><span class="VfPpkd-rymPhb-Zmlebc-LhBDec"></span><span class="VfPpkd-rymPhb-Gtdoyb"><span class="VfPpkd-rymPhb-fpDzbe-fmcmS" jsname="K4r5Ff">eesti</span></span></li><li class="MCs1Pd HiC7Nc VfPpkd-OkbHre VfPpkd-aJasdd-RWgCYc-wQNmvb VfPpkd-rymPhb-ibnC6b VfPpkd-rymPhb-ibnC6b-OWXEXe-SfQLQb-Woal0c-RWgCYc" jsaction=" keydown:RDtNu; keyup:JdS61c; click:o6ZaF; mousedown:teoBgf; mouseup:NZPHBc; mouseleave:xq3APb; touchstart:jJiBRc; touchmove:kZeBdd; touchend:VfAz8;focusin:MeMJlc; focusout:bkTmIf;mouseenter:SKyDAe; change:uOgbud;" role="option" aria-selected="false" tabindex="-1" data-value="en-GB"><span class="VfPpkd-rymPhb-pZXsl"></span><span class="VfPpkd-rymPhb-Zmlebc-LhBDec"></span><span class="VfPpkd-rymPhb-Gtdoyb"><span class="VfPpkd-rymPhb-fpDzbe-fmcmS" jsname="K4r5Ff">English (United Kingdom)</span></span></li><li class="MCs1Pd HiC7Nc VfPpkd-OkbHre VfPpkd-aJasdd-RWgCYc-wQNmvb VfPpkd-rymPhb-ibnC6b VfPpkd-rymPhb-ibnC6b-OWXEXe-SfQLQb-Woal0c-RWgCYc VfPpkd-rymPhb-ibnC6b-OWXEXe-gk6SMd" jsaction=" keydown:RDtNu; keyup:JdS61c; click:o6ZaF; mousedown:teoBgf; mouseup:NZPHBc; mouseleave:xq3APb; touchstart:jJiBRc; touchmove:kZeBdd; touchend:VfAz8;focusin:MeMJlc; focusout:bkTmIf;mouseenter:SKyDAe; change:uOgbud;" role="option" aria-selected="true" tabindex="0" data-value="en-US" data-708c49e2-dcf0-4d62-b457-88577bfe3081="English (United States)"><span class="VfPpkd-rymPhb-pZXsl"></span><span class="VfPpkd-rymPhb-Zmlebc-LhBDec"></span><span class="VfPpkd-rymPhb-Gtdoyb"><span class="VfPpkd-rymPhb-fpDzbe-fmcmS" jsname="K4r5Ff">English (United States)</span></span></li><li class="MCs1Pd HiC7Nc VfPpkd-OkbHre VfPpkd-aJasdd-RWgCYc-wQNmvb VfPpkd-rymPhb-ibnC6b VfPpkd-rymPhb-ibnC6b-OWXEXe-SfQLQb-Woal0c-RWgCYc" jsaction=" keydown:RDtNu; keyup:JdS61c; click:o6ZaF; mousedown:teoBgf; mouseup:NZPHBc; mouseleave:xq3APb; touchstart:jJiBRc; touchmove:kZeBdd; touchend:VfAz8;focusin:MeMJlc; focusout:bkTmIf;mouseenter:SKyDAe; change:uOgbud;" role="option" aria-selected="false" tabindex="-1" data-value="es-ES"><span class="VfPpkd-rymPhb-pZXsl"></span><span class="VfPpkd-rymPhb-Zmlebc-LhBDec"></span><span class="VfPpkd-rymPhb-Gtdoyb"><span class="VfPpkd-rymPhb-fpDzbe-fmcmS" jsname="K4r5Ff">Español (España)</span></span></li><li class="MCs1Pd HiC7Nc VfPpkd-OkbHre VfPpkd-aJasdd-RWgCYc-wQNmvb VfPpkd-rymPhb-ibnC6b VfPpkd-rymPhb-ibnC6b-OWXEXe-SfQLQb-Woal0c-RWgCYc" jsaction=" keydown:RDtNu; keyup:JdS61c; click:o6ZaF; mousedown:teoBgf; mouseup:NZPHBc; mouseleave:xq3APb; touchstart:jJiBRc; touchmove:kZeBdd; touchend:VfAz8;focusin:MeMJlc; focusout:bkTmIf;mouseenter:SKyDAe; change:uOgbud;" role="option" aria-selected="false" tabindex="-1" data-value="es-419"><span class="VfPpkd-rymPhb-pZXsl"></span><span class="VfPpkd-rymPhb-Zmlebc-LhBDec"></span><span class="VfPpkd-rymPhb-Gtdoyb"><span class="VfPpkd-rymPhb-fpDzbe-fmcmS" jsname="K4r5Ff">Español (Latinoamérica)</span></span></li><li class="MCs1Pd HiC7Nc VfPpkd-OkbHre VfPpkd-aJasdd-RWgCYc-wQNmvb VfPpkd-rymPhb-ibnC6b VfPpkd-rymPhb-ibnC6b-OWXEXe-SfQLQb-Woal0c-RWgCYc" jsaction=" keydown:RDtNu; keyup:JdS61c; click:o6ZaF; mousedown:teoBgf; mouseup:NZPHBc; mouseleave:xq3APb; touchstart:jJiBRc; touchmove:kZeBdd; touchend:VfAz8;focusin:MeMJlc; focusout:bkTmIf;mouseenter:SKyDAe; change:uOgbud;" role="option" aria-selected="false" tabindex="-1" data-value="eu"><span class="VfPpkd-rymPhb-pZXsl"></span><span class="VfPpkd-rymPhb-Zmlebc-LhBDec"></span><span class="VfPpkd-rymPhb-Gtdoyb"><span class="VfPpkd-rymPhb-fpDzbe-fmcmS" jsname="K4r5Ff">euskara</span></span></li><li class="MCs1Pd HiC7Nc VfPpkd-OkbHre VfPpkd-aJasdd-RWgCYc-wQNmvb VfPpkd-rymPhb-ibnC6b VfPpkd-rymPhb-ibnC6b-OWXEXe-SfQLQb-Woal0c-RWgCYc" jsaction=" keydown:RDtNu; keyup:JdS61c; click:o6ZaF; mousedown:teoBgf; mouseup:NZPHBc; mouseleave:xq3APb; touchstart:jJiBRc; touchmove:kZeBdd; touchend:VfAz8;focusin:MeMJlc; focusout:bkTmIf;mouseenter:SKyDAe; change:uOgbud;" role="option" aria-selected="false" tabindex="-1" data-value="fil"><span class="VfPpkd-rymPhb-pZXsl"></span><span class="VfPpkd-rymPhb-Zmlebc-LhBDec"></span><span class="VfPpkd-rymPhb-Gtdoyb"><span class="VfPpkd-rymPhb-fpDzbe-fmcmS" jsname="K4r5Ff">Filipino</span></span></li><li class="MCs1Pd HiC7Nc VfPpkd-OkbHre VfPpkd-aJasdd-RWgCYc-wQNmvb VfPpkd-rymPhb-ibnC6b VfPpkd-rymPhb-ibnC6b-OWXEXe-SfQLQb-Woal0c-RWgCYc" jsaction=" keydown:RDtNu; keyup:JdS61c; click:o6ZaF; mousedown:teoBgf; mouseup:NZPHBc; mouseleave:xq3APb; touchstart:jJiBRc; touchmove:kZeBdd; touchend:VfAz8;focusin:MeMJlc; focusout:bkTmIf;mouseenter:SKyDAe; change:uOgbud;" role="option" aria-selected="false" tabindex="-1" data-value="fr-CA"><span class="VfPpkd-rymPhb-pZXsl"></span><span class="VfPpkd-rymPhb-Zmlebc-LhBDec"></span><span class="VfPpkd-rymPhb-Gtdoyb"><span class="VfPpkd-rymPhb-fpDzbe-fmcmS" jsname="K4r5Ff">Français (Canada)</span></span></li><li class="MCs1Pd HiC7Nc VfPpkd-OkbHre VfPpkd-aJasdd-RWgCYc-wQNmvb VfPpkd-rymPhb-ibnC6b VfPpkd-rymPhb-ibnC6b-OWXEXe-SfQLQb-Woal0c-RWgCYc" jsaction=" keydown:RDtNu; keyup:JdS61c; click:o6ZaF; mousedown:teoBgf; mouseup:NZPHBc; mouseleave:xq3APb; touchstart:jJiBRc; touchmove:kZeBdd; touchend:VfAz8;focusin:MeMJlc; focusout:bkTmIf;mouseenter:SKyDAe; change:uOgbud;" role="option" aria-selected="false" tabindex="-1" data-value="fr-FR"><span class="VfPpkd-rymPhb-pZXsl"></span><span class="VfPpkd-rymPhb-Zmlebc-LhBDec"></span><span class="VfPpkd-rymPhb-Gtdoyb"><span class="VfPpkd-rymPhb-fpDzbe-fmcmS" jsname="K4r5Ff">Français (France)</span></span></li><li class="MCs1Pd HiC7Nc VfPpkd-OkbHre VfPpkd-aJasdd-RWgCYc-wQNmvb VfPpkd-rymPhb-ibnC6b VfPpkd-rymPhb-ibnC6b-OWXEXe-SfQLQb-Woal0c-RWgCYc" jsaction=" keydown:RDtNu; keyup:JdS61c; click:o6ZaF; mousedown:teoBgf; mouseup:NZPHBc; mouseleave:xq3APb; touchstart:jJiBRc; touchmove:kZeBdd; touchend:VfAz8;focusin:MeMJlc; focusout:bkTmIf;mouseenter:SKyDAe; change:uOgbud;" role="option" aria-selected="false" tabindex="-1" data-value="ga"><span class="VfPpkd-rymPhb-pZXsl"></span><span class="VfPpkd-rymPhb-Zmlebc-LhBDec"></span><span class="VfPpkd-rymPhb-Gtdoyb"><span class="VfPpkd-rymPhb-fpDzbe-fmcmS" jsname="K4r5Ff">Gaeilge</span></span></li><li class="MCs1Pd HiC7Nc VfPpkd-OkbHre VfPpkd-aJasdd-RWgCYc-wQNmvb VfPpkd-rymPhb-ibnC6b VfPpkd-rymPhb-ibnC6b-OWXEXe-SfQLQb-Woal0c-RWgCYc" jsaction=" keydown:RDtNu; keyup:JdS61c; click:o6ZaF; mousedown:teoBgf; mouseup:NZPHBc; mouseleave:xq3APb; touchstart:jJiBRc; touchmove:kZeBdd; touchend:VfAz8;focusin:MeMJlc; focusout:bkTmIf;mouseenter:SKyDAe; change:uOgbud;" role="option" aria-selected="false" tabindex="-1" data-value="gl"><span class="VfPpkd-rymPhb-pZXsl"></span><span class="VfPpkd-rymPhb-Zmlebc-LhBDec"></span><span class="VfPpkd-rymPhb-Gtdoyb"><span class="VfPpkd-rymPhb-fpDzbe-fmcmS" jsname="K4r5Ff">galego</span></span></li><li class="MCs1Pd HiC7Nc VfPpkd-OkbHre VfPpkd-aJasdd-RWgCYc-wQNmvb VfPpkd-rymPhb-ibnC6b VfPpkd-rymPhb-ibnC6b-OWXEXe-SfQLQb-Woal0c-RWgCYc" jsaction=" keydown:RDtNu; keyup:JdS61c; click:o6ZaF; mousedown:teoBgf; mouseup:NZPHBc; mouseleave:xq3APb; touchstart:jJiBRc; touchmove:kZeBdd; touchend:VfAz8;focusin:MeMJlc; focusout:bkTmIf;mouseenter:SKyDAe; change:uOgbud;" role="option" aria-selected="false" tabindex="-1" data-value="hr"><span class="VfPpkd-rymPhb-pZXsl"></span><span class="VfPpkd-rymPhb-Zmlebc-LhBDec"></span><span class="VfPpkd-rymPhb-Gtdoyb"><span class="VfPpkd-rymPhb-fpDzbe-fmcmS" jsname="K4r5Ff">Hrvatski</span></span></li><li class="MCs1Pd HiC7Nc VfPpkd-OkbHre VfPpkd-aJasdd-RWgCYc-wQNmvb VfPpkd-rymPhb-ibnC6b VfPpkd-rymPhb-ibnC6b-OWXEXe-SfQLQb-Woal0c-RWgCYc" jsaction=" keydown:RDtNu; keyup:JdS61c; click:o6ZaF; mousedown:teoBgf; mouseup:NZPHBc; mouseleave:xq3APb; touchstart:jJiBRc; touchmove:kZeBdd; touchend:VfAz8;focusin:MeMJlc; focusout:bkTmIf;mouseenter:SKyDAe; change:uOgbud;" role="option" aria-selected="false" tabindex="-1" data-value="id"><span class="VfPpkd-rymPhb-pZXsl"></span><span class="VfPpkd-rymPhb-Zmlebc-LhBDec"></span><span class="VfPpkd-rymPhb-Gtdoyb"><span class="VfPpkd-rymPhb-fpDzbe-fmcmS" jsname="K4r5Ff">Indonesia</span></span></li><li class="MCs1Pd HiC7Nc VfPpkd-OkbHre VfPpkd-aJasdd-RWgCYc-wQNmvb VfPpkd-rymPhb-ibnC6b VfPpkd-rymPhb-ibnC6b-OWXEXe-SfQLQb-Woal0c-RWgCYc" jsaction=" keydown:RDtNu; keyup:JdS61c; click:o6ZaF; mousedown:teoBgf; mouseup:NZPHBc; mouseleave:xq3APb; touchstart:jJiBRc; touchmove:kZeBdd; touchend:VfAz8;focusin:MeMJlc; focusout:bkTmIf;mouseenter:SKyDAe; change:uOgbud;" role="option" aria-selected="false" tabindex="-1" data-value="zu"><span class="VfPpkd-rymPhb-pZXsl"></span><span class="VfPpkd-rymPhb-Zmlebc-LhBDec"></span><span class="VfPpkd-rymPhb-Gtdoyb"><span class="VfPpkd-rymPhb-fpDzbe-fmcmS" jsname="K4r5Ff">isiZulu</span></span></li><li class="MCs1Pd HiC7Nc VfPpkd-OkbHre VfPpkd-aJasdd-RWgCYc-wQNmvb VfPpkd-rymPhb-ibnC6b VfPpkd-rymPhb-ibnC6b-OWXEXe-SfQLQb-Woal0c-RWgCYc" jsaction=" keydown:RDtNu; keyup:JdS61c; click:o6ZaF; mousedown:teoBgf; mouseup:NZPHBc; mouseleave:xq3APb; touchstart:jJiBRc; touchmove:kZeBdd; touchend:VfAz8;focusin:MeMJlc; focusout:bkTmIf;mouseenter:SKyDAe; change:uOgbud;" role="option" aria-selected="false" tabindex="-1" data-value="is"><span class="VfPpkd-rymPhb-pZXsl"></span><span class="VfPpkd-rymPhb-Zmlebc-LhBDec"></span><span class="VfPpkd-rymPhb-Gtdoyb"><span class="VfPpkd-rymPhb-fpDzbe-fmcmS" jsname="K4r5Ff">íslenska</span></span></li><li class="MCs1Pd HiC7Nc VfPpkd-OkbHre VfPpkd-aJasdd-RWgCYc-wQNmvb VfPpkd-rymPhb-ibnC6b VfPpkd-rymPhb-ibnC6b-OWXEXe-SfQLQb-Woal0c-RWgCYc" jsaction=" keydown:RDtNu; keyup:JdS61c; click:o6ZaF; mousedown:teoBgf; mouseup:NZPHBc; mouseleave:xq3APb; touchstart:jJiBRc; touchmove:kZeBdd; touchend:VfAz8;focusin:MeMJlc; focusout:bkTmIf;mouseenter:SKyDAe; change:uOgbud;" role="option" aria-selected="false" tabindex="-1" data-value="it"><span class="VfPpkd-rymPhb-pZXsl"></span><span class="VfPpkd-rymPhb-Zmlebc-LhBDec"></span><span class="VfPpkd-rymPhb-Gtdoyb"><span class="VfPpkd-rymPhb-fpDzbe-fmcmS" jsname="K4r5Ff">Italiano</span></span></li><li class="MCs1Pd HiC7Nc VfPpkd-OkbHre VfPpkd-aJasdd-RWgCYc-wQNmvb VfPpkd-rymPhb-ibnC6b VfPpkd-rymPhb-ibnC6b-OWXEXe-SfQLQb-Woal0c-RWgCYc" jsaction=" keydown:RDtNu; keyup:JdS61c; click:o6ZaF; mousedown:teoBgf; mouseup:NZPHBc; mouseleave:xq3APb; touchstart:jJiBRc; touchmove:kZeBdd; touchend:VfAz8;focusin:MeMJlc; focusout:bkTmIf;mouseenter:SKyDAe; change:uOgbud;" role="option" aria-selected="false" tabindex="-1" data-value="sw"><span class="VfPpkd-rymPhb-pZXsl"></span><span class="VfPpkd-rymPhb-Zmlebc-LhBDec"></span><span class="VfPpkd-rymPhb-Gtdoyb"><span class="VfPpkd-rymPhb-fpDzbe-fmcmS" jsname="K4r5Ff">Kiswahili</span></span></li><li class="MCs1Pd HiC7Nc VfPpkd-OkbHre VfPpkd-aJasdd-RWgCYc-wQNmvb VfPpkd-rymPhb-ibnC6b VfPpkd-rymPhb-ibnC6b-OWXEXe-SfQLQb-Woal0c-RWgCYc" jsaction=" keydown:RDtNu; keyup:JdS61c; click:o6ZaF; mousedown:teoBgf; mouseup:NZPHBc; mouseleave:xq3APb; touchstart:jJiBRc; touchmove:kZeBdd; touchend:VfAz8;focusin:MeMJlc; focusout:bkTmIf;mouseenter:SKyDAe; change:uOgbud;" role="option" aria-selected="false" tabindex="-1" data-value="lv"><span class="VfPpkd-rymPhb-pZXsl"></span><span class="VfPpkd-rymPhb-Zmlebc-LhBDec"></span><span class="VfPpkd-rymPhb-Gtdoyb"><span class="VfPpkd-rymPhb-fpDzbe-fmcmS" jsname="K4r5Ff">latviešu</span></span></li><li class="MCs1Pd HiC7Nc VfPpkd-OkbHre VfPpkd-aJasdd-RWgCYc-wQNmvb VfPpkd-rymPhb-ibnC6b VfPpkd-rymPhb-ibnC6b-OWXEXe-SfQLQb-Woal0c-RWgCYc" jsaction=" keydown:RDtNu; keyup:JdS61c; click:o6ZaF; mousedown:teoBgf; mouseup:NZPHBc; mouseleave:xq3APb; touchstart:jJiBRc; touchmove:kZeBdd; touchend:VfAz8;focusin:MeMJlc; focusout:bkTmIf;mouseenter:SKyDAe; change:uOgbud;" role="option" aria-selected="false" tabindex="-1" data-value="lt"><span class="VfPpkd-rymPhb-pZXsl"></span><span class="VfPpkd-rymPhb-Zmlebc-LhBDec"></span><span class="VfPpkd-rymPhb-Gtdoyb"><span class="VfPpkd-rymPhb-fpDzbe-fmcmS" jsname="K4r5Ff">lietuvių</span></span></li><li class="MCs1Pd HiC7Nc VfPpkd-OkbHre VfPpkd-aJasdd-RWgCYc-wQNmvb VfPpkd-rymPhb-ibnC6b VfPpkd-rymPhb-ibnC6b-OWXEXe-SfQLQb-Woal0c-RWgCYc" jsaction=" keydown:RDtNu; keyup:JdS61c; click:o6ZaF; mousedown:teoBgf; mouseup:NZPHBc; mouseleave:xq3APb; touchstart:jJiBRc; touchmove:kZeBdd; touchend:VfAz8;focusin:MeMJlc; focusout:bkTmIf;mouseenter:SKyDAe; change:uOgbud;" role="option" aria-selected="false" tabindex="-1" data-value="hu"><span class="VfPpkd-rymPhb-pZXsl"></span><span class="VfPpkd-rymPhb-Zmlebc-LhBDec"></span><span class="VfPpkd-rymPhb-Gtdoyb"><span class="VfPpkd-rymPhb-fpDzbe-fmcmS" jsname="K4r5Ff">magyar</span></span></li><li class="MCs1Pd HiC7Nc VfPpkd-OkbHre VfPpkd-aJasdd-RWgCYc-wQNmvb VfPpkd-rymPhb-ibnC6b VfPpkd-rymPhb-ibnC6b-OWXEXe-SfQLQb-Woal0c-RWgCYc" jsaction=" keydown:RDtNu; keyup:JdS61c; click:o6ZaF; mousedown:teoBgf; mouseup:NZPHBc; mouseleave:xq3APb; touchstart:jJiBRc; touchmove:kZeBdd; touchend:VfAz8;focusin:MeMJlc; focusout:bkTmIf;mouseenter:SKyDAe; change:uOgbud;" role="option" aria-selected="false" tabindex="-1" data-value="ms"><span class="VfPpkd-rymPhb-pZXsl"></span><span class="VfPpkd-rymPhb-Zmlebc-LhBDec"></span><span class="VfPpkd-rymPhb-Gtdoyb"><span class="VfPpkd-rymPhb-fpDzbe-fmcmS" jsname="K4r5Ff">Melayu</span></span></li><li class="MCs1Pd HiC7Nc VfPpkd-OkbHre VfPpkd-aJasdd-RWgCYc-wQNmvb VfPpkd-rymPhb-ibnC6b VfPpkd-rymPhb-ibnC6b-OWXEXe-SfQLQb-Woal0c-RWgCYc" jsaction=" keydown:RDtNu; keyup:JdS61c; click:o6ZaF; mousedown:teoBgf; mouseup:NZPHBc; mouseleave:xq3APb; touchstart:jJiBRc; touchmove:kZeBdd; touchend:VfAz8;focusin:MeMJlc; focusout:bkTmIf;mouseenter:SKyDAe; change:uOgbud;" role="option" aria-selected="false" tabindex="-1" data-value="nl"><span class="VfPpkd-rymPhb-pZXsl"></span><span class="VfPpkd-rymPhb-Zmlebc-LhBDec"></span><span class="VfPpkd-rymPhb-Gtdoyb"><span class="VfPpkd-rymPhb-fpDzbe-fmcmS" jsname="K4r5Ff">Nederlands</span></span></li><li class="MCs1Pd HiC7Nc VfPpkd-OkbHre VfPpkd-aJasdd-RWgCYc-wQNmvb VfPpkd-rymPhb-ibnC6b VfPpkd-rymPhb-ibnC6b-OWXEXe-SfQLQb-Woal0c-RWgCYc" jsaction=" keydown:RDtNu; keyup:JdS61c; click:o6ZaF; mousedown:teoBgf; mouseup:NZPHBc; mouseleave:xq3APb; touchstart:jJiBRc; touchmove:kZeBdd; touchend:VfAz8;focusin:MeMJlc; focusout:bkTmIf;mouseenter:SKyDAe; change:uOgbud;" role="option" aria-selected="false" tabindex="-1" data-value="no"><span class="VfPpkd-rymPhb-pZXsl"></span><span class="VfPpkd-rymPhb-Zmlebc-LhBDec"></span><span class="VfPpkd-rymPhb-Gtdoyb"><span class="VfPpkd-rymPhb-fpDzbe-fmcmS" jsname="K4r5Ff">norsk</span></span></li><li class="MCs1Pd HiC7Nc VfPpkd-OkbHre VfPpkd-aJasdd-RWgCYc-wQNmvb VfPpkd-rymPhb-ibnC6b VfPpkd-rymPhb-ibnC6b-OWXEXe-SfQLQb-Woal0c-RWgCYc" jsaction=" keydown:RDtNu; keyup:JdS61c; click:o6ZaF; mousedown:teoBgf; mouseup:NZPHBc; mouseleave:xq3APb; touchstart:jJiBRc; touchmove:kZeBdd; touchend:VfAz8;focusin:MeMJlc; focusout:bkTmIf;mouseenter:SKyDAe; change:uOgbud;" role="option" aria-selected="false" tabindex="-1" data-value="uz"><span class="VfPpkd-rymPhb-pZXsl"></span><span class="VfPpkd-rymPhb-Zmlebc-LhBDec"></span><span class="VfPpkd-rymPhb-Gtdoyb"><span class="VfPpkd-rymPhb-fpDzbe-fmcmS" jsname="K4r5Ff">o‘zbek</span></span></li><li class="MCs1Pd HiC7Nc VfPpkd-OkbHre VfPpkd-aJasdd-RWgCYc-wQNmvb VfPpkd-rymPhb-ibnC6b VfPpkd-rymPhb-ibnC6b-OWXEXe-SfQLQb-Woal0c-RWgCYc" jsaction=" keydown:RDtNu; keyup:JdS61c; click:o6ZaF; mousedown:teoBgf; mouseup:NZPHBc; mouseleave:xq3APb; touchstart:jJiBRc; touchmove:kZeBdd; touchend:VfAz8;focusin:MeMJlc; focusout:bkTmIf;mouseenter:SKyDAe; change:uOgbud;" role="option" aria-selected="false" tabindex="-1" data-value="pl"><span class="VfPpkd-rymPhb-pZXsl"></span><span class="VfPpkd-rymPhb-Zmlebc-LhBDec"></span><span class="VfPpkd-rymPhb-Gtdoyb"><span class="VfPpkd-rymPhb-fpDzbe-fmcmS" jsname="K4r5Ff">polski</span></span></li><li class="MCs1Pd HiC7Nc VfPpkd-OkbHre VfPpkd-aJasdd-RWgCYc-wQNmvb VfPpkd-rymPhb-ibnC6b VfPpkd-rymPhb-ibnC6b-OWXEXe-SfQLQb-Woal0c-RWgCYc" jsaction=" keydown:RDtNu; keyup:JdS61c; click:o6ZaF; mousedown:teoBgf; mouseup:NZPHBc; mouseleave:xq3APb; touchstart:jJiBRc; touchmove:kZeBdd; touchend:VfAz8;focusin:MeMJlc; focusout:bkTmIf;mouseenter:SKyDAe; change:uOgbud;" role="option" aria-selected="false" tabindex="-1" data-value="pt-BR"><span class="VfPpkd-rymPhb-pZXsl"></span><span class="VfPpkd-rymPhb-Zmlebc-LhBDec"></span><span class="VfPpkd-rymPhb-Gtdoyb"><span class="VfPpkd-rymPhb-fpDzbe-fmcmS" jsname="K4r5Ff">Português (Brasil)</span></span></li><li class="MCs1Pd HiC7Nc VfPpkd-OkbHre VfPpkd-aJasdd-RWgCYc-wQNmvb VfPpkd-rymPhb-ibnC6b VfPpkd-rymPhb-ibnC6b-OWXEXe-SfQLQb-Woal0c-RWgCYc" jsaction=" keydown:RDtNu; keyup:JdS61c; click:o6ZaF; mousedown:teoBgf; mouseup:NZPHBc; mouseleave:xq3APb; touchstart:jJiBRc; touchmove:kZeBdd; touchend:VfAz8;focusin:MeMJlc; focusout:bkTmIf;mouseenter:SKyDAe; change:uOgbud;" role="option" aria-selected="false" tabindex="-1" data-value="pt-PT"><span class="VfPpkd-rymPhb-pZXsl"></span><span class="VfPpkd-rymPhb-Zmlebc-LhBDec"></span><span class="VfPpkd-rymPhb-Gtdoyb"><span class="VfPpkd-rymPhb-fpDzbe-fmcmS" jsname="K4r5Ff">Português (Portugal)</span></span></li><li class="MCs1Pd HiC7Nc VfPpkd-OkbHre VfPpkd-aJasdd-RWgCYc-wQNmvb VfPpkd-rymPhb-ibnC6b VfPpkd-rymPhb-ibnC6b-OWXEXe-SfQLQb-Woal0c-RWgCYc" jsaction=" keydown:RDtNu; keyup:JdS61c; click:o6ZaF; mousedown:teoBgf; mouseup:NZPHBc; mouseleave:xq3APb; touchstart:jJiBRc; touchmove:kZeBdd; touchend:VfAz8;focusin:MeMJlc; focusout:bkTmIf;mouseenter:SKyDAe; change:uOgbud;" role="option" aria-selected="false" tabindex="-1" data-value="ro"><span class="VfPpkd-rymPhb-pZXsl"></span><span class="VfPpkd-rymPhb-Zmlebc-LhBDec"></span><span class="VfPpkd-rymPhb-Gtdoyb"><span class="VfPpkd-rymPhb-fpDzbe-fmcmS" jsname="K4r5Ff">română</span></span></li><li class="MCs1Pd HiC7Nc VfPpkd-OkbHre VfPpkd-aJasdd-RWgCYc-wQNmvb VfPpkd-rymPhb-ibnC6b VfPpkd-rymPhb-ibnC6b-OWXEXe-SfQLQb-Woal0c-RWgCYc" jsaction=" keydown:RDtNu; keyup:JdS61c; click:o6ZaF; mousedown:teoBgf; mouseup:NZPHBc; mouseleave:xq3APb; touchstart:jJiBRc; touchmove:kZeBdd; touchend:VfAz8;focusin:MeMJlc; focusout:bkTmIf;mouseenter:SKyDAe; change:uOgbud;" role="option" aria-selected="false" tabindex="-1" data-value="sq"><span class="VfPpkd-rymPhb-pZXsl"></span><span class="VfPpkd-rymPhb-Zmlebc-LhBDec"></span><span class="VfPpkd-rymPhb-Gtdoyb"><span class="VfPpkd-rymPhb-fpDzbe-fmcmS" jsname="K4r5Ff">shqip</span></span></li><li class="MCs1Pd HiC7Nc VfPpkd-OkbHre VfPpkd-aJasdd-RWgCYc-wQNmvb VfPpkd-rymPhb-ibnC6b VfPpkd-rymPhb-ibnC6b-OWXEXe-SfQLQb-Woal0c-RWgCYc" jsaction=" keydown:RDtNu; keyup:JdS61c; click:o6ZaF; mousedown:teoBgf; mouseup:NZPHBc; mouseleave:xq3APb; touchstart:jJiBRc; touchmove:kZeBdd; touchend:VfAz8;focusin:MeMJlc; focusout:bkTmIf;mouseenter:SKyDAe; change:uOgbud;" role="option" aria-selected="false" tabindex="-1" data-value="sk"><span class="VfPpkd-rymPhb-pZXsl"></span><span class="VfPpkd-rymPhb-Zmlebc-LhBDec"></span><span class="VfPpkd-rymPhb-Gtdoyb"><span class="VfPpkd-rymPhb-fpDzbe-fmcmS" jsname="K4r5Ff">Slovenčina</span></span></li><li class="MCs1Pd HiC7Nc VfPpkd-OkbHre VfPpkd-aJasdd-RWgCYc-wQNmvb VfPpkd-rymPhb-ibnC6b VfPpkd-rymPhb-ibnC6b-OWXEXe-SfQLQb-Woal0c-RWgCYc" jsaction=" keydown:RDtNu; keyup:JdS61c; click:o6ZaF; mousedown:teoBgf; mouseup:NZPHBc; mouseleave:xq3APb; touchstart:jJiBRc; touchmove:kZeBdd; touchend:VfAz8;focusin:MeMJlc; focusout:bkTmIf;mouseenter:SKyDAe; change:uOgbud;" role="option" aria-selected="false" tabindex="-1" data-value="sl"><span class="VfPpkd-rymPhb-pZXsl"></span><span class="VfPpkd-rymPhb-Zmlebc-LhBDec"></span><span class="VfPpkd-rymPhb-Gtdoyb"><span class="VfPpkd-rymPhb-fpDzbe-fmcmS" jsname="K4r5Ff">slovenščina</span></span></li><li class="MCs1Pd HiC7Nc VfPpkd-OkbHre VfPpkd-aJasdd-RWgCYc-wQNmvb VfPpkd-rymPhb-ibnC6b VfPpkd-rymPhb-ibnC6b-OWXEXe-SfQLQb-Woal0c-RWgCYc" jsaction=" keydown:RDtNu; keyup:JdS61c; click:o6ZaF; mousedown:teoBgf; mouseup:NZPHBc; mouseleave:xq3APb; touchstart:jJiBRc; touchmove:kZeBdd; touchend:VfAz8;focusin:MeMJlc; focusout:bkTmIf;mouseenter:SKyDAe; change:uOgbud;" role="option" aria-selected="false" tabindex="-1" data-value="sr-Latn"><span class="VfPpkd-rymPhb-pZXsl"></span><span class="VfPpkd-rymPhb-Zmlebc-LhBDec"></span><span class="VfPpkd-rymPhb-Gtdoyb"><span class="VfPpkd-rymPhb-fpDzbe-fmcmS" jsname="K4r5Ff">srpski (latinica)</span></span></li><li class="MCs1Pd HiC7Nc VfPpkd-OkbHre VfPpkd-aJasdd-RWgCYc-wQNmvb VfPpkd-rymPhb-ibnC6b VfPpkd-rymPhb-ibnC6b-OWXEXe-SfQLQb-Woal0c-RWgCYc" jsaction=" keydown:RDtNu; keyup:JdS61c; click:o6ZaF; mousedown:teoBgf; mouseup:NZPHBc; mouseleave:xq3APb; touchstart:jJiBRc; touchmove:kZeBdd; touchend:VfAz8;focusin:MeMJlc; focusout:bkTmIf;mouseenter:SKyDAe; change:uOgbud;" role="option" aria-selected="false" tabindex="-1" data-value="fi"><span class="VfPpkd-rymPhb-pZXsl"></span><span class="VfPpkd-rymPhb-Zmlebc-LhBDec"></span><span class="VfPpkd-rymPhb-Gtdoyb"><span class="VfPpkd-rymPhb-fpDzbe-fmcmS" jsname="K4r5Ff">Suomi</span></span></li><li class="MCs1Pd HiC7Nc VfPpkd-OkbHre VfPpkd-aJasdd-RWgCYc-wQNmvb VfPpkd-rymPhb-ibnC6b VfPpkd-rymPhb-ibnC6b-OWXEXe-SfQLQb-Woal0c-RWgCYc" jsaction=" keydown:RDtNu; keyup:JdS61c; click:o6ZaF; mousedown:teoBgf; mouseup:NZPHBc; mouseleave:xq3APb; touchstart:jJiBRc; touchmove:kZeBdd; touchend:VfAz8;focusin:MeMJlc; focusout:bkTmIf;mouseenter:SKyDAe; change:uOgbud;" role="option" aria-selected="false" tabindex="-1" data-value="sv"><span class="VfPpkd-rymPhb-pZXsl"></span><span class="VfPpkd-rymPhb-Zmlebc-LhBDec"></span><span class="VfPpkd-rymPhb-Gtdoyb"><span class="VfPpkd-rymPhb-fpDzbe-fmcmS" jsname="K4r5Ff">Svenska</span></span></li><li class="MCs1Pd HiC7Nc VfPpkd-OkbHre VfPpkd-aJasdd-RWgCYc-wQNmvb VfPpkd-rymPhb-ibnC6b VfPpkd-rymPhb-ibnC6b-OWXEXe-SfQLQb-Woal0c-RWgCYc" jsaction=" keydown:RDtNu; keyup:JdS61c; click:o6ZaF; mousedown:teoBgf; mouseup:NZPHBc; mouseleave:xq3APb; touchstart:jJiBRc; touchmove:kZeBdd; touchend:VfAz8;focusin:MeMJlc; focusout:bkTmIf;mouseenter:SKyDAe; change:uOgbud;" role="option" aria-selected="false" tabindex="-1" data-value="vi"><span class="VfPpkd-rymPhb-pZXsl"></span><span class="VfPpkd-rymPhb-Zmlebc-LhBDec"></span><span class="VfPpkd-rymPhb-Gtdoyb"><span class="VfPpkd-rymPhb-fpDzbe-fmcmS" jsname="K4r5Ff">Tiếng Việt</span></span></li><li class="MCs1Pd HiC7Nc VfPpkd-OkbHre VfPpkd-aJasdd-RWgCYc-wQNmvb VfPpkd-rymPhb-ibnC6b VfPpkd-rymPhb-ibnC6b-OWXEXe-SfQLQb-Woal0c-RWgCYc" jsaction=" keydown:RDtNu; keyup:JdS61c; click:o6ZaF; mousedown:teoBgf; mouseup:NZPHBc; mouseleave:xq3APb; touchstart:jJiBRc; touchmove:kZeBdd; touchend:VfAz8;focusin:MeMJlc; focusout:bkTmIf;mouseenter:SKyDAe; change:uOgbud;" role="option" aria-selected="false" tabindex="-1" data-value="tr"><span class="VfPpkd-rymPhb-pZXsl"></span><span class="VfPpkd-rymPhb-Zmlebc-LhBDec"></span><span class="VfPpkd-rymPhb-Gtdoyb"><span class="VfPpkd-rymPhb-fpDzbe-fmcmS" jsname="K4r5Ff">Türkçe</span></span></li><li class="MCs1Pd HiC7Nc VfPpkd-OkbHre VfPpkd-aJasdd-RWgCYc-wQNmvb VfPpkd-rymPhb-ibnC6b VfPpkd-rymPhb-ibnC6b-OWXEXe-SfQLQb-Woal0c-RWgCYc" jsaction=" keydown:RDtNu; keyup:JdS61c; click:o6ZaF; mousedown:teoBgf; mouseup:NZPHBc; mouseleave:xq3APb; touchstart:jJiBRc; touchmove:kZeBdd; touchend:VfAz8;focusin:MeMJlc; focusout:bkTmIf;mouseenter:SKyDAe; change:uOgbud;" role="option" aria-selected="false" tabindex="-1" data-value="el"><span class="VfPpkd-rymPhb-pZXsl"></span><span class="VfPpkd-rymPhb-Zmlebc-LhBDec"></span><span class="VfPpkd-rymPhb-Gtdoyb"><span class="VfPpkd-rymPhb-fpDzbe-fmcmS" jsname="K4r5Ff">Ελληνικά</span></span></li><li class="MCs1Pd HiC7Nc VfPpkd-OkbHre VfPpkd-aJasdd-RWgCYc-wQNmvb VfPpkd-rymPhb-ibnC6b VfPpkd-rymPhb-ibnC6b-OWXEXe-SfQLQb-Woal0c-RWgCYc" jsaction=" keydown:RDtNu; keyup:JdS61c; click:o6ZaF; mousedown:teoBgf; mouseup:NZPHBc; mouseleave:xq3APb; touchstart:jJiBRc; touchmove:kZeBdd; touchend:VfAz8;focusin:MeMJlc; focusout:bkTmIf;mouseenter:SKyDAe; change:uOgbud;" role="option" aria-selected="false" tabindex="-1" data-value="be"><span class="VfPpkd-rymPhb-pZXsl"></span><span class="VfPpkd-rymPhb-Zmlebc-LhBDec"></span><span class="VfPpkd-rymPhb-Gtdoyb"><span class="VfPpkd-rymPhb-fpDzbe-fmcmS" jsname="K4r5Ff">беларуская</span></span></li><li class="MCs1Pd HiC7Nc VfPpkd-OkbHre VfPpkd-aJasdd-RWgCYc-wQNmvb VfPpkd-rymPhb-ibnC6b VfPpkd-rymPhb-ibnC6b-OWXEXe-SfQLQb-Woal0c-RWgCYc" jsaction=" keydown:RDtNu; keyup:JdS61c; click:o6ZaF; mousedown:teoBgf; mouseup:NZPHBc; mouseleave:xq3APb; touchstart:jJiBRc; touchmove:kZeBdd; touchend:VfAz8;focusin:MeMJlc; focusout:bkTmIf;mouseenter:SKyDAe; change:uOgbud;" role="option" aria-selected="false" tabindex="-1" data-value="bg"><span class="VfPpkd-rymPhb-pZXsl"></span><span class="VfPpkd-rymPhb-Zmlebc-LhBDec"></span><span class="VfPpkd-rymPhb-Gtdoyb"><span class="VfPpkd-rymPhb-fpDzbe-fmcmS" jsname="K4r5Ff">български</span></span></li><li class="MCs1Pd HiC7Nc VfPpkd-OkbHre VfPpkd-aJasdd-RWgCYc-wQNmvb VfPpkd-rymPhb-ibnC6b VfPpkd-rymPhb-ibnC6b-OWXEXe-SfQLQb-Woal0c-RWgCYc" jsaction=" keydown:RDtNu; keyup:JdS61c; click:o6ZaF; mousedown:teoBgf; mouseup:NZPHBc; mouseleave:xq3APb; touchstart:jJiBRc; touchmove:kZeBdd; touchend:VfAz8;focusin:MeMJlc; focusout:bkTmIf;mouseenter:SKyDAe; change:uOgbud;" role="option" aria-selected="false" tabindex="-1" data-value="ky"><span class="VfPpkd-rymPhb-pZXsl"></span><span class="VfPpkd-rymPhb-Zmlebc-LhBDec"></span><span class="VfPpkd-rymPhb-Gtdoyb"><span class="VfPpkd-rymPhb-fpDzbe-fmcmS" jsname="K4r5Ff">кыргызча</span></span></li><li class="MCs1Pd HiC7Nc VfPpkd-OkbHre VfPpkd-aJasdd-RWgCYc-wQNmvb VfPpkd-rymPhb-ibnC6b VfPpkd-rymPhb-ibnC6b-OWXEXe-SfQLQb-Woal0c-RWgCYc" jsaction=" keydown:RDtNu; keyup:JdS61c; click:o6ZaF; mousedown:teoBgf; mouseup:NZPHBc; mouseleave:xq3APb; touchstart:jJiBRc; touchmove:kZeBdd; touchend:VfAz8;focusin:MeMJlc; focusout:bkTmIf;mouseenter:SKyDAe; change:uOgbud;" role="option" aria-selected="false" tabindex="-1" data-value="kk"><span class="VfPpkd-rymPhb-pZXsl"></span><span class="VfPpkd-rymPhb-Zmlebc-LhBDec"></span><span class="VfPpkd-rymPhb-Gtdoyb"><span class="VfPpkd-rymPhb-fpDzbe-fmcmS" jsname="K4r5Ff">қазақ тілі</span></span></li><li class="MCs1Pd HiC7Nc VfPpkd-OkbHre VfPpkd-aJasdd-RWgCYc-wQNmvb VfPpkd-rymPhb-ibnC6b VfPpkd-rymPhb-ibnC6b-OWXEXe-SfQLQb-Woal0c-RWgCYc" jsaction=" keydown:RDtNu; keyup:JdS61c; click:o6ZaF; mousedown:teoBgf; mouseup:NZPHBc; mouseleave:xq3APb; touchstart:jJiBRc; touchmove:kZeBdd; touchend:VfAz8;focusin:MeMJlc; focusout:bkTmIf;mouseenter:SKyDAe; change:uOgbud;" role="option" aria-selected="false" tabindex="-1" data-value="mk"><span class="VfPpkd-rymPhb-pZXsl"></span><span class="VfPpkd-rymPhb-Zmlebc-LhBDec"></span><span class="VfPpkd-rymPhb-Gtdoyb"><span class="VfPpkd-rymPhb-fpDzbe-fmcmS" jsname="K4r5Ff">македонски</span></span></li><li class="MCs1Pd HiC7Nc VfPpkd-OkbHre VfPpkd-aJasdd-RWgCYc-wQNmvb VfPpkd-rymPhb-ibnC6b VfPpkd-rymPhb-ibnC6b-OWXEXe-SfQLQb-Woal0c-RWgCYc" jsaction=" keydown:RDtNu; keyup:JdS61c; click:o6ZaF; mousedown:teoBgf; mouseup:NZPHBc; mouseleave:xq3APb; touchstart:jJiBRc; touchmove:kZeBdd; touchend:VfAz8;focusin:MeMJlc; focusout:bkTmIf;mouseenter:SKyDAe; change:uOgbud;" role="option" aria-selected="false" tabindex="-1" data-value="mn"><span class="VfPpkd-rymPhb-pZXsl"></span><span class="VfPpkd-rymPhb-Zmlebc-LhBDec"></span><span class="VfPpkd-rymPhb-Gtdoyb"><span class="VfPpkd-rymPhb-fpDzbe-fmcmS" jsname="K4r5Ff">монгол</span></span></li><li class="MCs1Pd HiC7Nc VfPpkd-OkbHre VfPpkd-aJasdd-RWgCYc-wQNmvb VfPpkd-rymPhb-ibnC6b VfPpkd-rymPhb-ibnC6b-OWXEXe-SfQLQb-Woal0c-RWgCYc" jsaction=" keydown:RDtNu; keyup:JdS61c; click:o6ZaF; mousedown:teoBgf; mouseup:NZPHBc; mouseleave:xq3APb; touchstart:jJiBRc; touchmove:kZeBdd; touchend:VfAz8;focusin:MeMJlc; focusout:bkTmIf;mouseenter:SKyDAe; change:uOgbud;" role="option" aria-selected="false" tabindex="-1" data-value="ru"><span class="VfPpkd-rymPhb-pZXsl"></span><span class="VfPpkd-rymPhb-Zmlebc-LhBDec"></span><span class="VfPpkd-rymPhb-Gtdoyb"><span class="VfPpkd-rymPhb-fpDzbe-fmcmS" jsname="K4r5Ff">Русский</span></span></li><li class="MCs1Pd HiC7Nc VfPpkd-OkbHre VfPpkd-aJasdd-RWgCYc-wQNmvb VfPpkd-rymPhb-ibnC6b VfPpkd-rymPhb-ibnC6b-OWXEXe-SfQLQb-Woal0c-RWgCYc" jsaction=" keydown:RDtNu; keyup:JdS61c; click:o6ZaF; mousedown:teoBgf; mouseup:NZPHBc; mouseleave:xq3APb; touchstart:jJiBRc; touchmove:kZeBdd; touchend:VfAz8;focusin:MeMJlc; focusout:bkTmIf;mouseenter:SKyDAe; change:uOgbud;" role="option" aria-selected="false" tabindex="-1" data-value="sr-Cyrl"><span class="VfPpkd-rymPhb-pZXsl"></span><span class="VfPpkd-rymPhb-Zmlebc-LhBDec"></span><span class="VfPpkd-rymPhb-Gtdoyb"><span class="VfPpkd-rymPhb-fpDzbe-fmcmS" jsname="K4r5Ff">српски (ћирилица)</span></span></li><li class="MCs1Pd HiC7Nc VfPpkd-OkbHre VfPpkd-aJasdd-RWgCYc-wQNmvb VfPpkd-rymPhb-ibnC6b VfPpkd-rymPhb-ibnC6b-OWXEXe-SfQLQb-Woal0c-RWgCYc" jsaction=" keydown:RDtNu; keyup:JdS61c; click:o6ZaF; mousedown:teoBgf; mouseup:NZPHBc; mouseleave:xq3APb; touchstart:jJiBRc; touchmove:kZeBdd; touchend:VfAz8;focusin:MeMJlc; focusout:bkTmIf;mouseenter:SKyDAe; change:uOgbud;" role="option" aria-selected="false" tabindex="-1" data-value="uk"><span class="VfPpkd-rymPhb-pZXsl"></span><span class="VfPpkd-rymPhb-Zmlebc-LhBDec"></span><span class="VfPpkd-rymPhb-Gtdoyb"><span class="VfPpkd-rymPhb-fpDzbe-fmcmS" jsname="K4r5Ff">Українська</span></span></li><li class="MCs1Pd HiC7Nc VfPpkd-OkbHre VfPpkd-aJasdd-RWgCYc-wQNmvb VfPpkd-rymPhb-ibnC6b VfPpkd-rymPhb-ibnC6b-OWXEXe-SfQLQb-Woal0c-RWgCYc" jsaction=" keydown:RDtNu; keyup:JdS61c; click:o6ZaF; mousedown:teoBgf; mouseup:NZPHBc; mouseleave:xq3APb; touchstart:jJiBRc; touchmove:kZeBdd; touchend:VfAz8;focusin:MeMJlc; focusout:bkTmIf;mouseenter:SKyDAe; change:uOgbud;" role="option" aria-selected="false" tabindex="-1" data-value="ka"><span class="VfPpkd-rymPhb-pZXsl"></span><span class="VfPpkd-rymPhb-Zmlebc-LhBDec"></span><span class="VfPpkd-rymPhb-Gtdoyb"><span class="VfPpkd-rymPhb-fpDzbe-fmcmS" jsname="K4r5Ff">ქართული</span></span></li><li class="MCs1Pd HiC7Nc VfPpkd-OkbHre VfPpkd-aJasdd-RWgCYc-wQNmvb VfPpkd-rymPhb-ibnC6b VfPpkd-rymPhb-ibnC6b-OWXEXe-SfQLQb-Woal0c-RWgCYc" jsaction=" keydown:RDtNu; keyup:JdS61c; click:o6ZaF; mousedown:teoBgf; mouseup:NZPHBc; mouseleave:xq3APb; touchstart:jJiBRc; touchmove:kZeBdd; touchend:VfAz8;focusin:MeMJlc; focusout:bkTmIf;mouseenter:SKyDAe; change:uOgbud;" role="option" aria-selected="false" tabindex="-1" data-value="hy"><span class="VfPpkd-rymPhb-pZXsl"></span><span class="VfPpkd-rymPhb-Zmlebc-LhBDec"></span><span class="VfPpkd-rymPhb-Gtdoyb"><span class="VfPpkd-rymPhb-fpDzbe-fmcmS" jsname="K4r5Ff">հայերեն</span></span></li><li class="MCs1Pd HiC7Nc VfPpkd-OkbHre VfPpkd-aJasdd-RWgCYc-wQNmvb VfPpkd-rymPhb-ibnC6b VfPpkd-rymPhb-ibnC6b-OWXEXe-SfQLQb-Woal0c-RWgCYc" jsaction=" keydown:RDtNu; keyup:JdS61c; click:o6ZaF; mousedown:teoBgf; mouseup:NZPHBc; mouseleave:xq3APb; touchstart:jJiBRc; touchmove:kZeBdd; touchend:VfAz8;focusin:MeMJlc; focusout:bkTmIf;mouseenter:SKyDAe; change:uOgbud;" role="option" aria-selected="false" tabindex="-1" data-value="iw"><span class="VfPpkd-rymPhb-pZXsl"></span><span class="VfPpkd-rymPhb-Zmlebc-LhBDec"></span><span class="VfPpkd-rymPhb-Gtdoyb"><span class="VfPpkd-rymPhb-fpDzbe-fmcmS" jsname="K4r5Ff">‫עברית‬‎</span></span></li><li class="MCs1Pd HiC7Nc VfPpkd-OkbHre VfPpkd-aJasdd-RWgCYc-wQNmvb VfPpkd-rymPhb-ibnC6b VfPpkd-rymPhb-ibnC6b-OWXEXe-SfQLQb-Woal0c-RWgCYc" jsaction=" keydown:RDtNu; keyup:JdS61c; click:o6ZaF; mousedown:teoBgf; mouseup:NZPHBc; mouseleave:xq3APb; touchstart:jJiBRc; touchmove:kZeBdd; touchend:VfAz8;focusin:MeMJlc; focusout:bkTmIf;mouseenter:SKyDAe; change:uOgbud;" role="option" aria-selected="false" tabindex="-1" data-value="ur"><span class="VfPpkd-rymPhb-pZXsl"></span><span class="VfPpkd-rymPhb-Zmlebc-LhBDec"></span><span class="VfPpkd-rymPhb-Gtdoyb"><span class="VfPpkd-rymPhb-fpDzbe-fmcmS" jsname="K4r5Ff">‫اردو‬‎</span></span></li><li class="MCs1Pd HiC7Nc VfPpkd-OkbHre VfPpkd-aJasdd-RWgCYc-wQNmvb VfPpkd-rymPhb-ibnC6b VfPpkd-rymPhb-ibnC6b-OWXEXe-SfQLQb-Woal0c-RWgCYc" jsaction=" keydown:RDtNu; keyup:JdS61c; click:o6ZaF; mousedown:teoBgf; mouseup:NZPHBc; mouseleave:xq3APb; touchstart:jJiBRc; touchmove:kZeBdd; touchend:VfAz8;focusin:MeMJlc; focusout:bkTmIf;mouseenter:SKyDAe; change:uOgbud;" role="option" aria-selected="false" tabindex="-1" data-value="ar"><span class="VfPpkd-rymPhb-pZXsl"></span><span class="VfPpkd-rymPhb-Zmlebc-LhBDec"></span><span class="VfPpkd-rymPhb-Gtdoyb"><span class="VfPpkd-rymPhb-fpDzbe-fmcmS" jsname="K4r5Ff">‫العربية‬‎</span></span></li><li class="MCs1Pd HiC7Nc VfPpkd-OkbHre VfPpkd-aJasdd-RWgCYc-wQNmvb VfPpkd-rymPhb-ibnC6b VfPpkd-rymPhb-ibnC6b-OWXEXe-SfQLQb-Woal0c-RWgCYc" jsaction=" keydown:RDtNu; keyup:JdS61c; click:o6ZaF; mousedown:teoBgf; mouseup:NZPHBc; mouseleave:xq3APb; touchstart:jJiBRc; touchmove:kZeBdd; touchend:VfAz8;focusin:MeMJlc; focusout:bkTmIf;mouseenter:SKyDAe; change:uOgbud;" role="option" aria-selected="false" tabindex="-1" data-value="fa"><span class="VfPpkd-rymPhb-pZXsl"></span><span class="VfPpkd-rymPhb-Zmlebc-LhBDec"></span><span class="VfPpkd-rymPhb-Gtdoyb"><span class="VfPpkd-rymPhb-fpDzbe-fmcmS" jsname="K4r5Ff">‫فارسی‬‎</span></span></li><li class="MCs1Pd HiC7Nc VfPpkd-OkbHre VfPpkd-aJasdd-RWgCYc-wQNmvb VfPpkd-rymPhb-ibnC6b VfPpkd-rymPhb-ibnC6b-OWXEXe-SfQLQb-Woal0c-RWgCYc" jsaction=" keydown:RDtNu; keyup:JdS61c; click:o6ZaF; mousedown:teoBgf; mouseup:NZPHBc; mouseleave:xq3APb; touchstart:jJiBRc; touchmove:kZeBdd; touchend:VfAz8;focusin:MeMJlc; focusout:bkTmIf;mouseenter:SKyDAe; change:uOgbud;" role="option" aria-selected="false" tabindex="-1" data-value="am"><span class="VfPpkd-rymPhb-pZXsl"></span><span class="VfPpkd-rymPhb-Zmlebc-LhBDec"></span><span class="VfPpkd-rymPhb-Gtdoyb"><span class="VfPpkd-rymPhb-fpDzbe-fmcmS" jsname="K4r5Ff">አማርኛ</span></span></li><li class="MCs1Pd HiC7Nc VfPpkd-OkbHre VfPpkd-aJasdd-RWgCYc-wQNmvb VfPpkd-rymPhb-ibnC6b VfPpkd-rymPhb-ibnC6b-OWXEXe-SfQLQb-Woal0c-RWgCYc" jsaction=" keydown:RDtNu; keyup:JdS61c; click:o6ZaF; mousedown:teoBgf; mouseup:NZPHBc; mouseleave:xq3APb; touchstart:jJiBRc; touchmove:kZeBdd; touchend:VfAz8;focusin:MeMJlc; focusout:bkTmIf;mouseenter:SKyDAe; change:uOgbud;" role="option" aria-selected="false" tabindex="-1" data-value="ne"><span class="VfPpkd-rymPhb-pZXsl"></span><span class="VfPpkd-rymPhb-Zmlebc-LhBDec"></span><span class="VfPpkd-rymPhb-Gtdoyb"><span class="VfPpkd-rymPhb-fpDzbe-fmcmS" jsname="K4r5Ff">नेपाली</span></span></li><li class="MCs1Pd HiC7Nc VfPpkd-OkbHre VfPpkd-aJasdd-RWgCYc-wQNmvb VfPpkd-rymPhb-ibnC6b VfPpkd-rymPhb-ibnC6b-OWXEXe-SfQLQb-Woal0c-RWgCYc" jsaction=" keydown:RDtNu; keyup:JdS61c; click:o6ZaF; mousedown:teoBgf; mouseup:NZPHBc; mouseleave:xq3APb; touchstart:jJiBRc; touchmove:kZeBdd; touchend:VfAz8;focusin:MeMJlc; focusout:bkTmIf;mouseenter:SKyDAe; change:uOgbud;" role="option" aria-selected="false" tabindex="-1" data-value="mr"><span class="VfPpkd-rymPhb-pZXsl"></span><span class="VfPpkd-rymPhb-Zmlebc-LhBDec"></span><span class="VfPpkd-rymPhb-Gtdoyb"><span class="VfPpkd-rymPhb-fpDzbe-fmcmS" jsname="K4r5Ff">मराठी</span></span></li><li class="MCs1Pd HiC7Nc VfPpkd-OkbHre VfPpkd-aJasdd-RWgCYc-wQNmvb VfPpkd-rymPhb-ibnC6b VfPpkd-rymPhb-ibnC6b-OWXEXe-SfQLQb-Woal0c-RWgCYc" jsaction=" keydown:RDtNu; keyup:JdS61c; click:o6ZaF; mousedown:teoBgf; mouseup:NZPHBc; mouseleave:xq3APb; touchstart:jJiBRc; touchmove:kZeBdd; touchend:VfAz8;focusin:MeMJlc; focusout:bkTmIf;mouseenter:SKyDAe; change:uOgbud;" role="option" aria-selected="false" tabindex="-1" data-value="hi"><span class="VfPpkd-rymPhb-pZXsl"></span><span class="VfPpkd-rymPhb-Zmlebc-LhBDec"></span><span class="VfPpkd-rymPhb-Gtdoyb"><span class="VfPpkd-rymPhb-fpDzbe-fmcmS" jsname="K4r5Ff">हिन्दी</span></span></li><li class="MCs1Pd HiC7Nc VfPpkd-OkbHre VfPpkd-aJasdd-RWgCYc-wQNmvb VfPpkd-rymPhb-ibnC6b VfPpkd-rymPhb-ibnC6b-OWXEXe-SfQLQb-Woal0c-RWgCYc" jsaction=" keydown:RDtNu; keyup:JdS61c; click:o6ZaF; mousedown:teoBgf; mouseup:NZPHBc; mouseleave:xq3APb; touchstart:jJiBRc; touchmove:kZeBdd; touchend:VfAz8;focusin:MeMJlc; focusout:bkTmIf;mouseenter:SKyDAe; change:uOgbud;" role="option" aria-selected="false" tabindex="-1" data-value="as"><span class="VfPpkd-rymPhb-pZXsl"></span><span class="VfPpkd-rymPhb-Zmlebc-LhBDec"></span><span class="VfPpkd-rymPhb-Gtdoyb"><span class="VfPpkd-rymPhb-fpDzbe-fmcmS" jsname="K4r5Ff">অসমীয়া</span></span></li><li class="MCs1Pd HiC7Nc VfPpkd-OkbHre VfPpkd-aJasdd-RWgCYc-wQNmvb VfPpkd-rymPhb-ibnC6b VfPpkd-rymPhb-ibnC6b-OWXEXe-SfQLQb-Woal0c-RWgCYc" jsaction=" keydown:RDtNu; keyup:JdS61c; click:o6ZaF; mousedown:teoBgf; mouseup:NZPHBc; mouseleave:xq3APb; touchstart:jJiBRc; touchmove:kZeBdd; touchend:VfAz8;focusin:MeMJlc; focusout:bkTmIf;mouseenter:SKyDAe; change:uOgbud;" role="option" aria-selected="false" tabindex="-1" data-value="bn"><span class="VfPpkd-rymPhb-pZXsl"></span><span class="VfPpkd-rymPhb-Zmlebc-LhBDec"></span><span class="VfPpkd-rymPhb-Gtdoyb"><span class="VfPpkd-rymPhb-fpDzbe-fmcmS" jsname="K4r5Ff">বাংলা</span></span></li><li class="MCs1Pd HiC7Nc VfPpkd-OkbHre VfPpkd-aJasdd-RWgCYc-wQNmvb VfPpkd-rymPhb-ibnC6b VfPpkd-rymPhb-ibnC6b-OWXEXe-SfQLQb-Woal0c-RWgCYc" jsaction=" keydown:RDtNu; keyup:JdS61c; click:o6ZaF; mousedown:teoBgf; mouseup:NZPHBc; mouseleave:xq3APb; touchstart:jJiBRc; touchmove:kZeBdd; touchend:VfAz8;focusin:MeMJlc; focusout:bkTmIf;mouseenter:SKyDAe; change:uOgbud;" role="option" aria-selected="false" tabindex="-1" data-value="pa"><span class="VfPpkd-rymPhb-pZXsl"></span><span class="VfPpkd-rymPhb-Zmlebc-LhBDec"></span><span class="VfPpkd-rymPhb-Gtdoyb"><span class="VfPpkd-rymPhb-fpDzbe-fmcmS" jsname="K4r5Ff">ਪੰਜਾਬੀ</span></span></li><li class="MCs1Pd HiC7Nc VfPpkd-OkbHre VfPpkd-aJasdd-RWgCYc-wQNmvb VfPpkd-rymPhb-ibnC6b VfPpkd-rymPhb-ibnC6b-OWXEXe-SfQLQb-Woal0c-RWgCYc" jsaction=" keydown:RDtNu; keyup:JdS61c; click:o6ZaF; mousedown:teoBgf; mouseup:NZPHBc; mouseleave:xq3APb; touchstart:jJiBRc; touchmove:kZeBdd; touchend:VfAz8;focusin:MeMJlc; focusout:bkTmIf;mouseenter:SKyDAe; change:uOgbud;" role="option" aria-selected="false" tabindex="-1" data-value="gu"><span class="VfPpkd-rymPhb-pZXsl"></span><span class="VfPpkd-rymPhb-Zmlebc-LhBDec"></span><span class="VfPpkd-rymPhb-Gtdoyb"><span class="VfPpkd-rymPhb-fpDzbe-fmcmS" jsname="K4r5Ff">ગુજરાતી</span></span></li><li class="MCs1Pd HiC7Nc VfPpkd-OkbHre VfPpkd-aJasdd-RWgCYc-wQNmvb VfPpkd-rymPhb-ibnC6b VfPpkd-rymPhb-ibnC6b-OWXEXe-SfQLQb-Woal0c-RWgCYc" jsaction=" keydown:RDtNu; keyup:JdS61c; click:o6ZaF; mousedown:teoBgf; mouseup:NZPHBc; mouseleave:xq3APb; touchstart:jJiBRc; touchmove:kZeBdd; touchend:VfAz8;focusin:MeMJlc; focusout:bkTmIf;mouseenter:SKyDAe; change:uOgbud;" role="option" aria-selected="false" tabindex="-1" data-value="or"><span class="VfPpkd-rymPhb-pZXsl"></span><span class="VfPpkd-rymPhb-Zmlebc-LhBDec"></span><span class="VfPpkd-rymPhb-Gtdoyb"><span class="VfPpkd-rymPhb-fpDzbe-fmcmS" jsname="K4r5Ff">ଓଡ଼ିଆ</span></span></li><li class="MCs1Pd HiC7Nc VfPpkd-OkbHre VfPpkd-aJasdd-RWgCYc-wQNmvb VfPpkd-rymPhb-ibnC6b VfPpkd-rymPhb-ibnC6b-OWXEXe-SfQLQb-Woal0c-RWgCYc" jsaction=" keydown:RDtNu; keyup:JdS61c; click:o6ZaF; mousedown:teoBgf; mouseup:NZPHBc; mouseleave:xq3APb; touchstart:jJiBRc; touchmove:kZeBdd; touchend:VfAz8;focusin:MeMJlc; focusout:bkTmIf;mouseenter:SKyDAe; change:uOgbud;" role="option" aria-selected="false" tabindex="-1" data-value="ta"><span class="VfPpkd-rymPhb-pZXsl"></span><span class="VfPpkd-rymPhb-Zmlebc-LhBDec"></span><span class="VfPpkd-rymPhb-Gtdoyb"><span class="VfPpkd-rymPhb-fpDzbe-fmcmS" jsname="K4r5Ff">தமிழ்</span></span></li><li class="MCs1Pd HiC7Nc VfPpkd-OkbHre VfPpkd-aJasdd-RWgCYc-wQNmvb VfPpkd-rymPhb-ibnC6b VfPpkd-rymPhb-ibnC6b-OWXEXe-SfQLQb-Woal0c-RWgCYc" jsaction=" keydown:RDtNu; keyup:JdS61c; click:o6ZaF; mousedown:teoBgf; mouseup:NZPHBc; mouseleave:xq3APb; touchstart:jJiBRc; touchmove:kZeBdd; touchend:VfAz8;focusin:MeMJlc; focusout:bkTmIf;mouseenter:SKyDAe; change:uOgbud;" role="option" aria-selected="false" tabindex="-1" data-value="te"><span class="VfPpkd-rymPhb-pZXsl"></span><span class="VfPpkd-rymPhb-Zmlebc-LhBDec"></span><span class="VfPpkd-rymPhb-Gtdoyb"><span class="VfPpkd-rymPhb-fpDzbe-fmcmS" jsname="K4r5Ff">తెలుగు</span></span></li><li class="MCs1Pd HiC7Nc VfPpkd-OkbHre VfPpkd-aJasdd-RWgCYc-wQNmvb VfPpkd-rymPhb-ibnC6b VfPpkd-rymPhb-ibnC6b-OWXEXe-SfQLQb-Woal0c-RWgCYc" jsaction=" keydown:RDtNu; keyup:JdS61c; click:o6ZaF; mousedown:teoBgf; mouseup:NZPHBc; mouseleave:xq3APb; touchstart:jJiBRc; touchmove:kZeBdd; touchend:VfAz8;focusin:MeMJlc; focusout:bkTmIf;mouseenter:SKyDAe; change:uOgbud;" role="option" aria-selected="false" tabindex="-1" data-value="kn"><span class="VfPpkd-rymPhb-pZXsl"></span><span class="VfPpkd-rymPhb-Zmlebc-LhBDec"></span><span class="VfPpkd-rymPhb-Gtdoyb"><span class="VfPpkd-rymPhb-fpDzbe-fmcmS" jsname="K4r5Ff">ಕನ್ನಡ</span></span></li><li class="MCs1Pd HiC7Nc VfPpkd-OkbHre VfPpkd-aJasdd-RWgCYc-wQNmvb VfPpkd-rymPhb-ibnC6b VfPpkd-rymPhb-ibnC6b-OWXEXe-SfQLQb-Woal0c-RWgCYc" jsaction=" keydown:RDtNu; keyup:JdS61c; click:o6ZaF; mousedown:teoBgf; mouseup:NZPHBc; mouseleave:xq3APb; touchstart:jJiBRc; touchmove:kZeBdd; touchend:VfAz8;focusin:MeMJlc; focusout:bkTmIf;mouseenter:SKyDAe; change:uOgbud;" role="option" aria-selected="false" tabindex="-1" data-value="ml"><span class="VfPpkd-rymPhb-pZXsl"></span><span class="VfPpkd-rymPhb-Zmlebc-LhBDec"></span><span class="VfPpkd-rymPhb-Gtdoyb"><span class="VfPpkd-rymPhb-fpDzbe-fmcmS" jsname="K4r5Ff">മലയാളം</span></span></li><li class="MCs1Pd HiC7Nc VfPpkd-OkbHre VfPpkd-aJasdd-RWgCYc-wQNmvb VfPpkd-rymPhb-ibnC6b VfPpkd-rymPhb-ibnC6b-OWXEXe-SfQLQb-Woal0c-RWgCYc" jsaction=" keydown:RDtNu; keyup:JdS61c; click:o6ZaF; mousedown:teoBgf; mouseup:NZPHBc; mouseleave:xq3APb; touchstart:jJiBRc; touchmove:kZeBdd; touchend:VfAz8;focusin:MeMJlc; focusout:bkTmIf;mouseenter:SKyDAe; change:uOgbud;" role="option" aria-selected="false" tabindex="-1" data-value="si"><span class="VfPpkd-rymPhb-pZXsl"></span><span class="VfPpkd-rymPhb-Zmlebc-LhBDec"></span><span class="VfPpkd-rymPhb-Gtdoyb"><span class="VfPpkd-rymPhb-fpDzbe-fmcmS" jsname="K4r5Ff">සිංහල</span></span></li><li class="MCs1Pd HiC7Nc VfPpkd-OkbHre VfPpkd-aJasdd-RWgCYc-wQNmvb VfPpkd-rymPhb-ibnC6b VfPpkd-rymPhb-ibnC6b-OWXEXe-SfQLQb-Woal0c-RWgCYc" jsaction=" keydown:RDtNu; keyup:JdS61c; click:o6ZaF; mousedown:teoBgf; mouseup:NZPHBc; mouseleave:xq3APb; touchstart:jJiBRc; touchmove:kZeBdd; touchend:VfAz8;focusin:MeMJlc; focusout:bkTmIf;mouseenter:SKyDAe; change:uOgbud;" role="option" aria-selected="false" tabindex="-1" data-value="th"><span class="VfPpkd-rymPhb-pZXsl"></span><span class="VfPpkd-rymPhb-Zmlebc-LhBDec"></span><span class="VfPpkd-rymPhb-Gtdoyb"><span class="VfPpkd-rymPhb-fpDzbe-fmcmS" jsname="K4r5Ff">ไทย</span></span></li><li class="MCs1Pd HiC7Nc VfPpkd-OkbHre VfPpkd-aJasdd-RWgCYc-wQNmvb VfPpkd-rymPhb-ibnC6b VfPpkd-rymPhb-ibnC6b-OWXEXe-SfQLQb-Woal0c-RWgCYc" jsaction=" keydown:RDtNu; keyup:JdS61c; click:o6ZaF; mousedown:teoBgf; mouseup:NZPHBc; mouseleave:xq3APb; touchstart:jJiBRc; touchmove:kZeBdd; touchend:VfAz8;focusin:MeMJlc; focusout:bkTmIf;mouseenter:SKyDAe; change:uOgbud;" role="option" aria-selected="false" tabindex="-1" data-value="lo"><span class="VfPpkd-rymPhb-pZXsl"></span><span class="VfPpkd-rymPhb-Zmlebc-LhBDec"></span><span class="VfPpkd-rymPhb-Gtdoyb"><span class="VfPpkd-rymPhb-fpDzbe-fmcmS" jsname="K4r5Ff">ລາວ</span></span></li><li class="MCs1Pd HiC7Nc VfPpkd-OkbHre VfPpkd-aJasdd-RWgCYc-wQNmvb VfPpkd-rymPhb-ibnC6b VfPpkd-rymPhb-ibnC6b-OWXEXe-SfQLQb-Woal0c-RWgCYc" jsaction=" keydown:RDtNu; keyup:JdS61c; click:o6ZaF; mousedown:teoBgf; mouseup:NZPHBc; mouseleave:xq3APb; touchstart:jJiBRc; touchmove:kZeBdd; touchend:VfAz8;focusin:MeMJlc; focusout:bkTmIf;mouseenter:SKyDAe; change:uOgbud;" role="option" aria-selected="false" tabindex="-1" data-value="my"><span class="VfPpkd-rymPhb-pZXsl"></span><span class="VfPpkd-rymPhb-Zmlebc-LhBDec"></span><span class="VfPpkd-rymPhb-Gtdoyb"><span class="VfPpkd-rymPhb-fpDzbe-fmcmS" jsname="K4r5Ff">မြန်မာ</span></span></li><li class="MCs1Pd HiC7Nc VfPpkd-OkbHre VfPpkd-aJasdd-RWgCYc-wQNmvb VfPpkd-rymPhb-ibnC6b VfPpkd-rymPhb-ibnC6b-OWXEXe-SfQLQb-Woal0c-RWgCYc" jsaction=" keydown:RDtNu; keyup:JdS61c; click:o6ZaF; mousedown:teoBgf; mouseup:NZPHBc; mouseleave:xq3APb; touchstart:jJiBRc; touchmove:kZeBdd; touchend:VfAz8;focusin:MeMJlc; focusout:bkTmIf;mouseenter:SKyDAe; change:uOgbud;" role="option" aria-selected="false" tabindex="-1" data-value="km"><span class="VfPpkd-rymPhb-pZXsl"></span><span class="VfPpkd-rymPhb-Zmlebc-LhBDec"></span><span class="VfPpkd-rymPhb-Gtdoyb"><span class="VfPpkd-rymPhb-fpDzbe-fmcmS" jsname="K4r5Ff">ខ្មែរ</span></span></li><li class="MCs1Pd HiC7Nc VfPpkd-OkbHre VfPpkd-aJasdd-RWgCYc-wQNmvb VfPpkd-rymPhb-ibnC6b VfPpkd-rymPhb-ibnC6b-OWXEXe-SfQLQb-Woal0c-RWgCYc" jsaction=" keydown:RDtNu; keyup:JdS61c; click:o6ZaF; mousedown:teoBgf; mouseup:NZPHBc; mouseleave:xq3APb; touchstart:jJiBRc; touchmove:kZeBdd; touchend:VfAz8;focusin:MeMJlc; focusout:bkTmIf;mouseenter:SKyDAe; change:uOgbud;" role="option" aria-selected="false" tabindex="-1" data-value="ko"><span class="VfPpkd-rymPhb-pZXsl"></span><span class="VfPpkd-rymPhb-Zmlebc-LhBDec"></span><span class="VfPpkd-rymPhb-Gtdoyb"><span class="VfPpkd-rymPhb-fpDzbe-fmcmS" jsname="K4r5Ff">한국어</span></span></li><li class="MCs1Pd HiC7Nc VfPpkd-OkbHre VfPpkd-aJasdd-RWgCYc-wQNmvb VfPpkd-rymPhb-ibnC6b VfPpkd-rymPhb-ibnC6b-OWXEXe-SfQLQb-Woal0c-RWgCYc" jsaction=" keydown:RDtNu; keyup:JdS61c; click:o6ZaF; mousedown:teoBgf; mouseup:NZPHBc; mouseleave:xq3APb; touchstart:jJiBRc; touchmove:kZeBdd; touchend:VfAz8;focusin:MeMJlc; focusout:bkTmIf;mouseenter:SKyDAe; change:uOgbud;" role="option" aria-selected="false" tabindex="-1" data-value="zh-HK"><span class="VfPpkd-rymPhb-pZXsl"></span><span class="VfPpkd-rymPhb-Zmlebc-LhBDec"></span><span class="VfPpkd-rymPhb-Gtdoyb"><span class="VfPpkd-rymPhb-fpDzbe-fmcmS" jsname="K4r5Ff">中文（香港）</span></span></li><li class="MCs1Pd HiC7Nc VfPpkd-OkbHre VfPpkd-aJasdd-RWgCYc-wQNmvb VfPpkd-rymPhb-ibnC6b VfPpkd-rymPhb-ibnC6b-OWXEXe-SfQLQb-Woal0c-RWgCYc" jsaction=" keydown:RDtNu; keyup:JdS61c; click:o6ZaF; mousedown:teoBgf; mouseup:NZPHBc; mouseleave:xq3APb; touchstart:jJiBRc; touchmove:kZeBdd; touchend:VfAz8;focusin:MeMJlc; focusout:bkTmIf;mouseenter:SKyDAe; change:uOgbud;" role="option" aria-selected="false" tabindex="-1" data-value="ja"><span class="VfPpkd-rymPhb-pZXsl"></span><span class="VfPpkd-rymPhb-Zmlebc-LhBDec"></span><span class="VfPpkd-rymPhb-Gtdoyb"><span class="VfPpkd-rymPhb-fpDzbe-fmcmS" jsname="K4r5Ff">日本語</span></span></li><li class="MCs1Pd HiC7Nc VfPpkd-OkbHre VfPpkd-aJasdd-RWgCYc-wQNmvb VfPpkd-rymPhb-ibnC6b VfPpkd-rymPhb-ibnC6b-OWXEXe-SfQLQb-Woal0c-RWgCYc" jsaction=" keydown:RDtNu; keyup:JdS61c; click:o6ZaF; mousedown:teoBgf; mouseup:NZPHBc; mouseleave:xq3APb; touchstart:jJiBRc; touchmove:kZeBdd; touchend:VfAz8;focusin:MeMJlc; focusout:bkTmIf;mouseenter:SKyDAe; change:uOgbud;" role="option" aria-selected="false" tabindex="-1" data-value="zh-CN"><span class="VfPpkd-rymPhb-pZXsl"></span><span class="VfPpkd-rymPhb-Zmlebc-LhBDec"></span><span class="VfPpkd-rymPhb-Gtdoyb"><span class="VfPpkd-rymPhb-fpDzbe-fmcmS" jsname="K4r5Ff">简体中文</span></span></li><li class="MCs1Pd HiC7Nc VfPpkd-OkbHre VfPpkd-aJasdd-RWgCYc-wQNmvb VfPpkd-rymPhb-ibnC6b VfPpkd-rymPhb-ibnC6b-OWXEXe-SfQLQb-Woal0c-RWgCYc" jsaction=" keydown:RDtNu; keyup:JdS61c; click:o6ZaF; mousedown:teoBgf; mouseup:NZPHBc; mouseleave:xq3APb; touchstart:jJiBRc; touchmove:kZeBdd; touchend:VfAz8;focusin:MeMJlc; focusout:bkTmIf;mouseenter:SKyDAe; change:uOgbud;" role="option" aria-selected="false" tabindex="-1" data-value="zh-TW"><span class="VfPpkd-rymPhb-pZXsl"></span><span class="VfPpkd-rymPhb-Zmlebc-LhBDec"></span><span class="VfPpkd-rymPhb-Gtdoyb"><span class="VfPpkd-rymPhb-fpDzbe-fmcmS" jsname="K4r5Ff">繁體中文</span></span></li></ul></div></div></div></div><ul class="HwzH1e"><li class="qKvP1b"><a class="AVAq4d TrZEUc" href="https://support.google.com/accounts?hl=en-US&amp;p=account_iph" target="_blank">Help</a></li><li class="qKvP1b"><a class="AVAq4d TrZEUc" href="https://accounts.google.com/TOS?loc=IN&amp;hl=en-US&amp;privacy=true" target="_blank">Privacy</a></li><li class="qKvP1b"><a class="AVAq4d TrZEUc" href="https://accounts.google.com/TOS?loc=IN&amp;hl=en-US" target="_blank">Terms</a></li></ul></footer><c-data id="i1" jsdata=" OsjLy;_;3"></c-data></c-wiz><script aria-hidden="true" nonce="">window.wiz_progress&&window.wiz_progress();window.wiz_tick&&window.wiz_tick('ZdRp7e');</script></div></div><iframe height="0" width="0" tabindex="-1" sandbox="allow-same-origin allow-scripts allow-forms allow-popups allow-popups-to-escape-sandbox allow-storage-access-by-user-activation" src="https://accounts.youtube.com/accounts/CheckConnection?pmpo=https%3A%2F%2Faccounts.google.com&amp;v=-1374652854&amp;timestamp=1753192815782" style="position: absolute; left: 0px; top: 0px; z-index: -1;"></iframe><iframe src="/_/bscframe" style="display: none;"></iframe></body></html>
Navigating to youtube page
Navigating back to youtube page
Navigating forward to youtube page
Navigating to refresh youtube page
Username =Software Testing
Passowrd =Method Testing
Username =Testing software
Passowrd =testing Method
Username =Testing software123
Passowrd =testing Method123
a = 6
Username=software@qa.com
Password=software@qa.com
Username =software@qa.com
Passowrd =mypassword
Username =software@qa.com
Passowrd =mypassword
tomjerrytom@ymail.comymaljerry
heroheroinhero@ymail.comymalheroin
hero3heroin3hero3@ymail.comymalheroin3
hero34heroin34hero34@ymail.comymalheroin34
hero345heroin345hero345@ymail.comymalheroin345
hero3456heroin3456hero3456@ymail.comymalheroin3456
hero34567heroin34567hero34567@ymail.comymalheroin34567
hero345678heroin345678hero345678@ymail.comymalheroin345678
hero3456789heroin3456789hero3456789@ymail.comymalheroin3456789
hero345678910heroin345678910hero345678910@ymail.comymalheroin345678910
a = 48
I am a JS prompt
is emaild displayed or not=true
is Email enabled or not=true
is hidden element displayed=false
Before clcking- is the male radio button selected=false
After clcking- is the male radio button selected=true
Current URL=Email address or phone number
Tooltips of link=Take a look at Instagram
Login button name=Log in
Button font size=20px
Button width=332px
Current URL=(599, 280)
599Co-ordinate of controls on page=280
Login size=(364, 48)
48Login button =364
Welcome Message: =Facebook helps you connect and share with the people in your life.
TagName =h2
page title:  Facebook – log in or sign up
current window id - 274D3413AD54CA01434F114B60C1BAFB
total window id's [274D3413AD54CA01434F114B60C1BAFB]

********************* After opening the insta page ********************************
page title: Facebook – log in or sign up
current window id - 274D3413AD54CA01434F114B60C1BAFB
total window id's [274D3413AD54CA01434F114B60C1BAFB, B86E2CFFD2304ADB48A608032DBEE9FD]

********************* After switching to the insta page ********************************
page title: 
current window id - B86E2CFFD2304ADB48A608032DBEE9FD
total window id's [274D3413AD54CA01434F114B60C1BAFB, B86E2CFFD2304ADB48A608032DBEE9FD]

********************* After switching to the fb page ********************************
page title: Instagram
current window id - B86E2CFFD2304ADB48A608032DBEE9FD
total window id's [274D3413AD54CA01434F114B60C1BAFB, B86E2CFFD2304ADB48A608032DBEE9FD]]]>
  </system-out>
</testsuite> <!-- ipltesting.Rollsroyce -->
