<?xml version="1.0" encoding="UTF-8"?>
<!-- Generated by org.testng.reporters.JUnitReportReporter -->
<testsuite hostname="DESKTOP-6RSBDQK" failures="0" tests="2" name="api_testing.Requestspecific" time="5.218" errors="0" timestamp="2025-05-28T16:41:47 IST" skipped="0">
  <testcase classname="api_testing.Requestspecific" name="validate_response_body" time="3.660"/>
  <testcase classname="api_testing.Requestspecific" name="validate_response_code" time="1.558"/>
</testsuite> <!-- api_testing.Requestspecific -->
