<?xml version="1.0" encoding="UTF-8"?>
<!-- Generated by org.testng.reporters.JUnitReportReporter -->
<testsuite hostname="DESKTOP-6RSBDQK" failures="0" tests="1" name="test.Checkcoutnry" time="5.461" errors="0" timestamp="2024-12-07T17:42:15 IST" skipped="0">
  <testcase classname="test.Checkcoutnry" name="Redfflogin" time="5.461"/>
</testsuite> <!-- test.Checkcoutnry -->
