<?xml version="1.0" encoding="UTF-8"?>
<!-- Generated by org.testng.reporters.JUnitReportReporter -->
<testsuite hostname="DESKTOP-6RSBDQK" failures="0" tests="1" name="basic.Java_set_map" time="0.006" errors="0" timestamp="2025-07-23T23:12:00 IST" skipped="0">
  <testcase classname="basic.Java_set_map" name="setExample" time="0.006"/>
</testsuite> <!-- basic.Java_set_map -->
