<?xml version="1.0" encoding="UTF-8"?>
<!-- Generated by org.testng.reporters.JUnitReportReporter -->
<testsuite hostname="DESKTOP-6RSBDQK" failures="0" tests="1" name="basic.ArrayNumber" time="6.594" errors="0" timestamp="2025-07-23T20:06:33 IST" skipped="0">
  <testcase classname="basic.ArrayNumber" name="ArrayResult" time="6.594"/>
</testsuite> <!-- basic.ArrayNumber -->
