<?xml version="1.0" encoding="UTF-8"?>
<!-- Generated by org.testng.reporters.JUnitReportReporter -->
<testsuite hostname="DESKTOP-6RSBDQK" failures="0" tests="1" name="api_testing.Api_Log_Validation" time="4.191" errors="0" timestamp="2025-04-25T11:20:15 IST" skipped="0">
  <testcase classname="api_testing.Api_Log_Validation" name="log_only_validatoin_fails" time="4.191"/>
</testsuite> <!-- api_testing.Api_Log_Validation -->
