<?xml version="1.0" encoding="UTF-8"?>
<!-- Generated by org.testng.reporters.JUnitReportReporter -->
<testsuite hostname="DESKTOP-6RSBDQK" failures="0" tests="1" name="api_testing.RequestSpecificationExample" time="2.976" errors="0" timestamp="2025-02-11T14:24:56 IST" skipped="0">
  <testcase classname="api_testing.RequestSpecificationExample" name="validate_response_code" time="2.976"/>
</testsuite> <!-- api_testing.RequestSpecificationExample -->
