<?xml version="1.0" encoding="UTF-8"?>
<!-- Generated by org.testng.reporters.JUnitReportReporter -->
<testsuite hostname="DESKTOP-6RSBDQK" failures="0" tests="2" name="ipltesting.HardAssertExample_Done" time="0.016" errors="0" timestamp="2025-04-27T17:23:58 IST" skipped="0">
  <testcase classname="ipltesting.HardAssertExample_Done" name="tc1" time="0.015">
    <system-out>
      <![CDATA[a = 10]]>
    </system-out>
  </testcase> <!-- tc1 -->
  <testcase classname="ipltesting.HardAssertExample_Done" name="tc2" time="0.001"/>
  <system-out>
    <![CDATA[a = 10]]>
  </system-out>
</testsuite> <!-- ipltesting.HardAssertExample_Done -->
