<?xml version="1.0" encoding="UTF-8"?>
<!-- Generated by org.testng.reporters.JUnitReportReporter -->
<testsuite hostname="DESKTOP-6RSBDQK" failures="0" tests="1" name="ipltesting.IframeExample" time="41.650" errors="0" timestamp="2025-07-20T15:02:20 IST" skipped="0">
  <testcase classname="ipltesting.IframeExample" name="iframeDemo" time="41.650"/>
</testsuite> <!-- ipltesting.IframeExample -->
