<?xml version="1.0" encoding="UTF-8"?>
<!-- Generated by org.testng.reporters.JUnitReportReporter -->
<testsuite hostname="DESKTOP-6RSBDQK" failures="0" tests="3" name="api_testing.ApiTestWithTestNG" time="3.572" errors="0" timestamp="2025-04-26T14:20:48 IST" skipped="0">
  <testcase classname="api_testing.ApiTestWithTestNG" name="validateGetRequest" time="2.528"/>
  <testcase classname="api_testing.ApiTestWithTestNG" name="validateGetRequest" time="0.526"/>
  <testcase classname="api_testing.ApiTestWithTestNG" name="validateGetRequest" time="0.518"/>
</testsuite> <!-- api_testing.ApiTestWithTestNG -->
