<?xml version="1.0" encoding="UTF-8"?>
<!-- Generated by org.testng.reporters.JUnitReportReporter -->
<testsuite hostname="DESKTOP-6RSBDQK" failures="0" tests="3" name="ipltesting.TestRelatedExample" time="0.003" errors="0" timestamp="2025-07-20T10:41:26 IST" skipped="0">
  <testcase classname="ipltesting.TestRelatedExample" name="ValidUsernameandPassword" time="0.001"/>
  <testcase classname="ipltesting.TestRelatedExample" name="ValidUsernameandPassword2" time="0.001"/>
  <testcase classname="ipltesting.TestRelatedExample" name="ValidUsernameandPassword1" time="0.001"/>
  <system-out>
    <![CDATA[I am a JS prompt
is emaild displayed or not=true
is Email enabled or not=true
is hidden element displayed=false
Before clcking- is the male radio button selected=false
After clcking- is the male radio button selected=true
Current URL=Email address or phone number
Tooltips of link=Take a look at Instagram
Login button name=Log in
Button font size=20px
Button width=332px
Current URL=(599, 280)
599Co-ordinate of controls on page=280
Login size=(364, 48)
48Login button =364
Welcome Message: =Facebook helps you connect and share with the people in your life.
TagName =h2
tomjerrytom@ymail.comymaljerry
heroheroinhero@ymail.comymalheroin
hero3heroin3hero3@ymail.comymalheroin3
hero34heroin34hero34@ymail.comymalheroin34
hero345heroin345hero345@ymail.comymalheroin345
hero3456heroin3456hero3456@ymail.comymalheroin3456
hero34567heroin34567hero34567@ymail.comymalheroin34567
hero345678heroin345678hero345678@ymail.comymalheroin345678
hero3456789heroin3456789hero3456789@ymail.comymalheroin3456789
hero345678910heroin345678910hero345678910@ymail.comymalheroin345678910
a = 48
a = 10
Username =Software Testing
Passowrd =Method Testing
Username =Testing software
Passowrd =testing Method
Username =Testing software123
Passowrd =testing Method123
Current URL=https://accounts.google.com/v3/signin/identifier?continue=https%3A%2F%2Fmail.google.com%2Fmail%2Fu%2F0%2F&emr=1&followup=https%3A%2F%2Fmail.google.com%2Fmail%2Fu%2F0%2F&ifkv=AdBytiP2q_A_IC5hsfqxZsx-BDefCrtaIEPTmloHoip4MCPrpwXaFFyKynm7RzGxpnwXjSvRqmcYcg&osid=1&passive=1209600&service=mail&flowName=GlifWebSignIn&flowEntry=ServiceLogin&dsh=S-184432039%3A1752988129653766
Title of the browser=Gmail
Page source testing of site=<html lang="en-US" dir="ltr" class="eC9N2e"><head><script src="https://www.gstatic.com/_/mss/boq-identity/_/js/k=boq-identity.AccountsSignInUi.en_US.eZwNFZB8n4g.es5.O/ck=boq-identity.AccountsSignInUi.YNGqAUJsfjE.L.B1.O/am=MQwAzJbH7k0AIP7_nzIL6ixAAkIGAAAAAAAQAABsAQAAWMcAEA/d=1/exm=A7fCU,CMcBD,E87wgc,EFQ78c,EN3i8d,Fndnac,GwYlN,IZT63,K0PMbc,K1ZKnb,KUM7Z,L9OGUe,LDQI,LEikZe,LvGhrf,MY7mZe,MpJwZc,NLiXbe,OpGpZb,P6sQOc,PHUIyb,PrPYRd,RMhBfe,RqjULd,SCuOPb,SD8Jgb,SpsfSb,Tbb4sb,UUJqVe,Uas9Hd,WpP9Yc,YHI3We,YTxL4,YgOFye,ZDZcre,ZwDk9d,_b,_tp,b3kMqb,bTi8wc,byfTOb,cYShmd,cciGGe,eefjlf,f8Gu1e,gJzDyc,hc6Ubd,iAskyc,lsjVmc,ltDFwf,lwddkf,m9oV,mvkUhe,mzzZzc,n73qwf,oLggrd,oqkvIf,p3hmRc,pxq3x,qPYxq,qmdT9,rCcCxc,rmumx,siKnQd,soHxf,t2srLd,tUnxGc,vHEMJe,vfuNJf,vjKJJ,w9hDv,wg1P6b,ws9Tlc,xQtZb,xiZRqc,y5vRwf,yGfSdd,yRXbo,ywOR5c,z0u0L,zbML3c,ziXSP,ziZ8Mc,zr1jrb,zy0vNb/excm=_b,_tp,identifierview/ed=1/wt=2/ujg=1/rs=AOaEmlF-uK7npgjX7_Gi7ck4CR2-bXztSg/ee=ASJRFf:DAnQ7e;Al0B8:kibjWe;DaIJ8c:iAskyc;EVNhjf:pw70Gc;EkYFhd:GwYlN;EmZ2Bf:zr1jrb;JsbNhc:Xd8iUd;K5nYTd:ZDZcre;LBgRLc:XVMNvd;Me32dd:MEeYgc;NJ1rfe:yGfSdd;NPKaK:PVlQOd;NSEoX:lazG7b;Pjplud:EEDORb;QGR0gd:Mlhmy;SMDL4c:K0PMbc;SNUn3:ZwDk9d;ScI3Yc:e7Hzgb;UpnZUd:nnwwYc;Uvc8o:VDovNc;XdiAjb:NLiXbe;YIZmRd:A1yn5d;a56pNe:JEfCwb;cEt90b:ws9Tlc;dIoSBb:SpsfSb;dowIGb:ebZ3mb;eBAeSb:zbML3c;iFQyKf:vfuNJf;lOO0Vd:OTA3Ae;nTuGK:JKNPM;oGtAuc:sOXFj;oSUNyd:K0PMbc;oXZmbc:tUnxGc;pXdRYb:L9OGUe;qafBPd:yDVVkb;qddgKe:xQtZb;tbg2ob:Up7mff;vNjB7d:YTxL4;wR5FRb:siKnQd;yxTchf:KUM7Z/m=Wt6vjf,hhhU8,FCpbqb,WhJNk" nonce="" crossorigin="anonymous"></script><base href="https://accounts.google.com/v3/signin/"><link rel="preconnect" href="//www.gstatic.com"><meta name="referrer" content="origin"><script data-id="_gd" nonce="">window.WIZ_global_data = {"DndLYb":"","DpimGf":false,"EP1ykd":["/_/*"],"EaOSAe":"https://kidsmanagement-pa.googleapis.com","FdrFJe":"6285652321780805467","FoW6je":false,"GWsdKe":"en-US","HAZvpc":"https://accounts.google.com/v3/signin/interstitial/doritos/forward/success?continue\u003dhttps://mail.google.com/mail/u/0/\u0026timeStmp\u003d1752988129780","HiPsbb":1,"Im6cmf":"/v3/signin/_/AccountsSignInUi","LVIXXb":1,"LoQv7e":true,"MT7f9b":[],"MUE6Ne":"AccountsSignInUi","Mypbod":"https://www.googleapis.com/reauth","QrtxK":"","Qzxixc":"S-184432039:1752988129653766","S06Grb":"","S6lZl":128566913,"SNlM0e":"AEObw43MJx6DuwUqu2hn9t5lXuGv:1752988129781","TSDtV":"%.@.[[null,[[45703546,null,null,null,\"\",null,\"eqLaD\"],[45450723,null,false,null,null,null,\"XQkE7e\"],[45453809,null,false,null,null,null,\"D1bn1b\"],[45451649,null,true,null,null,null,\"LeUU4b\"],[45711479,null,false,null,null,null,\"Tsdvnf\"],[45651384,null,true,null,null,null,\"GmAFDc\"],[45682322,null,false,null,null,null,\"HgjJSe\"],[45451922,null,false,null,null,null,\"TFYsbf\"],[45647029,null,true,null,null,null,\"NpaWBe\"],[45667279,0,null,null,null,null,\"mIC16c\"],[45451657,null,true,null,null,null,\"XibpJd\"],[45714020,null,false,null,null,null,\"s0v9Fe\"],[45459555,null,false,null,null,null,\"Imeoqb\"],[45699405,null,false,null,null,null,\"v7fSvc\"],[45706603,null,false,null,null,null,\"D87wMe\"],[45686230,null,false,null,null,null,\"nfxin\"],[45684016,null,true,null,null,null,\"xsnBVe\"],[45690017,null,true,null,null,null,\"eSX4ub\"],[45686077,null,false,null,null,null,\"O5EhJf\"],[45692956,null,true,null,null,null,\"XurJcf\"],[45685953,null,true,null,null,null,\"BnD2Db\"],[45628954,null,true,null,null,null,\"ZjTJve\"],[45702488,null,false,null,null,null,\"YFj8kb\"],[45450722,null,true,null,null,null,\"b1Rcdc\"],[45689304,null,true,null,null,null,\"Qv5Wf\"],[45665011,null,true,null,null,null,\"RtNLWd\"],[45670065,null,true,null,null,null,\"X2ebUb\"],[45688128,null,true,null,null,null,\"LKakW\"],[45640338,null,true,null,null,null,\"Kx5bKc\"],[45663970,null,true,null,null,null,\"tztmNc\"],[45705715,null,false,null,null,null,\"wnG6Ib\"],[45451648,null,false,null,null,null,\"YUO2Me\"],[45613970,null,true,null,null,null,\"RnAUFf\"],[45670993,null,true,null,null,null,\"rqg0xd\"],[45688675,null,true,null,null,null,\"hUUsIb\"],[45451647,null,false,null,null,null,\"gsHY5c\"],[45451644,null,false,null,null,null,\"Yxy2vd\"],[45667278,0,null,null,null,null,\"r79HEc\"],[45451989,100,null,null,null,null,\"pmL3bc\"],[45697035,null,false,null,null,null,\"pUlX6d\"]],\"CAMSLR0sutPFKQTI0woEy5ABBO44BOjVDgT9nwQE7qYEBMfbBQS4fwCK9AYEs4QNAA\\u003d\\u003d\"]]]","TTHqvb":"https://kidsmanagement-pa.googleapis.com","U2g13c":"https://accounts.google.com/v3/signin/interstitial/doritos/forward/timeout?continue\u003dhttps://mail.google.com/mail/u/0/\u0026timeStmp\u003d1752988129780","UUFaWc":"%.@.null,1000,2]","Vvafkd":false,"Yllh3e":"%.@.1752988129768744,25947077,303603403]","YlwcZe":"%.@.3,[1],[3600],2,[15,4,13,14,12,2]]","aVMDSb":"AIzaSyCDfgD1Iy2hw8qagbOoe3r0VPNTxeeTUVc","b5W2zf":"default_AccountsSignInUi","blXOUe":false,"cfb2h":"boq_identityfrontendauthuiserver_20250715.05_p0","eNnkwf":"","eptZe":"/v3/signin/_/AccountsSignInUi/","fPDxwd":[98218434,98413841],"gGcLoe":true,"hRpCee":"%.@.true,[[\"/v3/signin/identifier\",null,[\"TL\",\"checkConnection\"]]]]","iCzhFc":false,"jtXsWe":"https://kidsmanagement-pa.clients6.google.com","la8u5e":"%.@.false,true,false,false,\"ServiceLogin\",false,null,\"\",false,[[\"RelayState\",\"SAMLRequest\",\"SigAlg\",\"Signature\",\"TL\",\"af\",\"alignment\",\"alwf\",\"atu\",\"authuser\",\"btmpl\",\"c\",\"c_afwt\",\"c_brsz\",\"c_enable\",\"c_gutw\",\"c_ps_e\",\"c_ps_s\",\"c_ps_t\",\"c_stfs\",\"c_stfwt\",\"c_sts_b\",\"c_sts_t\",\"c_tfs\",\"c_tfwt\",\"c_ts_b\",\"c_ts_t\",\"cbflow\",\"cd\",\"checkConnection\",\"checkedDomains\",\"client_id\",\"color_scheme\",\"continue\",\"cpbps\",\"domains\",\"dsh\",\"ec\",\"emr\",\"faa\",\"ff\",\"flowEntry\",\"flowName\",\"followup\",\"forceOsidOriginForTest\",\"gae\",\"go\",\"hd\",\"hide_status_bar\",\"hl\",\"idvToken\",\"ifkv\",\"ifr\",\"ignoreShadow\",\"kdi\",\"kid_continue\",\"kp_cid\",\"ltmpl\",\"marl\",\"multilogin\",\"next\",\"oauth\",\"osid\",\"pageId\",\"palette_colors\",\"passwdsession\",\"pav\",\"platform_variant\",\"pstMsg\",\"rart\",\"rast\",\"rip\",\"rm\",\"rpbg\",\"sarp\",\"sc_type\",\"scc\",\"scope\",\"secondDevice\",\"secure\",\"sendvemail\",\"service\",\"session\",\"skipShadow\",\"skipvpage\",\"source\",\"ss\",\"ss_mode\",\"sspa\",\"t\",\"target\",\"theme\",\"ul\"]],true,null,[],[[null,null,\"https://accounts.google.com/AccountChooser?continue\\u003dhttps://mail.google.com/mail/u/0/\\u0026followup\\u003dhttps://mail.google.com/mail/u/0/\\u0026osid\\u003d1\\u0026service\\u003dmail\"],[null,[null,null,\"https://accounts.google.com/Logout?continue\\u003dhttps://accounts.google.com/restart?continue%3Dhttps://mail.google.com/mail/u/0/%26dsh%3DS-184432039:1752988129653766%26emr%3D1%26flowEntry%3DServiceLogin%26flowName%3DGlifWebSignIn%26followup%3Dhttps://mail.google.com/mail/u/0/%26ifkv%3DAdBytiP2q_A_IC5hsfqxZsx-BDefCrtaIEPTmloHoip4MCPrpwXaFFyKynm7RzGxpnwXjSvRqmcYcg%26osid%3D1%26service%3Dmail\"]],[null,null,\"https://accounts.google.com/signin/recovery?flowName\\u003dGlifWebSignIn\\u0026continue\\u003dhttps://mail.google.com/mail/u/0/\\u0026followup\\u003dhttps://mail.google.com/mail/u/0/\\u0026osid\\u003d1\\u0026service\\u003dmail\"],null,[[\"/restart\",null,[\"TL\",\"checkConnection\"]]]],null,true,[],null,true,true,false,true]","mJR7jf":false,"nQyAE":{"YUO2Me":"false","BnD2Db":"true","LeUU4b":"true","ZjTJve":"true","O5EhJf":"false","nfxin":"false","v7fSvc":"false","hUUsIb":"true","HgjJSe":"false","YFj8kb":"false","Yxy2vd":"false","Qv5Wf":"true","LKakW":"true","b1Rcdc":"true","XQkE7e":"false","gsHY5c":"false","pmL3bc":"100","Kx5bKc":"true","TFYsbf":"false","X2ebUb":"true","eSX4ub":"true","D1bn1b":"false"},"p9hQne":"https://www.gstatic.com/_/boq-identity/_/r/","qwAQke":"AccountsSignInUi","qymVe":"","roa9cd":1000,"rtQCxc":-330,"tRszL":"%.@.null,null,null,null,null,null,[null,true,null,null,null,null,null,false]]","thykhd":"AFWLbD0xmrZ4L-WwOxWSnFOC9bFVFIwppTxT4S98nA-UzQlbwxZkROa4T3GJqs9sVkWJajf_f2591EoMZ-SUK5HVL4JHHNAwqxp2fXc8QaeJo8wy0R80cNfcxSg8e7sRzKEO","u4g7r":"%.@.null,1,2]","unNRMb":"AKctkzmtrRKva8jz104NVh1370pOlqtBODTHlHBEc13C9Y49FBcPptxO_Xpbt2m2_nOghvlc8Ru5","vAyiz":"ChUI5oDRtPnDj+Z1EMb0oaOVv72pkAE\u003d","vJQk6":false,"w2btAe":"%.@.null,null,\"\",true,null,null,true,false]","xn5OId":false,"xnI9P":true,"xwAfE":true,"y2FhP":"prod","yFnxrf":1884,"zChJod":"%.@.]","zLbquc":"%.@.false,false]"};</script><script nonce="">(function(){'use strict';var a=window,d=a.performance,l=k();a.cc_latency_start_time=d&&d.now?0:d&&d.timing&&d.timing.navigationStart?d.timing.navigationStart:l;function k(){return d&&d.now?d.now():(new Date).getTime()}function n(e){if(d&&d.now&&d.mark){var g=d.mark(e);if(g)return g.startTime;if(d.getEntriesByName&&(e=d.getEntriesByName(e).pop()))return e.startTime}return k()}a.onaft=function(){n("aft")};a._isLazyImage=function(e){return e.hasAttribute("data-src")||e.hasAttribute("data-ils")||e.getAttribute("loading")==="lazy"};
a.l=function(e){function g(b){var c={};c[b]=k();a.cc_latency.push(c)}function m(b){var c=n("iml");b.setAttribute("data-iml",c);return c}a.cc_aid=e;a.iml_start=a.cc_latency_start_time;a.css_size=0;a.cc_latency=[];a.ccTick=g;a.onJsLoad=function(){g("jsl")};a.onCssLoad=function(){g("cssl")};a._isVisible=function(b,c){if(!c||c.style.display=="none")return!1;var f=b.defaultView;if(f&&f.getComputedStyle&&(f=f.getComputedStyle(c),f.height=="0px"||f.width=="0px"||f.visibility=="hidden"))return!1;if(!c.getBoundingClientRect)return!0;
var h=c.getBoundingClientRect();c=h.left+a.pageXOffset;f=h.top+a.pageYOffset;if(f+h.height<0||c+h.width<0||h.height<=0||h.width<=0)return!1;b=b.documentElement;return f<=(a.innerHeight||b.clientHeight)&&c<=(a.innerWidth||b.clientWidth)};a._recordImlEl=m;document.documentElement.addEventListener("load",function(b){b=b.target;var c;b.tagName!="IMG"||b.hasAttribute("data-iid")||a._isLazyImage(b)||b.hasAttribute("data-noaft")||(c=m(b));if(a.aft_counter&&(b=a.aft_counter.indexOf(b),b!==-1&&(b=a.aft_counter.splice(b,
1).length===1,a.aft_counter.length===0&&b&&c)))a.onaft(c)},!0);a.prt=-1;a.wiz_tick=function(){var b=n("prt");a.prt=b}};}).call(this);
l('CqPtcb')</script><script nonce="">var _F_cssRowKey = 'boq-identity.AccountsSignInUi.YNGqAUJsfjE.L.B1.O';var _F_combinedSignature = 'AOaEmlF-uK7npgjX7_Gi7ck4CR2-bXztSg';function _DumpException(e) {throw e;}</script><style data-href="https://www.gstatic.com/_/mss/boq-identity/_/ss/k=boq-identity.AccountsSignInUi.YNGqAUJsfjE.L.B1.O/am=MQwAzJbH7k0AIP7_nzIL6ixAAkIGAAAAAAAQAABsAQAAWMcAEA/d=1/ed=1/rs=AOaEmlGfJSA2TxlZXEAVGbgDXVV3JuUIEg/m=identifierview,_b,_tp" nonce="">@keyframes quantumWizBoxInkSpread{0%{transform:translate(-50%,-50%) scale(0.2)}to{transform:translate(-50%,-50%) scale(2.2)}}@keyframes quantumWizIconFocusPulse{0%{transform:translate(-50%,-50%) scale(1.5);opacity:0}to{transform:translate(-50%,-50%) scale(2);opacity:1}}@keyframes quantumWizRadialInkSpread{0%{transform:scale(1.5);opacity:0}to{transform:scale(2.5);opacity:1}}@keyframes quantumWizRadialInkFocusPulse{0%{transform:scale(2);opacity:0}to{transform:scale(2.5);opacity:1}}@keyframes mdc-ripple-fg-radius-in{0%{animation-timing-function:cubic-bezier(0.4,0,0.2,1);transform:translate(var(--mdc-ripple-fg-translate-start,0)) scale(1)}to{transform:translate(var(--mdc-ripple-fg-translate-end,0)) scale(var(--mdc-ripple-fg-scale,1))}}@keyframes mdc-ripple-fg-opacity-in{0%{animation-timing-function:linear;opacity:0}to{opacity:var(--mdc-ripple-fg-opacity,0)}}@keyframes mdc-ripple-fg-opacity-out{0%{animation-timing-function:linear;opacity:var(--mdc-ripple-fg-opacity,0)}to{opacity:0}}.VfPpkd-ksKsZd-XxIAqe{--mdc-ripple-fg-size:0;--mdc-ripple-left:0;--mdc-ripple-top:0;--mdc-ripple-fg-scale:1;--mdc-ripple-fg-translate-end:0;--mdc-ripple-fg-translate-start:0;-webkit-tap-highlight-color:rgba(0,0,0,0);will-change:transform,opacity;position:relative;outline:none;overflow:hidden}.VfPpkd-ksKsZd-XxIAqe::before,.VfPpkd-ksKsZd-XxIAqe::after{position:absolute;border-radius:50%;opacity:0;pointer-events:none;content:""}.VfPpkd-ksKsZd-XxIAqe::before{transition:opacity 15ms linear,background-color 15ms linear;z-index:1;z-index:var(--mdc-ripple-z-index,1)}.VfPpkd-ksKsZd-XxIAqe::after{z-index:0;z-index:var(--mdc-ripple-z-index,0)}.VfPpkd-ksKsZd-XxIAqe.VfPpkd-ksKsZd-mWPk3d::before{transform:scale(var(--mdc-ripple-fg-scale,1))}.VfPpkd-ksKsZd-XxIAqe.VfPpkd-ksKsZd-mWPk3d::after{top:0;left:0;transform:scale(0);transform-origin:center center}.VfPpkd-ksKsZd-XxIAqe.VfPpkd-ksKsZd-mWPk3d-OWXEXe-ZNMTqd::after{top:var(--mdc-ripple-top,0);left:var(--mdc-ripple-left,0)}.VfPpkd-ksKsZd-XxIAqe.VfPpkd-ksKsZd-mWPk3d-OWXEXe-Tv8l5d-lJfZMc::after{animation:mdc-ripple-fg-radius-in 225ms forwards,mdc-ripple-fg-opacity-in 75ms forwards}.VfPpkd-ksKsZd-XxIAqe.VfPpkd-ksKsZd-mWPk3d-OWXEXe-Tv8l5d-OmS1vf::after{animation:mdc-ripple-fg-opacity-out 150ms;transform:translate(var(--mdc-ripple-fg-translate-end,0)) scale(var(--mdc-ripple-fg-scale,1))}.VfPpkd-ksKsZd-XxIAqe::before,.VfPpkd-ksKsZd-XxIAqe::after{top:calc(50% - 100%);left:calc(50% - 100%);width:200%;height:200%}.VfPpkd-ksKsZd-XxIAqe.VfPpkd-ksKsZd-mWPk3d::after{width:var(--mdc-ripple-fg-size,100%);height:var(--mdc-ripple-fg-size,100%)}.VfPpkd-ksKsZd-XxIAqe[data-mdc-ripple-is-unbounded],.VfPpkd-ksKsZd-mWPk3d-OWXEXe-ZNMTqd{overflow:visible}.VfPpkd-ksKsZd-XxIAqe[data-mdc-ripple-is-unbounded]::before,.VfPpkd-ksKsZd-XxIAqe[data-mdc-ripple-is-unbounded]::after,.VfPpkd-ksKsZd-mWPk3d-OWXEXe-ZNMTqd::before,.VfPpkd-ksKsZd-mWPk3d-OWXEXe-ZNMTqd::after{top:calc(50% - 50%);left:calc(50% - 50%);width:100%;height:100%}.VfPpkd-ksKsZd-XxIAqe[data-mdc-ripple-is-unbounded].VfPpkd-ksKsZd-mWPk3d::before,.VfPpkd-ksKsZd-XxIAqe[data-mdc-ripple-is-unbounded].VfPpkd-ksKsZd-mWPk3d::after,.VfPpkd-ksKsZd-mWPk3d-OWXEXe-ZNMTqd.VfPpkd-ksKsZd-mWPk3d::before,.VfPpkd-ksKsZd-mWPk3d-OWXEXe-ZNMTqd.VfPpkd-ksKsZd-mWPk3d::after{top:var(--mdc-ripple-top,calc(50% - 50%));left:var(--mdc-ripple-left,calc(50% - 50%));width:var(--mdc-ripple-fg-size,100%);height:var(--mdc-ripple-fg-size,100%)}.VfPpkd-ksKsZd-XxIAqe[data-mdc-ripple-is-unbounded].VfPpkd-ksKsZd-mWPk3d::after,.VfPpkd-ksKsZd-mWPk3d-OWXEXe-ZNMTqd.VfPpkd-ksKsZd-mWPk3d::after{width:var(--mdc-ripple-fg-size,100%);height:var(--mdc-ripple-fg-size,100%)}.VfPpkd-ksKsZd-XxIAqe::before,.VfPpkd-ksKsZd-XxIAqe::after{background-color:#000;background-color:var(--mdc-ripple-color,#000)}.VfPpkd-ksKsZd-XxIAqe:hover::before,.VfPpkd-ksKsZd-XxIAqe.VfPpkd-ksKsZd-XxIAqe-OWXEXe-ZmdkE::before{opacity:.04;opacity:var(--mdc-ripple-hover-opacity,0.04)}.VfPpkd-ksKsZd-XxIAqe.VfPpkd-ksKsZd-mWPk3d-OWXEXe-AHe6Kc-XpnDCe::before,.VfPpkd-ksKsZd-XxIAqe:not(.VfPpkd-ksKsZd-mWPk3d):focus::before{transition-duration:75ms;opacity:.12;opacity:var(--mdc-ripple-focus-opacity,0.12)}.VfPpkd-ksKsZd-XxIAqe:not(.VfPpkd-ksKsZd-mWPk3d)::after{transition:opacity 150ms linear}.VfPpkd-ksKsZd-XxIAqe:not(.VfPpkd-ksKsZd-mWPk3d):active::after{transition-duration:75ms;opacity:.12;opacity:var(--mdc-ripple-press-opacity,0.12)}.VfPpkd-ksKsZd-XxIAqe.VfPpkd-ksKsZd-mWPk3d{--mdc-ripple-fg-opacity:var(--mdc-ripple-press-opacity,0.12)}.VfPpkd-Bz112c-LgbsSe{font-size:24px;width:48px;height:48px;padding:12px}.VfPpkd-Bz112c-LgbsSe.VfPpkd-Bz112c-LgbsSe-OWXEXe-e5LLRc-SxQuSe .VfPpkd-Bz112c-Jh9lGc{width:40px;height:40px;margin-top:4px;margin-bottom:4px;margin-right:4px;margin-left:4px}.VfPpkd-Bz112c-LgbsSe.VfPpkd-Bz112c-LgbsSe-OWXEXe-e5LLRc-SxQuSe .VfPpkd-Bz112c-J1Ukfc-LhBDec{max-height:40px;max-width:40px}.VfPpkd-Bz112c-LgbsSe:disabled{color:rgba(0,0,0,.38);color:var(--mdc-theme-text-disabled-on-light,rgba(0,0,0,.38))}.VfPpkd-Bz112c-LgbsSe svg,.VfPpkd-Bz112c-LgbsSe img{width:24px;height:24px}.VfPpkd-Bz112c-LgbsSe{display:inline-block;position:relative;box-sizing:border-box;border:none;outline:none;background-color:transparent;fill:currentColor;color:inherit;text-decoration:none;cursor:pointer;user-select:none;z-index:0;overflow:visible}.VfPpkd-Bz112c-LgbsSe .VfPpkd-Bz112c-RLmnJb{position:absolute;top:50%;height:48px;left:50%;width:48px;transform:translate(-50%,-50%)}@media screen and (forced-colors:active){.VfPpkd-Bz112c-LgbsSe.VfPpkd-ksKsZd-mWPk3d-OWXEXe-AHe6Kc-XpnDCe .VfPpkd-Bz112c-J1Ukfc-LhBDec,.VfPpkd-Bz112c-LgbsSe:not(.VfPpkd-ksKsZd-mWPk3d):focus .VfPpkd-Bz112c-J1Ukfc-LhBDec{display:block}}.VfPpkd-Bz112c-LgbsSe:disabled{cursor:default;pointer-events:none}.VfPpkd-Bz112c-LgbsSe[hidden]{display:none}.VfPpkd-Bz112c-LgbsSe-OWXEXe-KVuj8d-Q3DXx{align-items:center;display:inline-flex;justify-content:center}.VfPpkd-Bz112c-J1Ukfc-LhBDec{pointer-events:none;border:2px solid transparent;border-radius:6px;box-sizing:content-box;position:absolute;top:50%;left:50%;transform:translate(-50%,-50%);height:100%;width:100%;display:none}@media screen and (forced-colors:active){.VfPpkd-Bz112c-J1Ukfc-LhBDec{border-color:CanvasText}}.VfPpkd-Bz112c-J1Ukfc-LhBDec::after{content:"";border:2px solid transparent;border-radius:8px;display:block;position:absolute;top:50%;left:50%;transform:translate(-50%,-50%);height:calc(100% + 4px);width:calc(100% + 4px)}@media screen and (forced-colors:active){.VfPpkd-Bz112c-J1Ukfc-LhBDec::after{border-color:CanvasText}}.VfPpkd-Bz112c-kBDsod{display:inline-block}.VfPpkd-Bz112c-kBDsod.VfPpkd-Bz112c-kBDsod-OWXEXe-IT5dJd,.VfPpkd-Bz112c-LgbsSe-OWXEXe-IT5dJd .VfPpkd-Bz112c-kBDsod{display:none}.VfPpkd-Bz112c-LgbsSe-OWXEXe-IT5dJd .VfPpkd-Bz112c-kBDsod.VfPpkd-Bz112c-kBDsod-OWXEXe-IT5dJd{display:inline-block}.VfPpkd-Bz112c-mRLv6{height:100%;left:0;outline:none;position:absolute;top:0;width:100%}.VfPpkd-Bz112c-LgbsSe{--mdc-ripple-fg-size:0;--mdc-ripple-left:0;--mdc-ripple-top:0;--mdc-ripple-fg-scale:1;--mdc-ripple-fg-translate-end:0;--mdc-ripple-fg-translate-start:0;-webkit-tap-highlight-color:rgba(0,0,0,0);will-change:transform,opacity}.VfPpkd-Bz112c-LgbsSe .VfPpkd-Bz112c-Jh9lGc::before,.VfPpkd-Bz112c-LgbsSe .VfPpkd-Bz112c-Jh9lGc::after{position:absolute;border-radius:50%;opacity:0;pointer-events:none;content:""}.VfPpkd-Bz112c-LgbsSe .VfPpkd-Bz112c-Jh9lGc::before{transition:opacity 15ms linear,background-color 15ms linear;z-index:1;z-index:var(--mdc-ripple-z-index,1)}.VfPpkd-Bz112c-LgbsSe .VfPpkd-Bz112c-Jh9lGc::after{z-index:0;z-index:var(--mdc-ripple-z-index,0)}.VfPpkd-Bz112c-LgbsSe.VfPpkd-ksKsZd-mWPk3d .VfPpkd-Bz112c-Jh9lGc::before{transform:scale(var(--mdc-ripple-fg-scale,1))}.VfPpkd-Bz112c-LgbsSe.VfPpkd-ksKsZd-mWPk3d .VfPpkd-Bz112c-Jh9lGc::after{top:0;left:0;transform:scale(0);transform-origin:center center}.VfPpkd-Bz112c-LgbsSe.VfPpkd-ksKsZd-mWPk3d-OWXEXe-ZNMTqd .VfPpkd-Bz112c-Jh9lGc::after{top:var(--mdc-ripple-top,0);left:var(--mdc-ripple-left,0)}.VfPpkd-Bz112c-LgbsSe.VfPpkd-ksKsZd-mWPk3d-OWXEXe-Tv8l5d-lJfZMc .VfPpkd-Bz112c-Jh9lGc::after{animation:mdc-ripple-fg-radius-in 225ms forwards,mdc-ripple-fg-opacity-in 75ms forwards}.VfPpkd-Bz112c-LgbsSe.VfPpkd-ksKsZd-mWPk3d-OWXEXe-Tv8l5d-OmS1vf .VfPpkd-Bz112c-Jh9lGc::after{animation:mdc-ripple-fg-opacity-out .15s;transform:translate(var(--mdc-ripple-fg-translate-end,0)) scale(var(--mdc-ripple-fg-scale,1))}.VfPpkd-Bz112c-LgbsSe .VfPpkd-Bz112c-Jh9lGc::before,.VfPpkd-Bz112c-LgbsSe .VfPpkd-Bz112c-Jh9lGc::after{top:0;left:0;width:100%;height:100%}.VfPpkd-Bz112c-LgbsSe.VfPpkd-ksKsZd-mWPk3d .VfPpkd-Bz112c-Jh9lGc::before,.VfPpkd-Bz112c-LgbsSe.VfPpkd-ksKsZd-mWPk3d .VfPpkd-Bz112c-Jh9lGc::after{top:var(--mdc-ripple-top,0);left:var(--mdc-ripple-left,0);width:var(--mdc-ripple-fg-size,100%);height:var(--mdc-ripple-fg-size,100%)}.VfPpkd-Bz112c-LgbsSe.VfPpkd-ksKsZd-mWPk3d .VfPpkd-Bz112c-Jh9lGc::after{width:var(--mdc-ripple-fg-size,100%);height:var(--mdc-ripple-fg-size,100%)}.VfPpkd-Bz112c-LgbsSe .VfPpkd-Bz112c-Jh9lGc::before,.VfPpkd-Bz112c-LgbsSe .VfPpkd-Bz112c-Jh9lGc::after{background-color:#000;background-color:var(--mdc-ripple-color,#000)}.VfPpkd-Bz112c-LgbsSe:hover .VfPpkd-Bz112c-Jh9lGc::before,.VfPpkd-Bz112c-LgbsSe.VfPpkd-ksKsZd-XxIAqe-OWXEXe-ZmdkE .VfPpkd-Bz112c-Jh9lGc::before{opacity:.04;opacity:var(--mdc-ripple-hover-opacity,.04)}.VfPpkd-Bz112c-LgbsSe.VfPpkd-ksKsZd-mWPk3d-OWXEXe-AHe6Kc-XpnDCe .VfPpkd-Bz112c-Jh9lGc::before,.VfPpkd-Bz112c-LgbsSe:not(.VfPpkd-ksKsZd-mWPk3d):focus .VfPpkd-Bz112c-Jh9lGc::before{transition-duration:75ms;opacity:.12;opacity:var(--mdc-ripple-focus-opacity,.12)}.VfPpkd-Bz112c-LgbsSe:not(.VfPpkd-ksKsZd-mWPk3d) .VfPpkd-Bz112c-Jh9lGc::after{transition:opacity .15s linear}.VfPpkd-Bz112c-LgbsSe:not(.VfPpkd-ksKsZd-mWPk3d):active .VfPpkd-Bz112c-Jh9lGc::after{transition-duration:75ms;opacity:.12;opacity:var(--mdc-ripple-press-opacity,.12)}.VfPpkd-Bz112c-LgbsSe.VfPpkd-ksKsZd-mWPk3d{--mdc-ripple-fg-opacity:var(--mdc-ripple-press-opacity,0.12)}.VfPpkd-Bz112c-LgbsSe:disabled:hover .VfPpkd-Bz112c-Jh9lGc::before,.VfPpkd-Bz112c-LgbsSe:disabled.VfPpkd-ksKsZd-XxIAqe-OWXEXe-ZmdkE .VfPpkd-Bz112c-Jh9lGc::before{opacity:0;opacity:var(--mdc-ripple-hover-opacity,0)}.VfPpkd-Bz112c-LgbsSe:disabled.VfPpkd-ksKsZd-mWPk3d-OWXEXe-AHe6Kc-XpnDCe .VfPpkd-Bz112c-Jh9lGc::before,.VfPpkd-Bz112c-LgbsSe:disabled:not(.VfPpkd-ksKsZd-mWPk3d):focus .VfPpkd-Bz112c-Jh9lGc::before{transition-duration:75ms;opacity:0;opacity:var(--mdc-ripple-focus-opacity,0)}.VfPpkd-Bz112c-LgbsSe:disabled:not(.VfPpkd-ksKsZd-mWPk3d) .VfPpkd-Bz112c-Jh9lGc::after{transition:opacity .15s linear}.VfPpkd-Bz112c-LgbsSe:disabled:not(.VfPpkd-ksKsZd-mWPk3d):active .VfPpkd-Bz112c-Jh9lGc::after{transition-duration:75ms;opacity:0;opacity:var(--mdc-ripple-press-opacity,0)}.VfPpkd-Bz112c-LgbsSe:disabled.VfPpkd-ksKsZd-mWPk3d{--mdc-ripple-fg-opacity:var(--mdc-ripple-press-opacity,0)}.VfPpkd-Bz112c-LgbsSe .VfPpkd-Bz112c-Jh9lGc{height:100%;left:0;pointer-events:none;position:absolute;top:0;width:100%;z-index:-1}.VfPpkd-dgl2Hf-ppHlrf-sM5MNb{display:inline}.VfPpkd-LgbsSe{position:relative;display:inline-flex;align-items:center;justify-content:center;box-sizing:border-box;min-width:64px;border:none;outline:none;line-height:inherit;user-select:none;-webkit-appearance:none;overflow:visible;vertical-align:middle;background:transparent}.VfPpkd-LgbsSe .VfPpkd-BFbNVe-bF1uUb{width:100%;height:100%;top:0;left:0}.VfPpkd-LgbsSe::-moz-focus-inner{padding:0;border:0}.VfPpkd-LgbsSe:active{outline:none}.VfPpkd-LgbsSe:hover{cursor:pointer}.VfPpkd-LgbsSe:disabled{cursor:default;pointer-events:none}.VfPpkd-LgbsSe[hidden]{display:none}.VfPpkd-LgbsSe .VfPpkd-kBDsod{margin-left:0;margin-right:8px;display:inline-block;position:relative;vertical-align:top}[dir=rtl] .VfPpkd-LgbsSe .VfPpkd-kBDsod,.VfPpkd-LgbsSe .VfPpkd-kBDsod[dir=rtl]{margin-left:8px;margin-right:0}.VfPpkd-LgbsSe .VfPpkd-UdE5de-uDEFge{font-size:0;position:absolute;transform:translate(-50%,-50%);top:50%;left:50%;line-height:normal}.VfPpkd-LgbsSe .VfPpkd-vQzf8d{position:relative}.VfPpkd-LgbsSe .VfPpkd-J1Ukfc-LhBDec{pointer-events:none;border:2px solid transparent;border-radius:6px;box-sizing:content-box;position:absolute;top:50%;left:50%;transform:translate(-50%,-50%);height:calc(100% + 4px);width:calc(100% + 4px);display:none}@media screen and (forced-colors:active){.VfPpkd-LgbsSe .VfPpkd-J1Ukfc-LhBDec{border-color:CanvasText}}.VfPpkd-LgbsSe .VfPpkd-J1Ukfc-LhBDec::after{content:"";border:2px solid transparent;border-radius:8px;display:block;position:absolute;top:50%;left:50%;transform:translate(-50%,-50%);height:calc(100% + 4px);width:calc(100% + 4px)}@media screen and (forced-colors:active){.VfPpkd-LgbsSe .VfPpkd-J1Ukfc-LhBDec::after{border-color:CanvasText}}@media screen and (forced-colors:active){.VfPpkd-LgbsSe.VfPpkd-ksKsZd-mWPk3d-OWXEXe-AHe6Kc-XpnDCe .VfPpkd-J1Ukfc-LhBDec,.VfPpkd-LgbsSe:not(.VfPpkd-ksKsZd-mWPk3d):focus .VfPpkd-J1Ukfc-LhBDec{display:block}}.VfPpkd-LgbsSe .VfPpkd-RLmnJb{position:absolute;top:50%;height:48px;left:0;right:0;transform:translateY(-50%)}.VfPpkd-vQzf8d+.VfPpkd-kBDsod{margin-left:8px;margin-right:0}[dir=rtl] .VfPpkd-vQzf8d+.VfPpkd-kBDsod,.VfPpkd-vQzf8d+.VfPpkd-kBDsod[dir=rtl]{margin-left:0;margin-right:8px}svg.VfPpkd-kBDsod{fill:currentColor}.VfPpkd-LgbsSe-OWXEXe-dgl2Hf{margin-top:6px;margin-bottom:6px}.VfPpkd-LgbsSe{-moz-osx-font-smoothing:grayscale;-webkit-font-smoothing:antialiased;text-decoration:none}.VfPpkd-LgbsSe{padding:0 8px 0 8px}.VfPpkd-LgbsSe-OWXEXe-k8QpJ{transition:box-shadow .28s cubic-bezier(.4,0,.2,1);padding:0 16px 0 16px}.VfPpkd-LgbsSe-OWXEXe-k8QpJ.VfPpkd-LgbsSe-OWXEXe-Bz112c-UbuQg{padding:0 12px 0 16px}.VfPpkd-LgbsSe-OWXEXe-k8QpJ.VfPpkd-LgbsSe-OWXEXe-Bz112c-M1Soyc{padding:0 16px 0 12px}.VfPpkd-LgbsSe-OWXEXe-MV7yeb{transition:box-shadow .28s cubic-bezier(.4,0,.2,1);padding:0 16px 0 16px}.VfPpkd-LgbsSe-OWXEXe-MV7yeb.VfPpkd-LgbsSe-OWXEXe-Bz112c-UbuQg{padding:0 12px 0 16px}.VfPpkd-LgbsSe-OWXEXe-MV7yeb.VfPpkd-LgbsSe-OWXEXe-Bz112c-M1Soyc{padding:0 16px 0 12px}.VfPpkd-LgbsSe-OWXEXe-INsAgc{border-style:solid;transition:border .28s cubic-bezier(.4,0,.2,1)}.VfPpkd-LgbsSe-OWXEXe-INsAgc .VfPpkd-Jh9lGc{border-style:solid;border-color:transparent}.VfPpkd-LgbsSe{--mdc-ripple-fg-size:0;--mdc-ripple-left:0;--mdc-ripple-top:0;--mdc-ripple-fg-scale:1;--mdc-ripple-fg-translate-end:0;--mdc-ripple-fg-translate-start:0;-webkit-tap-highlight-color:rgba(0,0,0,0);will-change:transform,opacity}.VfPpkd-LgbsSe .VfPpkd-Jh9lGc::before,.VfPpkd-LgbsSe .VfPpkd-Jh9lGc::after{position:absolute;border-radius:50%;opacity:0;pointer-events:none;content:""}.VfPpkd-LgbsSe .VfPpkd-Jh9lGc::before{transition:opacity 15ms linear,background-color 15ms linear;z-index:1}.VfPpkd-LgbsSe .VfPpkd-Jh9lGc::after{z-index:0}.VfPpkd-LgbsSe.VfPpkd-ksKsZd-mWPk3d .VfPpkd-Jh9lGc::before{transform:scale(var(--mdc-ripple-fg-scale,1))}.VfPpkd-LgbsSe.VfPpkd-ksKsZd-mWPk3d .VfPpkd-Jh9lGc::after{top:0;left:0;transform:scale(0);transform-origin:center center}.VfPpkd-LgbsSe.VfPpkd-ksKsZd-mWPk3d-OWXEXe-ZNMTqd .VfPpkd-Jh9lGc::after{top:var(--mdc-ripple-top,0);left:var(--mdc-ripple-left,0)}.VfPpkd-LgbsSe.VfPpkd-ksKsZd-mWPk3d-OWXEXe-Tv8l5d-lJfZMc .VfPpkd-Jh9lGc::after{animation:mdc-ripple-fg-radius-in 225ms forwards,mdc-ripple-fg-opacity-in 75ms forwards}.VfPpkd-LgbsSe.VfPpkd-ksKsZd-mWPk3d-OWXEXe-Tv8l5d-OmS1vf .VfPpkd-Jh9lGc::after{animation:mdc-ripple-fg-opacity-out .15s;transform:translate(var(--mdc-ripple-fg-translate-end,0)) scale(var(--mdc-ripple-fg-scale,1))}.VfPpkd-LgbsSe .VfPpkd-Jh9lGc::before,.VfPpkd-LgbsSe .VfPpkd-Jh9lGc::after{top:-50%;left:-50%;width:200%;height:200%}.VfPpkd-LgbsSe.VfPpkd-ksKsZd-mWPk3d .VfPpkd-Jh9lGc::after{width:var(--mdc-ripple-fg-size,100%);height:var(--mdc-ripple-fg-size,100%)}.VfPpkd-Jh9lGc{position:absolute;box-sizing:content-box;overflow:hidden;z-index:0;top:0;left:0;bottom:0;right:0}.VfPpkd-LgbsSe{font-family:Roboto,sans-serif;font-size:.875rem;letter-spacing:.0892857143em;font-weight:500;text-transform:uppercase;height:36px;border-radius:4px}.VfPpkd-LgbsSe:not(:disabled){color:#6200ee}.VfPpkd-LgbsSe:disabled{color:rgba(0,0,0,.38)}.VfPpkd-LgbsSe .VfPpkd-kBDsod{font-size:1.125rem;width:1.125rem;height:1.125rem}.VfPpkd-LgbsSe .VfPpkd-Jh9lGc::before{background-color:#6200ee}.VfPpkd-LgbsSe .VfPpkd-Jh9lGc::after{background-color:#6200ee}.VfPpkd-LgbsSe:hover .VfPpkd-Jh9lGc::before,.VfPpkd-LgbsSe.VfPpkd-ksKsZd-XxIAqe-OWXEXe-ZmdkE .VfPpkd-Jh9lGc::before{opacity:.04}.VfPpkd-LgbsSe.VfPpkd-ksKsZd-mWPk3d-OWXEXe-AHe6Kc-XpnDCe .VfPpkd-Jh9lGc::before,.VfPpkd-LgbsSe:not(.VfPpkd-ksKsZd-mWPk3d):focus .VfPpkd-Jh9lGc::before{transition-duration:75ms;opacity:.12}.VfPpkd-LgbsSe:not(.VfPpkd-ksKsZd-mWPk3d) .VfPpkd-Jh9lGc::after{transition:opacity .15s linear}.VfPpkd-LgbsSe:not(.VfPpkd-ksKsZd-mWPk3d):active .VfPpkd-Jh9lGc::after{transition-duration:75ms;opacity:.12}.VfPpkd-LgbsSe.VfPpkd-ksKsZd-mWPk3d{--mdc-ripple-fg-opacity:var(--mdc-text-button-pressed-state-layer-opacity,0.12)}.VfPpkd-LgbsSe .VfPpkd-Jh9lGc{border-radius:4px}.VfPpkd-LgbsSe .VfPpkd-J1Ukfc-LhBDec{border-radius:2px}.VfPpkd-LgbsSe .VfPpkd-J1Ukfc-LhBDec::after{border-radius:4px}.VfPpkd-LgbsSe-OWXEXe-k8QpJ{font-family:Roboto,sans-serif;font-size:.875rem;letter-spacing:.0892857143em;font-weight:500;text-transform:uppercase;height:36px;border-radius:4px}.VfPpkd-LgbsSe-OWXEXe-k8QpJ:not(:disabled){background-color:#6200ee}.VfPpkd-LgbsSe-OWXEXe-k8QpJ:disabled{background-color:rgba(0,0,0,.12)}.VfPpkd-LgbsSe-OWXEXe-k8QpJ:not(:disabled){color:#fff}.VfPpkd-LgbsSe-OWXEXe-k8QpJ:disabled{color:rgba(0,0,0,.38)}.VfPpkd-LgbsSe-OWXEXe-k8QpJ .VfPpkd-kBDsod{font-size:1.125rem;width:1.125rem;height:1.125rem}.VfPpkd-LgbsSe-OWXEXe-k8QpJ .VfPpkd-Jh9lGc::before{background-color:#fff}.VfPpkd-LgbsSe-OWXEXe-k8QpJ .VfPpkd-Jh9lGc::after{background-color:#fff}.VfPpkd-LgbsSe-OWXEXe-k8QpJ:hover .VfPpkd-Jh9lGc::before,.VfPpkd-LgbsSe-OWXEXe-k8QpJ.VfPpkd-ksKsZd-XxIAqe-OWXEXe-ZmdkE .VfPpkd-Jh9lGc::before{opacity:.08}.VfPpkd-LgbsSe-OWXEXe-k8QpJ.VfPpkd-ksKsZd-mWPk3d-OWXEXe-AHe6Kc-XpnDCe .VfPpkd-Jh9lGc::before,.VfPpkd-LgbsSe-OWXEXe-k8QpJ:not(.VfPpkd-ksKsZd-mWPk3d):focus .VfPpkd-Jh9lGc::before{transition-duration:75ms;opacity:.24}.VfPpkd-LgbsSe-OWXEXe-k8QpJ:not(.VfPpkd-ksKsZd-mWPk3d) .VfPpkd-Jh9lGc::after{transition:opacity .15s linear}.VfPpkd-LgbsSe-OWXEXe-k8QpJ:not(.VfPpkd-ksKsZd-mWPk3d):active .VfPpkd-Jh9lGc::after{transition-duration:75ms;opacity:.24}.VfPpkd-LgbsSe-OWXEXe-k8QpJ.VfPpkd-ksKsZd-mWPk3d{--mdc-ripple-fg-opacity:var(--mdc-filled-button-pressed-state-layer-opacity,0.24)}.VfPpkd-LgbsSe-OWXEXe-k8QpJ .VfPpkd-Jh9lGc{border-radius:4px}.VfPpkd-LgbsSe-OWXEXe-k8QpJ .VfPpkd-J1Ukfc-LhBDec{border-radius:2px}.VfPpkd-LgbsSe-OWXEXe-k8QpJ .VfPpkd-J1Ukfc-LhBDec::after{border-radius:4px}.VfPpkd-LgbsSe-OWXEXe-MV7yeb{font-family:Roboto,sans-serif;font-size:.875rem;letter-spacing:.0892857143em;font-weight:500;text-transform:uppercase;height:36px;border-radius:4px;box-shadow:0 3px 1px -2px rgba(0,0,0,.2),0 2px 2px 0 rgba(0,0,0,.14),0 1px 5px 0 rgba(0,0,0,.12)}.VfPpkd-LgbsSe-OWXEXe-MV7yeb:not(:disabled){background-color:#6200ee}.VfPpkd-LgbsSe-OWXEXe-MV7yeb:disabled{background-color:rgba(0,0,0,.12)}.VfPpkd-LgbsSe-OWXEXe-MV7yeb:not(:disabled){color:#fff}.VfPpkd-LgbsSe-OWXEXe-MV7yeb:disabled{color:rgba(0,0,0,.38)}.VfPpkd-LgbsSe-OWXEXe-MV7yeb .VfPpkd-kBDsod{font-size:1.125rem;width:1.125rem;height:1.125rem}.VfPpkd-LgbsSe-OWXEXe-MV7yeb .VfPpkd-Jh9lGc::before{background-color:#fff}.VfPpkd-LgbsSe-OWXEXe-MV7yeb .VfPpkd-Jh9lGc::after{background-color:#fff}.VfPpkd-LgbsSe-OWXEXe-MV7yeb:hover .VfPpkd-Jh9lGc::before,.VfPpkd-LgbsSe-OWXEXe-MV7yeb.VfPpkd-ksKsZd-XxIAqe-OWXEXe-ZmdkE .VfPpkd-Jh9lGc::before{opacity:.08}.VfPpkd-LgbsSe-OWXEXe-MV7yeb.VfPpkd-ksKsZd-mWPk3d-OWXEXe-AHe6Kc-XpnDCe .VfPpkd-Jh9lGc::before,.VfPpkd-LgbsSe-OWXEXe-MV7yeb:not(.VfPpkd-ksKsZd-mWPk3d):focus .VfPpkd-Jh9lGc::before{transition-duration:75ms;opacity:.24}.VfPpkd-LgbsSe-OWXEXe-MV7yeb:not(.VfPpkd-ksKsZd-mWPk3d) .VfPpkd-Jh9lGc::after{transition:opacity .15s linear}.VfPpkd-LgbsSe-OWXEXe-MV7yeb:not(.VfPpkd-ksKsZd-mWPk3d):active .VfPpkd-Jh9lGc::after{transition-duration:75ms;opacity:.24}.VfPpkd-LgbsSe-OWXEXe-MV7yeb.VfPpkd-ksKsZd-mWPk3d{--mdc-ripple-fg-opacity:var(--mdc-protected-button-pressed-state-layer-opacity,0.24)}.VfPpkd-LgbsSe-OWXEXe-MV7yeb .VfPpkd-Jh9lGc{border-radius:4px}.VfPpkd-LgbsSe-OWXEXe-MV7yeb .VfPpkd-J1Ukfc-LhBDec{border-radius:2px}.VfPpkd-LgbsSe-OWXEXe-MV7yeb .VfPpkd-J1Ukfc-LhBDec::after{border-radius:4px}.VfPpkd-LgbsSe-OWXEXe-MV7yeb.VfPpkd-ksKsZd-mWPk3d-OWXEXe-AHe6Kc-XpnDCe,.VfPpkd-LgbsSe-OWXEXe-MV7yeb:not(.VfPpkd-ksKsZd-mWPk3d):focus{box-shadow:0 2px 4px -1px rgba(0,0,0,.2),0 4px 5px 0 rgba(0,0,0,.14),0 1px 10px 0 rgba(0,0,0,.12)}.VfPpkd-LgbsSe-OWXEXe-MV7yeb:hover{box-shadow:0 2px 4px -1px rgba(0,0,0,.2),0 4px 5px 0 rgba(0,0,0,.14),0 1px 10px 0 rgba(0,0,0,.12)}.VfPpkd-LgbsSe-OWXEXe-MV7yeb:not(:disabled):active{box-shadow:0 5px 5px -3px rgba(0,0,0,.2),0 8px 10px 1px rgba(0,0,0,.14),0 3px 14px 2px rgba(0,0,0,.12)}.VfPpkd-LgbsSe-OWXEXe-MV7yeb:disabled{box-shadow:0 0 0 0 rgba(0,0,0,.2),0 0 0 0 rgba(0,0,0,.14),0 0 0 0 rgba(0,0,0,.12)}.VfPpkd-LgbsSe-OWXEXe-INsAgc{font-family:Roboto,sans-serif;font-size:.875rem;letter-spacing:.0892857143em;font-weight:500;text-transform:uppercase;height:36px;border-radius:4px;padding:0 15px 0 15px;border-width:1px}.VfPpkd-LgbsSe-OWXEXe-INsAgc:not(:disabled){color:#6200ee}.VfPpkd-LgbsSe-OWXEXe-INsAgc:disabled{color:rgba(0,0,0,.38)}.VfPpkd-LgbsSe-OWXEXe-INsAgc .VfPpkd-kBDsod{font-size:1.125rem;width:1.125rem;height:1.125rem}.VfPpkd-LgbsSe-OWXEXe-INsAgc .VfPpkd-Jh9lGc::before{background-color:#6200ee}.VfPpkd-LgbsSe-OWXEXe-INsAgc .VfPpkd-Jh9lGc::after{background-color:#6200ee}.VfPpkd-LgbsSe-OWXEXe-INsAgc:hover .VfPpkd-Jh9lGc::before,.VfPpkd-LgbsSe-OWXEXe-INsAgc.VfPpkd-ksKsZd-XxIAqe-OWXEXe-ZmdkE .VfPpkd-Jh9lGc::before{opacity:.04}.VfPpkd-LgbsSe-OWXEXe-INsAgc.VfPpkd-ksKsZd-mWPk3d-OWXEXe-AHe6Kc-XpnDCe .VfPpkd-Jh9lGc::before,.VfPpkd-LgbsSe-OWXEXe-INsAgc:not(.VfPpkd-ksKsZd-mWPk3d):focus .VfPpkd-Jh9lGc::before{transition-duration:75ms;opacity:.12}.VfPpkd-LgbsSe-OWXEXe-INsAgc:not(.VfPpkd-ksKsZd-mWPk3d) .VfPpkd-Jh9lGc::after{transition:opacity .15s linear}.VfPpkd-LgbsSe-OWXEXe-INsAgc:not(.VfPpkd-ksKsZd-mWPk3d):active .VfPpkd-Jh9lGc::after{transition-duration:75ms;opacity:.12}.VfPpkd-LgbsSe-OWXEXe-INsAgc.VfPpkd-ksKsZd-mWPk3d{--mdc-ripple-fg-opacity:var(--mdc-outlined-button-pressed-state-layer-opacity,0.12)}.VfPpkd-LgbsSe-OWXEXe-INsAgc .VfPpkd-Jh9lGc{border-radius:4px}.VfPpkd-LgbsSe-OWXEXe-INsAgc .VfPpkd-J1Ukfc-LhBDec{border-radius:2px}.VfPpkd-LgbsSe-OWXEXe-INsAgc .VfPpkd-J1Ukfc-LhBDec::after{border-radius:4px}.VfPpkd-LgbsSe-OWXEXe-INsAgc:not(:disabled){border-color:rgba(0,0,0,.12)}.VfPpkd-LgbsSe-OWXEXe-INsAgc:disabled{border-color:rgba(0,0,0,.12)}.VfPpkd-LgbsSe-OWXEXe-INsAgc.VfPpkd-LgbsSe-OWXEXe-Bz112c-UbuQg{padding:0 11px 0 15px}.VfPpkd-LgbsSe-OWXEXe-INsAgc.VfPpkd-LgbsSe-OWXEXe-Bz112c-M1Soyc{padding:0 15px 0 11px}.VfPpkd-LgbsSe-OWXEXe-INsAgc .VfPpkd-Jh9lGc{top:-1px;left:-1px;bottom:-1px;right:-1px;border-width:1px}.VfPpkd-LgbsSe-OWXEXe-INsAgc .VfPpkd-RLmnJb{left:-1px;width:calc(100% + 2px)}.nCP5yc{font-family:"Google Sans",Roboto,Arial,sans-serif;font-size:.875rem;letter-spacing:.0107142857em;font-weight:500;text-transform:none;transition:border .28s cubic-bezier(.4,0,.2,1),box-shadow .28s cubic-bezier(.4,0,.2,1);box-shadow:none}.nCP5yc .VfPpkd-Jh9lGc{height:100%;position:absolute;overflow:hidden;width:100%;z-index:0}.nCP5yc:not(:disabled){background-color:rgb(26,115,232);background-color:var(--gm-fillbutton-container-color,rgb(26,115,232))}.nCP5yc:not(:disabled){color:#fff;color:var(--gm-fillbutton-ink-color,#fff)}.nCP5yc:disabled{background-color:rgba(60,64,67,.12);background-color:var(--gm-fillbutton-disabled-container-color,rgba(60,64,67,.12))}.nCP5yc:disabled{color:rgba(60,64,67,.38);color:var(--gm-fillbutton-disabled-ink-color,rgba(60,64,67,.38))}.nCP5yc .VfPpkd-Jh9lGc::before,.nCP5yc .VfPpkd-Jh9lGc::after{background-color:rgb(32,33,36);background-color:var(--gm-fillbutton-state-color,rgb(32,33,36))}.nCP5yc:hover .VfPpkd-Jh9lGc::before,.nCP5yc.VfPpkd-ksKsZd-XxIAqe-OWXEXe-ZmdkE .VfPpkd-Jh9lGc::before{opacity:.16;opacity:var(--mdc-ripple-hover-opacity,.16)}.nCP5yc.VfPpkd-ksKsZd-mWPk3d-OWXEXe-AHe6Kc-XpnDCe .VfPpkd-Jh9lGc::before,.nCP5yc:not(.VfPpkd-ksKsZd-mWPk3d):focus .VfPpkd-Jh9lGc::before{transition-duration:75ms;opacity:.24;opacity:var(--mdc-ripple-focus-opacity,.24)}.nCP5yc:not(.VfPpkd-ksKsZd-mWPk3d) .VfPpkd-Jh9lGc::after{transition:opacity .15s linear}.nCP5yc:not(.VfPpkd-ksKsZd-mWPk3d):active .VfPpkd-Jh9lGc::after{transition-duration:75ms;opacity:.2;opacity:var(--mdc-ripple-press-opacity,.2)}.nCP5yc.VfPpkd-ksKsZd-mWPk3d{--mdc-ripple-fg-opacity:var(--mdc-ripple-press-opacity,0.2)}.nCP5yc .VfPpkd-BFbNVe-bF1uUb{opacity:0}.nCP5yc .VfPpkd-UdE5de-uDEFge .VfPpkd-JGcpL-uI4vCe-LkdAo,.nCP5yc .VfPpkd-UdE5de-uDEFge .VfPpkd-JGcpL-IdXvz-LkdAo-Bd00G{stroke:#fff}@media (-ms-high-contrast:active),screen and (forced-colors:active){.nCP5yc .VfPpkd-UdE5de-uDEFge .VfPpkd-JGcpL-uI4vCe-LkdAo,.nCP5yc .VfPpkd-UdE5de-uDEFge .VfPpkd-JGcpL-IdXvz-LkdAo-Bd00G{stroke:CanvasText}}.nCP5yc:hover{box-shadow:0 1px 2px 0 rgba(60,64,67,.3),0 1px 3px 1px rgba(60,64,67,.15);box-shadow:0 1px 2px 0 var(--gm-fillbutton-keyshadow-color,rgba(60,64,67,.3)),0 1px 3px 1px var(--gm-fillbutton-ambientshadow-color,rgba(60,64,67,.15))}.nCP5yc:hover .VfPpkd-BFbNVe-bF1uUb{opacity:0}.nCP5yc:active{box-shadow:0 1px 2px 0 rgba(60,64,67,.3),0 2px 6px 2px rgba(60,64,67,.15);box-shadow:0 1px 2px 0 var(--gm-fillbutton-keyshadow-color,rgba(60,64,67,.3)),0 2px 6px 2px var(--gm-fillbutton-ambientshadow-color,rgba(60,64,67,.15))}.nCP5yc:active .VfPpkd-BFbNVe-bF1uUb{opacity:0}.nCP5yc:disabled{box-shadow:none}.nCP5yc:disabled:hover .VfPpkd-Jh9lGc::before,.nCP5yc:disabled.VfPpkd-ksKsZd-XxIAqe-OWXEXe-ZmdkE .VfPpkd-Jh9lGc::before{opacity:0;opacity:var(--mdc-ripple-hover-opacity,0)}.nCP5yc:disabled.VfPpkd-ksKsZd-mWPk3d-OWXEXe-AHe6Kc-XpnDCe .VfPpkd-Jh9lGc::before,.nCP5yc:disabled:not(.VfPpkd-ksKsZd-mWPk3d):focus .VfPpkd-Jh9lGc::before{transition-duration:75ms;opacity:0;opacity:var(--mdc-ripple-focus-opacity,0)}.nCP5yc:disabled:not(.VfPpkd-ksKsZd-mWPk3d) .VfPpkd-Jh9lGc::after{transition:opacity .15s linear}.nCP5yc:disabled:not(.VfPpkd-ksKsZd-mWPk3d):active .VfPpkd-Jh9lGc::after{transition-duration:75ms;opacity:0;opacity:var(--mdc-ripple-press-opacity,0)}.nCP5yc:disabled.VfPpkd-ksKsZd-mWPk3d{--mdc-ripple-fg-opacity:var(--mdc-ripple-press-opacity,0)}.nCP5yc:disabled .VfPpkd-BFbNVe-bF1uUb{opacity:0}.Rj2Mlf{font-family:"Google Sans",Roboto,Arial,sans-serif;font-size:.875rem;letter-spacing:.0107142857em;font-weight:500;text-transform:none;transition:border .28s cubic-bezier(.4,0,.2,1),box-shadow .28s cubic-bezier(.4,0,.2,1);box-shadow:none}.Rj2Mlf .VfPpkd-Jh9lGc{height:100%;position:absolute;overflow:hidden;width:100%;z-index:0}.Rj2Mlf:not(:disabled){color:rgb(26,115,232);color:var(--gm-hairlinebutton-ink-color,rgb(26,115,232))}.Rj2Mlf:not(:disabled){border-color:rgb(218,220,224);border-color:var(--gm-hairlinebutton-outline-color,rgb(218,220,224))}.Rj2Mlf:not(:disabled):hover{border-color:rgb(218,220,224);border-color:var(--gm-hairlinebutton-outline-color,rgb(218,220,224))}.Rj2Mlf:not(:disabled).VfPpkd-ksKsZd-mWPk3d-OWXEXe-AHe6Kc-XpnDCe,.Rj2Mlf:not(:disabled):not(.VfPpkd-ksKsZd-mWPk3d):focus{border-color:rgb(23,78,166);border-color:var(--gm-hairlinebutton-outline-color--stateful,rgb(23,78,166))}.Rj2Mlf:not(:disabled):active,.Rj2Mlf:not(:disabled):focus:active{border-color:rgb(218,220,224);border-color:var(--gm-hairlinebutton-outline-color,rgb(218,220,224))}.Rj2Mlf:disabled{color:rgba(60,64,67,.38);color:var(--gm-hairlinebutton-disabled-ink-color,rgba(60,64,67,.38))}.Rj2Mlf:disabled{border-color:rgba(60,64,67,.12);border-color:var(--gm-hairlinebutton-disabled-outline-color,rgba(60,64,67,.12))}.Rj2Mlf:hover:not(:disabled),.Rj2Mlf.VfPpkd-ksKsZd-mWPk3d-OWXEXe-AHe6Kc-XpnDCe:not(:disabled),.Rj2Mlf:not(.VfPpkd-ksKsZd-mWPk3d):focus:not(:disabled),.Rj2Mlf:active:not(:disabled){color:rgb(23,78,166);color:var(--gm-hairlinebutton-ink-color--stateful,rgb(23,78,166))}.Rj2Mlf .VfPpkd-BFbNVe-bF1uUb{opacity:0}.Rj2Mlf .VfPpkd-UdE5de-uDEFge .VfPpkd-JGcpL-uI4vCe-LkdAo,.Rj2Mlf .VfPpkd-UdE5de-uDEFge .VfPpkd-JGcpL-IdXvz-LkdAo-Bd00G{stroke:rgb(26,115,232)}@media (-ms-high-contrast:active),screen and (forced-colors:active){.Rj2Mlf .VfPpkd-UdE5de-uDEFge .VfPpkd-JGcpL-uI4vCe-LkdAo,.Rj2Mlf .VfPpkd-UdE5de-uDEFge .VfPpkd-JGcpL-IdXvz-LkdAo-Bd00G{stroke:CanvasText}}.Rj2Mlf .VfPpkd-Jh9lGc::before,.Rj2Mlf .VfPpkd-Jh9lGc::after{background-color:rgb(26,115,232);background-color:var(--gm-hairlinebutton-state-color,rgb(26,115,232))}.Rj2Mlf:hover .VfPpkd-Jh9lGc::before,.Rj2Mlf.VfPpkd-ksKsZd-XxIAqe-OWXEXe-ZmdkE .VfPpkd-Jh9lGc::before{opacity:.04;opacity:var(--mdc-ripple-hover-opacity,.04)}.Rj2Mlf.VfPpkd-ksKsZd-mWPk3d-OWXEXe-AHe6Kc-XpnDCe .VfPpkd-Jh9lGc::before,.Rj2Mlf:not(.VfPpkd-ksKsZd-mWPk3d):focus .VfPpkd-Jh9lGc::before{transition-duration:75ms;opacity:.12;opacity:var(--mdc-ripple-focus-opacity,.12)}.Rj2Mlf:not(.VfPpkd-ksKsZd-mWPk3d) .VfPpkd-Jh9lGc::after{transition:opacity .15s linear}.Rj2Mlf:not(.VfPpkd-ksKsZd-mWPk3d):active .VfPpkd-Jh9lGc::after{transition-duration:75ms;opacity:.12;opacity:var(--mdc-ripple-press-opacity,.12)}.Rj2Mlf.VfPpkd-ksKsZd-mWPk3d{--mdc-ripple-fg-opacity:var(--mdc-ripple-press-opacity,0.12)}.Rj2Mlf:disabled:hover .VfPpkd-Jh9lGc::before,.Rj2Mlf:disabled.VfPpkd-ksKsZd-XxIAqe-OWXEXe-ZmdkE .VfPpkd-Jh9lGc::before{opacity:0;opacity:var(--mdc-ripple-hover-opacity,0)}.Rj2Mlf:disabled.VfPpkd-ksKsZd-mWPk3d-OWXEXe-AHe6Kc-XpnDCe .VfPpkd-Jh9lGc::before,.Rj2Mlf:disabled:not(.VfPpkd-ksKsZd-mWPk3d):focus .VfPpkd-Jh9lGc::before{transition-duration:75ms;opacity:0;opacity:var(--mdc-ripple-focus-opacity,0)}.Rj2Mlf:disabled:not(.VfPpkd-ksKsZd-mWPk3d) .VfPpkd-Jh9lGc::after{transition:opacity .15s linear}.Rj2Mlf:disabled:not(.VfPpkd-ksKsZd-mWPk3d):active .VfPpkd-Jh9lGc::after{transition-duration:75ms;opacity:0;opacity:var(--mdc-ripple-press-opacity,0)}.Rj2Mlf:disabled.VfPpkd-ksKsZd-mWPk3d{--mdc-ripple-fg-opacity:var(--mdc-ripple-press-opacity,0)}.b9hyVd{font-family:"Google Sans",Roboto,Arial,sans-serif;font-size:.875rem;letter-spacing:.0107142857em;font-weight:500;text-transform:none;transition:border .28s cubic-bezier(.4,0,.2,1),box-shadow .28s cubic-bezier(.4,0,.2,1);border-width:0;box-shadow:0 1px 2px 0 rgba(60,64,67,.3),0 1px 3px 1px rgba(60,64,67,.15);box-shadow:0 1px 2px 0 var(--gm-protectedbutton-keyshadow-color,rgba(60,64,67,.3)),0 1px 3px 1px var(--gm-protectedbutton-ambientshadow-color,rgba(60,64,67,.15))}.b9hyVd .VfPpkd-Jh9lGc{height:100%;position:absolute;overflow:hidden;width:100%;z-index:0}.b9hyVd:not(:disabled){background-color:#fff;background-color:var(--gm-protectedbutton-container-color,#fff)}.b9hyVd:not(:disabled){color:rgb(26,115,232);color:var(--gm-protectedbutton-ink-color,rgb(26,115,232))}.b9hyVd:disabled{background-color:rgba(60,64,67,.12);background-color:var(--gm-protectedbutton-disabled-container-color,rgba(60,64,67,.12))}.b9hyVd:disabled{color:rgba(60,64,67,.38);color:var(--gm-protectedbutton-disabled-ink-color,rgba(60,64,67,.38))}.b9hyVd:hover:not(:disabled),.b9hyVd.VfPpkd-ksKsZd-mWPk3d-OWXEXe-AHe6Kc-XpnDCe:not(:disabled),.b9hyVd:not(.VfPpkd-ksKsZd-mWPk3d):focus:not(:disabled),.b9hyVd:active:not(:disabled){color:rgb(23,78,166);color:var(--gm-protectedbutton-ink-color--stateful,rgb(23,78,166))}.b9hyVd .VfPpkd-BFbNVe-bF1uUb{opacity:0}.b9hyVd .VfPpkd-UdE5de-uDEFge .VfPpkd-JGcpL-uI4vCe-LkdAo,.b9hyVd .VfPpkd-UdE5de-uDEFge .VfPpkd-JGcpL-IdXvz-LkdAo-Bd00G{stroke:rgb(26,115,232)}@media (-ms-high-contrast:active),screen and (forced-colors:active){.b9hyVd .VfPpkd-UdE5de-uDEFge .VfPpkd-JGcpL-uI4vCe-LkdAo,.b9hyVd .VfPpkd-UdE5de-uDEFge .VfPpkd-JGcpL-IdXvz-LkdAo-Bd00G{stroke:CanvasText}}.b9hyVd.VfPpkd-ksKsZd-mWPk3d-OWXEXe-AHe6Kc-XpnDCe,.b9hyVd:not(.VfPpkd-ksKsZd-mWPk3d):focus{border-width:0;box-shadow:0 1px 2px 0 rgba(60,64,67,.3),0 1px 3px 1px rgba(60,64,67,.15);box-shadow:0 1px 2px 0 var(--gm-protectedbutton-keyshadow-color,rgba(60,64,67,.3)),0 1px 3px 1px var(--gm-protectedbutton-ambientshadow-color,rgba(60,64,67,.15))}.b9hyVd.VfPpkd-ksKsZd-mWPk3d-OWXEXe-AHe6Kc-XpnDCe .VfPpkd-BFbNVe-bF1uUb,.b9hyVd:not(.VfPpkd-ksKsZd-mWPk3d):focus .VfPpkd-BFbNVe-bF1uUb{opacity:0}.b9hyVd:hover{border-width:0;box-shadow:0 1px 2px 0 rgba(60,64,67,.3),0 2px 6px 2px rgba(60,64,67,.15);box-shadow:0 1px 2px 0 var(--gm-protectedbutton-keyshadow-color,rgba(60,64,67,.3)),0 2px 6px 2px var(--gm-protectedbutton-ambientshadow-color,rgba(60,64,67,.15))}.b9hyVd:hover .VfPpkd-BFbNVe-bF1uUb{opacity:0}.b9hyVd:not(:disabled):active{border-width:0;box-shadow:0 1px 3px 0 rgba(60,64,67,.3),0 4px 8px 3px rgba(60,64,67,.15);box-shadow:0 1px 3px 0 var(--gm-protectedbutton-keyshadow-color,rgba(60,64,67,.3)),0 4px 8px 3px var(--gm-protectedbutton-ambientshadow-color,rgba(60,64,67,.15))}.b9hyVd:not(:disabled):active .VfPpkd-BFbNVe-bF1uUb{opacity:0}.b9hyVd .VfPpkd-Jh9lGc::before,.b9hyVd .VfPpkd-Jh9lGc::after{background-color:rgb(26,115,232);background-color:var(--gm-protectedbutton-state-color,rgb(26,115,232))}.b9hyVd:hover .VfPpkd-Jh9lGc::before,.b9hyVd.VfPpkd-ksKsZd-XxIAqe-OWXEXe-ZmdkE .VfPpkd-Jh9lGc::before{opacity:.04;opacity:var(--mdc-ripple-hover-opacity,.04)}.b9hyVd.VfPpkd-ksKsZd-mWPk3d-OWXEXe-AHe6Kc-XpnDCe .VfPpkd-Jh9lGc::before,.b9hyVd:not(.VfPpkd-ksKsZd-mWPk3d):focus .VfPpkd-Jh9lGc::before{transition-duration:75ms;opacity:.12;opacity:var(--mdc-ripple-focus-opacity,.12)}.b9hyVd:not(.VfPpkd-ksKsZd-mWPk3d) .VfPpkd-Jh9lGc::after{transition:opacity .15s linear}.b9hyVd:not(.VfPpkd-ksKsZd-mWPk3d):active .VfPpkd-Jh9lGc::after{transition-duration:75ms;opacity:.12;opacity:var(--mdc-ripple-press-opacity,.12)}.b9hyVd.VfPpkd-ksKsZd-mWPk3d{--mdc-ripple-fg-opacity:var(--mdc-ripple-press-opacity,0.12)}.b9hyVd:disabled{box-shadow:none}.b9hyVd:disabled .VfPpkd-BFbNVe-bF1uUb{opacity:0}.b9hyVd:disabled:hover .VfPpkd-Jh9lGc::before,.b9hyVd:disabled.VfPpkd-ksKsZd-XxIAqe-OWXEXe-ZmdkE .VfPpkd-Jh9lGc::before{opacity:0;opacity:var(--mdc-ripple-hover-opacity,0)}.b9hyVd:disabled.VfPpkd-ksKsZd-mWPk3d-OWXEXe-AHe6Kc-XpnDCe .VfPpkd-Jh9lGc::before,.b9hyVd:disabled:not(.VfPpkd-ksKsZd-mWPk3d):focus .VfPpkd-Jh9lGc::before{transition-duration:75ms;opacity:0;opacity:var(--mdc-ripple-focus-opacity,0)}.b9hyVd:disabled:not(.VfPpkd-ksKsZd-mWPk3d) .VfPpkd-Jh9lGc::after{transition:opacity .15s linear}.b9hyVd:disabled:not(.VfPpkd-ksKsZd-mWPk3d):active .VfPpkd-Jh9lGc::after{transition-duration:75ms;opacity:0;opacity:var(--mdc-ripple-press-opacity,0)}.b9hyVd:disabled.VfPpkd-ksKsZd-mWPk3d{--mdc-ripple-fg-opacity:var(--mdc-ripple-press-opacity,0)}.Kjnxrf{font-family:"Google Sans",Roboto,Arial,sans-serif;font-size:.875rem;letter-spacing:.0107142857em;font-weight:500;text-transform:none;transition:border .28s cubic-bezier(.4,0,.2,1),box-shadow .28s cubic-bezier(.4,0,.2,1);box-shadow:none}.Kjnxrf .VfPpkd-Jh9lGc{height:100%;position:absolute;overflow:hidden;width:100%;z-index:0}.Kjnxrf:not(:disabled){background-color:rgb(232,240,254)}.Kjnxrf:not(:disabled){color:rgb(25,103,210)}.Kjnxrf:disabled{background-color:rgba(60,64,67,.12)}.Kjnxrf:disabled{color:rgba(60,64,67,.38)}.Kjnxrf:hover:not(:disabled),.Kjnxrf.VfPpkd-ksKsZd-mWPk3d-OWXEXe-AHe6Kc-XpnDCe:not(:disabled),.Kjnxrf:not(.VfPpkd-ksKsZd-mWPk3d):focus:not(:disabled),.Kjnxrf:active:not(:disabled){color:rgb(23,78,166)}.Kjnxrf .VfPpkd-Jh9lGc::before,.Kjnxrf .VfPpkd-Jh9lGc::after{background-color:rgb(25,103,210);background-color:var(--mdc-ripple-color,rgb(25,103,210))}.Kjnxrf:hover .VfPpkd-Jh9lGc::before,.Kjnxrf.VfPpkd-ksKsZd-XxIAqe-OWXEXe-ZmdkE .VfPpkd-Jh9lGc::before{opacity:.04;opacity:var(--mdc-ripple-hover-opacity,.04)}.Kjnxrf.VfPpkd-ksKsZd-mWPk3d-OWXEXe-AHe6Kc-XpnDCe .VfPpkd-Jh9lGc::before,.Kjnxrf:not(.VfPpkd-ksKsZd-mWPk3d):focus .VfPpkd-Jh9lGc::before{transition-duration:75ms;opacity:.12;opacity:var(--mdc-ripple-focus-opacity,.12)}.Kjnxrf:not(.VfPpkd-ksKsZd-mWPk3d) .VfPpkd-Jh9lGc::after{transition:opacity .15s linear}.Kjnxrf:not(.VfPpkd-ksKsZd-mWPk3d):active .VfPpkd-Jh9lGc::after{transition-duration:75ms;opacity:.1;opacity:var(--mdc-ripple-press-opacity,.1)}.Kjnxrf.VfPpkd-ksKsZd-mWPk3d{--mdc-ripple-fg-opacity:var(--mdc-ripple-press-opacity,0.1)}.Kjnxrf .VfPpkd-BFbNVe-bF1uUb{opacity:0}.Kjnxrf .VfPpkd-UdE5de-uDEFge .VfPpkd-JGcpL-uI4vCe-LkdAo,.Kjnxrf .VfPpkd-UdE5de-uDEFge .VfPpkd-JGcpL-IdXvz-LkdAo-Bd00G{stroke:rgb(25,103,210)}@media (-ms-high-contrast:active),screen and (forced-colors:active){.Kjnxrf .VfPpkd-UdE5de-uDEFge .VfPpkd-JGcpL-uI4vCe-LkdAo,.Kjnxrf .VfPpkd-UdE5de-uDEFge .VfPpkd-JGcpL-IdXvz-LkdAo-Bd00G{stroke:CanvasText}}.Kjnxrf:hover{box-shadow:0 1px 2px 0 rgba(60,64,67,.3),0 1px 3px 1px rgba(60,64,67,.15)}.Kjnxrf:hover .VfPpkd-BFbNVe-bF1uUb{opacity:0}.Kjnxrf:not(:disabled):active{box-shadow:0 1px 2px 0 rgba(60,64,67,.3),0 2px 6px 2px rgba(60,64,67,.15)}.Kjnxrf:not(:disabled):active .VfPpkd-BFbNVe-bF1uUb{opacity:0}.Kjnxrf:disabled{box-shadow:none}.Kjnxrf:disabled .VfPpkd-BFbNVe-bF1uUb{opacity:0}.Kjnxrf:disabled:hover .VfPpkd-Jh9lGc::before,.Kjnxrf:disabled.VfPpkd-ksKsZd-XxIAqe-OWXEXe-ZmdkE .VfPpkd-Jh9lGc::before{opacity:0;opacity:var(--mdc-ripple-hover-opacity,0)}.Kjnxrf:disabled.VfPpkd-ksKsZd-mWPk3d-OWXEXe-AHe6Kc-XpnDCe .VfPpkd-Jh9lGc::before,.Kjnxrf:disabled:not(.VfPpkd-ksKsZd-mWPk3d):focus .VfPpkd-Jh9lGc::before{transition-duration:75ms;opacity:0;opacity:var(--mdc-ripple-focus-opacity,0)}.Kjnxrf:disabled:not(.VfPpkd-ksKsZd-mWPk3d) .VfPpkd-Jh9lGc::after{transition:opacity .15s linear}.Kjnxrf:disabled:not(.VfPpkd-ksKsZd-mWPk3d):active .VfPpkd-Jh9lGc::after{transition-duration:75ms;opacity:0;opacity:var(--mdc-ripple-press-opacity,0)}.Kjnxrf:disabled.VfPpkd-ksKsZd-mWPk3d{--mdc-ripple-fg-opacity:var(--mdc-ripple-press-opacity,0)}.ksBjEc{font-family:"Google Sans",Roboto,Arial,sans-serif;font-size:.875rem;letter-spacing:.0107142857em;font-weight:500;text-transform:none}.ksBjEc .VfPpkd-Jh9lGc{height:100%;position:absolute;overflow:hidden;width:100%;z-index:0}.ksBjEc:not(:disabled){background-color:transparent}.ksBjEc:not(:disabled){color:rgb(26,115,232);color:var(--gm-colortextbutton-ink-color,rgb(26,115,232))}.ksBjEc:disabled{color:rgba(60,64,67,.38);color:var(--gm-colortextbutton-disabled-ink-color,rgba(60,64,67,.38))}.ksBjEc .VfPpkd-UdE5de-uDEFge .VfPpkd-JGcpL-uI4vCe-LkdAo,.ksBjEc .VfPpkd-UdE5de-uDEFge .VfPpkd-JGcpL-IdXvz-LkdAo-Bd00G{stroke:rgb(26,115,232)}@media (-ms-high-contrast:active),screen and (forced-colors:active){.ksBjEc .VfPpkd-UdE5de-uDEFge .VfPpkd-JGcpL-uI4vCe-LkdAo,.ksBjEc .VfPpkd-UdE5de-uDEFge .VfPpkd-JGcpL-IdXvz-LkdAo-Bd00G{stroke:CanvasText}}.ksBjEc:hover:not(:disabled),.ksBjEc.VfPpkd-ksKsZd-mWPk3d-OWXEXe-AHe6Kc-XpnDCe:not(:disabled),.ksBjEc:not(.VfPpkd-ksKsZd-mWPk3d):focus:not(:disabled),.ksBjEc:active:not(:disabled){color:rgb(23,78,166);color:var(--gm-colortextbutton-ink-color--stateful,rgb(23,78,166))}.ksBjEc .VfPpkd-Jh9lGc::before,.ksBjEc .VfPpkd-Jh9lGc::after{background-color:rgb(26,115,232);background-color:var(--gm-colortextbutton-state-color,rgb(26,115,232))}.ksBjEc:hover .VfPpkd-Jh9lGc::before,.ksBjEc.VfPpkd-ksKsZd-XxIAqe-OWXEXe-ZmdkE .VfPpkd-Jh9lGc::before{opacity:.04;opacity:var(--mdc-ripple-hover-opacity,.04)}.ksBjEc.VfPpkd-ksKsZd-mWPk3d-OWXEXe-AHe6Kc-XpnDCe .VfPpkd-Jh9lGc::before,.ksBjEc:not(.VfPpkd-ksKsZd-mWPk3d):focus .VfPpkd-Jh9lGc::before{transition-duration:75ms;opacity:.12;opacity:var(--mdc-ripple-focus-opacity,.12)}.ksBjEc:not(.VfPpkd-ksKsZd-mWPk3d) .VfPpkd-Jh9lGc::after{transition:opacity .15s linear}.ksBjEc:not(.VfPpkd-ksKsZd-mWPk3d):active .VfPpkd-Jh9lGc::after{transition-duration:75ms;opacity:.12;opacity:var(--mdc-ripple-press-opacity,.12)}.ksBjEc.VfPpkd-ksKsZd-mWPk3d{--mdc-ripple-fg-opacity:var(--mdc-ripple-press-opacity,0.12)}.ksBjEc:disabled:hover .VfPpkd-Jh9lGc::before,.ksBjEc:disabled.VfPpkd-ksKsZd-XxIAqe-OWXEXe-ZmdkE .VfPpkd-Jh9lGc::before{opacity:0;opacity:var(--mdc-ripple-hover-opacity,0)}.ksBjEc:disabled.VfPpkd-ksKsZd-mWPk3d-OWXEXe-AHe6Kc-XpnDCe .VfPpkd-Jh9lGc::before,.ksBjEc:disabled:not(.VfPpkd-ksKsZd-mWPk3d):focus .VfPpkd-Jh9lGc::before{transition-duration:75ms;opacity:0;opacity:var(--mdc-ripple-focus-opacity,0)}.ksBjEc:disabled:not(.VfPpkd-ksKsZd-mWPk3d) .VfPpkd-Jh9lGc::after{transition:opacity .15s linear}.ksBjEc:disabled:not(.VfPpkd-ksKsZd-mWPk3d):active .VfPpkd-Jh9lGc::after{transition-duration:75ms;opacity:0;opacity:var(--mdc-ripple-press-opacity,0)}.ksBjEc:disabled.VfPpkd-ksKsZd-mWPk3d{--mdc-ripple-fg-opacity:var(--mdc-ripple-press-opacity,0)}.LjDxcd{font-family:"Google Sans",Roboto,Arial,sans-serif;font-size:.875rem;letter-spacing:.0107142857em;font-weight:500;text-transform:none}.LjDxcd .VfPpkd-Jh9lGc{height:100%;position:absolute;overflow:hidden;width:100%;z-index:0}.LjDxcd:not(:disabled){color:rgb(95,99,104);color:var(--gm-neutraltextbutton-ink-color,rgb(95,99,104))}.LjDxcd:disabled{color:rgba(60,64,67,.38);color:var(--gm-neutraltextbutton-disabled-ink-color,rgba(60,64,67,.38))}.LjDxcd:hover:not(:disabled),.LjDxcd.VfPpkd-ksKsZd-mWPk3d-OWXEXe-AHe6Kc-XpnDCe:not(:disabled),.LjDxcd:not(.VfPpkd-ksKsZd-mWPk3d):focus:not(:disabled),.LjDxcd:active:not(:disabled){color:rgb(32,33,36);color:var(--gm-neutraltextbutton-ink-color--stateful,rgb(32,33,36))}.LjDxcd .VfPpkd-UdE5de-uDEFge .VfPpkd-JGcpL-uI4vCe-LkdAo,.LjDxcd .VfPpkd-UdE5de-uDEFge .VfPpkd-JGcpL-IdXvz-LkdAo-Bd00G{stroke:rgb(95,99,104)}@media (-ms-high-contrast:active),screen and (forced-colors:active){.LjDxcd .VfPpkd-UdE5de-uDEFge .VfPpkd-JGcpL-uI4vCe-LkdAo,.LjDxcd .VfPpkd-UdE5de-uDEFge .VfPpkd-JGcpL-IdXvz-LkdAo-Bd00G{stroke:CanvasText}}.LjDxcd .VfPpkd-Jh9lGc::before,.LjDxcd .VfPpkd-Jh9lGc::after{background-color:rgb(95,99,104);background-color:var(--gm-neutraltextbutton-state-color,rgb(95,99,104))}.LjDxcd:hover .VfPpkd-Jh9lGc::before,.LjDxcd.VfPpkd-ksKsZd-XxIAqe-OWXEXe-ZmdkE .VfPpkd-Jh9lGc::before{opacity:.04;opacity:var(--mdc-ripple-hover-opacity,.04)}.LjDxcd.VfPpkd-ksKsZd-mWPk3d-OWXEXe-AHe6Kc-XpnDCe .VfPpkd-Jh9lGc::before,.LjDxcd:not(.VfPpkd-ksKsZd-mWPk3d):focus .VfPpkd-Jh9lGc::before{transition-duration:75ms;opacity:.12;opacity:var(--mdc-ripple-focus-opacity,.12)}.LjDxcd:not(.VfPpkd-ksKsZd-mWPk3d) .VfPpkd-Jh9lGc::after{transition:opacity .15s linear}.LjDxcd:not(.VfPpkd-ksKsZd-mWPk3d):active .VfPpkd-Jh9lGc::after{transition-duration:75ms;opacity:.12;opacity:var(--mdc-ripple-press-opacity,.12)}.LjDxcd.VfPpkd-ksKsZd-mWPk3d{--mdc-ripple-fg-opacity:var(--mdc-ripple-press-opacity,0.12)}.LjDxcd:disabled:hover .VfPpkd-Jh9lGc::before,.LjDxcd:disabled.VfPpkd-ksKsZd-XxIAqe-OWXEXe-ZmdkE .VfPpkd-Jh9lGc::before{opacity:0;opacity:var(--mdc-ripple-hover-opacity,0)}.LjDxcd:disabled.VfPpkd-ksKsZd-mWPk3d-OWXEXe-AHe6Kc-XpnDCe .VfPpkd-Jh9lGc::before,.LjDxcd:disabled:not(.VfPpkd-ksKsZd-mWPk3d):focus .VfPpkd-Jh9lGc::before{transition-duration:75ms;opacity:0;opacity:var(--mdc-ripple-focus-opacity,0)}.LjDxcd:disabled:not(.VfPpkd-ksKsZd-mWPk3d) .VfPpkd-Jh9lGc::after{transition:opacity .15s linear}.LjDxcd:disabled:not(.VfPpkd-ksKsZd-mWPk3d):active .VfPpkd-Jh9lGc::after{transition-duration:75ms;opacity:0;opacity:var(--mdc-ripple-press-opacity,0)}.LjDxcd:disabled.VfPpkd-ksKsZd-mWPk3d{--mdc-ripple-fg-opacity:var(--mdc-ripple-press-opacity,0)}.DuMIQc{padding:0 24px 0 24px}.P62QJc{padding:0 23px 0 23px;border-width:1px}.P62QJc.VfPpkd-LgbsSe-OWXEXe-Bz112c-UbuQg{padding:0 11px 0 23px}.P62QJc.VfPpkd-LgbsSe-OWXEXe-Bz112c-M1Soyc{padding:0 23px 0 11px}.P62QJc .VfPpkd-Jh9lGc{top:-1px;left:-1px;bottom:-1px;right:-1px;border-width:1px}.P62QJc .VfPpkd-RLmnJb{left:-1px;width:calc(100% + 2px)}.yHy1rc{z-index:0}.yHy1rc .VfPpkd-Bz112c-Jh9lGc::before,.yHy1rc .VfPpkd-Bz112c-Jh9lGc::after{z-index:-1}.yHy1rc:disabled{color:rgba(60,64,67,.38);color:var(--gm-iconbutton-disabled-ink-color,rgba(60,64,67,.38))}.fzRBVc{z-index:0}.fzRBVc .VfPpkd-Bz112c-Jh9lGc::before,.fzRBVc .VfPpkd-Bz112c-Jh9lGc::after{z-index:-1}.fzRBVc:disabled{color:rgba(60,64,67,.38);color:var(--gm-iconbutton-disabled-ink-color,rgba(60,64,67,.38))}.WpHeLc{height:100%;left:0;position:absolute;top:0;width:100%;outline:none}[dir=rtl] .HDnnrf .VfPpkd-kBDsod,.HDnnrf .VfPpkd-kBDsod[dir=rtl]{transform:scaleX(-1)}[dir=rtl] .QDwDD,.QDwDD[dir=rtl]{transform:scaleX(-1)}.PDpWxe{will-change:unset}.LQeN7 .VfPpkd-J1Ukfc-LhBDec{pointer-events:none;border:2px solid rgb(24,90,188);border-radius:6px;box-sizing:content-box;position:absolute;top:50%;left:50%;transform:translate(-50%,-50%);height:calc(100% + 4px);width:calc(100% + 4px)}@media screen and (forced-colors:active){.LQeN7 .VfPpkd-J1Ukfc-LhBDec{border-color:CanvasText}}.LQeN7 .VfPpkd-J1Ukfc-LhBDec::after{content:"";border:2px solid rgb(232,240,254);border-radius:8px;display:block;position:absolute;top:50%;left:50%;transform:translate(-50%,-50%);height:calc(100% + 4px);width:calc(100% + 4px)}@media screen and (forced-colors:active){.LQeN7 .VfPpkd-J1Ukfc-LhBDec::after{border-color:CanvasText}}.LQeN7.gmghec .VfPpkd-J1Ukfc-LhBDec{display:inline-block}@media (-ms-high-contrast:active),(-ms-high-contrast:none){.LQeN7.gmghec .VfPpkd-J1Ukfc-LhBDec{display:none}}.mN1ivc .VfPpkd-Bz112c-J1Ukfc-LhBDec{pointer-events:none;border:2px solid rgb(24,90,188);border-radius:6px;box-sizing:content-box;position:absolute;top:50%;left:50%;transform:translate(-50%,-50%);height:100%;width:100%}@media screen and (forced-colors:active){.mN1ivc .VfPpkd-Bz112c-J1Ukfc-LhBDec{border-color:CanvasText}}.mN1ivc .VfPpkd-Bz112c-J1Ukfc-LhBDec::after{content:"";border:2px solid rgb(232,240,254);border-radius:8px;display:block;position:absolute;top:50%;left:50%;transform:translate(-50%,-50%);height:calc(100% + 4px);width:calc(100% + 4px)}@media screen and (forced-colors:active){.mN1ivc .VfPpkd-Bz112c-J1Ukfc-LhBDec::after{border-color:CanvasText}}.mN1ivc.gmghec .VfPpkd-Bz112c-J1Ukfc-LhBDec{display:inline-block}@media (-ms-high-contrast:active),(-ms-high-contrast:none){.mN1ivc.gmghec .VfPpkd-Bz112c-J1Ukfc-LhBDec{display:none}}.MyRpB .VfPpkd-kBDsod,.MyRpB .VfPpkd-vQzf8d{opacity:0}[data-tooltip-enabled=true]:disabled,.VfPpkd-Bz112c-LgbsSe[data-tooltip-enabled=true]:disabled .VfPpkd-Bz112c-Jh9lGc{pointer-events:auto}.VfPpkd-StrnGf-rymPhb{-moz-osx-font-smoothing:grayscale;-webkit-font-smoothing:antialiased;font-family:Roboto,sans-serif;font-family:var(--mdc-typography-subtitle1-font-family,var(--mdc-typography-font-family,Roboto,sans-serif));font-size:1rem;font-size:var(--mdc-typography-subtitle1-font-size,1rem);line-height:1.75rem;line-height:var(--mdc-typography-subtitle1-line-height,1.75rem);font-weight:400;font-weight:var(--mdc-typography-subtitle1-font-weight,400);letter-spacing:.009375em;letter-spacing:var(--mdc-typography-subtitle1-letter-spacing,.009375em);text-decoration:inherit;-webkit-text-decoration:var(--mdc-typography-subtitle1-text-decoration,inherit);text-decoration:var(--mdc-typography-subtitle1-text-decoration,inherit);text-transform:inherit;text-transform:var(--mdc-typography-subtitle1-text-transform,inherit);line-height:1.5rem;margin:0;padding:8px 0;list-style-type:none;color:rgba(0,0,0,.87);color:var(--mdc-theme-text-primary-on-background,rgba(0,0,0,.87))}.VfPpkd-StrnGf-rymPhb:focus{outline:none}.VfPpkd-StrnGf-rymPhb-L8ivfd-fmcmS{color:rgba(0,0,0,.54);color:var(--mdc-theme-text-secondary-on-background,rgba(0,0,0,.54))}.VfPpkd-StrnGf-rymPhb-f7MjDc{background-color:transparent}.VfPpkd-StrnGf-rymPhb-f7MjDc{color:rgba(0,0,0,.38);color:var(--mdc-theme-text-icon-on-background,rgba(0,0,0,.38))}.VfPpkd-StrnGf-rymPhb-IhFlZd{color:rgba(0,0,0,.38);color:var(--mdc-theme-text-hint-on-background,rgba(0,0,0,.38))}.VfPpkd-StrnGf-rymPhb-ibnC6b-OWXEXe-OWB6Me .VfPpkd-StrnGf-rymPhb-b9t22c{opacity:.38}.VfPpkd-StrnGf-rymPhb-ibnC6b-OWXEXe-OWB6Me .VfPpkd-StrnGf-rymPhb-b9t22c,.VfPpkd-StrnGf-rymPhb-ibnC6b-OWXEXe-OWB6Me .VfPpkd-StrnGf-rymPhb-fpDzbe-fmcmS,.VfPpkd-StrnGf-rymPhb-ibnC6b-OWXEXe-OWB6Me .VfPpkd-StrnGf-rymPhb-L8ivfd-fmcmS{color:#000;color:var(--mdc-theme-on-surface,#000)}.VfPpkd-StrnGf-rymPhb-ibnC6b-OWXEXe-gk6SMd,.VfPpkd-StrnGf-rymPhb-ibnC6b-OWXEXe-pXU01b{color:#6200ee;color:var(--mdc-theme-primary,#6200ee)}.VfPpkd-StrnGf-rymPhb-ibnC6b-OWXEXe-gk6SMd .VfPpkd-StrnGf-rymPhb-f7MjDc,.VfPpkd-StrnGf-rymPhb-ibnC6b-OWXEXe-pXU01b .VfPpkd-StrnGf-rymPhb-f7MjDc{color:#6200ee;color:var(--mdc-theme-primary,#6200ee)}.VfPpkd-StrnGf-rymPhb-OWXEXe-EzIYc{padding-top:4px;padding-bottom:4px;font-size:.812rem}.VfPpkd-StrnGf-rymPhb-Tkg0ld{display:block}.VfPpkd-StrnGf-rymPhb-Zmlebc-LhBDec{position:absolute}.VfPpkd-StrnGf-rymPhb-ibnC6b{display:flex;position:relative;align-items:center;justify-content:flex-start;overflow:hidden;padding:0;padding-left:16px;padding-right:16px;height:48px}.VfPpkd-StrnGf-rymPhb-ibnC6b:focus{outline:none}.VfPpkd-StrnGf-rymPhb-ibnC6b:not(.VfPpkd-StrnGf-rymPhb-ibnC6b-OWXEXe-gk6SMd):focus::before,.VfPpkd-StrnGf-rymPhb-ibnC6b.VfPpkd-ksKsZd-mWPk3d-OWXEXe-AHe6Kc-XpnDCe::before{position:absolute;box-sizing:border-box;width:100%;height:100%;top:0;left:0;border:1px solid transparent;border-radius:inherit;content:"";pointer-events:none}@media screen and (forced-colors:active){.VfPpkd-StrnGf-rymPhb-ibnC6b:not(.VfPpkd-StrnGf-rymPhb-ibnC6b-OWXEXe-gk6SMd):focus::before,.VfPpkd-StrnGf-rymPhb-ibnC6b.VfPpkd-ksKsZd-mWPk3d-OWXEXe-AHe6Kc-XpnDCe::before{border-color:CanvasText}}.VfPpkd-StrnGf-rymPhb-ibnC6b.VfPpkd-StrnGf-rymPhb-ibnC6b-OWXEXe-gk6SMd::before{position:absolute;box-sizing:border-box;width:100%;height:100%;top:0;left:0;border:3px double transparent;border-radius:inherit;content:"";pointer-events:none}@media screen and (forced-colors:active){.VfPpkd-StrnGf-rymPhb-ibnC6b.VfPpkd-StrnGf-rymPhb-ibnC6b-OWXEXe-gk6SMd::before{border-color:CanvasText}}[dir=rtl] .VfPpkd-StrnGf-rymPhb-ibnC6b,.VfPpkd-StrnGf-rymPhb-ibnC6b[dir=rtl]{padding-left:16px;padding-right:16px}.VfPpkd-StrnGf-rymPhb-OWXEXe-Bz112c-rymPhb .VfPpkd-StrnGf-rymPhb-ibnC6b{padding-left:16px;padding-right:16px;height:56px}[dir=rtl] .VfPpkd-StrnGf-rymPhb-OWXEXe-Bz112c-rymPhb .VfPpkd-StrnGf-rymPhb-ibnC6b,.VfPpkd-StrnGf-rymPhb-OWXEXe-Bz112c-rymPhb .VfPpkd-StrnGf-rymPhb-ibnC6b[dir=rtl]{padding-left:16px;padding-right:16px}.VfPpkd-StrnGf-rymPhb-OWXEXe-YLEF4c-rymPhb .VfPpkd-StrnGf-rymPhb-ibnC6b{padding-left:16px;padding-right:16px;height:56px}[dir=rtl] .VfPpkd-StrnGf-rymPhb-OWXEXe-YLEF4c-rymPhb .VfPpkd-StrnGf-rymPhb-ibnC6b,.VfPpkd-StrnGf-rymPhb-OWXEXe-YLEF4c-rymPhb .VfPpkd-StrnGf-rymPhb-ibnC6b[dir=rtl]{padding-left:16px;padding-right:16px}.VfPpkd-StrnGf-rymPhb-OWXEXe-JUCs7e-rymPhb .VfPpkd-StrnGf-rymPhb-ibnC6b{padding-left:16px;padding-right:16px;height:56px}[dir=rtl] .VfPpkd-StrnGf-rymPhb-OWXEXe-JUCs7e-rymPhb .VfPpkd-StrnGf-rymPhb-ibnC6b,.VfPpkd-StrnGf-rymPhb-OWXEXe-JUCs7e-rymPhb .VfPpkd-StrnGf-rymPhb-ibnC6b[dir=rtl]{padding-left:16px;padding-right:16px}.VfPpkd-StrnGf-rymPhb-OWXEXe-HiaYvf-rymPhb .VfPpkd-StrnGf-rymPhb-ibnC6b{padding-left:16px;padding-right:16px;height:72px}[dir=rtl] .VfPpkd-StrnGf-rymPhb-OWXEXe-HiaYvf-rymPhb .VfPpkd-StrnGf-rymPhb-ibnC6b,.VfPpkd-StrnGf-rymPhb-OWXEXe-HiaYvf-rymPhb .VfPpkd-StrnGf-rymPhb-ibnC6b[dir=rtl]{padding-left:16px;padding-right:16px}.VfPpkd-StrnGf-rymPhb-OWXEXe-aTv5jf-rymPhb .VfPpkd-StrnGf-rymPhb-ibnC6b{padding-left:0;padding-right:16px;height:72px}[dir=rtl] .VfPpkd-StrnGf-rymPhb-OWXEXe-aTv5jf-rymPhb .VfPpkd-StrnGf-rymPhb-ibnC6b,.VfPpkd-StrnGf-rymPhb-OWXEXe-aTv5jf-rymPhb .VfPpkd-StrnGf-rymPhb-ibnC6b[dir=rtl]{padding-left:16px;padding-right:0}.VfPpkd-StrnGf-rymPhb-OWXEXe-EzIYc .VfPpkd-StrnGf-rymPhb-f7MjDc{margin-left:0;margin-right:16px;width:20px;height:20px}[dir=rtl] .VfPpkd-StrnGf-rymPhb-OWXEXe-EzIYc .VfPpkd-StrnGf-rymPhb-f7MjDc,.VfPpkd-StrnGf-rymPhb-OWXEXe-EzIYc .VfPpkd-StrnGf-rymPhb-f7MjDc[dir=rtl]{margin-left:16px;margin-right:0}.VfPpkd-StrnGf-rymPhb-f7MjDc{flex-shrink:0;align-items:center;justify-content:center;fill:currentColor;object-fit:cover;margin-left:0;margin-right:32px;width:24px;height:24px}[dir=rtl] .VfPpkd-StrnGf-rymPhb-f7MjDc,.VfPpkd-StrnGf-rymPhb-f7MjDc[dir=rtl]{margin-left:32px;margin-right:0}.VfPpkd-StrnGf-rymPhb-OWXEXe-Bz112c-rymPhb .VfPpkd-StrnGf-rymPhb-f7MjDc{margin-left:0;margin-right:32px;width:24px;height:24px}[dir=rtl] .VfPpkd-StrnGf-rymPhb-OWXEXe-Bz112c-rymPhb .VfPpkd-StrnGf-rymPhb-f7MjDc,.VfPpkd-StrnGf-rymPhb-OWXEXe-Bz112c-rymPhb .VfPpkd-StrnGf-rymPhb-f7MjDc[dir=rtl]{margin-left:32px;margin-right:0}.VfPpkd-StrnGf-rymPhb-OWXEXe-YLEF4c-rymPhb .VfPpkd-StrnGf-rymPhb-f7MjDc{margin-left:0;margin-right:16px;width:40px;height:40px;border-radius:50%}[dir=rtl] .VfPpkd-StrnGf-rymPhb-OWXEXe-YLEF4c-rymPhb .VfPpkd-StrnGf-rymPhb-f7MjDc,.VfPpkd-StrnGf-rymPhb-OWXEXe-YLEF4c-rymPhb .VfPpkd-StrnGf-rymPhb-f7MjDc[dir=rtl]{margin-left:16px;margin-right:0}.VfPpkd-StrnGf-rymPhb-OWXEXe-JUCs7e-rymPhb .VfPpkd-StrnGf-rymPhb-f7MjDc{margin-left:0;margin-right:16px;width:40px;height:40px}[dir=rtl] .VfPpkd-StrnGf-rymPhb-OWXEXe-JUCs7e-rymPhb .VfPpkd-StrnGf-rymPhb-f7MjDc,.VfPpkd-StrnGf-rymPhb-OWXEXe-JUCs7e-rymPhb .VfPpkd-StrnGf-rymPhb-f7MjDc[dir=rtl]{margin-left:16px;margin-right:0}.VfPpkd-StrnGf-rymPhb-OWXEXe-HiaYvf-rymPhb .VfPpkd-StrnGf-rymPhb-f7MjDc{margin-left:0;margin-right:16px;width:56px;height:56px}[dir=rtl] .VfPpkd-StrnGf-rymPhb-OWXEXe-HiaYvf-rymPhb .VfPpkd-StrnGf-rymPhb-f7MjDc,.VfPpkd-StrnGf-rymPhb-OWXEXe-HiaYvf-rymPhb .VfPpkd-StrnGf-rymPhb-f7MjDc[dir=rtl]{margin-left:16px;margin-right:0}.VfPpkd-StrnGf-rymPhb-OWXEXe-aTv5jf-rymPhb .VfPpkd-StrnGf-rymPhb-f7MjDc{margin-left:0;margin-right:16px;width:100px;height:56px}[dir=rtl] .VfPpkd-StrnGf-rymPhb-OWXEXe-aTv5jf-rymPhb .VfPpkd-StrnGf-rymPhb-f7MjDc,.VfPpkd-StrnGf-rymPhb-OWXEXe-aTv5jf-rymPhb .VfPpkd-StrnGf-rymPhb-f7MjDc[dir=rtl]{margin-left:16px;margin-right:0}.VfPpkd-StrnGf-rymPhb .VfPpkd-StrnGf-rymPhb-f7MjDc{display:inline-flex}.VfPpkd-StrnGf-rymPhb-IhFlZd{margin-left:auto;margin-right:0}.VfPpkd-StrnGf-rymPhb-IhFlZd:not(.HzV7m-fuEl3d){-moz-osx-font-smoothing:grayscale;-webkit-font-smoothing:antialiased;font-family:Roboto,sans-serif;font-family:var(--mdc-typography-caption-font-family,var(--mdc-typography-font-family,Roboto,sans-serif));font-size:.75rem;font-size:var(--mdc-typography-caption-font-size,.75rem);line-height:1.25rem;line-height:var(--mdc-typography-caption-line-height,1.25rem);font-weight:400;font-weight:var(--mdc-typography-caption-font-weight,400);letter-spacing:.0333333333em;letter-spacing:var(--mdc-typography-caption-letter-spacing,.0333333333em);text-decoration:inherit;-webkit-text-decoration:var(--mdc-typography-caption-text-decoration,inherit);text-decoration:var(--mdc-typography-caption-text-decoration,inherit);text-transform:inherit;text-transform:var(--mdc-typography-caption-text-transform,inherit)}.VfPpkd-StrnGf-rymPhb-ibnC6b[dir=rtl] .VfPpkd-StrnGf-rymPhb-IhFlZd,[dir=rtl] .VfPpkd-StrnGf-rymPhb-ibnC6b .VfPpkd-StrnGf-rymPhb-IhFlZd{margin-left:0;margin-right:auto}.VfPpkd-StrnGf-rymPhb-b9t22c{text-overflow:ellipsis;white-space:nowrap;overflow:hidden}.VfPpkd-StrnGf-rymPhb-b9t22c[for]{pointer-events:none}.VfPpkd-StrnGf-rymPhb-fpDzbe-fmcmS{text-overflow:ellipsis;white-space:nowrap;overflow:hidden;display:block;margin-top:0;line-height:normal;margin-bottom:-20px}.VfPpkd-StrnGf-rymPhb-fpDzbe-fmcmS::before{display:inline-block;width:0;height:28px;content:"";vertical-align:0}.VfPpkd-StrnGf-rymPhb-fpDzbe-fmcmS::after{display:inline-block;width:0;height:20px;content:"";vertical-align:-20px}.VfPpkd-StrnGf-rymPhb-OWXEXe-aTv5jf-rymPhb .VfPpkd-StrnGf-rymPhb-fpDzbe-fmcmS,.VfPpkd-StrnGf-rymPhb-OWXEXe-HiaYvf-rymPhb .VfPpkd-StrnGf-rymPhb-fpDzbe-fmcmS,.VfPpkd-StrnGf-rymPhb-OWXEXe-JUCs7e-rymPhb .VfPpkd-StrnGf-rymPhb-fpDzbe-fmcmS,.VfPpkd-StrnGf-rymPhb-OWXEXe-YLEF4c-rymPhb .VfPpkd-StrnGf-rymPhb-fpDzbe-fmcmS,.VfPpkd-StrnGf-rymPhb-OWXEXe-Bz112c-rymPhb .VfPpkd-StrnGf-rymPhb-fpDzbe-fmcmS{display:block;margin-top:0;line-height:normal;margin-bottom:-20px}.VfPpkd-StrnGf-rymPhb-OWXEXe-aTv5jf-rymPhb .VfPpkd-StrnGf-rymPhb-fpDzbe-fmcmS::before,.VfPpkd-StrnGf-rymPhb-OWXEXe-HiaYvf-rymPhb .VfPpkd-StrnGf-rymPhb-fpDzbe-fmcmS::before,.VfPpkd-StrnGf-rymPhb-OWXEXe-JUCs7e-rymPhb .VfPpkd-StrnGf-rymPhb-fpDzbe-fmcmS::before,.VfPpkd-StrnGf-rymPhb-OWXEXe-YLEF4c-rymPhb .VfPpkd-StrnGf-rymPhb-fpDzbe-fmcmS::before,.VfPpkd-StrnGf-rymPhb-OWXEXe-Bz112c-rymPhb .VfPpkd-StrnGf-rymPhb-fpDzbe-fmcmS::before{display:inline-block;width:0;height:32px;content:"";vertical-align:0}.VfPpkd-StrnGf-rymPhb-OWXEXe-aTv5jf-rymPhb .VfPpkd-StrnGf-rymPhb-fpDzbe-fmcmS::after,.VfPpkd-StrnGf-rymPhb-OWXEXe-HiaYvf-rymPhb .VfPpkd-StrnGf-rymPhb-fpDzbe-fmcmS::after,.VfPpkd-StrnGf-rymPhb-OWXEXe-JUCs7e-rymPhb .VfPpkd-StrnGf-rymPhb-fpDzbe-fmcmS::after,.VfPpkd-StrnGf-rymPhb-OWXEXe-YLEF4c-rymPhb .VfPpkd-StrnGf-rymPhb-fpDzbe-fmcmS::after,.VfPpkd-StrnGf-rymPhb-OWXEXe-Bz112c-rymPhb .VfPpkd-StrnGf-rymPhb-fpDzbe-fmcmS::after{display:inline-block;width:0;height:20px;content:"";vertical-align:-20px}.VfPpkd-StrnGf-rymPhb-OWXEXe-EzIYc .VfPpkd-StrnGf-rymPhb-fpDzbe-fmcmS{display:block;margin-top:0;line-height:normal;margin-bottom:-20px}.VfPpkd-StrnGf-rymPhb-OWXEXe-EzIYc .VfPpkd-StrnGf-rymPhb-fpDzbe-fmcmS::before{display:inline-block;width:0;height:24px;content:"";vertical-align:0}.VfPpkd-StrnGf-rymPhb-OWXEXe-EzIYc .VfPpkd-StrnGf-rymPhb-fpDzbe-fmcmS::after{display:inline-block;width:0;height:20px;content:"";vertical-align:-20px}.VfPpkd-StrnGf-rymPhb-L8ivfd-fmcmS{-moz-osx-font-smoothing:grayscale;-webkit-font-smoothing:antialiased;font-family:Roboto,sans-serif;font-family:var(--mdc-typography-body2-font-family,var(--mdc-typography-font-family,Roboto,sans-serif));font-size:.875rem;font-size:var(--mdc-typography-body2-font-size,.875rem);line-height:1.25rem;line-height:var(--mdc-typography-body2-line-height,1.25rem);font-weight:400;font-weight:var(--mdc-typography-body2-font-weight,400);letter-spacing:.0178571429em;letter-spacing:var(--mdc-typography-body2-letter-spacing,.0178571429em);text-decoration:inherit;-webkit-text-decoration:var(--mdc-typography-body2-text-decoration,inherit);text-decoration:var(--mdc-typography-body2-text-decoration,inherit);text-transform:inherit;text-transform:var(--mdc-typography-body2-text-transform,inherit);text-overflow:ellipsis;white-space:nowrap;overflow:hidden;display:block;margin-top:0;line-height:normal}.VfPpkd-StrnGf-rymPhb-L8ivfd-fmcmS::before{display:inline-block;width:0;height:20px;content:"";vertical-align:0}.VfPpkd-StrnGf-rymPhb-OWXEXe-EzIYc .VfPpkd-StrnGf-rymPhb-L8ivfd-fmcmS{font-size:inherit}.VfPpkd-StrnGf-rymPhb-OWXEXe-EzIYc .VfPpkd-StrnGf-rymPhb-ibnC6b{height:40px}.VfPpkd-StrnGf-rymPhb-OWXEXe-aSi1db-RWgCYc .VfPpkd-StrnGf-rymPhb-b9t22c{align-self:flex-start}.VfPpkd-StrnGf-rymPhb-OWXEXe-aSi1db-RWgCYc .VfPpkd-StrnGf-rymPhb-ibnC6b{height:64px}.VfPpkd-StrnGf-rymPhb-OWXEXe-aSi1db-RWgCYc.VfPpkd-StrnGf-rymPhb-OWXEXe-aTv5jf-rymPhb .VfPpkd-StrnGf-rymPhb-ibnC6b,.VfPpkd-StrnGf-rymPhb-OWXEXe-aSi1db-RWgCYc.VfPpkd-StrnGf-rymPhb-OWXEXe-HiaYvf-rymPhb .VfPpkd-StrnGf-rymPhb-ibnC6b,.VfPpkd-StrnGf-rymPhb-OWXEXe-aSi1db-RWgCYc.VfPpkd-StrnGf-rymPhb-OWXEXe-JUCs7e-rymPhb .VfPpkd-StrnGf-rymPhb-ibnC6b,.VfPpkd-StrnGf-rymPhb-OWXEXe-aSi1db-RWgCYc.VfPpkd-StrnGf-rymPhb-OWXEXe-YLEF4c-rymPhb .VfPpkd-StrnGf-rymPhb-ibnC6b,.VfPpkd-StrnGf-rymPhb-OWXEXe-aSi1db-RWgCYc.VfPpkd-StrnGf-rymPhb-OWXEXe-Bz112c-rymPhb .VfPpkd-StrnGf-rymPhb-ibnC6b{height:72px}.VfPpkd-StrnGf-rymPhb-OWXEXe-aSi1db-RWgCYc.VfPpkd-StrnGf-rymPhb-OWXEXe-Bz112c-rymPhb .VfPpkd-StrnGf-rymPhb-f7MjDc{align-self:flex-start;margin-top:16px}.VfPpkd-StrnGf-rymPhb-OWXEXe-aSi1db-RWgCYc.VfPpkd-StrnGf-rymPhb-OWXEXe-EzIYc .VfPpkd-StrnGf-rymPhb-ibnC6b,.VfPpkd-StrnGf-rymPhb-OWXEXe-YLEF4c-rymPhb.VfPpkd-StrnGf-rymPhb-OWXEXe-EzIYc .VfPpkd-StrnGf-rymPhb-ibnC6b{height:60px}.VfPpkd-StrnGf-rymPhb-OWXEXe-YLEF4c-rymPhb.VfPpkd-StrnGf-rymPhb-OWXEXe-EzIYc .VfPpkd-StrnGf-rymPhb-f7MjDc{margin-left:0;margin-right:16px;width:36px;height:36px}[dir=rtl] .VfPpkd-StrnGf-rymPhb-OWXEXe-YLEF4c-rymPhb.VfPpkd-StrnGf-rymPhb-OWXEXe-EzIYc .VfPpkd-StrnGf-rymPhb-f7MjDc,.VfPpkd-StrnGf-rymPhb-OWXEXe-YLEF4c-rymPhb.VfPpkd-StrnGf-rymPhb-OWXEXe-EzIYc .VfPpkd-StrnGf-rymPhb-f7MjDc[dir=rtl]{margin-left:16px;margin-right:0}:not(.VfPpkd-StrnGf-rymPhb-ibnC6b-OWXEXe-OWB6Me).VfPpkd-StrnGf-rymPhb-ibnC6b{cursor:pointer}a.VfPpkd-StrnGf-rymPhb-ibnC6b{color:inherit;text-decoration:none}.VfPpkd-StrnGf-rymPhb-clz4Ic{height:0;margin:0;border:none;border-bottom-width:1px;border-bottom-style:solid}.VfPpkd-StrnGf-rymPhb-clz4Ic{border-bottom-color:rgba(0,0,0,.12)}.VfPpkd-StrnGf-rymPhb-clz4Ic-OWXEXe-nNtqDd{margin-left:16px;margin-right:0;width:calc(100% - 32px)}[dir=rtl] .VfPpkd-StrnGf-rymPhb-clz4Ic-OWXEXe-nNtqDd,.VfPpkd-StrnGf-rymPhb-clz4Ic-OWXEXe-nNtqDd[dir=rtl]{margin-left:0;margin-right:16px}.VfPpkd-StrnGf-rymPhb-clz4Ic-OWXEXe-YbohUe{margin-left:72px;margin-right:0;width:calc(100% - 72px)}[dir=rtl] .VfPpkd-StrnGf-rymPhb-clz4Ic-OWXEXe-YbohUe,.VfPpkd-StrnGf-rymPhb-clz4Ic-OWXEXe-YbohUe[dir=rtl]{margin-left:0;margin-right:72px}.VfPpkd-StrnGf-rymPhb-clz4Ic-OWXEXe-YbohUe.VfPpkd-StrnGf-rymPhb-clz4Ic-OWXEXe-nNtqDd{margin-left:72px;margin-right:0;width:calc(100% - 88px)}[dir=rtl] .VfPpkd-StrnGf-rymPhb-clz4Ic-OWXEXe-YbohUe.VfPpkd-StrnGf-rymPhb-clz4Ic-OWXEXe-nNtqDd,.VfPpkd-StrnGf-rymPhb-clz4Ic-OWXEXe-YbohUe.VfPpkd-StrnGf-rymPhb-clz4Ic-OWXEXe-nNtqDd[dir=rtl]{margin-left:0;margin-right:72px}.VfPpkd-StrnGf-rymPhb .VfPpkd-StrnGf-rymPhb-clz4Ic-OWXEXe-YbohUe-M1Soyc{margin-left:16px;margin-right:0;width:calc(100% - 16px)}[dir=rtl] .VfPpkd-StrnGf-rymPhb .VfPpkd-StrnGf-rymPhb-clz4Ic-OWXEXe-YbohUe-M1Soyc,.VfPpkd-StrnGf-rymPhb .VfPpkd-StrnGf-rymPhb-clz4Ic-OWXEXe-YbohUe-M1Soyc[dir=rtl]{margin-left:0;margin-right:16px}.VfPpkd-StrnGf-rymPhb .VfPpkd-StrnGf-rymPhb-clz4Ic-OWXEXe-YbohUe-UbuQg{width:calc(100% - 16px)}.VfPpkd-StrnGf-rymPhb .VfPpkd-StrnGf-rymPhb-clz4Ic-OWXEXe-YbohUe-M1Soyc.VfPpkd-StrnGf-rymPhb-clz4Ic-OWXEXe-YbohUe-UbuQg{margin-left:16px;margin-right:0;width:calc(100% - 32px)}[dir=rtl] .VfPpkd-StrnGf-rymPhb .VfPpkd-StrnGf-rymPhb-clz4Ic-OWXEXe-YbohUe-M1Soyc.VfPpkd-StrnGf-rymPhb-clz4Ic-OWXEXe-YbohUe-UbuQg,.VfPpkd-StrnGf-rymPhb .VfPpkd-StrnGf-rymPhb-clz4Ic-OWXEXe-YbohUe-M1Soyc.VfPpkd-StrnGf-rymPhb-clz4Ic-OWXEXe-YbohUe-UbuQg[dir=rtl]{margin-left:0;margin-right:16px}.VfPpkd-StrnGf-rymPhb .VfPpkd-StrnGf-rymPhb-clz4Ic-OWXEXe-YbohUe-M1Soyc.VfPpkd-StrnGf-rymPhb-clz4Ic-OWXEXe-QFlW2{margin-left:16px;margin-right:0;width:calc(100% - 16px)}[dir=rtl] .VfPpkd-StrnGf-rymPhb .VfPpkd-StrnGf-rymPhb-clz4Ic-OWXEXe-YbohUe-M1Soyc.VfPpkd-StrnGf-rymPhb-clz4Ic-OWXEXe-QFlW2,.VfPpkd-StrnGf-rymPhb .VfPpkd-StrnGf-rymPhb-clz4Ic-OWXEXe-YbohUe-M1Soyc.VfPpkd-StrnGf-rymPhb-clz4Ic-OWXEXe-QFlW2[dir=rtl]{margin-left:0;margin-right:16px}.VfPpkd-StrnGf-rymPhb .VfPpkd-StrnGf-rymPhb-clz4Ic-OWXEXe-YbohUe-M1Soyc.VfPpkd-StrnGf-rymPhb-clz4Ic-OWXEXe-YbohUe-UbuQg.VfPpkd-StrnGf-rymPhb-clz4Ic-OWXEXe-YbohUe-QFlW2{margin-left:16px;margin-right:0;width:calc(100% - 32px)}[dir=rtl] .VfPpkd-StrnGf-rymPhb .VfPpkd-StrnGf-rymPhb-clz4Ic-OWXEXe-YbohUe-M1Soyc.VfPpkd-StrnGf-rymPhb-clz4Ic-OWXEXe-YbohUe-UbuQg.VfPpkd-StrnGf-rymPhb-clz4Ic-OWXEXe-YbohUe-QFlW2,.VfPpkd-StrnGf-rymPhb .VfPpkd-StrnGf-rymPhb-clz4Ic-OWXEXe-YbohUe-M1Soyc.VfPpkd-StrnGf-rymPhb-clz4Ic-OWXEXe-YbohUe-UbuQg.VfPpkd-StrnGf-rymPhb-clz4Ic-OWXEXe-YbohUe-QFlW2[dir=rtl]{margin-left:0;margin-right:16px}.VfPpkd-StrnGf-rymPhb-OWXEXe-Bz112c-rymPhb .VfPpkd-StrnGf-rymPhb-clz4Ic-OWXEXe-YbohUe-M1Soyc{margin-left:72px;margin-right:0;width:calc(100% - 72px)}[dir=rtl] .VfPpkd-StrnGf-rymPhb-OWXEXe-Bz112c-rymPhb .VfPpkd-StrnGf-rymPhb-clz4Ic-OWXEXe-YbohUe-M1Soyc,.VfPpkd-StrnGf-rymPhb-OWXEXe-Bz112c-rymPhb .VfPpkd-StrnGf-rymPhb-clz4Ic-OWXEXe-YbohUe-M1Soyc[dir=rtl]{margin-left:0;margin-right:72px}.VfPpkd-StrnGf-rymPhb-OWXEXe-Bz112c-rymPhb .VfPpkd-StrnGf-rymPhb-clz4Ic-OWXEXe-YbohUe-UbuQg{width:calc(100% - 16px)}.VfPpkd-StrnGf-rymPhb-OWXEXe-Bz112c-rymPhb .VfPpkd-StrnGf-rymPhb-clz4Ic-OWXEXe-YbohUe-M1Soyc.VfPpkd-StrnGf-rymPhb-clz4Ic-OWXEXe-YbohUe-UbuQg{margin-left:72px;margin-right:0;width:calc(100% - 88px)}[dir=rtl] .VfPpkd-StrnGf-rymPhb-OWXEXe-Bz112c-rymPhb .VfPpkd-StrnGf-rymPhb-clz4Ic-OWXEXe-YbohUe-M1Soyc.VfPpkd-StrnGf-rymPhb-clz4Ic-OWXEXe-YbohUe-UbuQg,.VfPpkd-StrnGf-rymPhb-OWXEXe-Bz112c-rymPhb .VfPpkd-StrnGf-rymPhb-clz4Ic-OWXEXe-YbohUe-M1Soyc.VfPpkd-StrnGf-rymPhb-clz4Ic-OWXEXe-YbohUe-UbuQg[dir=rtl]{margin-left:0;margin-right:72px}.VfPpkd-StrnGf-rymPhb-OWXEXe-Bz112c-rymPhb .VfPpkd-StrnGf-rymPhb-clz4Ic-OWXEXe-YbohUe-M1Soyc.VfPpkd-StrnGf-rymPhb-clz4Ic-OWXEXe-QFlW2{margin-left:16px;margin-right:0;width:calc(100% - 16px)}[dir=rtl] .VfPpkd-StrnGf-rymPhb-OWXEXe-Bz112c-rymPhb .VfPpkd-StrnGf-rymPhb-clz4Ic-OWXEXe-YbohUe-M1Soyc.VfPpkd-StrnGf-rymPhb-clz4Ic-OWXEXe-QFlW2,.VfPpkd-StrnGf-rymPhb-OWXEXe-Bz112c-rymPhb .VfPpkd-StrnGf-rymPhb-clz4Ic-OWXEXe-YbohUe-M1Soyc.VfPpkd-StrnGf-rymPhb-clz4Ic-OWXEXe-QFlW2[dir=rtl]{margin-left:0;margin-right:16px}.VfPpkd-StrnGf-rymPhb-OWXEXe-Bz112c-rymPhb .VfPpkd-StrnGf-rymPhb-clz4Ic-OWXEXe-YbohUe-M1Soyc.VfPpkd-StrnGf-rymPhb-clz4Ic-OWXEXe-YbohUe-UbuQg.VfPpkd-StrnGf-rymPhb-clz4Ic-OWXEXe-YbohUe-QFlW2{margin-left:16px;margin-right:0;width:calc(100% - 32px)}[dir=rtl] .VfPpkd-StrnGf-rymPhb-OWXEXe-Bz112c-rymPhb .VfPpkd-StrnGf-rymPhb-clz4Ic-OWXEXe-YbohUe-M1Soyc.VfPpkd-StrnGf-rymPhb-clz4Ic-OWXEXe-YbohUe-UbuQg.VfPpkd-StrnGf-rymPhb-clz4Ic-OWXEXe-YbohUe-QFlW2,.VfPpkd-StrnGf-rymPhb-OWXEXe-Bz112c-rymPhb .VfPpkd-StrnGf-rymPhb-clz4Ic-OWXEXe-YbohUe-M1Soyc.VfPpkd-StrnGf-rymPhb-clz4Ic-OWXEXe-YbohUe-UbuQg.VfPpkd-StrnGf-rymPhb-clz4Ic-OWXEXe-YbohUe-QFlW2[dir=rtl]{margin-left:0;margin-right:16px}.VfPpkd-StrnGf-rymPhb-OWXEXe-YLEF4c-rymPhb .VfPpkd-StrnGf-rymPhb-clz4Ic-OWXEXe-YbohUe-M1Soyc{margin-left:72px;margin-right:0;width:calc(100% - 72px)}[dir=rtl] .VfPpkd-StrnGf-rymPhb-OWXEXe-YLEF4c-rymPhb .VfPpkd-StrnGf-rymPhb-clz4Ic-OWXEXe-YbohUe-M1Soyc,.VfPpkd-StrnGf-rymPhb-OWXEXe-YLEF4c-rymPhb .VfPpkd-StrnGf-rymPhb-clz4Ic-OWXEXe-YbohUe-M1Soyc[dir=rtl]{margin-left:0;margin-right:72px}.VfPpkd-StrnGf-rymPhb-OWXEXe-YLEF4c-rymPhb .VfPpkd-StrnGf-rymPhb-clz4Ic-OWXEXe-YbohUe-UbuQg{width:calc(100% - 16px)}.VfPpkd-StrnGf-rymPhb-OWXEXe-YLEF4c-rymPhb .VfPpkd-StrnGf-rymPhb-clz4Ic-OWXEXe-YbohUe-M1Soyc.VfPpkd-StrnGf-rymPhb-clz4Ic-OWXEXe-YbohUe-UbuQg{margin-left:72px;margin-right:0;width:calc(100% - 88px)}[dir=rtl] .VfPpkd-StrnGf-rymPhb-OWXEXe-YLEF4c-rymPhb .VfPpkd-StrnGf-rymPhb-clz4Ic-OWXEXe-YbohUe-M1Soyc.VfPpkd-StrnGf-rymPhb-clz4Ic-OWXEXe-YbohUe-UbuQg,.VfPpkd-StrnGf-rymPhb-OWXEXe-YLEF4c-rymPhb .VfPpkd-StrnGf-rymPhb-clz4Ic-OWXEXe-YbohUe-M1Soyc.VfPpkd-StrnGf-rymPhb-clz4Ic-OWXEXe-YbohUe-UbuQg[dir=rtl]{margin-left:0;margin-right:72px}.VfPpkd-StrnGf-rymPhb-OWXEXe-YLEF4c-rymPhb .VfPpkd-StrnGf-rymPhb-clz4Ic-OWXEXe-YbohUe-M1Soyc.VfPpkd-StrnGf-rymPhb-clz4Ic-OWXEXe-QFlW2{margin-left:16px;margin-right:0;width:calc(100% - 16px)}[dir=rtl] .VfPpkd-StrnGf-rymPhb-OWXEXe-YLEF4c-rymPhb .VfPpkd-StrnGf-rymPhb-clz4Ic-OWXEXe-YbohUe-M1Soyc.VfPpkd-StrnGf-rymPhb-clz4Ic-OWXEXe-QFlW2,.VfPpkd-StrnGf-rymPhb-OWXEXe-YLEF4c-rymPhb .VfPpkd-StrnGf-rymPhb-clz4Ic-OWXEXe-YbohUe-M1Soyc.VfPpkd-StrnGf-rymPhb-clz4Ic-OWXEXe-QFlW2[dir=rtl]{margin-left:0;margin-right:16px}.VfPpkd-StrnGf-rymPhb-OWXEXe-YLEF4c-rymPhb .VfPpkd-StrnGf-rymPhb-clz4Ic-OWXEXe-YbohUe-M1Soyc.VfPpkd-StrnGf-rymPhb-clz4Ic-OWXEXe-YbohUe-UbuQg.VfPpkd-StrnGf-rymPhb-clz4Ic-OWXEXe-YbohUe-QFlW2{margin-left:16px;margin-right:0;width:calc(100% - 32px)}[dir=rtl] .VfPpkd-StrnGf-rymPhb-OWXEXe-YLEF4c-rymPhb .VfPpkd-StrnGf-rymPhb-clz4Ic-OWXEXe-YbohUe-M1Soyc.VfPpkd-StrnGf-rymPhb-clz4Ic-OWXEXe-YbohUe-UbuQg.VfPpkd-StrnGf-rymPhb-clz4Ic-OWXEXe-YbohUe-QFlW2,.VfPpkd-StrnGf-rymPhb-OWXEXe-YLEF4c-rymPhb .VfPpkd-StrnGf-rymPhb-clz4Ic-OWXEXe-YbohUe-M1Soyc.VfPpkd-StrnGf-rymPhb-clz4Ic-OWXEXe-YbohUe-UbuQg.VfPpkd-StrnGf-rymPhb-clz4Ic-OWXEXe-YbohUe-QFlW2[dir=rtl]{margin-left:0;margin-right:16px}.VfPpkd-StrnGf-rymPhb-OWXEXe-JUCs7e-rymPhb .VfPpkd-StrnGf-rymPhb-clz4Ic-OWXEXe-YbohUe-M1Soyc{margin-left:72px;margin-right:0;width:calc(100% - 72px)}[dir=rtl] .VfPpkd-StrnGf-rymPhb-OWXEXe-JUCs7e-rymPhb .VfPpkd-StrnGf-rymPhb-clz4Ic-OWXEXe-YbohUe-M1Soyc,.VfPpkd-StrnGf-rymPhb-OWXEXe-JUCs7e-rymPhb .VfPpkd-StrnGf-rymPhb-clz4Ic-OWXEXe-YbohUe-M1Soyc[dir=rtl]{margin-left:0;margin-right:72px}.VfPpkd-StrnGf-rymPhb-OWXEXe-JUCs7e-rymPhb .VfPpkd-StrnGf-rymPhb-clz4Ic-OWXEXe-YbohUe-UbuQg{width:calc(100% - 16px)}.VfPpkd-StrnGf-rymPhb-OWXEXe-JUCs7e-rymPhb .VfPpkd-StrnGf-rymPhb-clz4Ic-OWXEXe-YbohUe-M1Soyc.VfPpkd-StrnGf-rymPhb-clz4Ic-OWXEXe-YbohUe-UbuQg{margin-left:72px;margin-right:0;width:calc(100% - 88px)}[dir=rtl] .VfPpkd-StrnGf-rymPhb-OWXEXe-JUCs7e-rymPhb .VfPpkd-StrnGf-rymPhb-clz4Ic-OWXEXe-YbohUe-M1Soyc.VfPpkd-StrnGf-rymPhb-clz4Ic-OWXEXe-YbohUe-UbuQg,.VfPpkd-StrnGf-rymPhb-OWXEXe-JUCs7e-rymPhb .VfPpkd-StrnGf-rymPhb-clz4Ic-OWXEXe-YbohUe-M1Soyc.VfPpkd-StrnGf-rymPhb-clz4Ic-OWXEXe-YbohUe-UbuQg[dir=rtl]{margin-left:0;margin-right:72px}.VfPpkd-StrnGf-rymPhb-OWXEXe-JUCs7e-rymPhb .VfPpkd-StrnGf-rymPhb-clz4Ic-OWXEXe-YbohUe-M1Soyc.VfPpkd-StrnGf-rymPhb-clz4Ic-OWXEXe-QFlW2{margin-left:16px;margin-right:0;width:calc(100% - 16px)}[dir=rtl] .VfPpkd-StrnGf-rymPhb-OWXEXe-JUCs7e-rymPhb .VfPpkd-StrnGf-rymPhb-clz4Ic-OWXEXe-YbohUe-M1Soyc.VfPpkd-StrnGf-rymPhb-clz4Ic-OWXEXe-QFlW2,.VfPpkd-StrnGf-rymPhb-OWXEXe-JUCs7e-rymPhb .VfPpkd-StrnGf-rymPhb-clz4Ic-OWXEXe-YbohUe-M1Soyc.VfPpkd-StrnGf-rymPhb-clz4Ic-OWXEXe-QFlW2[dir=rtl]{margin-left:0;margin-right:16px}.VfPpkd-StrnGf-rymPhb-OWXEXe-JUCs7e-rymPhb .VfPpkd-StrnGf-rymPhb-clz4Ic-OWXEXe-YbohUe-M1Soyc.VfPpkd-StrnGf-rymPhb-clz4Ic-OWXEXe-YbohUe-UbuQg.VfPpkd-StrnGf-rymPhb-clz4Ic-OWXEXe-YbohUe-QFlW2{margin-left:16px;margin-right:0;width:calc(100% - 32px)}[dir=rtl] .VfPpkd-StrnGf-rymPhb-OWXEXe-JUCs7e-rymPhb .VfPpkd-StrnGf-rymPhb-clz4Ic-OWXEXe-YbohUe-M1Soyc.VfPpkd-StrnGf-rymPhb-clz4Ic-OWXEXe-YbohUe-UbuQg.VfPpkd-StrnGf-rymPhb-clz4Ic-OWXEXe-YbohUe-QFlW2,.VfPpkd-StrnGf-rymPhb-OWXEXe-JUCs7e-rymPhb .VfPpkd-StrnGf-rymPhb-clz4Ic-OWXEXe-YbohUe-M1Soyc.VfPpkd-StrnGf-rymPhb-clz4Ic-OWXEXe-YbohUe-UbuQg.VfPpkd-StrnGf-rymPhb-clz4Ic-OWXEXe-YbohUe-QFlW2[dir=rtl]{margin-left:0;margin-right:16px}.VfPpkd-StrnGf-rymPhb-OWXEXe-HiaYvf-rymPhb .VfPpkd-StrnGf-rymPhb-clz4Ic-OWXEXe-YbohUe-M1Soyc{margin-left:88px;margin-right:0;width:calc(100% - 88px)}[dir=rtl] .VfPpkd-StrnGf-rymPhb-OWXEXe-HiaYvf-rymPhb .VfPpkd-StrnGf-rymPhb-clz4Ic-OWXEXe-YbohUe-M1Soyc,.VfPpkd-StrnGf-rymPhb-OWXEXe-HiaYvf-rymPhb .VfPpkd-StrnGf-rymPhb-clz4Ic-OWXEXe-YbohUe-M1Soyc[dir=rtl]{margin-left:0;margin-right:88px}.VfPpkd-StrnGf-rymPhb-OWXEXe-HiaYvf-rymPhb .VfPpkd-StrnGf-rymPhb-clz4Ic-OWXEXe-YbohUe-UbuQg{width:calc(100% - 16px)}.VfPpkd-StrnGf-rymPhb-OWXEXe-HiaYvf-rymPhb .VfPpkd-StrnGf-rymPhb-clz4Ic-OWXEXe-YbohUe-M1Soyc.VfPpkd-StrnGf-rymPhb-clz4Ic-OWXEXe-YbohUe-UbuQg{margin-left:88px;margin-right:0;width:calc(100% - 104px)}[dir=rtl] .VfPpkd-StrnGf-rymPhb-OWXEXe-HiaYvf-rymPhb .VfPpkd-StrnGf-rymPhb-clz4Ic-OWXEXe-YbohUe-M1Soyc.VfPpkd-StrnGf-rymPhb-clz4Ic-OWXEXe-YbohUe-UbuQg,.VfPpkd-StrnGf-rymPhb-OWXEXe-HiaYvf-rymPhb .VfPpkd-StrnGf-rymPhb-clz4Ic-OWXEXe-YbohUe-M1Soyc.VfPpkd-StrnGf-rymPhb-clz4Ic-OWXEXe-YbohUe-UbuQg[dir=rtl]{margin-left:0;margin-right:88px}.VfPpkd-StrnGf-rymPhb-OWXEXe-HiaYvf-rymPhb .VfPpkd-StrnGf-rymPhb-clz4Ic-OWXEXe-YbohUe-M1Soyc.VfPpkd-StrnGf-rymPhb-clz4Ic-OWXEXe-QFlW2{margin-left:16px;margin-right:0;width:calc(100% - 16px)}[dir=rtl] .VfPpkd-StrnGf-rymPhb-OWXEXe-HiaYvf-rymPhb .VfPpkd-StrnGf-rymPhb-clz4Ic-OWXEXe-YbohUe-M1Soyc.VfPpkd-StrnGf-rymPhb-clz4Ic-OWXEXe-QFlW2,.VfPpkd-StrnGf-rymPhb-OWXEXe-HiaYvf-rymPhb .VfPpkd-StrnGf-rymPhb-clz4Ic-OWXEXe-YbohUe-M1Soyc.VfPpkd-StrnGf-rymPhb-clz4Ic-OWXEXe-QFlW2[dir=rtl]{margin-left:0;margin-right:16px}.VfPpkd-StrnGf-rymPhb-OWXEXe-HiaYvf-rymPhb .VfPpkd-StrnGf-rymPhb-clz4Ic-OWXEXe-YbohUe-M1Soyc.VfPpkd-StrnGf-rymPhb-clz4Ic-OWXEXe-YbohUe-UbuQg.VfPpkd-StrnGf-rymPhb-clz4Ic-OWXEXe-YbohUe-QFlW2{margin-left:16px;margin-right:0;width:calc(100% - 32px)}[dir=rtl] .VfPpkd-StrnGf-rymPhb-OWXEXe-HiaYvf-rymPhb .VfPpkd-StrnGf-rymPhb-clz4Ic-OWXEXe-YbohUe-M1Soyc.VfPpkd-StrnGf-rymPhb-clz4Ic-OWXEXe-YbohUe-UbuQg.VfPpkd-StrnGf-rymPhb-clz4Ic-OWXEXe-YbohUe-QFlW2,.VfPpkd-StrnGf-rymPhb-OWXEXe-HiaYvf-rymPhb .VfPpkd-StrnGf-rymPhb-clz4Ic-OWXEXe-YbohUe-M1Soyc.VfPpkd-StrnGf-rymPhb-clz4Ic-OWXEXe-YbohUe-UbuQg.VfPpkd-StrnGf-rymPhb-clz4Ic-OWXEXe-YbohUe-QFlW2[dir=rtl]{margin-left:0;margin-right:16px}.VfPpkd-StrnGf-rymPhb-OWXEXe-aTv5jf-rymPhb .VfPpkd-StrnGf-rymPhb-clz4Ic-OWXEXe-YbohUe-M1Soyc{margin-left:116px;margin-right:0;width:calc(100% - 116px)}[dir=rtl] .VfPpkd-StrnGf-rymPhb-OWXEXe-aTv5jf-rymPhb .VfPpkd-StrnGf-rymPhb-clz4Ic-OWXEXe-YbohUe-M1Soyc,.VfPpkd-StrnGf-rymPhb-OWXEXe-aTv5jf-rymPhb .VfPpkd-StrnGf-rymPhb-clz4Ic-OWXEXe-YbohUe-M1Soyc[dir=rtl]{margin-left:0;margin-right:116px}.VfPpkd-StrnGf-rymPhb-OWXEXe-aTv5jf-rymPhb .VfPpkd-StrnGf-rymPhb-clz4Ic-OWXEXe-YbohUe-UbuQg{width:calc(100% - 16px)}.VfPpkd-StrnGf-rymPhb-OWXEXe-aTv5jf-rymPhb .VfPpkd-StrnGf-rymPhb-clz4Ic-OWXEXe-YbohUe-M1Soyc.VfPpkd-StrnGf-rymPhb-clz4Ic-OWXEXe-YbohUe-UbuQg{margin-left:116px;margin-right:0;width:calc(100% - 132px)}[dir=rtl] .VfPpkd-StrnGf-rymPhb-OWXEXe-aTv5jf-rymPhb .VfPpkd-StrnGf-rymPhb-clz4Ic-OWXEXe-YbohUe-M1Soyc.VfPpkd-StrnGf-rymPhb-clz4Ic-OWXEXe-YbohUe-UbuQg,.VfPpkd-StrnGf-rymPhb-OWXEXe-aTv5jf-rymPhb .VfPpkd-StrnGf-rymPhb-clz4Ic-OWXEXe-YbohUe-M1Soyc.VfPpkd-StrnGf-rymPhb-clz4Ic-OWXEXe-YbohUe-UbuQg[dir=rtl]{margin-left:0;margin-right:116px}.VfPpkd-StrnGf-rymPhb-OWXEXe-aTv5jf-rymPhb .VfPpkd-StrnGf-rymPhb-clz4Ic-OWXEXe-YbohUe-M1Soyc.VfPpkd-StrnGf-rymPhb-clz4Ic-OWXEXe-QFlW2{margin-left:0;margin-right:0;width:100%}[dir=rtl] .VfPpkd-StrnGf-rymPhb-OWXEXe-aTv5jf-rymPhb .VfPpkd-StrnGf-rymPhb-clz4Ic-OWXEXe-YbohUe-M1Soyc.VfPpkd-StrnGf-rymPhb-clz4Ic-OWXEXe-QFlW2,.VfPpkd-StrnGf-rymPhb-OWXEXe-aTv5jf-rymPhb .VfPpkd-StrnGf-rymPhb-clz4Ic-OWXEXe-YbohUe-M1Soyc.VfPpkd-StrnGf-rymPhb-clz4Ic-OWXEXe-QFlW2[dir=rtl]{margin-left:0;margin-right:0}.VfPpkd-StrnGf-rymPhb-OWXEXe-aTv5jf-rymPhb .VfPpkd-StrnGf-rymPhb-clz4Ic-OWXEXe-YbohUe-M1Soyc.VfPpkd-StrnGf-rymPhb-clz4Ic-OWXEXe-YbohUe-UbuQg.VfPpkd-StrnGf-rymPhb-clz4Ic-OWXEXe-YbohUe-QFlW2{margin-left:0;margin-right:0;width:calc(100% - 16px)}[dir=rtl] .VfPpkd-StrnGf-rymPhb-OWXEXe-aTv5jf-rymPhb .VfPpkd-StrnGf-rymPhb-clz4Ic-OWXEXe-YbohUe-M1Soyc.VfPpkd-StrnGf-rymPhb-clz4Ic-OWXEXe-YbohUe-UbuQg.VfPpkd-StrnGf-rymPhb-clz4Ic-OWXEXe-YbohUe-QFlW2,.VfPpkd-StrnGf-rymPhb-OWXEXe-aTv5jf-rymPhb .VfPpkd-StrnGf-rymPhb-clz4Ic-OWXEXe-YbohUe-M1Soyc.VfPpkd-StrnGf-rymPhb-clz4Ic-OWXEXe-YbohUe-UbuQg.VfPpkd-StrnGf-rymPhb-clz4Ic-OWXEXe-YbohUe-QFlW2[dir=rtl]{margin-left:0;margin-right:0}.VfPpkd-StrnGf-rymPhb-JNdkSc .VfPpkd-StrnGf-rymPhb{padding:0}.VfPpkd-StrnGf-rymPhb-oT7voc{-moz-osx-font-smoothing:grayscale;-webkit-font-smoothing:antialiased;font-family:Roboto,sans-serif;font-family:var(--mdc-typography-subtitle1-font-family,var(--mdc-typography-font-family,Roboto,sans-serif));font-size:1rem;font-size:var(--mdc-typography-subtitle1-font-size,1rem);line-height:1.75rem;line-height:var(--mdc-typography-subtitle1-line-height,1.75rem);font-weight:400;font-weight:var(--mdc-typography-subtitle1-font-weight,400);letter-spacing:.009375em;letter-spacing:var(--mdc-typography-subtitle1-letter-spacing,.009375em);text-decoration:inherit;-webkit-text-decoration:var(--mdc-typography-subtitle1-text-decoration,inherit);text-decoration:var(--mdc-typography-subtitle1-text-decoration,inherit);text-transform:inherit;text-transform:var(--mdc-typography-subtitle1-text-transform,inherit);margin:.75rem 16px}.VfPpkd-rymPhb-Gtdoyb,.VfPpkd-rymPhb-fpDzbe-fmcmS{color:rgba(0,0,0,.87);color:var(--mdc-theme-text-primary-on-background,rgba(0,0,0,.87))}.VfPpkd-rymPhb-L8ivfd-fmcmS{color:rgba(0,0,0,.54);color:var(--mdc-theme-text-secondary-on-background,rgba(0,0,0,.54))}.VfPpkd-rymPhb-bC5pod-fmcmS{color:rgba(0,0,0,.38);color:var(--mdc-theme-text-hint-on-background,rgba(0,0,0,.38))}.VfPpkd-rymPhb-ibnC6b-OWXEXe-SfQLQb-M1Soyc-Bz112c .VfPpkd-rymPhb-KkROqb,.VfPpkd-rymPhb-ibnC6b-OWXEXe-SfQLQb-UbuQg-Bz112c .VfPpkd-rymPhb-JMEf7e{background-color:transparent}.VfPpkd-rymPhb-ibnC6b-OWXEXe-SfQLQb-M1Soyc-Bz112c .VfPpkd-rymPhb-KkROqb,.VfPpkd-rymPhb-ibnC6b-OWXEXe-SfQLQb-UbuQg-Bz112c .VfPpkd-rymPhb-JMEf7e{color:rgba(0,0,0,.38);color:var(--mdc-theme-text-icon-on-background,rgba(0,0,0,.38))}.VfPpkd-rymPhb-JMEf7e{color:rgba(0,0,0,.38);color:var(--mdc-theme-text-hint-on-background,rgba(0,0,0,.38))}.VfPpkd-rymPhb-ibnC6b-OWXEXe-OWB6Me .VfPpkd-rymPhb-KkROqb,.VfPpkd-rymPhb-ibnC6b-OWXEXe-OWB6Me .VfPpkd-rymPhb-Gtdoyb,.VfPpkd-rymPhb-ibnC6b-OWXEXe-OWB6Me .VfPpkd-rymPhb-JMEf7e{opacity:.38}.VfPpkd-rymPhb-ibnC6b-OWXEXe-OWB6Me .VfPpkd-rymPhb-Gtdoyb,.VfPpkd-rymPhb-ibnC6b-OWXEXe-OWB6Me .VfPpkd-rymPhb-fpDzbe-fmcmS{color:#000;color:var(--mdc-theme-on-surface,#000)}.VfPpkd-rymPhb-ibnC6b-OWXEXe-OWB6Me .VfPpkd-rymPhb-L8ivfd-fmcmS{color:#000;color:var(--mdc-theme-on-surface,#000)}.VfPpkd-rymPhb-ibnC6b-OWXEXe-OWB6Me .VfPpkd-rymPhb-bC5pod-fmcmS{color:#000;color:var(--mdc-theme-on-surface,#000)}.VfPpkd-rymPhb-ibnC6b-OWXEXe-OWB6Me.VfPpkd-rymPhb-ibnC6b-OWXEXe-SfQLQb-M1Soyc-Bz112c .VfPpkd-rymPhb-KkROqb{color:#000;color:var(--mdc-theme-on-surface,#000)}.VfPpkd-rymPhb-ibnC6b-OWXEXe-OWB6Me.VfPpkd-rymPhb-ibnC6b-OWXEXe-SfQLQb-UbuQg-Bz112c .VfPpkd-rymPhb-JMEf7e{color:#000;color:var(--mdc-theme-on-surface,#000)}.VfPpkd-rymPhb-ibnC6b-OWXEXe-OWB6Me.VfPpkd-rymPhb-ibnC6b-OWXEXe-SfQLQb-UbuQg-r4m2rf .VfPpkd-rymPhb-JMEf7e{color:#000;color:var(--mdc-theme-on-surface,#000)}.VfPpkd-rymPhb-ibnC6b-OWXEXe-gk6SMd .VfPpkd-rymPhb-Gtdoyb,.VfPpkd-rymPhb-ibnC6b-OWXEXe-gk6SMd .VfPpkd-rymPhb-fpDzbe-fmcmS,.VfPpkd-rymPhb-ibnC6b-OWXEXe-pXU01b .VfPpkd-rymPhb-Gtdoyb,.VfPpkd-rymPhb-ibnC6b-OWXEXe-pXU01b .VfPpkd-rymPhb-fpDzbe-fmcmS{color:#6200ee;color:var(--mdc-theme-primary,#6200ee)}.VfPpkd-rymPhb-ibnC6b-OWXEXe-gk6SMd.VfPpkd-rymPhb-ibnC6b-OWXEXe-SfQLQb-M1Soyc-Bz112c .VfPpkd-rymPhb-KkROqb,.VfPpkd-rymPhb-ibnC6b-OWXEXe-pXU01b.VfPpkd-rymPhb-ibnC6b-OWXEXe-SfQLQb-M1Soyc-Bz112c .VfPpkd-rymPhb-KkROqb{color:#6200ee;color:var(--mdc-theme-primary,#6200ee)}.VfPpkd-StrnGf-rymPhb-oT7voc{color:rgba(0,0,0,.87);color:var(--mdc-theme-text-primary-on-background,rgba(0,0,0,.87))}.VfPpkd-rymPhb-clz4Ic::after{border-bottom-color:white}.VfPpkd-rymPhb{-moz-osx-font-smoothing:grayscale;-webkit-font-smoothing:antialiased;font-family:Roboto,sans-serif;font-family:var(--mdc-typography-subtitle1-font-family,var(--mdc-typography-font-family,Roboto,sans-serif));font-size:1rem;font-size:var(--mdc-typography-subtitle1-font-size,1rem);line-height:1.75rem;line-height:var(--mdc-typography-subtitle1-line-height,1.75rem);font-weight:400;font-weight:var(--mdc-typography-subtitle1-font-weight,400);letter-spacing:.009375em;letter-spacing:var(--mdc-typography-subtitle1-letter-spacing,.009375em);text-decoration:inherit;-webkit-text-decoration:var(--mdc-typography-subtitle1-text-decoration,inherit);text-decoration:var(--mdc-typography-subtitle1-text-decoration,inherit);text-transform:inherit;text-transform:var(--mdc-typography-subtitle1-text-transform,inherit);line-height:1.5rem}.VfPpkd-rymPhb-fpDzbe-fmcmS{-moz-osx-font-smoothing:grayscale;-webkit-font-smoothing:antialiased;font-family:Roboto,sans-serif;font-family:var(--mdc-typography-subtitle1-font-family,var(--mdc-typography-font-family,Roboto,sans-serif));font-size:1rem;font-size:var(--mdc-typography-subtitle1-font-size,1rem);line-height:1.75rem;line-height:var(--mdc-typography-subtitle1-line-height,1.75rem);font-weight:400;font-weight:var(--mdc-typography-subtitle1-font-weight,400);letter-spacing:.009375em;letter-spacing:var(--mdc-typography-subtitle1-letter-spacing,.009375em);text-decoration:inherit;-webkit-text-decoration:var(--mdc-typography-subtitle1-text-decoration,inherit);text-decoration:var(--mdc-typography-subtitle1-text-decoration,inherit);text-transform:inherit;text-transform:var(--mdc-typography-subtitle1-text-transform,inherit)}.VfPpkd-rymPhb-L8ivfd-fmcmS{-moz-osx-font-smoothing:grayscale;-webkit-font-smoothing:antialiased;font-family:Roboto,sans-serif;font-family:var(--mdc-typography-body2-font-family,var(--mdc-typography-font-family,Roboto,sans-serif));font-size:.875rem;font-size:var(--mdc-typography-body2-font-size,.875rem);line-height:1.25rem;line-height:var(--mdc-typography-body2-line-height,1.25rem);font-weight:400;font-weight:var(--mdc-typography-body2-font-weight,400);letter-spacing:.0178571429em;letter-spacing:var(--mdc-typography-body2-letter-spacing,.0178571429em);text-decoration:inherit;-webkit-text-decoration:var(--mdc-typography-body2-text-decoration,inherit);text-decoration:var(--mdc-typography-body2-text-decoration,inherit);text-transform:inherit;text-transform:var(--mdc-typography-body2-text-transform,inherit)}.VfPpkd-rymPhb-bC5pod-fmcmS{-moz-osx-font-smoothing:grayscale;-webkit-font-smoothing:antialiased;font-family:Roboto,sans-serif;font-family:var(--mdc-typography-overline-font-family,var(--mdc-typography-font-family,Roboto,sans-serif));font-size:.75rem;font-size:var(--mdc-typography-overline-font-size,.75rem);line-height:2rem;line-height:var(--mdc-typography-overline-line-height,2rem);font-weight:500;font-weight:var(--mdc-typography-overline-font-weight,500);letter-spacing:.1666666667em;letter-spacing:var(--mdc-typography-overline-letter-spacing,.1666666667em);text-decoration:none;-webkit-text-decoration:var(--mdc-typography-overline-text-decoration,none);text-decoration:var(--mdc-typography-overline-text-decoration,none);text-transform:uppercase;text-transform:var(--mdc-typography-overline-text-transform,uppercase)}.VfPpkd-rymPhb-ibnC6b-OWXEXe-SfQLQb-M1Soyc-YLEF4c .VfPpkd-rymPhb-KkROqb{width:40px;height:40px}.VfPpkd-rymPhb-ibnC6b-OWXEXe-SfQLQb-M1Soyc-Bz112c .VfPpkd-rymPhb-KkROqb{width:24px;height:24px}.VfPpkd-rymPhb-ibnC6b-OWXEXe-SfQLQb-M1Soyc-JUCs7e .VfPpkd-rymPhb-KkROqb{width:40px;height:40px}.VfPpkd-rymPhb-ibnC6b-OWXEXe-SfQLQb-M1Soyc-HiaYvf .VfPpkd-rymPhb-KkROqb{width:56px;height:56px}.VfPpkd-rymPhb-ibnC6b-OWXEXe-SfQLQb-M1Soyc-aTv5jf .VfPpkd-rymPhb-KkROqb{width:100px;height:56px}.VfPpkd-rymPhb-ibnC6b-OWXEXe-SfQLQb-M1Soyc-MPu53c .VfPpkd-rymPhb-KkROqb,.VfPpkd-rymPhb-ibnC6b-OWXEXe-SfQLQb-M1Soyc-GCYh9b .VfPpkd-rymPhb-KkROqb{width:40px;height:40px}.VfPpkd-rymPhb-ibnC6b-OWXEXe-SfQLQb-M1Soyc-scr2fc .VfPpkd-rymPhb-KkROqb{width:36px;height:20px}.VfPpkd-rymPhb-ibnC6b-OWXEXe-SfQLQb-UbuQg-Bz112c .VfPpkd-rymPhb-JMEf7e{width:24px;height:24px}.VfPpkd-rymPhb-ibnC6b-OWXEXe-SfQLQb-UbuQg-MPu53c .VfPpkd-rymPhb-JMEf7e,.VfPpkd-rymPhb-ibnC6b-OWXEXe-SfQLQb-UbuQg-GCYh9b .VfPpkd-rymPhb-JMEf7e{width:40px;height:40px}.VfPpkd-rymPhb-ibnC6b-OWXEXe-SfQLQb-UbuQg-scr2fc .VfPpkd-rymPhb-JMEf7e{width:36px;height:20px}.VfPpkd-rymPhb-oT7voc{-moz-osx-font-smoothing:grayscale;-webkit-font-smoothing:antialiased;font-family:Roboto,sans-serif;font-family:var(--mdc-typography-subtitle1-font-family,var(--mdc-typography-font-family,Roboto,sans-serif));font-size:1rem;font-size:var(--mdc-typography-subtitle1-font-size,1rem);line-height:1.75rem;line-height:var(--mdc-typography-subtitle1-line-height,1.75rem);font-weight:400;font-weight:var(--mdc-typography-subtitle1-font-weight,400);letter-spacing:.009375em;letter-spacing:var(--mdc-typography-subtitle1-letter-spacing,.009375em);text-decoration:inherit;-webkit-text-decoration:var(--mdc-typography-subtitle1-text-decoration,inherit);text-decoration:var(--mdc-typography-subtitle1-text-decoration,inherit);text-transform:inherit;text-transform:var(--mdc-typography-subtitle1-text-transform,inherit)}.VfPpkd-rymPhb-clz4Ic{background-color:rgba(0,0,0,.12)}.VfPpkd-rymPhb-clz4Ic{height:1px}@media (-ms-high-contrast:active),screen and (forced-colors:active){.VfPpkd-rymPhb-clz4Ic::after{content:"";display:block;border-bottom-width:1px;border-bottom-style:solid}}.VfPpkd-rymPhb{margin:0;padding:8px 0;list-style-type:none}.VfPpkd-rymPhb:focus{outline:none}.VfPpkd-rymPhb-Tkg0ld{display:block}.VfPpkd-rymPhb-ibnC6b{display:flex;position:relative;align-items:center;justify-content:flex-start;overflow:hidden;padding:0;align-items:stretch;cursor:pointer}.VfPpkd-rymPhb-ibnC6b:focus{outline:none}.VfPpkd-rymPhb-ibnC6b.VfPpkd-rymPhb-ibnC6b-OWXEXe-SfQLQb-Woal0c-RWgCYc{height:48px}.VfPpkd-rymPhb-ibnC6b.VfPpkd-rymPhb-ibnC6b-OWXEXe-SfQLQb-aSi1db-MCEKJb{height:64px}.VfPpkd-rymPhb-ibnC6b.VfPpkd-rymPhb-ibnC6b-OWXEXe-SfQLQb-vfifzc-MCEKJb{height:88px}.VfPpkd-rymPhb-ibnC6b.VfPpkd-rymPhb-ibnC6b-OWXEXe-SfQLQb-Woal0c-RWgCYc .VfPpkd-rymPhb-KkROqb{align-self:center;margin-top:0}.VfPpkd-rymPhb-ibnC6b.VfPpkd-rymPhb-ibnC6b-OWXEXe-SfQLQb-aSi1db-MCEKJb .VfPpkd-rymPhb-KkROqb,.VfPpkd-rymPhb-ibnC6b.VfPpkd-rymPhb-ibnC6b-OWXEXe-SfQLQb-vfifzc-MCEKJb .VfPpkd-rymPhb-KkROqb{align-self:flex-start;margin-top:16px}.VfPpkd-rymPhb-ibnC6b.VfPpkd-rymPhb-ibnC6b-OWXEXe-SfQLQb-Woal0c-RWgCYc .VfPpkd-rymPhb-JMEf7e,.VfPpkd-rymPhb-ibnC6b.VfPpkd-rymPhb-ibnC6b-OWXEXe-SfQLQb-aSi1db-MCEKJb .VfPpkd-rymPhb-JMEf7e{align-self:center;margin-top:0}.VfPpkd-rymPhb-ibnC6b.VfPpkd-rymPhb-ibnC6b-OWXEXe-SfQLQb-vfifzc-MCEKJb .VfPpkd-rymPhb-JMEf7e{align-self:flex-start;margin-top:16px}.VfPpkd-rymPhb-ibnC6b.VfPpkd-rymPhb-ibnC6b-OWXEXe-OWB6Me,.VfPpkd-rymPhb-ibnC6b.VfPpkd-rymPhb-ibnC6b-OWXEXe-tPcied-hXIJHe{cursor:auto}.VfPpkd-rymPhb-ibnC6b:not(.VfPpkd-rymPhb-ibnC6b-OWXEXe-gk6SMd):focus::before,.VfPpkd-rymPhb-ibnC6b.VfPpkd-ksKsZd-mWPk3d-OWXEXe-AHe6Kc-XpnDCe::before{position:absolute;box-sizing:border-box;width:100%;height:100%;top:0;left:0;border:1px solid transparent;border-radius:inherit;content:"";pointer-events:none}@media screen and (forced-colors:active){.VfPpkd-rymPhb-ibnC6b:not(.VfPpkd-rymPhb-ibnC6b-OWXEXe-gk6SMd):focus::before,.VfPpkd-rymPhb-ibnC6b.VfPpkd-ksKsZd-mWPk3d-OWXEXe-AHe6Kc-XpnDCe::before{border-color:CanvasText}}.VfPpkd-rymPhb-ibnC6b.VfPpkd-rymPhb-ibnC6b-OWXEXe-gk6SMd::before{position:absolute;box-sizing:border-box;width:100%;height:100%;top:0;left:0;border:3px double transparent;border-radius:inherit;content:"";pointer-events:none}@media screen and (forced-colors:active){.VfPpkd-rymPhb-ibnC6b.VfPpkd-rymPhb-ibnC6b-OWXEXe-gk6SMd::before{border-color:CanvasText}}.VfPpkd-rymPhb-ibnC6b.VfPpkd-rymPhb-ibnC6b-OWXEXe-gk6SMd:focus::before{position:absolute;box-sizing:border-box;width:100%;height:100%;top:0;left:0;border:3px solid transparent;border-radius:inherit;content:"";pointer-events:none}@media screen and (forced-colors:active){.VfPpkd-rymPhb-ibnC6b.VfPpkd-rymPhb-ibnC6b-OWXEXe-gk6SMd:focus::before{border-color:CanvasText}}a.VfPpkd-rymPhb-ibnC6b{color:inherit;text-decoration:none}.VfPpkd-rymPhb-KkROqb{fill:currentColor;flex-shrink:0;pointer-events:none}.VfPpkd-rymPhb-JMEf7e{flex-shrink:0;pointer-events:none}.VfPpkd-rymPhb-Gtdoyb{text-overflow:ellipsis;white-space:nowrap;overflow:hidden;align-self:center;flex:1;pointer-events:none}.VfPpkd-rymPhb-ibnC6b-OWXEXe-SfQLQb-aSi1db-MCEKJb .VfPpkd-rymPhb-Gtdoyb,.VfPpkd-rymPhb-ibnC6b-OWXEXe-SfQLQb-vfifzc-MCEKJb .VfPpkd-rymPhb-Gtdoyb{align-self:stretch}.VfPpkd-rymPhb-Gtdoyb[for]{pointer-events:none}.VfPpkd-rymPhb-fpDzbe-fmcmS{text-overflow:ellipsis;white-space:nowrap;overflow:hidden}.VfPpkd-rymPhb-ibnC6b-OWXEXe-SfQLQb-aSi1db-MCEKJb .VfPpkd-rymPhb-fpDzbe-fmcmS,.VfPpkd-rymPhb-ibnC6b-OWXEXe-SfQLQb-vfifzc-MCEKJb .VfPpkd-rymPhb-fpDzbe-fmcmS{display:block;margin-top:0;line-height:normal;margin-bottom:-20px}.VfPpkd-rymPhb-ibnC6b-OWXEXe-SfQLQb-aSi1db-MCEKJb .VfPpkd-rymPhb-fpDzbe-fmcmS::before,.VfPpkd-rymPhb-ibnC6b-OWXEXe-SfQLQb-vfifzc-MCEKJb .VfPpkd-rymPhb-fpDzbe-fmcmS::before{display:inline-block;width:0;height:28px;content:"";vertical-align:0}.VfPpkd-rymPhb-ibnC6b-OWXEXe-SfQLQb-aSi1db-MCEKJb .VfPpkd-rymPhb-fpDzbe-fmcmS::after,.VfPpkd-rymPhb-ibnC6b-OWXEXe-SfQLQb-vfifzc-MCEKJb .VfPpkd-rymPhb-fpDzbe-fmcmS::after{display:inline-block;width:0;height:20px;content:"";vertical-align:-20px}.VfPpkd-rymPhb-L8ivfd-fmcmS{text-overflow:ellipsis;white-space:nowrap;overflow:hidden;display:block;margin-top:0;line-height:normal}.VfPpkd-rymPhb-L8ivfd-fmcmS::before{display:inline-block;width:0;height:20px;content:"";vertical-align:0}.VfPpkd-rymPhb-ibnC6b-OWXEXe-SfQLQb-vfifzc-MCEKJb .VfPpkd-rymPhb-L8ivfd-fmcmS{white-space:normal;line-height:20px}.VfPpkd-rymPhb-ibnC6b-OWXEXe-SfQLQb-BYmFj .VfPpkd-rymPhb-L8ivfd-fmcmS{white-space:nowrap;line-height:auto}.VfPpkd-rymPhb-bC5pod-fmcmS{text-overflow:ellipsis;white-space:nowrap;overflow:hidden}.VfPpkd-rymPhb-ibnC6b-OWXEXe-SfQLQb-aSi1db-MCEKJb .VfPpkd-rymPhb-bC5pod-fmcmS{display:block;margin-top:0;line-height:normal;margin-bottom:-20px}.VfPpkd-rymPhb-ibnC6b-OWXEXe-SfQLQb-aSi1db-MCEKJb .VfPpkd-rymPhb-bC5pod-fmcmS::before{display:inline-block;width:0;height:24px;content:"";vertical-align:0}.VfPpkd-rymPhb-ibnC6b-OWXEXe-SfQLQb-aSi1db-MCEKJb .VfPpkd-rymPhb-bC5pod-fmcmS::after{display:inline-block;width:0;height:20px;content:"";vertical-align:-20px}.VfPpkd-rymPhb-ibnC6b-OWXEXe-SfQLQb-vfifzc-MCEKJb .VfPpkd-rymPhb-bC5pod-fmcmS{display:block;margin-top:0;line-height:normal;margin-bottom:-20px}.VfPpkd-rymPhb-ibnC6b-OWXEXe-SfQLQb-vfifzc-MCEKJb .VfPpkd-rymPhb-bC5pod-fmcmS::before{display:inline-block;width:0;height:28px;content:"";vertical-align:0}.VfPpkd-rymPhb-ibnC6b-OWXEXe-SfQLQb-vfifzc-MCEKJb .VfPpkd-rymPhb-bC5pod-fmcmS::after{display:inline-block;width:0;height:20px;content:"";vertical-align:-20px}.VfPpkd-rymPhb-ibnC6b-OWXEXe-SfQLQb-M1Soyc-YLEF4c.VfPpkd-rymPhb-ibnC6b{padding-left:0;padding-right:auto}[dir=rtl] .VfPpkd-rymPhb-ibnC6b-OWXEXe-SfQLQb-M1Soyc-YLEF4c.VfPpkd-rymPhb-ibnC6b,.VfPpkd-rymPhb-ibnC6b-OWXEXe-SfQLQb-M1Soyc-YLEF4c.VfPpkd-rymPhb-ibnC6b[dir=rtl]{padding-left:auto;padding-right:0}.VfPpkd-rymPhb-ibnC6b-OWXEXe-SfQLQb-M1Soyc-YLEF4c .VfPpkd-rymPhb-KkROqb{margin-left:16px;margin-right:16px}[dir=rtl] .VfPpkd-rymPhb-ibnC6b-OWXEXe-SfQLQb-M1Soyc-YLEF4c .VfPpkd-rymPhb-KkROqb,.VfPpkd-rymPhb-ibnC6b-OWXEXe-SfQLQb-M1Soyc-YLEF4c .VfPpkd-rymPhb-KkROqb[dir=rtl]{margin-left:16px;margin-right:16px}.VfPpkd-rymPhb-ibnC6b-OWXEXe-SfQLQb-M1Soyc-YLEF4c.VfPpkd-rymPhb-ibnC6b-OWXEXe-SfQLQb-aSi1db-MCEKJb .VfPpkd-rymPhb-fpDzbe-fmcmS{display:block;margin-top:0;line-height:normal;margin-bottom:-20px}.VfPpkd-rymPhb-ibnC6b-OWXEXe-SfQLQb-M1Soyc-YLEF4c.VfPpkd-rymPhb-ibnC6b-OWXEXe-SfQLQb-aSi1db-MCEKJb .VfPpkd-rymPhb-fpDzbe-fmcmS::before{display:inline-block;width:0;height:32px;content:"";vertical-align:0}.VfPpkd-rymPhb-ibnC6b-OWXEXe-SfQLQb-M1Soyc-YLEF4c.VfPpkd-rymPhb-ibnC6b-OWXEXe-SfQLQb-aSi1db-MCEKJb .VfPpkd-rymPhb-fpDzbe-fmcmS::after{display:inline-block;width:0;height:20px;content:"";vertical-align:-20px}.VfPpkd-rymPhb-ibnC6b-OWXEXe-SfQLQb-M1Soyc-YLEF4c.VfPpkd-rymPhb-ibnC6b-OWXEXe-SfQLQb-aSi1db-MCEKJb .VfPpkd-rymPhb-bC5pod-fmcmS{display:block;margin-top:0;line-height:normal;margin-bottom:-20px}.VfPpkd-rymPhb-ibnC6b-OWXEXe-SfQLQb-M1Soyc-YLEF4c.VfPpkd-rymPhb-ibnC6b-OWXEXe-SfQLQb-aSi1db-MCEKJb .VfPpkd-rymPhb-bC5pod-fmcmS::before{display:inline-block;width:0;height:28px;content:"";vertical-align:0}.VfPpkd-rymPhb-ibnC6b-OWXEXe-SfQLQb-M1Soyc-YLEF4c.VfPpkd-rymPhb-ibnC6b-OWXEXe-SfQLQb-aSi1db-MCEKJb .VfPpkd-rymPhb-bC5pod-fmcmS::after{display:inline-block;width:0;height:20px;content:"";vertical-align:-20px}.VfPpkd-rymPhb-ibnC6b-OWXEXe-SfQLQb-M1Soyc-YLEF4c.VfPpkd-rymPhb-ibnC6b-OWXEXe-SfQLQb-aSi1db-MCEKJb.VfPpkd-rymPhb-ibnC6b-OWXEXe-SfQLQb-UbuQg-r4m2rf .VfPpkd-rymPhb-JMEf7e{display:block;margin-top:0;line-height:normal}.VfPpkd-rymPhb-ibnC6b-OWXEXe-SfQLQb-M1Soyc-YLEF4c.VfPpkd-rymPhb-ibnC6b-OWXEXe-SfQLQb-aSi1db-MCEKJb.VfPpkd-rymPhb-ibnC6b-OWXEXe-SfQLQb-UbuQg-r4m2rf .VfPpkd-rymPhb-JMEf7e::before{display:inline-block;width:0;height:32px;content:"";vertical-align:0}.VfPpkd-rymPhb-ibnC6b-OWXEXe-SfQLQb-M1Soyc-YLEF4c.VfPpkd-rymPhb-ibnC6b-OWXEXe-SfQLQb-Woal0c-RWgCYc{height:56px}.VfPpkd-rymPhb-ibnC6b-OWXEXe-SfQLQb-M1Soyc-YLEF4c.VfPpkd-rymPhb-ibnC6b-OWXEXe-SfQLQb-aSi1db-MCEKJb{height:72px}.VfPpkd-rymPhb-ibnC6b-OWXEXe-SfQLQb-M1Soyc-YLEF4c .VfPpkd-rymPhb-KkROqb{border-radius:50%}.VfPpkd-rymPhb-ibnC6b-OWXEXe-SfQLQb-M1Soyc-Bz112c.VfPpkd-rymPhb-ibnC6b{padding-left:0;padding-right:auto}[dir=rtl] .VfPpkd-rymPhb-ibnC6b-OWXEXe-SfQLQb-M1Soyc-Bz112c.VfPpkd-rymPhb-ibnC6b,.VfPpkd-rymPhb-ibnC6b-OWXEXe-SfQLQb-M1Soyc-Bz112c.VfPpkd-rymPhb-ibnC6b[dir=rtl]{padding-left:auto;padding-right:0}.VfPpkd-rymPhb-ibnC6b-OWXEXe-SfQLQb-M1Soyc-Bz112c .VfPpkd-rymPhb-KkROqb{margin-left:16px;margin-right:32px}[dir=rtl] .VfPpkd-rymPhb-ibnC6b-OWXEXe-SfQLQb-M1Soyc-Bz112c .VfPpkd-rymPhb-KkROqb,.VfPpkd-rymPhb-ibnC6b-OWXEXe-SfQLQb-M1Soyc-Bz112c .VfPpkd-rymPhb-KkROqb[dir=rtl]{margin-left:32px;margin-right:16px}.VfPpkd-rymPhb-ibnC6b-OWXEXe-SfQLQb-M1Soyc-Bz112c.VfPpkd-rymPhb-ibnC6b-OWXEXe-SfQLQb-aSi1db-MCEKJb .VfPpkd-rymPhb-fpDzbe-fmcmS{display:block;margin-top:0;line-height:normal;margin-bottom:-20px}.VfPpkd-rymPhb-ibnC6b-OWXEXe-SfQLQb-M1Soyc-Bz112c.VfPpkd-rymPhb-ibnC6b-OWXEXe-SfQLQb-aSi1db-MCEKJb .VfPpkd-rymPhb-fpDzbe-fmcmS::before{display:inline-block;width:0;height:32px;content:"";vertical-align:0}.VfPpkd-rymPhb-ibnC6b-OWXEXe-SfQLQb-M1Soyc-Bz112c.VfPpkd-rymPhb-ibnC6b-OWXEXe-SfQLQb-aSi1db-MCEKJb .VfPpkd-rymPhb-fpDzbe-fmcmS::after{display:inline-block;width:0;height:20px;content:"";vertical-align:-20px}.VfPpkd-rymPhb-ibnC6b-OWXEXe-SfQLQb-M1Soyc-Bz112c.VfPpkd-rymPhb-ibnC6b-OWXEXe-SfQLQb-aSi1db-MCEKJb .VfPpkd-rymPhb-bC5pod-fmcmS{display:block;margin-top:0;line-height:normal;margin-bottom:-20px}.VfPpkd-rymPhb-ibnC6b-OWXEXe-SfQLQb-M1Soyc-Bz112c.VfPpkd-rymPhb-ibnC6b-OWXEXe-SfQLQb-aSi1db-MCEKJb .VfPpkd-rymPhb-bC5pod-fmcmS::before{display:inline-block;width:0;height:28px;content:"";vertical-align:0}.VfPpkd-rymPhb-ibnC6b-OWXEXe-SfQLQb-M1Soyc-Bz112c.VfPpkd-rymPhb-ibnC6b-OWXEXe-SfQLQb-aSi1db-MCEKJb .VfPpkd-rymPhb-bC5pod-fmcmS::after{display:inline-block;width:0;height:20px;content:"";vertical-align:-20px}.VfPpkd-rymPhb-ibnC6b-OWXEXe-SfQLQb-M1Soyc-Bz112c.VfPpkd-rymPhb-ibnC6b-OWXEXe-SfQLQb-aSi1db-MCEKJb.VfPpkd-rymPhb-ibnC6b-OWXEXe-SfQLQb-UbuQg-r4m2rf .VfPpkd-rymPhb-JMEf7e{display:block;margin-top:0;line-height:normal}.VfPpkd-rymPhb-ibnC6b-OWXEXe-SfQLQb-M1Soyc-Bz112c.VfPpkd-rymPhb-ibnC6b-OWXEXe-SfQLQb-aSi1db-MCEKJb.VfPpkd-rymPhb-ibnC6b-OWXEXe-SfQLQb-UbuQg-r4m2rf .VfPpkd-rymPhb-JMEf7e::before{display:inline-block;width:0;height:32px;content:"";vertical-align:0}.VfPpkd-rymPhb-ibnC6b-OWXEXe-SfQLQb-M1Soyc-Bz112c.VfPpkd-rymPhb-ibnC6b-OWXEXe-SfQLQb-Woal0c-RWgCYc{height:56px}.VfPpkd-rymPhb-ibnC6b-OWXEXe-SfQLQb-M1Soyc-Bz112c.VfPpkd-rymPhb-ibnC6b-OWXEXe-SfQLQb-aSi1db-MCEKJb{height:72px}.VfPpkd-rymPhb-ibnC6b-OWXEXe-SfQLQb-M1Soyc-JUCs7e.VfPpkd-rymPhb-ibnC6b{padding-left:0;padding-right:auto}[dir=rtl] .VfPpkd-rymPhb-ibnC6b-OWXEXe-SfQLQb-M1Soyc-JUCs7e.VfPpkd-rymPhb-ibnC6b,.VfPpkd-rymPhb-ibnC6b-OWXEXe-SfQLQb-M1Soyc-JUCs7e.VfPpkd-rymPhb-ibnC6b[dir=rtl]{padding-left:auto;padding-right:0}.VfPpkd-rymPhb-ibnC6b-OWXEXe-SfQLQb-M1Soyc-JUCs7e .VfPpkd-rymPhb-KkROqb{margin-left:16px;margin-right:16px}[dir=rtl] .VfPpkd-rymPhb-ibnC6b-OWXEXe-SfQLQb-M1Soyc-JUCs7e .VfPpkd-rymPhb-KkROqb,.VfPpkd-rymPhb-ibnC6b-OWXEXe-SfQLQb-M1Soyc-JUCs7e .VfPpkd-rymPhb-KkROqb[dir=rtl]{margin-left:16px;margin-right:16px}.VfPpkd-rymPhb-ibnC6b-OWXEXe-SfQLQb-M1Soyc-JUCs7e.VfPpkd-rymPhb-ibnC6b-OWXEXe-SfQLQb-aSi1db-MCEKJb .VfPpkd-rymPhb-fpDzbe-fmcmS{display:block;margin-top:0;line-height:normal;margin-bottom:-20px}.VfPpkd-rymPhb-ibnC6b-OWXEXe-SfQLQb-M1Soyc-JUCs7e.VfPpkd-rymPhb-ibnC6b-OWXEXe-SfQLQb-aSi1db-MCEKJb .VfPpkd-rymPhb-fpDzbe-fmcmS::before{display:inline-block;width:0;height:32px;content:"";vertical-align:0}.VfPpkd-rymPhb-ibnC6b-OWXEXe-SfQLQb-M1Soyc-JUCs7e.VfPpkd-rymPhb-ibnC6b-OWXEXe-SfQLQb-aSi1db-MCEKJb .VfPpkd-rymPhb-fpDzbe-fmcmS::after{display:inline-block;width:0;height:20px;content:"";vertical-align:-20px}.VfPpkd-rymPhb-ibnC6b-OWXEXe-SfQLQb-M1Soyc-JUCs7e.VfPpkd-rymPhb-ibnC6b-OWXEXe-SfQLQb-aSi1db-MCEKJb .VfPpkd-rymPhb-bC5pod-fmcmS{display:block;margin-top:0;line-height:normal;margin-bottom:-20px}.VfPpkd-rymPhb-ibnC6b-OWXEXe-SfQLQb-M1Soyc-JUCs7e.VfPpkd-rymPhb-ibnC6b-OWXEXe-SfQLQb-aSi1db-MCEKJb .VfPpkd-rymPhb-bC5pod-fmcmS::before{display:inline-block;width:0;height:28px;content:"";vertical-align:0}.VfPpkd-rymPhb-ibnC6b-OWXEXe-SfQLQb-M1Soyc-JUCs7e.VfPpkd-rymPhb-ibnC6b-OWXEXe-SfQLQb-aSi1db-MCEKJb .VfPpkd-rymPhb-bC5pod-fmcmS::after{display:inline-block;width:0;height:20px;content:"";vertical-align:-20px}.VfPpkd-rymPhb-ibnC6b-OWXEXe-SfQLQb-M1Soyc-JUCs7e.VfPpkd-rymPhb-ibnC6b-OWXEXe-SfQLQb-aSi1db-MCEKJb.VfPpkd-rymPhb-ibnC6b-OWXEXe-SfQLQb-UbuQg-r4m2rf .VfPpkd-rymPhb-JMEf7e{display:block;margin-top:0;line-height:normal}.VfPpkd-rymPhb-ibnC6b-OWXEXe-SfQLQb-M1Soyc-JUCs7e.VfPpkd-rymPhb-ibnC6b-OWXEXe-SfQLQb-aSi1db-MCEKJb.VfPpkd-rymPhb-ibnC6b-OWXEXe-SfQLQb-UbuQg-r4m2rf .VfPpkd-rymPhb-JMEf7e::before{display:inline-block;width:0;height:32px;content:"";vertical-align:0}.VfPpkd-rymPhb-ibnC6b-OWXEXe-SfQLQb-M1Soyc-JUCs7e.VfPpkd-rymPhb-ibnC6b-OWXEXe-SfQLQb-Woal0c-RWgCYc{height:56px}.VfPpkd-rymPhb-ibnC6b-OWXEXe-SfQLQb-M1Soyc-JUCs7e.VfPpkd-rymPhb-ibnC6b-OWXEXe-SfQLQb-aSi1db-MCEKJb{height:72px}.VfPpkd-rymPhb-ibnC6b-OWXEXe-SfQLQb-M1Soyc-HiaYvf.VfPpkd-rymPhb-ibnC6b{padding-left:0;padding-right:auto}[dir=rtl] .VfPpkd-rymPhb-ibnC6b-OWXEXe-SfQLQb-M1Soyc-HiaYvf.VfPpkd-rymPhb-ibnC6b,.VfPpkd-rymPhb-ibnC6b-OWXEXe-SfQLQb-M1Soyc-HiaYvf.VfPpkd-rymPhb-ibnC6b[dir=rtl]{padding-left:auto;padding-right:0}.VfPpkd-rymPhb-ibnC6b-OWXEXe-SfQLQb-M1Soyc-HiaYvf .VfPpkd-rymPhb-KkROqb{margin-left:16px;margin-right:16px}[dir=rtl] .VfPpkd-rymPhb-ibnC6b-OWXEXe-SfQLQb-M1Soyc-HiaYvf .VfPpkd-rymPhb-KkROqb,.VfPpkd-rymPhb-ibnC6b-OWXEXe-SfQLQb-M1Soyc-HiaYvf .VfPpkd-rymPhb-KkROqb[dir=rtl]{margin-left:16px;margin-right:16px}.VfPpkd-rymPhb-ibnC6b-OWXEXe-SfQLQb-M1Soyc-HiaYvf.VfPpkd-rymPhb-ibnC6b-OWXEXe-SfQLQb-aSi1db-MCEKJb .VfPpkd-rymPhb-fpDzbe-fmcmS{display:block;margin-top:0;line-height:normal;margin-bottom:-20px}.VfPpkd-rymPhb-ibnC6b-OWXEXe-SfQLQb-M1Soyc-HiaYvf.VfPpkd-rymPhb-ibnC6b-OWXEXe-SfQLQb-aSi1db-MCEKJb .VfPpkd-rymPhb-fpDzbe-fmcmS::before{display:inline-block;width:0;height:32px;content:"";vertical-align:0}.VfPpkd-rymPhb-ibnC6b-OWXEXe-SfQLQb-M1Soyc-HiaYvf.VfPpkd-rymPhb-ibnC6b-OWXEXe-SfQLQb-aSi1db-MCEKJb .VfPpkd-rymPhb-fpDzbe-fmcmS::after{display:inline-block;width:0;height:20px;content:"";vertical-align:-20px}.VfPpkd-rymPhb-ibnC6b-OWXEXe-SfQLQb-M1Soyc-HiaYvf.VfPpkd-rymPhb-ibnC6b-OWXEXe-SfQLQb-aSi1db-MCEKJb .VfPpkd-rymPhb-bC5pod-fmcmS{display:block;margin-top:0;line-height:normal;margin-bottom:-20px}.VfPpkd-rymPhb-ibnC6b-OWXEXe-SfQLQb-M1Soyc-HiaYvf.VfPpkd-rymPhb-ibnC6b-OWXEXe-SfQLQb-aSi1db-MCEKJb .VfPpkd-rymPhb-bC5pod-fmcmS::before{display:inline-block;width:0;height:28px;content:"";vertical-align:0}.VfPpkd-rymPhb-ibnC6b-OWXEXe-SfQLQb-M1Soyc-HiaYvf.VfPpkd-rymPhb-ibnC6b-OWXEXe-SfQLQb-aSi1db-MCEKJb .VfPpkd-rymPhb-bC5pod-fmcmS::after{display:inline-block;width:0;height:20px;content:"";vertical-align:-20px}.VfPpkd-rymPhb-ibnC6b-OWXEXe-SfQLQb-M1Soyc-HiaYvf.VfPpkd-rymPhb-ibnC6b-OWXEXe-SfQLQb-aSi1db-MCEKJb.VfPpkd-rymPhb-ibnC6b-OWXEXe-SfQLQb-UbuQg-r4m2rf .VfPpkd-rymPhb-JMEf7e{display:block;margin-top:0;line-height:normal}.VfPpkd-rymPhb-ibnC6b-OWXEXe-SfQLQb-M1Soyc-HiaYvf.VfPpkd-rymPhb-ibnC6b-OWXEXe-SfQLQb-aSi1db-MCEKJb.VfPpkd-rymPhb-ibnC6b-OWXEXe-SfQLQb-UbuQg-r4m2rf .VfPpkd-rymPhb-JMEf7e::before{display:inline-block;width:0;height:32px;content:"";vertical-align:0}.VfPpkd-rymPhb-ibnC6b-OWXEXe-SfQLQb-M1Soyc-HiaYvf.VfPpkd-rymPhb-ibnC6b-OWXEXe-SfQLQb-Woal0c-RWgCYc,.VfPpkd-rymPhb-ibnC6b-OWXEXe-SfQLQb-M1Soyc-HiaYvf.VfPpkd-rymPhb-ibnC6b-OWXEXe-SfQLQb-aSi1db-MCEKJb{height:72px}.VfPpkd-rymPhb-ibnC6b-OWXEXe-SfQLQb-M1Soyc-aTv5jf.VfPpkd-rymPhb-ibnC6b-OWXEXe-SfQLQb-aSi1db-MCEKJb .VfPpkd-rymPhb-KkROqb{align-self:flex-start;margin-top:8px}.VfPpkd-rymPhb-ibnC6b-OWXEXe-SfQLQb-M1Soyc-aTv5jf.VfPpkd-rymPhb-ibnC6b{padding-left:0;padding-right:auto}[dir=rtl] .VfPpkd-rymPhb-ibnC6b-OWXEXe-SfQLQb-M1Soyc-aTv5jf.VfPpkd-rymPhb-ibnC6b,.VfPpkd-rymPhb-ibnC6b-OWXEXe-SfQLQb-M1Soyc-aTv5jf.VfPpkd-rymPhb-ibnC6b[dir=rtl]{padding-left:auto;padding-right:0}.VfPpkd-rymPhb-ibnC6b-OWXEXe-SfQLQb-M1Soyc-aTv5jf .VfPpkd-rymPhb-KkROqb{margin-left:0;margin-right:16px}[dir=rtl] .VfPpkd-rymPhb-ibnC6b-OWXEXe-SfQLQb-M1Soyc-aTv5jf .VfPpkd-rymPhb-KkROqb,.VfPpkd-rymPhb-ibnC6b-OWXEXe-SfQLQb-M1Soyc-aTv5jf .VfPpkd-rymPhb-KkROqb[dir=rtl]{margin-left:16px;margin-right:0}.VfPpkd-rymPhb-ibnC6b-OWXEXe-SfQLQb-M1Soyc-aTv5jf.VfPpkd-rymPhb-ibnC6b-OWXEXe-SfQLQb-aSi1db-MCEKJb .VfPpkd-rymPhb-fpDzbe-fmcmS{display:block;margin-top:0;line-height:normal;margin-bottom:-20px}.VfPpkd-rymPhb-ibnC6b-OWXEXe-SfQLQb-M1Soyc-aTv5jf.VfPpkd-rymPhb-ibnC6b-OWXEXe-SfQLQb-aSi1db-MCEKJb .VfPpkd-rymPhb-fpDzbe-fmcmS::before{display:inline-block;width:0;height:32px;content:"";vertical-align:0}.VfPpkd-rymPhb-ibnC6b-OWXEXe-SfQLQb-M1Soyc-aTv5jf.VfPpkd-rymPhb-ibnC6b-OWXEXe-SfQLQb-aSi1db-MCEKJb .VfPpkd-rymPhb-fpDzbe-fmcmS::after{display:inline-block;width:0;height:20px;content:"";vertical-align:-20px}.VfPpkd-rymPhb-ibnC6b-OWXEXe-SfQLQb-M1Soyc-aTv5jf.VfPpkd-rymPhb-ibnC6b-OWXEXe-SfQLQb-aSi1db-MCEKJb .VfPpkd-rymPhb-bC5pod-fmcmS{display:block;margin-top:0;line-height:normal;margin-bottom:-20px}.VfPpkd-rymPhb-ibnC6b-OWXEXe-SfQLQb-M1Soyc-aTv5jf.VfPpkd-rymPhb-ibnC6b-OWXEXe-SfQLQb-aSi1db-MCEKJb .VfPpkd-rymPhb-bC5pod-fmcmS::before{display:inline-block;width:0;height:28px;content:"";vertical-align:0}.VfPpkd-rymPhb-ibnC6b-OWXEXe-SfQLQb-M1Soyc-aTv5jf.VfPpkd-rymPhb-ibnC6b-OWXEXe-SfQLQb-aSi1db-MCEKJb .VfPpkd-rymPhb-bC5pod-fmcmS::after{display:inline-block;width:0;height:20px;content:"";vertical-align:-20px}.VfPpkd-rymPhb-ibnC6b-OWXEXe-SfQLQb-M1Soyc-aTv5jf.VfPpkd-rymPhb-ibnC6b-OWXEXe-SfQLQb-aSi1db-MCEKJb.VfPpkd-rymPhb-ibnC6b-OWXEXe-SfQLQb-UbuQg-r4m2rf .VfPpkd-rymPhb-JMEf7e{display:block;margin-top:0;line-height:normal}.VfPpkd-rymPhb-ibnC6b-OWXEXe-SfQLQb-M1Soyc-aTv5jf.VfPpkd-rymPhb-ibnC6b-OWXEXe-SfQLQb-aSi1db-MCEKJb.VfPpkd-rymPhb-ibnC6b-OWXEXe-SfQLQb-UbuQg-r4m2rf .VfPpkd-rymPhb-JMEf7e::before{display:inline-block;width:0;height:32px;content:"";vertical-align:0}.VfPpkd-rymPhb-ibnC6b-OWXEXe-SfQLQb-M1Soyc-aTv5jf.VfPpkd-rymPhb-ibnC6b-OWXEXe-SfQLQb-Woal0c-RWgCYc,.VfPpkd-rymPhb-ibnC6b-OWXEXe-SfQLQb-M1Soyc-aTv5jf.VfPpkd-rymPhb-ibnC6b-OWXEXe-SfQLQb-aSi1db-MCEKJb{height:72px}.VfPpkd-rymPhb-ibnC6b-OWXEXe-SfQLQb-M1Soyc-MPu53c.VfPpkd-rymPhb-ibnC6b{padding-left:0;padding-right:auto}[dir=rtl] .VfPpkd-rymPhb-ibnC6b-OWXEXe-SfQLQb-M1Soyc-MPu53c.VfPpkd-rymPhb-ibnC6b,.VfPpkd-rymPhb-ibnC6b-OWXEXe-SfQLQb-M1Soyc-MPu53c.VfPpkd-rymPhb-ibnC6b[dir=rtl]{padding-left:auto;padding-right:0}.VfPpkd-rymPhb-ibnC6b-OWXEXe-SfQLQb-M1Soyc-MPu53c .VfPpkd-rymPhb-KkROqb{margin-left:8px;margin-right:24px}[dir=rtl] .VfPpkd-rymPhb-ibnC6b-OWXEXe-SfQLQb-M1Soyc-MPu53c .VfPpkd-rymPhb-KkROqb,.VfPpkd-rymPhb-ibnC6b-OWXEXe-SfQLQb-M1Soyc-MPu53c .VfPpkd-rymPhb-KkROqb[dir=rtl]{margin-left:24px;margin-right:8px}.VfPpkd-rymPhb-ibnC6b-OWXEXe-SfQLQb-M1Soyc-MPu53c.VfPpkd-rymPhb-ibnC6b-OWXEXe-SfQLQb-aSi1db-MCEKJb .VfPpkd-rymPhb-KkROqb{align-self:flex-start;margin-top:8px}.VfPpkd-rymPhb-ibnC6b-OWXEXe-SfQLQb-M1Soyc-MPu53c.VfPpkd-rymPhb-ibnC6b-OWXEXe-SfQLQb-aSi1db-MCEKJb .VfPpkd-rymPhb-fpDzbe-fmcmS{display:block;margin-top:0;line-height:normal;margin-bottom:-20px}.VfPpkd-rymPhb-ibnC6b-OWXEXe-SfQLQb-M1Soyc-MPu53c.VfPpkd-rymPhb-ibnC6b-OWXEXe-SfQLQb-aSi1db-MCEKJb .VfPpkd-rymPhb-fpDzbe-fmcmS::before{display:inline-block;width:0;height:32px;content:"";vertical-align:0}.VfPpkd-rymPhb-ibnC6b-OWXEXe-SfQLQb-M1Soyc-MPu53c.VfPpkd-rymPhb-ibnC6b-OWXEXe-SfQLQb-aSi1db-MCEKJb .VfPpkd-rymPhb-fpDzbe-fmcmS::after{display:inline-block;width:0;height:20px;content:"";vertical-align:-20px}.VfPpkd-rymPhb-ibnC6b-OWXEXe-SfQLQb-M1Soyc-MPu53c.VfPpkd-rymPhb-ibnC6b-OWXEXe-SfQLQb-aSi1db-MCEKJb .VfPpkd-rymPhb-bC5pod-fmcmS{display:block;margin-top:0;line-height:normal;margin-bottom:-20px}.VfPpkd-rymPhb-ibnC6b-OWXEXe-SfQLQb-M1Soyc-MPu53c.VfPpkd-rymPhb-ibnC6b-OWXEXe-SfQLQb-aSi1db-MCEKJb .VfPpkd-rymPhb-bC5pod-fmcmS::before{display:inline-block;width:0;height:28px;content:"";vertical-align:0}.VfPpkd-rymPhb-ibnC6b-OWXEXe-SfQLQb-M1Soyc-MPu53c.VfPpkd-rymPhb-ibnC6b-OWXEXe-SfQLQb-aSi1db-MCEKJb .VfPpkd-rymPhb-bC5pod-fmcmS::after{display:inline-block;width:0;height:20px;content:"";vertical-align:-20px}.VfPpkd-rymPhb-ibnC6b-OWXEXe-SfQLQb-M1Soyc-MPu53c.VfPpkd-rymPhb-ibnC6b-OWXEXe-SfQLQb-aSi1db-MCEKJb.VfPpkd-rymPhb-ibnC6b-OWXEXe-SfQLQb-UbuQg-r4m2rf .VfPpkd-rymPhb-JMEf7e{display:block;margin-top:0;line-height:normal}.VfPpkd-rymPhb-ibnC6b-OWXEXe-SfQLQb-M1Soyc-MPu53c.VfPpkd-rymPhb-ibnC6b-OWXEXe-SfQLQb-aSi1db-MCEKJb.VfPpkd-rymPhb-ibnC6b-OWXEXe-SfQLQb-UbuQg-r4m2rf .VfPpkd-rymPhb-JMEf7e::before{display:inline-block;width:0;height:32px;content:"";vertical-align:0}.VfPpkd-rymPhb-ibnC6b-OWXEXe-SfQLQb-M1Soyc-MPu53c.VfPpkd-rymPhb-ibnC6b-OWXEXe-SfQLQb-Woal0c-RWgCYc{height:56px}.VfPpkd-rymPhb-ibnC6b-OWXEXe-SfQLQb-M1Soyc-MPu53c.VfPpkd-rymPhb-ibnC6b-OWXEXe-SfQLQb-aSi1db-MCEKJb{height:72px}.VfPpkd-rymPhb-ibnC6b-OWXEXe-SfQLQb-M1Soyc-GCYh9b.VfPpkd-rymPhb-ibnC6b{padding-left:0;padding-right:auto}[dir=rtl] .VfPpkd-rymPhb-ibnC6b-OWXEXe-SfQLQb-M1Soyc-GCYh9b.VfPpkd-rymPhb-ibnC6b,.VfPpkd-rymPhb-ibnC6b-OWXEXe-SfQLQb-M1Soyc-GCYh9b.VfPpkd-rymPhb-ibnC6b[dir=rtl]{padding-left:auto;padding-right:0}.VfPpkd-rymPhb-ibnC6b-OWXEXe-SfQLQb-M1Soyc-GCYh9b .VfPpkd-rymPhb-KkROqb{margin-left:8px;margin-right:24px}[dir=rtl] .VfPpkd-rymPhb-ibnC6b-OWXEXe-SfQLQb-M1Soyc-GCYh9b .VfPpkd-rymPhb-KkROqb,.VfPpkd-rymPhb-ibnC6b-OWXEXe-SfQLQb-M1Soyc-GCYh9b .VfPpkd-rymPhb-KkROqb[dir=rtl]{margin-left:24px;margin-right:8px}.VfPpkd-rymPhb-ibnC6b-OWXEXe-SfQLQb-M1Soyc-GCYh9b.VfPpkd-rymPhb-ibnC6b-OWXEXe-SfQLQb-aSi1db-MCEKJb .VfPpkd-rymPhb-KkROqb{align-self:flex-start;margin-top:8px}.VfPpkd-rymPhb-ibnC6b-OWXEXe-SfQLQb-M1Soyc-GCYh9b.VfPpkd-rymPhb-ibnC6b-OWXEXe-SfQLQb-aSi1db-MCEKJb .VfPpkd-rymPhb-fpDzbe-fmcmS{display:block;margin-top:0;line-height:normal;margin-bottom:-20px}.VfPpkd-rymPhb-ibnC6b-OWXEXe-SfQLQb-M1Soyc-GCYh9b.VfPpkd-rymPhb-ibnC6b-OWXEXe-SfQLQb-aSi1db-MCEKJb .VfPpkd-rymPhb-fpDzbe-fmcmS::before{display:inline-block;width:0;height:32px;content:"";vertical-align:0}.VfPpkd-rymPhb-ibnC6b-OWXEXe-SfQLQb-M1Soyc-GCYh9b.VfPpkd-rymPhb-ibnC6b-OWXEXe-SfQLQb-aSi1db-MCEKJb .VfPpkd-rymPhb-fpDzbe-fmcmS::after{display:inline-block;width:0;height:20px;content:"";vertical-align:-20px}.VfPpkd-rymPhb-ibnC6b-OWXEXe-SfQLQb-M1Soyc-GCYh9b.VfPpkd-rymPhb-ibnC6b-OWXEXe-SfQLQb-aSi1db-MCEKJb .VfPpkd-rymPhb-bC5pod-fmcmS{display:block;margin-top:0;line-height:normal;margin-bottom:-20px}.VfPpkd-rymPhb-ibnC6b-OWXEXe-SfQLQb-M1Soyc-GCYh9b.VfPpkd-rymPhb-ibnC6b-OWXEXe-SfQLQb-aSi1db-MCEKJb .VfPpkd-rymPhb-bC5pod-fmcmS::before{display:inline-block;width:0;height:28px;content:"";vertical-align:0}.VfPpkd-rymPhb-ibnC6b-OWXEXe-SfQLQb-M1Soyc-GCYh9b.VfPpkd-rymPhb-ibnC6b-OWXEXe-SfQLQb-aSi1db-MCEKJb .VfPpkd-rymPhb-bC5pod-fmcmS::after{display:inline-block;width:0;height:20px;content:"";vertical-align:-20px}.VfPpkd-rymPhb-ibnC6b-OWXEXe-SfQLQb-M1Soyc-GCYh9b.VfPpkd-rymPhb-ibnC6b-OWXEXe-SfQLQb-aSi1db-MCEKJb.VfPpkd-rymPhb-ibnC6b-OWXEXe-SfQLQb-UbuQg-r4m2rf .VfPpkd-rymPhb-JMEf7e{display:block;margin-top:0;line-height:normal}.VfPpkd-rymPhb-ibnC6b-OWXEXe-SfQLQb-M1Soyc-GCYh9b.VfPpkd-rymPhb-ibnC6b-OWXEXe-SfQLQb-aSi1db-MCEKJb.VfPpkd-rymPhb-ibnC6b-OWXEXe-SfQLQb-UbuQg-r4m2rf .VfPpkd-rymPhb-JMEf7e::before{display:inline-block;width:0;height:32px;content:"";vertical-align:0}.VfPpkd-rymPhb-ibnC6b-OWXEXe-SfQLQb-M1Soyc-GCYh9b.VfPpkd-rymPhb-ibnC6b-OWXEXe-SfQLQb-Woal0c-RWgCYc{height:56px}.VfPpkd-rymPhb-ibnC6b-OWXEXe-SfQLQb-M1Soyc-GCYh9b.VfPpkd-rymPhb-ibnC6b-OWXEXe-SfQLQb-aSi1db-MCEKJb{height:72px}.VfPpkd-rymPhb-ibnC6b-OWXEXe-SfQLQb-M1Soyc-scr2fc.VfPpkd-rymPhb-ibnC6b{padding-left:0;padding-right:auto}[dir=rtl] .VfPpkd-rymPhb-ibnC6b-OWXEXe-SfQLQb-M1Soyc-scr2fc.VfPpkd-rymPhb-ibnC6b,.VfPpkd-rymPhb-ibnC6b-OWXEXe-SfQLQb-M1Soyc-scr2fc.VfPpkd-rymPhb-ibnC6b[dir=rtl]{padding-left:auto;padding-right:0}.VfPpkd-rymPhb-ibnC6b-OWXEXe-SfQLQb-M1Soyc-scr2fc .VfPpkd-rymPhb-KkROqb{margin-left:16px;margin-right:16px}[dir=rtl] .VfPpkd-rymPhb-ibnC6b-OWXEXe-SfQLQb-M1Soyc-scr2fc .VfPpkd-rymPhb-KkROqb,.VfPpkd-rymPhb-ibnC6b-OWXEXe-SfQLQb-M1Soyc-scr2fc .VfPpkd-rymPhb-KkROqb[dir=rtl]{margin-left:16px;margin-right:16px}.VfPpkd-rymPhb-ibnC6b-OWXEXe-SfQLQb-M1Soyc-scr2fc.VfPpkd-rymPhb-ibnC6b-OWXEXe-SfQLQb-aSi1db-MCEKJb .VfPpkd-rymPhb-KkROqb{align-self:flex-start;margin-top:16px}.VfPpkd-rymPhb-ibnC6b-OWXEXe-SfQLQb-M1Soyc-scr2fc.VfPpkd-rymPhb-ibnC6b-OWXEXe-SfQLQb-aSi1db-MCEKJb .VfPpkd-rymPhb-fpDzbe-fmcmS{display:block;margin-top:0;line-height:normal;margin-bottom:-20px}.VfPpkd-rymPhb-ibnC6b-OWXEXe-SfQLQb-M1Soyc-scr2fc.VfPpkd-rymPhb-ibnC6b-OWXEXe-SfQLQb-aSi1db-MCEKJb .VfPpkd-rymPhb-fpDzbe-fmcmS::before{display:inline-block;width:0;height:32px;content:"";vertical-align:0}.VfPpkd-rymPhb-ibnC6b-OWXEXe-SfQLQb-M1Soyc-scr2fc.VfPpkd-rymPhb-ibnC6b-OWXEXe-SfQLQb-aSi1db-MCEKJb .VfPpkd-rymPhb-fpDzbe-fmcmS::after{display:inline-block;width:0;height:20px;content:"";vertical-align:-20px}.VfPpkd-rymPhb-ibnC6b-OWXEXe-SfQLQb-M1Soyc-scr2fc.VfPpkd-rymPhb-ibnC6b-OWXEXe-SfQLQb-aSi1db-MCEKJb .VfPpkd-rymPhb-bC5pod-fmcmS{display:block;margin-top:0;line-height:normal;margin-bottom:-20px}.VfPpkd-rymPhb-ibnC6b-OWXEXe-SfQLQb-M1Soyc-scr2fc.VfPpkd-rymPhb-ibnC6b-OWXEXe-SfQLQb-aSi1db-MCEKJb .VfPpkd-rymPhb-bC5pod-fmcmS::before{display:inline-block;width:0;height:28px;content:"";vertical-align:0}.VfPpkd-rymPhb-ibnC6b-OWXEXe-SfQLQb-M1Soyc-scr2fc.VfPpkd-rymPhb-ibnC6b-OWXEXe-SfQLQb-aSi1db-MCEKJb .VfPpkd-rymPhb-bC5pod-fmcmS::after{display:inline-block;width:0;height:20px;content:"";vertical-align:-20px}.VfPpkd-rymPhb-ibnC6b-OWXEXe-SfQLQb-M1Soyc-scr2fc.VfPpkd-rymPhb-ibnC6b-OWXEXe-SfQLQb-aSi1db-MCEKJb.VfPpkd-rymPhb-ibnC6b-OWXEXe-SfQLQb-UbuQg-r4m2rf .VfPpkd-rymPhb-JMEf7e{display:block;margin-top:0;line-height:normal}.VfPpkd-rymPhb-ibnC6b-OWXEXe-SfQLQb-M1Soyc-scr2fc.VfPpkd-rymPhb-ibnC6b-OWXEXe-SfQLQb-aSi1db-MCEKJb.VfPpkd-rymPhb-ibnC6b-OWXEXe-SfQLQb-UbuQg-r4m2rf .VfPpkd-rymPhb-JMEf7e::before{display:inline-block;width:0;height:32px;content:"";vertical-align:0}.VfPpkd-rymPhb-ibnC6b-OWXEXe-SfQLQb-M1Soyc-scr2fc.VfPpkd-rymPhb-ibnC6b-OWXEXe-SfQLQb-Woal0c-RWgCYc{height:56px}.VfPpkd-rymPhb-ibnC6b-OWXEXe-SfQLQb-M1Soyc-scr2fc.VfPpkd-rymPhb-ibnC6b-OWXEXe-SfQLQb-aSi1db-MCEKJb{height:72px}.VfPpkd-rymPhb-ibnC6b-OWXEXe-SfQLQb-UbuQg-Bz112c.VfPpkd-rymPhb-ibnC6b{padding-left:auto;padding-right:0}[dir=rtl] .VfPpkd-rymPhb-ibnC6b-OWXEXe-SfQLQb-UbuQg-Bz112c.VfPpkd-rymPhb-ibnC6b,.VfPpkd-rymPhb-ibnC6b-OWXEXe-SfQLQb-UbuQg-Bz112c.VfPpkd-rymPhb-ibnC6b[dir=rtl]{padding-left:0;padding-right:auto}.VfPpkd-rymPhb-ibnC6b-OWXEXe-SfQLQb-UbuQg-Bz112c .VfPpkd-rymPhb-JMEf7e{margin-left:16px;margin-right:16px}[dir=rtl] .VfPpkd-rymPhb-ibnC6b-OWXEXe-SfQLQb-UbuQg-Bz112c .VfPpkd-rymPhb-JMEf7e,.VfPpkd-rymPhb-ibnC6b-OWXEXe-SfQLQb-UbuQg-Bz112c .VfPpkd-rymPhb-JMEf7e[dir=rtl]{margin-left:16px;margin-right:16px}.VfPpkd-rymPhb-ibnC6b-OWXEXe-SfQLQb-UbuQg-r4m2rf.VfPpkd-rymPhb-ibnC6b-OWXEXe-SfQLQb-aSi1db-MCEKJb .VfPpkd-rymPhb-JMEf7e,.VfPpkd-rymPhb-ibnC6b-OWXEXe-SfQLQb-UbuQg-r4m2rf.VfPpkd-rymPhb-ibnC6b-OWXEXe-SfQLQb-vfifzc-MCEKJb .VfPpkd-rymPhb-JMEf7e{align-self:flex-start;margin-top:0}.VfPpkd-rymPhb-ibnC6b-OWXEXe-SfQLQb-UbuQg-r4m2rf.VfPpkd-rymPhb-ibnC6b{padding-left:auto;padding-right:0}[dir=rtl] .VfPpkd-rymPhb-ibnC6b-OWXEXe-SfQLQb-UbuQg-r4m2rf.VfPpkd-rymPhb-ibnC6b,.VfPpkd-rymPhb-ibnC6b-OWXEXe-SfQLQb-UbuQg-r4m2rf.VfPpkd-rymPhb-ibnC6b[dir=rtl]{padding-left:0;padding-right:auto}.VfPpkd-rymPhb-ibnC6b-OWXEXe-SfQLQb-UbuQg-r4m2rf .VfPpkd-rymPhb-JMEf7e{margin-left:28px;margin-right:16px}[dir=rtl] .VfPpkd-rymPhb-ibnC6b-OWXEXe-SfQLQb-UbuQg-r4m2rf .VfPpkd-rymPhb-JMEf7e,.VfPpkd-rymPhb-ibnC6b-OWXEXe-SfQLQb-UbuQg-r4m2rf .VfPpkd-rymPhb-JMEf7e[dir=rtl]{margin-left:16px;margin-right:28px}.VfPpkd-rymPhb-ibnC6b-OWXEXe-SfQLQb-UbuQg-r4m2rf.VfPpkd-rymPhb-ibnC6b-OWXEXe-SfQLQb-aSi1db-MCEKJb .VfPpkd-rymPhb-JMEf7e{display:block;margin-top:0;line-height:normal}.VfPpkd-rymPhb-ibnC6b-OWXEXe-SfQLQb-UbuQg-r4m2rf.VfPpkd-rymPhb-ibnC6b-OWXEXe-SfQLQb-aSi1db-MCEKJb .VfPpkd-rymPhb-JMEf7e::before{display:inline-block;width:0;height:28px;content:"";vertical-align:0}.VfPpkd-rymPhb-ibnC6b-OWXEXe-SfQLQb-UbuQg-r4m2rf.VfPpkd-rymPhb-ibnC6b-OWXEXe-SfQLQb-vfifzc-MCEKJb .VfPpkd-rymPhb-JMEf7e{display:block;margin-top:0;line-height:normal}.VfPpkd-rymPhb-ibnC6b-OWXEXe-SfQLQb-UbuQg-r4m2rf.VfPpkd-rymPhb-ibnC6b-OWXEXe-SfQLQb-vfifzc-MCEKJb .VfPpkd-rymPhb-JMEf7e::before{display:inline-block;width:0;height:28px;content:"";vertical-align:0}.VfPpkd-rymPhb-ibnC6b-OWXEXe-SfQLQb-UbuQg-r4m2rf .VfPpkd-rymPhb-JMEf7e{-moz-osx-font-smoothing:grayscale;-webkit-font-smoothing:antialiased;font-family:Roboto,sans-serif;font-family:var(--mdc-typography-caption-font-family,var(--mdc-typography-font-family,Roboto,sans-serif));font-size:.75rem;font-size:var(--mdc-typography-caption-font-size,.75rem);line-height:1.25rem;line-height:var(--mdc-typography-caption-line-height,1.25rem);font-weight:400;font-weight:var(--mdc-typography-caption-font-weight,400);letter-spacing:.0333333333em;letter-spacing:var(--mdc-typography-caption-letter-spacing,.0333333333em);text-decoration:inherit;-webkit-text-decoration:var(--mdc-typography-caption-text-decoration,inherit);text-decoration:var(--mdc-typography-caption-text-decoration,inherit);text-transform:inherit;text-transform:var(--mdc-typography-caption-text-transform,inherit)}.VfPpkd-rymPhb-ibnC6b-OWXEXe-SfQLQb-UbuQg-MPu53c.VfPpkd-rymPhb-ibnC6b{padding-left:auto;padding-right:0}[dir=rtl] .VfPpkd-rymPhb-ibnC6b-OWXEXe-SfQLQb-UbuQg-MPu53c.VfPpkd-rymPhb-ibnC6b,.VfPpkd-rymPhb-ibnC6b-OWXEXe-SfQLQb-UbuQg-MPu53c.VfPpkd-rymPhb-ibnC6b[dir=rtl]{padding-left:0;padding-right:auto}.VfPpkd-rymPhb-ibnC6b-OWXEXe-SfQLQb-UbuQg-MPu53c .VfPpkd-rymPhb-JMEf7e{margin-left:24px;margin-right:8px}[dir=rtl] .VfPpkd-rymPhb-ibnC6b-OWXEXe-SfQLQb-UbuQg-MPu53c .VfPpkd-rymPhb-JMEf7e,.VfPpkd-rymPhb-ibnC6b-OWXEXe-SfQLQb-UbuQg-MPu53c .VfPpkd-rymPhb-JMEf7e[dir=rtl]{margin-left:8px;margin-right:24px}.VfPpkd-rymPhb-ibnC6b-OWXEXe-SfQLQb-UbuQg-MPu53c.VfPpkd-rymPhb-ibnC6b-OWXEXe-SfQLQb-vfifzc-MCEKJb .VfPpkd-rymPhb-JMEf7e{align-self:flex-start;margin-top:8px}.VfPpkd-rymPhb-ibnC6b-OWXEXe-SfQLQb-UbuQg-GCYh9b.VfPpkd-rymPhb-ibnC6b{padding-left:auto;padding-right:0}[dir=rtl] .VfPpkd-rymPhb-ibnC6b-OWXEXe-SfQLQb-UbuQg-GCYh9b.VfPpkd-rymPhb-ibnC6b,.VfPpkd-rymPhb-ibnC6b-OWXEXe-SfQLQb-UbuQg-GCYh9b.VfPpkd-rymPhb-ibnC6b[dir=rtl]{padding-left:0;padding-right:auto}.VfPpkd-rymPhb-ibnC6b-OWXEXe-SfQLQb-UbuQg-GCYh9b .VfPpkd-rymPhb-JMEf7e{margin-left:24px;margin-right:8px}[dir=rtl] .VfPpkd-rymPhb-ibnC6b-OWXEXe-SfQLQb-UbuQg-GCYh9b .VfPpkd-rymPhb-JMEf7e,.VfPpkd-rymPhb-ibnC6b-OWXEXe-SfQLQb-UbuQg-GCYh9b .VfPpkd-rymPhb-JMEf7e[dir=rtl]{margin-left:8px;margin-right:24px}.VfPpkd-rymPhb-ibnC6b-OWXEXe-SfQLQb-UbuQg-GCYh9b.VfPpkd-rymPhb-ibnC6b-OWXEXe-SfQLQb-vfifzc-MCEKJb .VfPpkd-rymPhb-JMEf7e{align-self:flex-start;margin-top:8px}.VfPpkd-rymPhb-ibnC6b-OWXEXe-SfQLQb-UbuQg-scr2fc.VfPpkd-rymPhb-ibnC6b{padding-left:auto;padding-right:0}[dir=rtl] .VfPpkd-rymPhb-ibnC6b-OWXEXe-SfQLQb-UbuQg-scr2fc.VfPpkd-rymPhb-ibnC6b,.VfPpkd-rymPhb-ibnC6b-OWXEXe-SfQLQb-UbuQg-scr2fc.VfPpkd-rymPhb-ibnC6b[dir=rtl]{padding-left:0;padding-right:auto}.VfPpkd-rymPhb-ibnC6b-OWXEXe-SfQLQb-UbuQg-scr2fc .VfPpkd-rymPhb-JMEf7e{margin-left:16px;margin-right:16px}[dir=rtl] .VfPpkd-rymPhb-ibnC6b-OWXEXe-SfQLQb-UbuQg-scr2fc .VfPpkd-rymPhb-JMEf7e,.VfPpkd-rymPhb-ibnC6b-OWXEXe-SfQLQb-UbuQg-scr2fc .VfPpkd-rymPhb-JMEf7e[dir=rtl]{margin-left:16px;margin-right:16px}.VfPpkd-rymPhb-ibnC6b-OWXEXe-SfQLQb-UbuQg-scr2fc.VfPpkd-rymPhb-ibnC6b-OWXEXe-SfQLQb-vfifzc-MCEKJb .VfPpkd-rymPhb-JMEf7e{align-self:flex-start;margin-top:16px}.VfPpkd-rymPhb-ibnC6b-OWXEXe-SfQLQb-BYmFj.VfPpkd-rymPhb-ibnC6b-OWXEXe-SfQLQb-aSi1db-MCEKJb .VfPpkd-rymPhb-fpDzbe-fmcmS{display:block;margin-top:0;line-height:normal}.VfPpkd-rymPhb-ibnC6b-OWXEXe-SfQLQb-BYmFj.VfPpkd-rymPhb-ibnC6b-OWXEXe-SfQLQb-aSi1db-MCEKJb .VfPpkd-rymPhb-fpDzbe-fmcmS::before{display:inline-block;width:0;height:20px;content:"";vertical-align:0}.VfPpkd-rymPhb-ibnC6b-OWXEXe-SfQLQb-BYmFj.VfPpkd-rymPhb-ibnC6b-OWXEXe-SfQLQb-vfifzc-MCEKJb .VfPpkd-rymPhb-fpDzbe-fmcmS{display:block;margin-top:0;line-height:normal}.VfPpkd-rymPhb-ibnC6b-OWXEXe-SfQLQb-BYmFj.VfPpkd-rymPhb-ibnC6b-OWXEXe-SfQLQb-vfifzc-MCEKJb .VfPpkd-rymPhb-fpDzbe-fmcmS::before{display:inline-block;width:0;height:20px;content:"";vertical-align:0}.VfPpkd-rymPhb-ibnC6b{padding-left:16px;padding-right:16px}[dir=rtl] .VfPpkd-rymPhb-ibnC6b,.VfPpkd-rymPhb-ibnC6b[dir=rtl]{padding-left:16px;padding-right:16px}.VfPpkd-rymPhb-JNdkSc .VfPpkd-StrnGf-rymPhb{padding:0}.VfPpkd-rymPhb-oT7voc{margin:.75rem 16px}.VfPpkd-rymPhb-clz4Ic{padding:0;background-clip:content-box}.VfPpkd-rymPhb-clz4Ic.VfPpkd-rymPhb-clz4Ic-OWXEXe-SfQLQb-M1Soyc-YbohUe,.VfPpkd-rymPhb-clz4Ic-OWXEXe-SfQLQb-M1Soyc-fmcmS.VfPpkd-rymPhb-clz4Ic-OWXEXe-SfQLQb-M1Soyc-YbohUe,.VfPpkd-rymPhb-clz4Ic-OWXEXe-SfQLQb-M1Soyc-Bz112c.VfPpkd-rymPhb-clz4Ic-OWXEXe-SfQLQb-M1Soyc-YbohUe,.VfPpkd-rymPhb-clz4Ic-OWXEXe-SfQLQb-M1Soyc-HiaYvf.VfPpkd-rymPhb-clz4Ic-OWXEXe-SfQLQb-M1Soyc-YbohUe,.VfPpkd-rymPhb-clz4Ic-OWXEXe-SfQLQb-M1Soyc-JUCs7e.VfPpkd-rymPhb-clz4Ic-OWXEXe-SfQLQb-M1Soyc-YbohUe,.VfPpkd-rymPhb-clz4Ic-OWXEXe-SfQLQb-M1Soyc-YLEF4c.VfPpkd-rymPhb-clz4Ic-OWXEXe-SfQLQb-M1Soyc-YbohUe,.VfPpkd-rymPhb-clz4Ic-OWXEXe-SfQLQb-M1Soyc-MPu53c.VfPpkd-rymPhb-clz4Ic-OWXEXe-SfQLQb-M1Soyc-YbohUe,.VfPpkd-rymPhb-clz4Ic-OWXEXe-SfQLQb-M1Soyc-scr2fc.VfPpkd-rymPhb-clz4Ic-OWXEXe-SfQLQb-M1Soyc-YbohUe,.VfPpkd-rymPhb-clz4Ic-OWXEXe-SfQLQb-M1Soyc-GCYh9b.VfPpkd-rymPhb-clz4Ic-OWXEXe-SfQLQb-M1Soyc-YbohUe{padding-left:16px;padding-right:auto}[dir=rtl] .VfPpkd-rymPhb-clz4Ic.VfPpkd-rymPhb-clz4Ic-OWXEXe-SfQLQb-M1Soyc-YbohUe,[dir=rtl] .VfPpkd-rymPhb-clz4Ic-OWXEXe-SfQLQb-M1Soyc-fmcmS.VfPpkd-rymPhb-clz4Ic-OWXEXe-SfQLQb-M1Soyc-YbohUe,[dir=rtl] .VfPpkd-rymPhb-clz4Ic-OWXEXe-SfQLQb-M1Soyc-Bz112c.VfPpkd-rymPhb-clz4Ic-OWXEXe-SfQLQb-M1Soyc-YbohUe,[dir=rtl] .VfPpkd-rymPhb-clz4Ic-OWXEXe-SfQLQb-M1Soyc-HiaYvf.VfPpkd-rymPhb-clz4Ic-OWXEXe-SfQLQb-M1Soyc-YbohUe,[dir=rtl] .VfPpkd-rymPhb-clz4Ic-OWXEXe-SfQLQb-M1Soyc-JUCs7e.VfPpkd-rymPhb-clz4Ic-OWXEXe-SfQLQb-M1Soyc-YbohUe,[dir=rtl] .VfPpkd-rymPhb-clz4Ic-OWXEXe-SfQLQb-M1Soyc-YLEF4c.VfPpkd-rymPhb-clz4Ic-OWXEXe-SfQLQb-M1Soyc-YbohUe,[dir=rtl] .VfPpkd-rymPhb-clz4Ic-OWXEXe-SfQLQb-M1Soyc-MPu53c.VfPpkd-rymPhb-clz4Ic-OWXEXe-SfQLQb-M1Soyc-YbohUe,[dir=rtl] .VfPpkd-rymPhb-clz4Ic-OWXEXe-SfQLQb-M1Soyc-scr2fc.VfPpkd-rymPhb-clz4Ic-OWXEXe-SfQLQb-M1Soyc-YbohUe,[dir=rtl] .VfPpkd-rymPhb-clz4Ic-OWXEXe-SfQLQb-M1Soyc-GCYh9b.VfPpkd-rymPhb-clz4Ic-OWXEXe-SfQLQb-M1Soyc-YbohUe,.VfPpkd-rymPhb-clz4Ic.VfPpkd-rymPhb-clz4Ic-OWXEXe-SfQLQb-M1Soyc-YbohUe[dir=rtl],.VfPpkd-rymPhb-clz4Ic-OWXEXe-SfQLQb-M1Soyc-fmcmS.VfPpkd-rymPhb-clz4Ic-OWXEXe-SfQLQb-M1Soyc-YbohUe[dir=rtl],.VfPpkd-rymPhb-clz4Ic-OWXEXe-SfQLQb-M1Soyc-Bz112c.VfPpkd-rymPhb-clz4Ic-OWXEXe-SfQLQb-M1Soyc-YbohUe[dir=rtl],.VfPpkd-rymPhb-clz4Ic-OWXEXe-SfQLQb-M1Soyc-HiaYvf.VfPpkd-rymPhb-clz4Ic-OWXEXe-SfQLQb-M1Soyc-YbohUe[dir=rtl],.VfPpkd-rymPhb-clz4Ic-OWXEXe-SfQLQb-M1Soyc-JUCs7e.VfPpkd-rymPhb-clz4Ic-OWXEXe-SfQLQb-M1Soyc-YbohUe[dir=rtl],.VfPpkd-rymPhb-clz4Ic-OWXEXe-SfQLQb-M1Soyc-YLEF4c.VfPpkd-rymPhb-clz4Ic-OWXEXe-SfQLQb-M1Soyc-YbohUe[dir=rtl],.VfPpkd-rymPhb-clz4Ic-OWXEXe-SfQLQb-M1Soyc-MPu53c.VfPpkd-rymPhb-clz4Ic-OWXEXe-SfQLQb-M1Soyc-YbohUe[dir=rtl],.VfPpkd-rymPhb-clz4Ic-OWXEXe-SfQLQb-M1Soyc-scr2fc.VfPpkd-rymPhb-clz4Ic-OWXEXe-SfQLQb-M1Soyc-YbohUe[dir=rtl],.VfPpkd-rymPhb-clz4Ic-OWXEXe-SfQLQb-M1Soyc-GCYh9b.VfPpkd-rymPhb-clz4Ic-OWXEXe-SfQLQb-M1Soyc-YbohUe[dir=rtl]{padding-left:auto;padding-right:16px}.VfPpkd-rymPhb-clz4Ic.VfPpkd-rymPhb-clz4Ic-OWXEXe-SfQLQb-UbuQg-YbohUe,.VfPpkd-rymPhb-clz4Ic-OWXEXe-SfQLQb-M1Soyc-fmcmS.VfPpkd-rymPhb-clz4Ic-OWXEXe-SfQLQb-UbuQg-YbohUe,.VfPpkd-rymPhb-clz4Ic-OWXEXe-SfQLQb-M1Soyc-Bz112c.VfPpkd-rymPhb-clz4Ic-OWXEXe-SfQLQb-UbuQg-YbohUe,.VfPpkd-rymPhb-clz4Ic-OWXEXe-SfQLQb-M1Soyc-HiaYvf.VfPpkd-rymPhb-clz4Ic-OWXEXe-SfQLQb-UbuQg-YbohUe,.VfPpkd-rymPhb-clz4Ic-OWXEXe-SfQLQb-M1Soyc-JUCs7e.VfPpkd-rymPhb-clz4Ic-OWXEXe-SfQLQb-UbuQg-YbohUe,.VfPpkd-rymPhb-clz4Ic-OWXEXe-SfQLQb-M1Soyc-YLEF4c.VfPpkd-rymPhb-clz4Ic-OWXEXe-SfQLQb-UbuQg-YbohUe,.VfPpkd-rymPhb-clz4Ic-OWXEXe-SfQLQb-M1Soyc-MPu53c.VfPpkd-rymPhb-clz4Ic-OWXEXe-SfQLQb-UbuQg-YbohUe,.VfPpkd-rymPhb-clz4Ic-OWXEXe-SfQLQb-M1Soyc-scr2fc.VfPpkd-rymPhb-clz4Ic-OWXEXe-SfQLQb-UbuQg-YbohUe,.VfPpkd-rymPhb-clz4Ic-OWXEXe-SfQLQb-M1Soyc-GCYh9b.VfPpkd-rymPhb-clz4Ic-OWXEXe-SfQLQb-UbuQg-YbohUe{padding-left:auto;padding-right:16px}[dir=rtl] .VfPpkd-rymPhb-clz4Ic.VfPpkd-rymPhb-clz4Ic-OWXEXe-SfQLQb-UbuQg-YbohUe,[dir=rtl] .VfPpkd-rymPhb-clz4Ic-OWXEXe-SfQLQb-M1Soyc-fmcmS.VfPpkd-rymPhb-clz4Ic-OWXEXe-SfQLQb-UbuQg-YbohUe,[dir=rtl] .VfPpkd-rymPhb-clz4Ic-OWXEXe-SfQLQb-M1Soyc-Bz112c.VfPpkd-rymPhb-clz4Ic-OWXEXe-SfQLQb-UbuQg-YbohUe,[dir=rtl] .VfPpkd-rymPhb-clz4Ic-OWXEXe-SfQLQb-M1Soyc-HiaYvf.VfPpkd-rymPhb-clz4Ic-OWXEXe-SfQLQb-UbuQg-YbohUe,[dir=rtl] .VfPpkd-rymPhb-clz4Ic-OWXEXe-SfQLQb-M1Soyc-JUCs7e.VfPpkd-rymPhb-clz4Ic-OWXEXe-SfQLQb-UbuQg-YbohUe,[dir=rtl] .VfPpkd-rymPhb-clz4Ic-OWXEXe-SfQLQb-M1Soyc-YLEF4c.VfPpkd-rymPhb-clz4Ic-OWXEXe-SfQLQb-UbuQg-YbohUe,[dir=rtl] .VfPpkd-rymPhb-clz4Ic-OWXEXe-SfQLQb-M1Soyc-MPu53c.VfPpkd-rymPhb-clz4Ic-OWXEXe-SfQLQb-UbuQg-YbohUe,[dir=rtl] .VfPpkd-rymPhb-clz4Ic-OWXEXe-SfQLQb-M1Soyc-scr2fc.VfPpkd-rymPhb-clz4Ic-OWXEXe-SfQLQb-UbuQg-YbohUe,[dir=rtl] .VfPpkd-rymPhb-clz4Ic-OWXEXe-SfQLQb-M1Soyc-GCYh9b.VfPpkd-rymPhb-clz4Ic-OWXEXe-SfQLQb-UbuQg-YbohUe,.VfPpkd-rymPhb-clz4Ic.VfPpkd-rymPhb-clz4Ic-OWXEXe-SfQLQb-UbuQg-YbohUe[dir=rtl],.VfPpkd-rymPhb-clz4Ic-OWXEXe-SfQLQb-M1Soyc-fmcmS.VfPpkd-rymPhb-clz4Ic-OWXEXe-SfQLQb-UbuQg-YbohUe[dir=rtl],.VfPpkd-rymPhb-clz4Ic-OWXEXe-SfQLQb-M1Soyc-Bz112c.VfPpkd-rymPhb-clz4Ic-OWXEXe-SfQLQb-UbuQg-YbohUe[dir=rtl],.VfPpkd-rymPhb-clz4Ic-OWXEXe-SfQLQb-M1Soyc-HiaYvf.VfPpkd-rymPhb-clz4Ic-OWXEXe-SfQLQb-UbuQg-YbohUe[dir=rtl],.VfPpkd-rymPhb-clz4Ic-OWXEXe-SfQLQb-M1Soyc-JUCs7e.VfPpkd-rymPhb-clz4Ic-OWXEXe-SfQLQb-UbuQg-YbohUe[dir=rtl],.VfPpkd-rymPhb-clz4Ic-OWXEXe-SfQLQb-M1Soyc-YLEF4c.VfPpkd-rymPhb-clz4Ic-OWXEXe-SfQLQb-UbuQg-YbohUe[dir=rtl],.VfPpkd-rymPhb-clz4Ic-OWXEXe-SfQLQb-M1Soyc-MPu53c.VfPpkd-rymPhb-clz4Ic-OWXEXe-SfQLQb-UbuQg-YbohUe[dir=rtl],.VfPpkd-rymPhb-clz4Ic-OWXEXe-SfQLQb-M1Soyc-scr2fc.VfPpkd-rymPhb-clz4Ic-OWXEXe-SfQLQb-UbuQg-YbohUe[dir=rtl],.VfPpkd-rymPhb-clz4Ic-OWXEXe-SfQLQb-M1Soyc-GCYh9b.VfPpkd-rymPhb-clz4Ic-OWXEXe-SfQLQb-UbuQg-YbohUe[dir=rtl]{padding-left:16px;padding-right:auto}.VfPpkd-rymPhb-clz4Ic-OWXEXe-SfQLQb-M1Soyc-aTv5jf.VfPpkd-rymPhb-clz4Ic-OWXEXe-SfQLQb-M1Soyc-YbohUe{padding-left:0;padding-right:auto}[dir=rtl] .VfPpkd-rymPhb-clz4Ic-OWXEXe-SfQLQb-M1Soyc-aTv5jf.VfPpkd-rymPhb-clz4Ic-OWXEXe-SfQLQb-M1Soyc-YbohUe,.VfPpkd-rymPhb-clz4Ic-OWXEXe-SfQLQb-M1Soyc-aTv5jf.VfPpkd-rymPhb-clz4Ic-OWXEXe-SfQLQb-M1Soyc-YbohUe[dir=rtl]{padding-left:auto;padding-right:0}[dir=rtl] .VfPpkd-rymPhb-clz4Ic,.VfPpkd-rymPhb-clz4Ic[dir=rtl]{padding:0}:not(.VfPpkd-StrnGf-rymPhb-ibnC6b-OWXEXe-OWB6Me).VfPpkd-StrnGf-rymPhb-ibnC6b{--mdc-ripple-fg-size:0;--mdc-ripple-left:0;--mdc-ripple-top:0;--mdc-ripple-fg-scale:1;--mdc-ripple-fg-translate-end:0;--mdc-ripple-fg-translate-start:0;-webkit-tap-highlight-color:rgba(0,0,0,0);will-change:transform,opacity}:not(.VfPpkd-StrnGf-rymPhb-ibnC6b-OWXEXe-OWB6Me).VfPpkd-StrnGf-rymPhb-ibnC6b .VfPpkd-StrnGf-rymPhb-pZXsl::before,:not(.VfPpkd-StrnGf-rymPhb-ibnC6b-OWXEXe-OWB6Me).VfPpkd-StrnGf-rymPhb-ibnC6b .VfPpkd-StrnGf-rymPhb-pZXsl::after{position:absolute;border-radius:50%;opacity:0;pointer-events:none;content:""}:not(.VfPpkd-StrnGf-rymPhb-ibnC6b-OWXEXe-OWB6Me).VfPpkd-StrnGf-rymPhb-ibnC6b .VfPpkd-StrnGf-rymPhb-pZXsl::before{transition:opacity 15ms linear,background-color 15ms linear;z-index:1;z-index:var(--mdc-ripple-z-index,1)}:not(.VfPpkd-StrnGf-rymPhb-ibnC6b-OWXEXe-OWB6Me).VfPpkd-StrnGf-rymPhb-ibnC6b .VfPpkd-StrnGf-rymPhb-pZXsl::after{z-index:0;z-index:var(--mdc-ripple-z-index,0)}:not(.VfPpkd-StrnGf-rymPhb-ibnC6b-OWXEXe-OWB6Me).VfPpkd-StrnGf-rymPhb-ibnC6b.VfPpkd-ksKsZd-mWPk3d .VfPpkd-StrnGf-rymPhb-pZXsl::before{transform:scale(var(--mdc-ripple-fg-scale,1))}:not(.VfPpkd-StrnGf-rymPhb-ibnC6b-OWXEXe-OWB6Me).VfPpkd-StrnGf-rymPhb-ibnC6b.VfPpkd-ksKsZd-mWPk3d .VfPpkd-StrnGf-rymPhb-pZXsl::after{top:0;left:0;transform:scale(0);transform-origin:center center}:not(.VfPpkd-StrnGf-rymPhb-ibnC6b-OWXEXe-OWB6Me).VfPpkd-StrnGf-rymPhb-ibnC6b.VfPpkd-ksKsZd-mWPk3d-OWXEXe-ZNMTqd .VfPpkd-StrnGf-rymPhb-pZXsl::after{top:var(--mdc-ripple-top,0);left:var(--mdc-ripple-left,0)}:not(.VfPpkd-StrnGf-rymPhb-ibnC6b-OWXEXe-OWB6Me).VfPpkd-StrnGf-rymPhb-ibnC6b.VfPpkd-ksKsZd-mWPk3d-OWXEXe-Tv8l5d-lJfZMc .VfPpkd-StrnGf-rymPhb-pZXsl::after{animation:mdc-ripple-fg-radius-in 225ms forwards,mdc-ripple-fg-opacity-in 75ms forwards}:not(.VfPpkd-StrnGf-rymPhb-ibnC6b-OWXEXe-OWB6Me).VfPpkd-StrnGf-rymPhb-ibnC6b.VfPpkd-ksKsZd-mWPk3d-OWXEXe-Tv8l5d-OmS1vf .VfPpkd-StrnGf-rymPhb-pZXsl::after{animation:mdc-ripple-fg-opacity-out .15s;transform:translate(var(--mdc-ripple-fg-translate-end,0)) scale(var(--mdc-ripple-fg-scale,1))}:not(.VfPpkd-StrnGf-rymPhb-ibnC6b-OWXEXe-OWB6Me).VfPpkd-StrnGf-rymPhb-ibnC6b .VfPpkd-rymPhb-pZXsl::before,:not(.VfPpkd-StrnGf-rymPhb-ibnC6b-OWXEXe-OWB6Me).VfPpkd-StrnGf-rymPhb-ibnC6b .VfPpkd-rymPhb-pZXsl::after{position:absolute;border-radius:50%;opacity:0;pointer-events:none;content:""}:not(.VfPpkd-StrnGf-rymPhb-ibnC6b-OWXEXe-OWB6Me).VfPpkd-StrnGf-rymPhb-ibnC6b .VfPpkd-rymPhb-pZXsl::before{transition:opacity 15ms linear,background-color 15ms linear;z-index:1;z-index:var(--mdc-ripple-z-index,1)}:not(.VfPpkd-StrnGf-rymPhb-ibnC6b-OWXEXe-OWB6Me).VfPpkd-StrnGf-rymPhb-ibnC6b .VfPpkd-rymPhb-pZXsl::after{z-index:0;z-index:var(--mdc-ripple-z-index,0)}:not(.VfPpkd-StrnGf-rymPhb-ibnC6b-OWXEXe-OWB6Me).VfPpkd-StrnGf-rymPhb-ibnC6b.VfPpkd-ksKsZd-mWPk3d .VfPpkd-rymPhb-pZXsl::before{transform:scale(var(--mdc-ripple-fg-scale,1))}:not(.VfPpkd-StrnGf-rymPhb-ibnC6b-OWXEXe-OWB6Me).VfPpkd-StrnGf-rymPhb-ibnC6b.VfPpkd-ksKsZd-mWPk3d .VfPpkd-rymPhb-pZXsl::after{top:0;left:0;transform:scale(0);transform-origin:center center}:not(.VfPpkd-StrnGf-rymPhb-ibnC6b-OWXEXe-OWB6Me).VfPpkd-StrnGf-rymPhb-ibnC6b.VfPpkd-ksKsZd-mWPk3d-OWXEXe-ZNMTqd .VfPpkd-rymPhb-pZXsl::after{top:var(--mdc-ripple-top,0);left:var(--mdc-ripple-left,0)}:not(.VfPpkd-StrnGf-rymPhb-ibnC6b-OWXEXe-OWB6Me).VfPpkd-StrnGf-rymPhb-ibnC6b.VfPpkd-ksKsZd-mWPk3d-OWXEXe-Tv8l5d-lJfZMc .VfPpkd-rymPhb-pZXsl::after{animation:mdc-ripple-fg-radius-in 225ms forwards,mdc-ripple-fg-opacity-in 75ms forwards}:not(.VfPpkd-StrnGf-rymPhb-ibnC6b-OWXEXe-OWB6Me).VfPpkd-StrnGf-rymPhb-ibnC6b.VfPpkd-ksKsZd-mWPk3d-OWXEXe-Tv8l5d-OmS1vf .VfPpkd-rymPhb-pZXsl::after{animation:mdc-ripple-fg-opacity-out .15s;transform:translate(var(--mdc-ripple-fg-translate-end,0)) scale(var(--mdc-ripple-fg-scale,1))}:not(.VfPpkd-StrnGf-rymPhb-ibnC6b-OWXEXe-OWB6Me).VfPpkd-StrnGf-rymPhb-ibnC6b .VfPpkd-StrnGf-rymPhb-pZXsl::before,:not(.VfPpkd-StrnGf-rymPhb-ibnC6b-OWXEXe-OWB6Me).VfPpkd-StrnGf-rymPhb-ibnC6b .VfPpkd-StrnGf-rymPhb-pZXsl::after{top:-50%;left:-50%;width:200%;height:200%}:not(.VfPpkd-StrnGf-rymPhb-ibnC6b-OWXEXe-OWB6Me).VfPpkd-StrnGf-rymPhb-ibnC6b.VfPpkd-ksKsZd-mWPk3d .VfPpkd-StrnGf-rymPhb-pZXsl::after{width:var(--mdc-ripple-fg-size,100%);height:var(--mdc-ripple-fg-size,100%)}:not(.VfPpkd-StrnGf-rymPhb-ibnC6b-OWXEXe-OWB6Me).VfPpkd-StrnGf-rymPhb-ibnC6b .VfPpkd-rymPhb-pZXsl::before,:not(.VfPpkd-StrnGf-rymPhb-ibnC6b-OWXEXe-OWB6Me).VfPpkd-StrnGf-rymPhb-ibnC6b .VfPpkd-rymPhb-pZXsl::after{top:-50%;left:-50%;width:200%;height:200%}:not(.VfPpkd-StrnGf-rymPhb-ibnC6b-OWXEXe-OWB6Me).VfPpkd-StrnGf-rymPhb-ibnC6b.VfPpkd-ksKsZd-mWPk3d .VfPpkd-rymPhb-pZXsl::after{width:var(--mdc-ripple-fg-size,100%);height:var(--mdc-ripple-fg-size,100%)}:not(.VfPpkd-StrnGf-rymPhb-ibnC6b-OWXEXe-OWB6Me).VfPpkd-StrnGf-rymPhb-ibnC6b .VfPpkd-StrnGf-rymPhb-pZXsl::before,:not(.VfPpkd-StrnGf-rymPhb-ibnC6b-OWXEXe-OWB6Me).VfPpkd-StrnGf-rymPhb-ibnC6b .VfPpkd-StrnGf-rymPhb-pZXsl::after{background-color:#000;background-color:var(--mdc-ripple-color,#000)}:not(.VfPpkd-StrnGf-rymPhb-ibnC6b-OWXEXe-OWB6Me).VfPpkd-StrnGf-rymPhb-ibnC6b:hover .VfPpkd-StrnGf-rymPhb-pZXsl::before,:not(.VfPpkd-StrnGf-rymPhb-ibnC6b-OWXEXe-OWB6Me).VfPpkd-StrnGf-rymPhb-ibnC6b.VfPpkd-ksKsZd-XxIAqe-OWXEXe-ZmdkE .VfPpkd-StrnGf-rymPhb-pZXsl::before{opacity:.04;opacity:var(--mdc-ripple-hover-opacity,.04)}:not(.VfPpkd-StrnGf-rymPhb-ibnC6b-OWXEXe-OWB6Me).VfPpkd-StrnGf-rymPhb-ibnC6b.VfPpkd-ksKsZd-mWPk3d-OWXEXe-AHe6Kc-XpnDCe .VfPpkd-StrnGf-rymPhb-pZXsl::before,:not(.VfPpkd-StrnGf-rymPhb-ibnC6b-OWXEXe-OWB6Me).VfPpkd-StrnGf-rymPhb-ibnC6b:not(.VfPpkd-ksKsZd-mWPk3d):focus .VfPpkd-StrnGf-rymPhb-pZXsl::before{transition-duration:75ms;opacity:.12;opacity:var(--mdc-ripple-focus-opacity,.12)}:not(.VfPpkd-StrnGf-rymPhb-ibnC6b-OWXEXe-OWB6Me).VfPpkd-StrnGf-rymPhb-ibnC6b:not(.VfPpkd-ksKsZd-mWPk3d) .VfPpkd-StrnGf-rymPhb-pZXsl::after{transition:opacity .15s linear}:not(.VfPpkd-StrnGf-rymPhb-ibnC6b-OWXEXe-OWB6Me).VfPpkd-StrnGf-rymPhb-ibnC6b:not(.VfPpkd-ksKsZd-mWPk3d):active .VfPpkd-StrnGf-rymPhb-pZXsl::after{transition-duration:75ms;opacity:.12;opacity:var(--mdc-ripple-press-opacity,.12)}:not(.VfPpkd-StrnGf-rymPhb-ibnC6b-OWXEXe-OWB6Me).VfPpkd-StrnGf-rymPhb-ibnC6b .VfPpkd-rymPhb-pZXsl::before,:not(.VfPpkd-StrnGf-rymPhb-ibnC6b-OWXEXe-OWB6Me).VfPpkd-StrnGf-rymPhb-ibnC6b .VfPpkd-rymPhb-pZXsl::after{background-color:#000;background-color:var(--mdc-ripple-color,#000)}:not(.VfPpkd-StrnGf-rymPhb-ibnC6b-OWXEXe-OWB6Me).VfPpkd-StrnGf-rymPhb-ibnC6b:hover .VfPpkd-rymPhb-pZXsl::before,:not(.VfPpkd-StrnGf-rymPhb-ibnC6b-OWXEXe-OWB6Me).VfPpkd-StrnGf-rymPhb-ibnC6b.VfPpkd-ksKsZd-XxIAqe-OWXEXe-ZmdkE .VfPpkd-rymPhb-pZXsl::before{opacity:.04;opacity:var(--mdc-ripple-hover-opacity,.04)}:not(.VfPpkd-StrnGf-rymPhb-ibnC6b-OWXEXe-OWB6Me).VfPpkd-StrnGf-rymPhb-ibnC6b.VfPpkd-ksKsZd-mWPk3d-OWXEXe-AHe6Kc-XpnDCe .VfPpkd-rymPhb-pZXsl::before,:not(.VfPpkd-StrnGf-rymPhb-ibnC6b-OWXEXe-OWB6Me).VfPpkd-StrnGf-rymPhb-ibnC6b:not(.VfPpkd-ksKsZd-mWPk3d):focus .VfPpkd-rymPhb-pZXsl::before{transition-duration:75ms;opacity:.12;opacity:var(--mdc-ripple-focus-opacity,.12)}:not(.VfPpkd-StrnGf-rymPhb-ibnC6b-OWXEXe-OWB6Me).VfPpkd-StrnGf-rymPhb-ibnC6b:not(.VfPpkd-ksKsZd-mWPk3d) .VfPpkd-rymPhb-pZXsl::after{transition:opacity .15s linear}:not(.VfPpkd-StrnGf-rymPhb-ibnC6b-OWXEXe-OWB6Me).VfPpkd-StrnGf-rymPhb-ibnC6b:not(.VfPpkd-ksKsZd-mWPk3d):active .VfPpkd-rymPhb-pZXsl::after{transition-duration:75ms;opacity:.12;opacity:var(--mdc-ripple-press-opacity,.12)}:not(.VfPpkd-StrnGf-rymPhb-ibnC6b-OWXEXe-OWB6Me).VfPpkd-StrnGf-rymPhb-ibnC6b.VfPpkd-ksKsZd-mWPk3d{--mdc-ripple-fg-opacity:var(--mdc-ripple-press-opacity,0.12)}:not(.VfPpkd-StrnGf-rymPhb-ibnC6b-OWXEXe-OWB6Me).VfPpkd-StrnGf-rymPhb-ibnC6b-OWXEXe-pXU01b .VfPpkd-StrnGf-rymPhb-pZXsl::before{opacity:.12;opacity:var(--mdc-ripple-activated-opacity,.12)}:not(.VfPpkd-StrnGf-rymPhb-ibnC6b-OWXEXe-OWB6Me).VfPpkd-StrnGf-rymPhb-ibnC6b-OWXEXe-pXU01b .VfPpkd-StrnGf-rymPhb-pZXsl::before,:not(.VfPpkd-StrnGf-rymPhb-ibnC6b-OWXEXe-OWB6Me).VfPpkd-StrnGf-rymPhb-ibnC6b-OWXEXe-pXU01b .VfPpkd-StrnGf-rymPhb-pZXsl::after{background-color:#6200ee;background-color:var(--mdc-ripple-color,var(--mdc-theme-primary,#6200ee))}:not(.VfPpkd-StrnGf-rymPhb-ibnC6b-OWXEXe-OWB6Me).VfPpkd-StrnGf-rymPhb-ibnC6b-OWXEXe-pXU01b:hover .VfPpkd-StrnGf-rymPhb-pZXsl::before,:not(.VfPpkd-StrnGf-rymPhb-ibnC6b-OWXEXe-OWB6Me).VfPpkd-StrnGf-rymPhb-ibnC6b-OWXEXe-pXU01b.VfPpkd-ksKsZd-XxIAqe-OWXEXe-ZmdkE .VfPpkd-StrnGf-rymPhb-pZXsl::before{opacity:.16;opacity:var(--mdc-ripple-hover-opacity,.16)}:not(.VfPpkd-StrnGf-rymPhb-ibnC6b-OWXEXe-OWB6Me).VfPpkd-StrnGf-rymPhb-ibnC6b-OWXEXe-pXU01b.VfPpkd-ksKsZd-mWPk3d-OWXEXe-AHe6Kc-XpnDCe .VfPpkd-StrnGf-rymPhb-pZXsl::before,:not(.VfPpkd-StrnGf-rymPhb-ibnC6b-OWXEXe-OWB6Me).VfPpkd-StrnGf-rymPhb-ibnC6b-OWXEXe-pXU01b:not(.VfPpkd-ksKsZd-mWPk3d):focus .VfPpkd-StrnGf-rymPhb-pZXsl::before{transition-duration:75ms;opacity:.24;opacity:var(--mdc-ripple-focus-opacity,.24)}:not(.VfPpkd-StrnGf-rymPhb-ibnC6b-OWXEXe-OWB6Me).VfPpkd-StrnGf-rymPhb-ibnC6b-OWXEXe-pXU01b:not(.VfPpkd-ksKsZd-mWPk3d) .VfPpkd-StrnGf-rymPhb-pZXsl::after{transition:opacity .15s linear}:not(.VfPpkd-StrnGf-rymPhb-ibnC6b-OWXEXe-OWB6Me).VfPpkd-StrnGf-rymPhb-ibnC6b-OWXEXe-pXU01b:not(.VfPpkd-ksKsZd-mWPk3d):active .VfPpkd-StrnGf-rymPhb-pZXsl::after{transition-duration:75ms;opacity:.24;opacity:var(--mdc-ripple-press-opacity,.24)}:not(.VfPpkd-StrnGf-rymPhb-ibnC6b-OWXEXe-OWB6Me).VfPpkd-StrnGf-rymPhb-ibnC6b-OWXEXe-pXU01b .VfPpkd-rymPhb-pZXsl::before{opacity:.12;opacity:var(--mdc-ripple-activated-opacity,.12)}:not(.VfPpkd-StrnGf-rymPhb-ibnC6b-OWXEXe-OWB6Me).VfPpkd-StrnGf-rymPhb-ibnC6b-OWXEXe-pXU01b .VfPpkd-rymPhb-pZXsl::before,:not(.VfPpkd-StrnGf-rymPhb-ibnC6b-OWXEXe-OWB6Me).VfPpkd-StrnGf-rymPhb-ibnC6b-OWXEXe-pXU01b .VfPpkd-rymPhb-pZXsl::after{background-color:#6200ee;background-color:var(--mdc-ripple-color,var(--mdc-theme-primary,#6200ee))}:not(.VfPpkd-StrnGf-rymPhb-ibnC6b-OWXEXe-OWB6Me).VfPpkd-StrnGf-rymPhb-ibnC6b-OWXEXe-pXU01b:hover .VfPpkd-rymPhb-pZXsl::before,:not(.VfPpkd-StrnGf-rymPhb-ibnC6b-OWXEXe-OWB6Me).VfPpkd-StrnGf-rymPhb-ibnC6b-OWXEXe-pXU01b.VfPpkd-ksKsZd-XxIAqe-OWXEXe-ZmdkE .VfPpkd-rymPhb-pZXsl::before{opacity:.16;opacity:var(--mdc-ripple-hover-opacity,.16)}:not(.VfPpkd-StrnGf-rymPhb-ibnC6b-OWXEXe-OWB6Me).VfPpkd-StrnGf-rymPhb-ibnC6b-OWXEXe-pXU01b.VfPpkd-ksKsZd-mWPk3d-OWXEXe-AHe6Kc-XpnDCe .VfPpkd-rymPhb-pZXsl::before,:not(.VfPpkd-StrnGf-rymPhb-ibnC6b-OWXEXe-OWB6Me).VfPpkd-StrnGf-rymPhb-ibnC6b-OWXEXe-pXU01b:not(.VfPpkd-ksKsZd-mWPk3d):focus .VfPpkd-rymPhb-pZXsl::before{transition-duration:75ms;opacity:.24;opacity:var(--mdc-ripple-focus-opacity,.24)}:not(.VfPpkd-StrnGf-rymPhb-ibnC6b-OWXEXe-OWB6Me).VfPpkd-StrnGf-rymPhb-ibnC6b-OWXEXe-pXU01b:not(.VfPpkd-ksKsZd-mWPk3d) .VfPpkd-rymPhb-pZXsl::after{transition:opacity .15s linear}:not(.VfPpkd-StrnGf-rymPhb-ibnC6b-OWXEXe-OWB6Me).VfPpkd-StrnGf-rymPhb-ibnC6b-OWXEXe-pXU01b:not(.VfPpkd-ksKsZd-mWPk3d):active .VfPpkd-rymPhb-pZXsl::after{transition-duration:75ms;opacity:.24;opacity:var(--mdc-ripple-press-opacity,.24)}:not(.VfPpkd-StrnGf-rymPhb-ibnC6b-OWXEXe-OWB6Me).VfPpkd-StrnGf-rymPhb-ibnC6b-OWXEXe-pXU01b.VfPpkd-ksKsZd-mWPk3d{--mdc-ripple-fg-opacity:var(--mdc-ripple-press-opacity,0.24)}:not(.VfPpkd-StrnGf-rymPhb-ibnC6b-OWXEXe-OWB6Me).VfPpkd-StrnGf-rymPhb-ibnC6b-OWXEXe-gk6SMd .VfPpkd-StrnGf-rymPhb-pZXsl::before{opacity:.08;opacity:var(--mdc-ripple-selected-opacity,.08)}:not(.VfPpkd-StrnGf-rymPhb-ibnC6b-OWXEXe-OWB6Me).VfPpkd-StrnGf-rymPhb-ibnC6b-OWXEXe-gk6SMd .VfPpkd-StrnGf-rymPhb-pZXsl::before,:not(.VfPpkd-StrnGf-rymPhb-ibnC6b-OWXEXe-OWB6Me).VfPpkd-StrnGf-rymPhb-ibnC6b-OWXEXe-gk6SMd .VfPpkd-StrnGf-rymPhb-pZXsl::after{background-color:#6200ee;background-color:var(--mdc-ripple-color,var(--mdc-theme-primary,#6200ee))}:not(.VfPpkd-StrnGf-rymPhb-ibnC6b-OWXEXe-OWB6Me).VfPpkd-StrnGf-rymPhb-ibnC6b-OWXEXe-gk6SMd:hover .VfPpkd-StrnGf-rymPhb-pZXsl::before,:not(.VfPpkd-StrnGf-rymPhb-ibnC6b-OWXEXe-OWB6Me).VfPpkd-StrnGf-rymPhb-ibnC6b-OWXEXe-gk6SMd.VfPpkd-ksKsZd-XxIAqe-OWXEXe-ZmdkE .VfPpkd-StrnGf-rymPhb-pZXsl::before{opacity:.12;opacity:var(--mdc-ripple-hover-opacity,.12)}:not(.VfPpkd-StrnGf-rymPhb-ibnC6b-OWXEXe-OWB6Me).VfPpkd-StrnGf-rymPhb-ibnC6b-OWXEXe-gk6SMd.VfPpkd-ksKsZd-mWPk3d-OWXEXe-AHe6Kc-XpnDCe .VfPpkd-StrnGf-rymPhb-pZXsl::before,:not(.VfPpkd-StrnGf-rymPhb-ibnC6b-OWXEXe-OWB6Me).VfPpkd-StrnGf-rymPhb-ibnC6b-OWXEXe-gk6SMd:not(.VfPpkd-ksKsZd-mWPk3d):focus .VfPpkd-StrnGf-rymPhb-pZXsl::before{transition-duration:75ms;opacity:.2;opacity:var(--mdc-ripple-focus-opacity,.2)}:not(.VfPpkd-StrnGf-rymPhb-ibnC6b-OWXEXe-OWB6Me).VfPpkd-StrnGf-rymPhb-ibnC6b-OWXEXe-gk6SMd:not(.VfPpkd-ksKsZd-mWPk3d) .VfPpkd-StrnGf-rymPhb-pZXsl::after{transition:opacity .15s linear}:not(.VfPpkd-StrnGf-rymPhb-ibnC6b-OWXEXe-OWB6Me).VfPpkd-StrnGf-rymPhb-ibnC6b-OWXEXe-gk6SMd:not(.VfPpkd-ksKsZd-mWPk3d):active .VfPpkd-StrnGf-rymPhb-pZXsl::after{transition-duration:75ms;opacity:.2;opacity:var(--mdc-ripple-press-opacity,.2)}:not(.VfPpkd-StrnGf-rymPhb-ibnC6b-OWXEXe-OWB6Me).VfPpkd-StrnGf-rymPhb-ibnC6b-OWXEXe-gk6SMd .VfPpkd-rymPhb-pZXsl::before{opacity:.08;opacity:var(--mdc-ripple-selected-opacity,.08)}:not(.VfPpkd-StrnGf-rymPhb-ibnC6b-OWXEXe-OWB6Me).VfPpkd-StrnGf-rymPhb-ibnC6b-OWXEXe-gk6SMd .VfPpkd-rymPhb-pZXsl::before,:not(.VfPpkd-StrnGf-rymPhb-ibnC6b-OWXEXe-OWB6Me).VfPpkd-StrnGf-rymPhb-ibnC6b-OWXEXe-gk6SMd .VfPpkd-rymPhb-pZXsl::after{background-color:#6200ee;background-color:var(--mdc-ripple-color,var(--mdc-theme-primary,#6200ee))}:not(.VfPpkd-StrnGf-rymPhb-ibnC6b-OWXEXe-OWB6Me).VfPpkd-StrnGf-rymPhb-ibnC6b-OWXEXe-gk6SMd:hover .VfPpkd-rymPhb-pZXsl::before,:not(.VfPpkd-StrnGf-rymPhb-ibnC6b-OWXEXe-OWB6Me).VfPpkd-StrnGf-rymPhb-ibnC6b-OWXEXe-gk6SMd.VfPpkd-ksKsZd-XxIAqe-OWXEXe-ZmdkE .VfPpkd-rymPhb-pZXsl::before{opacity:.12;opacity:var(--mdc-ripple-hover-opacity,.12)}:not(.VfPpkd-StrnGf-rymPhb-ibnC6b-OWXEXe-OWB6Me).VfPpkd-StrnGf-rymPhb-ibnC6b-OWXEXe-gk6SMd.VfPpkd-ksKsZd-mWPk3d-OWXEXe-AHe6Kc-XpnDCe .VfPpkd-rymPhb-pZXsl::before,:not(.VfPpkd-StrnGf-rymPhb-ibnC6b-OWXEXe-OWB6Me).VfPpkd-StrnGf-rymPhb-ibnC6b-OWXEXe-gk6SMd:not(.VfPpkd-ksKsZd-mWPk3d):focus .VfPpkd-rymPhb-pZXsl::before{transition-duration:75ms;opacity:.2;opacity:var(--mdc-ripple-focus-opacity,.2)}:not(.VfPpkd-StrnGf-rymPhb-ibnC6b-OWXEXe-OWB6Me).VfPpkd-StrnGf-rymPhb-ibnC6b-OWXEXe-gk6SMd:not(.VfPpkd-ksKsZd-mWPk3d) .VfPpkd-rymPhb-pZXsl::after{transition:opacity .15s linear}:not(.VfPpkd-StrnGf-rymPhb-ibnC6b-OWXEXe-OWB6Me).VfPpkd-StrnGf-rymPhb-ibnC6b-OWXEXe-gk6SMd:not(.VfPpkd-ksKsZd-mWPk3d):active .VfPpkd-rymPhb-pZXsl::after{transition-duration:75ms;opacity:.2;opacity:var(--mdc-ripple-press-opacity,.2)}:not(.VfPpkd-StrnGf-rymPhb-ibnC6b-OWXEXe-OWB6Me).VfPpkd-StrnGf-rymPhb-ibnC6b-OWXEXe-gk6SMd.VfPpkd-ksKsZd-mWPk3d{--mdc-ripple-fg-opacity:var(--mdc-ripple-press-opacity,0.2)}:not(.VfPpkd-StrnGf-rymPhb-ibnC6b-OWXEXe-OWB6Me).VfPpkd-StrnGf-rymPhb-ibnC6b .VfPpkd-StrnGf-rymPhb-pZXsl,:not(.VfPpkd-StrnGf-rymPhb-ibnC6b-OWXEXe-OWB6Me).VfPpkd-StrnGf-rymPhb-ibnC6b .VfPpkd-rymPhb-pZXsl{position:absolute;top:0;left:0;width:100%;height:100%;pointer-events:none}:not(.VfPpkd-rymPhb-ibnC6b-OWXEXe-OWB6Me).VfPpkd-rymPhb-ibnC6b{--mdc-ripple-fg-size:0;--mdc-ripple-left:0;--mdc-ripple-top:0;--mdc-ripple-fg-scale:1;--mdc-ripple-fg-translate-end:0;--mdc-ripple-fg-translate-start:0;-webkit-tap-highlight-color:rgba(0,0,0,0);will-change:transform,opacity}:not(.VfPpkd-rymPhb-ibnC6b-OWXEXe-OWB6Me).VfPpkd-rymPhb-ibnC6b .VfPpkd-rymPhb-pZXsl::before,:not(.VfPpkd-rymPhb-ibnC6b-OWXEXe-OWB6Me).VfPpkd-rymPhb-ibnC6b .VfPpkd-rymPhb-pZXsl::after{position:absolute;border-radius:50%;opacity:0;pointer-events:none;content:""}:not(.VfPpkd-rymPhb-ibnC6b-OWXEXe-OWB6Me).VfPpkd-rymPhb-ibnC6b .VfPpkd-rymPhb-pZXsl::before{transition:opacity 15ms linear,background-color 15ms linear;z-index:1;z-index:var(--mdc-ripple-z-index,1)}:not(.VfPpkd-rymPhb-ibnC6b-OWXEXe-OWB6Me).VfPpkd-rymPhb-ibnC6b .VfPpkd-rymPhb-pZXsl::after{z-index:0;z-index:var(--mdc-ripple-z-index,0)}:not(.VfPpkd-rymPhb-ibnC6b-OWXEXe-OWB6Me).VfPpkd-rymPhb-ibnC6b.VfPpkd-ksKsZd-mWPk3d .VfPpkd-rymPhb-pZXsl::before{transform:scale(var(--mdc-ripple-fg-scale,1))}:not(.VfPpkd-rymPhb-ibnC6b-OWXEXe-OWB6Me).VfPpkd-rymPhb-ibnC6b.VfPpkd-ksKsZd-mWPk3d .VfPpkd-rymPhb-pZXsl::after{top:0;left:0;transform:scale(0);transform-origin:center center}:not(.VfPpkd-rymPhb-ibnC6b-OWXEXe-OWB6Me).VfPpkd-rymPhb-ibnC6b.VfPpkd-ksKsZd-mWPk3d-OWXEXe-ZNMTqd .VfPpkd-rymPhb-pZXsl::after{top:var(--mdc-ripple-top,0);left:var(--mdc-ripple-left,0)}:not(.VfPpkd-rymPhb-ibnC6b-OWXEXe-OWB6Me).VfPpkd-rymPhb-ibnC6b.VfPpkd-ksKsZd-mWPk3d-OWXEXe-Tv8l5d-lJfZMc .VfPpkd-rymPhb-pZXsl::after{animation:mdc-ripple-fg-radius-in 225ms forwards,mdc-ripple-fg-opacity-in 75ms forwards}:not(.VfPpkd-rymPhb-ibnC6b-OWXEXe-OWB6Me).VfPpkd-rymPhb-ibnC6b.VfPpkd-ksKsZd-mWPk3d-OWXEXe-Tv8l5d-OmS1vf .VfPpkd-rymPhb-pZXsl::after{animation:mdc-ripple-fg-opacity-out .15s;transform:translate(var(--mdc-ripple-fg-translate-end,0)) scale(var(--mdc-ripple-fg-scale,1))}:not(.VfPpkd-rymPhb-ibnC6b-OWXEXe-OWB6Me).VfPpkd-rymPhb-ibnC6b .VfPpkd-rymPhb-pZXsl::before,:not(.VfPpkd-rymPhb-ibnC6b-OWXEXe-OWB6Me).VfPpkd-rymPhb-ibnC6b .VfPpkd-rymPhb-pZXsl::after{top:-50%;left:-50%;width:200%;height:200%}:not(.VfPpkd-rymPhb-ibnC6b-OWXEXe-OWB6Me).VfPpkd-rymPhb-ibnC6b.VfPpkd-ksKsZd-mWPk3d .VfPpkd-rymPhb-pZXsl::after{width:var(--mdc-ripple-fg-size,100%);height:var(--mdc-ripple-fg-size,100%)}:not(.VfPpkd-rymPhb-ibnC6b-OWXEXe-OWB6Me).VfPpkd-rymPhb-ibnC6b .VfPpkd-rymPhb-pZXsl::before,:not(.VfPpkd-rymPhb-ibnC6b-OWXEXe-OWB6Me).VfPpkd-rymPhb-ibnC6b .VfPpkd-rymPhb-pZXsl::after{background-color:#000;background-color:var(--mdc-ripple-color,#000)}:not(.VfPpkd-rymPhb-ibnC6b-OWXEXe-OWB6Me).VfPpkd-rymPhb-ibnC6b:hover .VfPpkd-rymPhb-pZXsl::before,:not(.VfPpkd-rymPhb-ibnC6b-OWXEXe-OWB6Me).VfPpkd-rymPhb-ibnC6b.VfPpkd-ksKsZd-XxIAqe-OWXEXe-ZmdkE .VfPpkd-rymPhb-pZXsl::before{opacity:.04;opacity:var(--mdc-ripple-hover-opacity,.04)}:not(.VfPpkd-rymPhb-ibnC6b-OWXEXe-OWB6Me).VfPpkd-rymPhb-ibnC6b.VfPpkd-ksKsZd-mWPk3d-OWXEXe-AHe6Kc-XpnDCe .VfPpkd-rymPhb-pZXsl::before,:not(.VfPpkd-rymPhb-ibnC6b-OWXEXe-OWB6Me).VfPpkd-rymPhb-ibnC6b:not(.VfPpkd-ksKsZd-mWPk3d):focus .VfPpkd-rymPhb-pZXsl::before{transition-duration:75ms;opacity:.12;opacity:var(--mdc-ripple-focus-opacity,.12)}:not(.VfPpkd-rymPhb-ibnC6b-OWXEXe-OWB6Me).VfPpkd-rymPhb-ibnC6b:not(.VfPpkd-ksKsZd-mWPk3d) .VfPpkd-rymPhb-pZXsl::after{transition:opacity .15s linear}:not(.VfPpkd-rymPhb-ibnC6b-OWXEXe-OWB6Me).VfPpkd-rymPhb-ibnC6b:not(.VfPpkd-ksKsZd-mWPk3d):active .VfPpkd-rymPhb-pZXsl::after{transition-duration:75ms;opacity:.12;opacity:var(--mdc-ripple-press-opacity,.12)}:not(.VfPpkd-rymPhb-ibnC6b-OWXEXe-OWB6Me).VfPpkd-rymPhb-ibnC6b.VfPpkd-ksKsZd-mWPk3d{--mdc-ripple-fg-opacity:var(--mdc-ripple-press-opacity,0.12)}:not(.VfPpkd-rymPhb-ibnC6b-OWXEXe-OWB6Me).VfPpkd-rymPhb-ibnC6b-OWXEXe-pXU01b .VfPpkd-rymPhb-pZXsl::before{opacity:.12;opacity:var(--mdc-ripple-activated-opacity,.12)}:not(.VfPpkd-rymPhb-ibnC6b-OWXEXe-OWB6Me).VfPpkd-rymPhb-ibnC6b-OWXEXe-pXU01b .VfPpkd-rymPhb-pZXsl::before,:not(.VfPpkd-rymPhb-ibnC6b-OWXEXe-OWB6Me).VfPpkd-rymPhb-ibnC6b-OWXEXe-pXU01b .VfPpkd-rymPhb-pZXsl::after{background-color:#6200ee;background-color:var(--mdc-ripple-color,var(--mdc-theme-primary,#6200ee))}:not(.VfPpkd-rymPhb-ibnC6b-OWXEXe-OWB6Me).VfPpkd-rymPhb-ibnC6b-OWXEXe-pXU01b:hover .VfPpkd-rymPhb-pZXsl::before,:not(.VfPpkd-rymPhb-ibnC6b-OWXEXe-OWB6Me).VfPpkd-rymPhb-ibnC6b-OWXEXe-pXU01b.VfPpkd-ksKsZd-XxIAqe-OWXEXe-ZmdkE .VfPpkd-rymPhb-pZXsl::before{opacity:.16;opacity:var(--mdc-ripple-hover-opacity,.16)}:not(.VfPpkd-rymPhb-ibnC6b-OWXEXe-OWB6Me).VfPpkd-rymPhb-ibnC6b-OWXEXe-pXU01b.VfPpkd-ksKsZd-mWPk3d-OWXEXe-AHe6Kc-XpnDCe .VfPpkd-rymPhb-pZXsl::before,:not(.VfPpkd-rymPhb-ibnC6b-OWXEXe-OWB6Me).VfPpkd-rymPhb-ibnC6b-OWXEXe-pXU01b:not(.VfPpkd-ksKsZd-mWPk3d):focus .VfPpkd-rymPhb-pZXsl::before{transition-duration:75ms;opacity:.24;opacity:var(--mdc-ripple-focus-opacity,.24)}:not(.VfPpkd-rymPhb-ibnC6b-OWXEXe-OWB6Me).VfPpkd-rymPhb-ibnC6b-OWXEXe-pXU01b:not(.VfPpkd-ksKsZd-mWPk3d) .VfPpkd-rymPhb-pZXsl::after{transition:opacity .15s linear}:not(.VfPpkd-rymPhb-ibnC6b-OWXEXe-OWB6Me).VfPpkd-rymPhb-ibnC6b-OWXEXe-pXU01b:not(.VfPpkd-ksKsZd-mWPk3d):active .VfPpkd-rymPhb-pZXsl::after{transition-duration:75ms;opacity:.24;opacity:var(--mdc-ripple-press-opacity,.24)}:not(.VfPpkd-rymPhb-ibnC6b-OWXEXe-OWB6Me).VfPpkd-rymPhb-ibnC6b-OWXEXe-pXU01b.VfPpkd-ksKsZd-mWPk3d{--mdc-ripple-fg-opacity:var(--mdc-ripple-press-opacity,0.24)}:not(.VfPpkd-rymPhb-ibnC6b-OWXEXe-OWB6Me).VfPpkd-rymPhb-ibnC6b-OWXEXe-gk6SMd .VfPpkd-rymPhb-pZXsl::before{opacity:.08;opacity:var(--mdc-ripple-selected-opacity,.08)}:not(.VfPpkd-rymPhb-ibnC6b-OWXEXe-OWB6Me).VfPpkd-rymPhb-ibnC6b-OWXEXe-gk6SMd .VfPpkd-rymPhb-pZXsl::before,:not(.VfPpkd-rymPhb-ibnC6b-OWXEXe-OWB6Me).VfPpkd-rymPhb-ibnC6b-OWXEXe-gk6SMd .VfPpkd-rymPhb-pZXsl::after{background-color:#6200ee;background-color:var(--mdc-ripple-color,var(--mdc-theme-primary,#6200ee))}:not(.VfPpkd-rymPhb-ibnC6b-OWXEXe-OWB6Me).VfPpkd-rymPhb-ibnC6b-OWXEXe-gk6SMd:hover .VfPpkd-rymPhb-pZXsl::before,:not(.VfPpkd-rymPhb-ibnC6b-OWXEXe-OWB6Me).VfPpkd-rymPhb-ibnC6b-OWXEXe-gk6SMd.VfPpkd-ksKsZd-XxIAqe-OWXEXe-ZmdkE .VfPpkd-rymPhb-pZXsl::before{opacity:.12;opacity:var(--mdc-ripple-hover-opacity,.12)}:not(.VfPpkd-rymPhb-ibnC6b-OWXEXe-OWB6Me).VfPpkd-rymPhb-ibnC6b-OWXEXe-gk6SMd.VfPpkd-ksKsZd-mWPk3d-OWXEXe-AHe6Kc-XpnDCe .VfPpkd-rymPhb-pZXsl::before,:not(.VfPpkd-rymPhb-ibnC6b-OWXEXe-OWB6Me).VfPpkd-rymPhb-ibnC6b-OWXEXe-gk6SMd:not(.VfPpkd-ksKsZd-mWPk3d):focus .VfPpkd-rymPhb-pZXsl::before{transition-duration:75ms;opacity:.2;opacity:var(--mdc-ripple-focus-opacity,.2)}:not(.VfPpkd-rymPhb-ibnC6b-OWXEXe-OWB6Me).VfPpkd-rymPhb-ibnC6b-OWXEXe-gk6SMd:not(.VfPpkd-ksKsZd-mWPk3d) .VfPpkd-rymPhb-pZXsl::after{transition:opacity .15s linear}:not(.VfPpkd-rymPhb-ibnC6b-OWXEXe-OWB6Me).VfPpkd-rymPhb-ibnC6b-OWXEXe-gk6SMd:not(.VfPpkd-ksKsZd-mWPk3d):active .VfPpkd-rymPhb-pZXsl::after{transition-duration:75ms;opacity:.2;opacity:var(--mdc-ripple-press-opacity,.2)}:not(.VfPpkd-rymPhb-ibnC6b-OWXEXe-OWB6Me).VfPpkd-rymPhb-ibnC6b-OWXEXe-gk6SMd.VfPpkd-ksKsZd-mWPk3d{--mdc-ripple-fg-opacity:var(--mdc-ripple-press-opacity,0.2)}:not(.VfPpkd-rymPhb-ibnC6b-OWXEXe-OWB6Me).VfPpkd-rymPhb-ibnC6b .VfPpkd-rymPhb-pZXsl{position:relative;outline:none;overflow:hidden;position:absolute;top:0;left:0;width:100%;height:100%;pointer-events:none}.P2Hi5d,.mkMxfe,.OBi8lb,.P9QRxe,.vqjb4e,.y8Rdrf,.DMZ54e{font-family:Roboto,Arial,sans-serif;line-height:1.5rem;font-size:1rem;letter-spacing:.00625em;font-weight:400;color:#000;color:var(--mdc-theme-on-surface,#000)}.P2Hi5d .VfPpkd-StrnGf-rymPhb-IhFlZd,.mkMxfe .VfPpkd-StrnGf-rymPhb-IhFlZd,.OBi8lb .VfPpkd-StrnGf-rymPhb-IhFlZd,.P9QRxe .VfPpkd-StrnGf-rymPhb-IhFlZd,.vqjb4e .VfPpkd-StrnGf-rymPhb-IhFlZd,.y8Rdrf .VfPpkd-StrnGf-rymPhb-IhFlZd,.DMZ54e .VfPpkd-StrnGf-rymPhb-IhFlZd{color:rgb(95,99,104)}.P2Hi5d .VfPpkd-StrnGf-rymPhb-ibnC6b-OWXEXe-OWB6Me .VfPpkd-StrnGf-rymPhb-b9t22c,.P2Hi5d .VfPpkd-StrnGf-rymPhb-ibnC6b-OWXEXe-OWB6Me .VfPpkd-StrnGf-rymPhb-fpDzbe-fmcmS,.P2Hi5d .VfPpkd-StrnGf-rymPhb-ibnC6b-OWXEXe-OWB6Me .VfPpkd-StrnGf-rymPhb-L8ivfd-fmcmS,.mkMxfe .VfPpkd-StrnGf-rymPhb-ibnC6b-OWXEXe-OWB6Me .VfPpkd-StrnGf-rymPhb-b9t22c,.mkMxfe .VfPpkd-StrnGf-rymPhb-ibnC6b-OWXEXe-OWB6Me .VfPpkd-StrnGf-rymPhb-fpDzbe-fmcmS,.mkMxfe .VfPpkd-StrnGf-rymPhb-ibnC6b-OWXEXe-OWB6Me .VfPpkd-StrnGf-rymPhb-L8ivfd-fmcmS,.OBi8lb .VfPpkd-StrnGf-rymPhb-ibnC6b-OWXEXe-OWB6Me .VfPpkd-StrnGf-rymPhb-b9t22c,.OBi8lb .VfPpkd-StrnGf-rymPhb-ibnC6b-OWXEXe-OWB6Me .VfPpkd-StrnGf-rymPhb-fpDzbe-fmcmS,.OBi8lb .VfPpkd-StrnGf-rymPhb-ibnC6b-OWXEXe-OWB6Me .VfPpkd-StrnGf-rymPhb-L8ivfd-fmcmS,.P9QRxe .VfPpkd-StrnGf-rymPhb-ibnC6b-OWXEXe-OWB6Me .VfPpkd-StrnGf-rymPhb-b9t22c,.P9QRxe .VfPpkd-StrnGf-rymPhb-ibnC6b-OWXEXe-OWB6Me .VfPpkd-StrnGf-rymPhb-fpDzbe-fmcmS,.P9QRxe .VfPpkd-StrnGf-rymPhb-ibnC6b-OWXEXe-OWB6Me .VfPpkd-StrnGf-rymPhb-L8ivfd-fmcmS,.vqjb4e .VfPpkd-StrnGf-rymPhb-ibnC6b-OWXEXe-OWB6Me .VfPpkd-StrnGf-rymPhb-b9t22c,.vqjb4e .VfPpkd-StrnGf-rymPhb-ibnC6b-OWXEXe-OWB6Me .VfPpkd-StrnGf-rymPhb-fpDzbe-fmcmS,.vqjb4e .VfPpkd-StrnGf-rymPhb-ibnC6b-OWXEXe-OWB6Me .VfPpkd-StrnGf-rymPhb-L8ivfd-fmcmS,.y8Rdrf .VfPpkd-StrnGf-rymPhb-ibnC6b-OWXEXe-OWB6Me .VfPpkd-StrnGf-rymPhb-b9t22c,.y8Rdrf .VfPpkd-StrnGf-rymPhb-ibnC6b-OWXEXe-OWB6Me .VfPpkd-StrnGf-rymPhb-fpDzbe-fmcmS,.y8Rdrf .VfPpkd-StrnGf-rymPhb-ibnC6b-OWXEXe-OWB6Me .VfPpkd-StrnGf-rymPhb-L8ivfd-fmcmS,.DMZ54e .VfPpkd-StrnGf-rymPhb-ibnC6b-OWXEXe-OWB6Me .VfPpkd-StrnGf-rymPhb-b9t22c,.DMZ54e .VfPpkd-StrnGf-rymPhb-ibnC6b-OWXEXe-OWB6Me .VfPpkd-StrnGf-rymPhb-fpDzbe-fmcmS,.DMZ54e .VfPpkd-StrnGf-rymPhb-ibnC6b-OWXEXe-OWB6Me .VfPpkd-StrnGf-rymPhb-L8ivfd-fmcmS{color:rgb(60,64,67)}.P2Hi5d .VfPpkd-StrnGf-rymPhb-ibnC6b-OWXEXe-OWB6Me .VfPpkd-StrnGf-rymPhb-b9t22c,.mkMxfe .VfPpkd-StrnGf-rymPhb-ibnC6b-OWXEXe-OWB6Me .VfPpkd-StrnGf-rymPhb-b9t22c,.OBi8lb .VfPpkd-StrnGf-rymPhb-ibnC6b-OWXEXe-OWB6Me .VfPpkd-StrnGf-rymPhb-b9t22c,.P9QRxe .VfPpkd-StrnGf-rymPhb-ibnC6b-OWXEXe-OWB6Me .VfPpkd-StrnGf-rymPhb-b9t22c,.vqjb4e .VfPpkd-StrnGf-rymPhb-ibnC6b-OWXEXe-OWB6Me .VfPpkd-StrnGf-rymPhb-b9t22c,.y8Rdrf .VfPpkd-StrnGf-rymPhb-ibnC6b-OWXEXe-OWB6Me .VfPpkd-StrnGf-rymPhb-b9t22c,.DMZ54e .VfPpkd-StrnGf-rymPhb-ibnC6b-OWXEXe-OWB6Me .VfPpkd-StrnGf-rymPhb-b9t22c{opacity:.38}.P2Hi5d .VfPpkd-StrnGf-rymPhb-ibnC6b-OWXEXe-gk6SMd,.P2Hi5d .VfPpkd-StrnGf-rymPhb-ibnC6b-OWXEXe-pXU01b,.mkMxfe .VfPpkd-StrnGf-rymPhb-ibnC6b-OWXEXe-gk6SMd,.mkMxfe .VfPpkd-StrnGf-rymPhb-ibnC6b-OWXEXe-pXU01b,.OBi8lb .VfPpkd-StrnGf-rymPhb-ibnC6b-OWXEXe-gk6SMd,.OBi8lb .VfPpkd-StrnGf-rymPhb-ibnC6b-OWXEXe-pXU01b,.P9QRxe .VfPpkd-StrnGf-rymPhb-ibnC6b-OWXEXe-gk6SMd,.P9QRxe .VfPpkd-StrnGf-rymPhb-ibnC6b-OWXEXe-pXU01b,.vqjb4e .VfPpkd-StrnGf-rymPhb-ibnC6b-OWXEXe-gk6SMd,.vqjb4e .VfPpkd-StrnGf-rymPhb-ibnC6b-OWXEXe-pXU01b,.y8Rdrf .VfPpkd-StrnGf-rymPhb-ibnC6b-OWXEXe-gk6SMd,.y8Rdrf .VfPpkd-StrnGf-rymPhb-ibnC6b-OWXEXe-pXU01b,.DMZ54e .VfPpkd-StrnGf-rymPhb-ibnC6b-OWXEXe-gk6SMd,.DMZ54e .VfPpkd-StrnGf-rymPhb-ibnC6b-OWXEXe-pXU01b{color:#000;color:var(--mdc-theme-on-surface,#000)}.P2Hi5d .VfPpkd-StrnGf-rymPhb-ibnC6b-OWXEXe-gk6SMd .VfPpkd-StrnGf-rymPhb-f7MjDc,.P2Hi5d .VfPpkd-StrnGf-rymPhb-ibnC6b-OWXEXe-pXU01b .VfPpkd-StrnGf-rymPhb-f7MjDc,.mkMxfe .VfPpkd-StrnGf-rymPhb-ibnC6b-OWXEXe-gk6SMd .VfPpkd-StrnGf-rymPhb-f7MjDc,.mkMxfe .VfPpkd-StrnGf-rymPhb-ibnC6b-OWXEXe-pXU01b .VfPpkd-StrnGf-rymPhb-f7MjDc,.OBi8lb .VfPpkd-StrnGf-rymPhb-ibnC6b-OWXEXe-gk6SMd .VfPpkd-StrnGf-rymPhb-f7MjDc,.OBi8lb .VfPpkd-StrnGf-rymPhb-ibnC6b-OWXEXe-pXU01b .VfPpkd-StrnGf-rymPhb-f7MjDc,.P9QRxe .VfPpkd-StrnGf-rymPhb-ibnC6b-OWXEXe-gk6SMd .VfPpkd-StrnGf-rymPhb-f7MjDc,.P9QRxe .VfPpkd-StrnGf-rymPhb-ibnC6b-OWXEXe-pXU01b .VfPpkd-StrnGf-rymPhb-f7MjDc,.vqjb4e .VfPpkd-StrnGf-rymPhb-ibnC6b-OWXEXe-gk6SMd .VfPpkd-StrnGf-rymPhb-f7MjDc,.vqjb4e .VfPpkd-StrnGf-rymPhb-ibnC6b-OWXEXe-pXU01b .VfPpkd-StrnGf-rymPhb-f7MjDc,.y8Rdrf .VfPpkd-StrnGf-rymPhb-ibnC6b-OWXEXe-gk6SMd .VfPpkd-StrnGf-rymPhb-f7MjDc,.y8Rdrf .VfPpkd-StrnGf-rymPhb-ibnC6b-OWXEXe-pXU01b .VfPpkd-StrnGf-rymPhb-f7MjDc,.DMZ54e .VfPpkd-StrnGf-rymPhb-ibnC6b-OWXEXe-gk6SMd .VfPpkd-StrnGf-rymPhb-f7MjDc,.DMZ54e .VfPpkd-StrnGf-rymPhb-ibnC6b-OWXEXe-pXU01b .VfPpkd-StrnGf-rymPhb-f7MjDc{color:#000;color:var(--mdc-theme-on-surface,#000)}.P2Hi5d .VfPpkd-StrnGf-rymPhb-ibnC6b-OWXEXe-gk6SMd .VfPpkd-StrnGf-rymPhb-pZXsl::before,.mkMxfe .VfPpkd-StrnGf-rymPhb-ibnC6b-OWXEXe-gk6SMd .VfPpkd-StrnGf-rymPhb-pZXsl::before,.OBi8lb .VfPpkd-StrnGf-rymPhb-ibnC6b-OWXEXe-gk6SMd .VfPpkd-StrnGf-rymPhb-pZXsl::before,.P9QRxe .VfPpkd-StrnGf-rymPhb-ibnC6b-OWXEXe-gk6SMd .VfPpkd-StrnGf-rymPhb-pZXsl::before,.vqjb4e .VfPpkd-StrnGf-rymPhb-ibnC6b-OWXEXe-gk6SMd .VfPpkd-StrnGf-rymPhb-pZXsl::before,.y8Rdrf .VfPpkd-StrnGf-rymPhb-ibnC6b-OWXEXe-gk6SMd .VfPpkd-StrnGf-rymPhb-pZXsl::before,.DMZ54e .VfPpkd-StrnGf-rymPhb-ibnC6b-OWXEXe-gk6SMd .VfPpkd-StrnGf-rymPhb-pZXsl::before{opacity:0}.P2Hi5d .VfPpkd-StrnGf-rymPhb-ibnC6b.VfPpkd-StrnGf-rymPhb-ibnC6b-OWXEXe-gk6SMd,.mkMxfe .VfPpkd-StrnGf-rymPhb-ibnC6b.VfPpkd-StrnGf-rymPhb-ibnC6b-OWXEXe-gk6SMd,.OBi8lb .VfPpkd-StrnGf-rymPhb-ibnC6b.VfPpkd-StrnGf-rymPhb-ibnC6b-OWXEXe-gk6SMd,.P9QRxe .VfPpkd-StrnGf-rymPhb-ibnC6b.VfPpkd-StrnGf-rymPhb-ibnC6b-OWXEXe-gk6SMd,.vqjb4e .VfPpkd-StrnGf-rymPhb-ibnC6b.VfPpkd-StrnGf-rymPhb-ibnC6b-OWXEXe-gk6SMd,.y8Rdrf .VfPpkd-StrnGf-rymPhb-ibnC6b.VfPpkd-StrnGf-rymPhb-ibnC6b-OWXEXe-gk6SMd,.DMZ54e .VfPpkd-StrnGf-rymPhb-ibnC6b.VfPpkd-StrnGf-rymPhb-ibnC6b-OWXEXe-gk6SMd{background-color:rgb(232,240,254)}.P2Hi5d .VfPpkd-StrnGf-rymPhb-ibnC6b.VfPpkd-StrnGf-rymPhb-ibnC6b-OWXEXe-gk6SMd .VfPpkd-StrnGf-rymPhb-pZXsl::before,.P2Hi5d .VfPpkd-StrnGf-rymPhb-ibnC6b.VfPpkd-StrnGf-rymPhb-ibnC6b-OWXEXe-gk6SMd .VfPpkd-StrnGf-rymPhb-pZXsl::after,.mkMxfe .VfPpkd-StrnGf-rymPhb-ibnC6b.VfPpkd-StrnGf-rymPhb-ibnC6b-OWXEXe-gk6SMd .VfPpkd-StrnGf-rymPhb-pZXsl::before,.mkMxfe .VfPpkd-StrnGf-rymPhb-ibnC6b.VfPpkd-StrnGf-rymPhb-ibnC6b-OWXEXe-gk6SMd .VfPpkd-StrnGf-rymPhb-pZXsl::after,.OBi8lb .VfPpkd-StrnGf-rymPhb-ibnC6b.VfPpkd-StrnGf-rymPhb-ibnC6b-OWXEXe-gk6SMd .VfPpkd-StrnGf-rymPhb-pZXsl::before,.OBi8lb .VfPpkd-StrnGf-rymPhb-ibnC6b.VfPpkd-StrnGf-rymPhb-ibnC6b-OWXEXe-gk6SMd .VfPpkd-StrnGf-rymPhb-pZXsl::after,.P9QRxe .VfPpkd-StrnGf-rymPhb-ibnC6b.VfPpkd-StrnGf-rymPhb-ibnC6b-OWXEXe-gk6SMd .VfPpkd-StrnGf-rymPhb-pZXsl::before,.P9QRxe .VfPpkd-StrnGf-rymPhb-ibnC6b.VfPpkd-StrnGf-rymPhb-ibnC6b-OWXEXe-gk6SMd .VfPpkd-StrnGf-rymPhb-pZXsl::after,.vqjb4e .VfPpkd-StrnGf-rymPhb-ibnC6b.VfPpkd-StrnGf-rymPhb-ibnC6b-OWXEXe-gk6SMd .VfPpkd-StrnGf-rymPhb-pZXsl::before,.vqjb4e .VfPpkd-StrnGf-rymPhb-ibnC6b.VfPpkd-StrnGf-rymPhb-ibnC6b-OWXEXe-gk6SMd .VfPpkd-StrnGf-rymPhb-pZXsl::after,.y8Rdrf .VfPpkd-StrnGf-rymPhb-ibnC6b.VfPpkd-StrnGf-rymPhb-ibnC6b-OWXEXe-gk6SMd .VfPpkd-StrnGf-rymPhb-pZXsl::before,.y8Rdrf .VfPpkd-StrnGf-rymPhb-ibnC6b.VfPpkd-StrnGf-rymPhb-ibnC6b-OWXEXe-gk6SMd .VfPpkd-StrnGf-rymPhb-pZXsl::after,.DMZ54e .VfPpkd-StrnGf-rymPhb-ibnC6b.VfPpkd-StrnGf-rymPhb-ibnC6b-OWXEXe-gk6SMd .VfPpkd-StrnGf-rymPhb-pZXsl::before,.DMZ54e .VfPpkd-StrnGf-rymPhb-ibnC6b.VfPpkd-StrnGf-rymPhb-ibnC6b-OWXEXe-gk6SMd .VfPpkd-StrnGf-rymPhb-pZXsl::after{background-color:rgb(26,115,232);background-color:var(--mdc-ripple-color,rgb(26,115,232))}.P2Hi5d .VfPpkd-StrnGf-rymPhb-ibnC6b.VfPpkd-StrnGf-rymPhb-ibnC6b-OWXEXe-gk6SMd:hover .VfPpkd-StrnGf-rymPhb-pZXsl::before,.P2Hi5d .VfPpkd-StrnGf-rymPhb-ibnC6b.VfPpkd-StrnGf-rymPhb-ibnC6b-OWXEXe-gk6SMd.VfPpkd-ksKsZd-XxIAqe-OWXEXe-ZmdkE .VfPpkd-StrnGf-rymPhb-pZXsl::before,.mkMxfe .VfPpkd-StrnGf-rymPhb-ibnC6b.VfPpkd-StrnGf-rymPhb-ibnC6b-OWXEXe-gk6SMd:hover .VfPpkd-StrnGf-rymPhb-pZXsl::before,.mkMxfe .VfPpkd-StrnGf-rymPhb-ibnC6b.VfPpkd-StrnGf-rymPhb-ibnC6b-OWXEXe-gk6SMd.VfPpkd-ksKsZd-XxIAqe-OWXEXe-ZmdkE .VfPpkd-StrnGf-rymPhb-pZXsl::before,.OBi8lb .VfPpkd-StrnGf-rymPhb-ibnC6b.VfPpkd-StrnGf-rymPhb-ibnC6b-OWXEXe-gk6SMd:hover .VfPpkd-StrnGf-rymPhb-pZXsl::before,.OBi8lb .VfPpkd-StrnGf-rymPhb-ibnC6b.VfPpkd-StrnGf-rymPhb-ibnC6b-OWXEXe-gk6SMd.VfPpkd-ksKsZd-XxIAqe-OWXEXe-ZmdkE .VfPpkd-StrnGf-rymPhb-pZXsl::before,.P9QRxe .VfPpkd-StrnGf-rymPhb-ibnC6b.VfPpkd-StrnGf-rymPhb-ibnC6b-OWXEXe-gk6SMd:hover .VfPpkd-StrnGf-rymPhb-pZXsl::before,.P9QRxe .VfPpkd-StrnGf-rymPhb-ibnC6b.VfPpkd-StrnGf-rymPhb-ibnC6b-OWXEXe-gk6SMd.VfPpkd-ksKsZd-XxIAqe-OWXEXe-ZmdkE .VfPpkd-StrnGf-rymPhb-pZXsl::before,.vqjb4e .VfPpkd-StrnGf-rymPhb-ibnC6b.VfPpkd-StrnGf-rymPhb-ibnC6b-OWXEXe-gk6SMd:hover .VfPpkd-StrnGf-rymPhb-pZXsl::before,.vqjb4e .VfPpkd-StrnGf-rymPhb-ibnC6b.VfPpkd-StrnGf-rymPhb-ibnC6b-OWXEXe-gk6SMd.VfPpkd-ksKsZd-XxIAqe-OWXEXe-ZmdkE .VfPpkd-StrnGf-rymPhb-pZXsl::before,.y8Rdrf .VfPpkd-StrnGf-rymPhb-ibnC6b.VfPpkd-StrnGf-rymPhb-ibnC6b-OWXEXe-gk6SMd:hover .VfPpkd-StrnGf-rymPhb-pZXsl::before,.y8Rdrf .VfPpkd-StrnGf-rymPhb-ibnC6b.VfPpkd-StrnGf-rymPhb-ibnC6b-OWXEXe-gk6SMd.VfPpkd-ksKsZd-XxIAqe-OWXEXe-ZmdkE .VfPpkd-StrnGf-rymPhb-pZXsl::before,.DMZ54e .VfPpkd-StrnGf-rymPhb-ibnC6b.VfPpkd-StrnGf-rymPhb-ibnC6b-OWXEXe-gk6SMd:hover .VfPpkd-StrnGf-rymPhb-pZXsl::before,.DMZ54e .VfPpkd-StrnGf-rymPhb-ibnC6b.VfPpkd-StrnGf-rymPhb-ibnC6b-OWXEXe-gk6SMd.VfPpkd-ksKsZd-XxIAqe-OWXEXe-ZmdkE .VfPpkd-StrnGf-rymPhb-pZXsl::before{opacity:.04;opacity:var(--mdc-ripple-hover-opacity,.04)}.P2Hi5d .VfPpkd-StrnGf-rymPhb-ibnC6b.VfPpkd-StrnGf-rymPhb-ibnC6b-OWXEXe-gk6SMd.VfPpkd-ksKsZd-mWPk3d-OWXEXe-AHe6Kc-XpnDCe .VfPpkd-StrnGf-rymPhb-pZXsl::before,.P2Hi5d .VfPpkd-StrnGf-rymPhb-ibnC6b.VfPpkd-StrnGf-rymPhb-ibnC6b-OWXEXe-gk6SMd:not(.VfPpkd-ksKsZd-mWPk3d):focus .VfPpkd-StrnGf-rymPhb-pZXsl::before,.mkMxfe .VfPpkd-StrnGf-rymPhb-ibnC6b.VfPpkd-StrnGf-rymPhb-ibnC6b-OWXEXe-gk6SMd.VfPpkd-ksKsZd-mWPk3d-OWXEXe-AHe6Kc-XpnDCe .VfPpkd-StrnGf-rymPhb-pZXsl::before,.mkMxfe .VfPpkd-StrnGf-rymPhb-ibnC6b.VfPpkd-StrnGf-rymPhb-ibnC6b-OWXEXe-gk6SMd:not(.VfPpkd-ksKsZd-mWPk3d):focus .VfPpkd-StrnGf-rymPhb-pZXsl::before,.OBi8lb .VfPpkd-StrnGf-rymPhb-ibnC6b.VfPpkd-StrnGf-rymPhb-ibnC6b-OWXEXe-gk6SMd.VfPpkd-ksKsZd-mWPk3d-OWXEXe-AHe6Kc-XpnDCe .VfPpkd-StrnGf-rymPhb-pZXsl::before,.OBi8lb .VfPpkd-StrnGf-rymPhb-ibnC6b.VfPpkd-StrnGf-rymPhb-ibnC6b-OWXEXe-gk6SMd:not(.VfPpkd-ksKsZd-mWPk3d):focus .VfPpkd-StrnGf-rymPhb-pZXsl::before,.P9QRxe .VfPpkd-StrnGf-rymPhb-ibnC6b.VfPpkd-StrnGf-rymPhb-ibnC6b-OWXEXe-gk6SMd.VfPpkd-ksKsZd-mWPk3d-OWXEXe-AHe6Kc-XpnDCe .VfPpkd-StrnGf-rymPhb-pZXsl::before,.P9QRxe .VfPpkd-StrnGf-rymPhb-ibnC6b.VfPpkd-StrnGf-rymPhb-ibnC6b-OWXEXe-gk6SMd:not(.VfPpkd-ksKsZd-mWPk3d):focus .VfPpkd-StrnGf-rymPhb-pZXsl::before,.vqjb4e .VfPpkd-StrnGf-rymPhb-ibnC6b.VfPpkd-StrnGf-rymPhb-ibnC6b-OWXEXe-gk6SMd.VfPpkd-ksKsZd-mWPk3d-OWXEXe-AHe6Kc-XpnDCe .VfPpkd-StrnGf-rymPhb-pZXsl::before,.vqjb4e .VfPpkd-StrnGf-rymPhb-ibnC6b.VfPpkd-StrnGf-rymPhb-ibnC6b-OWXEXe-gk6SMd:not(.VfPpkd-ksKsZd-mWPk3d):focus .VfPpkd-StrnGf-rymPhb-pZXsl::before,.y8Rdrf .VfPpkd-StrnGf-rymPhb-ibnC6b.VfPpkd-StrnGf-rymPhb-ibnC6b-OWXEXe-gk6SMd.VfPpkd-ksKsZd-mWPk3d-OWXEXe-AHe6Kc-XpnDCe .VfPpkd-StrnGf-rymPhb-pZXsl::before,.y8Rdrf .VfPpkd-StrnGf-rymPhb-ibnC6b.VfPpkd-StrnGf-rymPhb-ibnC6b-OWXEXe-gk6SMd:not(.VfPpkd-ksKsZd-mWPk3d):focus .VfPpkd-StrnGf-rymPhb-pZXsl::before,.DMZ54e .VfPpkd-StrnGf-rymPhb-ibnC6b.VfPpkd-StrnGf-rymPhb-ibnC6b-OWXEXe-gk6SMd.VfPpkd-ksKsZd-mWPk3d-OWXEXe-AHe6Kc-XpnDCe .VfPpkd-StrnGf-rymPhb-pZXsl::before,.DMZ54e .VfPpkd-StrnGf-rymPhb-ibnC6b.VfPpkd-StrnGf-rymPhb-ibnC6b-OWXEXe-gk6SMd:not(.VfPpkd-ksKsZd-mWPk3d):focus .VfPpkd-StrnGf-rymPhb-pZXsl::before{transition-duration:75ms;opacity:.12;opacity:var(--mdc-ripple-focus-opacity,.12)}.P2Hi5d .VfPpkd-StrnGf-rymPhb-ibnC6b.VfPpkd-StrnGf-rymPhb-ibnC6b-OWXEXe-gk6SMd:not(.VfPpkd-ksKsZd-mWPk3d) .VfPpkd-StrnGf-rymPhb-pZXsl::after,.mkMxfe .VfPpkd-StrnGf-rymPhb-ibnC6b.VfPpkd-StrnGf-rymPhb-ibnC6b-OWXEXe-gk6SMd:not(.VfPpkd-ksKsZd-mWPk3d) .VfPpkd-StrnGf-rymPhb-pZXsl::after,.OBi8lb .VfPpkd-StrnGf-rymPhb-ibnC6b.VfPpkd-StrnGf-rymPhb-ibnC6b-OWXEXe-gk6SMd:not(.VfPpkd-ksKsZd-mWPk3d) .VfPpkd-StrnGf-rymPhb-pZXsl::after,.P9QRxe .VfPpkd-StrnGf-rymPhb-ibnC6b.VfPpkd-StrnGf-rymPhb-ibnC6b-OWXEXe-gk6SMd:not(.VfPpkd-ksKsZd-mWPk3d) .VfPpkd-StrnGf-rymPhb-pZXsl::after,.vqjb4e .VfPpkd-StrnGf-rymPhb-ibnC6b.VfPpkd-StrnGf-rymPhb-ibnC6b-OWXEXe-gk6SMd:not(.VfPpkd-ksKsZd-mWPk3d) .VfPpkd-StrnGf-rymPhb-pZXsl::after,.y8Rdrf .VfPpkd-StrnGf-rymPhb-ibnC6b.VfPpkd-StrnGf-rymPhb-ibnC6b-OWXEXe-gk6SMd:not(.VfPpkd-ksKsZd-mWPk3d) .VfPpkd-StrnGf-rymPhb-pZXsl::after,.DMZ54e .VfPpkd-StrnGf-rymPhb-ibnC6b.VfPpkd-StrnGf-rymPhb-ibnC6b-OWXEXe-gk6SMd:not(.VfPpkd-ksKsZd-mWPk3d) .VfPpkd-StrnGf-rymPhb-pZXsl::after{transition:opacity .15s linear}.P2Hi5d .VfPpkd-StrnGf-rymPhb-ibnC6b.VfPpkd-StrnGf-rymPhb-ibnC6b-OWXEXe-gk6SMd:not(.VfPpkd-ksKsZd-mWPk3d):active .VfPpkd-StrnGf-rymPhb-pZXsl::after,.mkMxfe .VfPpkd-StrnGf-rymPhb-ibnC6b.VfPpkd-StrnGf-rymPhb-ibnC6b-OWXEXe-gk6SMd:not(.VfPpkd-ksKsZd-mWPk3d):active .VfPpkd-StrnGf-rymPhb-pZXsl::after,.OBi8lb .VfPpkd-StrnGf-rymPhb-ibnC6b.VfPpkd-StrnGf-rymPhb-ibnC6b-OWXEXe-gk6SMd:not(.VfPpkd-ksKsZd-mWPk3d):active .VfPpkd-StrnGf-rymPhb-pZXsl::after,.P9QRxe .VfPpkd-StrnGf-rymPhb-ibnC6b.VfPpkd-StrnGf-rymPhb-ibnC6b-OWXEXe-gk6SMd:not(.VfPpkd-ksKsZd-mWPk3d):active .VfPpkd-StrnGf-rymPhb-pZXsl::after,.vqjb4e .VfPpkd-StrnGf-rymPhb-ibnC6b.VfPpkd-StrnGf-rymPhb-ibnC6b-OWXEXe-gk6SMd:not(.VfPpkd-ksKsZd-mWPk3d):active .VfPpkd-StrnGf-rymPhb-pZXsl::after,.y8Rdrf .VfPpkd-StrnGf-rymPhb-ibnC6b.VfPpkd-StrnGf-rymPhb-ibnC6b-OWXEXe-gk6SMd:not(.VfPpkd-ksKsZd-mWPk3d):active .VfPpkd-StrnGf-rymPhb-pZXsl::after,.DMZ54e .VfPpkd-StrnGf-rymPhb-ibnC6b.VfPpkd-StrnGf-rymPhb-ibnC6b-OWXEXe-gk6SMd:not(.VfPpkd-ksKsZd-mWPk3d):active .VfPpkd-StrnGf-rymPhb-pZXsl::after{transition-duration:75ms;opacity:.1;opacity:var(--mdc-ripple-press-opacity,.1)}.P2Hi5d .VfPpkd-StrnGf-rymPhb-ibnC6b.VfPpkd-StrnGf-rymPhb-ibnC6b-OWXEXe-gk6SMd.VfPpkd-ksKsZd-mWPk3d,.mkMxfe .VfPpkd-StrnGf-rymPhb-ibnC6b.VfPpkd-StrnGf-rymPhb-ibnC6b-OWXEXe-gk6SMd.VfPpkd-ksKsZd-mWPk3d,.OBi8lb .VfPpkd-StrnGf-rymPhb-ibnC6b.VfPpkd-StrnGf-rymPhb-ibnC6b-OWXEXe-gk6SMd.VfPpkd-ksKsZd-mWPk3d,.P9QRxe .VfPpkd-StrnGf-rymPhb-ibnC6b.VfPpkd-StrnGf-rymPhb-ibnC6b-OWXEXe-gk6SMd.VfPpkd-ksKsZd-mWPk3d,.vqjb4e .VfPpkd-StrnGf-rymPhb-ibnC6b.VfPpkd-StrnGf-rymPhb-ibnC6b-OWXEXe-gk6SMd.VfPpkd-ksKsZd-mWPk3d,.y8Rdrf .VfPpkd-StrnGf-rymPhb-ibnC6b.VfPpkd-StrnGf-rymPhb-ibnC6b-OWXEXe-gk6SMd.VfPpkd-ksKsZd-mWPk3d,.DMZ54e .VfPpkd-StrnGf-rymPhb-ibnC6b.VfPpkd-StrnGf-rymPhb-ibnC6b-OWXEXe-gk6SMd.VfPpkd-ksKsZd-mWPk3d{--mdc-ripple-fg-opacity:var(--mdc-ripple-press-opacity,0.1)}@media (-ms-high-contrast:active),screen and (forced-colors:active){.P2Hi5d .VfPpkd-StrnGf-rymPhb-ibnC6b-OWXEXe-OWB6Me .VfPpkd-StrnGf-rymPhb-b9t22c,.P2Hi5d .VfPpkd-StrnGf-rymPhb-ibnC6b-OWXEXe-OWB6Me .VfPpkd-StrnGf-rymPhb-fpDzbe-fmcmS,.P2Hi5d .VfPpkd-StrnGf-rymPhb-ibnC6b-OWXEXe-OWB6Me .VfPpkd-StrnGf-rymPhb-L8ivfd-fmcmS,.mkMxfe .VfPpkd-StrnGf-rymPhb-ibnC6b-OWXEXe-OWB6Me .VfPpkd-StrnGf-rymPhb-b9t22c,.mkMxfe .VfPpkd-StrnGf-rymPhb-ibnC6b-OWXEXe-OWB6Me .VfPpkd-StrnGf-rymPhb-fpDzbe-fmcmS,.mkMxfe .VfPpkd-StrnGf-rymPhb-ibnC6b-OWXEXe-OWB6Me .VfPpkd-StrnGf-rymPhb-L8ivfd-fmcmS,.OBi8lb .VfPpkd-StrnGf-rymPhb-ibnC6b-OWXEXe-OWB6Me .VfPpkd-StrnGf-rymPhb-b9t22c,.OBi8lb .VfPpkd-StrnGf-rymPhb-ibnC6b-OWXEXe-OWB6Me .VfPpkd-StrnGf-rymPhb-fpDzbe-fmcmS,.OBi8lb .VfPpkd-StrnGf-rymPhb-ibnC6b-OWXEXe-OWB6Me .VfPpkd-StrnGf-rymPhb-L8ivfd-fmcmS,.P9QRxe .VfPpkd-StrnGf-rymPhb-ibnC6b-OWXEXe-OWB6Me .VfPpkd-StrnGf-rymPhb-b9t22c,.P9QRxe .VfPpkd-StrnGf-rymPhb-ibnC6b-OWXEXe-OWB6Me .VfPpkd-StrnGf-rymPhb-fpDzbe-fmcmS,.P9QRxe .VfPpkd-StrnGf-rymPhb-ibnC6b-OWXEXe-OWB6Me .VfPpkd-StrnGf-rymPhb-L8ivfd-fmcmS,.vqjb4e .VfPpkd-StrnGf-rymPhb-ibnC6b-OWXEXe-OWB6Me .VfPpkd-StrnGf-rymPhb-b9t22c,.vqjb4e .VfPpkd-StrnGf-rymPhb-ibnC6b-OWXEXe-OWB6Me .VfPpkd-StrnGf-rymPhb-fpDzbe-fmcmS,.vqjb4e .VfPpkd-StrnGf-rymPhb-ibnC6b-OWXEXe-OWB6Me .VfPpkd-StrnGf-rymPhb-L8ivfd-fmcmS,.y8Rdrf .VfPpkd-StrnGf-rymPhb-ibnC6b-OWXEXe-OWB6Me .VfPpkd-StrnGf-rymPhb-b9t22c,.y8Rdrf .VfPpkd-StrnGf-rymPhb-ibnC6b-OWXEXe-OWB6Me .VfPpkd-StrnGf-rymPhb-fpDzbe-fmcmS,.y8Rdrf .VfPpkd-StrnGf-rymPhb-ibnC6b-OWXEXe-OWB6Me .VfPpkd-StrnGf-rymPhb-L8ivfd-fmcmS,.DMZ54e .VfPpkd-StrnGf-rymPhb-ibnC6b-OWXEXe-OWB6Me .VfPpkd-StrnGf-rymPhb-b9t22c,.DMZ54e .VfPpkd-StrnGf-rymPhb-ibnC6b-OWXEXe-OWB6Me .VfPpkd-StrnGf-rymPhb-fpDzbe-fmcmS,.DMZ54e .VfPpkd-StrnGf-rymPhb-ibnC6b-OWXEXe-OWB6Me .VfPpkd-StrnGf-rymPhb-L8ivfd-fmcmS{color:GrayText}.P2Hi5d .VfPpkd-StrnGf-rymPhb-ibnC6b-OWXEXe-OWB6Me .VfPpkd-StrnGf-rymPhb-b9t22c,.mkMxfe .VfPpkd-StrnGf-rymPhb-ibnC6b-OWXEXe-OWB6Me .VfPpkd-StrnGf-rymPhb-b9t22c,.OBi8lb .VfPpkd-StrnGf-rymPhb-ibnC6b-OWXEXe-OWB6Me .VfPpkd-StrnGf-rymPhb-b9t22c,.P9QRxe .VfPpkd-StrnGf-rymPhb-ibnC6b-OWXEXe-OWB6Me .VfPpkd-StrnGf-rymPhb-b9t22c,.vqjb4e .VfPpkd-StrnGf-rymPhb-ibnC6b-OWXEXe-OWB6Me .VfPpkd-StrnGf-rymPhb-b9t22c,.y8Rdrf .VfPpkd-StrnGf-rymPhb-ibnC6b-OWXEXe-OWB6Me .VfPpkd-StrnGf-rymPhb-b9t22c,.DMZ54e .VfPpkd-StrnGf-rymPhb-ibnC6b-OWXEXe-OWB6Me .VfPpkd-StrnGf-rymPhb-b9t22c{opacity:1}}.P2Hi5d .VfPpkd-StrnGf-rymPhb-ibnC6b{padding-left:24px;padding-right:16px}[dir=rtl] .P2Hi5d .VfPpkd-StrnGf-rymPhb-ibnC6b,.P2Hi5d .VfPpkd-StrnGf-rymPhb-ibnC6b[dir=rtl]{padding-left:16px;padding-right:24px}.P2Hi5d .VfPpkd-StrnGf-rymPhb-clz4Ic-OWXEXe-YbohUe-M1Soyc{margin-left:24px;margin-right:0;width:calc(100% - 24px)}[dir=rtl] .P2Hi5d .VfPpkd-StrnGf-rymPhb-clz4Ic-OWXEXe-YbohUe-M1Soyc,.P2Hi5d .VfPpkd-StrnGf-rymPhb-clz4Ic-OWXEXe-YbohUe-M1Soyc[dir=rtl]{margin-left:0;margin-right:24px}.P2Hi5d .VfPpkd-StrnGf-rymPhb-clz4Ic-OWXEXe-YbohUe-UbuQg{width:calc(100% - 16px)}.P2Hi5d .VfPpkd-StrnGf-rymPhb-clz4Ic-OWXEXe-YbohUe-M1Soyc.VfPpkd-StrnGf-rymPhb-clz4Ic-OWXEXe-YbohUe-UbuQg{margin-left:24px;margin-right:0;width:calc(100% - 40px)}[dir=rtl] .P2Hi5d .VfPpkd-StrnGf-rymPhb-clz4Ic-OWXEXe-YbohUe-M1Soyc.VfPpkd-StrnGf-rymPhb-clz4Ic-OWXEXe-YbohUe-UbuQg,.P2Hi5d .VfPpkd-StrnGf-rymPhb-clz4Ic-OWXEXe-YbohUe-M1Soyc.VfPpkd-StrnGf-rymPhb-clz4Ic-OWXEXe-YbohUe-UbuQg[dir=rtl]{margin-left:0;margin-right:24px}.P2Hi5d .VfPpkd-StrnGf-rymPhb-clz4Ic-OWXEXe-YbohUe-M1Soyc.VfPpkd-StrnGf-rymPhb-clz4Ic-OWXEXe-QFlW2{margin-left:24px;margin-right:0;width:calc(100% - 24px)}[dir=rtl] .P2Hi5d .VfPpkd-StrnGf-rymPhb-clz4Ic-OWXEXe-YbohUe-M1Soyc.VfPpkd-StrnGf-rymPhb-clz4Ic-OWXEXe-QFlW2,.P2Hi5d .VfPpkd-StrnGf-rymPhb-clz4Ic-OWXEXe-YbohUe-M1Soyc.VfPpkd-StrnGf-rymPhb-clz4Ic-OWXEXe-QFlW2[dir=rtl]{margin-left:0;margin-right:24px}.P2Hi5d .VfPpkd-StrnGf-rymPhb-clz4Ic-OWXEXe-YbohUe-M1Soyc.VfPpkd-StrnGf-rymPhb-clz4Ic-OWXEXe-YbohUe-UbuQg.VfPpkd-StrnGf-rymPhb-clz4Ic-OWXEXe-YbohUe-QFlW2{margin-left:24px;margin-right:0;width:calc(100% - 40px)}[dir=rtl] .P2Hi5d .VfPpkd-StrnGf-rymPhb-clz4Ic-OWXEXe-YbohUe-M1Soyc.VfPpkd-StrnGf-rymPhb-clz4Ic-OWXEXe-YbohUe-UbuQg.VfPpkd-StrnGf-rymPhb-clz4Ic-OWXEXe-YbohUe-QFlW2,.P2Hi5d .VfPpkd-StrnGf-rymPhb-clz4Ic-OWXEXe-YbohUe-M1Soyc.VfPpkd-StrnGf-rymPhb-clz4Ic-OWXEXe-YbohUe-UbuQg.VfPpkd-StrnGf-rymPhb-clz4Ic-OWXEXe-YbohUe-QFlW2[dir=rtl]{margin-left:0;margin-right:24px}.mkMxfe .VfPpkd-StrnGf-rymPhb-ibnC6b .VfPpkd-StrnGf-rymPhb-f7MjDc{margin-left:0;margin-right:16px}[dir=rtl] .mkMxfe .VfPpkd-StrnGf-rymPhb-ibnC6b .VfPpkd-StrnGf-rymPhb-f7MjDc,.mkMxfe .VfPpkd-StrnGf-rymPhb-ibnC6b .VfPpkd-StrnGf-rymPhb-f7MjDc[dir=rtl]{margin-left:16px;margin-right:0}.mkMxfe .VfPpkd-StrnGf-rymPhb-clz4Ic-OWXEXe-YbohUe-M1Soyc{margin-left:56px;margin-right:0;width:calc(100% - 56px)}[dir=rtl] .mkMxfe .VfPpkd-StrnGf-rymPhb-clz4Ic-OWXEXe-YbohUe-M1Soyc,.mkMxfe .VfPpkd-StrnGf-rymPhb-clz4Ic-OWXEXe-YbohUe-M1Soyc[dir=rtl]{margin-left:0;margin-right:56px}.mkMxfe .VfPpkd-StrnGf-rymPhb-clz4Ic-OWXEXe-YbohUe-UbuQg{width:calc(100% - 16px)}.mkMxfe .VfPpkd-StrnGf-rymPhb-clz4Ic-OWXEXe-YbohUe-M1Soyc.VfPpkd-StrnGf-rymPhb-clz4Ic-OWXEXe-YbohUe-UbuQg{margin-left:56px;margin-right:0;width:calc(100% - 72px)}[dir=rtl] .mkMxfe .VfPpkd-StrnGf-rymPhb-clz4Ic-OWXEXe-YbohUe-M1Soyc.VfPpkd-StrnGf-rymPhb-clz4Ic-OWXEXe-YbohUe-UbuQg,.mkMxfe .VfPpkd-StrnGf-rymPhb-clz4Ic-OWXEXe-YbohUe-M1Soyc.VfPpkd-StrnGf-rymPhb-clz4Ic-OWXEXe-YbohUe-UbuQg[dir=rtl]{margin-left:0;margin-right:56px}.mkMxfe .VfPpkd-StrnGf-rymPhb-clz4Ic-OWXEXe-YbohUe-M1Soyc.VfPpkd-StrnGf-rymPhb-clz4Ic-OWXEXe-QFlW2{margin-left:16px;margin-right:0;width:calc(100% - 16px)}[dir=rtl] .mkMxfe .VfPpkd-StrnGf-rymPhb-clz4Ic-OWXEXe-YbohUe-M1Soyc.VfPpkd-StrnGf-rymPhb-clz4Ic-OWXEXe-QFlW2,.mkMxfe .VfPpkd-StrnGf-rymPhb-clz4Ic-OWXEXe-YbohUe-M1Soyc.VfPpkd-StrnGf-rymPhb-clz4Ic-OWXEXe-QFlW2[dir=rtl]{margin-left:0;margin-right:16px}.mkMxfe .VfPpkd-StrnGf-rymPhb-clz4Ic-OWXEXe-YbohUe-M1Soyc.VfPpkd-StrnGf-rymPhb-clz4Ic-OWXEXe-YbohUe-UbuQg.VfPpkd-StrnGf-rymPhb-clz4Ic-OWXEXe-YbohUe-QFlW2{margin-left:16px;margin-right:0;width:calc(100% - 32px)}[dir=rtl] .mkMxfe .VfPpkd-StrnGf-rymPhb-clz4Ic-OWXEXe-YbohUe-M1Soyc.VfPpkd-StrnGf-rymPhb-clz4Ic-OWXEXe-YbohUe-UbuQg.VfPpkd-StrnGf-rymPhb-clz4Ic-OWXEXe-YbohUe-QFlW2,.mkMxfe .VfPpkd-StrnGf-rymPhb-clz4Ic-OWXEXe-YbohUe-M1Soyc.VfPpkd-StrnGf-rymPhb-clz4Ic-OWXEXe-YbohUe-UbuQg.VfPpkd-StrnGf-rymPhb-clz4Ic-OWXEXe-YbohUe-QFlW2[dir=rtl]{margin-left:0;margin-right:16px}.r6B9Fd{font-family:Roboto,Arial,sans-serif;line-height:1.5rem;font-size:1rem;letter-spacing:.00625em;font-weight:400}.r6B9Fd .VfPpkd-rymPhb-Gtdoyb,.r6B9Fd .VfPpkd-rymPhb-fpDzbe-fmcmS{color:rgb(60,64,67)}.r6B9Fd .VfPpkd-rymPhb-L8ivfd-fmcmS,.r6B9Fd .VfPpkd-rymPhb-bC5pod-fmcmS,.r6B9Fd .VfPpkd-rymPhb-JMEf7e{color:rgb(95,99,104)}.r6B9Fd .VfPpkd-rymPhb-ibnC6b-OWXEXe-SfQLQb-M1Soyc-Bz112c .VfPpkd-rymPhb-KkROqb,.r6B9Fd .VfPpkd-rymPhb-ibnC6b-OWXEXe-SfQLQb-UbuQg-Bz112c .VfPpkd-rymPhb-JMEf7e,.r6B9Fd .VfPpkd-rymPhb-ibnC6b-OWXEXe-OWB6Me .VfPpkd-rymPhb-Gtdoyb,.r6B9Fd .VfPpkd-rymPhb-ibnC6b-OWXEXe-OWB6Me .VfPpkd-rymPhb-fpDzbe-fmcmS,.r6B9Fd .VfPpkd-rymPhb-ibnC6b-OWXEXe-OWB6Me .VfPpkd-rymPhb-L8ivfd-fmcmS,.r6B9Fd .VfPpkd-rymPhb-ibnC6b-OWXEXe-OWB6Me .VfPpkd-rymPhb-bC5pod-fmcmS,.r6B9Fd .VfPpkd-rymPhb-ibnC6b-OWXEXe-OWB6Me.VfPpkd-rymPhb-ibnC6b-OWXEXe-SfQLQb-M1Soyc-Bz112c .VfPpkd-rymPhb-KkROqb,.r6B9Fd .VfPpkd-rymPhb-ibnC6b-OWXEXe-OWB6Me.VfPpkd-rymPhb-ibnC6b-OWXEXe-SfQLQb-UbuQg-Bz112c .VfPpkd-rymPhb-JMEf7e,.r6B9Fd .VfPpkd-rymPhb-ibnC6b-OWXEXe-OWB6Me.VfPpkd-rymPhb-ibnC6b-OWXEXe-SfQLQb-UbuQg-r4m2rf .VfPpkd-rymPhb-JMEf7e{color:rgb(60,64,67)}.r6B9Fd .VfPpkd-rymPhb-ibnC6b-OWXEXe-OWB6Me .VfPpkd-rymPhb-KkROqb,.r6B9Fd .VfPpkd-rymPhb-ibnC6b-OWXEXe-OWB6Me .VfPpkd-rymPhb-Gtdoyb,.r6B9Fd .VfPpkd-rymPhb-ibnC6b-OWXEXe-OWB6Me .VfPpkd-rymPhb-JMEf7e{opacity:.38}.r6B9Fd .VfPpkd-rymPhb-ibnC6b-OWXEXe-gk6SMd .VfPpkd-rymPhb-Gtdoyb,.r6B9Fd .VfPpkd-rymPhb-ibnC6b-OWXEXe-gk6SMd .VfPpkd-rymPhb-fpDzbe-fmcmS,.r6B9Fd .VfPpkd-rymPhb-ibnC6b-OWXEXe-pXU01b .VfPpkd-rymPhb-Gtdoyb,.r6B9Fd .VfPpkd-rymPhb-ibnC6b-OWXEXe-pXU01b .VfPpkd-rymPhb-fpDzbe-fmcmS,.r6B9Fd .VfPpkd-rymPhb-ibnC6b-OWXEXe-gk6SMd.VfPpkd-rymPhb-ibnC6b-OWXEXe-SfQLQb-M1Soyc-Bz112c .VfPpkd-rymPhb-KkROqb,.r6B9Fd .VfPpkd-rymPhb-ibnC6b-OWXEXe-pXU01b.VfPpkd-rymPhb-ibnC6b-OWXEXe-SfQLQb-M1Soyc-Bz112c .VfPpkd-rymPhb-KkROqb{color:rgb(60,64,67)}.r6B9Fd .VfPpkd-rymPhb-ibnC6b-OWXEXe-gk6SMd .VfPpkd-rymPhb-pZXsl::before{opacity:0}.r6B9Fd .VfPpkd-rymPhb-ibnC6b.VfPpkd-rymPhb-ibnC6b-OWXEXe-gk6SMd{background-color:rgb(232,240,254)}.r6B9Fd .VfPpkd-rymPhb-ibnC6b.VfPpkd-rymPhb-ibnC6b-OWXEXe-gk6SMd .VfPpkd-rymPhb-pZXsl::before,.r6B9Fd .VfPpkd-rymPhb-ibnC6b.VfPpkd-rymPhb-ibnC6b-OWXEXe-gk6SMd .VfPpkd-rymPhb-pZXsl::after{background-color:rgb(26,115,232);background-color:var(--mdc-ripple-color,rgb(26,115,232))}.r6B9Fd .VfPpkd-rymPhb-ibnC6b.VfPpkd-rymPhb-ibnC6b-OWXEXe-gk6SMd:hover .VfPpkd-rymPhb-pZXsl::before,.r6B9Fd .VfPpkd-rymPhb-ibnC6b.VfPpkd-rymPhb-ibnC6b-OWXEXe-gk6SMd.VfPpkd-ksKsZd-XxIAqe-OWXEXe-ZmdkE .VfPpkd-rymPhb-pZXsl::before{opacity:.04;opacity:var(--mdc-ripple-hover-opacity,.04)}.r6B9Fd .VfPpkd-rymPhb-ibnC6b.VfPpkd-rymPhb-ibnC6b-OWXEXe-gk6SMd.VfPpkd-ksKsZd-mWPk3d-OWXEXe-AHe6Kc-XpnDCe .VfPpkd-rymPhb-pZXsl::before,.r6B9Fd .VfPpkd-rymPhb-ibnC6b.VfPpkd-rymPhb-ibnC6b-OWXEXe-gk6SMd:not(.VfPpkd-ksKsZd-mWPk3d):focus .VfPpkd-rymPhb-pZXsl::before{transition-duration:75ms;opacity:.12;opacity:var(--mdc-ripple-focus-opacity,.12)}.r6B9Fd .VfPpkd-rymPhb-ibnC6b.VfPpkd-rymPhb-ibnC6b-OWXEXe-gk6SMd:not(.VfPpkd-ksKsZd-mWPk3d) .VfPpkd-rymPhb-pZXsl::after{transition:opacity .15s linear}.r6B9Fd .VfPpkd-rymPhb-ibnC6b.VfPpkd-rymPhb-ibnC6b-OWXEXe-gk6SMd:not(.VfPpkd-ksKsZd-mWPk3d):active .VfPpkd-rymPhb-pZXsl::after{transition-duration:75ms;opacity:.1;opacity:var(--mdc-ripple-press-opacity,.1)}.r6B9Fd .VfPpkd-rymPhb-ibnC6b.VfPpkd-rymPhb-ibnC6b-OWXEXe-gk6SMd.VfPpkd-ksKsZd-mWPk3d{--mdc-ripple-fg-opacity:var(--mdc-ripple-press-opacity,0.1)}@media screen and (forced-colors:active){.r6B9Fd .VfPpkd-rymPhb-ibnC6b-OWXEXe-OWB6Me .VfPpkd-rymPhb-Gtdoyb,.r6B9Fd .VfPpkd-rymPhb-ibnC6b-OWXEXe-OWB6Me .VfPpkd-rymPhb-fpDzbe-fmcmS,.r6B9Fd .VfPpkd-rymPhb-ibnC6b-OWXEXe-OWB6Me .VfPpkd-rymPhb-L8ivfd-fmcmS,.r6B9Fd .VfPpkd-rymPhb-ibnC6b-OWXEXe-OWB6Me .VfPpkd-rymPhb-bC5pod-fmcmS,.r6B9Fd .VfPpkd-rymPhb-ibnC6b-OWXEXe-OWB6Me.VfPpkd-rymPhb-ibnC6b-OWXEXe-SfQLQb-M1Soyc-Bz112c .VfPpkd-rymPhb-KkROqb,.r6B9Fd .VfPpkd-rymPhb-ibnC6b-OWXEXe-OWB6Me.VfPpkd-rymPhb-ibnC6b-OWXEXe-SfQLQb-UbuQg-Bz112c .VfPpkd-rymPhb-JMEf7e,.r6B9Fd .VfPpkd-rymPhb-ibnC6b-OWXEXe-OWB6Me.VfPpkd-rymPhb-ibnC6b-OWXEXe-SfQLQb-UbuQg-r4m2rf .VfPpkd-rymPhb-JMEf7e{color:GrayText}.r6B9Fd .VfPpkd-rymPhb-ibnC6b-OWXEXe-OWB6Me .VfPpkd-rymPhb-KkROqb,.r6B9Fd .VfPpkd-rymPhb-ibnC6b-OWXEXe-OWB6Me .VfPpkd-rymPhb-Gtdoyb,.r6B9Fd .VfPpkd-rymPhb-ibnC6b-OWXEXe-OWB6Me .VfPpkd-rymPhb-JMEf7e{opacity:1}}.uTZ9Lb.VfPpkd-rymPhb-ibnC6b-OWXEXe-SfQLQb-aSi1db-MCEKJb .VfPpkd-rymPhb-KkROqb,.FvXOfd.VfPpkd-rymPhb-ibnC6b-OWXEXe-SfQLQb-aSi1db-MCEKJb .VfPpkd-rymPhb-KkROqb,.QrsYgb.VfPpkd-rymPhb-ibnC6b-OWXEXe-SfQLQb-aSi1db-MCEKJb .VfPpkd-rymPhb-KkROqb,.gfwIBd.VfPpkd-rymPhb-ibnC6b-OWXEXe-SfQLQb-aSi1db-MCEKJb .VfPpkd-rymPhb-KkROqb{align-self:center;margin-top:0}.HiC7Nc.VfPpkd-rymPhb-ibnC6b-OWXEXe-SfQLQb-Woal0c-RWgCYc{height:56px}.HiC7Nc.VfPpkd-rymPhb-ibnC6b-OWXEXe-SfQLQb-M1Soyc-HiaYvf.VfPpkd-rymPhb-ibnC6b-OWXEXe-SfQLQb-Woal0c-RWgCYc,.HiC7Nc.VfPpkd-rymPhb-ibnC6b-OWXEXe-SfQLQb-M1Soyc-aTv5jf.VfPpkd-rymPhb-ibnC6b-OWXEXe-SfQLQb-Woal0c-RWgCYc{height:72px}.UbEQCe.VfPpkd-rymPhb-ibnC6b{padding-left:0;padding-right:auto}[dir=rtl] .UbEQCe.VfPpkd-rymPhb-ibnC6b,.UbEQCe.VfPpkd-rymPhb-ibnC6b[dir=rtl]{padding-left:auto;padding-right:0}.UbEQCe .VfPpkd-rymPhb-KkROqb{margin-left:16px;margin-right:16px}[dir=rtl] .UbEQCe .VfPpkd-rymPhb-KkROqb,.UbEQCe .VfPpkd-rymPhb-KkROqb[dir=rtl]{margin-left:16px;margin-right:16px}.rKASPc.VfPpkd-rymPhb-ibnC6b{padding-left:0;padding-right:auto}[dir=rtl] .rKASPc.VfPpkd-rymPhb-ibnC6b,.rKASPc.VfPpkd-rymPhb-ibnC6b[dir=rtl]{padding-left:auto;padding-right:0}.rKASPc .VfPpkd-rymPhb-KkROqb{margin-left:8px;margin-right:8px}[dir=rtl] .rKASPc .VfPpkd-rymPhb-KkROqb,.rKASPc .VfPpkd-rymPhb-KkROqb[dir=rtl]{margin-left:8px;margin-right:8px}.rKASPc.VfPpkd-rymPhb-ibnC6b-OWXEXe-SfQLQb-aSi1db-MCEKJb .VfPpkd-rymPhb-KkROqb{align-self:flex-start;margin-top:8px}.U5k4Fd.VfPpkd-rymPhb-ibnC6b{padding-left:0;padding-right:auto}[dir=rtl] .U5k4Fd.VfPpkd-rymPhb-ibnC6b,.U5k4Fd.VfPpkd-rymPhb-ibnC6b[dir=rtl]{padding-left:auto;padding-right:0}.U5k4Fd .VfPpkd-rymPhb-KkROqb{margin-left:8px;margin-right:8px}[dir=rtl] .U5k4Fd .VfPpkd-rymPhb-KkROqb,.U5k4Fd .VfPpkd-rymPhb-KkROqb[dir=rtl]{margin-left:8px;margin-right:8px}.U5k4Fd.VfPpkd-rymPhb-ibnC6b-OWXEXe-SfQLQb-aSi1db-MCEKJb .VfPpkd-rymPhb-KkROqb{align-self:flex-start;margin-top:8px}.ifEyr.VfPpkd-rymPhb-ibnC6b{padding-left:0;padding-right:auto}[dir=rtl] .ifEyr.VfPpkd-rymPhb-ibnC6b,.ifEyr.VfPpkd-rymPhb-ibnC6b[dir=rtl]{padding-left:auto;padding-right:0}.ifEyr .VfPpkd-rymPhb-KkROqb{margin-left:8px;margin-right:8px}[dir=rtl] .ifEyr .VfPpkd-rymPhb-KkROqb,.ifEyr .VfPpkd-rymPhb-KkROqb[dir=rtl]{margin-left:8px;margin-right:8px}.ifEyr.VfPpkd-rymPhb-ibnC6b-OWXEXe-SfQLQb-aSi1db-MCEKJb .VfPpkd-rymPhb-KkROqb{align-self:flex-start;margin-top:8px}.SNowt.VfPpkd-rymPhb-ibnC6b{padding-left:auto;padding-right:0}[dir=rtl] .SNowt.VfPpkd-rymPhb-ibnC6b,.SNowt.VfPpkd-rymPhb-ibnC6b[dir=rtl]{padding-left:0;padding-right:auto}.SNowt .VfPpkd-rymPhb-JMEf7e{margin-left:8px;margin-right:16px}[dir=rtl] .SNowt .VfPpkd-rymPhb-JMEf7e,.SNowt .VfPpkd-rymPhb-JMEf7e[dir=rtl]{margin-left:16px;margin-right:8px}.tfmWAf.VfPpkd-rymPhb-ibnC6b{padding-left:auto;padding-right:0}[dir=rtl] .tfmWAf.VfPpkd-rymPhb-ibnC6b,.tfmWAf.VfPpkd-rymPhb-ibnC6b[dir=rtl]{padding-left:0;padding-right:auto}.tfmWAf .VfPpkd-rymPhb-JMEf7e{margin-left:8px;margin-right:16px}[dir=rtl] .tfmWAf .VfPpkd-rymPhb-JMEf7e,.tfmWAf .VfPpkd-rymPhb-JMEf7e[dir=rtl]{margin-left:16px;margin-right:8px}.axtYbd.VfPpkd-rymPhb-ibnC6b{padding-left:auto;padding-right:0}[dir=rtl] .axtYbd.VfPpkd-rymPhb-ibnC6b,.axtYbd.VfPpkd-rymPhb-ibnC6b[dir=rtl]{padding-left:0;padding-right:auto}.axtYbd .VfPpkd-rymPhb-JMEf7e{margin-left:16px;margin-right:24px}[dir=rtl] .axtYbd .VfPpkd-rymPhb-JMEf7e,.axtYbd .VfPpkd-rymPhb-JMEf7e[dir=rtl]{margin-left:24px;margin-right:16px}.aopLEb.VfPpkd-rymPhb-ibnC6b{padding-left:auto;padding-right:0}[dir=rtl] .aopLEb.VfPpkd-rymPhb-ibnC6b,.aopLEb.VfPpkd-rymPhb-ibnC6b[dir=rtl]{padding-left:0;padding-right:auto}.aopLEb .VfPpkd-rymPhb-JMEf7e{margin-left:16px;margin-right:24px}[dir=rtl] .aopLEb .VfPpkd-rymPhb-JMEf7e,.aopLEb .VfPpkd-rymPhb-JMEf7e[dir=rtl]{margin-left:24px;margin-right:16px}.zlqiud.VfPpkd-rymPhb-ibnC6b{padding-left:auto;padding-right:0}[dir=rtl] .zlqiud.VfPpkd-rymPhb-ibnC6b,.zlqiud.VfPpkd-rymPhb-ibnC6b[dir=rtl]{padding-left:0;padding-right:auto}.zlqiud .VfPpkd-rymPhb-JMEf7e{margin-left:16px;margin-right:24px}[dir=rtl] .zlqiud .VfPpkd-rymPhb-JMEf7e,.zlqiud .VfPpkd-rymPhb-JMEf7e[dir=rtl]{margin-left:24px;margin-right:16px}.isC8Y.VfPpkd-rymPhb-clz4Ic-OWXEXe-SfQLQb-M1Soyc-YbohUe{padding-left:24px;padding-right:auto}[dir=rtl] .isC8Y.VfPpkd-rymPhb-clz4Ic-OWXEXe-SfQLQb-M1Soyc-YbohUe,.isC8Y.VfPpkd-rymPhb-clz4Ic-OWXEXe-SfQLQb-M1Soyc-YbohUe[dir=rtl]{padding-left:auto;padding-right:24px}.MCs1Pd{padding-left:24px;padding-right:24px}[dir=rtl] .MCs1Pd,.MCs1Pd[dir=rtl]{padding-left:24px;padding-right:24px}.e6pQl.VfPpkd-rymPhb-clz4Ic-OWXEXe-SfQLQb-UbuQg-YbohUe{padding-left:auto;padding-right:24px}[dir=rtl] .e6pQl.VfPpkd-rymPhb-clz4Ic-OWXEXe-SfQLQb-UbuQg-YbohUe,.e6pQl.VfPpkd-rymPhb-clz4Ic-OWXEXe-SfQLQb-UbuQg-YbohUe[dir=rtl]{padding-left:24px;padding-right:auto}[dir=rtl] .e6pQl,.e6pQl[dir=rtl]{padding:0}.VfPpkd-xl07Ob-XxIAqe{display:none;position:absolute;box-sizing:border-box;margin:0;padding:0;transform:scale(1);transform-origin:top left;opacity:0;overflow:auto;will-change:transform,opacity;box-shadow:0 5px 5px -3px rgba(0,0,0,.2),0 8px 10px 1px rgba(0,0,0,.14),0 3px 14px 2px rgba(0,0,0,.12);transform-origin-left:top left;transform-origin-right:top right}.VfPpkd-xl07Ob-XxIAqe:focus{outline:none}.VfPpkd-xl07Ob-XxIAqe-OWXEXe-oT9UPb-FNFY6c{display:inline-block;transform:scale(.8);opacity:0}.VfPpkd-xl07Ob-XxIAqe-OWXEXe-FNFY6c{display:inline-block;transform:scale(1);opacity:1}.VfPpkd-xl07Ob-XxIAqe-OWXEXe-oT9UPb-xTMeO{display:inline-block;opacity:0}[dir=rtl] .VfPpkd-xl07Ob-XxIAqe,.VfPpkd-xl07Ob-XxIAqe[dir=rtl]{transform-origin-left:top right;transform-origin-right:top left}.VfPpkd-xl07Ob-XxIAqe-OWXEXe-oYxtQd{position:relative;overflow:visible}.VfPpkd-xl07Ob-XxIAqe-OWXEXe-qbOKL{position:fixed}.VfPpkd-xl07Ob-XxIAqe-OWXEXe-tsQazb{width:100%}.VfPpkd-xl07Ob-XxIAqe{max-width:calc(100vw - 32px);max-width:var(--mdc-menu-max-width,calc(100vw - 32px));max-height:calc(100vh - 32px);max-height:var(--mdc-menu-max-height,calc(100vh - 32px));z-index:8;transition:opacity .03s linear,transform .12s cubic-bezier(0,0,.2,1),height .25s cubic-bezier(0,0,.2,1);background-color:#fff;background-color:var(--mdc-theme-surface,#fff);color:#000;color:var(--mdc-theme-on-surface,#000);border-radius:4px;border-radius:var(--mdc-shape-medium,4px)}.VfPpkd-xl07Ob-XxIAqe-OWXEXe-oT9UPb-xTMeO{transition:opacity 75ms linear}.UQ5E0{box-shadow:0 3px 5px -1px rgba(0,0,0,.2),0 6px 10px 0 rgba(0,0,0,.14),0 1px 18px 0 rgba(0,0,0,.12)}.VfPpkd-xl07Ob{min-width:112px;min-width:var(--mdc-menu-min-width,112px)}.VfPpkd-xl07Ob .VfPpkd-StrnGf-rymPhb-IhFlZd,.VfPpkd-xl07Ob .VfPpkd-StrnGf-rymPhb-f7MjDc{color:rgba(0,0,0,.87)}.VfPpkd-xl07Ob .VfPpkd-xl07Ob-ibnC6b-OWXEXe-eKm5Fc-FNFY6c .VfPpkd-StrnGf-rymPhb-pZXsl::before{opacity:.04}.VfPpkd-xl07Ob .VfPpkd-xl07Ob-ibnC6b-OWXEXe-eKm5Fc-FNFY6c .VfPpkd-rymPhb-pZXsl::before{opacity:.04}.VfPpkd-xl07Ob .VfPpkd-StrnGf-rymPhb{color:rgba(0,0,0,.87)}.VfPpkd-xl07Ob .VfPpkd-StrnGf-rymPhb,.VfPpkd-xl07Ob .VfPpkd-rymPhb{position:relative;border-radius:inherit}.VfPpkd-xl07Ob .VfPpkd-StrnGf-rymPhb .VfPpkd-BFbNVe-bF1uUb,.VfPpkd-xl07Ob .VfPpkd-rymPhb .VfPpkd-BFbNVe-bF1uUb{width:100%;height:100%;top:0;left:0}.VfPpkd-xl07Ob .VfPpkd-StrnGf-rymPhb::before,.VfPpkd-xl07Ob .VfPpkd-rymPhb::before{position:absolute;box-sizing:border-box;width:100%;height:100%;top:0;left:0;border:1px solid transparent;border-radius:inherit;content:"";pointer-events:none}@media screen and (forced-colors:active){.VfPpkd-xl07Ob .VfPpkd-StrnGf-rymPhb::before,.VfPpkd-xl07Ob .VfPpkd-rymPhb::before{border-color:CanvasText}}.VfPpkd-xl07Ob .VfPpkd-StrnGf-rymPhb-clz4Ic{margin:8px 0}.VfPpkd-xl07Ob .VfPpkd-StrnGf-rymPhb-ibnC6b{user-select:none}.VfPpkd-xl07Ob .VfPpkd-StrnGf-rymPhb-ibnC6b-OWXEXe-OWB6Me{cursor:auto}.VfPpkd-xl07Ob a.VfPpkd-StrnGf-rymPhb-ibnC6b .VfPpkd-StrnGf-rymPhb-b9t22c,.VfPpkd-xl07Ob a.VfPpkd-StrnGf-rymPhb-ibnC6b .VfPpkd-StrnGf-rymPhb-f7MjDc{pointer-events:none}.VfPpkd-qPzbhe-JNdkSc{padding:0;fill:currentColor}.VfPpkd-qPzbhe-JNdkSc .VfPpkd-StrnGf-rymPhb-ibnC6b{padding-left:56px;padding-right:16px}[dir=rtl] .VfPpkd-qPzbhe-JNdkSc .VfPpkd-StrnGf-rymPhb-ibnC6b,.VfPpkd-qPzbhe-JNdkSc .VfPpkd-StrnGf-rymPhb-ibnC6b[dir=rtl]{padding-left:16px;padding-right:56px}.VfPpkd-qPzbhe-JNdkSc .VfPpkd-qPzbhe-JNdkSc-Bz112c{left:16px;right:auto;visibility:hidden;position:absolute;top:50%;transform:translateY(-50%);transition-property:visibility;transition-delay:75ms}[dir=rtl] .VfPpkd-qPzbhe-JNdkSc .VfPpkd-qPzbhe-JNdkSc-Bz112c,.VfPpkd-qPzbhe-JNdkSc .VfPpkd-qPzbhe-JNdkSc-Bz112c[dir=rtl]{left:auto;right:16px}.VfPpkd-xl07Ob-ibnC6b-OWXEXe-gk6SMd .VfPpkd-qPzbhe-JNdkSc-Bz112c{display:inline;visibility:visible}.q6oraf{box-shadow:0 3px 5px -1px rgba(0,0,0,.2),0 6px 10px 0 rgba(0,0,0,.14),0 1px 18px 0 rgba(0,0,0,.12)}.q6oraf .VfPpkd-StrnGf-rymPhb{font-family:Roboto,Arial,sans-serif;line-height:1.5rem;font-size:1rem;letter-spacing:.00625em;font-weight:400;color:#000;color:var(--mdc-theme-on-surface,#000)}.q6oraf .VfPpkd-StrnGf-rymPhb .VfPpkd-StrnGf-rymPhb-IhFlZd{color:rgb(95,99,104)}.q6oraf .VfPpkd-StrnGf-rymPhb .VfPpkd-StrnGf-rymPhb-ibnC6b-OWXEXe-OWB6Me .VfPpkd-StrnGf-rymPhb-b9t22c,.q6oraf .VfPpkd-StrnGf-rymPhb .VfPpkd-StrnGf-rymPhb-ibnC6b-OWXEXe-OWB6Me .VfPpkd-StrnGf-rymPhb-fpDzbe-fmcmS,.q6oraf .VfPpkd-StrnGf-rymPhb .VfPpkd-StrnGf-rymPhb-ibnC6b-OWXEXe-OWB6Me .VfPpkd-StrnGf-rymPhb-L8ivfd-fmcmS{color:rgb(60,64,67)}.q6oraf .VfPpkd-StrnGf-rymPhb .VfPpkd-StrnGf-rymPhb-ibnC6b-OWXEXe-OWB6Me .VfPpkd-StrnGf-rymPhb-b9t22c{opacity:.38}.q6oraf .VfPpkd-StrnGf-rymPhb .VfPpkd-StrnGf-rymPhb-ibnC6b-OWXEXe-gk6SMd,.q6oraf .VfPpkd-StrnGf-rymPhb .VfPpkd-StrnGf-rymPhb-ibnC6b-OWXEXe-pXU01b{color:#000;color:var(--mdc-theme-on-surface,#000)}.q6oraf .VfPpkd-StrnGf-rymPhb .VfPpkd-StrnGf-rymPhb-ibnC6b-OWXEXe-gk6SMd .VfPpkd-StrnGf-rymPhb-f7MjDc,.q6oraf .VfPpkd-StrnGf-rymPhb .VfPpkd-StrnGf-rymPhb-ibnC6b-OWXEXe-pXU01b .VfPpkd-StrnGf-rymPhb-f7MjDc{color:#000;color:var(--mdc-theme-on-surface,#000)}.q6oraf .VfPpkd-StrnGf-rymPhb .VfPpkd-StrnGf-rymPhb-ibnC6b-OWXEXe-gk6SMd .VfPpkd-StrnGf-rymPhb-pZXsl::before{opacity:0}.q6oraf .VfPpkd-StrnGf-rymPhb .VfPpkd-StrnGf-rymPhb-ibnC6b.VfPpkd-StrnGf-rymPhb-ibnC6b-OWXEXe-gk6SMd{background-color:rgb(232,240,254)}.q6oraf .VfPpkd-StrnGf-rymPhb .VfPpkd-StrnGf-rymPhb-ibnC6b.VfPpkd-StrnGf-rymPhb-ibnC6b-OWXEXe-gk6SMd .VfPpkd-StrnGf-rymPhb-pZXsl::before,.q6oraf .VfPpkd-StrnGf-rymPhb .VfPpkd-StrnGf-rymPhb-ibnC6b.VfPpkd-StrnGf-rymPhb-ibnC6b-OWXEXe-gk6SMd .VfPpkd-StrnGf-rymPhb-pZXsl::after{background-color:rgb(26,115,232);background-color:var(--mdc-ripple-color,rgb(26,115,232))}.q6oraf .VfPpkd-StrnGf-rymPhb .VfPpkd-StrnGf-rymPhb-ibnC6b.VfPpkd-StrnGf-rymPhb-ibnC6b-OWXEXe-gk6SMd:hover .VfPpkd-StrnGf-rymPhb-pZXsl::before,.q6oraf .VfPpkd-StrnGf-rymPhb .VfPpkd-StrnGf-rymPhb-ibnC6b.VfPpkd-StrnGf-rymPhb-ibnC6b-OWXEXe-gk6SMd.VfPpkd-ksKsZd-XxIAqe-OWXEXe-ZmdkE .VfPpkd-StrnGf-rymPhb-pZXsl::before{opacity:.04;opacity:var(--mdc-ripple-hover-opacity,.04)}.q6oraf .VfPpkd-StrnGf-rymPhb .VfPpkd-StrnGf-rymPhb-ibnC6b.VfPpkd-StrnGf-rymPhb-ibnC6b-OWXEXe-gk6SMd.VfPpkd-ksKsZd-mWPk3d-OWXEXe-AHe6Kc-XpnDCe .VfPpkd-StrnGf-rymPhb-pZXsl::before,.q6oraf .VfPpkd-StrnGf-rymPhb .VfPpkd-StrnGf-rymPhb-ibnC6b.VfPpkd-StrnGf-rymPhb-ibnC6b-OWXEXe-gk6SMd:not(.VfPpkd-ksKsZd-mWPk3d):focus .VfPpkd-StrnGf-rymPhb-pZXsl::before{transition-duration:75ms;opacity:.12;opacity:var(--mdc-ripple-focus-opacity,.12)}.q6oraf .VfPpkd-StrnGf-rymPhb .VfPpkd-StrnGf-rymPhb-ibnC6b.VfPpkd-StrnGf-rymPhb-ibnC6b-OWXEXe-gk6SMd:not(.VfPpkd-ksKsZd-mWPk3d) .VfPpkd-StrnGf-rymPhb-pZXsl::after{transition:opacity .15s linear}.q6oraf .VfPpkd-StrnGf-rymPhb .VfPpkd-StrnGf-rymPhb-ibnC6b.VfPpkd-StrnGf-rymPhb-ibnC6b-OWXEXe-gk6SMd:not(.VfPpkd-ksKsZd-mWPk3d):active .VfPpkd-StrnGf-rymPhb-pZXsl::after{transition-duration:75ms;opacity:.1;opacity:var(--mdc-ripple-press-opacity,.1)}.q6oraf .VfPpkd-StrnGf-rymPhb .VfPpkd-StrnGf-rymPhb-ibnC6b.VfPpkd-StrnGf-rymPhb-ibnC6b-OWXEXe-gk6SMd.VfPpkd-ksKsZd-mWPk3d{--mdc-ripple-fg-opacity:var(--mdc-ripple-press-opacity,0.1)}@media (-ms-high-contrast:active),screen and (forced-colors:active){.q6oraf .VfPpkd-StrnGf-rymPhb .VfPpkd-StrnGf-rymPhb-ibnC6b-OWXEXe-OWB6Me .VfPpkd-StrnGf-rymPhb-b9t22c,.q6oraf .VfPpkd-StrnGf-rymPhb .VfPpkd-StrnGf-rymPhb-ibnC6b-OWXEXe-OWB6Me .VfPpkd-StrnGf-rymPhb-fpDzbe-fmcmS,.q6oraf .VfPpkd-StrnGf-rymPhb .VfPpkd-StrnGf-rymPhb-ibnC6b-OWXEXe-OWB6Me .VfPpkd-StrnGf-rymPhb-L8ivfd-fmcmS{color:GrayText}.q6oraf .VfPpkd-StrnGf-rymPhb .VfPpkd-StrnGf-rymPhb-ibnC6b-OWXEXe-OWB6Me .VfPpkd-StrnGf-rymPhb-b9t22c{opacity:1}}.FliLIb{box-sizing:border-box;display:inline-block}.FliLIb .u3bW4e{box-shadow:0px 6px 10px 0px rgba(0,0,0,.14),0px 1px 18px 0px rgba(0,0,0,.12),0px 3px 5px -1px rgba(0,0,0,.2)}.FliLIb.eLNT1d{display:none}.FliLIb .q6oraf .VfPpkd-rymPhb,.FliLIb .ksBjEc{font-size:inherit}.FliLIb .TrZEUc .WpHeLc{position:absolute}.FliLIb .qIypjc:not(:disabled){color:#fff}@media (-ms-high-contrast:active),screen and (forced-colors:active){.p4mh8e{border:1px solid CanvasText}}.xYnMae .VfPpkd-Jh9lGc{box-sizing:content-box}.uRo0Xe .snByac{font-weight:500;line-height:1.4286}.FliLIb .uRo0Xe{min-width:0}.uRo0Xe .snByac{margin:8px 8px;text-transform:none}.stUf5b.WS4XDd{border:0;max-height:1.3333333em;padding:0 2px;vertical-align:middle;width:auto}.G5XIyb{border:0;object-fit:contain}.G5XIyb.WS4XDd{border:0;max-height:1.3333333em;padding:0 2px;vertical-align:middle;width:auto}.YZrg6{align-items:center;background:#fff;border:1px solid rgb(218,220,224);box-sizing:border-box;color:rgb(60,64,67);cursor:pointer;display:inline-flex;font-family:"Google Sans","Noto Sans Myanmar UI",arial,sans-serif;font-size:14px;font-weight:500;letter-spacing:.25px;max-width:100%;position:relative}.YZrg6::after{bottom:-1px;border:1px solid transparent;content:"";left:-1px;position:absolute;right:-1px;top:-1px}.YZrg6:focus,.YZrg6.u3bW4e{background:rgba(60,64,67,0.122);outline:none}.YZrg6:focus-visible::after{bottom:-5px;border:2px solid rgb(24,90,188);border-radius:20px;box-shadow:0 0 0 2px rgb(232,240,254);content:"";left:-5px;position:absolute;right:-5px;top:-5px}.YZrg6:hover:not(:focus-visible)::after{background:rgba(60,64,67,0.039)}.YZrg6:focus:not(:focus-visible)::after,.YZrg6:hover:not(:focus-visible)::after,.YZrg6.u3bW4e{border-color:rgb(218,220,224)}.YZrg6.qs41qe{color:rgb(60,64,67)}.YZrg6.qs41qe:not(:focus-visible)::after{background:rgba(60,64,67,0.122);border-color:rgb(60,64,67)}.SOOv2c{color:rgb(26,115,232);font-size:12px}.HnRr5d{border-radius:16px;padding:0 15px 0 15px}.HnRr5d.SOOv2c{border-radius:12px;padding:0 10px 0 10px}.HnRr5d.iiFyne{padding-right:7px}.HnRr5d.cd29Sd{padding-left:5px}.HnRr5d.SOOv2c.iiFyne{padding-right:7px}.HnRr5d.SOOv2c.cd29Sd{padding-left:2px}.HnRr5d::after{border-radius:16px}.HnRr5d.SOOv2c::after{border-radius:12px}.gPHLDe{border-radius:10px;height:20px;margin-right:8px}.gPHLDe .stUf5b,.gPHLDe .G5XIyb{border-radius:50%;color:rgb(60,64,67);display:block;height:20px;width:20px}.KTeGk{direction:ltr;text-align:left;overflow:hidden;text-overflow:ellipsis;white-space:nowrap}.HnRr5d .KTeGk{line-height:30px}.HnRr5d.SOOv2c .KTeGk{line-height:22px}.krLnGe{color:rgb(60,64,67);flex-shrink:0;height:18px;margin-left:4px;transition:transform .2s cubic-bezier(.4,0,.2,1);width:18px}.YZrg6.sMVRZe .krLnGe{transform:rotate(180deg)}.SOOv2c .krLnGe{height:16px;width:16px}.MSBt4d{display:block;height:100%;width:100%}.aTzEhb{margin:16px 0;outline:none}.aTzEhb+.aTzEhb{margin-top:24px}.aTzEhb:first-child{margin-top:0}.aTzEhb:last-child{margin-bottom:0}.AORPd{border-radius:8px;padding:16px}.AORPd>:first-child{margin-top:0}.AORPd>:last-child{margin-bottom:0}.AORPd .kV95Wc{color:rgb(32,33,36)}.AORPd .CxRgyd{color:rgb(32,33,36)}.AORPd.YFdWic .CxRgyd{color:rgb(95,99,104);margin-top:4px;padding:0}.AORPd.YFdWic .IdEPtc,.AORPd.YFdWic .CxRgyd{margin-left:64px;width:calc(100% - 64px)}.AORPd.YFdWic:not(.S7S4N) .IdEPtc{margin-left:0;width:0}.AORPd:not(.S7S4N)>.CxRgyd{margin-top:0}.AORPd.sj692e{background:rgb(232,240,254)}.AORPd.Xq8bDe{background:rgb(252,232,230)}.AORPd.rNe0id{background:rgb(254,247,224)}.AORPd.YFdWic{border:1px solid rgb(218,220,224);box-sizing:border-box;min-height:80px;position:relative}.AORPd:not(.S7S4N){display:flex}.aTzEhb.eLNT1d{display:none}.aTzEhb.RDPZE{opacity:.5;pointer-events:none}.aTzEhb.RDPZE .aTzEhb.RDPZE{opacity:1}.wfep7d{border:1px solid rgb(218,220,224);border-radius:8px;padding:16px}.wfep7d .UST9Bf{display:flex;-webkit-box-pack:end;justify-content:flex-end;margin-top:16px}.wfep7d .UST9Bf .xYnMae{margin-bottom:0;margin-top:0}.vEFDtd{border-bottom:1px solid rgb(218,220,224);display:flex;-webkit-box-orient:vertical;-webkit-box-direction:normal;flex-direction:column}.vEFDtd .V9RXW .rBUW7e,.vEFDtd .vEFDtd:last-child{border-bottom:0}.vEFDtd .vEFDtd:last-child .L9iFZc{padding-bottom:0}.vEFDtd.D6kf4b{border-bottom:0}.IdEPtc:empty,.yMb59d:empty{display:none}.IdEPtc>:first-child{margin-top:0;padding-top:0}.IdEPtc>:last-child{margin-bottom:0;padding-bottom:0}.UWVyoc{margin:0 0 8px}.vEFDtd[data-expand-type="1"] .L9iFZc,.aTzEhb[data-expand-type="1"] .A6OHve{cursor:pointer}.vEFDtd .L9iFZc{padding-bottom:16px}.kV95Wc{-webkit-box-align:center;align-items:center;color:rgb(32,33,36);display:flex;font-family:"Google Sans","Noto Sans Myanmar UI",arial,sans-serif;font-size:16px;font-weight:500;letter-spacing:.1px;line-height:1.5;margin-top:0;margin-bottom:0;padding:0}.vEFDtd.u3bW4e .kV95Wc{position:relative}.vEFDtd[data-expand-type="1"].u3bW4e .kV95Wc::after{background:rgba(26,115,232,0.149);border-radius:8px;bottom:-4px;content:"";left:-8px;position:absolute;right:-8px;top:-4px;z-index:-1}.A6OHve{background:none;border:none;color:inherit;box-flex:1;flex-grow:1;font:inherit;margin:0;outline:0;padding:0;text-align:inherit}.A6OHve::-moz-focus-inner{border:0}.A6OHve [jsslot]{position:relative}.jhXB3b{margin-left:16px}.jhXB3b .Z6O26d{-webkit-box-align:center;align-items:center;display:flex;height:24px;-webkit-box-pack:center;justify-content:center;transition:transform .2s cubic-bezier(0.4,0,0.2,1);-webkit-transition:transform .2s cubic-bezier(0.4,0,0.2,1),-webkit-transform .2s cubic-bezier(0.4,0,0.2,1);transition:transform .2s cubic-bezier(0.4,0,0.2,1),-webkit-transform .2s cubic-bezier(0.4,0,0.2,1);width:24px}.vEFDtd .jhXB3b,.vEFDtd .A6OHve,.vEFDtd .yiP64c{pointer-events:none}.vEFDtd.jVwmLb .Z6O26d{transform:rotate(-180deg)}.yiP64c{color:rgb(95,99,104);flex-shrink:0;height:20px;margin-right:16px;width:20px}.yiP64c .d7Plee{height:100%;width:100%}.AORPd .yiP64c{margin-top:0}.AORPd.sj692e .yiP64c{color:rgb(25,103,210)}.AORPd.Xq8bDe .yiP64c{color:rgb(197,34,31)}.AORPd.rNe0id .yiP64c{color:rgb(234,134,0)}.AORPd.YFdWic .yiP64c{height:48px;left:16px;position:absolute;top:16px;width:48px}.yMb59d{color:rgb(95,99,104);font-size:14px;font-weight:400;line-height:1.4286;margin-top:8px}.CxRgyd{margin:auto -24px;padding-left:24px;padding-right:24px;margin-bottom:16px;margin-top:10px}@media (min-width:450px){.CxRgyd{margin:auto -40px;padding-left:40px;padding-right:40px;margin-bottom:16px;margin-top:10px}}.wfep7d .CxRgyd{margin-bottom:0;margin-top:16px}.IdEPtc:empty+.CxRgyd{margin-top:0}.CxRgyd:only-child{margin-bottom:0;margin-top:0}.vEFDtd .CxRgyd{margin-top:0;overflow-y:hidden;transition:.2s cubic-bezier(0.4,0,0.2,1)}.vEFDtd.jVwmLb .CxRgyd{margin-bottom:0;margin-top:0;max-height:0;opacity:0;visibility:hidden}.CxRgyd>[jsslot]>:first-child:not(section){margin-top:0;padding-top:0}.CxRgyd>[jsslot]>:last-child:not(section){margin-bottom:0;padding-bottom:0}.w7wqLd{align-self:center;margin-bottom:0}.x3iGMd{border-bottom:1px solid rgb(218,220,224);display:flex;-webkit-box-orient:horizontal;-webkit-box-direction:normal;flex-direction:row;-webkit-box-pack:center;justify-content:center;height:0;margin-bottom:24px;margin-top:12px}.aQPcpb{background:#fff;display:flex;height:24px;margin-top:-12px}.D6kf4b:not(.jVwmLb) .x3iGMd{display:none}.D6kf4b .VBGMK:focus-visible{outline:none;position:relative}.D6kf4b .VBGMK:focus-visible::after{border:2px solid #185abc;border-radius:6px;bottom:0;box-shadow:0 0 0 2px #e8f0fe;content:"";left:0;position:absolute;right:0;top:0}.VfPpkd-Sx9Kwc .VfPpkd-P5QLlc{background-color:#fff;background-color:var(--mdc-theme-surface,#fff)}.VfPpkd-Sx9Kwc .VfPpkd-IE5DDf,.VfPpkd-Sx9Kwc .VfPpkd-P5QLlc-GGAcbc{background-color:rgba(0,0,0,.32)}.VfPpkd-Sx9Kwc .VfPpkd-k2Wrsb{color:rgba(0,0,0,.87)}.VfPpkd-Sx9Kwc .VfPpkd-cnG4Wd{color:rgba(0,0,0,.6)}.VfPpkd-Sx9Kwc .VfPpkd-zMU9ub{color:#000;color:var(--mdc-theme-on-surface,#000)}.VfPpkd-Sx9Kwc .VfPpkd-zMU9ub .VfPpkd-Bz112c-Jh9lGc::before,.VfPpkd-Sx9Kwc .VfPpkd-zMU9ub .VfPpkd-Bz112c-Jh9lGc::after{background-color:#000;background-color:var(--mdc-ripple-color,var(--mdc-theme-on-surface,#000))}.VfPpkd-Sx9Kwc .VfPpkd-zMU9ub:hover .VfPpkd-Bz112c-Jh9lGc::before,.VfPpkd-Sx9Kwc .VfPpkd-zMU9ub.VfPpkd-ksKsZd-XxIAqe-OWXEXe-ZmdkE .VfPpkd-Bz112c-Jh9lGc::before{opacity:.04;opacity:var(--mdc-ripple-hover-opacity,.04)}.VfPpkd-Sx9Kwc .VfPpkd-zMU9ub.VfPpkd-ksKsZd-mWPk3d-OWXEXe-AHe6Kc-XpnDCe .VfPpkd-Bz112c-Jh9lGc::before,.VfPpkd-Sx9Kwc .VfPpkd-zMU9ub:not(.VfPpkd-ksKsZd-mWPk3d):focus .VfPpkd-Bz112c-Jh9lGc::before{transition-duration:75ms;opacity:.12;opacity:var(--mdc-ripple-focus-opacity,.12)}.VfPpkd-Sx9Kwc .VfPpkd-zMU9ub:not(.VfPpkd-ksKsZd-mWPk3d) .VfPpkd-Bz112c-Jh9lGc::after{transition:opacity .15s linear}.VfPpkd-Sx9Kwc .VfPpkd-zMU9ub:not(.VfPpkd-ksKsZd-mWPk3d):active .VfPpkd-Bz112c-Jh9lGc::after{transition-duration:75ms;opacity:.12;opacity:var(--mdc-ripple-press-opacity,.12)}.VfPpkd-Sx9Kwc .VfPpkd-zMU9ub.VfPpkd-ksKsZd-mWPk3d{--mdc-ripple-fg-opacity:var(--mdc-ripple-press-opacity,0.12)}.VfPpkd-Sx9Kwc.VfPpkd-Sx9Kwc-OWXEXe-s2gQvd .VfPpkd-k2Wrsb,.VfPpkd-Sx9Kwc.VfPpkd-Sx9Kwc-OWXEXe-s2gQvd .VfPpkd-T0kwCb,.VfPpkd-Sx9Kwc.VfPpkd-Sx9Kwc-OWXEXe-s2gQvd.VfPpkd-Sx9Kwc-XuHpsb-clz4Ic-yePe5c .VfPpkd-T0kwCb{border-color:rgba(0,0,0,.12)}.VfPpkd-Sx9Kwc.VfPpkd-Sx9Kwc-OWXEXe-s2gQvd .VfPpkd-k2Wrsb{border-bottom:1px solid rgba(0,0,0,.12);margin-bottom:0}.VfPpkd-Sx9Kwc.VfPpkd-Sx9Kwc-XuHpsb-clz4Ic-tJHJj.VfPpkd-Sx9Kwc-OWXEXe-n9oEIb .VfPpkd-oclYLd{box-shadow:0 3px 1px -2px rgba(0,0,0,.2),0 2px 2px 0 rgba(0,0,0,.14),0 1px 5px 0 rgba(0,0,0,.12)}.VfPpkd-Sx9Kwc .VfPpkd-P5QLlc{border-radius:4px;border-radius:var(--mdc-shape-medium,4px)}.VfPpkd-P5QLlc{box-shadow:0 11px 15px -7px rgba(0,0,0,.2),0 24px 38px 3px rgba(0,0,0,.14),0 9px 46px 8px rgba(0,0,0,.12)}.VfPpkd-k2Wrsb{-moz-osx-font-smoothing:grayscale;-webkit-font-smoothing:antialiased;font-family:Roboto,sans-serif;font-family:var(--mdc-typography-headline6-font-family,var(--mdc-typography-font-family,Roboto,sans-serif));font-size:1.25rem;font-size:var(--mdc-typography-headline6-font-size,1.25rem);line-height:2rem;line-height:var(--mdc-typography-headline6-line-height,2rem);font-weight:500;font-weight:var(--mdc-typography-headline6-font-weight,500);letter-spacing:.0125em;letter-spacing:var(--mdc-typography-headline6-letter-spacing,.0125em);text-decoration:inherit;-webkit-text-decoration:var(--mdc-typography-headline6-text-decoration,inherit);text-decoration:var(--mdc-typography-headline6-text-decoration,inherit);text-transform:inherit;text-transform:var(--mdc-typography-headline6-text-transform,inherit)}.VfPpkd-cnG4Wd{-moz-osx-font-smoothing:grayscale;-webkit-font-smoothing:antialiased;font-family:Roboto,sans-serif;font-family:var(--mdc-typography-body1-font-family,var(--mdc-typography-font-family,Roboto,sans-serif));font-size:1rem;font-size:var(--mdc-typography-body1-font-size,1rem);line-height:1.5rem;line-height:var(--mdc-typography-body1-line-height,1.5rem);font-weight:400;font-weight:var(--mdc-typography-body1-font-weight,400);letter-spacing:.03125em;letter-spacing:var(--mdc-typography-body1-letter-spacing,.03125em);text-decoration:inherit;-webkit-text-decoration:var(--mdc-typography-body1-text-decoration,inherit);text-decoration:var(--mdc-typography-body1-text-decoration,inherit);text-transform:inherit;text-transform:var(--mdc-typography-body1-text-transform,inherit)}.VfPpkd-Sx9Kwc,.VfPpkd-IE5DDf{position:fixed;top:0;left:0;align-items:center;justify-content:center;box-sizing:border-box;width:100%;height:100%}.VfPpkd-Sx9Kwc{display:none;z-index:7;z-index:var(--mdc-dialog-z-index,7)}.VfPpkd-Sx9Kwc .VfPpkd-cnG4Wd{padding:20px 24px 20px 24px}.VfPpkd-Sx9Kwc .VfPpkd-P5QLlc{min-width:280px}@media (max-width:592px){.VfPpkd-Sx9Kwc .VfPpkd-P5QLlc{max-width:calc(100vw - 32px)}}@media (min-width:592px){.VfPpkd-Sx9Kwc .VfPpkd-P5QLlc{max-width:560px}}@media (max-width:600px),(max-width:720px) and (max-height:400px),(min-width:720px) and (max-height:400px){.VfPpkd-Sx9Kwc.VfPpkd-Sx9Kwc-OWXEXe-n9oEIb .VfPpkd-P5QLlc{max-width:100vw}}.VfPpkd-Sx9Kwc .VfPpkd-P5QLlc{max-height:calc(100% - 32px)}.VfPpkd-Sx9Kwc.VfPpkd-Sx9Kwc-OWXEXe-n9oEIb .VfPpkd-P5QLlc{max-width:none}@media (max-width:960px){.VfPpkd-Sx9Kwc.VfPpkd-Sx9Kwc-OWXEXe-n9oEIb .VfPpkd-P5QLlc{max-height:560px;width:560px}.VfPpkd-Sx9Kwc.VfPpkd-Sx9Kwc-OWXEXe-n9oEIb .VfPpkd-P5QLlc .VfPpkd-zMU9ub-suEOdc-sM5MNb{position:relative;right:-12px}}@media (max-width:720px) and (max-width:672px){.VfPpkd-Sx9Kwc.VfPpkd-Sx9Kwc-OWXEXe-n9oEIb .VfPpkd-P5QLlc{width:calc(100vw - 112px)}}@media (max-width:720px) and (min-width:672px){.VfPpkd-Sx9Kwc.VfPpkd-Sx9Kwc-OWXEXe-n9oEIb .VfPpkd-P5QLlc{width:560px}}@media (max-width:720px) and (max-height:720px){.VfPpkd-Sx9Kwc.VfPpkd-Sx9Kwc-OWXEXe-n9oEIb .VfPpkd-P5QLlc{max-height:calc(100vh - 160px)}}@media (max-width:720px) and (min-height:720px){.VfPpkd-Sx9Kwc.VfPpkd-Sx9Kwc-OWXEXe-n9oEIb .VfPpkd-P5QLlc{max-height:560px}}@media (max-width:720px){.VfPpkd-Sx9Kwc.VfPpkd-Sx9Kwc-OWXEXe-n9oEIb .VfPpkd-P5QLlc .VfPpkd-zMU9ub-suEOdc-sM5MNb{position:relative;right:-12px}}@media (max-width:600px),(max-width:720px) and (max-height:400px),(min-width:720px) and (max-height:400px){.VfPpkd-Sx9Kwc.VfPpkd-Sx9Kwc-OWXEXe-n9oEIb .VfPpkd-P5QLlc{height:100%;max-height:100vh;max-width:100vw;width:100vw;border-radius:0}.VfPpkd-Sx9Kwc.VfPpkd-Sx9Kwc-OWXEXe-n9oEIb .VfPpkd-P5QLlc .VfPpkd-zMU9ub-suEOdc-sM5MNb{position:relative;order:-1;left:-12px}.VfPpkd-Sx9Kwc.VfPpkd-Sx9Kwc-OWXEXe-n9oEIb .VfPpkd-P5QLlc .VfPpkd-oclYLd{padding:0 16px 9px;justify-content:flex-start}.VfPpkd-Sx9Kwc.VfPpkd-Sx9Kwc-OWXEXe-n9oEIb .VfPpkd-P5QLlc .VfPpkd-k2Wrsb{margin-left:-8px}}@media (min-width:960px){.VfPpkd-Sx9Kwc.VfPpkd-Sx9Kwc-OWXEXe-n9oEIb .VfPpkd-P5QLlc{width:calc(100vw - 400px)}.VfPpkd-Sx9Kwc.VfPpkd-Sx9Kwc-OWXEXe-n9oEIb .VfPpkd-P5QLlc .VfPpkd-zMU9ub-suEOdc-sM5MNb{position:relative;right:-12px}}.VfPpkd-Sx9Kwc.VfPpkd-IE5DDf-OWXEXe-L6cTce .VfPpkd-IE5DDf{opacity:0}.VfPpkd-IE5DDf{opacity:0;z-index:-1}.VfPpkd-wzTsW{display:flex;flex-direction:row;align-items:center;justify-content:space-around;box-sizing:border-box;height:100%;opacity:0;pointer-events:none}.VfPpkd-P5QLlc{position:relative;display:flex;flex-direction:column;flex-grow:0;flex-shrink:0;box-sizing:border-box;max-width:100%;max-height:100%;pointer-events:auto;overflow-y:auto;outline:0;transform:scale(.8)}.VfPpkd-P5QLlc .VfPpkd-BFbNVe-bF1uUb{width:100%;height:100%;top:0;left:0}[dir=rtl] .VfPpkd-P5QLlc,.VfPpkd-P5QLlc[dir=rtl]{text-align:right}@media (-ms-high-contrast:active),screen and (forced-colors:active){.VfPpkd-P5QLlc{outline:2px solid windowText}}.VfPpkd-P5QLlc::before{position:absolute;box-sizing:border-box;width:100%;height:100%;top:0;left:0;border:2px solid transparent;border-radius:inherit;content:"";pointer-events:none}@media screen and (forced-colors:active){.VfPpkd-P5QLlc::before{border-color:CanvasText}}@media screen and (-ms-high-contrast:active),screen and (-ms-high-contrast:none){.VfPpkd-P5QLlc::before{content:none}}.VfPpkd-k2Wrsb{display:block;margin-top:0;position:relative;flex-shrink:0;box-sizing:border-box;margin:0 0 1px;padding:0 24px 9px}.VfPpkd-k2Wrsb::before{display:inline-block;width:0;height:40px;content:"";vertical-align:0}[dir=rtl] .VfPpkd-k2Wrsb,.VfPpkd-k2Wrsb[dir=rtl]{text-align:right}.VfPpkd-Sx9Kwc-OWXEXe-s2gQvd .VfPpkd-k2Wrsb{margin-bottom:1px;padding-bottom:15px}.VfPpkd-Sx9Kwc-OWXEXe-n9oEIb .VfPpkd-oclYLd{align-items:baseline;border-bottom:1px solid transparent;display:inline-flex;justify-content:space-between;padding:0 24px 9px;z-index:1}@media screen and (forced-colors:active){.VfPpkd-Sx9Kwc-OWXEXe-n9oEIb .VfPpkd-oclYLd{border-bottom-color:CanvasText}}.VfPpkd-Sx9Kwc-OWXEXe-n9oEIb .VfPpkd-oclYLd .VfPpkd-zMU9ub-suEOdc-sM5MNb{position:relative;right:-12px}.VfPpkd-Sx9Kwc-OWXEXe-n9oEIb .VfPpkd-k2Wrsb{margin-bottom:0;padding:0;border-bottom:0}.VfPpkd-Sx9Kwc-OWXEXe-n9oEIb.VfPpkd-Sx9Kwc-OWXEXe-s2gQvd .VfPpkd-k2Wrsb{border-bottom:0;margin-bottom:0}.VfPpkd-Sx9Kwc-OWXEXe-n9oEIb .VfPpkd-zMU9ub-suEOdc-sM5MNb{top:5px}.VfPpkd-Sx9Kwc-OWXEXe-n9oEIb.VfPpkd-Sx9Kwc-OWXEXe-s2gQvd .VfPpkd-T0kwCb{border-top:1px solid transparent}@media screen and (forced-colors:active){.VfPpkd-Sx9Kwc-OWXEXe-n9oEIb.VfPpkd-Sx9Kwc-OWXEXe-s2gQvd .VfPpkd-T0kwCb{border-top-color:CanvasText}}.VfPpkd-Sx9Kwc-OWXEXe-n9oEIb-OWXEXe-diJVc .VfPpkd-zMU9ub-suEOdc-sM5MNb{margin-top:4px}.VfPpkd-Sx9Kwc-OWXEXe-n9oEIb-OWXEXe-diJVc.VfPpkd-Sx9Kwc-OWXEXe-s2gQvd .VfPpkd-zMU9ub-suEOdc-sM5MNb{margin-top:0}.VfPpkd-cnG4Wd{flex-grow:1;box-sizing:border-box;margin:0;overflow:auto}.VfPpkd-cnG4Wd>:first-child{margin-top:0}.VfPpkd-cnG4Wd>:last-child{margin-bottom:0}.VfPpkd-k2Wrsb+.VfPpkd-cnG4Wd,.VfPpkd-oclYLd+.VfPpkd-cnG4Wd{padding-top:0}.VfPpkd-Sx9Kwc-OWXEXe-s2gQvd .VfPpkd-k2Wrsb+.VfPpkd-cnG4Wd{padding-top:8px;padding-bottom:8px}.VfPpkd-cnG4Wd .VfPpkd-StrnGf-rymPhb:first-child:last-child{padding:6px 0 0}.VfPpkd-Sx9Kwc-OWXEXe-s2gQvd .VfPpkd-cnG4Wd .VfPpkd-StrnGf-rymPhb:first-child:last-child{padding:0}.VfPpkd-T0kwCb{display:flex;position:relative;flex-shrink:0;flex-wrap:wrap;align-items:center;justify-content:flex-end;box-sizing:border-box;min-height:52px;margin:0;padding:8px;border-top:1px solid transparent}@media screen and (forced-colors:active){.VfPpkd-T0kwCb{border-top-color:CanvasText}}.VfPpkd-Sx9Kwc-OWXEXe-eu7FSc .VfPpkd-T0kwCb{flex-direction:column;align-items:flex-end}.VfPpkd-M1klYe{margin-left:8px;margin-right:0;max-width:100%;text-align:right}[dir=rtl] .VfPpkd-M1klYe,.VfPpkd-M1klYe[dir=rtl]{margin-left:0;margin-right:8px}.VfPpkd-M1klYe:first-child{margin-left:0;margin-right:0}[dir=rtl] .VfPpkd-M1klYe:first-child,.VfPpkd-M1klYe:first-child[dir=rtl]{margin-left:0;margin-right:0}[dir=rtl] .VfPpkd-M1klYe,.VfPpkd-M1klYe[dir=rtl]{text-align:left}.VfPpkd-Sx9Kwc-OWXEXe-eu7FSc .VfPpkd-M1klYe:not(:first-child){margin-top:12px}.VfPpkd-Sx9Kwc-OWXEXe-FNFY6c,.VfPpkd-Sx9Kwc-OWXEXe-uGFO6d,.VfPpkd-Sx9Kwc-OWXEXe-FnSee{display:flex}.VfPpkd-Sx9Kwc-OWXEXe-uGFO6d .VfPpkd-IE5DDf{transition:opacity .15s linear}.VfPpkd-Sx9Kwc-OWXEXe-uGFO6d .VfPpkd-wzTsW{transition:opacity 75ms linear,transform .15s 0ms cubic-bezier(0,0,.2,1)}.VfPpkd-Sx9Kwc-OWXEXe-FnSee .VfPpkd-IE5DDf,.VfPpkd-Sx9Kwc-OWXEXe-FnSee .VfPpkd-wzTsW{transition:opacity 75ms linear}.VfPpkd-Sx9Kwc-OWXEXe-FnSee .VfPpkd-wzTsW,.VfPpkd-Sx9Kwc-OWXEXe-FnSee .VfPpkd-P5QLlc{transform:none}.VfPpkd-Sx9Kwc-OWXEXe-RTQbk .VfPpkd-IE5DDf{transition:none;opacity:1}.VfPpkd-Sx9Kwc-OWXEXe-FNFY6c .VfPpkd-IE5DDf,.VfPpkd-Sx9Kwc-OWXEXe-FNFY6c .VfPpkd-wzTsW{opacity:1}.VfPpkd-Sx9Kwc-OWXEXe-FNFY6c .VfPpkd-P5QLlc{transform:none}.VfPpkd-Sx9Kwc-OWXEXe-FNFY6c.VfPpkd-P5QLlc-GGAcbc-OWXEXe-TSZdd .VfPpkd-P5QLlc-GGAcbc{opacity:1}.VfPpkd-Sx9Kwc-OWXEXe-FNFY6c.VfPpkd-P5QLlc-GGAcbc-OWXEXe-wJB69c .VfPpkd-P5QLlc-GGAcbc{transition:opacity 75ms linear}.VfPpkd-Sx9Kwc-OWXEXe-FNFY6c.VfPpkd-P5QLlc-GGAcbc-OWXEXe-eo9XGd .VfPpkd-P5QLlc-GGAcbc{transition:opacity .15s linear}.VfPpkd-P5QLlc-GGAcbc{display:none;opacity:0;position:absolute;width:100%;height:100%;z-index:1}.VfPpkd-P5QLlc-GGAcbc-OWXEXe-TSZdd .VfPpkd-P5QLlc-GGAcbc,.VfPpkd-P5QLlc-GGAcbc-OWXEXe-eo9XGd .VfPpkd-P5QLlc-GGAcbc,.VfPpkd-P5QLlc-GGAcbc-OWXEXe-wJB69c .VfPpkd-P5QLlc-GGAcbc{display:block}.VfPpkd-Sx9Kwc-XuHpsb-pGuBYc{overflow:hidden}.VfPpkd-Sx9Kwc-OWXEXe-di8rgd-bN97Pc-QFlW2 .VfPpkd-cnG4Wd{padding:0}.VfPpkd-Sx9Kwc-OWXEXe-vOE8Lb .VfPpkd-wzTsW .VfPpkd-zMU9ub-suEOdc-sM5MNb{right:12px;top:9px;position:absolute;z-index:1}.VfPpkd-IE5DDf-OWXEXe-uIDLbb{pointer-events:none}.VfPpkd-IE5DDf-OWXEXe-uIDLbb .VfPpkd-IE5DDf,.VfPpkd-IE5DDf-OWXEXe-uIDLbb .VfPpkd-P5QLlc-GGAcbc{display:none}.cC1eCc{z-index:2001}.cC1eCc .VfPpkd-k2Wrsb{color:#3c4043}.cC1eCc .VfPpkd-cnG4Wd{color:#5f6368}.cC1eCc .VfPpkd-zMU9ub{color:rgb(95,99,104)}.cC1eCc .VfPpkd-zMU9ub .VfPpkd-Bz112c-Jh9lGc::before,.cC1eCc .VfPpkd-zMU9ub .VfPpkd-Bz112c-Jh9lGc::after{background-color:rgb(95,99,104);background-color:var(--mdc-ripple-color,rgb(95,99,104))}.cC1eCc .VfPpkd-zMU9ub:hover .VfPpkd-Bz112c-Jh9lGc::before,.cC1eCc .VfPpkd-zMU9ub.VfPpkd-ksKsZd-XxIAqe-OWXEXe-ZmdkE .VfPpkd-Bz112c-Jh9lGc::before{opacity:.04;opacity:var(--mdc-ripple-hover-opacity,.04)}.cC1eCc .VfPpkd-zMU9ub.VfPpkd-ksKsZd-mWPk3d-OWXEXe-AHe6Kc-XpnDCe .VfPpkd-Bz112c-Jh9lGc::before,.cC1eCc .VfPpkd-zMU9ub:not(.VfPpkd-ksKsZd-mWPk3d):focus .VfPpkd-Bz112c-Jh9lGc::before{transition-duration:75ms;opacity:.12;opacity:var(--mdc-ripple-focus-opacity,.12)}.cC1eCc .VfPpkd-zMU9ub:not(.VfPpkd-ksKsZd-mWPk3d) .VfPpkd-Bz112c-Jh9lGc::after{transition:opacity .15s linear}.cC1eCc .VfPpkd-zMU9ub:not(.VfPpkd-ksKsZd-mWPk3d):active .VfPpkd-Bz112c-Jh9lGc::after{transition-duration:75ms;opacity:.12;opacity:var(--mdc-ripple-press-opacity,.12)}.cC1eCc .VfPpkd-zMU9ub.VfPpkd-ksKsZd-mWPk3d{--mdc-ripple-fg-opacity:var(--mdc-ripple-press-opacity,0.12)}.cC1eCc .VfPpkd-IE5DDf,.cC1eCc .VfPpkd-P5QLlc-GGAcbc{background-color:rgba(32,33,36,.6)}.cC1eCc .VfPpkd-P5QLlc{background-color:#fff}.cC1eCc .VfPpkd-P5QLlc{border-width:0;box-shadow:0 1px 3px 0 rgba(60,64,67,.3),0 4px 8px 3px rgba(60,64,67,.15)}.cC1eCc .VfPpkd-P5QLlc .VfPpkd-BFbNVe-bF1uUb{opacity:0}.cC1eCc .VfPpkd-P5QLlc{border-radius:8px}.cC1eCc .VfPpkd-T0kwCb{padding-top:2px;padding-bottom:2px}.cC1eCc .VfPpkd-T0kwCb .VfPpkd-RLmnJb{top:-6px;transform:none}.cC1eCc .VfPpkd-k2Wrsb{font-family:"Google Sans",Roboto,Arial,sans-serif;line-height:1.5rem;font-size:1rem;letter-spacing:.00625em;font-weight:500;padding-bottom:13px}.cC1eCc .VfPpkd-cnG4Wd{font-family:Roboto,Arial,sans-serif;line-height:1.25rem;font-size:.875rem;letter-spacing:.0142857143em;font-weight:400}.cC1eCc .VfPpkd-T0kwCb .VfPpkd-LgbsSe+.VfPpkd-LgbsSe{margin-left:8px}.cC1eCc.VfPpkd-Sx9Kwc-OWXEXe-n9oEIb .VfPpkd-k2Wrsb{font-family:"Google Sans",Roboto,Arial,sans-serif;line-height:1.5rem;font-size:1.125rem;letter-spacing:0;font-weight:400;padding-bottom:0}.iGu0Be{text-align:center}[dir=rtl] .iGu0Be,.iGu0Be[dir=rtl]{text-align:center}.nE3Lu{color:rgb(26,115,232);height:24px;width:24px}.nE3Lu::after{content:"";display:block}.bYmtV .VfPpkd-P5QLlc{background-color:#fff;color:rgb(95,99,104);font-family:roboto,"Noto Sans Myanmar UI",arial,sans-serif;letter-spacing:0.25px}.bYmtV .VfPpkd-k2Wrsb{color:rgb(32,33,36);font-family:"Google Sans","Noto Sans Myanmar UI",arial,sans-serif;font-size:20px;font-weight:500;letter-spacing:0.25px;line-height:1.3333}.bYmtV .VfPpkd-cnG4Wd{font-family:roboto,"Noto Sans Myanmar UI",arial,sans-serif;font-size:14px;letter-spacing:0.25px;line-height:1.4286;padding-bottom:0}.bYmtV .VfPpkd-T0kwCb{padding:0 24px 8px 24px}.bYmtV .VfPpkd-Bz112c-LgbsSe .VfPpkd-Bz112c-Jh9lGc::before,.bYmtV .VfPpkd-Bz112c-LgbsSe .VfPpkd-Bz112c-Jh9lGc::after{border-radius:4px}.bYmtV.Zttm2{border-radius:0}.bYmtV.Zttm2 .VfPpkd-P5QLlc{height:100vh;max-height:none;max-width:none;width:100vw}.bYmtV.Zttm2 .AH8Npc{height:100%;width:100%}.bYmtV .CJRWze{color:rgb(95,99,104);font-family:roboto,"Noto Sans Myanmar UI",arial,sans-serif;flex-grow:1;font-size:12px;font-weight:400;padding-left:16px}.CwHtnf{border:none;color-scheme:normal;display:block;height:100%;padding:0;width:100%}.bYmtV .CxRgyd{margin-left:0;margin-right:0;padding-left:0;padding-right:0}:root{--gm3-sys-color-on-surface-rgb:31,31,31;--wf-color-warning-bg:#fff0d1;--wf-color-warning-icon:#f09d00;--wf-color-warning-text:#421f00}@media screen and (prefers-color-scheme:dark){:root{--gm3-sys-color-on-surface-rgb:227,227,227}}@media screen and (prefers-color-scheme:dark){:root{--wf-color-warning-bg:#754200;--wf-color-warning-icon:#ffdf99;--wf-color-warning-text:#fff0d1}}@media screen and (prefers-color-scheme:dark){:root{--wf-color-warning-bg:#754200;--wf-color-warning-icon:#ffdf99;--wf-color-warning-text:#fff0d1}}@media screen and (prefers-color-scheme:light){:root{--wf-color-warning-bg:#fff0d1;--wf-color-warning-icon:#f09d00;--wf-color-warning-text:#421f00}}:root{--wf-tfs:calc(var(--c-tfs,32)/16*1rem);--wf-tfs-bp2:calc(var(--c-tfs,36)/16*1rem);--wf-tfs-bp3:calc(var(--c-tfs,36)/16*1rem);--wf-tfs-bp5:calc(var(--c-tfs,44)/16*1rem);--wf-stfs:calc(var(--c-stfs,16)/16*1rem);--wf-stfs-bp5:calc(var(--c-stfs,16)/16*1rem)}.B6L7ke{height:25vh;margin:auto -24px;min-height:110px;padding-left:24px;padding-right:24px;position:relative}.SCAiR{height:25vh;margin:auto -24px;min-height:110px;padding-left:24px;padding-right:24px;position:relative;overflow:hidden}.JtUbMb,.Nny6ue{display:block;height:100%;margin:0 auto;object-fit:contain;width:100%}@media (min-width:450px){.B6L7ke{margin:auto -40px;padding-left:40px;padding-right:40px}}@media (min-width:601px){.B6L7ke{height:150px}}.B6L7ke.Irjbwb{height:auto}.B6L7ke.IiQozc{text-align:center}.xh7Wmd{height:25vh;max-width:100%;min-height:110px;position:relative;transform:translate(-43%,-3%);z-index:3}@media (min-width:601px){.xh7Wmd{height:150px}}.B6L7ke.FnDdB{height:auto}.B6L7ke.FnDdB .xh7Wmd{height:auto;max-width:312px;width:100%}.B6L7ke.FnDdB.zpCp3 .xh7Wmd{max-width:unset}.B6L7ke.IiQozc .xh7Wmd{transform:none}.B6L7ke.aJJFde .xh7Wmd{left:-100%;margin:auto;position:absolute;right:-100%;transform:translate(0,-3%)}.B6L7ke.Irjbwb .xh7Wmd{height:auto;width:100%}.p17Urb{background-image:-webkit-linear-gradient(to bottom,rgba(233,233,233,0) 0%,rgba(233,233,233,0) 62.22%,rgba(233,233,233,1) 40.22%,rgba(233,233,233,0) 100%);background-image:linear-gradient(to bottom,rgba(233,233,233,0) 0%,rgba(233,233,233,0) 62.22%,rgba(233,233,233,1) 40.22%,rgba(233,233,233,0) 100%);height:100%;left:0;overflow:hidden;position:absolute;right:0;top:0;z-index:2}.p17Urb::after,.p17Urb::before{content:"";display:block;height:100%;min-width:110px;position:absolute;right:-10%;transform:rotate(-104deg);width:25vh;z-index:2}@media (min-width:601px){.p17Urb::after,.p17Urb::before{width:150px}}.p17Urb::before{background-image:-webkit-linear-gradient(to bottom,rgba(243,243,243,0) 0%,rgba(243,243,243,.9) 100%);background-image:linear-gradient(to bottom,rgba(243,243,243,0) 0%,rgba(243,243,243,.9) 100%);bottom:-10%}.p17Urb::after{background-image:-webkit-linear-gradient(to bottom,rgba(255,255,255,0) 0%,rgba(255,255,255,.9) 100%);background-image:linear-gradient(to bottom,rgba(255,255,255,0) 0%,rgba(255,255,255,.9) 100%);bottom:-80%}.DrceJe{height:auto}.yb5i2e{transform:translate(-9%,-3%)}.hNLjwb{transform:translate(9%,-3%)}.ulNYne{left:-40%;margin:auto;max-height:230px;position:absolute;right:0;top:-3%;transform:none}.F8EZte{transform:translate(24px,0)}.eMXECe{transform:translate(0,0)}.B6L7ke.i1L7v{height:15vh;max-height:137px;min-height:112px;padding-bottom:12px}.B6L7ke.i1L7v .xh7Wmd{max-height:100%;min-height:100%}.B6L7ke.j1zy9{height:auto}.B6L7ke.j1zy9 .xh7Wmd{height:auto;max-width:432px}.PeAiAb{max-width:300px}.MWnvBb.WS4XDd{border:0;max-height:1rem;padding:0 2px;vertical-align:middle;width:auto}.IqauWe{border:0;object-fit:contain}.IqauWe.WS4XDd{border:0;max-height:1rem;padding:0 2px;vertical-align:middle;width:auto}.q4Wquf,.nfoC7c{display:block;height:25vh;position:relative}@media (min-width:600px){.q4Wquf,.nfoC7c{height:150px}}.q4Wquf.Irjbwb{height:auto}@media screen and (prefers-color-scheme:dark){.q4Wquf:not(.GtvzYd){display:none}}.nfoC7c{margin:0;overflow:hidden}.PwpMUe,.lVUmD{display:block;height:100%;margin:0 auto;object-fit:contain;width:100%}.St9mde{display:block;height:100%;max-width:100%;min-height:110px;position:relative;transform:translate(-43%,-3%);width:auto;z-index:3}.wsArZ[data-ss-mode="1"] .q4Wquf,.wsArZ[data-ss-mode="1"] .St9mde{height:auto;width:100%}.wsArZ[data-ss-mode="1"] .St9mde{max-width:400px}@media (min-width:600px) and (orientation:landscape),all and (min-width:1600px){.NQ5OL .q4Wquf,.NQ5OL .St9mde{height:auto;width:100%}.NQ5OL .St9mde{max-width:400px}}.q4Wquf.NWba7e,.q4Wquf.NWba7e .St9mde{height:auto}.q4Wquf.NWba7e .St9mde{height:auto;max-width:312px;width:100%}.q4Wquf.NWba7e.zpCp3 .St9mde{max-width:unset}.q4Wquf.IiQozc .St9mde{margin:0 auto;transform:none}.q4Wquf.Irjbwb .St9mde{height:auto;width:100%}.q4Wquf.EEeaqf .St9mde{max-height:144px;max-width:144px}.SnAaEd{background-image:linear-gradient(to bottom,rgba(233,233,233,0) 0,rgba(233,233,233,0) 62.22%,rgb(233,233,233) 40.22%,rgba(233,233,233,0) 100%);height:100%;left:0;overflow:hidden;position:absolute;right:0;top:0;z-index:2}@media screen and (prefers-color-scheme:dark){.SnAaEd{display:none}}.SnAaEd::after,.SnAaEd::before{content:"";display:block;height:100%;min-width:110px;position:absolute;right:-10%;transform:rotate(-104deg);width:25vh;z-index:2}@media (min-width:600px){.SnAaEd::after,.SnAaEd::before{width:150px}}.SnAaEd::before{background-image:linear-gradient(to bottom,rgba(243,243,243,0) 0,rgba(243,243,243,.9) 100%);bottom:-10%}.SnAaEd::after{background-image:linear-gradient(to bottom,rgba(255,255,255,0) 0,rgba(255,255,255,.9) 100%);bottom:-80%}.wsArZ[data-ss-mode="1"] .SnAaEd~.St9mde{width:auto}@media (min-width:600px) and (orientation:landscape),all and (min-width:1600px){.NQ5OL .SnAaEd~.St9mde{width:auto}}.RHNWk .St9mde{height:auto}@media (min-width:600px) and (orientation:landscape),all and (min-width:1600px){.NQ5OL .RHNWk .St9mde{width:115px}}.cf660d .St9mde{transform:translate(-9%,-3%)}.tUhwwc .St9mde{margin:auto;max-height:230px;right:0;top:-3%;transform:none}.Jkvqxd .St9mde{transform:translate(9%,-3%)}.onc8Ic .St9mde{transform:translate(var(
    --c-ps-s,24px
  ),0)}.WA89Yb .St9mde{transform:translate(0,0)}.wsArZ[data-ss-mode="1"] .XEN8Yb .St9mde{max-width:115px}@media (min-width:600px) and (orientation:landscape),all and (min-width:1600px){.NQ5OL .XEN8Yb .St9mde{max-width:115px}}.IsSr6b .St9mde{max-width:300px}.mmskdd .St9mde{transform:none}.Qk3oof.WS4XDd{border:0;max-height:1.4285714286em;padding:0 2px;vertical-align:middle;width:auto}.uHLU0{border:0;object-fit:contain}.uHLU0.WS4XDd{border:0;max-height:1.4285714286em;padding:0 2px;vertical-align:middle;width:auto}.Dzz9Db,.GpMPBe{display:block;height:25vh;position:relative}@media (min-width:600px){.Dzz9Db,.GpMPBe{height:150px}}@media screen and (prefers-color-scheme:dark){.Dzz9Db:not(.GtvzYd){display:none}}.Dzz9Db.Irjbwb{height:auto}.GpMPBe{margin:0;overflow:hidden}.UFQPDd,.JNOvdd{display:block;height:100%;margin:0 auto;object-fit:contain;width:100%}.f4ZpM{display:block;height:100%;max-width:100%;min-height:110px;position:relative;transform:translate(-43%,-3%);width:auto;z-index:3}.wsArZ[data-ss-mode="1"] .Dzz9Db,.wsArZ[data-ss-mode="1"] .f4ZpM{height:auto;width:100%}.wsArZ[data-ss-mode="1"] .f4ZpM{max-width:400px}@media (min-width:600px) and (orientation:landscape),all and (min-width:1600px){.NQ5OL .Dzz9Db,.NQ5OL .f4ZpM{height:auto;width:100%}.NQ5OL .f4ZpM{max-width:400px}}.Dzz9Db.utFBGf,.Dzz9Db.utFBGf .f4ZpM{height:auto}.Dzz9Db.utFBGf .f4ZpM{height:auto;max-width:312px;width:100%}.Dzz9Db.utFBGf.zpCp3 .f4ZpM{max-width:unset}.Dzz9Db.IiQozc .f4ZpM{margin:0 auto;transform:none}.Dzz9Db.Irjbwb .f4ZpM{height:auto;width:100%}.Dzz9Db.EEeaqf .f4ZpM{max-height:144px;max-width:144px}.nPt1pc{background-image:linear-gradient(to bottom,rgba(233,233,233,0) 0,rgba(233,233,233,0) 62.22%,rgb(233,233,233) 40.22%,rgba(233,233,233,0) 100%);height:100%;left:0;overflow:hidden;position:absolute;right:0;top:0;z-index:2}@media screen and (prefers-color-scheme:dark){.nPt1pc{display:none}}.nPt1pc::after,.nPt1pc::before{content:"";display:block;height:100%;min-width:110px;position:absolute;right:-10%;transform:rotate(-104deg);width:25vh;z-index:2}@media (min-width:600px){.nPt1pc::after,.nPt1pc::before{width:150px}}.nPt1pc::before{background-image:linear-gradient(to bottom,rgba(243,243,243,0) 0,rgba(243,243,243,.9) 100%);bottom:-10%}.nPt1pc::after{background-image:linear-gradient(to bottom,rgba(255,255,255,0) 0,rgba(255,255,255,.9) 100%);bottom:-80%}.wsArZ[data-ss-mode="1"] .nPt1pc~.f4ZpM{width:auto}@media (min-width:600px) and (orientation:landscape),all and (min-width:1600px){.NQ5OL .nPt1pc~.f4ZpM{width:auto}}.ZS7CGc .f4ZpM{height:auto}@media (min-width:600px) and (orientation:landscape),all and (min-width:1600px){.NQ5OL .ZS7CGc .f4ZpM{width:115px}}.qiRZ5e .f4ZpM{transform:translate(-9%,-3%)}.vIv7Gf .f4ZpM{margin:auto;max-height:230px;right:0;top:-3%;transform:none}.nvYXVd .f4ZpM{transform:translate(9%,-3%)}.uOhnzd .f4ZpM{transform:translate(24px,0)}.MsYMaf .f4ZpM{transform:translate(0,0)}.wsArZ[data-ss-mode="1"] .YIi9qf .f4ZpM{max-width:115px}@media (min-width:600px) and (orientation:landscape),all and (min-width:1600px){.NQ5OL .YIi9qf .f4ZpM{max-width:115px}}.QG3Xbe .f4ZpM{max-width:300px}.F6gtje .f4ZpM{transform:none}.SXdXAb-BFbNVe,.SXdXAb-ugnUJb,.SXdXAb-BFbNVe::before,.SXdXAb-BFbNVe::after{border-radius:inherit;inset:0;position:absolute;pointer-events:none}.SXdXAb-ugnUJb{transition:75ms opacity linear;background-color:var(--gm3-elevation-surface-tint-layer-color,transparent);opacity:calc(clamp(0, var(--gm3-elevation-level, 0), .05) + clamp(0, var(--gm3-elevation-level, 0) - 1, .03) + clamp(0, var(--gm3-elevation-level, 0) - 2, .03) + clamp(0, var(--gm3-elevation-level, 0) - 3, .01) + clamp(0, var(--gm3-elevation-level, 0) - 4, .02))}.SXdXAb-BFbNVe::before,.SXdXAb-BFbNVe::after{transition:75ms box-shadow linear;content:""}.SXdXAb-BFbNVe::before{box-shadow:0 calc(1px*(clamp(0, var(--gm3-elevation-level, 0), 1) + clamp(0, var(--gm3-elevation-level, 0) - 3, 1) + clamp(0, var(--gm3-elevation-level, 0) - 4, 1)*2)) calc(1px*(2*clamp(0, var(--gm3-elevation-level, 0), 1) + clamp(0, var(--gm3-elevation-level, 0) - 2, 1) + clamp(0, var(--gm3-elevation-level, 0) - 4, 1))) 0 var(--gm3-elevation-shadow-color,transparent);opacity:calc(clamp(0, var(--gm3-elevation-level, 0), 1)*.3)}.SXdXAb-BFbNVe::after{box-shadow:0 calc(1px*(clamp(0, var(--gm3-elevation-level, 0), 1) + clamp(0, var(--gm3-elevation-level, 0) - 1, 1) + clamp(0, var(--gm3-elevation-level, 0) - 2, 3)*2)) calc(1px*(clamp(0, var(--gm3-elevation-level, 0), 2)*3 + clamp(0, var(--gm3-elevation-level, 0) - 2, 3)*2)) calc(1px*(clamp(0, var(--gm3-elevation-level, 0), 4) + 2*clamp(0, var(--gm3-elevation-level, 0) - 4, 1))) var(--gm3-elevation-shadow-color,transparent);opacity:calc(clamp(0, var(--gm3-elevation-level, 0), 1)*.15)}@media (forced-colors:active){.SXdXAb-BFbNVe{display:none}}.OiePBf-zPjgPe{display:var(--gm3-focus-ring-outward-display,none);pointer-events:none;position:absolute;z-index:1;border-start-start-radius:calc(var(--gm3-focus-ring-outward-target-shape-start-start, 0px) + var(--gm3-focus-ring-outward-offset, 2px));border-start-end-radius:calc(var(--gm3-focus-ring-outward-target-shape-start-end, 0px) + var(--gm3-focus-ring-outward-offset, 2px));border-end-end-radius:calc(var(--gm3-focus-ring-outward-target-shape-end-end, 0px) + var(--gm3-focus-ring-outward-offset, 2px));border-end-start-radius:calc(var(--gm3-focus-ring-outward-target-shape-end-start, 0px) + var(--gm3-focus-ring-outward-offset, 2px));inset:calc(var(--gm3-focus-ring-outward-offset, 2px)*-1);box-shadow:0 0 0 var(--gm3-focus-ring-outward-track-width,3px) var(--gm3-focus-ring-outward-color,var(--gm3-sys-color-secondary,#00639b));outline:var(--gm3-focus-ring-outward-track-width,3px) solid transparent;animation-name:gm3-focus-ring-outward-grows,gm3-focus-ring-outward-shrinks;animation-duration:.15s,.45s;animation-delay:0s,.15s;animation-timing-function:cubic-bezier(.2,0,0,1),cubic-bezier(.2,0,0,1)}@keyframes gm3-focus-ring-outward-grows{from{box-shadow:0 0 0 0 var(--gm3-focus-ring-outward-color,var(--gm3-sys-color-secondary,#00639b))}to{box-shadow:0 0 0 8px var(--gm3-focus-ring-outward-color,var(--gm3-sys-color-secondary,#00639b))}}@keyframes gm3-focus-ring-outward-shrinks{from{box-shadow:0 0 0 8px var(--gm3-focus-ring-outward-color,var(--gm3-sys-color-secondary,#00639b))}}@media (prefers-reduced-motion){.OiePBf-zPjgPe{animation:none}}.RBHQF-ksKsZd{overflow:hidden;outline:none;-webkit-tap-highlight-color:transparent}.RBHQF-ksKsZd,.RBHQF-ksKsZd::before,.RBHQF-ksKsZd::after{position:absolute;pointer-events:none;top:0;left:0;width:100%;height:100%;border-start-start-radius:var(--gm3-ripple-shape-start-start,inherit);border-start-end-radius:var(--gm3-ripple-shape-start-end,inherit);border-end-start-radius:var(--gm3-ripple-shape-end-start,inherit);border-end-end-radius:var(--gm3-ripple-shape-end-end,inherit)}.RBHQF-ksKsZd::before,.RBHQF-ksKsZd::after{opacity:0;content:""}.RBHQF-ksKsZd::before{transition:opacity 75ms linear,border-radius var(--gm3-ripple-border-radius-transition-duration,0ms) linear;background-color:var(--gm3-ripple-hover-color,transparent)}.RBHQF-ksKsZd-OWXEXe-ZmdkE::before{opacity:var(--gm3-ripple-hover-opacity,0)}.RBHQF-ksKsZd::after{opacity:0;background:radial-gradient(closest-side,var(--gm3-ripple-pressed-color,transparent) max(100% - 70px,65%),transparent 100%);transition:opacity .25s linear,border-radius var(--gm3-ripple-border-radius-transition-duration,0ms) linear;transform-origin:center center}.RBHQF-ksKsZd-OWXEXe-QDgCrf::after{transition-duration:105ms;opacity:var(--gm3-ripple-pressed-opacity,0)}@media (forced-colors:active){.RBHQF-ksKsZd{display:none}}.mUIrbf-LgbsSe{display:inline-flex;position:relative;align-items:center;justify-content:center;box-sizing:border-box;border:none;outline:none;background:transparent;-webkit-appearance:none;appearance:none;line-height:inherit;text-rendering:inherit;user-select:none;vertical-align:middle;cursor:pointer;min-inline-size:var(--gm3-button-text-container-min-width,64px);padding-block:0;-webkit-padding-start:var(--gm3-button-text-leading-space,12px);padding-inline-start:var(--gm3-button-text-leading-space,12px);-webkit-padding-end:var(--gm3-button-text-trailing-space,12px);padding-inline-end:var(--gm3-button-text-trailing-space,12px);block-size:var(--gm3-button-text-container-height,40px);border-radius:var(--gm3-button-text-container-shape,9999px);--gm3-ripple-hover-color:var(--gm3-button-text-hover-state-layer-color,var(--gm3-sys-color-primary,#0b57d0));--gm3-ripple-hover-opacity:var(--gm3-button-text-hover-state-layer-opacity,0.08);--gm3-ripple-pressed-color:var(--gm3-button-text-hover-state-layer-color,var(--gm3-sys-color-primary,#0b57d0));--gm3-ripple-pressed-opacity:var(--gm3-button-text-pressed-state-layer-opacity,0.1);--gm3-focus-ring-outward-color:var(--gm3-button-text-focus-indicator-color,var(--gm3-sys-color-secondary,#00639b));--gm3-focus-ring-outward-offset:var(--gm3-button-text-focus-indicator-outline-offset,2px);--gm3-focus-ring-outward-track-width:var(--gm3-button-text-focus-indicator-thickness,3px);--gm3-focus-ring-outward-target-shape-start-start:var(--gm3-button-text-container-shape,9999px);--gm3-focus-ring-outward-target-shape-start-end:var(--gm3-button-text-container-shape,9999px);--gm3-focus-ring-outward-target-shape-end-end:var(--gm3-button-text-container-shape,9999px);--gm3-focus-ring-outward-target-shape-end-start:var(--gm3-button-text-container-shape,9999px)}.mUIrbf-mRLv6:focus-visible{outline:none}.mUIrbf-LgbsSe:focus-visible,.mUIrbf-mRLv6:focus-visible~.mUIrbf-UHGRz{--gm3-focus-ring-outward-display:block}.mUIrbf-LgbsSe:disabled{cursor:default;pointer-events:none;--gm3-ripple-hover-opacity:0;--gm3-ripple-pressed-opacity:0}.mUIrbf-LgbsSe-OWXEXe-SfQLQb-suEOdc:disabled{pointer-events:auto}.mUIrbf-LgbsSe[hidden]{display:none}.mUIrbf-vQzf8d{position:relative;text-align:center;color:var(--gm3-button-text-label-text-color,var(--gm3-sys-color-primary,#0b57d0));font-size:var(--gm3-button-text-label-text-size,.875rem);font-family:var(--gm3-button-text-label-text-font,"Google Sans",Roboto,Arial,sans-serif);font-weight:var(--gm3-button-text-label-text-weight,500);letter-spacing:var(--gm3-button-text-label-text-tracking,0);-webkit-text-decoration:var(--gm3-button-text-label-text-decoration,none);text-decoration:var(--gm3-button-text-label-text-decoration,none);font-variation-settings:var(--gm3-button-text-label-text-font-variation-settings,initial)}.mUIrbf-kSE8rc-FoKg4d-sLO9V-YoZ4jf .mUIrbf-vQzf8d{font-family:var(--gm3-button-text-label-text-font,"Google Sans Flex","Google Sans Text","Google Sans",Roboto,Arial,sans-serif)}.mUIrbf-LgbsSe:hover .mUIrbf-vQzf8d{color:var(--gm3-button-text-hover-label-text-color,var(--gm3-sys-color-primary,#0b57d0))}.mUIrbf-LgbsSe:focus-visible .mUIrbf-vQzf8d{color:var(--gm3-button-text-focus-label-text-color,var(--gm3-sys-color-primary,#0b57d0))}.mUIrbf-LgbsSe:active .mUIrbf-vQzf8d{color:var(--gm3-button-text-pressed-label-text-color,var(--gm3-sys-color-primary,#0b57d0))}.mUIrbf-LgbsSe:disabled .mUIrbf-vQzf8d{color:var(--gm3-button-text-disabled-label-text-color,rgba(var(--gm3-sys-color-on-surface-rgb,31,31,31),.38))}.mUIrbf-LgbsSe-OWXEXe-zcdHbf .mUIrbf-vQzf8d{white-space:nowrap;text-overflow:ellipsis;overflow:hidden}.mUIrbf-LgbsSe-OWXEXe-Bz112c-M1Soyc{-webkit-padding-start:var(--gm3-button-text-with-leading-icon-leading-space,12px);padding-inline-start:var(--gm3-button-text-with-leading-icon-leading-space,12px);-webkit-padding-end:var(--gm3-button-text-with-leading-icon-trailing-space,16px);padding-inline-end:var(--gm3-button-text-with-leading-icon-trailing-space,16px)}.mUIrbf-LgbsSe-OWXEXe-Bz112c-M1Soyc .mUIrbf-kBDsod-Rtc0Jf i,.mUIrbf-LgbsSe-OWXEXe-Bz112c-M1Soyc .mUIrbf-kBDsod-Rtc0Jf img,.mUIrbf-LgbsSe-OWXEXe-Bz112c-M1Soyc .mUIrbf-kBDsod-Rtc0Jf svg{-webkit-margin-end:var(--gm3-button-text-with-icon-icon-label-space,8px);margin-inline-end:var(--gm3-button-text-with-icon-icon-label-space,8px)}.mUIrbf-LgbsSe-OWXEXe-Bz112c-UbuQg{-webkit-padding-start:var(--gm3-button-text-with-trailing-icon-leading-space,16px);padding-inline-start:var(--gm3-button-text-with-trailing-icon-leading-space,16px);-webkit-padding-end:var(--gm3-button-text-with-trailing-icon-trailing-space,12px);padding-inline-end:var(--gm3-button-text-with-trailing-icon-trailing-space,12px)}.mUIrbf-LgbsSe-OWXEXe-Bz112c-UbuQg .mUIrbf-kBDsod-Rtc0Jf i,.mUIrbf-LgbsSe-OWXEXe-Bz112c-UbuQg .mUIrbf-kBDsod-Rtc0Jf img,.mUIrbf-LgbsSe-OWXEXe-Bz112c-UbuQg .mUIrbf-kBDsod-Rtc0Jf svg{-webkit-margin-start:var(--gm3-button-text-with-icon-icon-label-space,8px);margin-inline-start:var(--gm3-button-text-with-icon-icon-label-space,8px)}.mUIrbf-kBDsod-Rtc0Jf{display:none;position:relative;line-height:0;color:var(--gm3-button-text-with-icon-icon-color,var(--gm3-sys-color-primary,#0b57d0))}.mUIrbf-kBDsod-Rtc0Jf i,.mUIrbf-kBDsod-Rtc0Jf img,.mUIrbf-kBDsod-Rtc0Jf svg{display:inline-flex;position:relative;direction:inherit;color:inherit;font-size:var(--gm3-button-text-with-icon-icon-size,18px);inline-size:var(--gm3-button-text-with-icon-icon-size,18px);block-size:var(--gm3-button-text-with-icon-icon-size,18px)}.mUIrbf-LgbsSe:hover .mUIrbf-kBDsod-Rtc0Jf{color:var(--gm3-button-text-with-icon-hover-icon-color,var(--gm3-sys-color-primary,#0b57d0))}.mUIrbf-LgbsSe:focus-visible .mUIrbf-kBDsod-Rtc0Jf{color:var(--gm3-button-text-with-icon-focus-icon-color,var(--gm3-sys-color-primary,#0b57d0))}.mUIrbf-LgbsSe:active .mUIrbf-kBDsod-Rtc0Jf{color:var(--gm3-button-text-with-icon-pressed-icon-color,var(--gm3-sys-color-primary,#0b57d0))}.mUIrbf-LgbsSe:disabled .mUIrbf-kBDsod-Rtc0Jf{color:var(--gm3-button-text-with-icon-disabled-icon-color,rgba(var(--gm3-sys-color-on-surface-rgb,31,31,31),.38))}[dir=rtl] .mUIrbf-LgbsSe-OWXEXe-drxrmf-Bz112c .mUIrbf-kBDsod-Rtc0Jf,.mUIrbf-LgbsSe-OWXEXe-drxrmf-Bz112c .mUIrbf-kBDsod-Rtc0Jf[dir=rtl]{transform:scaleX(-1)}.mUIrbf-LgbsSe-OWXEXe-Bz112c-M1Soyc .mUIrbf-kBDsod-Rtc0Jf-OWXEXe-M1Soyc,.mUIrbf-LgbsSe-OWXEXe-Bz112c-UbuQg .mUIrbf-kBDsod-Rtc0Jf-OWXEXe-UbuQg{display:inline-flex}.mUIrbf-mRLv6{position:absolute;inset:0}.mUIrbf-LgbsSe-OWXEXe-dgl2Hf{margin-block:max((48px - var(--gm3-button-text-container-height,40px))/2,0px)}.mUIrbf-RLmnJb{position:absolute;inline-size:max(48px,100%);block-size:max(48px,100%);inset:unset;top:50%;left:50%;transform:translate(-50%,-50%)}.mUIrbf-LgbsSe{will-change:transform,opacity}.mUIrbf-LgbsSe::before{content:"";pointer-events:none;position:absolute;inset:0;border-radius:inherit;border:1px solid transparent}@media (forced-colors:active){.mUIrbf-LgbsSe:has(.mUIrbf-mRLv6)::before{border-color:LinkText}}@media (forced-colors:active){.mUIrbf-LgbsSe:has(.mUIrbf-mRLv6) .mUIrbf-vQzf8d,.mUIrbf-LgbsSe:has(.mUIrbf-mRLv6) .mUIrbf-kBDsod-Rtc0Jf{color:LinkText}}@media (forced-colors:active){.mUIrbf-LgbsSe:disabled::before{border-color:GrayText}}@media (forced-colors:active){.mUIrbf-StrnGf-YYd4I-VtOx3e::before{border-color:CanvasText}}.XjS9D{display:inline-flex}.XjS9D .VfPpkd-J1Ukfc-LhBDec{border-radius:22px}.XjS9D .VfPpkd-J1Ukfc-LhBDec::after{border-radius:24px}.XjS9D.eLNT1d{display:none}.XjS9D .TrZEUc .WpHeLc{position:absolute}.XjS9D.XjS9D .q6oraf .DMZ54e,.XjS9D.XjS9D .BqKGqe{font-family:"Google Sans",roboto,"Noto Sans Myanmar UI",arial,sans-serif;font-size:0.875rem;font-weight:500;font-weight:var(
    --c-afwt,500
  );letter-spacing:0rem;line-height:1.4285714286}@media (-ms-high-contrast:active),screen and (forced-colors:active){.BqKGqe{border:1px solid CanvasText}}.BqKGqe,.BqKGqe .VfPpkd-Jh9lGc{border-radius:20px}.XjS9D .VfPpkd-LgbsSe{height:40px}@media (orientation:landscape){.XjS9D .VfPpkd-LgbsSe{height:40px}}.Jskylb:not(:disabled){background:#0b57d0;color:#fff}.pIzcPc:not(:disabled),.eR0mzb:not(:disabled){color:#0b57d0;outline:#747775}.Jskylb.Jskylb.Jskylb:not(:disabled){background-color:var(--gm3-sys-color-primary,#0b57d0)}.Jskylb.Jskylb.Jskylb:not(:disabled){color:var(--gm3-sys-color-on-primary,#fff)}.Jskylb.Jskylb.Jskylb:not(:disabled):hover{color:var(--gm3-sys-color-on-primary,#fff)}.Jskylb.Jskylb.Jskylb:not(:disabled).VfPpkd-ksKsZd-mWPk3d-OWXEXe-AHe6Kc-XpnDCe,.Jskylb.Jskylb.Jskylb:not(:disabled):not(.VfPpkd-ksKsZd-mWPk3d):focus{color:var(--gm3-sys-color-on-primary,#fff)}.Jskylb.Jskylb.Jskylb:not(:disabled):not(:disabled):active{color:var(--gm3-sys-color-on-primary,#fff)}.pIzcPc.pIzcPc.pIzcPc:not(:disabled){color:var(--gm3-sys-color-primary,#0b57d0)}.pIzcPc.pIzcPc.pIzcPc:not(:disabled):hover{color:var(--gm3-sys-color-primary,#0b57d0)}.pIzcPc.pIzcPc.pIzcPc:not(:disabled).VfPpkd-ksKsZd-mWPk3d-OWXEXe-AHe6Kc-XpnDCe,.pIzcPc.pIzcPc.pIzcPc:not(:disabled):not(.VfPpkd-ksKsZd-mWPk3d):focus{color:var(--gm3-sys-color-primary,#0b57d0)}.pIzcPc.pIzcPc.pIzcPc:disabled{color:var(--gm3-sys-color-on-surface,#1f1f1f)}.pIzcPc.pIzcPc.pIzcPc .VfPpkd-Jh9lGc::before{background-color:var(--gm3-sys-color-primary,#0b57d0)}.pIzcPc.pIzcPc.pIzcPc .VfPpkd-Jh9lGc::after{background-color:var(--gm3-sys-color-primary,#0b57d0)}.pIzcPc.pIzcPc.pIzcPc:not(:disabled){border-color:var(--gm3-sys-color-outline,#747775)}.pIzcPc.pIzcPc.pIzcPc:not(:disabled):hover{border-color:var(--gm3-sys-color-outline,#747775)}.pIzcPc.pIzcPc.pIzcPc:not(:disabled).VfPpkd-ksKsZd-mWPk3d-OWXEXe-AHe6Kc-XpnDCe,.pIzcPc.pIzcPc.pIzcPc:not(:disabled):not(.VfPpkd-ksKsZd-mWPk3d):focus{border-color:var(--gm3-sys-color-outline,#747775)}.pIzcPc.pIzcPc.pIzcPc:not(:disabled):active,.pIzcPc.pIzcPc.pIzcPc:not(:disabled):focus:active{border-color:var(--gm3-sys-color-outline,#747775)}.eR0mzb.eR0mzb.eR0mzb:not(:disabled){color:var(--gm3-sys-color-primary,#0b57d0)}.eR0mzb.eR0mzb.eR0mzb:not(:disabled):hover{color:var(--gm3-sys-color-primary,#0b57d0)}.eR0mzb.eR0mzb.eR0mzb:not(:disabled).VfPpkd-ksKsZd-mWPk3d-OWXEXe-AHe6Kc-XpnDCe,.eR0mzb.eR0mzb.eR0mzb:not(:disabled):not(.VfPpkd-ksKsZd-mWPk3d):focus{color:var(--gm3-sys-color-primary,#0b57d0)}.eR0mzb.eR0mzb.eR0mzb:disabled{color:var(--gm3-sys-color-on-surface,#1f1f1f)}.eR0mzb.eR0mzb.eR0mzb .VfPpkd-Jh9lGc::before{background-color:var(--gm3-sys-color-primary,#0b57d0)}.eR0mzb.eR0mzb.eR0mzb .VfPpkd-Jh9lGc::after{background-color:var(--gm3-sys-color-primary,#0b57d0)}.eR0mzb.eR0mzb.eR0mzb.VfPpkd-LgbsSe[disabled] .VfPpkd-vQzf8d{opacity:0.38}.AnSR9d.AnSR9d.AnSR9d:not(:disabled){background-color:var(--gm3-sys-color-secondary-container,#c2e7ff)}.AnSR9d.AnSR9d.AnSR9d:not(:disabled){color:var(--gm3-sys-color-on-secondary-container,#004a77)}.AnSR9d.AnSR9d.AnSR9d:not(:disabled):hover{color:var(--gm3-sys-color-on-secondary-container,#004a77)}.AnSR9d.AnSR9d.AnSR9d:not(:disabled).VfPpkd-ksKsZd-mWPk3d-OWXEXe-AHe6Kc-XpnDCe,.AnSR9d.AnSR9d.AnSR9d:not(:disabled):not(.VfPpkd-ksKsZd-mWPk3d):focus{color:var(--gm3-sys-color-on-secondary-container,#004a77)}.AnSR9d.AnSR9d.AnSR9d:not(:disabled):not(:disabled):active{color:var(--gm3-sys-color-on-secondary-container,#004a77)}.eR0mzb.VfPpkd-LgbsSe{min-width:0}.eR0mzb.VfPpkd-LgbsSe{padding-left:16px;padding-right:16px}.H76ePc{margin:auto;max-width:380px;overflow:hidden;position:relative}.H76ePc .LbOduc{position:relative;text-align:center}.JQ5tlb{border-radius:50%;color:var(--gm3-sys-color-on-surface-variant,#444746);overflow:hidden}.pGzURd{line-height:1.4285714286}.lPxAeb{width:100%}.lPxAeb .JQ5tlb{flex:none;height:28px;margin-right:12px;width:28px}.lPxAeb .LbOduc,.VUfHYd .LbOduc{display:flex;align-items:center}.lPxAeb .LbOduc{justify-content:center}.H76ePc .JQ5tlb{height:64px;margin:0 auto 8px;width:64px}.MnFlu{border-radius:50%;display:block}.lPxAeb .MnFlu,.lPxAeb .Qk3oof,.lPxAeb .uHLU0{max-height:100%;max-width:100%}.H76ePc .MnFlu,.H76ePc .Qk3oof,.H76ePc .uHLU0{height:64px;width:64px}.VUfHYd{height:24px}.VUfHYd .JQ5tlb{display:flex;height:24px;margin-right:8px;min-width:24px}.VUfHYd .MnFlu,.VUfHYd .Qk3oof,.VUfHYd .uHLU0{color:var(--gm3-sys-color-on-surface-variant,#444746);height:24px;width:24px}.VUfHYd .DOLDDf{overflow:hidden}.lPxAeb .DOLDDf{flex-grow:1}.lPxAeb .pGzURd{color:#1f1f1f;color:var(--gm3-sys-color-on-surface,#1f1f1f);font-family:"Google Sans",roboto,"Noto Sans Myanmar UI",arial,sans-serif;font-size:1rem;font-weight:500;letter-spacing:0rem;line-height:1.5}.H76ePc .pGzURd{color:#1f1f1f;color:var(--gm3-sys-color-on-surface,#1f1f1f);font-size:0.875rem}.yAlK0b,.VhdzSd,.H2oig{direction:ltr;font-size:0.875rem;line-height:1.4285714286;text-align:left;word-break:break-all}.yAlK0b{text-decoration:none}.lPxAeb .yAlK0b,.lPxAeb .VhdzSd,.lPxAeb .H2oig{font-size:0.875rem;font-weight:400;letter-spacing:0rem;line-height:1.4285714286}.H2oig{color:#444746;color:var(--gm3-sys-color-on-surface-variant,#444746)}.VUfHYd .yAlK0b{color:#1f1f1f;color:var(--gm3-sys-color-on-surface,#1f1f1f);font-family:"Google Sans",roboto,"Noto Sans Myanmar UI",arial,sans-serif;font-size:0.875rem;font-weight:500;letter-spacing:0rem;overflow:hidden;text-overflow:ellipsis;white-space:nowrap}.lPxAeb .VhdzSd{color:#444746;color:var(--gm3-sys-color-on-surface-variant,#444746)}.lPxAeb .yAlK0b{color:#444746;color:var(--gm3-sys-color-on-surface-variant,#444746)}.lPxAeb .yAlK0b[data-email$="@glimitedaccount.com"]{display:none}.H76ePc .yAlK0b{color:#444746;color:var(--gm3-sys-color-on-surface-variant,#444746)}.lrLKwc{color:#444746;color:var(--gm3-sys-color-on-surface-variant,#444746);font-size:0.875rem}.lPxAeb .lrLKwc{align-self:flex-start;flex:none;font-family:"Google Sans",roboto,"Noto Sans Myanmar UI",arial,sans-serif;font-size:0.75rem;font-weight:400;letter-spacing:0.00625rem;line-height:1.3333333333}.Ahygpe{align-items:center;background:#fff;background:var(--gm3-sys-color-surface-container-lowest,#fff);border:1px solid var(--gm3-sys-color-outline,#747775);color:var(--gm3-sys-color-on-surface,#1f1f1f);cursor:pointer;display:inline-flex;font-size:0.875rem;font-weight:500;letter-spacing:.25px;max-width:100%;position:relative}.Ahygpe::after{border:1px solid transparent;content:"";position:absolute;inset:-1px}.Ahygpe:focus-visible::after{border:2px solid;border-color:#0b57d0;border-color:var(--gm3-sys-color-primary,#0b57d0);box-shadow:0 0 0 2px #d3e3fd;box-shadow:0 0 0 2px var(--gm3-sys-color-primary-container,#d3e3fd);border-radius:26px;content:"";position:absolute;pointer-events:none;inset:-5px}.Zjyti{color:#0b57d0;color:var(--gm3-sys-color-primary,#0b57d0);font-size:0.75rem}.m8wwGd{border-radius:16px;padding:0 15px 0 15px}.m8wwGd{position:relative}.m8wwGd::before{background:#1f1f1f;background:var(--gm3-sys-color-on-surface,#1f1f1f);content:"";opacity:0;position:absolute;pointer-events:none}.m8wwGd:hover::before{opacity:0.08}.m8wwGd:focus::before,.m8wwGd.u3bW4e::before{opacity:0.1}.m8wwGd:active::before,.m8wwGd.qs41qe::before{opacity:0.1}.m8wwGd::before{border-radius:16px;width:100%;height:100%}.m8wwGd:focus,.m8wwGd.u3bW4e{outline:none;border-color:#747775;border-color:var(--gm3-sys-color-outline,#747775)}.m8wwGd:active,.m8wwGd.qs41qe{color:#1f1f1f;color:var(--gm3-sys-color-on-surface,#1f1f1f);border-color:#1f1f1f;border-color:var(--gm3-sys-color-on-surface,#1f1f1f)}.m8wwGd.Zjyti{border-radius:12px;padding:0 10px 0 10px}.m8wwGd.EPPJc{padding-right:8px}.m8wwGd.cd29Sd{padding-left:3px}.m8wwGd.Zjyti.EPPJc{padding-right:8px}.m8wwGd.Zjyti.cd29Sd{padding-left:2px}.m8wwGd::after{border-radius:16px}.m8wwGd.Zjyti::after{border-radius:12px}.HOE91e{border-radius:12px;height:24px;margin-right:8px}.HOE91e .MnFlu,.HOE91e .Qk3oof,.HOE91e .uHLU0{border-radius:50%;color:var(--gm3-sys-color-on-surface-variant,#444746);display:block;height:24px;width:24px}.IxcUte{direction:ltr;text-align:left;overflow:hidden;text-overflow:ellipsis;white-space:nowrap}.m8wwGd .IxcUte{line-height:30px}.m8wwGd.xNLKcb .IxcUte{font-family:"Google Sans",roboto,"Noto Sans Myanmar UI",arial,sans-serif;font-size:0.875rem;font-weight:500;letter-spacing:0rem;text-decoration:none}.m8wwGd.Zjyti .IxcUte{line-height:22px}.JCl8ie{color:var(--gm3-sys-color-on-surface,#1f1f1f);flex-shrink:0;height:20px;margin-left:5px;width:20px;transition:transform 0.2s cubic-bezier(0.4,0,0.2,1)}.Ahygpe.sMVRZe .JCl8ie{transform:rotate(180deg)}.Zjyti .JCl8ie{height:16px;width:16px}.u4TTuf{display:block;height:100%;width:100%}.rFrNMe{-webkit-user-select:none;-webkit-user-select:none;-webkit-tap-highlight-color:transparent;display:inline-block;outline:none;padding-bottom:8px;width:200px}.aCsJod{height:40px;position:relative;vertical-align:top}.aXBtI{display:flex;position:relative;top:14px}.Xb9hP{display:flex;box-flex:1;flex-grow:1;flex-shrink:1;min-width:0%;position:relative}.A37UZe{box-sizing:border-box;height:24px;line-height:24px;position:relative}.qgcB3c:not(:empty){padding-right:12px}.sxyYjd:not(:empty){padding-left:12px}.whsOnd{box-flex:1;flex-grow:1;flex-shrink:1;background-color:transparent;border:none;display:block;font:400 16px Roboto,RobotoDraft,Helvetica,Arial,sans-serif;height:24px;line-height:24px;margin:0;min-width:0%;outline:none;padding:0;z-index:0}.rFrNMe.dm7YTc .whsOnd{color:#fff}.whsOnd:invalid,.whsOnd:-moz-submit-invalid,.whsOnd:-moz-ui-invalid{box-shadow:none}.I0VJ4d>.whsOnd::-ms-clear,.I0VJ4d>.whsOnd::-ms-reveal{display:none}.i9lrp{background-color:rgba(0,0,0,.12);bottom:-2px;height:1px;left:0;margin:0;padding:0;position:absolute;width:100%}.i9lrp::before{content:"";position:absolute;top:0;bottom:-2px;left:0;right:0;border-bottom:1px solid rgba(0,0,0,0);pointer-events:none}.rFrNMe.dm7YTc .i9lrp{background-color:rgba(255,255,255,.7)}.OabDMe{transform:scaleX(0);background-color:#4285f4;bottom:-2px;height:2px;left:0;margin:0;padding:0;position:absolute;width:100%}.rFrNMe.dm7YTc .OabDMe{background-color:#a1c2fa}.rFrNMe.k0tWj .i9lrp,.rFrNMe.k0tWj .OabDMe{background-color:#d50000;height:2px}.rFrNMe.k0tWj.dm7YTc .i9lrp,.rFrNMe.k0tWj.dm7YTc .OabDMe{background-color:#e06055}.whsOnd[disabled]{color:rgba(0,0,0,.38)}.rFrNMe.dm7YTc .whsOnd[disabled]{color:rgba(255,255,255,.5)}.whsOnd[disabled]~.i9lrp{background:none;border-bottom:1px dotted rgba(0,0,0,.38)}.OabDMe.Y2Zypf{animation:quantumWizPaperInputRemoveUnderline .3s cubic-bezier(0.4,0,0.2,1)}.rFrNMe.u3bW4e .OabDMe{animation:quantumWizPaperInputAddUnderline .3s cubic-bezier(0.4,0,0.2,1);transform:scaleX(1)}.rFrNMe.sdJrJc>.aCsJod{padding-top:24px}.AxOyFc{transform-origin:bottom left;transition:all .3s cubic-bezier(0.4,0,0.2,1);transition-property:color,bottom,transform;-webkit-transition-property:color,bottom,transform,-webkit-transform;transition-property:color,bottom,transform,-webkit-transform;color:rgba(0,0,0,.38);font:400 16px Roboto,RobotoDraft,Helvetica,Arial,sans-serif;font-size:16px;pointer-events:none;position:absolute;bottom:3px;left:0;width:100%}.whsOnd:not([disabled]):focus~.AxOyFc,.whsOnd[badinput=true]~.AxOyFc,.rFrNMe.CDELXb .AxOyFc,.rFrNMe.dLgj8b .AxOyFc{transform:scale(0.75) translateY(-39px)}.whsOnd:not([disabled]):focus~.AxOyFc{color:#3367d6}.rFrNMe.dm7YTc .whsOnd:not([disabled]):focus~.AxOyFc{color:#a1c2fa}.rFrNMe.k0tWj .whsOnd:not([disabled]):focus~.AxOyFc{color:#d50000}.ndJi5d{color:rgba(0,0,0,.38);font:400 16px Roboto,RobotoDraft,Helvetica,Arial,sans-serif;max-width:100%;overflow:hidden;pointer-events:none;position:absolute;text-overflow:ellipsis;top:2px;left:0;white-space:nowrap}.rFrNMe.CDELXb .ndJi5d{display:none}.K0Y8Se{-webkit-tap-highlight-color:transparent;font:400 12px Roboto,RobotoDraft,Helvetica,Arial,sans-serif;height:16px;margin-left:auto;padding-left:16px;padding-top:8px;pointer-events:none;opacity:.3;white-space:nowrap}.rFrNMe.dm7YTc .AxOyFc,.rFrNMe.dm7YTc .K0Y8Se,.rFrNMe.dm7YTc .ndJi5d{color:rgba(255,255,255,.7)}.rFrNMe.Tyc9J{padding-bottom:4px}.dEOOab,.ovnfwe:not(:empty){-webkit-tap-highlight-color:transparent;-webkit-box-flex:1;flex:1 1 auto;font:400 12px Roboto,RobotoDraft,Helvetica,Arial,sans-serif;min-height:16px;padding-top:8px}.LXRPh{display:flex}.ovnfwe{pointer-events:none}.dEOOab{color:#d50000}.rFrNMe.dm7YTc .dEOOab,.rFrNMe.dm7YTc.k0tWj .whsOnd:not([disabled]):focus~.AxOyFc{color:#e06055}.ovnfwe{opacity:.3}.rFrNMe.dm7YTc .ovnfwe{color:rgba(255,255,255,.7);opacity:1}.rFrNMe.k0tWj .ovnfwe,.rFrNMe:not(.k0tWj) .ovnfwe:not(:empty)+.dEOOab{display:none}@keyframes quantumWizPaperInputRemoveUnderline{0%{transform:scaleX(1);opacity:1}to{transform:scaleX(1);opacity:0}}@keyframes quantumWizPaperInputAddUnderline{0%{transform:scaleX(0)}to{transform:scaleX(1)}}@media (min-width:600px){.njnYzb.DbQnIe .YqLCIe{display:flex;justify-content:space-between}}.njnYzb:first-child .H2p7Gf:first-child .i79UJc{padding-top:8px}@media (min-width:600px){.njnYzb.DbQnIe:first-child .H2p7Gf .i79UJc{padding-top:8px}.njnYzb.DbQnIe .H2p7Gf{flex-grow:1;margin-right:8px;width:0}.njnYzb.DbQnIe .H2p7Gf:last-child{margin-right:0}}.i79UJc.i79UJc{box-sizing:content-box}.i79UJc{padding-bottom:0;padding-top:24px;width:100%}.i79UJc .oJeWuf.oJeWuf{height:56px;padding-top:0}.i79UJc.OcVpRe .oJeWuf.oJeWuf{height:36px}.i79UJc .Wic03c{align-items:center;position:static}.i79UJc .snByac{background-color:transparent;bottom:18px;box-sizing:border-box;color:var(--gm3-sys-color-on-surface-variant,#444746);font-size:16px;font-weight:400;left:8px;max-width:calc(100% - 16px);overflow:hidden;padding:0 8px;text-overflow:ellipsis;transition:transform .15s cubic-bezier(.4,0,.2,1),opacity .15s cubic-bezier(.4,0,.2,1),background-color .15s cubic-bezier(.4,0,.2,1);white-space:nowrap;width:auto;z-index:1}.i79UJc.OcVpRe .snByac{bottom:10px;color:var(--gm3-sys-color-on-surface-variant,#444746);font-size:14px;left:4px;line-height:16px;padding:0 6px}.i79UJc.u3bW4e .snByac.snByac,.i79UJc.CDELXb .snByac.snByac{background-color:#fff;background-color:var(--gm3-sys-color-surface-container-lowest,#fff);transform:scale(.75) translatey(-41px)}.i79UJc.OcVpRe.u3bW4e .snByac,.i79UJc.OcVpRe.CDELXb .snByac{transform:scale(.75) translatey(-165%)}.i79UJc .zHQkBf:not([disabled]):focus~.snByac{color:#0b57d0;color:var(--gm3-sys-color-primary,#0b57d0)}.i79UJc.IYewr.u3bW4e .zHQkBf:not([disabled])~.snByac,.i79UJc.IYewr.CDELXb .zHQkBf:not([disabled])~.snByac{color:#b3261e;color:var(--gm3-sys-color-error,#b3261e)}.i79UJc .zHQkBf{border-radius:4px;color:#1f1f1f;color:var(--gm3-sys-color-on-surface,#1f1f1f);font-family:"Google Sans",roboto,"Noto Sans Myanmar UI",arial,sans-serif;font-size:16px;height:28px;margin:2px;padding:12px 14px;text-align:left;z-index:1}.i79UJc.OcVpRe .zHQkBf{font-size:14px;height:20px;padding:6px 8px}.i79UJc.YKooDc .zHQkBf,.i79UJc.YKooDc .MQL3Ob{direction:ltr;text-align:left}.i79UJc .iHd5yb{padding-left:14px}.i79UJc.OcVpRe .iHd5yb{padding-left:8px}.i79UJc .MQL3Ob{padding-right:14px;z-index:1}.i79UJc.OcVpRe .MQL3Ob{padding-right:8px}.i79UJc .mIZh1c,.i79UJc .cXrdqd{border-radius:4px;bottom:0;box-sizing:border-box}.i79UJc .mIZh1c,.i79UJc .cXrdqd,.i79UJc.IYewr .mIZh1c,.i79UJc.IYewr .cXrdqd{background-color:transparent;bottom:0;height:auto;top:0}.i79UJc .mIZh1c{border:1px solid;border-color:#747775;border-color:var(--gm3-sys-color-outline,#747775);padding:1px}.i79UJc .cXrdqd{border:1px solid;border-color:#0b57d0;border-color:var(--gm3-sys-color-primary,#0b57d0);opacity:0;transform:none;transition:opacity .15s cubic-bezier(.4,0,.2,1)}.i79UJc.u3bW4e .cXrdqd{border-width:2px}.i79UJc.u3bW4e .cXrdqd,.i79UJc.IYewr .cXrdqd{animation:none;opacity:1}.i79UJc.IYewr .cXrdqd{border-color:#b3261e;border-color:var(--gm3-sys-color-error,#b3261e)}.i79UJc .ndJi5d,.i79UJc .ovnfwe{pointer-events:auto}.i79UJc .RxsGPe,.i79UJc .Is7Fhb{display:none}.Ly8vae{color:#444746;color:var(--gm3-sys-color-on-surface-variant,#444746);display:flex;font-family:"Google Sans",roboto,"Noto Sans Myanmar UI",arial,sans-serif;font-size:0.75rem;font-weight:400;letter-spacing:0.00625rem;line-height:1.3333333333}.Ly8vae:empty,.NdBX9e:empty{display:none}.njnYzb.Jj6Lae .Ly8vae{color:#b3261e;color:var(--gm3-sys-color-error,#b3261e)}.jEOsLc{display:none;margin-right:8px}.JPqhye{height:16px;width:16px}.njnYzb.Jj6Lae .jEOsLc{display:block}.njnYzb .Ly8vae{color:#444746;color:var(--gm3-sys-color-on-surface-variant,#444746);margin-top:4px}.njnYzb .YQOsOe{margin-left:16px}.njnYzb.OcVpRe .YQOsOe{margin-left:10px}.Ekjuhf{color:#444746;color:var(--gm3-sys-color-on-surface-variant,#444746);align-items:flex-start;display:flex;font-family:"Google Sans",roboto,"Noto Sans Myanmar UI",arial,sans-serif;font-size:0.75rem;font-weight:400;letter-spacing:0.00625rem;line-height:1.3333333333;margin-left:16px;margin-top:2px}.Ekjuhf.Jj6Lae{color:#b3261e;color:var(--gm3-sys-color-error,#b3261e);margin-left:0}.AfGCob{margin-right:8px;margin-top:calc((1px*var(--boq-accounts-wireframe-themes-materialnext-common-abstractinput-help-line-height-unitless-px) - 16px)/2)}.xTjuxe{display:block;height:16px;width:16px}.edhGSc{-webkit-user-select:none;-webkit-user-select:none;-webkit-tap-highlight-color:transparent;display:inline-block;outline:none;padding-bottom:8px}.RpC4Ne{min-height:1.5em;position:relative;vertical-align:top}.Pc9Gce{display:flex;position:relative;padding-top:14px}.KHxj8b{box-flex:1;flex-grow:1;flex-shrink:1;background-color:transparent;border:none;display:block;font:400 16px Roboto,RobotoDraft,Helvetica,Arial,sans-serif;height:24px;min-height:24px;line-height:24px;margin:0;outline:none;padding:0;resize:none;white-space:pre-wrap;word-wrap:break-word;z-index:0;overflow-y:visible;overflow-x:hidden}.KHxj8b.VhWN2c{text-align:center}.edhGSc.dm7YTc .KHxj8b{color:rgba(255,255,255,.87)}.edhGSc.u3bW4e.dm7YTc .KHxj8b{color:#fff}.z0oSpf{background-color:rgba(0,0,0,.12);height:1px;left:0;margin:0;padding:0;position:absolute;width:100%}.edhGSc.dm7YTc>.RpC4Ne>.z0oSpf{background-color:rgba(255,255,255,.12)}.Bfurwb{transform:scaleX(0);background-color:#4285f4;height:2px;left:0;margin:0;padding:0;position:absolute;width:100%}.edhGSc.k0tWj>.RpC4Ne>.z0oSpf,.edhGSc.k0tWj>.RpC4Ne>.Bfurwb{background-color:#d50000;height:2px}.edhGSc.k0tWj.dm7YTc>.RpC4Ne>.z0oSpf,.edhGSc.k0tWj.dm7YTc>.RpC4Ne>.Bfurwb{background-color:#ff6e6e}.edhGSc.RDPZE .KHxj8b{color:rgba(0,0,0,.38)}.edhGSc.RDPZE>.RpC4Ne>.z0oSpf{background:none;border-bottom:1px dotted rgba(0,0,0,.38)}.Bfurwb.Y2Zypf{animation:quantumWizPaperInputRemoveUnderline .3s cubic-bezier(0.4,0,0.2,1)}.edhGSc.u3bW4e>.RpC4Ne>.Bfurwb{animation:quantumWizPaperInputAddUnderline .3s cubic-bezier(0.4,0,0.2,1);transform:scaleX(1)}.edhGSc.FPYHkb>.RpC4Ne{padding-top:24px}.fqp6hd{transform-origin:top left;transform:translate(0,-22px);transition:all .3s cubic-bezier(0.4,0,0.2,1);transition-property:color,top,transform;-webkit-transition-property:color,top,transform,-webkit-transform;transition-property:color,top,transform,-webkit-transform;color:rgba(0,0,0,.38);font:400 16px Roboto,RobotoDraft,Helvetica,Arial,sans-serif;font-size:16px;pointer-events:none;position:absolute;top:100%;width:100%}.edhGSc.u3bW4e>.RpC4Ne>.fqp6hd,.edhGSc.CDELXb>.RpC4Ne>.fqp6hd,.edhGSc.LydCob .fqp6hd{transform:scale(0.75);top:16px}.edhGSc.dm7YTc>.RpC4Ne>.fqp6hd{color:rgba(255,255,255,.38)}.edhGSc.u3bW4e>.RpC4Ne>.fqp6hd,.edhGSc.u3bW4e.dm7YTc>.RpC4Ne>.fqp6hd{color:#4285f4}.F1pOBe{color:rgba(0,0,0,.38);font:400 16px Roboto,RobotoDraft,Helvetica,Arial,sans-serif;max-width:100%;overflow:hidden;pointer-events:none;position:absolute;bottom:3px;text-overflow:ellipsis;white-space:nowrap}.edhGSc.dm7YTc .F1pOBe{color:rgba(255,255,255,.38)}.edhGSc.CDELXb>.RpC4Ne>.F1pOBe{display:none}.S1BUyf{-webkit-tap-highlight-color:transparent;font:400 12px Roboto,RobotoDraft,Helvetica,Arial,sans-serif;height:16px;margin-left:auto;padding-left:16px;padding-top:8px;pointer-events:none;text-align:right;color:rgba(0,0,0,.38);white-space:nowrap}.edhGSc.dm7YTc>.S1BUyf{color:rgba(255,255,255,.38)}.edhGSc.wrxyb{padding-bottom:4px}.v6odTb,.YElZX:not(:empty){-webkit-tap-highlight-color:transparent;-webkit-box-flex:1;flex:1 1 auto;font:400 12px Roboto,RobotoDraft,Helvetica,Arial,sans-serif;min-height:16px;padding-top:8px}.edhGSc.wrxyb .jE8NUc{display:flex}.YElZX{pointer-events:none}.v6odTb{color:#d50000}.edhGSc.dm7YTc .v6odTb{color:#ff6e6e}.YElZX{opacity:.3}.edhGSc.k0tWj .YElZX,.edhGSc:not(.k0tWj) .YElZX:not(:empty)+.v6odTb{display:none}@keyframes quantumWizPaperInputRemoveUnderline{0%{transform:scaleX(1);opacity:1}to{transform:scaleX(1);opacity:0}}@keyframes quantumWizPaperInputAddUnderline{0%{transform:scaleX(0)}to{transform:scaleX(1)}}.X3mtXb{box-sizing:content-box}.FAiUob,.X3mtXb{display:block;padding:16px 0 0;width:100%}.AFTWye.OcVpRe .X3mtXb,.AFTWye.OcVpRe .FAiUob{padding:24px 0 0;padding-bottom:0}:first-child>.X3mtXb,:first-child>.FAiUob,:first-child.OcVpRe>.X3mtXb,:first-child.OcVpRe>.FAiUob{padding:8px 0 0}.AFTWye .X3mtXb .oJeWuf{height:56px;padding-top:0}.AFTWye.OcVpRe .X3mtXb .oJeWuf{height:36px}.X3mtXb .Wic03c{align-items:center;position:static;top:0}.X3mtXb .snByac{background:#fff;background:var(--gm3-sys-color-surface-container-lowest,#fff);color:#444746;color:var(--gm3-sys-color-on-surface-variant,#444746);bottom:17px;box-sizing:border-box;font-size:16px;font-weight:400;left:8px;max-width:calc(100% - 16px);overflow:hidden;padding:0 8px;text-overflow:ellipsis;transition:transform .15s cubic-bezier(.4,0,.2,1),opacity .15s cubic-bezier(.4,0,.2,1);white-space:nowrap;width:auto;z-index:1}.X3mtXb.hfPCIc.u3bW4e .zHQkBf:not([disabled])~.snByac{color:#b3261e;color:var(--gm3-sys-color-error,#b3261e)}.AFTWye.OcVpRe .X3mtXb .snByac{color:#444746;color:var(--gm3-sys-color-on-surface-variant,#444746);bottom:9px;font-size:14px;left:4px;line-height:16px;padding:0 6px}.AFTWye.OcVpRe .u3bW4e .snByac,.AFTWye.OcVpRe .CDELXb .snByac{transform:scale(.75) translateY(-155%)}.X3mtXb .ndJi5d{pointer-events:auto;top:inherit}.X3mtXb .RxsGPe,.X3mtXb .Is7Fhb{display:none}.bfzBdd .Ekjuhf{margin-top:4px}.X3mtXb .zHQkBf{border-radius:4px;color:#1f1f1f;color:var(--gm3-sys-color-on-surface,#1f1f1f);font-family:"Google Sans",roboto,"Noto Sans Myanmar UI",arial,sans-serif;font-size:16px;height:28px;margin:1px 1px 0 1px;padding:13px 15px;text-align:left;width:100%;z-index:1}.X3mtXb.u3bW4e .zHQkBf,.X3mtXb.hfPCIc .zHQkBf{margin:2px 2px 0 2px;padding:12px 14px}.AFTWye.OcVpRe .X3mtXb .zHQkBf{font-size:14px;height:20px;padding:7px 9px}.AFTWye.OcVpRe .u3bW4e .zHQkBf,.AFTWye.OcVpRe .hfPCIc .zHQkBf{height:20px;padding:6px 8px}.UOsO2 .Wic03c,.UOsO2 .zHQkBf,.UOsO2 .iHd5yb,.UOsO2 .MQL3Ob{direction:ltr;text-align:left}.UOsO2 .Wic03c .snByac{direction:ltr}.X3mtXb .iHd5yb{padding-left:15px}.X3mtXb.u3bW4e .iHd5yb{padding-left:14px}.X3mtXb .MQL3Ob{padding-right:15px;z-index:1}.X3mtXb.u3bW4e .MQL3Ob{padding-right:15px}.AFTWye.OcVpRe .X3mtXb .iHd5yb{padding-left:9px}.AFTWye.OcVpRe .X3mtXb.u3bW4e .iHd5yb{padding-left:8px}.AFTWye.OcVpRe .X3mtXb .MQL3Ob,.AFTWye.OcVpRe .X3mtXb.u3bW4e .MQL3Ob{padding-right:9px}.X3mtXb .AxOyFc{font-family:"Google Sans",roboto,"Noto Sans Myanmar UI",arial,sans-serif}.X3mtXb .whsOnd:not([disabled]):focus~.AxOyFc{color:#0b57d0;color:var(--gm3-sys-color-primary,#0b57d0)}.X3mtXb .mIZh1c{border:1px solid;border-color:#747775;border-color:var(--gm3-sys-color-outline,#747775);border-radius:4px;bottom:0;box-sizing:border-box}.X3mtXb .cXrdqd{border-radius:4px;bottom:0;opacity:0;transform:none;transition:opacity .15s cubic-bezier(.4,0,.2,1);width:calc(100% - 4px)}.X3mtXb .mIZh1c,.X3mtXb .cXrdqd,.X3mtXb.hfPCIc .mIZh1c,.X3mtXb.hfPCIc .cXrdqd{background-color:transparent}.X3mtXb .mIZh1c,.X3mtXb.k0tWj .mIZh1c{height:100%}.X3mtXb.hfPCIc .cXrdqd{height:calc(100% - 2px);width:calc(100% - 2px)}.X3mtXb .cXrdqd,.X3mtXb.hfPCIc.u3bW4e .cXrdqd{height:calc(100% - 4px);width:calc(100% - 4px)}.X3mtXb.u3bW4e .cXrdqd,.X3mtXb.hfPCIc .cXrdqd{animation:none;opacity:1}.X3mtXb.u3bW4e .cXrdqd{border:2px solid;border-color:#0b57d0;border-color:var(--gm3-sys-color-primary,#0b57d0)}.X3mtXb.hfPCIc.u3bW4e .cXrdqd{border-width:2px}.X3mtXb.hfPCIc .cXrdqd{border:1px solid;border-color:#b3261e;border-color:var(--gm3-sys-color-error,#b3261e)}.X3mtXb.hfPCIc.CDELXb .snByac{color:#b3261e;color:var(--gm3-sys-color-error,#b3261e)}.X3mtXb .zHQkBf[disabled]{color:#1f1f1f;color:var(--gm3-sys-color-on-surface,#1f1f1f);opacity:0.38}.FAiUob .mIZh1c{background-color:var(--gm3-sys-color-outline,#747775)}.FAiUob .cXrdqd{background-color:#0b57d0;background-color:var(--gm3-sys-color-primary,#0b57d0)}.FAiUob .snByac{color:#444746;color:var(--gm3-sys-color-on-surface-variant,#444746)}.FAiUob.u3bW4e .snByac.snByac{color:#0b57d0;color:var(--gm3-sys-color-primary,#0b57d0)}.Em2Ord{margin:16px 0;outline:none}.Em2Ord+.Em2Ord{margin-top:24px}.Em2Ord:first-child{margin-top:0}.Em2Ord:last-child{margin-bottom:0}.PsAlOe{border-radius:8px;padding:16px}.PsAlOe>:first-child{margin-top:0}.PsAlOe>:last-child{margin-bottom:0}.PsAlOe .x9zgF{color:#1f1f1f;color:var(--gm3-sys-color-on-surface,#1f1f1f);font-family:"Google Sans",roboto,"Noto Sans Myanmar UI",arial,sans-serif;font-size:1rem;font-weight:500;letter-spacing:0rem;line-height:1.5}.PsAlOe.sj692e .x9zgF,.PsAlOe.sj692e .yTaH4c{color:#0842a0;color:var(--gm3-sys-color-on-primary-container,#0842a0)}.PsAlOe.Xq8bDe .x9zgF,.PsAlOe.Xq8bDe .yTaH4c{color:#410e0b;color:var(--gm3-sys-color-on-error-container,#8c1d18)}.PsAlOe.rNe0id .x9zgF,.PsAlOe.rNe0id .yTaH4c{color:var(--wf-color-warning-text,#421f00)}.PsAlOe .yTaH4c{color:#1f1f1f;color:var(--gm3-sys-color-on-surface,#1f1f1f)}.PsAlOe.YFdWic .vYeFie,.PsAlOe.YFdWic .yTaH4c{margin-left:64px;width:calc(100% - 48px - 16px)}.PsAlOe.YFdWic .yTaH4c{color:#444746;color:var(--gm3-sys-color-on-surface-variant,#444746);margin-top:4px}.PsAlOe.YFdWic:not(.S7S4N) .vYeFie{margin-left:0;width:0}.PsAlOe:not(.S7S4N)>.yTaH4c{margin-top:0}.PsAlOe.sj692e{background:#d3e3fd;background:var(--gm3-sys-color-primary-container,#d3e3fd)}.PsAlOe.Xq8bDe{background:#f9dedc;background:var(--gm3-sys-color-error-container,#f9dedc)}.PsAlOe.rNe0id{background:var(--wf-color-warning-bg,#fff0d1)}.PsAlOe.YFdWic{background:#f8fafd;background:var(--gm3-sys-color-surface-container-low,#f8fafd);min-height:80px;position:relative}.PsAlOe.YFdWic .x9zgF{color:#1f1f1f;color:var(--gm3-sys-color-on-surface,#1f1f1f)}.PsAlOe.YFdWic .yTaH4c{color:#444746;color:var(--gm3-sys-color-on-surface-variant,#444746)}.PsAlOe:not(.S7S4N){display:flex}.Em2Ord.eLNT1d{display:none}.Em2Ord.RDPZE{opacity:.5;pointer-events:none}.Em2Ord.RDPZE .Em2Ord.RDPZE{opacity:1}.se0rCf{background-color:#f8fafd;background-color:var(--gm3-sys-color-surface-container-low,#f8fafd);border-radius:28px;padding:16px}.se0rCf>:first-child{margin-top:0}.se0rCf>:last-child{margin-bottom:0}.se0rCf .x9zgF{color:#1f1f1f;color:var(--gm3-sys-color-on-surface,#1f1f1f)}.se0rCf .yTaH4c{color:#444746;color:var(--gm3-sys-color-on-surface-variant,#444746)}.se0rCf .X3mtXb .snByac,.se0rCf.Em2Ord .i79UJc .snByac{background-color:#f8fafd;background-color:var(--gm3-sys-color-surface-container-low,#f8fafd)}.se0rCf .SgHwWb{display:flex;justify-content:flex-end;margin-top:16px}.se0rCf .SgHwWb .BqKGqe{margin-bottom:0;margin-top:0}.nn7x3d{border-bottom:1px solid #c4c7c5;border-bottom:1px solid var(--gm3-sys-color-outline-variant,#c4c7c5);display:flex;flex-direction:column}.nn7x3d .V9RXW .rBUW7e{border-bottom:0}.nn7x3d .nn7x3d:last-child{border-bottom:0}.dwkQ3b:not(.jVwmLb){border-bottom:0}.nn7x3d .nn7x3d:last-child .ozEFYb{padding-bottom:0}.nn7x3d.dwkQ3b{border-bottom:0}.vYeFie:empty,.osxBFb:empty{display:none}.vYeFie>:first-child{margin-top:0;padding-top:0}.vYeFie>:last-child{margin-bottom:0;padding-bottom:0}.LwQQGe{margin:0 0 8px}.nn7x3d[data-expand-type="1"] .ozEFYb,.Em2Ord[data-expand-type="1"] .HKEKLe{cursor:pointer}.nn7x3d .ozEFYb{padding-bottom:16px}.x9zgF{align-items:center;color:#1f1f1f;color:var(--gm3-sys-color-on-surface,#1f1f1f);display:flex;font-family:"Google Sans",roboto,"Noto Sans Myanmar UI",arial,sans-serif;font-size:1.25rem;font-weight:400;letter-spacing:0rem;line-height:1.2;margin-top:0;margin-bottom:0;padding:0}.Em2Ord.S7S4N .Em2Ord:not(.nn7x3d) .x9zgF{font-family:"Google Sans",roboto,"Noto Sans Myanmar UI",arial,sans-serif;font-size:1rem;font-weight:500;letter-spacing:0rem;line-height:1.5}.nn7x3d.u3bW4e .x9zgF{position:relative}.nn7x3d[data-expand-type="1"].u3bW4e .x9zgF::after{background:#0b57d0;background:var(--gm3-sys-color-primary,#0b57d0);border-radius:8px;bottom:-4px;content:"";left:-8px;position:absolute;opacity:0.1;right:-8px;top:-4px;z-index:-1}.HKEKLe{background:none;border:none;color:inherit;flex-grow:1;font:inherit;margin:0;outline:0;padding:0;text-align:inherit}.HKEKLe::-moz-focus-inner{border:0}.HKEKLe [jsslot]{position:relative}.MI3XC{margin-left:16px}.MI3XC .aHWa4d{align-items:center;display:flex;height:24px;justify-content:center;transition:transform 0.2s cubic-bezier(0.4,0,0.2,1);width:24px}.nn7x3d .MI3XC,.nn7x3d .HKEKLe,.nn7x3d .CuWxc{pointer-events:none}.nn7x3d.jVwmLb .aHWa4d{transform:rotate(-180deg)}.CuWxc{color:var(--gm3-sys-color-on-surface-variant,#444746);flex-shrink:0;height:20px;margin-right:16px;width:20px}.CuWxc .C3qbwe{height:100%;width:100%}.PsAlOe .CuWxc{margin-top:0}.PsAlOe.sj692e .CuWxc{color:#0b57d0;color:var(--gm3-sys-color-primary,#0b57d0)}.PsAlOe.Xq8bDe .CuWxc{color:#b3261e;color:var(--gm3-sys-color-error,#b3261e)}.PsAlOe.rNe0id .CuWxc{color:var(--wf-color-warning-icon,#f09d00)}.PsAlOe.YFdWic .CuWxc{height:48px;left:16px;position:absolute;top:16px;width:48px}.osxBFb{color:#444746;color:var(--gm3-sys-color-on-surface-variant,#444746);font-size:0.875rem;font-weight:400;line-height:1.4285714286;margin-top:8px}.vYeFie:empty+.yTaH4c{margin-top:0}.yTaH4c{margin-bottom:16px;margin-top:10px}.se0rCf .yTaH4c{margin-bottom:0;margin-top:16px}.yTaH4c:only-child{margin-bottom:0;margin-top:0}.nn7x3d .yTaH4c{margin-top:0;overflow:hidden;transition:0.2s cubic-bezier(0.4,0,0.2,1)}.nn7x3d.jVwmLb .yTaH4c{margin-bottom:0;margin-top:0;max-height:0;opacity:0;visibility:hidden}.yTaH4c>[jsslot]>:first-child:not(.PsAlOe,.se0rCf){margin-top:0;padding-top:0}.yTaH4c>[jsslot]>:last-child:not(.PsAlOe,.se0rCf){margin-bottom:0;padding-bottom:0}.kvM7xe{margin-bottom:-12px}.kvM7xe{align-self:center;margin-bottom:0}.g0ndYb{border-bottom:1px solid #c4c7c5;border-bottom:1px solid var(--gm3-sys-color-outline-variant,#c4c7c5);display:flex;flex-direction:row;justify-content:center;height:0;margin-top:12px}.VXMllb{background-color:#fff;background-color:var(--gm3-sys-color-surface-container-lowest,#fff);display:flex;height:24px;margin-top:-12px}.dwkQ3b:not(.jVwmLb) .g0ndYb{display:none}.dgtjld .VfPpkd-IE5DDf{background-color:#000;background-color:var(--gm3-sys-color-scrim,#000);opacity:0.32}.dgtjld .VfPpkd-P5QLlc{border-radius:23px}.dgtjld .VfPpkd-cnG4Wd{padding-bottom:0}.dgtjld .VfPpkd-T0kwCb{padding:0 24px 16px 24px}.dgtjld .yTaH4c{margin-left:0;margin-right:0;padding-left:0;padding-right:0}.dgtjld .ksBjEc.ksBjEc{height:40px;padding:0 16px}.dgtjld .ksBjEc.ksBjEc .VfPpkd-Jh9lGc::after,.dgtjld .ksBjEc.ksBjEc .VfPpkd-Jh9lGc::before{background-color:#0b57d0;background-color:var(--gm3-sys-color-primary,#0b57d0)}.dgtjld .ksBjEc.ksBjEc .VfPpkd-J1Ukfc-LhBDec{border-color:#0b57d0;border-color:var(--gm3-sys-color-primary,#0b57d0)}.dgtjld .ksBjEc.ksBjEc .VfPpkd-J1Ukfc-LhBDec::after{border-color:#d3e3fd;border-color:var(--gm3-sys-color-primary-container,#d3e3fd)}.dgtjld .ksBjEc.ksBjEc .VfPpkd-J1Ukfc-LhBDec::after,.dgtjld .ksBjEc.ksBjEc .VfPpkd-J1Ukfc-LhBDec,.dgtjld .ksBjEc.ksBjEc .VfPpkd-Jh9lGc{border-radius:23px}.dgtjld.dgtjld.dgtjld .VfPpkd-P5QLlc{background-color:var(--gm3-sys-color-surface-container-high,#e9eef6)}.dgtjld.dgtjld.dgtjld .VfPpkd-k2Wrsb{font-family:"Google Sans",roboto,"Noto Sans Myanmar UI",arial,sans-serif;line-height:1.3333333333;font-size:1.5rem;font-weight:400;letter-spacing:0rem}.dgtjld.dgtjld.dgtjld .VfPpkd-k2Wrsb{color:var(--gm3-sys-color-on-surface,#1f1f1f)}.dgtjld.dgtjld.dgtjld .VfPpkd-cnG4Wd{font-family:"Google Sans",roboto,"Noto Sans Myanmar UI",arial,sans-serif;line-height:1.4285714286;font-size:0.875rem;font-weight:400;letter-spacing:0rem}.dgtjld.dgtjld.dgtjld .VfPpkd-cnG4Wd{color:var(--gm3-sys-color-on-surface-variant,#444746)}.dgtjld.dgtjld.dgtjld .VfPpkd-T0kwCb .VfPpkd-LgbsSe{font-size:0.875rem}.dgtjld.dgtjld.dgtjld .VfPpkd-T0kwCb .VfPpkd-LgbsSe:not(:disabled){color:var(--gm3-sys-color-primary,#0b57d0)}.dgtjld.Zttm2{border-radius:0}.dgtjld.Zttm2 .VfPpkd-P5QLlc{height:100vh;max-height:none;max-width:none;width:100vw}.dgtjld.Zttm2 .yHy1rc{color:#444746;color:var(--gm3-sys-color-on-surface-variant,#444746);display:inline-block;padding:12px;text-align:center}.dgtjld.Zttm2 .VfPpkd-zMU9ub .NMm5M{fill:var(--gm3-sys-color-primary,#0b57d0)}.dgtjld.Zttm2 .VfPpkd-Bz112c-J1Ukfc-LhBDec{border-color:#0b57d0;border-color:var(--gm3-sys-color-primary,#0b57d0);padding:2px}.dgtjld.Zttm2 .VfPpkd-Bz112c-J1Ukfc-LhBDec,.dgtjld.Zttm2 .VfPpkd-Bz112c-J1Ukfc-LhBDec::after{border-radius:50%}.dgtjld.Zttm2 .yHy1rc:not(.VfPpkd-Bz112c-J1Ukfc-LhBDec)::before{display:none}.dgtjld.Zttm2 .yHy1rc:not(.VfPpkd-Bz112c-J1Ukfc-LhBDec)::after{background:none;border:none;box-shadow:none}.dgtjld.Zttm2 .yHy1rc .VfPpkd-Bz112c-Jh9lGc::before,.dgtjld.Zttm2 .yHy1rc .VfPpkd-Bz112c-Jh9lGc::after{background-color:#0b57d0;background-color:var(--gm3-sys-color-primary,#0b57d0)}.Zttm2 .rcN2gf{height:100%;width:100%}.Zttm2 .RITe7{border:none;color-scheme:normal;display:block;height:100%;padding:0;width:100%}.KGgLze{color:#444746;color:var(--gm3-sys-color-on-surface-variant,#444746);font-family:"Google Sans",roboto,"Noto Sans Myanmar UI",arial,sans-serif;flex-grow:1;font-size:0.875rem;font-weight:400;padding-left:16px}.UywwFc-LgbsSe{display:inline-flex;position:relative;align-items:center;justify-content:center;box-sizing:border-box;border:none;outline:none;background:transparent;-webkit-appearance:none;appearance:none;line-height:inherit;text-rendering:inherit;user-select:none;vertical-align:middle;cursor:pointer;min-inline-size:var(--gm3-button-filled-container-min-width,64px);padding-block:0;-webkit-padding-start:var(--gm3-button-filled-leading-space,24px);padding-inline-start:var(--gm3-button-filled-leading-space,24px);-webkit-padding-end:var(--gm3-button-filled-trailing-space,24px);padding-inline-end:var(--gm3-button-filled-trailing-space,24px);block-size:var(--gm3-button-filled-container-height,40px);border-radius:var(--gm3-button-filled-container-shape,9999px);--gm3-ripple-hover-color:var(--gm3-button-filled-hover-state-layer-color,var(--gm3-sys-color-on-primary,#fff));--gm3-ripple-hover-opacity:var(--gm3-button-filled-hover-state-layer-opacity,0.08);--gm3-ripple-pressed-color:var(--gm3-button-filled-hover-state-layer-color,var(--gm3-sys-color-on-primary,#fff));--gm3-ripple-pressed-opacity:var(--gm3-button-filled-pressed-state-layer-opacity,0.1);--gm3-focus-ring-outward-color:var(--gm3-button-filled-focus-indicator-color,var(--gm3-sys-color-secondary,#00639b));--gm3-focus-ring-outward-offset:var(--gm3-button-filled-focus-indicator-outline-offset,2px);--gm3-focus-ring-outward-track-width:var(--gm3-button-filled-focus-indicator-thickness,3px);--gm3-focus-ring-outward-target-shape-start-start:var(--gm3-button-filled-container-shape,9999px);--gm3-focus-ring-outward-target-shape-start-end:var(--gm3-button-filled-container-shape,9999px);--gm3-focus-ring-outward-target-shape-end-end:var(--gm3-button-filled-container-shape,9999px);--gm3-focus-ring-outward-target-shape-end-start:var(--gm3-button-filled-container-shape,9999px)}.UywwFc-mRLv6:focus-visible{outline:none}.UywwFc-LgbsSe:focus-visible,.UywwFc-mRLv6:focus-visible~.UywwFc-UHGRz{--gm3-focus-ring-outward-display:block}.UywwFc-LgbsSe:disabled{cursor:default;pointer-events:none;--gm3-ripple-hover-opacity:0;--gm3-ripple-pressed-opacity:0}.UywwFc-LgbsSe-OWXEXe-SfQLQb-suEOdc:disabled{pointer-events:auto}.UywwFc-LgbsSe[hidden]{display:none}.UywwFc-vQzf8d{position:relative;text-align:center;color:var(--gm3-button-filled-label-text-color,var(--gm3-sys-color-on-primary,#fff));font-size:var(--gm3-button-filled-label-text-size,.875rem);font-family:var(--gm3-button-filled-label-text-font,"Google Sans",Roboto,Arial,sans-serif);font-weight:var(--gm3-button-filled-label-text-weight,500);letter-spacing:var(--gm3-button-filled-label-text-tracking,0);-webkit-text-decoration:var(--gm3-button-filled-label-text-decoration,none);text-decoration:var(--gm3-button-filled-label-text-decoration,none);font-variation-settings:var(--gm3-button-filled-label-text-font-variation-settings,initial)}.UywwFc-kSE8rc-FoKg4d-sLO9V-YoZ4jf .UywwFc-vQzf8d{font-family:var(--gm3-button-filled-label-text-font,"Google Sans Flex","Google Sans Text","Google Sans",Roboto,Arial,sans-serif)}.UywwFc-LgbsSe:hover .UywwFc-vQzf8d{color:var(--gm3-button-filled-hover-label-text-color,var(--gm3-sys-color-on-primary,#fff))}.UywwFc-LgbsSe:focus-visible .UywwFc-vQzf8d{color:var(--gm3-button-filled-focus-label-text-color,var(--gm3-sys-color-on-primary,#fff))}.UywwFc-LgbsSe:active .UywwFc-vQzf8d{color:var(--gm3-button-filled-pressed-label-text-color,var(--gm3-sys-color-on-primary,#fff))}.UywwFc-LgbsSe:disabled .UywwFc-vQzf8d{color:var(--gm3-button-filled-disabled-label-text-color,rgba(var(--gm3-sys-color-on-surface-rgb,31,31,31),.38))}.UywwFc-LgbsSe-OWXEXe-zcdHbf .UywwFc-vQzf8d{white-space:nowrap;text-overflow:ellipsis;overflow:hidden}.UywwFc-LgbsSe-OWXEXe-Bz112c-M1Soyc{-webkit-padding-start:var(--gm3-button-filled-with-leading-icon-leading-space,16px);padding-inline-start:var(--gm3-button-filled-with-leading-icon-leading-space,16px);-webkit-padding-end:var(--gm3-button-filled-with-leading-icon-trailing-space,24px);padding-inline-end:var(--gm3-button-filled-with-leading-icon-trailing-space,24px)}.UywwFc-LgbsSe-OWXEXe-Bz112c-M1Soyc .UywwFc-kBDsod-Rtc0Jf i,.UywwFc-LgbsSe-OWXEXe-Bz112c-M1Soyc .UywwFc-kBDsod-Rtc0Jf img,.UywwFc-LgbsSe-OWXEXe-Bz112c-M1Soyc .UywwFc-kBDsod-Rtc0Jf svg{-webkit-margin-end:var(--gm3-button-filled-with-icon-icon-label-space,8px);margin-inline-end:var(--gm3-button-filled-with-icon-icon-label-space,8px)}.UywwFc-LgbsSe-OWXEXe-Bz112c-UbuQg{-webkit-padding-start:var(--gm3-button-filled-with-trailing-icon-leading-space,24px);padding-inline-start:var(--gm3-button-filled-with-trailing-icon-leading-space,24px);-webkit-padding-end:var(--gm3-button-filled-with-trailing-icon-trailing-space,16px);padding-inline-end:var(--gm3-button-filled-with-trailing-icon-trailing-space,16px)}.UywwFc-LgbsSe-OWXEXe-Bz112c-UbuQg .UywwFc-kBDsod-Rtc0Jf i,.UywwFc-LgbsSe-OWXEXe-Bz112c-UbuQg .UywwFc-kBDsod-Rtc0Jf img,.UywwFc-LgbsSe-OWXEXe-Bz112c-UbuQg .UywwFc-kBDsod-Rtc0Jf svg{-webkit-margin-start:var(--gm3-button-filled-with-icon-icon-label-space,8px);margin-inline-start:var(--gm3-button-filled-with-icon-icon-label-space,8px)}.UywwFc-kBDsod-Rtc0Jf{display:none;position:relative;line-height:0;color:var(--gm3-button-filled-with-icon-icon-color,var(--gm3-sys-color-on-primary,#fff))}.UywwFc-kBDsod-Rtc0Jf i,.UywwFc-kBDsod-Rtc0Jf img,.UywwFc-kBDsod-Rtc0Jf svg{display:inline-flex;position:relative;direction:inherit;color:inherit;font-size:var(--gm3-button-filled-with-icon-icon-size,18px);inline-size:var(--gm3-button-filled-with-icon-icon-size,18px);block-size:var(--gm3-button-filled-with-icon-icon-size,18px)}.UywwFc-LgbsSe:hover .UywwFc-kBDsod-Rtc0Jf{color:var(--gm3-button-filled-with-icon-hover-icon-color,var(--gm3-sys-color-on-primary,#fff))}.UywwFc-LgbsSe:focus-visible .UywwFc-kBDsod-Rtc0Jf{color:var(--gm3-button-filled-with-icon-focus-icon-color,var(--gm3-sys-color-on-primary,#fff))}.UywwFc-LgbsSe:active .UywwFc-kBDsod-Rtc0Jf{color:var(--gm3-button-filled-with-icon-pressed-icon-color,var(--gm3-sys-color-on-primary,#fff))}.UywwFc-LgbsSe:disabled .UywwFc-kBDsod-Rtc0Jf{color:var(--gm3-button-filled-with-icon-disabled-icon-color,rgba(var(--gm3-sys-color-on-surface-rgb,31,31,31),.38))}[dir=rtl] .UywwFc-LgbsSe-OWXEXe-drxrmf-Bz112c .UywwFc-kBDsod-Rtc0Jf,.UywwFc-LgbsSe-OWXEXe-drxrmf-Bz112c .UywwFc-kBDsod-Rtc0Jf[dir=rtl]{transform:scaleX(-1)}.UywwFc-LgbsSe-OWXEXe-Bz112c-M1Soyc .UywwFc-kBDsod-Rtc0Jf-OWXEXe-M1Soyc,.UywwFc-LgbsSe-OWXEXe-Bz112c-UbuQg .UywwFc-kBDsod-Rtc0Jf-OWXEXe-UbuQg{display:inline-flex}.UywwFc-mRLv6{position:absolute;inset:0}.UywwFc-LgbsSe-OWXEXe-dgl2Hf{margin-block:max((48px - var(--gm3-button-filled-container-height,40px))/2,0px)}.UywwFc-RLmnJb{position:absolute;inline-size:max(48px,100%);block-size:max(48px,100%);inset:unset;top:50%;left:50%;transform:translate(-50%,-50%)}.UywwFc-LgbsSe{will-change:transform,opacity;background-color:var(--gm3-button-filled-container-color,var(--gm3-sys-color-primary,#0b57d0));--gm3-elevation-level:var(--gm3-button-filled-container-elevation,0);--gm3-elevation-shadow-color:var(--gm3-button-filled-container-shadow-color,var(--gm3-sys-color-shadow,#000))}.UywwFc-LgbsSe:hover{--gm3-elevation-level:var(--gm3-button-filled-hover-container-elevation,1)}.UywwFc-LgbsSe:focus-visible{--gm3-elevation-level:var(--gm3-button-filled-focus-container-elevation,0)}.UywwFc-LgbsSe:active{--gm3-elevation-level:var(--gm3-button-filled-pressed-container-elevation,0)}.UywwFc-LgbsSe:disabled{background-color:var(--gm3-button-filled-disabled-container-color,rgba(var(--gm3-sys-color-on-surface-rgb,31,31,31),.12));--gm3-elevation-level:var(--gm3-button-filled-disabled-container-elevation,0)}.UywwFc-LgbsSe::before{content:"";pointer-events:none;position:absolute;inset:0;border-radius:inherit;border:1px solid transparent}@media (forced-colors:active){.UywwFc-LgbsSe:has(.UywwFc-mRLv6)::before{border-color:LinkText}}@media (forced-colors:active){.UywwFc-LgbsSe:has(.UywwFc-mRLv6) .UywwFc-vQzf8d,.UywwFc-LgbsSe:has(.UywwFc-mRLv6) .UywwFc-kBDsod-Rtc0Jf{color:LinkText}}@media (forced-colors:active){.UywwFc-LgbsSe:disabled::before{border-color:GrayText}}@media (forced-colors:active){.UywwFc-StrnGf-YYd4I-VtOx3e::before{border-color:CanvasText}}.AeBiU-LgbsSe{display:inline-flex;position:relative;align-items:center;justify-content:center;box-sizing:border-box;border:none;outline:none;background:transparent;-webkit-appearance:none;appearance:none;line-height:inherit;text-rendering:inherit;user-select:none;vertical-align:middle;cursor:pointer;min-inline-size:var(--gm3-button-outlined-container-min-width,64px);padding-block:0;-webkit-padding-start:var(--gm3-button-outlined-leading-space,24px);padding-inline-start:var(--gm3-button-outlined-leading-space,24px);-webkit-padding-end:var(--gm3-button-outlined-trailing-space,24px);padding-inline-end:var(--gm3-button-outlined-trailing-space,24px);block-size:var(--gm3-button-outlined-container-height,40px);border-radius:var(--gm3-button-outlined-container-shape,9999px);--gm3-ripple-hover-color:var(--gm3-button-outlined-hover-state-layer-color,var(--gm3-sys-color-primary,#0b57d0));--gm3-ripple-hover-opacity:var(--gm3-button-outlined-hover-state-layer-opacity,0.08);--gm3-ripple-pressed-color:var(--gm3-button-outlined-hover-state-layer-color,var(--gm3-sys-color-primary,#0b57d0));--gm3-ripple-pressed-opacity:var(--gm3-button-outlined-pressed-state-layer-opacity,0.1);--gm3-focus-ring-outward-color:var(--gm3-button-outlined-focus-indicator-color,var(--gm3-sys-color-secondary,#00639b));--gm3-focus-ring-outward-offset:var(--gm3-button-outlined-focus-indicator-outline-offset,2px);--gm3-focus-ring-outward-track-width:var(--gm3-button-outlined-focus-indicator-thickness,3px);--gm3-focus-ring-outward-target-shape-start-start:var(--gm3-button-outlined-container-shape,9999px);--gm3-focus-ring-outward-target-shape-start-end:var(--gm3-button-outlined-container-shape,9999px);--gm3-focus-ring-outward-target-shape-end-end:var(--gm3-button-outlined-container-shape,9999px);--gm3-focus-ring-outward-target-shape-end-start:var(--gm3-button-outlined-container-shape,9999px)}.AeBiU-mRLv6:focus-visible{outline:none}.AeBiU-LgbsSe:focus-visible,.AeBiU-mRLv6:focus-visible~.AeBiU-UHGRz{--gm3-focus-ring-outward-display:block}.AeBiU-LgbsSe:disabled{cursor:default;pointer-events:none;--gm3-ripple-hover-opacity:0;--gm3-ripple-pressed-opacity:0}.AeBiU-LgbsSe-OWXEXe-SfQLQb-suEOdc:disabled{pointer-events:auto}.AeBiU-LgbsSe[hidden]{display:none}.AeBiU-vQzf8d{position:relative;text-align:center;color:var(--gm3-button-outlined-label-text-color,var(--gm3-sys-color-primary,#0b57d0));font-size:var(--gm3-button-outlined-label-text-size,.875rem);font-family:var(--gm3-button-outlined-label-text-font,"Google Sans",Roboto,Arial,sans-serif);font-weight:var(--gm3-button-outlined-label-text-weight,500);letter-spacing:var(--gm3-button-outlined-label-text-tracking,0);-webkit-text-decoration:var(--gm3-button-outlined-label-text-decoration,none);text-decoration:var(--gm3-button-outlined-label-text-decoration,none);font-variation-settings:var(--gm3-button-outlined-label-text-font-variation-settings,initial)}.AeBiU-kSE8rc-FoKg4d-sLO9V-YoZ4jf .AeBiU-vQzf8d{font-family:var(--gm3-button-outlined-label-text-font,"Google Sans Flex","Google Sans Text","Google Sans",Roboto,Arial,sans-serif)}.AeBiU-LgbsSe:hover .AeBiU-vQzf8d{color:var(--gm3-button-outlined-hover-label-text-color,var(--gm3-sys-color-primary,#0b57d0))}.AeBiU-LgbsSe:focus-visible .AeBiU-vQzf8d{color:var(--gm3-button-outlined-focus-label-text-color,var(--gm3-sys-color-primary,#0b57d0))}.AeBiU-LgbsSe:active .AeBiU-vQzf8d{color:var(--gm3-button-outlined-pressed-label-text-color,var(--gm3-sys-color-primary,#0b57d0))}.AeBiU-LgbsSe:disabled .AeBiU-vQzf8d{color:var(--gm3-button-outlined-disabled-label-text-color,rgba(var(--gm3-sys-color-on-surface-rgb,31,31,31),.38))}.AeBiU-LgbsSe-OWXEXe-zcdHbf .AeBiU-vQzf8d{white-space:nowrap;text-overflow:ellipsis;overflow:hidden}.AeBiU-LgbsSe-OWXEXe-Bz112c-M1Soyc{-webkit-padding-start:var(--gm3-button-outlined-with-leading-icon-leading-space,16px);padding-inline-start:var(--gm3-button-outlined-with-leading-icon-leading-space,16px);-webkit-padding-end:var(--gm3-button-outlined-with-leading-icon-trailing-space,24px);padding-inline-end:var(--gm3-button-outlined-with-leading-icon-trailing-space,24px)}.AeBiU-LgbsSe-OWXEXe-Bz112c-M1Soyc .AeBiU-kBDsod-Rtc0Jf i,.AeBiU-LgbsSe-OWXEXe-Bz112c-M1Soyc .AeBiU-kBDsod-Rtc0Jf img,.AeBiU-LgbsSe-OWXEXe-Bz112c-M1Soyc .AeBiU-kBDsod-Rtc0Jf svg{-webkit-margin-end:var(--gm3-button-outlined-with-icon-icon-label-space,8px);margin-inline-end:var(--gm3-button-outlined-with-icon-icon-label-space,8px)}.AeBiU-LgbsSe-OWXEXe-Bz112c-UbuQg{-webkit-padding-start:var(--gm3-button-outlined-with-trailing-icon-leading-space,24px);padding-inline-start:var(--gm3-button-outlined-with-trailing-icon-leading-space,24px);-webkit-padding-end:var(--gm3-button-outlined-with-trailing-icon-trailing-space,16px);padding-inline-end:var(--gm3-button-outlined-with-trailing-icon-trailing-space,16px)}.AeBiU-LgbsSe-OWXEXe-Bz112c-UbuQg .AeBiU-kBDsod-Rtc0Jf i,.AeBiU-LgbsSe-OWXEXe-Bz112c-UbuQg .AeBiU-kBDsod-Rtc0Jf img,.AeBiU-LgbsSe-OWXEXe-Bz112c-UbuQg .AeBiU-kBDsod-Rtc0Jf svg{-webkit-margin-start:var(--gm3-button-outlined-with-icon-icon-label-space,8px);margin-inline-start:var(--gm3-button-outlined-with-icon-icon-label-space,8px)}.AeBiU-kBDsod-Rtc0Jf{display:none;position:relative;line-height:0;color:var(--gm3-button-outlined-with-icon-icon-color,var(--gm3-sys-color-primary,#0b57d0))}.AeBiU-kBDsod-Rtc0Jf i,.AeBiU-kBDsod-Rtc0Jf img,.AeBiU-kBDsod-Rtc0Jf svg{display:inline-flex;position:relative;direction:inherit;color:inherit;font-size:var(--gm3-button-outlined-with-icon-icon-size,18px);inline-size:var(--gm3-button-outlined-with-icon-icon-size,18px);block-size:var(--gm3-button-outlined-with-icon-icon-size,18px)}.AeBiU-LgbsSe:hover .AeBiU-kBDsod-Rtc0Jf{color:var(--gm3-button-outlined-with-icon-hover-icon-color,var(--gm3-sys-color-primary,#0b57d0))}.AeBiU-LgbsSe:focus-visible .AeBiU-kBDsod-Rtc0Jf{color:var(--gm3-button-outlined-with-icon-focus-icon-color,var(--gm3-sys-color-primary,#0b57d0))}.AeBiU-LgbsSe:active .AeBiU-kBDsod-Rtc0Jf{color:var(--gm3-button-outlined-with-icon-pressed-icon-color,var(--gm3-sys-color-primary,#0b57d0))}.AeBiU-LgbsSe:disabled .AeBiU-kBDsod-Rtc0Jf{color:var(--gm3-button-outlined-with-icon-disabled-icon-color,rgba(var(--gm3-sys-color-on-surface-rgb,31,31,31),.38))}[dir=rtl] .AeBiU-LgbsSe-OWXEXe-drxrmf-Bz112c .AeBiU-kBDsod-Rtc0Jf,.AeBiU-LgbsSe-OWXEXe-drxrmf-Bz112c .AeBiU-kBDsod-Rtc0Jf[dir=rtl]{transform:scaleX(-1)}.AeBiU-LgbsSe-OWXEXe-Bz112c-M1Soyc .AeBiU-kBDsod-Rtc0Jf-OWXEXe-M1Soyc,.AeBiU-LgbsSe-OWXEXe-Bz112c-UbuQg .AeBiU-kBDsod-Rtc0Jf-OWXEXe-UbuQg{display:inline-flex}.AeBiU-mRLv6{position:absolute;inset:0}.AeBiU-LgbsSe-OWXEXe-dgl2Hf{margin-block:max((48px - var(--gm3-button-outlined-container-height,40px))/2,0px)}.AeBiU-RLmnJb{position:absolute;inline-size:max(48px,100%);block-size:max(48px,100%);inset:unset;top:50%;left:50%;transform:translate(-50%,-50%)}.AeBiU-LgbsSe{border-style:solid;border-width:var(--gm3-button-outlined-outline-width,1px);border-color:var(--gm3-button-outlined-outline-color,var(--gm3-sys-color-outline,#747775));--gm3-focus-ring-outward-offset:calc(var(--gm3-button-outlined-focus-indicator-outline-offset, 2px) + var(--gm3-button-outlined-outline-width, 1px));--gm3-focus-ring-outward-target-shape-start-start:calc(var(--gm3-button-outlined-container-shape, 9999px) - var(--gm3-button-outlined-outline-width, 1px));--gm3-focus-ring-outward-target-shape-start-end:calc(var(--gm3-button-outlined-container-shape, 9999px) - var(--gm3-button-outlined-outline-width, 1px));--gm3-focus-ring-outward-target-shape-end-end:calc(var(--gm3-button-outlined-container-shape, 9999px) - var(--gm3-button-outlined-outline-width, 1px));--gm3-focus-ring-outward-target-shape-end-start:calc(var(--gm3-button-outlined-container-shape, 9999px) - var(--gm3-button-outlined-outline-width, 1px))}@media (forced-colors:active){.AeBiU-LgbsSe:has(.AeBiU-mRLv6){border-color:LinkText}}@media (forced-colors:active){.AeBiU-LgbsSe:has(.AeBiU-mRLv6) .AeBiU-vQzf8d,.AeBiU-LgbsSe:has(.AeBiU-mRLv6) .AeBiU-kBDsod-Rtc0Jf{color:LinkText}}.AeBiU-LgbsSe:hover{border-color:var(--gm3-button-outlined-hover-outline-color,var(--gm3-sys-color-outline,#747775))}.AeBiU-LgbsSe:focus-visible{border-color:var(--gm3-button-outlined-focus-outline-color,var(--gm3-sys-color-primary,#0b57d0))}.AeBiU-LgbsSe:active{border-color:var(--gm3-button-outlined-pressed-outline-color,var(--gm3-sys-color-outline,#747775))}.AeBiU-LgbsSe:disabled{border-color:var(--gm3-button-outlined-disabled-outline-color,rgba(var(--gm3-sys-color-on-surface-rgb,31,31,31),.12))}@media (forced-colors:active){.AeBiU-LgbsSe:disabled{border-color:GrayText}}.AeBiU-RLmnJb{inline-size:max(48px,100% + var(--gm3-button-outlined-outline-width,1px) * 2)}.FOBRw-LgbsSe{display:inline-flex;position:relative;align-items:center;justify-content:center;box-sizing:border-box;border:none;outline:none;background:transparent;-webkit-appearance:none;appearance:none;line-height:inherit;text-rendering:inherit;user-select:none;vertical-align:middle;cursor:pointer;min-inline-size:var(--gm3-button-filled-tonal-container-min-width,64px);padding-block:0;-webkit-padding-start:var(--gm3-button-filled-tonal-leading-space,24px);padding-inline-start:var(--gm3-button-filled-tonal-leading-space,24px);-webkit-padding-end:var(--gm3-button-filled-tonal-trailing-space,24px);padding-inline-end:var(--gm3-button-filled-tonal-trailing-space,24px);block-size:var(--gm3-button-filled-tonal-container-height,40px);border-radius:var(--gm3-button-filled-tonal-container-shape,9999px);--gm3-ripple-hover-color:var(--gm3-button-filled-tonal-hover-state-layer-color,var(--gm3-sys-color-on-secondary-container,#001d35));--gm3-ripple-hover-opacity:var(--gm3-button-filled-tonal-hover-state-layer-opacity,0.08);--gm3-ripple-pressed-color:var(--gm3-button-filled-tonal-hover-state-layer-color,var(--gm3-sys-color-on-secondary-container,#001d35));--gm3-ripple-pressed-opacity:var(--gm3-button-filled-tonal-pressed-state-layer-opacity,0.1);--gm3-focus-ring-outward-color:var(--gm3-button-filled-tonal-focus-indicator-color,var(--gm3-sys-color-secondary,#00639b));--gm3-focus-ring-outward-offset:var(--gm3-button-filled-tonal-focus-indicator-outline-offset,2px);--gm3-focus-ring-outward-track-width:var(--gm3-button-filled-tonal-focus-indicator-thickness,3px);--gm3-focus-ring-outward-target-shape-start-start:var(--gm3-button-filled-tonal-container-shape,9999px);--gm3-focus-ring-outward-target-shape-start-end:var(--gm3-button-filled-tonal-container-shape,9999px);--gm3-focus-ring-outward-target-shape-end-end:var(--gm3-button-filled-tonal-container-shape,9999px);--gm3-focus-ring-outward-target-shape-end-start:var(--gm3-button-filled-tonal-container-shape,9999px)}.FOBRw-mRLv6:focus-visible{outline:none}.FOBRw-LgbsSe:focus-visible,.FOBRw-mRLv6:focus-visible~.FOBRw-UHGRz{--gm3-focus-ring-outward-display:block}.FOBRw-LgbsSe:disabled{cursor:default;pointer-events:none;--gm3-ripple-hover-opacity:0;--gm3-ripple-pressed-opacity:0}.FOBRw-LgbsSe-OWXEXe-SfQLQb-suEOdc:disabled{pointer-events:auto}.FOBRw-LgbsSe[hidden]{display:none}.FOBRw-vQzf8d{position:relative;text-align:center;color:var(--gm3-button-filled-tonal-label-text-color,var(--gm3-sys-color-on-secondary-container,#001d35));font-size:var(--gm3-button-filled-tonal-label-text-size,.875rem);font-family:var(--gm3-button-filled-tonal-label-text-font,"Google Sans",Roboto,Arial,sans-serif);font-weight:var(--gm3-button-filled-tonal-label-text-weight,500);letter-spacing:var(--gm3-button-filled-tonal-label-text-tracking,0);-webkit-text-decoration:var(--gm3-button-filled-tonal-label-text-decoration,none);text-decoration:var(--gm3-button-filled-tonal-label-text-decoration,none);font-variation-settings:var(--gm3-button-filled-tonal-label-text-font-variation-settings,initial)}.FOBRw-kSE8rc-FoKg4d-sLO9V-YoZ4jf .FOBRw-vQzf8d{font-family:var(--gm3-button-filled-tonal-label-text-font,"Google Sans Flex","Google Sans Text","Google Sans",Roboto,Arial,sans-serif)}.FOBRw-LgbsSe:hover .FOBRw-vQzf8d{color:var(--gm3-button-filled-tonal-hover-label-text-color,var(--gm3-sys-color-on-secondary-container,#001d35))}.FOBRw-LgbsSe:focus-visible .FOBRw-vQzf8d{color:var(--gm3-button-filled-tonal-focus-label-text-color,var(--gm3-sys-color-on-secondary-container,#001d35))}.FOBRw-LgbsSe:active .FOBRw-vQzf8d{color:var(--gm3-button-filled-tonal-pressed-label-text-color,var(--gm3-sys-color-on-secondary-container,#001d35))}.FOBRw-LgbsSe:disabled .FOBRw-vQzf8d{color:var(--gm3-button-filled-tonal-disabled-label-text-color,rgba(var(--gm3-sys-color-on-surface-rgb,31,31,31),.38))}.FOBRw-LgbsSe-OWXEXe-zcdHbf .FOBRw-vQzf8d{white-space:nowrap;text-overflow:ellipsis;overflow:hidden}.FOBRw-LgbsSe-OWXEXe-Bz112c-M1Soyc{-webkit-padding-start:var(--gm3-button-filled-tonal-with-leading-icon-leading-space,16px);padding-inline-start:var(--gm3-button-filled-tonal-with-leading-icon-leading-space,16px);-webkit-padding-end:var(--gm3-button-filled-tonal-with-leading-icon-trailing-space,24px);padding-inline-end:var(--gm3-button-filled-tonal-with-leading-icon-trailing-space,24px)}.FOBRw-LgbsSe-OWXEXe-Bz112c-M1Soyc .FOBRw-kBDsod-Rtc0Jf i,.FOBRw-LgbsSe-OWXEXe-Bz112c-M1Soyc .FOBRw-kBDsod-Rtc0Jf img,.FOBRw-LgbsSe-OWXEXe-Bz112c-M1Soyc .FOBRw-kBDsod-Rtc0Jf svg{-webkit-margin-end:var(--gm3-button-filled-tonal-with-icon-icon-label-space,8px);margin-inline-end:var(--gm3-button-filled-tonal-with-icon-icon-label-space,8px)}.FOBRw-LgbsSe-OWXEXe-Bz112c-UbuQg{-webkit-padding-start:var(--gm3-button-filled-tonal-with-trailing-icon-leading-space,24px);padding-inline-start:var(--gm3-button-filled-tonal-with-trailing-icon-leading-space,24px);-webkit-padding-end:var(--gm3-button-filled-tonal-with-trailing-icon-trailing-space,16px);padding-inline-end:var(--gm3-button-filled-tonal-with-trailing-icon-trailing-space,16px)}.FOBRw-LgbsSe-OWXEXe-Bz112c-UbuQg .FOBRw-kBDsod-Rtc0Jf i,.FOBRw-LgbsSe-OWXEXe-Bz112c-UbuQg .FOBRw-kBDsod-Rtc0Jf img,.FOBRw-LgbsSe-OWXEXe-Bz112c-UbuQg .FOBRw-kBDsod-Rtc0Jf svg{-webkit-margin-start:var(--gm3-button-filled-tonal-with-icon-icon-label-space,8px);margin-inline-start:var(--gm3-button-filled-tonal-with-icon-icon-label-space,8px)}.FOBRw-kBDsod-Rtc0Jf{display:none;position:relative;line-height:0;color:var(--gm3-button-filled-tonal-with-icon-icon-color,var(--gm3-sys-color-on-secondary-container,#001d35))}.FOBRw-kBDsod-Rtc0Jf i,.FOBRw-kBDsod-Rtc0Jf img,.FOBRw-kBDsod-Rtc0Jf svg{display:inline-flex;position:relative;direction:inherit;color:inherit;font-size:var(--gm3-button-filled-tonal-with-icon-icon-size,18px);inline-size:var(--gm3-button-filled-tonal-with-icon-icon-size,18px);block-size:var(--gm3-button-filled-tonal-with-icon-icon-size,18px)}.FOBRw-LgbsSe:hover .FOBRw-kBDsod-Rtc0Jf{color:var(--gm3-button-filled-tonal-with-icon-hover-icon-color,var(--gm3-sys-color-on-secondary-container,#001d35))}.FOBRw-LgbsSe:focus-visible .FOBRw-kBDsod-Rtc0Jf{color:var(--gm3-button-filled-tonal-with-icon-focus-icon-color,var(--gm3-sys-color-on-secondary-container,#001d35))}.FOBRw-LgbsSe:active .FOBRw-kBDsod-Rtc0Jf{color:var(--gm3-button-filled-tonal-with-icon-pressed-icon-color,var(--gm3-sys-color-on-secondary-container,#001d35))}.FOBRw-LgbsSe:disabled .FOBRw-kBDsod-Rtc0Jf{color:var(--gm3-button-filled-tonal-with-icon-disabled-icon-color,rgba(var(--gm3-sys-color-on-surface-rgb,31,31,31),.38))}[dir=rtl] .FOBRw-LgbsSe-OWXEXe-drxrmf-Bz112c .FOBRw-kBDsod-Rtc0Jf,.FOBRw-LgbsSe-OWXEXe-drxrmf-Bz112c .FOBRw-kBDsod-Rtc0Jf[dir=rtl]{transform:scaleX(-1)}.FOBRw-LgbsSe-OWXEXe-Bz112c-M1Soyc .FOBRw-kBDsod-Rtc0Jf-OWXEXe-M1Soyc,.FOBRw-LgbsSe-OWXEXe-Bz112c-UbuQg .FOBRw-kBDsod-Rtc0Jf-OWXEXe-UbuQg{display:inline-flex}.FOBRw-mRLv6{position:absolute;inset:0}.FOBRw-LgbsSe-OWXEXe-dgl2Hf{margin-block:max((48px - var(--gm3-button-filled-tonal-container-height,40px))/2,0px)}.FOBRw-RLmnJb{position:absolute;inline-size:max(48px,100%);block-size:max(48px,100%);inset:unset;top:50%;left:50%;transform:translate(-50%,-50%)}.FOBRw-LgbsSe{will-change:transform,opacity;background-color:var(--gm3-button-filled-tonal-container-color,var(--gm3-sys-color-secondary-container,#c2e7ff));--gm3-elevation-level:var(--gm3-button-filled-tonal-container-elevation,0);--gm3-elevation-shadow-color:var(--gm3-button-filled-tonal-container-shadow-color,var(--gm3-sys-color-shadow,#000))}.FOBRw-LgbsSe:hover{--gm3-elevation-level:var(--gm3-button-filled-tonal-hover-container-elevation,1)}.FOBRw-LgbsSe:focus-visible{--gm3-elevation-level:var(--gm3-button-filled-tonal-focus-container-elevation,0)}.FOBRw-LgbsSe:active{--gm3-elevation-level:var(--gm3-button-filled-tonal-pressed-container-elevation,0)}.FOBRw-LgbsSe:disabled{background-color:var(--gm3-button-filled-tonal-disabled-container-color,rgba(var(--gm3-sys-color-on-surface-rgb,31,31,31),.12));--gm3-elevation-level:var(--gm3-button-filled-tonal-disabled-container-elevation,0)}.FOBRw-LgbsSe::before{content:"";pointer-events:none;position:absolute;inset:0;border-radius:inherit;border:1px solid transparent}@media (forced-colors:active){.FOBRw-LgbsSe:has(.FOBRw-mRLv6)::before{border-color:LinkText}}@media (forced-colors:active){.FOBRw-LgbsSe:has(.FOBRw-mRLv6) .FOBRw-vQzf8d,.FOBRw-LgbsSe:has(.FOBRw-mRLv6) .FOBRw-kBDsod-Rtc0Jf{color:LinkText}}@media (forced-colors:active){.FOBRw-LgbsSe:disabled::before{border-color:GrayText}}@media (forced-colors:active){.FOBRw-StrnGf-YYd4I-VtOx3e::before{border-color:CanvasText}}.iHd3uf{display:inline-flex}.iHd3uf.eLNT1d{display:none}.ceOhk,.WyRBD,.Xq56fd,.hy0HVb{min-height:40px;margin-block:max((48px - 40px)/2,0px)}@media (-ms-high-contrast:active),screen and (forced-colors:active){.Mauo7{border:1px solid CanvasText}}.ceOhk{--gm3-button-filled-container-height:auto;--gm3-button-filled-container-shape:20px;--gm3-button-filled-label-text-weight:var(--c-afwt,500)}.WyRBD{--gm3-button-outlined-container-height:auto;--gm3-button-outlined-container-shape:20px;--gm3-button-outlined-label-text-weight:var(--c-afwt,500)}.Xq56fd{--gm3-button-text-container-height:auto;--gm3-button-text-container-shape:20px;--gm3-button-text-label-text-weight:var(--c-afwt,500)}.hy0HVb{--gm3-button-filled-tonal-container-height:auto;--gm3-button-filled-tonal-container-shape:20px;--gm3-button-filled-tonal-label-text-weight:var(--c-afwt,500)}.NAHnJe:not(:first-child){margin-top:8px}.NAHnJe:not(:last-child){margin-bottom:8px}.NAHnJe.Jj6Lae{--gm3-radio-selected-focus-icon-color:var(--gm3-sys-color-error,#b3261e);--gm3-radio-selected-hover-icon-color:var(--gm3-sys-color-error,#b3261e);--gm3-radio-selected-hover-state-layer-color:var(--gm3-sys-color-error,#b3261e);--gm3-radio-selected-icon-color:var(--gm3-sys-color-error,#b3261e);--gm3-radio-selected-pressed-icon-color:var(--gm3-sys-color-error,#b3261e);--gm3-radio-selected-pressed-state-layer-color:var(--gm3-sys-color-error,#b3261e);--gm3-radio-unselected-focus-icon-color:var(--gm3-sys-color-error,#b3261e);--gm3-radio-unselected-hover-icon-color:var(--gm3-sys-color-error,#b3261e);--gm3-radio-unselected-hover-state-layer-color:var(--gm3-sys-color-error,#b3261e);--gm3-radio-unselected-icon-color:var(--gm3-sys-color-error,#b3261e);--gm3-radio-unselected-pressed-icon-color:var(--gm3-sys-color-error,#b3261e);--gm3-radio-unselected-pressed-state-layer-color:var(--gm3-sys-color-error,#b3261e);--gm3-checkbox-selected-container-color:var(--gm3-sys-color-error,#b3261e);--gm3-checkbox-selected-hover-container-color:var(--gm3-sys-color-error,#b3261e);--gm3-checkbox-selected-hover-state-layer-color:var(--gm3-sys-color-error,#b3261e);--gm3-checkbox-selected-pressed-container-color:var(--gm3-sys-color-error,#b3261e);--gm3-checkbox-selected-pressed-icon-color:var(--gm3-sys-color-error,#b3261e);--gm3-checkbox-selected-pressed-state-layer-color:var(--gm3-sys-color-error,#b3261e);--gm3-checkbox-unselected-hover-outline-color:var(--gm3-sys-color-error,#b3261e);--gm3-checkbox-unselected-hover-state-layer-color:var(--gm3-sys-color-error,#b3261e);--gm3-checkbox-unselected-outline-color:var(--gm3-sys-color-error,#b3261e);--gm3-checkbox-unselected-pressed-state-layer-color:var(--gm3-sys-color-error,#b3261e)}.wClb9e{color:var(--gm3-sys-color-on-surface,#1f1f1f);margin-bottom:8px;font-family:Google Sans,Roboto,Noto Sans Myanmar UI,Arial,sans-serif;font-weight:400;font-size:1rem;letter-spacing:0rem;line-height:1.5rem}.XQGu9e{padding-bottom:16px;padding-left:16px;padding-right:16px}.eoX0T{width:100%}.gTwoD{align-items:flex-start;display:inline-flex;justify-content:space-between;padding:0;width:100%}.eoX0T.MyuJQe .gTwoD{align-items:center;display:flex}.lWCUk{background-color:var(--gm3-sys-color-surface-container,#f0f4f9);border-radius:4px;margin:2px 0}.lWCUk:first-child{margin-top:0;border-top-left-radius:20px;border-top-right-radius:20px}.lWCUk:last-child{margin-bottom:0;border-bottom-left-radius:20px;border-bottom-right-radius:20px}.lWCUk .lWCUk{background:var(--gm3-sys-color-surface-bright,#fff);border-radius:4px}.lWCUk .lWCUk:first-child{border-top-left-radius:16px;border-top-right-radius:16px}.lWCUk .lWCUk:last-child{border-bottom-left-radius:16px;border-bottom-right-radius:16px}.lWCUk>.gTwoD{padding-left:16px;padding-right:16px}.lWCUk>.gTwoD.NEk0Ve{padding-left:8px}.lWCUk>.gTwoD.zVkt0c{padding-left:4px}.lWCUk>.gTwoD.NEk0Ve.kS4AXe{padding-left:16px;padding-right:8px}.lWCUk>.gTwoD.zVkt0c.kS4AXe{padding-left:16px;padding-right:4px}.lWCUk>.gTwoD:has(.GnLI0e.o96OHc){padding-left:0}.lWCUk.MyuJQe{margin-bottom:4px;border-top-left-radius:9999px;border-top-right-radius:9999px;border-bottom-left-radius:9999px;border-bottom-right-radius:9999px}.GnLI0e{cursor:pointer;display:flex;flex-grow:1;padding:18px 0}.gTwoD.NEk0Ve .GnLI0e{margin-left:8px}.gTwoD.zVkt0c .GnLI0e{margin-left:4px}.gTwoD.kS4AXe .GnLI0e{margin-left:0}.GnLI0e:has(.sQ1LEb){padding-bottom:12px;padding-top:12px}.GnLI0e,.GnLI0e .XZVJqc{min-width:0;width:100%}.GnLI0e .XZVJqc{display:inline-block;flex-grow:1;text-align:left}.GnLI0e .kM29Gb{color:var(--gm3-sys-color-on-surface,#1f1f1f);font-family:Google Sans,Roboto,Noto Sans Myanmar UI,Arial,sans-serif;font-size:1rem;font-weight:400;letter-spacing:0rem;line-height:1.5rem}.GnLI0e .sQ1LEb{color:var(--gm3-sys-color-on-surface-variant,#444746);font-family:Google Sans,Roboto,Noto Sans Myanmar UI,Arial,sans-serif;font-size:0.875rem;font-weight:400;letter-spacing:0rem;line-height:1.25rem}.GnLI0e .kM29Gb,.GnLI0e .sQ1LEb{display:block;overflow:hidden;text-overflow:ellipsis;width:100%}.eoX0T.RDPZE>.gTwoD .GnLI0e:not(.o96OHc){cursor:default;opacity:0.38}.eoX0T.MyuJQe .GnLI0e{padding:14px 0}.eoX0T.MyuJQe .XZVJqc{padding:2px 0}.eoX0T.MyuJQe .kM29Gb{font-family:Google Sans,Roboto,Noto Sans Myanmar UI,Arial,sans-serif;font-weight:500;font-size:0.875rem;letter-spacing:0rem;line-height:1.25rem}.GnLI0e.o96OHc{background:transparent;border:0;color:inherit;justify-content:space-between;text-decoration:none;--gm3-focus-ring-outward-target-shape-start-start:4px;--gm3-focus-ring-outward-target-shape-start-end:4px;--gm3-focus-ring-outward-target-shape-end-end:4px;--gm3-focus-ring-outward-target-shape-end-start:4px}.GnLI0e.o96OHc{position:relative}.GnLI0e.o96OHc::before{background:var(--gm3-sys-color-on-surface,#1f1f1f);content:"";opacity:0;position:absolute;pointer-events:none}.GnLI0e.o96OHc:hover::before{opacity:0.08}.GnLI0e.o96OHc:focus:not(:hover)::before,.GnLI0e.o96OHc.u3bW4e::before{opacity:0.1}.GnLI0e.o96OHc:active::before,.GnLI0e.o96OHc.qs41qe::before{opacity:0.1}.GnLI0e.o96OHc::before{border-radius:4px;height:100%;left:-16px;right:0;top:0}.GnLI0e.o96OHc:focus:not(:hover)::before,.GnLI0e.o96OHc.u3bW4e::before{display:none}.GnLI0e.o96OHc:focus-visible{outline:none;--gm3-focus-ring-outward-display:block}.lWCUk .GnLI0e.o96OHc{padding-left:16px}.lWCUk .GnLI0e.o96OHc::before{left:0}.GnLI0e.o96OHc:has(.sQ1LEb){padding-bottom:12px;padding-top:12px}.eoX0T:first-of-type .GnLI0e.o96OHc{--gm3-focus-ring-outward-target-shape-start-start:20px}.eoX0T:first-of-type .GnLI0e.o96OHc::before{border-top-left-radius:20px}.eoX0T:last-of-type .GnLI0e.o96OHc{--gm3-focus-ring-outward-target-shape-end-start:20px}.eoX0T:last-of-type .GnLI0e.o96OHc::before{border-bottom-left-radius:20px}.GnLI0e.o96OHc::after{background:var(--gm3-sys-color-outline,#747775);content:"";display:block;height:40px;position:absolute;right:0;top:11px;width:1px}.gTwoD.NEk0Ve .GnLI0e.o96OHc{margin-right:8px}.gTwoD.zVkt0c .GnLI0e.o96OHc{margin-right:4px}.GnLI0e:has(.sQ1LEb).o96OHc::after{position:relative;top:calc(1.375rem - 20px)}.UjRYsb{color:var(--gm3-sys-color-on-surface-variant,#444746);min-height:24px;min-width:24px;position:relative;top:-1px}.eoX0T .UjRYsb{margin-left:16px}.gTwoD.kS4AXe .UjRYsb{margin-left:0;margin-right:16px}.uxn3Pd{fill:var(--gm3-sys-color-on-surface,#1f1f1f);margin-right:16px;min-height:24px;min-width:24px;position:relative}.GnLI0e:has(.sQ1LEb)>.UjRYsb,.GnLI0e:has(.sQ1LEb)>.uxn3Pd{position:relative;top:calc((2.75rem - 24px)/2)}.xCCdfe{position:relative}.eoX0T:not(.MyuJQe) .xCCdfe.NEk0Ve{top:calc(18px - ((40px - 1.5rem)/2))}.xCCdfe.zVkt0c{top:calc(18px - ((48px - 1.5rem)/2))}.xCCdfe.Msforc{padding-left:16px;top:calc(18px - ((32px - 1.5rem)/2))}.gTwoD:has(.sQ1LEb) .xCCdfe.NEk0Ve{position:relative;top:calc(1.375rem - 10px)}.gTwoD:has(.sQ1LEb) .xCCdfe.zVkt0c{position:relative;top:calc(1.375rem - 12px)}.gTwoD:has(.sQ1LEb) .xCCdfe.Msforc{padding-top:12px;position:relative;top:calc(1.375rem - 16px)}.A2WLNb{background:var(--gm3-sys-color-surface-container,#f0f4f9);border-radius:28px;margin:8px 0}.A2WLNb.jVwmLb{border-radius:20px;padding-bottom:0}.A2WLNb .WKpdi{flex-grow:1}.A2WLNb .lWCUk{background:var(--gm3-sys-color-surface-bright,#fff);border-radius:4px}.A2WLNb .lWCUk:first-child{border-top-left-radius:16px;border-top-right-radius:16px}.A2WLNb .lWCUk:last-child{border-bottom-left-radius:16px;border-bottom-right-radius:16px}.KrF7fd{align-items:flex-start;background:transparent;border:0;display:inline-flex;justify-content:space-between;padding-left:16px;padding-right:16px;width:100%;text-decoration:none;--gm3-focus-ring-outward-target-shape-start-start:28px;--gm3-focus-ring-outward-target-shape-start-end:28px;--gm3-focus-ring-outward-target-shape-end-end:28px;--gm3-focus-ring-outward-target-shape-end-start:28px}.KrF7fd{position:relative}.KrF7fd::before{background:var(--gm3-sys-color-on-surface,#1f1f1f);content:"";opacity:0;position:absolute;pointer-events:none}.KrF7fd:hover::before{opacity:0.08}.KrF7fd:focus:not(:hover)::before,.KrF7fd.u3bW4e::before{opacity:0.1}.KrF7fd:active::before,.KrF7fd.qs41qe::before{opacity:0.1}.KrF7fd::before{border-radius:28px;height:100%;left:0;right:0;top:0}.KrF7fd:focus:not(:hover)::before,.KrF7fd.u3bW4e::before{display:none}.KrF7fd:focus-visible{outline:none;--gm3-focus-ring-outward-display:block}.A2WLNb.jVwmLb .KrF7fd::before{border-radius:20px}.KrF7fd .RwGqvd{margin-left:0;margin-right:16px}.A2WLNb:has(.sQ1LEb) .RwGqvd{position:relative;top:calc((2.75rem - 24px)/2)}.A2WLNb .xIgdGc{align-items:center;background:var(--gm3-sys-color-secondary-container,#c2e7ff);border-radius:12px;display:flex;height:24px;justify-content:center;min-width:24px}.A2WLNb.jVwmLb .xIgdGc{background:var(--gm3-sys-color-surface-bright,#fff)}.A2WLNb:has(.sQ1LEb) .xIgdGc{position:relative;top:calc((2.75rem - 24px)/2)}.A2WLNb .eZIgdb{fill:var(--gm3-sys-color-on-secondary-container,#004a77);transform:rotate(180deg)}.A2WLNb.jVwmLb .eZIgdb{fill:var(--gm3-sys-color-on-surface-variant,#444746);transform:rotate(0)}.jzGg7c{padding-bottom:16px;padding-left:16px;padding-right:16px}.A2WLNb.jVwmLb .jzGg7c{display:none}.ySLakb{margin:16px 0;outline:none}.ZfdVuf{margin:0 0}.ySLakb+.ySLakb:not(.ZfdVuf){margin-top:24px}.xe7Heb{margin-bottom:24px;margin-top:8px}.ySLakb:nth-child(1 of :not(.eLNT1d)){margin-top:0}.ySLakb:last-child{margin-bottom:0}.xHr6Xe{align-items:center;color:var(--gm3-sys-color-on-surface,#1f1f1f);display:flex;margin-top:0;margin-bottom:0;padding:0 0 8px;font-family:Google Sans,Roboto,Noto Sans Myanmar UI,Arial,sans-serif;font-weight:400;font-size:1.25rem;letter-spacing:0rem;line-height:1.5rem}.xe7Heb>.Y9aYob .xHr6Xe{padding-bottom:12px}.ySLakb .xHr6Xe:has(.M0cpdd:empty),.i3HiPd.YFdWic .xHr6Xe,.Ci1RI .xHr6Xe{padding-bottom:0}.i3HiPd{border-radius:8px;padding:16px}.i3HiPd>:first-child{margin-top:0}.i3HiPd>:last-child{margin-bottom:0}.i3HiPd>.Y9aYob .xHr6Xe{font-family:Google Sans,Roboto,Noto Sans Myanmar UI,Arial,sans-serif;font-weight:500;font-size:1rem;letter-spacing:0rem;line-height:1.5rem}.i3HiPd.sj692e .xHr6Xe,.i3HiPd.sj692e .F4tG3e{color:var(--gm3-sys-color-on-primary-container,#0842a0)}.i3HiPd.Xq8bDe .xHr6Xe,.i3HiPd.Xq8bDe .F4tG3e{color:var(--gm3-sys-color-on-error-container,#8c1d18)}.i3HiPd.rNe0id .xHr6Xe,.i3HiPd.rNe0id .F4tG3e{color:var(
    --wf-color-warning-text,#421f00
  )}.i3HiPd.YFdWic .Y9aYob,.i3HiPd.YFdWic .F4tG3e{margin-left:64px;width:calc(100% - 48px - 16px)}.i3HiPd.YFdWic .F4tG3e{color:var(--gm3-sys-color-on-surface-variant,#444746)}.i3HiPd.YFdWic .xHr6Xe{color:var(--gm3-sys-color-on-surface,#1f1f1f)}.i3HiPd.YFdWic:not(.S7S4N) .Y9aYob{margin-left:0;width:0}.i3HiPd.sj692e{background:var(--gm3-sys-color-primary-container,#d3e3fd)}.i3HiPd.Xq8bDe{background:var(--gm3-sys-color-error-container,#f9dedc)}.i3HiPd.rNe0id{background:var(
    --wf-color-warning-bg,#fff0d1
  )}.i3HiPd.YFdWic{background:var(--gm3-sys-color-surface-container-low,#f8fafd);min-height:80px;position:relative}.i3HiPd:not(.S7S4N){display:flex}.ySLakb.eLNT1d{display:none}.Ci1RI{background:var(--gm3-sys-color-surface-container,#f0f4f9);border-radius:20px;padding:16px}.Ci1RI>:first-child{margin-top:0}.Ci1RI>:last-child{margin-bottom:0}.Ci1RI>.Y9aYob .xHr6Xe{color:var(--gm3-sys-color-on-surface,#1f1f1f)}.Ci1RI .Zy76pd .snByac,.Ci1RI .Zy76pd.u3bW4e .snByac{background-color:var(--gm3-sys-color-surface-container,#f0f4f9)}.Ci1RI .rcBv3{display:flex;justify-content:flex-end;margin-top:16px}.Ci1RI .rcBv3 .hy0HVb{margin-bottom:0;margin-top:0;--gm3-button-filled-tonal-leading-space:16px;--gm3-button-filled-tonal-trailing-space:16px}.Ci1RI .F4tG3e .lWCUk{background:var(--gm3-sys-color-surface-bright,#fff);border-radius:4px}.Ci1RI .F4tG3e .lWCUk:first-child{border-top-left-radius:16px;border-top-right-radius:16px}.Ci1RI .F4tG3e .lWCUk:last-child{border-bottom-left-radius:16px;border-bottom-right-radius:16px}.ZfdVuf{border-bottom:1px solid var(--gm3-sys-color-outline-variant,#c4c7c5);display:flex;flex-direction:column}.ZfdVuf .ZfdVuf:last-child{border-bottom:0}.ZfdVuf .Y9aYob{cursor:pointer;--gm3-focus-ring-outward-target-shape-start-start:8px;--gm3-focus-ring-outward-target-shape-start-end:8px;--gm3-focus-ring-outward-target-shape-end-end:8px;--gm3-focus-ring-outward-target-shape-end-start:8px}.ZfdVuf .Y9aYob{position:relative}.ZfdVuf .Y9aYob::before{background:var(--gm3-sys-color-on-surface,#1f1f1f);content:"";opacity:0;position:absolute;pointer-events:none}.ZfdVuf .Y9aYob:hover::before{opacity:0.08}.ZfdVuf .Y9aYob:focus:not(:hover)::before,.ZfdVuf .Y9aYob.u3bW4e::before{opacity:0.1}.ZfdVuf .Y9aYob:active::before,.ZfdVuf .Y9aYob.qs41qe::before{opacity:0.1}.ZfdVuf .Y9aYob::before{border-radius:8px;inset:0 -16px}.ZfdVuf .Y9aYob:focus:not(:hover)::before,.ZfdVuf .Y9aYob.u3bW4e::before{display:none}.ZfdVuf .Y9aYob:has(.GliO4d:focus-visible){--gm3-focus-ring-outward-display:block}.Y9aYob:empty,.XQ6hEf:empty{display:none}.uY2Qad{margin:0 0 24px}.ZfdVuf[data-expand-type="1"] .GliO4d{display:flex}.ZfdVuf>.Y9aYob .xHr6Xe{align-items:flex-start;padding-bottom:8px;padding-top:12px;position:relative;font-family:Google Sans,Roboto,Noto Sans Myanmar UI,Arial,sans-serif;font-weight:500;font-size:1rem;letter-spacing:0rem;line-height:1.5rem}.ZfdVuf:has(.XQ6hEf:empty)>.Y9aYob .xHr6Xe{padding-bottom:12px}.ySLakb.S7S4N .ySLakb .xHr6Xe{font-family:Google Sans,Roboto,Noto Sans Myanmar UI,Arial,sans-serif;font-weight:500;font-size:1rem;letter-spacing:0rem;line-height:1.5rem}.GliO4d{background:none;border:none;color:inherit;cursor:pointer;flex-grow:1;font:inherit;margin:0;outline:0;padding:0;text-align:inherit}.GliO4d::-moz-focus-inner{border:0}.GliO4d .M0cpdd{color:var(--gm3-sys-color-on-surface,#1f1f1f);flex-grow:1}.GliO4d .M0cpdd,.GliO4d .T5OKle{margin-top:4px}.h5Vxbc{align-items:center;background:var(--gm3-sys-color-secondary-container,#c2e7ff);border-radius:16px;color:var(--gm3-sys-color-on-secondary-container,#004a77);display:flex;flex-shrink:0;height:32px;justify-content:center;margin-left:16px;width:28px}.h5Vxbc .kV7hid{align-items:center;display:flex;height:20px;justify-content:center;transition:transform 0.2s cubic-bezier(0.4,0,0.2,1);width:20px}.ZfdVuf.jVwmLb .h5Vxbc{background:var(--gm3-sys-color-surface-container,#f0f4f9);color:var(--gm3-sys-color-on-surface-variant,#444746)}.ZfdVuf.jVwmLb .kV7hid{transform:rotate(-180deg)}.T5OKle{color:var(--gm3-sys-color-on-surface-variant,#444746);flex-shrink:0;height:24px;margin-right:16px;width:24px}.T5OKle .jLPeif{height:100%;width:100%}.i3HiPd .T5OKle{margin-top:0}.i3HiPd.sj692e .T5OKle{color:var(--gm3-sys-color-primary,#0b57d0)}.i3HiPd.Xq8bDe .T5OKle{color:var(--gm3-sys-color-error,#b3261e)}.i3HiPd.rNe0id .T5OKle{color:var(
    --wf-color-warning-icon,#f09d00
  )}.i3HiPd.YFdWic .T5OKle{height:48px;left:16px;position:absolute;top:16px;width:48px}.XQ6hEf{color:var(--gm3-sys-color-on-surface-variant,#444746);font-family:Google Sans,Roboto,Noto Sans Myanmar UI,Arial,sans-serif;font-weight:400;font-size:0.875rem;letter-spacing:0rem;line-height:1.25rem}.xe7Heb .XQ6hEf{margin-bottom:8px}.ZfdVuf .XQ6hEf{padding-bottom:16px}.Y9aYob:empty+.F4tG3e{margin-top:0}.F4tG3e{margin-bottom:16px;margin-top:4px}.Ci1RI>.F4tG3e{color:var(--gm3-sys-color-on-surface-variant,#444746);margin-bottom:0;margin-top:16px}.i3HiPd>.F4tG3e{margin-bottom:0;margin-top:0}.F4tG3e:only-child{margin-bottom:0;margin-top:0}.ZfdVuf>.F4tG3e{margin-top:0;overflow:hidden;transition:0.2s cubic-bezier(0.4,0,0.2,1)}.ySLakb.jVwmLb>.F4tG3e{margin-bottom:0;margin-top:0;max-height:0;opacity:0;visibility:hidden}.F4tG3e>[jsslot]>:first-child:not(.i3HiPd,.Ci1RI){margin-top:0;padding-top:0}.F4tG3e>[jsslot]>:last-child:not(.i3HiPd,.Ci1RI){margin-bottom:0;padding-bottom:0}.xe7Heb .F4tG3e{overflow:hidden}.WXCwYb{display:none;margin-top:16px}.xe7Heb.jVwmLb .WXCwYb{display:block}.WXCwYb .hy0HVb{width:100%}.ySLakb.RDPZE{pointer-events:none}.ySLakb.RDPZE .xHr6Xe,.ySLakb.RDPZE .XQ6hEf,.ySLakb.RDPZE .F4tG3e,.ySLakb.RDPZE .T5OKle{color:var(--gm3-sys-color-on-surface,#1f1f1f);opacity:0.38}.VfPpkd-JGcpL-uI4vCe-LkdAo,.VfPpkd-JGcpL-IdXvz-LkdAo-Bd00G{stroke:#6200ee;stroke:var(--mdc-theme-primary,#6200ee)}@media (-ms-high-contrast:active),screen and (forced-colors:active){.VfPpkd-JGcpL-uI4vCe-LkdAo,.VfPpkd-JGcpL-IdXvz-LkdAo-Bd00G{stroke:CanvasText}}.VfPpkd-JGcpL-uI4vCe-u014N{stroke:transparent}@keyframes mdc-circular-progress-container-rotate{to{transform:rotate(1turn)}}@keyframes mdc-circular-progress-spinner-layer-rotate{12.5%{transform:rotate(135deg)}25%{transform:rotate(270deg)}37.5%{transform:rotate(405deg)}50%{transform:rotate(540deg)}62.5%{transform:rotate(675deg)}75%{transform:rotate(810deg)}87.5%{transform:rotate(945deg)}100%{transform:rotate(3turn)}}@keyframes mdc-circular-progress-color-1-fade-in-out{from{opacity:.99}25%{opacity:.99}26%{opacity:0}89%{opacity:0}90%{opacity:.99}to{opacity:.99}}@keyframes mdc-circular-progress-color-2-fade-in-out{from{opacity:0}15%{opacity:0}25%{opacity:.99}50%{opacity:.99}51%{opacity:0}to{opacity:0}}@keyframes mdc-circular-progress-color-3-fade-in-out{from{opacity:0}40%{opacity:0}50%{opacity:.99}75%{opacity:.99}76%{opacity:0}to{opacity:0}}@keyframes mdc-circular-progress-color-4-fade-in-out{from{opacity:0}65%{opacity:0}75%{opacity:.99}90%{opacity:.99}to{opacity:0}}@keyframes mdc-circular-progress-left-spin{from{transform:rotate(265deg)}50%{transform:rotate(130deg)}to{transform:rotate(265deg)}}@keyframes mdc-circular-progress-right-spin{from{transform:rotate(-265deg)}50%{transform:rotate(-130deg)}to{transform:rotate(-265deg)}}.VfPpkd-JGcpL-P1ekSe{display:inline-flex;position:relative;direction:ltr;line-height:0;overflow:hidden;transition:opacity .25s 0ms cubic-bezier(.4,0,.6,1)}.VfPpkd-JGcpL-uI4vCe-haAclf,.VfPpkd-JGcpL-IdXvz-LkdAo-Bd00G,.VfPpkd-JGcpL-IdXvz-haAclf,.VfPpkd-JGcpL-QYI5B-pbTTYe{position:absolute;width:100%;height:100%}.VfPpkd-JGcpL-uI4vCe-haAclf{transform:rotate(-90deg)}.VfPpkd-JGcpL-IdXvz-haAclf{font-size:0;letter-spacing:0;white-space:nowrap;opacity:0}.VfPpkd-JGcpL-uI4vCe-LkdAo-Bd00G,.VfPpkd-JGcpL-IdXvz-LkdAo-Bd00G{fill:transparent}.VfPpkd-JGcpL-uI4vCe-LkdAo{transition:stroke-dashoffset .5s 0ms cubic-bezier(0,0,.2,1)}.VfPpkd-JGcpL-OcUoKf-TpMipd{position:absolute;top:0;left:47.5%;box-sizing:border-box;width:5%;height:100%;overflow:hidden}.VfPpkd-JGcpL-OcUoKf-TpMipd .VfPpkd-JGcpL-IdXvz-LkdAo-Bd00G{left:-900%;width:2000%;transform:rotate(180deg)}.VfPpkd-JGcpL-lLvYUc-e9ayKc{display:inline-flex;position:relative;width:50%;height:100%;overflow:hidden}.VfPpkd-JGcpL-lLvYUc-e9ayKc .VfPpkd-JGcpL-IdXvz-LkdAo-Bd00G{width:200%}.VfPpkd-JGcpL-lLvYUc-qwU8Me .VfPpkd-JGcpL-IdXvz-LkdAo-Bd00G{left:-100%}.VfPpkd-JGcpL-P1ekSe-OWXEXe-A9y3zc .VfPpkd-JGcpL-uI4vCe-haAclf{opacity:0}.VfPpkd-JGcpL-P1ekSe-OWXEXe-A9y3zc .VfPpkd-JGcpL-IdXvz-haAclf{opacity:1}.VfPpkd-JGcpL-P1ekSe-OWXEXe-A9y3zc .VfPpkd-JGcpL-IdXvz-haAclf{animation:mdc-circular-progress-container-rotate 1.5682352941176s linear infinite}.VfPpkd-JGcpL-P1ekSe-OWXEXe-A9y3zc .VfPpkd-JGcpL-QYI5B-pbTTYe{animation:mdc-circular-progress-spinner-layer-rotate 5332ms cubic-bezier(.4,0,.2,1) infinite both}.VfPpkd-JGcpL-P1ekSe-OWXEXe-A9y3zc .VfPpkd-JGcpL-Ydhldb-R6PoUb{animation:mdc-circular-progress-spinner-layer-rotate 5332ms cubic-bezier(.4,0,.2,1) infinite both,mdc-circular-progress-color-1-fade-in-out 5332ms cubic-bezier(.4,0,.2,1) infinite both}.VfPpkd-JGcpL-P1ekSe-OWXEXe-A9y3zc .VfPpkd-JGcpL-Ydhldb-ibL1re{animation:mdc-circular-progress-spinner-layer-rotate 5332ms cubic-bezier(.4,0,.2,1) infinite both,mdc-circular-progress-color-2-fade-in-out 5332ms cubic-bezier(.4,0,.2,1) infinite both}.VfPpkd-JGcpL-P1ekSe-OWXEXe-A9y3zc .VfPpkd-JGcpL-Ydhldb-c5RTEf{animation:mdc-circular-progress-spinner-layer-rotate 5332ms cubic-bezier(.4,0,.2,1) infinite both,mdc-circular-progress-color-3-fade-in-out 5332ms cubic-bezier(.4,0,.2,1) infinite both}.VfPpkd-JGcpL-P1ekSe-OWXEXe-A9y3zc .VfPpkd-JGcpL-Ydhldb-II5mzb{animation:mdc-circular-progress-spinner-layer-rotate 5332ms cubic-bezier(.4,0,.2,1) infinite both,mdc-circular-progress-color-4-fade-in-out 5332ms cubic-bezier(.4,0,.2,1) infinite both}.VfPpkd-JGcpL-P1ekSe-OWXEXe-A9y3zc .VfPpkd-JGcpL-lLvYUc-LK5yu .VfPpkd-JGcpL-IdXvz-LkdAo-Bd00G{animation:mdc-circular-progress-left-spin 1333ms cubic-bezier(.4,0,.2,1) infinite both}.VfPpkd-JGcpL-P1ekSe-OWXEXe-A9y3zc .VfPpkd-JGcpL-lLvYUc-qwU8Me .VfPpkd-JGcpL-IdXvz-LkdAo-Bd00G{animation:mdc-circular-progress-right-spin 1333ms cubic-bezier(.4,0,.2,1) infinite both}.VfPpkd-JGcpL-P1ekSe-OWXEXe-xTMeO{opacity:0}.DU29of{position:relative}.DU29of .VfPpkd-JGcpL-uI4vCe-LkdAo,.DU29of .VfPpkd-JGcpL-IdXvz-LkdAo-Bd00G{stroke:rgb(66,133,244)}@media (-ms-high-contrast:active),screen and (forced-colors:active){.DU29of .VfPpkd-JGcpL-uI4vCe-LkdAo,.DU29of .VfPpkd-JGcpL-IdXvz-LkdAo-Bd00G{stroke:CanvasText}}.DU29of .VfPpkd-JGcpL-Ydhldb-R6PoUb .VfPpkd-JGcpL-IdXvz-LkdAo-Bd00G{stroke:rgb(66,133,244)}@media (-ms-high-contrast:active),screen and (forced-colors:active){.DU29of .VfPpkd-JGcpL-Ydhldb-R6PoUb .VfPpkd-JGcpL-IdXvz-LkdAo-Bd00G{stroke:CanvasText}}.DU29of .VfPpkd-JGcpL-Ydhldb-ibL1re .VfPpkd-JGcpL-IdXvz-LkdAo-Bd00G{stroke:rgb(234,67,53)}@media (-ms-high-contrast:active),screen and (forced-colors:active){.DU29of .VfPpkd-JGcpL-Ydhldb-ibL1re .VfPpkd-JGcpL-IdXvz-LkdAo-Bd00G{stroke:CanvasText}}.DU29of .VfPpkd-JGcpL-Ydhldb-c5RTEf .VfPpkd-JGcpL-IdXvz-LkdAo-Bd00G{stroke:rgb(251,188,4)}@media (-ms-high-contrast:active),screen and (forced-colors:active){.DU29of .VfPpkd-JGcpL-Ydhldb-c5RTEf .VfPpkd-JGcpL-IdXvz-LkdAo-Bd00G{stroke:CanvasText}}.DU29of .VfPpkd-JGcpL-Ydhldb-II5mzb .VfPpkd-JGcpL-IdXvz-LkdAo-Bd00G{stroke:rgb(52,168,83)}@media (-ms-high-contrast:active),screen and (forced-colors:active){.DU29of .VfPpkd-JGcpL-Ydhldb-II5mzb .VfPpkd-JGcpL-IdXvz-LkdAo-Bd00G{stroke:CanvasText}}.DU29of .VfPpkd-JGcpL-Mr8B3-V67aGc{height:100%;width:100%;position:absolute;opacity:0;overflow:hidden;z-index:-1}.VfPpkd-BFbNVe-bF1uUb{position:absolute;border-radius:inherit;pointer-events:none;opacity:0;opacity:var(--mdc-elevation-overlay-opacity,0);transition:opacity .28s cubic-bezier(.4,0,.2,1);background-color:#fff;background-color:var(--mdc-elevation-overlay-color,#fff)}.NZp2ef{background-color:#e8eaed}.GY1Nfe{display:inline-flex;place-content:center;place-items:center}html[dir=rtl] .giSqbe{transform:scaleX(-1)}.VfPpkd-z59Tgd{border-radius:4px;border-radius:var(--mdc-shape-small,4px)}.VfPpkd-Djsh7e-XxIAqe-ma6Yeb,.VfPpkd-Djsh7e-XxIAqe-cGMI2b{border-radius:4px;border-radius:var(--mdc-shape-small,4px)}.VfPpkd-z59Tgd{color:white;color:var(--mdc-theme-text-primary-on-dark,white)}.VfPpkd-z59Tgd{background-color:rgba(0,0,0,.6)}.VfPpkd-MlC99b{color:rgba(0,0,0,.87);color:var(--mdc-theme-text-primary-on-light,rgba(0,0,0,.87))}.VfPpkd-IqDDtd{color:rgba(0,0,0,.6)}.VfPpkd-IqDDtd-hSRGPd{color:#6200ee;color:var(--mdc-theme-primary,#6200ee)}.VfPpkd-a1tyJ-bN97Pc{overflow-x:unset;overflow-y:auto}.VfPpkd-suEOdc.VfPpkd-suEOdc-OWXEXe-nzrxxc .VfPpkd-z59Tgd,.VfPpkd-suEOdc.VfPpkd-suEOdc-OWXEXe-nzrxxc .VfPpkd-Djsh7e-XxIAqe-ma6Yeb,.VfPpkd-suEOdc.VfPpkd-suEOdc-OWXEXe-nzrxxc .VfPpkd-Djsh7e-XxIAqe-cGMI2b{background-color:#fff}.VfPpkd-z59Tgd{-moz-osx-font-smoothing:grayscale;-webkit-font-smoothing:antialiased;font-family:Roboto,sans-serif;font-family:var(--mdc-typography-caption-font-family,var(--mdc-typography-font-family,Roboto,sans-serif));font-size:.75rem;font-size:var(--mdc-typography-caption-font-size,.75rem);font-weight:400;font-weight:var(--mdc-typography-caption-font-weight,400);letter-spacing:.0333333333em;letter-spacing:var(--mdc-typography-caption-letter-spacing,.0333333333em);text-decoration:inherit;-webkit-text-decoration:var(--mdc-typography-caption-text-decoration,inherit);text-decoration:var(--mdc-typography-caption-text-decoration,inherit);text-transform:inherit;text-transform:var(--mdc-typography-caption-text-transform,inherit)}.VfPpkd-suEOdc-OWXEXe-nzrxxc .VfPpkd-z59Tgd{box-shadow:0 3px 1px -2px rgba(0,0,0,.2),0 2px 2px 0 rgba(0,0,0,.14),0 1px 5px 0 rgba(0,0,0,.12);border-radius:4px;line-height:20px}.VfPpkd-suEOdc-OWXEXe-nzrxxc .VfPpkd-z59Tgd .VfPpkd-BFbNVe-bF1uUb{width:100%;height:100%;top:0;left:0}.VfPpkd-z59Tgd .VfPpkd-MlC99b{display:block;margin-top:0;line-height:20px;-moz-osx-font-smoothing:grayscale;-webkit-font-smoothing:antialiased;font-family:Roboto,sans-serif;font-family:var(--mdc-typography-subtitle2-font-family,var(--mdc-typography-font-family,Roboto,sans-serif));font-size:.875rem;font-size:var(--mdc-typography-subtitle2-font-size,.875rem);line-height:1.375rem;line-height:var(--mdc-typography-subtitle2-line-height,1.375rem);font-weight:500;font-weight:var(--mdc-typography-subtitle2-font-weight,500);letter-spacing:.0071428571em;letter-spacing:var(--mdc-typography-subtitle2-letter-spacing,.0071428571em);text-decoration:inherit;-webkit-text-decoration:var(--mdc-typography-subtitle2-text-decoration,inherit);text-decoration:var(--mdc-typography-subtitle2-text-decoration,inherit);text-transform:inherit;text-transform:var(--mdc-typography-subtitle2-text-transform,inherit)}.VfPpkd-z59Tgd .VfPpkd-MlC99b::before{display:inline-block;width:0;height:24px;content:"";vertical-align:0}.VfPpkd-z59Tgd .VfPpkd-IqDDtd{-moz-osx-font-smoothing:grayscale;-webkit-font-smoothing:antialiased;font-family:Roboto,sans-serif;font-family:var(--mdc-typography-body2-font-family,var(--mdc-typography-font-family,Roboto,sans-serif));font-size:.875rem;font-size:var(--mdc-typography-body2-font-size,.875rem);line-height:1.25rem;line-height:var(--mdc-typography-body2-line-height,1.25rem);font-weight:400;font-weight:var(--mdc-typography-body2-font-weight,400);letter-spacing:.0178571429em;letter-spacing:var(--mdc-typography-body2-letter-spacing,.0178571429em);text-decoration:inherit;-webkit-text-decoration:var(--mdc-typography-body2-text-decoration,inherit);text-decoration:var(--mdc-typography-body2-text-decoration,inherit);text-transform:inherit;text-transform:var(--mdc-typography-body2-text-transform,inherit)}.VfPpkd-z59Tgd{word-break:break-all;word-break:var(--mdc-tooltip-word-break,normal);overflow-wrap:anywhere}.VfPpkd-suEOdc-OWXEXe-eo9XGd-RCfa3e .VfPpkd-z59Tgd-OiiCO{transition:opacity .15s 0ms cubic-bezier(0,0,.2,1),transform .15s 0ms cubic-bezier(0,0,.2,1)}.VfPpkd-suEOdc-OWXEXe-ZYIfFd-RCfa3e .VfPpkd-z59Tgd-OiiCO{transition:opacity 75ms 0ms cubic-bezier(.4,0,1,1)}.VfPpkd-suEOdc{position:fixed;display:none;z-index:9}.VfPpkd-suEOdc-sM5MNb-OWXEXe-nzrxxc{position:relative}.VfPpkd-suEOdc-OWXEXe-TSZdd,.VfPpkd-suEOdc-OWXEXe-eo9XGd,.VfPpkd-suEOdc-OWXEXe-ZYIfFd{display:inline-flex}.VfPpkd-suEOdc-OWXEXe-TSZdd.VfPpkd-suEOdc-OWXEXe-nzrxxc,.VfPpkd-suEOdc-OWXEXe-eo9XGd.VfPpkd-suEOdc-OWXEXe-nzrxxc,.VfPpkd-suEOdc-OWXEXe-ZYIfFd.VfPpkd-suEOdc-OWXEXe-nzrxxc{display:inline-block;left:-320px;position:absolute}.VfPpkd-z59Tgd{line-height:16px;padding:4px 8px;min-width:40px;max-width:200px;min-height:24px;max-height:40vh;box-sizing:border-box;overflow:hidden;text-align:center}.VfPpkd-z59Tgd::before{position:absolute;box-sizing:border-box;width:100%;height:100%;top:0;left:0;border:1px solid transparent;border-radius:inherit;content:"";pointer-events:none}@media screen and (forced-colors:active){.VfPpkd-z59Tgd::before{border-color:CanvasText}}.VfPpkd-suEOdc-OWXEXe-nzrxxc .VfPpkd-z59Tgd{align-items:flex-start;display:flex;flex-direction:column;min-height:24px;min-width:40px;max-width:320px;position:relative;text-align:left}[dir=rtl] .VfPpkd-suEOdc-OWXEXe-nzrxxc .VfPpkd-z59Tgd,.VfPpkd-suEOdc-OWXEXe-nzrxxc .VfPpkd-z59Tgd[dir=rtl]{text-align:right}.VfPpkd-suEOdc-OWXEXe-LlMNQd .VfPpkd-z59Tgd{text-align:left}[dir=rtl] .VfPpkd-suEOdc-OWXEXe-LlMNQd .VfPpkd-z59Tgd,.VfPpkd-suEOdc-OWXEXe-LlMNQd .VfPpkd-z59Tgd[dir=rtl]{text-align:right}.VfPpkd-z59Tgd .VfPpkd-MlC99b{margin:0 8px}.VfPpkd-z59Tgd .VfPpkd-IqDDtd{max-width:184px;margin:8px}.VfPpkd-suEOdc-OWXEXe-nzrxxc .VfPpkd-z59Tgd .VfPpkd-IqDDtd{max-width:304px;align-self:stretch}.VfPpkd-z59Tgd .VfPpkd-IqDDtd-hSRGPd{text-decoration:none}.VfPpkd-suEOdc-OWXEXe-nzrxxc-LQLjdd,.VfPpkd-IqDDtd,.VfPpkd-MlC99b{z-index:1}.VfPpkd-z59Tgd-OiiCO{opacity:0;transform:scale(.8);will-change:transform,opacity}.VfPpkd-suEOdc-OWXEXe-TSZdd .VfPpkd-z59Tgd-OiiCO{transform:scale(1);opacity:1}.VfPpkd-suEOdc-OWXEXe-ZYIfFd .VfPpkd-z59Tgd-OiiCO{transform:scale(1)}.VfPpkd-Djsh7e-XxIAqe-ma6Yeb,.VfPpkd-Djsh7e-XxIAqe-cGMI2b{position:absolute;height:24px;width:24px;transform:rotate(35deg) skewY(20deg) scaleX(.9396926208)}.VfPpkd-Djsh7e-XxIAqe-ma6Yeb .VfPpkd-BFbNVe-bF1uUb,.VfPpkd-Djsh7e-XxIAqe-cGMI2b .VfPpkd-BFbNVe-bF1uUb{width:100%;height:100%;top:0;left:0}.VfPpkd-Djsh7e-XxIAqe-cGMI2b{box-shadow:0 3px 1px -2px rgba(0,0,0,.2),0 2px 2px 0 rgba(0,0,0,.14),0 1px 5px 0 rgba(0,0,0,.12);outline:1px solid transparent;z-index:-1}@media screen and (forced-colors:active){.VfPpkd-Djsh7e-XxIAqe-cGMI2b{outline-color:CanvasText}}.EY8ABd{z-index:2101}.EY8ABd .VfPpkd-z59Tgd{background-color:#3c4043;color:#e8eaed}.EY8ABd .VfPpkd-MlC99b,.EY8ABd .VfPpkd-IqDDtd{color:#3c4043}.EY8ABd .VfPpkd-IqDDtd-hSRGPd{color:#1a73e8}.EY8ABd.VfPpkd-suEOdc-OWXEXe-nzrxxc .VfPpkd-z59Tgd,.EY8ABd.VfPpkd-suEOdc-OWXEXe-nzrxxc .VfPpkd-Djsh7e-XxIAqe-ma6Yeb,.EY8ABd.VfPpkd-suEOdc-OWXEXe-nzrxxc .VfPpkd-Djsh7e-XxIAqe-cGMI2b{background-color:#fff}.EY8ABd.VfPpkd-suEOdc-OWXEXe-nzrxxc .VfPpkd-MlC99b{font-family:"Google Sans",Roboto,Arial,sans-serif;line-height:1.25rem;font-size:.875rem;letter-spacing:.0178571429em;font-weight:500}.EY8ABd.VfPpkd-suEOdc-OWXEXe-nzrxxc .VfPpkd-z59Tgd{border-radius:8px}.ziykHb{z-index:2101}.ziykHb .VfPpkd-z59Tgd{background-color:#3c4043;color:#e8eaed}.ziykHb .VfPpkd-MlC99b,.ziykHb .VfPpkd-IqDDtd{color:#3c4043}.ziykHb .VfPpkd-IqDDtd-hSRGPd{color:#1a73e8}.ziykHb.VfPpkd-suEOdc-OWXEXe-nzrxxc .VfPpkd-z59Tgd,.ziykHb.VfPpkd-suEOdc-OWXEXe-nzrxxc .VfPpkd-Djsh7e-XxIAqe-ma6Yeb,.ziykHb.VfPpkd-suEOdc-OWXEXe-nzrxxc .VfPpkd-Djsh7e-XxIAqe-cGMI2b{background-color:#fff}.ziykHb.VfPpkd-suEOdc-OWXEXe-nzrxxc .VfPpkd-MlC99b{font-family:"Google Sans",Roboto,Arial,sans-serif;line-height:1.25rem;font-size:.875rem;letter-spacing:.0178571429em;font-weight:500}.ziykHb.VfPpkd-suEOdc-OWXEXe-nzrxxc .VfPpkd-z59Tgd{border-radius:8px}.EY8ABd-OWXEXe-TAWMXe{position:absolute;left:-10000px;top:auto;width:1px;height:1px;overflow:hidden;-webkit-user-select:none;-webkit-user-select:none}.NMm5M{fill:currentColor;flex-shrink:0}[dir=rtl] .hhikbc{transform:scaleX(-1)}.PrDSKc,.v42QC{padding-bottom:3px;padding-top:9px}.v42QC{margin:0}.PrDSKc:empty,.v42QC:empty{display:none}.jfyXNd.Zttm2{--gm3-dialog-container-shape:0;--gm3-dialog-container-min-height:100vh;--gm3-dialog-container-min-width:100vw;--gm3-dialog-modal-container-shape:0;--gm3-dialog-container-height:100vh;--gm3-dialog-container-max-height:100vh;--gm3-dialog-container-width:100vw;--gm3-dialog-container-max-width:100vw}.jfyXNd.Zttm2 .qrsXKd{height:100%;width:100%}.jfyXNd.Zttm2 .ToUTc{border:none;color-scheme:normal;display:block;height:100%;padding:0;width:100%}.qpGfHd{color:var(--gm3-sys-color-on-surface-variant,#444746);flex-grow:1;padding-left:16px;font-family:Google Sans,Roboto,Noto Sans Myanmar UI,Arial,sans-serif;font-weight:400;font-size:0.875rem;letter-spacing:0rem;line-height:1.25rem}.uW2Fw-Sx9Kwc{display:none;z-index:var(--gm3-dialog-z-index,2001);justify-content:var(--gm3-dialog-dialog-justify-content,center);-webkit-padding-end:var(--gm3-dialog-dialog-padding-inline-end,unset);padding-inline-end:var(--gm3-dialog-dialog-padding-inline-end,unset);-webkit-padding-start:var(--gm3-dialog-dialog-padding-inline-start,unset);padding-inline-start:var(--gm3-dialog-dialog-padding-inline-start,unset)}.uW2Fw-IE5DDf{justify-content:center}.uW2Fw-Sx9Kwc,.uW2Fw-IE5DDf{position:fixed;top:0;left:0;align-items:center;box-sizing:border-box;width:100%;height:100%}.uW2Fw-P5QLlc{background-color:var(--gm3-dialog-container-color,var(--gm3-sys-color-surface-container-high,#e9eef6));min-width:var(--gm3-dialog-container-min-width,280px);max-height:var(--gm3-dialog-container-max-height,calc(100% - 32px));min-height:var(--gm3-dialog-container-min-height,unset);position:relative;display:flex;flex-direction:column;flex-grow:0;flex-shrink:0;box-sizing:border-box;pointer-events:auto;overflow-y:auto;outline:0;text-align:start;transform:scale(.8)}@media (forced-colors:active){.uW2Fw-P5QLlc{outline:2px solid windowText}}.uW2Fw-IE5DDf{opacity:0;z-index:-1;background-color:var(--gm3-dialog-scrim-color,rgba(var(--gm3-sys-color-scrim-rgb,0,0,0),.32))}.uW2Fw-wzTsW{align-items:var(--gm3-dialog-container-align-items,center);-webkit-padding-before:var(--gm3-dialog-container-padding-block-start,unset);padding-block-start:var(--gm3-dialog-container-padding-block-start,unset);-webkit-padding-after:var(--gm3-dialog-container-padding-block-end,unset);padding-block-end:var(--gm3-dialog-container-padding-block-end,unset);display:flex;flex-direction:row;justify-content:space-around;box-sizing:border-box;height:100%;opacity:0;pointer-events:none}.uW2Fw-P5QLlc::after{position:absolute;box-sizing:border-box;width:100%;height:100%;inset-block-start:0;inset-inline-start:0;border:2px solid transparent;border-radius:inherit;content:"";pointer-events:none}@media (forced-colors:active){.uW2Fw-P5QLlc::after{border-color:CanvasText}}.uW2Fw-k2Wrsb{position:relative;box-sizing:border-box;text-align:start;display:flex;flex-shrink:1;margin:0;padding:var(--gm3-dialog-container-title-padding-block-start,24px) 24px var(--gm3-dialog-container-title-padding-block-end,16px)}.uW2Fw-k2Wrsb .uW2Fw-k2Wrsb-fmcmS{display:-webkit-inline-box;overflow:hidden;-webkit-box-orient:vertical;-webkit-line-clamp:2}.uW2Fw-k2Wrsb::before{display:inline-block;width:0;height:0;content:"";vertical-align:0}.uW2Fw-Sx9Kwc-OWXEXe-s2gQvd .uW2Fw-T0kwCb,.uW2Fw-Sx9Kwc-XuHpsb-clz4Ic-yePe5c .uW2Fw-T0kwCb{border-width:var(--gm3-dialog-with-divider-divider-height,1px);border-color:var(--gm3-dialog-with-divider-divider-color,var(--gm3-sys-color-outline-variant,#c4c7c5))}.uW2Fw-Sx9Kwc-OWXEXe-s2gQvd .uW2Fw-T0kwCb{padding-top:12px}.uW2Fw-Sx9Kwc-OWXEXe-s2gQvd .uW2Fw-cnG4Wd{-webkit-padding-after:var(--gm3-dialog-container-content-padding-block-end,8px);padding-block-end:var(--gm3-dialog-container-content-padding-block-end,8px)}.uW2Fw-Sx9Kwc-OWXEXe-s2gQvd .uW2Fw-k2Wrsb+.uW2Fw-cnG4Wd{-webkit-padding-before:var(--gm3-dialog-container-content-padding-block-start,var(--gm3-dialog-container-content-scrollable-padding-block-start,8px));padding-block-start:var(--gm3-dialog-container-content-padding-block-start,var(--gm3-dialog-container-content-scrollable-padding-block-start,8px))}.uW2Fw-Sx9Kwc:not(.uW2Fw-Sx9Kwc-OWXEXe-s2gQvd) :is(.uW2Fw-oclYLd,.uW2Fw-k2Wrsb,.uW2Fw-T0kwCb){border:none}.uW2Fw-cnG4Wd{color:var(--gm3-dialog-supporting-text-color,var(--gm3-sys-color-on-surface-variant,#444746));display:var(--gm3-dialog-content-display,unset);font-family:var(--gm3-dialog-supporting-text-font,"Google Sans",Roboto,Arial,sans-serif);line-height:var(--gm3-dialog-supporting-text-line-height,1.25rem);font-size:var(--gm3-dialog-supporting-text-size,.875rem);letter-spacing:var(--gm3-dialog-supporting-text-tracking,0);font-weight:var(--gm3-dialog-supporting-text-weight,400);-webkit-padding-before:var(--gm3-dialog-container-content-padding-block-start,var(--gm3-dialog-container-content-base-padding-block-start,20px));padding-block-start:var(--gm3-dialog-container-content-padding-block-start,var(--gm3-dialog-container-content-base-padding-block-start,20px));-webkit-padding-end:var(--gm3-dialog-container-content-padding-inline-end,24px);padding-inline-end:var(--gm3-dialog-container-content-padding-inline-end,24px);-webkit-padding-after:var(--gm3-dialog-container-content-padding-block-end,var(--gm3-dialog-container-content-base-padding-block-end,20px));padding-block-end:var(--gm3-dialog-container-content-padding-block-end,var(--gm3-dialog-container-content-base-padding-block-end,20px));-webkit-padding-start:var(--gm3-dialog-container-content-padding-inline-start,24px);padding-inline-start:var(--gm3-dialog-container-content-padding-inline-start,24px);box-sizing:border-box;flex-grow:1;margin:0;overflow:auto;position:relative}.uW2Fw-cnG4Wd>:first-child{margin-top:0}.uW2Fw-cnG4Wd>:last-child{margin-bottom:0}.uW2Fw-T0kwCb{display:flex;position:relative;flex-shrink:0;flex-wrap:wrap;align-items:center;justify-content:flex-end;box-sizing:border-box;min-height:52px;margin:0;padding:0 24px var(--gm3-dialog-container-actions-padding-block-end,20px);gap:8px;border-top:1px solid transparent}@media (forced-colors:active){.uW2Fw-T0kwCb{border-top-color:CanvasText}}.uW2Fw-Sx9Kwc-OWXEXe-eu7FSc .uW2Fw-T0kwCb{flex-direction:column-reverse;align-items:flex-end;gap:0}.uW2Fw-M1klYe:first-child{-webkit-margin-start:0;margin-inline-start:0}.uW2Fw-M1klYe{-webkit-margin-start:8px;margin-inline-start:8px;text-align:start;max-width:100%}.uW2Fw-Sx9Kwc-OWXEXe-eu7FSc .uW2Fw-M1klYe:not(:first-child){margin-top:12px}.uW2Fw-Sx9Kwc-OWXEXe-FNFY6c,.uW2Fw-Sx9Kwc-OWXEXe-uGFO6d,.uW2Fw-Sx9Kwc-OWXEXe-FnSee{display:flex}.uW2Fw-Sx9Kwc-OWXEXe-uGFO6d .uW2Fw-IE5DDf{transition:opacity .15s linear}.uW2Fw-Sx9Kwc-OWXEXe-uGFO6d .uW2Fw-wzTsW{transition:opacity 75ms linear}.uW2Fw-Sx9Kwc-OWXEXe-uGFO6d .uW2Fw-P5QLlc{transition:transform .15s cubic-bezier(0,0,.2,1)}.uW2Fw-Sx9Kwc-OWXEXe-FnSee .uW2Fw-IE5DDf,.uW2Fw-Sx9Kwc-OWXEXe-FnSee .uW2Fw-wzTsW{transition:opacity 75ms linear}.uW2Fw-Sx9Kwc-OWXEXe-RTQbk .uW2Fw-IE5DDf{transition:none;opacity:1}.uW2Fw-Sx9Kwc-OWXEXe-FnSee .uW2Fw-P5QLlc{transform:none}.uW2Fw-Sx9Kwc-OWXEXe-FNFY6c .uW2Fw-IE5DDf,.uW2Fw-Sx9Kwc-OWXEXe-FNFY6c .uW2Fw-wzTsW{opacity:1}.uW2Fw-Sx9Kwc-OWXEXe-FNFY6c .uW2Fw-P5QLlc{transform:none}.uW2Fw-Sx9Kwc-XuHpsb-pGuBYc{overflow:hidden}.uW2Fw-IE5DDf-OWXEXe-L6cTce .uW2Fw-IE5DDf{opacity:0}.uW2Fw-IE5DDf-OWXEXe-uIDLbb{pointer-events:none}.uW2Fw-IE5DDf-OWXEXe-uIDLbb .uW2Fw-IE5DDf{display:none}.uW2Fw-Sx9Kwc:not(.uW2Fw-Sx9Kwc-OWXEXe-di8rgd-bN97Pc-QFlW2) .uW2Fw-cnG4Wd:last-child{-webkit-padding-after:var(--gm3-dialog-container-content-padding-block-end,var(--gm3-dialog-container-content-none-padding-block-end,24px));padding-block-end:var(--gm3-dialog-container-content-padding-block-end,var(--gm3-dialog-container-content-none-padding-block-end,24px))}.uW2Fw-IE5DDf-OWXEXe-uIDLbb .uW2Fw-P5QLlc{overflow:unset;--gm3-elevation-shadow-color:var(--gm3-sys-color-shadow,#000)}.uW2Fw-Sx9Kwc:not(.uW2Fw-Sx9Kwc-OWXEXe-eu7FSc) .uW2Fw-WP8JYd-LQLjdd{margin-right:auto}.uW2Fw-Sx9Kwc-OWXEXe-n2to0e .uW2Fw-k2Wrsb{color:var(--gm3-dialog-headline-color,var(--gm3-sys-color-on-surface,#1f1f1f));font-family:var(--gm3-dialog-headline-font,"Google Sans");line-height:var(--gm3-dialog-headline-line-height,2rem);font-size:var(--gm3-dialog-headline-size,1.5rem);letter-spacing:var(--gm3-dialog-headline-tracking,0);font-weight:var(--gm3-dialog-headline-weight,400)}.uW2Fw-k2Wrsb-Bz112c{color:var(--gm3-dialog-with-icon-icon-color,var(--gm3-sys-color-secondary,#00639b));margin:0 auto var(--gm3-dialog-with-icon-icon-margin,16px)}.uW2Fw-k2Wrsb-Bz112c i,.uW2Fw-k2Wrsb-Bz112c img,.uW2Fw-k2Wrsb-Bz112c svg{inline-size:var(--gm3-dialog-with-icon-icon-width,24px);block-size:var(--gm3-dialog-with-icon-icon-height,24px);font-size:var(--gm3-dialog-with-icon-icon-height,24px);color:inherit}.uW2Fw-k2Wrsb-SfQLQb-Bz112c{flex-direction:column;align-items:center;text-align:center}.uW2Fw-Sx9Kwc-OWXEXe-n2to0e:not(.uW2Fw-Sx9Kwc-OWXEXe-s2gQvd) .uW2Fw-k2Wrsb+.uW2Fw-cnG4Wd{padding-top:var(--gm3-dialog-container-content-padding-block-start,0)}.uW2Fw-Sx9Kwc-OWXEXe-n2to0e .uW2Fw-P5QLlc{border-radius:var(--gm3-dialog-container-shape,28px)}@media (max-width:592px){.uW2Fw-Sx9Kwc-OWXEXe-n2to0e .uW2Fw-P5QLlc{max-width:var(--gm3-dialog-container-max-width,calc(100vw - 32px))}}@media (min-width:592px){.uW2Fw-Sx9Kwc-OWXEXe-n2to0e .uW2Fw-P5QLlc{max-width:var(--gm3-dialog-container-max-width,560px)}}@media (forced-colors:none){.uW2Fw-Sx9Kwc-OWXEXe-n2to0e .uW2Fw-P5QLlc{--gm3-elevation-level:var(--gm3-dialog-container-elevation,3)}}.uW2Fw-Sx9Kwc-OWXEXe-n2to0e.uW2Fw-Sx9Kwc-OWXEXe-s2gQvd .uW2Fw-k2Wrsb{border-bottom:var(--gm3-dialog-with-divider-divider-height,1px) solid var(--gm3-dialog-with-divider-divider-color,var(--gm3-sys-color-outline-variant,#c4c7c5))}.uW2Fw-Sx9Kwc-OWXEXe-n2to0e .uW2Fw-T0kwCb{--gm3-button-text-focus-label-text-color:var(--gm3-dialog-action-focus-label-text-color,var(--gm3-sys-color-primary,#0b57d0));--gm3-button-text-hover-label-text-color:var(--gm3-dialog-action-hover-label-text-color,var(--gm3-sys-color-primary,#0b57d0));--gm3-button-text-hover-state-layer-color:var(--gm3-dialog-action-hover-state-layer-color,var(--gm3-sys-color-primary,#0b57d0));--gm3-button-text-hover-state-layer-opacity:var(--gm3-dialog-action-hover-state-layer-opacity,0.08);--gm3-button-text-label-text-color:var(--gm3-dialog-action-label-text-color,var(--gm3-sys-color-primary,#0b57d0));--gm3-button-text-label-text-font:var(--gm3-dialog-action-label-text-font,"Google Sans",Roboto,Arial,sans-serif);--gm3-button-text-label-text-size:var(--gm3-dialog-action-label-text-size,0.875rem);--gm3-button-text-label-text-tracking:var(--gm3-dialog-action-label-text-tracking,0rem);--gm3-button-text-label-text-weight:var(--gm3-dialog-action-label-text-weight,500);--gm3-button-text-pressed-label-text-color:var(--gm3-dialog-action-pressed-label-text-color,var(--gm3-sys-color-primary,#0b57d0));--gm3-button-text-pressed-state-layer-color:var(--gm3-dialog-action-pressed-state-layer-color,var(--gm3-sys-color-primary,#0b57d0));--gm3-button-text-pressed-state-layer-opacity:var(--gm3-dialog-action-pressed-state-layer-opacity,0.1)}.uW2Fw-Sx9Kwc-OWXEXe-vOE8Lb .uW2Fw-P5QLlc{border-radius:var(--gm3-dialog-container-shape,28px)}@media (max-width:592px){.uW2Fw-Sx9Kwc-OWXEXe-vOE8Lb .uW2Fw-P5QLlc{max-width:var(--gm3-dialog-container-max-width,calc(100vw - 32px))}}@media (min-width:592px){.uW2Fw-Sx9Kwc-OWXEXe-vOE8Lb .uW2Fw-P5QLlc{max-width:var(--gm3-dialog-container-max-width,560px)}}@media (forced-colors:none){.uW2Fw-Sx9Kwc-OWXEXe-vOE8Lb .uW2Fw-P5QLlc{--gm3-elevation-level:var(--gm3-dialog-container-elevation,3)}}.uW2Fw-Sx9Kwc-OWXEXe-vOE8Lb .uW2Fw-k2Wrsb{color:var(--gm3-dialog-headline-color,var(--gm3-sys-color-on-surface,#1f1f1f));font-family:var(--gm3-dialog-headline-font,"Google Sans");line-height:var(--gm3-dialog-headline-line-height,2rem);font-size:var(--gm3-dialog-headline-size,1.5rem);letter-spacing:var(--gm3-dialog-headline-tracking,0);font-weight:var(--gm3-dialog-headline-weight,400)}.uW2Fw-Sx9Kwc-OWXEXe-vOE8Lb .uW2Fw-oclYLd{display:flex}.uW2Fw-Sx9Kwc-OWXEXe-vOE8Lb .uW2Fw-oclYLd .uW2Fw-k2Wrsb{flex-grow:1}.uW2Fw-Sx9Kwc-OWXEXe-vOE8Lb .uW2Fw-oclYLd .uW2Fw-zMU9ub-OWXEXe-suEOdc-sM5MNb{align-self:center}.uW2Fw-Sx9Kwc-OWXEXe-vOE8Lb:not(.uW2Fw-IE5DDf-OWXEXe-uIDLbb) .uW2Fw-P5QLlc{overflow:hidden}.uW2Fw-Sx9Kwc-OWXEXe-vOE8Lb .uW2Fw-oclYLd .uW2Fw-zMU9ub{position:relative;top:4px}.uW2Fw-Sx9Kwc-OWXEXe-vOE8Lb .uW2Fw-oclYLd+.uW2Fw-cnG4Wd{-webkit-padding-before:var(--gm3-dialog-container-content-padding-block-start,0);padding-block-start:var(--gm3-dialog-container-content-padding-block-start,0)}.uW2Fw-Sx9Kwc-OWXEXe-di8rgd-bN97Pc-QFlW2 .uW2Fw-cnG4Wd{-webkit-padding-before:var(--gm3-dialog-container-content-padding-block-start,0);padding-block-start:var(--gm3-dialog-container-content-padding-block-start,0);-webkit-padding-end:var(--gm3-dialog-container-content-padding-inline-end,0);padding-inline-end:var(--gm3-dialog-container-content-padding-inline-end,0);-webkit-padding-after:var(--gm3-dialog-container-content-padding-block-end,0);padding-block-end:var(--gm3-dialog-container-content-padding-block-end,0);-webkit-padding-start:var(--gm3-dialog-container-content-padding-inline-start,0);padding-inline-start:var(--gm3-dialog-container-content-padding-inline-start,0);border-radius:inherit}.uW2Fw-Sx9Kwc-OWXEXe-vOE8Lb .uW2Fw-zMU9ub{right:0;margin-right:12px;top:9px;position:absolute;z-index:1}.uW2Fw-Sx9Kwc-OWXEXe-vOE8Lb .uW2Fw-Sx9Kwc-OWXEXe-s2gQvd .uW2Fw-k2Wrsb{margin-bottom:1px;padding-bottom:15px;border-bottom:var(--gm3-dialog-with-divider-divider-height,1px) solid var(--gm3-dialog-with-divider-divider-color,var(--gm3-sys-color-outline-variant,#c4c7c5))}.uW2Fw-Sx9Kwc-OWXEXe-n9oEIb .uW2Fw-P5QLlc{background-color:var(--gm3-dialog-modal-container-color,var(--gm3-sys-color-surface-container-high,#e9eef6));border-radius:var(--gm3-dialog-modal-container-shape,28px)}@media (forced-colors:none){.uW2Fw-Sx9Kwc-OWXEXe-n9oEIb .uW2Fw-P5QLlc{--gm3-elevation-level:var(--gm3-dialog-modal-container-elevation,3)}}.uW2Fw-Sx9Kwc-OWXEXe-n9oEIb .uW2Fw-oclYLd{position:relative;align-items:flex-start;display:inline-flex;justify-content:space-between;background-color:var(--gm3-dialog-modal-header-container-color,var(--gm3-dialog-modal-container-color,var(--gm3-sys-color-surface-container-high,#e9eef6)))}.uW2Fw-Sx9Kwc-OWXEXe-n9oEIb .uW2Fw-oclYLd+.uW2Fw-cnG4Wd{-webkit-padding-before:var(--gm3-dialog-container-content-padding-block-start,0);padding-block-start:var(--gm3-dialog-container-content-padding-block-start,0)}.uW2Fw-Sx9Kwc-OWXEXe-n9oEIb .uW2Fw-k2Wrsb{color:var(--gm3-dialog-header-headline-color,var(--gm3-sys-color-on-surface,#1f1f1f));font-family:var(--gm3-dialog-header-headline-font,"Google Sans");line-height:var(--gm3-dialog-header-headline-line-height,1.75rem);letter-spacing:var(--gm3-dialog-header-headline-tracking,0);font-weight:var(--gm3-dialog-header-headline-weight,400);font-size:var(--gm3-dialog-header-headline-size,1.375rem)}.uW2Fw-Sx9Kwc-OWXEXe-n9oEIb .uW2Fw-zMU9ub{inset:0;margin-top:18px;-webkit-margin-end:18px;margin-inline-end:18px;--gm3-icon-button-standard-unselected-icon-color:var(--gm3-dialog-header-icon-color,var(--gm3-sys-color-on-surface,#1f1f1f));--gm3-icon-button-standard-unselected-focus-icon-color:var(--gm3-dialog-header-icon-color,var(--gm3-sys-color-on-surface,#1f1f1f));--gm3-icon-button-standard-unselected-hover-icon-color:var(--gm3-dialog-header-icon-color,var(--gm3-sys-color-on-surface,#1f1f1f));--gm3-icon-button-standard-unselected-pressed-icon-color:var(--gm3-dialog-header-icon-color,var(--gm3-sys-color-on-surface,#1f1f1f));--gm3-icon-button-standard-icon-size:var(--gm3-dialog-header-icon-size,24px)}.uW2Fw-Sx9Kwc-OWXEXe-n9oEIb.uW2Fw-Sx9Kwc-OWXEXe-diJVc .uW2Fw-zMU9ub{margin-top:4px;-webkit-margin-end:8px;margin-inline-end:8px}.uW2Fw-Sx9Kwc-OWXEXe-n9oEIb.uW2Fw-Sx9Kwc-OWXEXe-diJVc.uW2Fw-Sx9Kwc-OWXEXe-s2gQvd .uW2Fw-zMU9ub{margin-top:0;margin-bottom:8px}.uW2Fw-Sx9Kwc-OWXEXe-FNFY6c.uW2Fw-P5QLlc-GGAcbc-OWXEXe-TSZdd .uW2Fw-P5QLlc-GGAcbc{opacity:1}.uW2Fw-Sx9Kwc-OWXEXe-FNFY6c.uW2Fw-P5QLlc-GGAcbc-OWXEXe-wJB69c .uW2Fw-P5QLlc-GGAcbc{transition:opacity 75ms linear}.uW2Fw-Sx9Kwc-OWXEXe-FNFY6c.uW2Fw-P5QLlc-GGAcbc-OWXEXe-eo9XGd .uW2Fw-P5QLlc-GGAcbc{transition:opacity .15s linear}.uW2Fw-P5QLlc-GGAcbc{background-color:rgba(0,0,0,.32);display:none;opacity:0;position:absolute;width:100%;height:100%;z-index:1}:is(.uW2Fw-P5QLlc-GGAcbc-OWXEXe-TSZdd,.uW2Fw-P5QLlc-GGAcbc-OWXEXe-eo9XGd,.uW2Fw-P5QLlc-GGAcbc-OWXEXe-wJB69c) .uW2Fw-P5QLlc-GGAcbc{display:block}.uW2Fw-Sx9Kwc-OWXEXe-n9oEIb .uW2Fw-k2Wrsb::before{display:inline-block;width:0;height:0;content:"";vertical-align:0}.uW2Fw-Sx9Kwc-OWXEXe-n9oEIb.uW2Fw-Sx9Kwc-OWXEXe-s2gQvd .uW2Fw-k2Wrsb{margin-bottom:0}.uW2Fw-Sx9Kwc-OWXEXe-n9oEIb.uW2Fw-Sx9Kwc-XuHpsb-clz4Ic-tJHJj .uW2Fw-oclYLd{background-color:var(--gm3-dialog-modal-header-on-scroll-container-color,var(--gm3-sys-color-surface-container-highest,#dde3ea));border-bottom:var(--gm3-dialog-with-divider-divider-height,1px) solid transparent}.uW2Fw-Sx9Kwc-OWXEXe-n9oEIb:not(.uW2Fw-IE5DDf-OWXEXe-uIDLbb) .uW2Fw-P5QLlc{overflow:hidden}@media (max-width:960px){.uW2Fw-Sx9Kwc-OWXEXe-n9oEIb .uW2Fw-P5QLlc{max-height:var(--gm3-dialog-container-max-height,min(560px,100% - 32px));width:var(--gm3-dialog-container-width,560px);height:var(--gm3-dialog-container-height,unset);max-width:var(--gm3-dialog-container-max-width,unset)}.uW2Fw-Sx9Kwc-OWXEXe-n9oEIb .uW2Fw-P5QLlc .uW2Fw-zMU9ub{right:-12px}}@media (max-width:720px){.uW2Fw-Sx9Kwc-OWXEXe-n9oEIb .uW2Fw-P5QLlc{height:var(--gm3-dialog-container-height,unset);width:var(--gm3-dialog-container-width,unset)}}@media (max-width:720px) and (max-width:672px){.uW2Fw-Sx9Kwc-OWXEXe-n9oEIb .uW2Fw-P5QLlc{width:var(--gm3-dialog-container-width,calc(100vw - 112px))}}@media (max-width:720px) and (min-width:672px){.uW2Fw-Sx9Kwc-OWXEXe-n9oEIb .uW2Fw-P5QLlc{width:var(--gm3-dialog-container-width,560px)}}@media (max-width:720px) and (max-height:720px){.uW2Fw-Sx9Kwc-OWXEXe-n9oEIb .uW2Fw-P5QLlc{max-height:var(--gm3-dialog-container-max-height,calc(100vh - 160px))}}@media (max-width:720px) and (min-height:720px){.uW2Fw-Sx9Kwc-OWXEXe-n9oEIb .uW2Fw-P5QLlc{max-height:var(--gm3-dialog-container-max-height,560px)}}@media (max-width:720px){.uW2Fw-Sx9Kwc-OWXEXe-n9oEIb .uW2Fw-zMU9ub{right:-12px}}@media (min-width:960px){.uW2Fw-Sx9Kwc-OWXEXe-n9oEIb .uW2Fw-P5QLlc{width:var(--gm3-dialog-container-width,calc(100vw - 400px));height:var(--gm3-dialog-container-height,unset);max-height:var(--gm3-dialog-container-max-height,calc(100% - 32px));max-width:var(--gm3-dialog-container-max-width,unset)}.uW2Fw-Sx9Kwc-OWXEXe-n9oEIb .uW2Fw-zMU9ub{right:-12px}}@media (max-height:400px),(max-width:600px){.uW2Fw-Sx9Kwc-OWXEXe-n9oEIb .uW2Fw-P5QLlc{height:var(--gm3-dialog-container-height,100%);max-height:var(--gm3-dialog-container-max-height,100vh);max-width:var(--gm3-dialog-container-max-width,100vw);width:var(--gm3-dialog-container-width,100vw);border-radius:var(--gm3-dialog-container-shape,0);background-color:var(--gm3-dialog-container-color,var(--gm3-sys-color-surface,#fff));--gm3-elevation-level:var(--gm3-dialog-container-elevation,0)}.uW2Fw-Sx9Kwc-OWXEXe-n9oEIb .uW2Fw-zMU9ub-OWXEXe-suEOdc-sM5MNb{order:-1}.uW2Fw-Sx9Kwc-OWXEXe-n9oEIb .uW2Fw-zMU9ub{order:-1;left:0;margin:0 4px 0 8px;right:0;top:0}.uW2Fw-Sx9Kwc-OWXEXe-n9oEIb .uW2Fw-oclYLd{align-items:flex-start;justify-content:flex-start;flex:none;padding:8px 0 0;min-height:calc(var(--gm3-dialog-header-container-height, 56px) - 8px);background-color:var(--gm3-dialog-header-container-color,var(--gm3-sys-color-surface,#fff))}.uW2Fw-Sx9Kwc-OWXEXe-n9oEIb.uW2Fw-Sx9Kwc-XuHpsb-clz4Ic-tJHJj .uW2Fw-oclYLd{background-color:var(--gm3-dialog-header-on-scroll-container-color,var(--gm3-sys-color-surface-container,#f0f4f9))}.uW2Fw-Sx9Kwc-OWXEXe-n9oEIb .uW2Fw-k2Wrsb{display:flex;height:fit-content;margin-left:0;padding:6px 0 0}.uW2Fw-Sx9Kwc-OWXEXe-n9oEIb .uW2Fw-P5QLlc .uW2Fw-cnG4Wd{-webkit-padding-before:var(--gm3-dialog-container-content-padding-block-start,var(--gm3-dialog-container-content-surface-padding-block-start,12px));padding-block-start:var(--gm3-dialog-container-content-padding-block-start,var(--gm3-dialog-container-content-surface-padding-block-start,12px));-webkit-padding-end:var(--gm3-dialog-container-content-padding-inline-end,24px);padding-inline-end:var(--gm3-dialog-container-content-padding-inline-end,24px);-webkit-padding-after:var(--gm3-dialog-container-content-padding-block-end,0);padding-block-end:var(--gm3-dialog-container-content-padding-block-end,0);-webkit-padding-start:var(--gm3-dialog-container-content-padding-inline-start,24px);padding-inline-start:var(--gm3-dialog-container-content-padding-inline-start,24px)}.uW2Fw-Sx9Kwc-OWXEXe-n9oEIb .uW2Fw-oclYLd-OWXEXe-diJVc .uW2Fw-zMU9ub-OWXEXe-suEOdc-sM5MNb{top:0;align-self:center}}.pYTkkf-Bz112c-LgbsSe{align-items:center;-webkit-appearance:none;appearance:none;background:transparent;border:none;box-sizing:border-box;cursor:pointer;display:inline-flex;fill:currentColor;justify-content:center;line-height:inherit;outline:none;position:relative;text-rendering:inherit;user-select:none;block-size:var(--gm3-icon-button-standard-container-height,40px);inline-size:var(--gm3-icon-button-standard-container-width,40px);padding-block:calc((var(--gm3-icon-button-standard-container-height, 40px) - var(--gm3-icon-button-standard-icon-size, 24px))/2);padding-inline:calc((var(--gm3-icon-button-standard-container-width, 40px) - var(--gm3-icon-button-standard-icon-size, 24px))/2);border-start-start-radius:min(var(--gm3-icon-button-standard-container-shape-start-start,9999px),var(--gm3-icon-button-standard-container-height,40px)/2);border-end-end-radius:min(var(--gm3-icon-button-standard-container-shape-end-end,9999px),var(--gm3-icon-button-standard-container-height,40px)/2);border-start-end-radius:min(var(--gm3-icon-button-standard-container-shape-start-end,9999px),var(--gm3-icon-button-standard-container-height,40px)/2);border-end-start-radius:min(var(--gm3-icon-button-standard-container-shape-end-start,9999px),var(--gm3-icon-button-standard-container-height,40px)/2);transition:border-radius .35s cubic-bezier(.27,1.06,.18,1);--gm3-focus-ring-outward-color:var(--gm3-icon-button-standard-focus-indicator-color,var(--gm3-sys-color-secondary,#00639b));--gm3-focus-ring-outward-offset:var(--gm3-icon-button-standard-focus-indicator-outline-offset,2px);--gm3-focus-ring-outward-track-width:var(--gm3-icon-button-standard-focus-indicator-thickness,3px);--gm3-focus-ring-outward-target-shape-start-start:min(var(--gm3-icon-button-standard-container-shape-start-start,9999px),var(--gm3-icon-button-standard-container-height,40px)/2);--gm3-focus-ring-outward-target-shape-end-end:min(var(--gm3-icon-button-standard-container-shape-end-end,9999px),var(--gm3-icon-button-standard-container-height,40px)/2);--gm3-focus-ring-outward-target-shape-start-end:min(var(--gm3-icon-button-standard-container-shape-start-end,9999px),var(--gm3-icon-button-standard-container-height,40px)/2);--gm3-focus-ring-outward-target-shape-end-start:min(var(--gm3-icon-button-standard-container-shape-end-start,9999px),var(--gm3-icon-button-standard-container-height,40px)/2)}.pYTkkf-Bz112c-LgbsSe::before{border-radius:inherit;border:1px solid transparent;box-sizing:border-box;content:"";inset:0;pointer-events:none;position:absolute;z-index:1}.pYTkkf-Bz112c-LgbsSe i,.pYTkkf-Bz112c-LgbsSe svg,.pYTkkf-Bz112c-LgbsSe img{block-size:var(--gm3-icon-button-standard-icon-size,24px);font-size:var(--gm3-icon-button-standard-icon-size,24px);inline-size:var(--gm3-icon-button-standard-icon-size,24px)}.pYTkkf-Bz112c-kBDsod-Rtc0Jf.pYTkkf-Bz112c-kBDsod-Rtc0Jf{block-size:var(--gm3-icon-button-standard-icon-size,24px);display:inline-block;inline-size:var(--gm3-icon-button-standard-icon-size,24px);line-height:0;z-index:1}.pYTkkf-Bz112c-kBDsod-Rtc0Jf-OWXEXe-Xhs9z{opacity:1;position:absolute;transition-duration:50ms;transition-property:opacity}.pYTkkf-Bz112c-kBDsod-Rtc0Jf.pYTkkf-Bz112c-kBDsod-Rtc0Jf-OWXEXe-IT5dJd,.pYTkkf-Bz112c-LgbsSe-OWXEXe-IT5dJd .pYTkkf-Bz112c-kBDsod-Rtc0Jf{opacity:0}.pYTkkf-Bz112c-LgbsSe-OWXEXe-IT5dJd .pYTkkf-Bz112c-kBDsod-Rtc0Jf-OWXEXe-IT5dJd{display:inline-block;opacity:1;transition-duration:50ms;transition-property:opacity}.pYTkkf-Bz112c-LgbsSe:focus-visible,.pYTkkf-Bz112c-LgbsSe .pYTkkf-Bz112c-mRLv6:focus-visible~.pYTkkf-Bz112c-UHGRz{--gm3-focus-ring-outward-display:block}.pYTkkf-Bz112c-LgbsSe[hidden]{display:none}[dir=rtl] .pYTkkf-Bz112c-LgbsSe-OWXEXe-drxrmf-Bz112c-bEDTcc-SIsrTd,.pYTkkf-Bz112c-LgbsSe-OWXEXe-drxrmf-Bz112c-bEDTcc-SIsrTd[dir=rtl]{transform:scaleX(-1)}.pYTkkf-Bz112c-mRLv6{block-size:100%;inline-size:100%;left:0;outline:none;position:absolute;top:0}.pYTkkf-Bz112c-RLmnJb{block-size:var(--gm3-icon-button-standard-touch-target-size,48px);inline-size:var(--gm3-icon-button-standard-touch-target-size,48px);left:auto;position:absolute;top:50%;transform:translateY(-50%);z-index:1}.pYTkkf-Bz112c-LgbsSe-OWXEXe-IT5dJd{border-start-start-radius:min(var(--gm3-icon-button-standard-selected-container-shape-start-start,9999px),var(--gm3-icon-button-standard-container-height,40px)/2);border-end-end-radius:min(var(--gm3-icon-button-standard-selected-container-shape-end-end,9999px),var(--gm3-icon-button-standard-container-height,40px)/2);border-start-end-radius:min(var(--gm3-icon-button-standard-selected-container-shape-start-end,9999px),var(--gm3-icon-button-standard-container-height,40px)/2);border-end-start-radius:min(var(--gm3-icon-button-standard-selected-container-shape-end-start,9999px),var(--gm3-icon-button-standard-container-height,40px)/2);--gm3-focus-ring-outward-target-shape-start-start:min(var(--gm3-icon-button-standard-selected-container-shape-start-start,9999px),var(--gm3-icon-button-standard-container-height,40px)/2);--gm3-focus-ring-outward-target-shape-end-end:min(var(--gm3-icon-button-standard-selected-container-shape-end-end,9999px),var(--gm3-icon-button-standard-container-height,40px)/2);--gm3-focus-ring-outward-target-shape-start-end:min(var(--gm3-icon-button-standard-selected-container-shape-start-end,9999px),var(--gm3-icon-button-standard-container-height,40px)/2);--gm3-focus-ring-outward-target-shape-end-start:min(var(--gm3-icon-button-standard-selected-container-shape-end-start,9999px),var(--gm3-icon-button-standard-container-height,40px)/2)}@media not (prefers-reduced-motion){.pYTkkf-Bz112c-LgbsSe:active,.pYTkkf-Bz112c-LgbsSe-OWXEXe-IT5dJd:active{border-start-start-radius:min(var(--gm3-icon-button-standard-pressed-container-shape-start-start,9999px),var(--gm3-icon-button-standard-container-height,40px)/2);border-end-end-radius:min(var(--gm3-icon-button-standard-pressed-container-shape-end-end,9999px),var(--gm3-icon-button-standard-container-height,40px)/2);border-start-end-radius:min(var(--gm3-icon-button-standard-pressed-container-shape-start-end,9999px),var(--gm3-icon-button-standard-container-height,40px)/2);border-end-start-radius:min(var(--gm3-icon-button-standard-pressed-container-shape-end-start,9999px),var(--gm3-icon-button-standard-container-height,40px)/2);--gm3-focus-ring-outward-target-shape-start-start:min(var(--gm3-icon-button-standard-pressed-container-shape-start-start,9999px),var(--gm3-icon-button-standard-container-height,40px)/2);--gm3-focus-ring-outward-target-shape-end-end:min(var(--gm3-icon-button-standard-pressed-container-shape-end-end,9999px),var(--gm3-icon-button-standard-container-height,40px)/2);--gm3-focus-ring-outward-target-shape-start-end:min(var(--gm3-icon-button-standard-pressed-container-shape-start-end,9999px),var(--gm3-icon-button-standard-container-height,40px)/2);--gm3-focus-ring-outward-target-shape-end-start:min(var(--gm3-icon-button-standard-pressed-container-shape-end-start,9999px),var(--gm3-icon-button-standard-container-height,40px)/2)}}.pYTkkf-Bz112c-LgbsSe:disabled{--gm3-ripple-hover-opacity:0;--gm3-ripple-pressed-opacity:0;cursor:default;pointer-events:none}.pYTkkf-Bz112c-LgbsSe-OWXEXe-SfQLQb-suEOdc:disabled{pointer-events:auto}.pYTkkf-Bz112c-LgbsSe{color:var(--gm3-icon-button-standard-unselected-icon-color,var(--gm3-sys-color-on-surface-variant,#444746));will-change:transform,opacity;--gm3-ripple-hover-color:var(--gm3-icon-button-standard-unselected-hover-state-layer-color,var(--gm3-sys-color-on-surface-variant,#444746));--gm3-ripple-hover-opacity:var(--gm3-icon-button-standard-unselected-hover-state-layer-opacity,0.08);--gm3-ripple-pressed-color:var(--gm3-icon-button-standard-unselected-pressed-state-layer-color,var(--gm3-sys-color-on-surface-variant,#444746));--gm3-ripple-pressed-opacity:var(--gm3-icon-button-standard-unselected-pressed-state-layer-opacity,0.1)}.pYTkkf-Bz112c-LgbsSe-OWXEXe-IT5dJd{color:var(--gm3-icon-button-standard-selected-icon-color,var(--gm3-sys-color-primary,#0b57d0));--gm3-ripple-hover-color:var(--gm3-icon-button-standard-selected-hover-state-layer-color,var(--gm3-sys-color-primary,#0b57d0));--gm3-ripple-hover-opacity:var(--gm3-icon-button-standard-selected-hover-state-layer-opacity,0.08);--gm3-ripple-pressed-color:var(--gm3-icon-button-standard-selected-pressed-state-layer-color,var(--gm3-sys-color-primary,#0b57d0));--gm3-ripple-pressed-opacity:var(--gm3-icon-button-standard-selected-pressed-state-layer-opacity,0.1)}.pYTkkf-Bz112c-LgbsSe:hover{color:var(--gm3-icon-button-standard-unselected-hover-icon-color,var(--gm3-sys-color-on-surface-variant,#444746))}.pYTkkf-Bz112c-LgbsSe:focus{color:var(--gm3-icon-button-standard-unselected-focus-icon-color,var(--gm3-sys-color-on-surface-variant,#444746))}.pYTkkf-Bz112c-LgbsSe:active{color:var(--gm3-icon-button-standard-unselected-pressed-icon-color,var(--gm3-sys-color-on-surface-variant,#444746))}.pYTkkf-Bz112c-LgbsSe-OWXEXe-IT5dJd:hover{color:var(--gm3-icon-button-standard-selected-hover-icon-color,var(--gm3-sys-color-primary,#0b57d0))}.pYTkkf-Bz112c-LgbsSe-OWXEXe-IT5dJd:focus{color:var(--gm3-icon-button-standard-selected-focus-icon-color,var(--gm3-sys-color-primary,#0b57d0))}.pYTkkf-Bz112c-LgbsSe-OWXEXe-IT5dJd:active{color:var(--gm3-icon-button-standard-selected-pressed-icon-color,var(--gm3-sys-color-primary,#0b57d0))}.pYTkkf-Bz112c-LgbsSe:disabled{color:var(--gm3-icon-button-standard-disabled-icon-color,rgba(var(--gm3-sys-color-on-surface-rgb,31,31,31),.38))}.ne2Ple-suEOdc{position:fixed;display:none;z-index:var(--gm3-tooltip-plain-z-index,2101)}.ne2Ple-z59Tgd{box-sizing:border-box;min-block-size:24px;min-inline-size:40px;overflow-wrap:anywhere;overflow:hidden;padding-block:4px;padding-inline:8px;word-break:normal;max-block-size:var(--gm3-tooltip-plain-container-max-block-size,40vh)}.ne2Ple-z59Tgd::before{position:absolute;box-sizing:border-box;inline-size:100%;block-size:100%;inset-block-start:0;inset-inline-start:0;border:1px solid transparent;border-radius:inherit;content:"";pointer-events:none}.ne2Ple-suEOdc-OWXEXe-TSZdd,.ne2Ple-suEOdc-OWXEXe-eo9XGd,.ne2Ple-suEOdc-OWXEXe-ZYIfFd{display:inline-flex}.ne2Ple-z59Tgd-OiiCO{opacity:0;transform:scale(.8);will-change:transform,opacity}.ne2Ple-suEOdc-OWXEXe-TSZdd .ne2Ple-z59Tgd-OiiCO{opacity:1;transform:scale(1)}.ne2Ple-suEOdc-OWXEXe-ZYIfFd .ne2Ple-z59Tgd-OiiCO{transform:scale(1)}.ne2Ple-suEOdc-OWXEXe-eo9XGd-RCfa3e .ne2Ple-z59Tgd-OiiCO{transition:opacity .15s 0ms cubic-bezier(0,0,.2,1),transform .15s 0ms cubic-bezier(0,0,.2,1)}.ne2Ple-suEOdc-OWXEXe-ZYIfFd-RCfa3e .ne2Ple-z59Tgd-OiiCO{transition:opacity 75ms 0ms cubic-bezier(.4,0,1,1)}.ne2Ple-suEOdc-OWXEXe-pijamc .ne2Ple-z59Tgd{max-inline-size:200px;background-color:var(--gm3-tooltip-plain-container-color,var(--gm3-sys-color-inverse-surface,#303030));border-radius:var(--gm3-tooltip-plain-container-shape,4px);color:var(--gm3-tooltip-plain-supporting-text-color,var(--gm3-sys-color-inverse-on-surface,#f2f2f2));font-family:var(--gm3-tooltip-plain-supporting-text-font,"Google Sans Flex","Google Sans Text","Google Sans",Roboto,Arial,sans-serif);font-size:var(--gm3-tooltip-plain-supporting-text-size,.75rem);font-weight:var(--gm3-tooltip-plain-supporting-text-weight,400);letter-spacing:var(--gm3-tooltip-plain-supporting-text-tracking,.00625rem);line-height:var(--gm3-tooltip-plain-supporting-text-line-height,1rem);text-align:center;font-variation-settings:var(--gm3-tooltip-plain-supporting-text-font-variation-settings,initial)}.ne2Ple-suEOdc-OWXEXe-LlMNQd .ne2Ple-z59Tgd{text-align:start}.ne2Ple-oshW8e-V67aGc{position:absolute;left:-10000px;top:auto;inline-size:1px;height:1px;overflow:hidden;user-select:none}.TyDcZc,.jC5pMd{padding-bottom:3px;padding-top:9px}.jC5pMd{margin:0}.TyDcZc:empty,.jC5pMd:empty{display:none}.tB5Jxf-xl07Ob-XxIAqe{display:none;position:absolute;box-sizing:border-box;margin:0;padding:0;border-radius:4px;transform:scale(1);transform-origin:top left;opacity:0;will-change:transform,opacity;transition:opacity .03s linear,transform .12s cubic-bezier(0,0,.2,1),height .25s cubic-bezier(0,0,.2,1);z-index:8;max-width:calc(100vw - 32px);max-height:calc(100vw - 32px);background-color:var(--gm3-menu-surface-container-color,var(--gm3-sys-color-surface-container,#f0f4f9));color:#000;--gm3-elevation-level:var(--gm3-menu-surface-container-elevation,2);--gm3-elevation-shadow-color:var(--gm3-menu-surface-container-shadow-color,var(--gm3-sys-color-shadow,#000))}[dir=rtl] .tB5Jxf-xl07Ob-XxIAqe,.tB5Jxf-xl07Ob-XxIAqe[dir=rtl]{transform-origin:top right}.tB5Jxf-xl07Ob-XxIAqe-OWXEXe-Vkfede-QBLLGd{width:100%}.tB5Jxf-xl07Ob-S5Cmsd{overflow:auto;max-height:inherit;border-radius:inherit}.tB5Jxf-xl07Ob-XxIAqe:focus{outline:none}.tB5Jxf-xl07Ob-XxIAqe-OWXEXe-oT9UPb-FNFY6c{display:inline-block;transform:scale(.8);opacity:0}.tB5Jxf-xl07Ob-XxIAqe-OWXEXe-FNFY6c{display:inline-block;transform:scale(1);opacity:1}.tB5Jxf-xl07Ob-XxIAqe-OWXEXe-oT9UPb-xTMeO{display:inline-block;opacity:0;transition:opacity 75ms linear}.tB5Jxf-xl07Ob-XxIAqe-OWXEXe-oYxtQd{position:relative;overflow:visible}.tB5Jxf-xl07Ob-XxIAqe-OWXEXe-qbOKL{position:fixed}.tB5Jxf-xl07Ob-XxIAqe-OWXEXe-uxVfW-FNFY6c-uFfGwd{border-start-start-radius:0;border-start-end-radius:0}.dMNVAe,.FSdAW{padding-bottom:3px;padding-top:9px}.FSdAW{margin:0}.dMNVAe:empty,.FSdAW:empty{display:none}.VfPpkd-NLUYnc-V67aGc{position:absolute;left:0;transform-origin:left top;line-height:1.15rem;text-align:left;text-overflow:ellipsis;white-space:nowrap;cursor:text;overflow:hidden;will-change:transform}[dir=rtl] .VfPpkd-NLUYnc-V67aGc,.VfPpkd-NLUYnc-V67aGc[dir=rtl]{right:0;left:auto;transform-origin:right top;text-align:right}.VfPpkd-NLUYnc-V67aGc-OWXEXe-TATcMc-KLRBe{cursor:auto}.VfPpkd-NLUYnc-V67aGc-OWXEXe-ztc6md:not(.VfPpkd-NLUYnc-V67aGc-OWXEXe-ZYIfFd-ztc6md-vXpfLb)::after{margin-left:1px;margin-right:0;content:"*"}[dir=rtl] .VfPpkd-NLUYnc-V67aGc-OWXEXe-ztc6md:not(.VfPpkd-NLUYnc-V67aGc-OWXEXe-ZYIfFd-ztc6md-vXpfLb)::after,.VfPpkd-NLUYnc-V67aGc-OWXEXe-ztc6md:not(.VfPpkd-NLUYnc-V67aGc-OWXEXe-ZYIfFd-ztc6md-vXpfLb)[dir=rtl]::after{margin-left:0;margin-right:1px}.VfPpkd-NLUYnc-V67aGc{-moz-osx-font-smoothing:grayscale;-webkit-font-smoothing:antialiased;font-family:Roboto,sans-serif;font-family:var(--mdc-typography-subtitle1-font-family,var(--mdc-typography-font-family,Roboto,sans-serif));font-size:1rem;font-size:var(--mdc-typography-subtitle1-font-size,1rem);font-weight:400;font-weight:var(--mdc-typography-subtitle1-font-weight,400);letter-spacing:.009375em;letter-spacing:var(--mdc-typography-subtitle1-letter-spacing,.009375em);text-decoration:inherit;-webkit-text-decoration:var(--mdc-typography-subtitle1-text-decoration,inherit);text-decoration:var(--mdc-typography-subtitle1-text-decoration,inherit);text-transform:inherit;text-transform:var(--mdc-typography-subtitle1-text-transform,inherit);transition:transform .15s cubic-bezier(.4,0,.2,1),color .15s cubic-bezier(.4,0,.2,1)}.VfPpkd-NLUYnc-V67aGc-OWXEXe-TATcMc-KLRBe{transform:translateY(-106%) scale(.75)}.VfPpkd-NLUYnc-V67aGc-OWXEXe-bF1zU{animation:mdc-floating-label-shake-float-above-standard .25s 1}@keyframes mdc-floating-label-shake-float-above-standard{0%{transform:translateX(0) translateY(-106%) scale(.75)}33%{animation-timing-function:cubic-bezier(.5,0,.701732,.495819);transform:translateX(4%) translateY(-106%) scale(.75)}66%{animation-timing-function:cubic-bezier(.302435,.381352,.55,.956352);transform:translateX(-4%) translateY(-106%) scale(.75)}100%{transform:translateX(0) translateY(-106%) scale(.75)}}.VfPpkd-RWgCYc-ksKsZd::before,.VfPpkd-RWgCYc-ksKsZd::after{position:absolute;bottom:0;left:0;width:100%;border-bottom-style:solid;content:""}.VfPpkd-RWgCYc-ksKsZd::before{z-index:1}.VfPpkd-RWgCYc-ksKsZd::after{transform:scaleX(0);opacity:0;z-index:2}.VfPpkd-RWgCYc-ksKsZd-OWXEXe-auswjd::after{transform:scaleX(1);opacity:1}.VfPpkd-RWgCYc-ksKsZd-OWXEXe-JD038d::after{opacity:0}.VfPpkd-RWgCYc-ksKsZd::before{border-bottom-width:1px}.VfPpkd-RWgCYc-ksKsZd::after{border-bottom-width:2px}.VfPpkd-RWgCYc-ksKsZd::after{transition:transform .18s cubic-bezier(.4,0,.2,1),opacity .18s cubic-bezier(.4,0,.2,1)}.VfPpkd-NSFCdd-i5vt6e{display:flex;position:absolute;top:0;right:0;left:0;box-sizing:border-box;width:100%;max-width:100%;height:100%;text-align:left;pointer-events:none}[dir=rtl] .VfPpkd-NSFCdd-i5vt6e,.VfPpkd-NSFCdd-i5vt6e[dir=rtl]{text-align:right}.VfPpkd-NSFCdd-Brv4Fb,.VfPpkd-NSFCdd-Ra9xwd,.VfPpkd-NSFCdd-MpmGFe{box-sizing:border-box;height:100%;pointer-events:none}.VfPpkd-NSFCdd-MpmGFe{flex-grow:1}.VfPpkd-NSFCdd-Ra9xwd{flex:0 0 auto;width:auto}.VfPpkd-NSFCdd-i5vt6e .VfPpkd-NLUYnc-V67aGc{display:inline-block;position:relative;max-width:100%}.VfPpkd-NSFCdd-i5vt6e .VfPpkd-NLUYnc-V67aGc-OWXEXe-TATcMc-KLRBe{text-overflow:clip}.VfPpkd-NSFCdd-i5vt6e-OWXEXe-mWPk3d .VfPpkd-NLUYnc-V67aGc-OWXEXe-TATcMc-KLRBe{max-width:133.3333333333%}.VfPpkd-NSFCdd-i5vt6e-OWXEXe-NSFCdd .VfPpkd-NSFCdd-Ra9xwd{padding-left:0;padding-right:8px;border-top:none}[dir=rtl] .VfPpkd-NSFCdd-i5vt6e-OWXEXe-NSFCdd .VfPpkd-NSFCdd-Ra9xwd,.VfPpkd-NSFCdd-i5vt6e-OWXEXe-NSFCdd .VfPpkd-NSFCdd-Ra9xwd[dir=rtl]{padding-left:8px;padding-right:0}.VfPpkd-NSFCdd-i5vt6e-OWXEXe-di8rgd-V67aGc .VfPpkd-NSFCdd-Ra9xwd{display:none}.VfPpkd-NSFCdd-Brv4Fb,.VfPpkd-NSFCdd-Ra9xwd,.VfPpkd-NSFCdd-MpmGFe{border-top:1px solid;border-bottom:1px solid}.VfPpkd-NSFCdd-Brv4Fb{border-left:1px solid;border-right:none;width:12px}[dir=rtl] .VfPpkd-NSFCdd-Brv4Fb,.VfPpkd-NSFCdd-Brv4Fb[dir=rtl]{border-left:none;border-right:1px solid}.VfPpkd-NSFCdd-MpmGFe{border-left:none;border-right:1px solid}[dir=rtl] .VfPpkd-NSFCdd-MpmGFe,.VfPpkd-NSFCdd-MpmGFe[dir=rtl]{border-left:1px solid;border-right:none}.VfPpkd-NSFCdd-Ra9xwd{max-width:calc(100% - 24px)}.VfPpkd-I9GLp-yrriRe{display:inline-flex;align-items:center;vertical-align:middle}.VfPpkd-I9GLp-yrriRe[hidden]{display:none}.VfPpkd-I9GLp-yrriRe>label{margin-left:0;margin-right:auto;padding-left:4px;padding-right:0;order:0}[dir=rtl] .VfPpkd-I9GLp-yrriRe>label,.VfPpkd-I9GLp-yrriRe>label[dir=rtl]{margin-left:auto;margin-right:0}[dir=rtl] .VfPpkd-I9GLp-yrriRe>label,.VfPpkd-I9GLp-yrriRe>label[dir=rtl]{padding-left:0;padding-right:4px}.VfPpkd-I9GLp-yrriRe-OWXEXe-WrakWd>label{text-overflow:ellipsis;overflow:hidden;white-space:nowrap}.VfPpkd-I9GLp-yrriRe-OWXEXe-fW01td-CpWD9d>label{margin-left:auto;margin-right:0;padding-left:0;padding-right:4px;order:-1}[dir=rtl] .VfPpkd-I9GLp-yrriRe-OWXEXe-fW01td-CpWD9d>label,.VfPpkd-I9GLp-yrriRe-OWXEXe-fW01td-CpWD9d>label[dir=rtl]{margin-left:0;margin-right:auto}[dir=rtl] .VfPpkd-I9GLp-yrriRe-OWXEXe-fW01td-CpWD9d>label,.VfPpkd-I9GLp-yrriRe-OWXEXe-fW01td-CpWD9d>label[dir=rtl]{padding-left:4px;padding-right:0}.VfPpkd-I9GLp-yrriRe-OWXEXe-fozPsf-t6UvL{justify-content:space-between}.VfPpkd-I9GLp-yrriRe-OWXEXe-fozPsf-t6UvL>label{margin:0}[dir=rtl] .VfPpkd-I9GLp-yrriRe-OWXEXe-fozPsf-t6UvL>label,.VfPpkd-I9GLp-yrriRe-OWXEXe-fozPsf-t6UvL>label[dir=rtl]{margin:0}.VfPpkd-I9GLp-yrriRe{font-family:Roboto,sans-serif;font-family:var(--mdc-form-field-label-text-font,Roboto,sans-serif);line-height:1.25rem;line-height:var(--mdc-form-field-label-text-line-height,1.25rem);font-size:.875rem;font-size:var(--mdc-form-field-label-text-size,.875rem);font-weight:400;font-weight:var(--mdc-form-field-label-text-weight,400);letter-spacing:.0178571429em;letter-spacing:var(--mdc-form-field-label-text-tracking,.0178571429em);color:rgba(0,0,0,.87);color:var(--mdc-form-field-label-text-color,var(--mdc-theme-text-primary-on-background,rgba(0,0,0,.87)))}.MlG5Jc{font-family:Roboto,Arial,sans-serif;line-height:1.25rem;font-size:.875rem;letter-spacing:.0142857143em;font-weight:400}.MlG5Jc gm-checkbox[disabled]~.VfPpkd-V67aGc,.MlG5Jc gm-radio[disabled]~.VfPpkd-V67aGc,.MlG5Jc .VfPpkd-MPu53c-OWXEXe-OWB6Me~.VfPpkd-V67aGc,.MlG5Jc .VfPpkd-GCYh9b-OWXEXe-OWB6Me~.VfPpkd-V67aGc{color:rgb(95,99,104)}.VfPpkd-MPu53c{padding:11px;padding:calc((var(--mdc-checkbox-ripple-size, 40px) - 18px)/2);margin:0;margin:calc((var(--mdc-checkbox-touch-target-size, 40px) - 40px)/2)}.VfPpkd-MPu53c .VfPpkd-OYHm6b::before,.VfPpkd-MPu53c .VfPpkd-OYHm6b::after{background-color:#000;background-color:var(--mdc-ripple-color,#000)}.VfPpkd-MPu53c:hover .VfPpkd-OYHm6b::before,.VfPpkd-MPu53c.VfPpkd-ksKsZd-XxIAqe-OWXEXe-ZmdkE .VfPpkd-OYHm6b::before{opacity:.04;opacity:var(--mdc-ripple-hover-opacity,.04)}.VfPpkd-MPu53c.VfPpkd-ksKsZd-mWPk3d-OWXEXe-AHe6Kc-XpnDCe .VfPpkd-OYHm6b::before,.VfPpkd-MPu53c:not(.VfPpkd-ksKsZd-mWPk3d):focus .VfPpkd-OYHm6b::before{transition-duration:75ms;opacity:.12;opacity:var(--mdc-ripple-focus-opacity,.12)}.VfPpkd-MPu53c:not(.VfPpkd-ksKsZd-mWPk3d) .VfPpkd-OYHm6b::after{transition:opacity .15s linear}.VfPpkd-MPu53c:not(.VfPpkd-ksKsZd-mWPk3d):active .VfPpkd-OYHm6b::after{transition-duration:75ms;opacity:.12;opacity:var(--mdc-ripple-press-opacity,.12)}.VfPpkd-MPu53c.VfPpkd-ksKsZd-mWPk3d{--mdc-ripple-fg-opacity:var(--mdc-ripple-press-opacity,0.12)}.VfPpkd-MPu53c.VfPpkd-MPu53c-OWXEXe-gk6SMd .VfPpkd-OYHm6b::before,.VfPpkd-MPu53c.VfPpkd-MPu53c-OWXEXe-gk6SMd .VfPpkd-OYHm6b::after{background-color:#018786;background-color:var(--mdc-ripple-color,var(--mdc-theme-secondary,#018786))}.VfPpkd-MPu53c.VfPpkd-MPu53c-OWXEXe-gk6SMd:hover .VfPpkd-OYHm6b::before,.VfPpkd-MPu53c.VfPpkd-MPu53c-OWXEXe-gk6SMd.VfPpkd-ksKsZd-XxIAqe-OWXEXe-ZmdkE .VfPpkd-OYHm6b::before{opacity:.04;opacity:var(--mdc-ripple-hover-opacity,.04)}.VfPpkd-MPu53c.VfPpkd-MPu53c-OWXEXe-gk6SMd.VfPpkd-ksKsZd-mWPk3d-OWXEXe-AHe6Kc-XpnDCe .VfPpkd-OYHm6b::before,.VfPpkd-MPu53c.VfPpkd-MPu53c-OWXEXe-gk6SMd:not(.VfPpkd-ksKsZd-mWPk3d):focus .VfPpkd-OYHm6b::before{transition-duration:75ms;opacity:.12;opacity:var(--mdc-ripple-focus-opacity,.12)}.VfPpkd-MPu53c.VfPpkd-MPu53c-OWXEXe-gk6SMd:not(.VfPpkd-ksKsZd-mWPk3d) .VfPpkd-OYHm6b::after{transition:opacity .15s linear}.VfPpkd-MPu53c.VfPpkd-MPu53c-OWXEXe-gk6SMd:not(.VfPpkd-ksKsZd-mWPk3d):active .VfPpkd-OYHm6b::after{transition-duration:75ms;opacity:.12;opacity:var(--mdc-ripple-press-opacity,.12)}.VfPpkd-MPu53c.VfPpkd-MPu53c-OWXEXe-gk6SMd.VfPpkd-ksKsZd-mWPk3d{--mdc-ripple-fg-opacity:var(--mdc-ripple-press-opacity,0.12)}.VfPpkd-MPu53c.VfPpkd-ksKsZd-mWPk3d-OWXEXe-AHe6Kc-XpnDCe.VfPpkd-MPu53c-OWXEXe-gk6SMd .VfPpkd-OYHm6b::before,.VfPpkd-MPu53c.VfPpkd-ksKsZd-mWPk3d-OWXEXe-AHe6Kc-XpnDCe.VfPpkd-MPu53c-OWXEXe-gk6SMd .VfPpkd-OYHm6b::after{background-color:#018786;background-color:var(--mdc-ripple-color,var(--mdc-theme-secondary,#018786))}.VfPpkd-MPu53c .VfPpkd-YQoJzd{top:11px;top:calc((var(--mdc-checkbox-ripple-size, 40px) - 18px)/2);left:11px;left:calc((var(--mdc-checkbox-ripple-size, 40px) - 18px)/2)}.VfPpkd-MPu53c .VfPpkd-muHVFf-bMcfAe{top:0;top:calc((40px - var(--mdc-checkbox-touch-target-size, 40px))/2);right:0;right:calc((40px - var(--mdc-checkbox-touch-target-size, 40px))/2);left:0;left:calc((40px - var(--mdc-checkbox-touch-target-size, 40px))/2);width:40px;width:var(--mdc-checkbox-touch-target-size,40px);height:40px;height:var(--mdc-checkbox-touch-target-size,40px)}.VfPpkd-MPu53c .VfPpkd-muHVFf-bMcfAe:enabled:not(:checked):not(:indeterminate):not([data-indeterminate=true])~.VfPpkd-YQoJzd{border-color:rgba(0,0,0,.54);border-color:var(--mdc-checkbox-unchecked-color,rgba(0,0,0,.54));background-color:transparent}.VfPpkd-MPu53c .VfPpkd-muHVFf-bMcfAe:enabled:checked~.VfPpkd-YQoJzd,.VfPpkd-MPu53c .VfPpkd-muHVFf-bMcfAe:enabled:indeterminate~.VfPpkd-YQoJzd,.VfPpkd-MPu53c .VfPpkd-muHVFf-bMcfAe[data-indeterminate=true]:enabled~.VfPpkd-YQoJzd{border-color:#018786;border-color:var(--mdc-checkbox-checked-color,var(--mdc-theme-secondary,#018786));background-color:#018786;background-color:var(--mdc-checkbox-checked-color,var(--mdc-theme-secondary,#018786))}@keyframes mdc-checkbox-fade-in-background-8A000000FF01878600000000FF018786{0%{border-color:rgba(0,0,0,.54);border-color:var(--mdc-checkbox-unchecked-color,rgba(0,0,0,.54));background-color:transparent}50%{border-color:#018786;border-color:var(--mdc-checkbox-checked-color,var(--mdc-theme-secondary,#018786));background-color:#018786;background-color:var(--mdc-checkbox-checked-color,var(--mdc-theme-secondary,#018786))}}@keyframes mdc-checkbox-fade-out-background-8A000000FF01878600000000FF018786{0%,80%{border-color:#018786;border-color:var(--mdc-checkbox-checked-color,var(--mdc-theme-secondary,#018786));background-color:#018786;background-color:var(--mdc-checkbox-checked-color,var(--mdc-theme-secondary,#018786))}100%{border-color:rgba(0,0,0,.54);border-color:var(--mdc-checkbox-unchecked-color,rgba(0,0,0,.54));background-color:transparent}}.VfPpkd-MPu53c.VfPpkd-MPu53c-OWXEXe-vwu2ne-iAfbIe-barxie .VfPpkd-muHVFf-bMcfAe:enabled~.VfPpkd-YQoJzd,.VfPpkd-MPu53c.VfPpkd-MPu53c-OWXEXe-vwu2ne-iAfbIe-A9y3zc .VfPpkd-muHVFf-bMcfAe:enabled~.VfPpkd-YQoJzd{animation-name:mdc-checkbox-fade-in-background-8A000000FF01878600000000FF018786}.VfPpkd-MPu53c.VfPpkd-MPu53c-OWXEXe-vwu2ne-barxie-iAfbIe .VfPpkd-muHVFf-bMcfAe:enabled~.VfPpkd-YQoJzd,.VfPpkd-MPu53c.VfPpkd-MPu53c-OWXEXe-vwu2ne-A9y3zc-iAfbIe .VfPpkd-muHVFf-bMcfAe:enabled~.VfPpkd-YQoJzd{animation-name:mdc-checkbox-fade-out-background-8A000000FF01878600000000FF018786}.VfPpkd-MPu53c .VfPpkd-muHVFf-bMcfAe[disabled]:not(:checked):not(:indeterminate):not([data-indeterminate=true])~.VfPpkd-YQoJzd{border-color:rgba(0,0,0,.38);border-color:var(--mdc-checkbox-disabled-color,rgba(0,0,0,.38));background-color:transparent}.VfPpkd-MPu53c .VfPpkd-muHVFf-bMcfAe[disabled]:checked~.VfPpkd-YQoJzd,.VfPpkd-MPu53c .VfPpkd-muHVFf-bMcfAe[disabled]:indeterminate~.VfPpkd-YQoJzd,.VfPpkd-MPu53c .VfPpkd-muHVFf-bMcfAe[data-indeterminate=true][disabled]~.VfPpkd-YQoJzd{border-color:transparent;background-color:rgba(0,0,0,.38);background-color:var(--mdc-checkbox-disabled-color,rgba(0,0,0,.38))}.VfPpkd-MPu53c .VfPpkd-muHVFf-bMcfAe:enabled~.VfPpkd-YQoJzd .VfPpkd-HUofsb{color:#fff;color:var(--mdc-checkbox-ink-color,#fff)}.VfPpkd-MPu53c .VfPpkd-muHVFf-bMcfAe:enabled~.VfPpkd-YQoJzd .VfPpkd-SJnn3d{border-color:#fff;border-color:var(--mdc-checkbox-ink-color,#fff)}.VfPpkd-MPu53c .VfPpkd-muHVFf-bMcfAe:disabled~.VfPpkd-YQoJzd .VfPpkd-HUofsb{color:#fff;color:var(--mdc-checkbox-ink-color,#fff)}.VfPpkd-MPu53c .VfPpkd-muHVFf-bMcfAe:disabled~.VfPpkd-YQoJzd .VfPpkd-SJnn3d{border-color:#fff;border-color:var(--mdc-checkbox-ink-color,#fff)}@keyframes mdc-checkbox-unchecked-checked-checkmark-path{0%,50%{stroke-dashoffset:29.7833385}50%{animation-timing-function:cubic-bezier(0,0,.2,1)}100%{stroke-dashoffset:0}}@keyframes mdc-checkbox-unchecked-indeterminate-mixedmark{0%,68.2%{transform:scaleX(0)}68.2%{animation-timing-function:cubic-bezier(0,0,0,1)}100%{transform:scaleX(1)}}@keyframes mdc-checkbox-checked-unchecked-checkmark-path{from{animation-timing-function:cubic-bezier(.4,0,1,1);opacity:1;stroke-dashoffset:0}to{opacity:0;stroke-dashoffset:-29.7833385}}@keyframes mdc-checkbox-checked-indeterminate-checkmark{from{animation-timing-function:cubic-bezier(0,0,.2,1);transform:rotate(0deg);opacity:1}to{transform:rotate(45deg);opacity:0}}@keyframes mdc-checkbox-indeterminate-checked-checkmark{from{animation-timing-function:cubic-bezier(.14,0,0,1);transform:rotate(45deg);opacity:0}to{transform:rotate(1turn);opacity:1}}@keyframes mdc-checkbox-checked-indeterminate-mixedmark{from{animation-timing-function:mdc-animation-deceleration-curve-timing-function;transform:rotate(-45deg);opacity:0}to{transform:rotate(0deg);opacity:1}}@keyframes mdc-checkbox-indeterminate-checked-mixedmark{from{animation-timing-function:cubic-bezier(.14,0,0,1);transform:rotate(0deg);opacity:1}to{transform:rotate(315deg);opacity:0}}@keyframes mdc-checkbox-indeterminate-unchecked-mixedmark{0%{animation-timing-function:linear;transform:scaleX(1);opacity:1}32.8%,100%{transform:scaleX(0);opacity:0}}.VfPpkd-MPu53c{display:inline-block;position:relative;flex:0 0 18px;box-sizing:content-box;width:18px;height:18px;line-height:0;white-space:nowrap;cursor:pointer;vertical-align:bottom}.VfPpkd-MPu53c[hidden]{display:none}.VfPpkd-MPu53c.VfPpkd-ksKsZd-mWPk3d-OWXEXe-AHe6Kc-XpnDCe .VfPpkd-sMek6-LhBDec,.VfPpkd-MPu53c:not(.VfPpkd-ksKsZd-mWPk3d):focus .VfPpkd-sMek6-LhBDec{pointer-events:none;border:2px solid transparent;border-radius:6px;box-sizing:content-box;position:absolute;top:50%;left:50%;transform:translate(-50%,-50%);height:100%;width:100%}@media screen and (forced-colors:active){.VfPpkd-MPu53c.VfPpkd-ksKsZd-mWPk3d-OWXEXe-AHe6Kc-XpnDCe .VfPpkd-sMek6-LhBDec,.VfPpkd-MPu53c:not(.VfPpkd-ksKsZd-mWPk3d):focus .VfPpkd-sMek6-LhBDec{border-color:CanvasText}}.VfPpkd-MPu53c.VfPpkd-ksKsZd-mWPk3d-OWXEXe-AHe6Kc-XpnDCe .VfPpkd-sMek6-LhBDec::after,.VfPpkd-MPu53c:not(.VfPpkd-ksKsZd-mWPk3d):focus .VfPpkd-sMek6-LhBDec::after{content:"";border:2px solid transparent;border-radius:8px;display:block;position:absolute;top:50%;left:50%;transform:translate(-50%,-50%);height:calc(100% + 4px);width:calc(100% + 4px)}@media screen and (forced-colors:active){.VfPpkd-MPu53c.VfPpkd-ksKsZd-mWPk3d-OWXEXe-AHe6Kc-XpnDCe .VfPpkd-sMek6-LhBDec::after,.VfPpkd-MPu53c:not(.VfPpkd-ksKsZd-mWPk3d):focus .VfPpkd-sMek6-LhBDec::after{border-color:CanvasText}}@media (-ms-high-contrast:none){.VfPpkd-MPu53c .VfPpkd-sMek6-LhBDec{display:none}}@media (-ms-high-contrast:active),screen and (forced-colors:active){.VfPpkd-SJnn3d{margin:0 1px}}.VfPpkd-MPu53c-OWXEXe-OWB6Me{cursor:default;pointer-events:none}.VfPpkd-YQoJzd{display:inline-flex;position:absolute;align-items:center;justify-content:center;box-sizing:border-box;width:18px;height:18px;border:2px solid currentColor;border-radius:2px;background-color:transparent;pointer-events:none;will-change:background-color,border-color;transition:background-color 90ms 0ms cubic-bezier(.4,0,.6,1),border-color 90ms 0ms cubic-bezier(.4,0,.6,1)}.VfPpkd-HUofsb{position:absolute;top:0;right:0;bottom:0;left:0;width:100%;opacity:0;transition:opacity .18s 0ms cubic-bezier(.4,0,.6,1)}.VfPpkd-MPu53c-OWXEXe-mWPk3d .VfPpkd-HUofsb{opacity:1}.VfPpkd-HUofsb-Jt5cK{transition:stroke-dashoffset .18s 0ms cubic-bezier(.4,0,.6,1);stroke:currentColor;stroke-width:3.12px;stroke-dashoffset:29.7833385;stroke-dasharray:29.7833385}.VfPpkd-SJnn3d{width:100%;height:0;transform:scaleX(0) rotate(0deg);border-width:1px;border-style:solid;opacity:0;transition:opacity 90ms 0ms cubic-bezier(.4,0,.6,1),transform 90ms 0ms cubic-bezier(.4,0,.6,1)}.VfPpkd-MPu53c-OWXEXe-vwu2ne-iAfbIe-barxie .VfPpkd-YQoJzd,.VfPpkd-MPu53c-OWXEXe-vwu2ne-iAfbIe-A9y3zc .VfPpkd-YQoJzd,.VfPpkd-MPu53c-OWXEXe-vwu2ne-barxie-iAfbIe .VfPpkd-YQoJzd,.VfPpkd-MPu53c-OWXEXe-vwu2ne-A9y3zc-iAfbIe .VfPpkd-YQoJzd{animation-duration:.18s;animation-timing-function:linear}.VfPpkd-MPu53c-OWXEXe-vwu2ne-iAfbIe-barxie .VfPpkd-HUofsb-Jt5cK{animation:mdc-checkbox-unchecked-checked-checkmark-path .18s linear 0s;transition:none}.VfPpkd-MPu53c-OWXEXe-vwu2ne-iAfbIe-A9y3zc .VfPpkd-SJnn3d{animation:mdc-checkbox-unchecked-indeterminate-mixedmark 90ms linear 0s;transition:none}.VfPpkd-MPu53c-OWXEXe-vwu2ne-barxie-iAfbIe .VfPpkd-HUofsb-Jt5cK{animation:mdc-checkbox-checked-unchecked-checkmark-path 90ms linear 0s;transition:none}.VfPpkd-MPu53c-OWXEXe-vwu2ne-barxie-A9y3zc .VfPpkd-HUofsb{animation:mdc-checkbox-checked-indeterminate-checkmark 90ms linear 0s;transition:none}.VfPpkd-MPu53c-OWXEXe-vwu2ne-barxie-A9y3zc .VfPpkd-SJnn3d{animation:mdc-checkbox-checked-indeterminate-mixedmark 90ms linear 0s;transition:none}.VfPpkd-MPu53c-OWXEXe-vwu2ne-A9y3zc-barxie .VfPpkd-HUofsb{animation:mdc-checkbox-indeterminate-checked-checkmark .5s linear 0s;transition:none}.VfPpkd-MPu53c-OWXEXe-vwu2ne-A9y3zc-barxie .VfPpkd-SJnn3d{animation:mdc-checkbox-indeterminate-checked-mixedmark .5s linear 0s;transition:none}.VfPpkd-MPu53c-OWXEXe-vwu2ne-A9y3zc-iAfbIe .VfPpkd-SJnn3d{animation:mdc-checkbox-indeterminate-unchecked-mixedmark .3s linear 0s;transition:none}.VfPpkd-muHVFf-bMcfAe:checked~.VfPpkd-YQoJzd,.VfPpkd-muHVFf-bMcfAe:indeterminate~.VfPpkd-YQoJzd,.VfPpkd-muHVFf-bMcfAe[data-indeterminate=true]~.VfPpkd-YQoJzd{transition:border-color 90ms 0ms cubic-bezier(0,0,.2,1),background-color 90ms 0ms cubic-bezier(0,0,.2,1)}.VfPpkd-muHVFf-bMcfAe:checked~.VfPpkd-YQoJzd .VfPpkd-HUofsb-Jt5cK,.VfPpkd-muHVFf-bMcfAe:indeterminate~.VfPpkd-YQoJzd .VfPpkd-HUofsb-Jt5cK,.VfPpkd-muHVFf-bMcfAe[data-indeterminate=true]~.VfPpkd-YQoJzd .VfPpkd-HUofsb-Jt5cK{stroke-dashoffset:0}.VfPpkd-muHVFf-bMcfAe{position:absolute;margin:0;padding:0;opacity:0;cursor:inherit}.VfPpkd-muHVFf-bMcfAe:disabled{cursor:default;pointer-events:none}.VfPpkd-MPu53c-OWXEXe-dgl2Hf{margin:4px;margin:calc((var(--mdc-checkbox-state-layer-size, 48px) - var(--mdc-checkbox-state-layer-size, 40px))/2)}.VfPpkd-MPu53c-OWXEXe-dgl2Hf .VfPpkd-muHVFf-bMcfAe{top:-4px;top:calc((var(--mdc-checkbox-state-layer-size, 40px) - var(--mdc-checkbox-state-layer-size, 48px))/2);right:-4px;right:calc((var(--mdc-checkbox-state-layer-size, 40px) - var(--mdc-checkbox-state-layer-size, 48px))/2);left:-4px;left:calc((var(--mdc-checkbox-state-layer-size, 40px) - var(--mdc-checkbox-state-layer-size, 48px))/2);width:48px;width:var(--mdc-checkbox-state-layer-size,48px);height:48px;height:var(--mdc-checkbox-state-layer-size,48px)}.VfPpkd-muHVFf-bMcfAe:checked~.VfPpkd-YQoJzd .VfPpkd-HUofsb{transition:opacity .18s 0ms cubic-bezier(0,0,.2,1),transform .18s 0ms cubic-bezier(0,0,.2,1);opacity:1}.VfPpkd-muHVFf-bMcfAe:checked~.VfPpkd-YQoJzd .VfPpkd-SJnn3d{transform:scaleX(1) rotate(-45deg)}.VfPpkd-muHVFf-bMcfAe:indeterminate~.VfPpkd-YQoJzd .VfPpkd-HUofsb,.VfPpkd-muHVFf-bMcfAe[data-indeterminate=true]~.VfPpkd-YQoJzd .VfPpkd-HUofsb{transform:rotate(45deg);opacity:0;transition:opacity 90ms 0ms cubic-bezier(.4,0,.6,1),transform 90ms 0ms cubic-bezier(.4,0,.6,1)}.VfPpkd-muHVFf-bMcfAe:indeterminate~.VfPpkd-YQoJzd .VfPpkd-SJnn3d,.VfPpkd-muHVFf-bMcfAe[data-indeterminate=true]~.VfPpkd-YQoJzd .VfPpkd-SJnn3d{transform:scaleX(1) rotate(0deg);opacity:1}.VfPpkd-MPu53c.VfPpkd-MPu53c-OWXEXe-mWPk3d .VfPpkd-YQoJzd,.VfPpkd-MPu53c.VfPpkd-MPu53c-OWXEXe-mWPk3d .VfPpkd-HUofsb,.VfPpkd-MPu53c.VfPpkd-MPu53c-OWXEXe-mWPk3d .VfPpkd-HUofsb-Jt5cK,.VfPpkd-MPu53c.VfPpkd-MPu53c-OWXEXe-mWPk3d .VfPpkd-SJnn3d{transition:none}.VfPpkd-MPu53c{--mdc-ripple-fg-size:0;--mdc-ripple-left:0;--mdc-ripple-top:0;--mdc-ripple-fg-scale:1;--mdc-ripple-fg-translate-end:0;--mdc-ripple-fg-translate-start:0;-webkit-tap-highlight-color:rgba(0,0,0,0);will-change:transform,opacity}.VfPpkd-MPu53c .VfPpkd-OYHm6b::before,.VfPpkd-MPu53c .VfPpkd-OYHm6b::after{position:absolute;border-radius:50%;opacity:0;pointer-events:none;content:""}.VfPpkd-MPu53c .VfPpkd-OYHm6b::before{transition:opacity 15ms linear,background-color 15ms linear;z-index:1;z-index:var(--mdc-ripple-z-index,1)}.VfPpkd-MPu53c .VfPpkd-OYHm6b::after{z-index:0;z-index:var(--mdc-ripple-z-index,0)}.VfPpkd-MPu53c.VfPpkd-ksKsZd-mWPk3d .VfPpkd-OYHm6b::before{transform:scale(var(--mdc-ripple-fg-scale,1))}.VfPpkd-MPu53c.VfPpkd-ksKsZd-mWPk3d .VfPpkd-OYHm6b::after{top:0;left:0;transform:scale(0);transform-origin:center center}.VfPpkd-MPu53c.VfPpkd-ksKsZd-mWPk3d-OWXEXe-ZNMTqd .VfPpkd-OYHm6b::after{top:var(--mdc-ripple-top,0);left:var(--mdc-ripple-left,0)}.VfPpkd-MPu53c.VfPpkd-ksKsZd-mWPk3d-OWXEXe-Tv8l5d-lJfZMc .VfPpkd-OYHm6b::after{animation:mdc-ripple-fg-radius-in 225ms forwards,mdc-ripple-fg-opacity-in 75ms forwards}.VfPpkd-MPu53c.VfPpkd-ksKsZd-mWPk3d-OWXEXe-Tv8l5d-OmS1vf .VfPpkd-OYHm6b::after{animation:mdc-ripple-fg-opacity-out .15s;transform:translate(var(--mdc-ripple-fg-translate-end,0)) scale(var(--mdc-ripple-fg-scale,1))}.VfPpkd-MPu53c .VfPpkd-OYHm6b::before,.VfPpkd-MPu53c .VfPpkd-OYHm6b::after{top:0;left:0;width:100%;height:100%}.VfPpkd-MPu53c.VfPpkd-ksKsZd-mWPk3d .VfPpkd-OYHm6b::before,.VfPpkd-MPu53c.VfPpkd-ksKsZd-mWPk3d .VfPpkd-OYHm6b::after{top:var(--mdc-ripple-top,0);left:var(--mdc-ripple-left,0);width:var(--mdc-ripple-fg-size,100%);height:var(--mdc-ripple-fg-size,100%)}.VfPpkd-MPu53c.VfPpkd-ksKsZd-mWPk3d .VfPpkd-OYHm6b::after{width:var(--mdc-ripple-fg-size,100%);height:var(--mdc-ripple-fg-size,100%)}.VfPpkd-MPu53c{z-index:0}.VfPpkd-MPu53c .VfPpkd-OYHm6b::before,.VfPpkd-MPu53c .VfPpkd-OYHm6b::after{z-index:-1;z-index:var(--mdc-ripple-z-index,-1)}.VfPpkd-OYHm6b{position:absolute;top:0;left:0;width:100%;height:100%;pointer-events:none}@media (-ms-high-contrast:active),screen and (forced-colors:active){.VfPpkd-MPu53c .VfPpkd-muHVFf-bMcfAe[disabled]:not(:checked):not(:indeterminate):not([data-indeterminate=true])~.VfPpkd-YQoJzd{border-color:GrayText;border-color:var(--mdc-checkbox-disabled-unselected-icon-color,GrayText);background-color:transparent}.VfPpkd-MPu53c .VfPpkd-muHVFf-bMcfAe[disabled]:checked~.VfPpkd-YQoJzd,.VfPpkd-MPu53c .VfPpkd-muHVFf-bMcfAe[disabled]:indeterminate~.VfPpkd-YQoJzd,.VfPpkd-MPu53c .VfPpkd-muHVFf-bMcfAe[data-indeterminate=true][disabled]~.VfPpkd-YQoJzd{border-color:GrayText;background-color:GrayText;background-color:var(--mdc-checkbox-disabled-selected-icon-color,GrayText)}.VfPpkd-MPu53c .VfPpkd-muHVFf-bMcfAe:enabled~.VfPpkd-YQoJzd .VfPpkd-HUofsb{color:ButtonText;color:var(--mdc-checkbox-selected-checkmark-color,ButtonText)}.VfPpkd-MPu53c .VfPpkd-muHVFf-bMcfAe:enabled~.VfPpkd-YQoJzd .VfPpkd-SJnn3d{border-color:ButtonText;border-color:var(--mdc-checkbox-selected-checkmark-color,ButtonText)}.VfPpkd-MPu53c .VfPpkd-muHVFf-bMcfAe:disabled~.VfPpkd-YQoJzd .VfPpkd-HUofsb{color:ButtonFace;color:var(--mdc-checkbox-disabled-selected-checkmark-color,ButtonFace)}.VfPpkd-MPu53c .VfPpkd-muHVFf-bMcfAe:disabled~.VfPpkd-YQoJzd .VfPpkd-SJnn3d{border-color:ButtonFace;border-color:var(--mdc-checkbox-disabled-selected-checkmark-color,ButtonFace)}}.Ne8lhe .VfPpkd-muHVFf-bMcfAe[disabled]:not(:checked):not(:indeterminate):not([data-indeterminate=true])~.VfPpkd-YQoJzd{border-color:rgba(60,64,67,.38);border-color:var(--mdc-checkbox-disabled-unselected-icon-color,rgba(60,64,67,.38));background-color:transparent}.Ne8lhe .VfPpkd-muHVFf-bMcfAe[disabled]:checked~.VfPpkd-YQoJzd,.Ne8lhe .VfPpkd-muHVFf-bMcfAe[disabled]:indeterminate~.VfPpkd-YQoJzd,.Ne8lhe .VfPpkd-muHVFf-bMcfAe[data-indeterminate=true][disabled]~.VfPpkd-YQoJzd{border-color:transparent;background-color:rgba(60,64,67,.38);background-color:var(--mdc-checkbox-disabled-selected-icon-color,rgba(60,64,67,.38))}.Ne8lhe .VfPpkd-muHVFf-bMcfAe:enabled~.VfPpkd-YQoJzd .VfPpkd-HUofsb{color:#fff;color:var(--mdc-checkbox-selected-checkmark-color,#fff)}.Ne8lhe .VfPpkd-muHVFf-bMcfAe:enabled~.VfPpkd-YQoJzd .VfPpkd-SJnn3d{border-color:#fff;border-color:var(--mdc-checkbox-selected-checkmark-color,#fff)}.Ne8lhe .VfPpkd-muHVFf-bMcfAe:disabled~.VfPpkd-YQoJzd .VfPpkd-HUofsb{color:#fff;color:var(--mdc-checkbox-disabled-selected-checkmark-color,#fff)}.Ne8lhe .VfPpkd-muHVFf-bMcfAe:disabled~.VfPpkd-YQoJzd .VfPpkd-SJnn3d{border-color:#fff;border-color:var(--mdc-checkbox-disabled-selected-checkmark-color,#fff)}.Ne8lhe .VfPpkd-muHVFf-bMcfAe:enabled:not(:checked):not(:indeterminate):not([data-indeterminate=true])~.VfPpkd-YQoJzd{border-color:#5f6368;border-color:var(--mdc-checkbox-unselected-icon-color,#5f6368);background-color:transparent}.Ne8lhe .VfPpkd-muHVFf-bMcfAe:enabled:checked~.VfPpkd-YQoJzd,.Ne8lhe .VfPpkd-muHVFf-bMcfAe:enabled:indeterminate~.VfPpkd-YQoJzd,.Ne8lhe .VfPpkd-muHVFf-bMcfAe[data-indeterminate=true]:enabled~.VfPpkd-YQoJzd{border-color:#1a73e8;border-color:var(--mdc-checkbox-selected-icon-color,#1a73e8);background-color:#1a73e8;background-color:var(--mdc-checkbox-selected-icon-color,#1a73e8)}@keyframes mdc-checkbox-fade-in-background-FF5F6368FF1A73E800000000FF1A73E8{0%{border-color:#5f6368;border-color:var(--mdc-checkbox-unselected-icon-color,#5f6368);background-color:transparent}50%{border-color:#1a73e8;border-color:var(--mdc-checkbox-selected-icon-color,#1a73e8);background-color:#1a73e8;background-color:var(--mdc-checkbox-selected-icon-color,#1a73e8)}}@keyframes mdc-checkbox-fade-out-background-FF5F6368FF1A73E800000000FF1A73E8{0%,80%{border-color:#1a73e8;border-color:var(--mdc-checkbox-selected-icon-color,#1a73e8);background-color:#1a73e8;background-color:var(--mdc-checkbox-selected-icon-color,#1a73e8)}100%{border-color:#5f6368;border-color:var(--mdc-checkbox-unselected-icon-color,#5f6368);background-color:transparent}}.Ne8lhe.VfPpkd-MPu53c-OWXEXe-vwu2ne-iAfbIe-barxie .VfPpkd-muHVFf-bMcfAe:enabled~.VfPpkd-YQoJzd,.Ne8lhe.VfPpkd-MPu53c-OWXEXe-vwu2ne-iAfbIe-A9y3zc .VfPpkd-muHVFf-bMcfAe:enabled~.VfPpkd-YQoJzd{animation-name:mdc-checkbox-fade-in-background-FF5F6368FF1A73E800000000FF1A73E8}.Ne8lhe.VfPpkd-MPu53c-OWXEXe-vwu2ne-barxie-iAfbIe .VfPpkd-muHVFf-bMcfAe:enabled~.VfPpkd-YQoJzd,.Ne8lhe.VfPpkd-MPu53c-OWXEXe-vwu2ne-A9y3zc-iAfbIe .VfPpkd-muHVFf-bMcfAe:enabled~.VfPpkd-YQoJzd{animation-name:mdc-checkbox-fade-out-background-FF5F6368FF1A73E800000000FF1A73E8}.Ne8lhe:hover .VfPpkd-muHVFf-bMcfAe:enabled:not(:checked):not(:indeterminate):not([data-indeterminate=true])~.VfPpkd-YQoJzd{border-color:#202124;border-color:var(--mdc-checkbox-unselected-hover-icon-color,#202124);background-color:transparent}.Ne8lhe:hover .VfPpkd-muHVFf-bMcfAe:enabled:checked~.VfPpkd-YQoJzd,.Ne8lhe:hover .VfPpkd-muHVFf-bMcfAe:enabled:indeterminate~.VfPpkd-YQoJzd,.Ne8lhe:hover .VfPpkd-muHVFf-bMcfAe[data-indeterminate=true]:enabled~.VfPpkd-YQoJzd{border-color:#174ea6;border-color:var(--mdc-checkbox-selected-hover-icon-color,#174ea6);background-color:#174ea6;background-color:var(--mdc-checkbox-selected-hover-icon-color,#174ea6)}.Ne8lhe:hover.VfPpkd-MPu53c-OWXEXe-vwu2ne-iAfbIe-barxie .VfPpkd-muHVFf-bMcfAe:enabled~.VfPpkd-YQoJzd,.Ne8lhe:hover.VfPpkd-MPu53c-OWXEXe-vwu2ne-iAfbIe-A9y3zc .VfPpkd-muHVFf-bMcfAe:enabled~.VfPpkd-YQoJzd{animation-name:mdc-checkbox-fade-in-background-FF202124FF174EA600000000FF174EA6}.Ne8lhe:hover.VfPpkd-MPu53c-OWXEXe-vwu2ne-barxie-iAfbIe .VfPpkd-muHVFf-bMcfAe:enabled~.VfPpkd-YQoJzd,.Ne8lhe:hover.VfPpkd-MPu53c-OWXEXe-vwu2ne-A9y3zc-iAfbIe .VfPpkd-muHVFf-bMcfAe:enabled~.VfPpkd-YQoJzd{animation-name:mdc-checkbox-fade-out-background-FF202124FF174EA600000000FF174EA6}.Ne8lhe.VfPpkd-ksKsZd-mWPk3d-OWXEXe-AHe6Kc-XpnDCe .VfPpkd-muHVFf-bMcfAe:enabled:not(:checked):not(:indeterminate):not([data-indeterminate=true])~.VfPpkd-YQoJzd,.Ne8lhe:not(.VfPpkd-ksKsZd-mWPk3d):focus .VfPpkd-muHVFf-bMcfAe:enabled:not(:checked):not(:indeterminate):not([data-indeterminate=true])~.VfPpkd-YQoJzd{border-color:#202124;border-color:var(--mdc-checkbox-unselected-focus-icon-color,#202124);background-color:transparent}.Ne8lhe.VfPpkd-ksKsZd-mWPk3d-OWXEXe-AHe6Kc-XpnDCe .VfPpkd-muHVFf-bMcfAe:enabled:checked~.VfPpkd-YQoJzd,.Ne8lhe.VfPpkd-ksKsZd-mWPk3d-OWXEXe-AHe6Kc-XpnDCe .VfPpkd-muHVFf-bMcfAe:enabled:indeterminate~.VfPpkd-YQoJzd,.Ne8lhe.VfPpkd-ksKsZd-mWPk3d-OWXEXe-AHe6Kc-XpnDCe .VfPpkd-muHVFf-bMcfAe[data-indeterminate=true]:enabled~.VfPpkd-YQoJzd,.Ne8lhe:not(.VfPpkd-ksKsZd-mWPk3d):focus .VfPpkd-muHVFf-bMcfAe:enabled:checked~.VfPpkd-YQoJzd,.Ne8lhe:not(.VfPpkd-ksKsZd-mWPk3d):focus .VfPpkd-muHVFf-bMcfAe:enabled:indeterminate~.VfPpkd-YQoJzd,.Ne8lhe:not(.VfPpkd-ksKsZd-mWPk3d):focus .VfPpkd-muHVFf-bMcfAe[data-indeterminate=true]:enabled~.VfPpkd-YQoJzd{border-color:#174ea6;border-color:var(--mdc-checkbox-selected-focus-icon-color,#174ea6);background-color:#174ea6;background-color:var(--mdc-checkbox-selected-focus-icon-color,#174ea6)}.Ne8lhe.VfPpkd-ksKsZd-mWPk3d-OWXEXe-AHe6Kc-XpnDCe.VfPpkd-MPu53c-OWXEXe-vwu2ne-iAfbIe-barxie .VfPpkd-muHVFf-bMcfAe:enabled~.VfPpkd-YQoJzd,.Ne8lhe.VfPpkd-ksKsZd-mWPk3d-OWXEXe-AHe6Kc-XpnDCe.VfPpkd-MPu53c-OWXEXe-vwu2ne-iAfbIe-A9y3zc .VfPpkd-muHVFf-bMcfAe:enabled~.VfPpkd-YQoJzd,.Ne8lhe:not(.VfPpkd-ksKsZd-mWPk3d):focus.VfPpkd-MPu53c-OWXEXe-vwu2ne-iAfbIe-barxie .VfPpkd-muHVFf-bMcfAe:enabled~.VfPpkd-YQoJzd,.Ne8lhe:not(.VfPpkd-ksKsZd-mWPk3d):focus.VfPpkd-MPu53c-OWXEXe-vwu2ne-iAfbIe-A9y3zc .VfPpkd-muHVFf-bMcfAe:enabled~.VfPpkd-YQoJzd{animation-name:mdc-checkbox-fade-in-background-FF202124FF174EA600000000FF174EA6}.Ne8lhe.VfPpkd-ksKsZd-mWPk3d-OWXEXe-AHe6Kc-XpnDCe.VfPpkd-MPu53c-OWXEXe-vwu2ne-barxie-iAfbIe .VfPpkd-muHVFf-bMcfAe:enabled~.VfPpkd-YQoJzd,.Ne8lhe.VfPpkd-ksKsZd-mWPk3d-OWXEXe-AHe6Kc-XpnDCe.VfPpkd-MPu53c-OWXEXe-vwu2ne-A9y3zc-iAfbIe .VfPpkd-muHVFf-bMcfAe:enabled~.VfPpkd-YQoJzd,.Ne8lhe:not(.VfPpkd-ksKsZd-mWPk3d):focus.VfPpkd-MPu53c-OWXEXe-vwu2ne-barxie-iAfbIe .VfPpkd-muHVFf-bMcfAe:enabled~.VfPpkd-YQoJzd,.Ne8lhe:not(.VfPpkd-ksKsZd-mWPk3d):focus.VfPpkd-MPu53c-OWXEXe-vwu2ne-A9y3zc-iAfbIe .VfPpkd-muHVFf-bMcfAe:enabled~.VfPpkd-YQoJzd{animation-name:mdc-checkbox-fade-out-background-FF202124FF174EA600000000FF174EA6}.Ne8lhe:not(:disabled):active .VfPpkd-muHVFf-bMcfAe:enabled:not(:checked):not(:indeterminate):not([data-indeterminate=true])~.VfPpkd-YQoJzd{border-color:#202124;border-color:var(--mdc-checkbox-unselected-pressed-icon-color,#202124);background-color:transparent}.Ne8lhe:not(:disabled):active .VfPpkd-muHVFf-bMcfAe:enabled:checked~.VfPpkd-YQoJzd,.Ne8lhe:not(:disabled):active .VfPpkd-muHVFf-bMcfAe:enabled:indeterminate~.VfPpkd-YQoJzd,.Ne8lhe:not(:disabled):active .VfPpkd-muHVFf-bMcfAe[data-indeterminate=true]:enabled~.VfPpkd-YQoJzd{border-color:#174ea6;border-color:var(--mdc-checkbox-selected-pressed-icon-color,#174ea6);background-color:#174ea6;background-color:var(--mdc-checkbox-selected-pressed-icon-color,#174ea6)}@keyframes mdc-checkbox-fade-in-background-FF202124FF174EA600000000FF174EA6{0%{border-color:#202124;border-color:var(--mdc-checkbox-unselected-pressed-icon-color,#202124);background-color:transparent}50%{border-color:#174ea6;border-color:var(--mdc-checkbox-selected-pressed-icon-color,#174ea6);background-color:#174ea6;background-color:var(--mdc-checkbox-selected-pressed-icon-color,#174ea6)}}@keyframes mdc-checkbox-fade-out-background-FF202124FF174EA600000000FF174EA6{0%,80%{border-color:#174ea6;border-color:var(--mdc-checkbox-selected-pressed-icon-color,#174ea6);background-color:#174ea6;background-color:var(--mdc-checkbox-selected-pressed-icon-color,#174ea6)}100%{border-color:#202124;border-color:var(--mdc-checkbox-unselected-pressed-icon-color,#202124);background-color:transparent}}.Ne8lhe:not(:disabled):active.VfPpkd-MPu53c-OWXEXe-vwu2ne-iAfbIe-barxie .VfPpkd-muHVFf-bMcfAe:enabled~.VfPpkd-YQoJzd,.Ne8lhe:not(:disabled):active.VfPpkd-MPu53c-OWXEXe-vwu2ne-iAfbIe-A9y3zc .VfPpkd-muHVFf-bMcfAe:enabled~.VfPpkd-YQoJzd{animation-name:mdc-checkbox-fade-in-background-FF202124FF174EA600000000FF174EA6}.Ne8lhe:not(:disabled):active.VfPpkd-MPu53c-OWXEXe-vwu2ne-barxie-iAfbIe .VfPpkd-muHVFf-bMcfAe:enabled~.VfPpkd-YQoJzd,.Ne8lhe:not(:disabled):active.VfPpkd-MPu53c-OWXEXe-vwu2ne-A9y3zc-iAfbIe .VfPpkd-muHVFf-bMcfAe:enabled~.VfPpkd-YQoJzd{animation-name:mdc-checkbox-fade-out-background-FF202124FF174EA600000000FF174EA6}.Ne8lhe .VfPpkd-OYHm6b::before,.Ne8lhe .VfPpkd-OYHm6b::after{background-color:#3c4043;background-color:var(--mdc-checkbox-unselected-hover-state-layer-color,#3c4043)}.Ne8lhe:hover .VfPpkd-OYHm6b::before,.Ne8lhe.VfPpkd-ksKsZd-XxIAqe-OWXEXe-ZmdkE .VfPpkd-OYHm6b::before{opacity:.04;opacity:var(--mdc-checkbox-unselected-hover-state-layer-opacity,.04)}.Ne8lhe.VfPpkd-ksKsZd-mWPk3d-OWXEXe-AHe6Kc-XpnDCe .VfPpkd-OYHm6b::before,.Ne8lhe:not(.VfPpkd-ksKsZd-mWPk3d):focus .VfPpkd-OYHm6b::before{transition-duration:75ms;opacity:.12;opacity:var(--mdc-checkbox-unselected-focus-state-layer-opacity,.12)}.Ne8lhe:not(.VfPpkd-ksKsZd-mWPk3d) .VfPpkd-OYHm6b::after{transition:opacity .15s linear}.Ne8lhe:not(.VfPpkd-ksKsZd-mWPk3d):active .VfPpkd-OYHm6b::after{transition-duration:75ms;opacity:.1;opacity:var(--mdc-checkbox-unselected-pressed-state-layer-opacity,.1)}.Ne8lhe.VfPpkd-ksKsZd-mWPk3d{--mdc-ripple-fg-opacity:var(--mdc-checkbox-unselected-pressed-state-layer-opacity,0.1)}.Ne8lhe .VfPpkd-OYHm6b::before{background-color:#3c4043;background-color:var(--mdc-checkbox-unselected-hover-state-layer-color,#3c4043)}.Ne8lhe .VfPpkd-OYHm6b::after{background-color:#1a73e8;background-color:var(--mdc-checkbox-unselected-pressed-state-layer-color,#1a73e8)}.Ne8lhe.VfPpkd-MPu53c-OWXEXe-gk6SMd .VfPpkd-OYHm6b::before,.Ne8lhe.VfPpkd-MPu53c-OWXEXe-gk6SMd .VfPpkd-OYHm6b::after{background-color:#1a73e8;background-color:var(--mdc-checkbox-selected-hover-state-layer-color,#1a73e8)}.Ne8lhe.VfPpkd-MPu53c-OWXEXe-gk6SMd:hover .VfPpkd-OYHm6b::before,.Ne8lhe.VfPpkd-MPu53c-OWXEXe-gk6SMd.VfPpkd-ksKsZd-XxIAqe-OWXEXe-ZmdkE .VfPpkd-OYHm6b::before{opacity:.04;opacity:var(--mdc-checkbox-selected-hover-state-layer-opacity,.04)}.Ne8lhe.VfPpkd-MPu53c-OWXEXe-gk6SMd.VfPpkd-ksKsZd-mWPk3d-OWXEXe-AHe6Kc-XpnDCe .VfPpkd-OYHm6b::before,.Ne8lhe.VfPpkd-MPu53c-OWXEXe-gk6SMd:not(.VfPpkd-ksKsZd-mWPk3d):focus .VfPpkd-OYHm6b::before{transition-duration:75ms;opacity:.12;opacity:var(--mdc-checkbox-selected-focus-state-layer-opacity,.12)}.Ne8lhe.VfPpkd-MPu53c-OWXEXe-gk6SMd:not(.VfPpkd-ksKsZd-mWPk3d) .VfPpkd-OYHm6b::after{transition:opacity .15s linear}.Ne8lhe.VfPpkd-MPu53c-OWXEXe-gk6SMd:not(.VfPpkd-ksKsZd-mWPk3d):active .VfPpkd-OYHm6b::after{transition-duration:75ms;opacity:.1;opacity:var(--mdc-checkbox-selected-pressed-state-layer-opacity,.1)}.Ne8lhe.VfPpkd-MPu53c-OWXEXe-gk6SMd.VfPpkd-ksKsZd-mWPk3d{--mdc-ripple-fg-opacity:var(--mdc-checkbox-selected-pressed-state-layer-opacity,0.1)}.Ne8lhe.VfPpkd-ksKsZd-mWPk3d-OWXEXe-AHe6Kc-XpnDCe.VfPpkd-MPu53c-OWXEXe-gk6SMd .VfPpkd-OYHm6b::before,.Ne8lhe.VfPpkd-ksKsZd-mWPk3d-OWXEXe-AHe6Kc-XpnDCe.VfPpkd-MPu53c-OWXEXe-gk6SMd .VfPpkd-OYHm6b::after{background-color:#1a73e8;background-color:var(--mdc-checkbox-selected-hover-state-layer-color,#1a73e8)}@media (-ms-high-contrast:active),screen and (forced-colors:active){.Ne8lhe .VfPpkd-muHVFf-bMcfAe[disabled]:not(:checked):not(:indeterminate):not([data-indeterminate=true])~.VfPpkd-YQoJzd{border-color:GrayText;border-color:var(--mdc-checkbox-disabled-unselected-icon-color,GrayText);background-color:transparent}.Ne8lhe .VfPpkd-muHVFf-bMcfAe[disabled]:checked~.VfPpkd-YQoJzd,.Ne8lhe .VfPpkd-muHVFf-bMcfAe[disabled]:indeterminate~.VfPpkd-YQoJzd,.Ne8lhe .VfPpkd-muHVFf-bMcfAe[data-indeterminate=true][disabled]~.VfPpkd-YQoJzd{border-color:GrayText;background-color:GrayText;background-color:var(--mdc-checkbox-disabled-selected-icon-color,GrayText)}.Ne8lhe .VfPpkd-muHVFf-bMcfAe:enabled~.VfPpkd-YQoJzd .VfPpkd-HUofsb{color:ButtonText;color:var(--mdc-checkbox-selected-checkmark-color,ButtonText)}.Ne8lhe .VfPpkd-muHVFf-bMcfAe:enabled~.VfPpkd-YQoJzd .VfPpkd-SJnn3d{border-color:ButtonText;border-color:var(--mdc-checkbox-selected-checkmark-color,ButtonText)}.Ne8lhe .VfPpkd-muHVFf-bMcfAe:disabled~.VfPpkd-YQoJzd .VfPpkd-HUofsb{color:ButtonFace;color:var(--mdc-checkbox-disabled-selected-checkmark-color,ButtonFace)}.Ne8lhe .VfPpkd-muHVFf-bMcfAe:disabled~.VfPpkd-YQoJzd .VfPpkd-SJnn3d{border-color:ButtonFace;border-color:var(--mdc-checkbox-disabled-selected-checkmark-color,ButtonFace)}}.az2ine{will-change:unset}.VfPpkd-GCYh9b{padding:10px}.VfPpkd-GCYh9b .VfPpkd-gBXA9-bMcfAe:enabled:not(:checked)+.VfPpkd-RsCWK .VfPpkd-wVo5xe-LkdAo{border-color:rgba(0,0,0,.54)}.VfPpkd-GCYh9b .VfPpkd-gBXA9-bMcfAe:enabled:checked+.VfPpkd-RsCWK .VfPpkd-wVo5xe-LkdAo{border-color:#018786;border-color:var(--mdc-theme-secondary,#018786)}.VfPpkd-GCYh9b .VfPpkd-gBXA9-bMcfAe:enabled+.VfPpkd-RsCWK .VfPpkd-Z5TpLc-LkdAo{border-color:#018786;border-color:var(--mdc-theme-secondary,#018786)}.VfPpkd-GCYh9b [aria-disabled=true] .VfPpkd-gBXA9-bMcfAe:not(:checked)+.VfPpkd-RsCWK .VfPpkd-wVo5xe-LkdAo,.VfPpkd-GCYh9b .VfPpkd-gBXA9-bMcfAe:disabled:not(:checked)+.VfPpkd-RsCWK .VfPpkd-wVo5xe-LkdAo{border-color:rgba(0,0,0,.38)}.VfPpkd-GCYh9b [aria-disabled=true] .VfPpkd-gBXA9-bMcfAe:checked+.VfPpkd-RsCWK .VfPpkd-wVo5xe-LkdAo,.VfPpkd-GCYh9b .VfPpkd-gBXA9-bMcfAe:disabled:checked+.VfPpkd-RsCWK .VfPpkd-wVo5xe-LkdAo{border-color:rgba(0,0,0,.38)}.VfPpkd-GCYh9b [aria-disabled=true] .VfPpkd-gBXA9-bMcfAe+.VfPpkd-RsCWK .VfPpkd-Z5TpLc-LkdAo,.VfPpkd-GCYh9b .VfPpkd-gBXA9-bMcfAe:disabled+.VfPpkd-RsCWK .VfPpkd-Z5TpLc-LkdAo{border-color:rgba(0,0,0,.38)}.VfPpkd-GCYh9b .VfPpkd-RsCWK::before{background-color:#018786;background-color:var(--mdc-theme-secondary,#018786)}.VfPpkd-GCYh9b .VfPpkd-RsCWK::before{top:-10px;left:-10px;width:40px;height:40px}.VfPpkd-GCYh9b .VfPpkd-gBXA9-bMcfAe{top:0;right:0;left:0;width:40px;height:40px}@media (-ms-high-contrast:active),screen and (forced-colors:active){.VfPpkd-GCYh9b.VfPpkd-GCYh9b-OWXEXe-OWB6Me [aria-disabled=true] .VfPpkd-gBXA9-bMcfAe:not(:checked)+.VfPpkd-RsCWK .VfPpkd-wVo5xe-LkdAo,.VfPpkd-GCYh9b.VfPpkd-GCYh9b-OWXEXe-OWB6Me .VfPpkd-gBXA9-bMcfAe:disabled:not(:checked)+.VfPpkd-RsCWK .VfPpkd-wVo5xe-LkdAo{border-color:GrayText}.VfPpkd-GCYh9b.VfPpkd-GCYh9b-OWXEXe-OWB6Me [aria-disabled=true] .VfPpkd-gBXA9-bMcfAe:checked+.VfPpkd-RsCWK .VfPpkd-wVo5xe-LkdAo,.VfPpkd-GCYh9b.VfPpkd-GCYh9b-OWXEXe-OWB6Me .VfPpkd-gBXA9-bMcfAe:disabled:checked+.VfPpkd-RsCWK .VfPpkd-wVo5xe-LkdAo{border-color:GrayText}.VfPpkd-GCYh9b.VfPpkd-GCYh9b-OWXEXe-OWB6Me [aria-disabled=true] .VfPpkd-gBXA9-bMcfAe+.VfPpkd-RsCWK .VfPpkd-Z5TpLc-LkdAo,.VfPpkd-GCYh9b.VfPpkd-GCYh9b-OWXEXe-OWB6Me .VfPpkd-gBXA9-bMcfAe:disabled+.VfPpkd-RsCWK .VfPpkd-Z5TpLc-LkdAo{border-color:GrayText}}.VfPpkd-GCYh9b{display:inline-block;position:relative;flex:0 0 auto;box-sizing:content-box;width:20px;height:20px;cursor:pointer;will-change:opacity,transform,border-color,color}.VfPpkd-GCYh9b[hidden]{display:none}.VfPpkd-RsCWK{display:inline-block;position:relative;box-sizing:border-box;width:20px;height:20px}.VfPpkd-RsCWK::before{position:absolute;transform:scale(0,0);border-radius:50%;opacity:0;pointer-events:none;content:"";transition:opacity .12s 0ms cubic-bezier(.4,0,.6,1),transform .12s 0ms cubic-bezier(.4,0,.6,1)}.VfPpkd-wVo5xe-LkdAo{position:absolute;top:0;left:0;box-sizing:border-box;width:100%;height:100%;border-width:2px;border-style:solid;border-radius:50%;transition:border-color .12s 0ms cubic-bezier(.4,0,.6,1)}.VfPpkd-Z5TpLc-LkdAo{position:absolute;top:0;left:0;box-sizing:border-box;width:100%;height:100%;transform:scale(0,0);border-width:10px;border-style:solid;border-radius:50%;transition:transform .12s 0ms cubic-bezier(.4,0,.6,1),border-color .12s 0ms cubic-bezier(.4,0,.6,1)}.VfPpkd-gBXA9-bMcfAe{position:absolute;margin:0;padding:0;opacity:0;cursor:inherit;z-index:1}.VfPpkd-GCYh9b-OWXEXe-dgl2Hf{margin-top:4px;margin-bottom:4px;margin-right:4px;margin-left:4px}.VfPpkd-GCYh9b-OWXEXe-dgl2Hf .VfPpkd-gBXA9-bMcfAe{top:-4px;right:-4px;left:-4px;width:48px;height:48px}.VfPpkd-GCYh9b.VfPpkd-ksKsZd-mWPk3d-OWXEXe-AHe6Kc-XpnDCe .VfPpkd-r6xRoe-LhBDec,.VfPpkd-GCYh9b:not(.VfPpkd-ksKsZd-mWPk3d):focus .VfPpkd-r6xRoe-LhBDec{pointer-events:none;border:2px solid transparent;border-radius:6px;box-sizing:content-box;position:absolute;top:50%;left:50%;transform:translate(-50%,-50%);height:100%;width:100%}@media screen and (forced-colors:active){.VfPpkd-GCYh9b.VfPpkd-ksKsZd-mWPk3d-OWXEXe-AHe6Kc-XpnDCe .VfPpkd-r6xRoe-LhBDec,.VfPpkd-GCYh9b:not(.VfPpkd-ksKsZd-mWPk3d):focus .VfPpkd-r6xRoe-LhBDec{border-color:CanvasText}}.VfPpkd-GCYh9b.VfPpkd-ksKsZd-mWPk3d-OWXEXe-AHe6Kc-XpnDCe .VfPpkd-r6xRoe-LhBDec::after,.VfPpkd-GCYh9b:not(.VfPpkd-ksKsZd-mWPk3d):focus .VfPpkd-r6xRoe-LhBDec::after{content:"";border:2px solid transparent;border-radius:8px;display:block;position:absolute;top:50%;left:50%;transform:translate(-50%,-50%);height:calc(100% + 4px);width:calc(100% + 4px)}@media screen and (forced-colors:active){.VfPpkd-GCYh9b.VfPpkd-ksKsZd-mWPk3d-OWXEXe-AHe6Kc-XpnDCe .VfPpkd-r6xRoe-LhBDec::after,.VfPpkd-GCYh9b:not(.VfPpkd-ksKsZd-mWPk3d):focus .VfPpkd-r6xRoe-LhBDec::after{border-color:CanvasText}}.VfPpkd-gBXA9-bMcfAe:checked+.VfPpkd-RsCWK,.VfPpkd-gBXA9-bMcfAe:disabled+.VfPpkd-RsCWK{transition:opacity .12s 0ms cubic-bezier(0,0,.2,1),transform .12s 0ms cubic-bezier(0,0,.2,1)}.VfPpkd-gBXA9-bMcfAe:checked+.VfPpkd-RsCWK .VfPpkd-wVo5xe-LkdAo,.VfPpkd-gBXA9-bMcfAe:disabled+.VfPpkd-RsCWK .VfPpkd-wVo5xe-LkdAo{transition:border-color .12s 0ms cubic-bezier(0,0,.2,1)}.VfPpkd-gBXA9-bMcfAe:checked+.VfPpkd-RsCWK .VfPpkd-Z5TpLc-LkdAo,.VfPpkd-gBXA9-bMcfAe:disabled+.VfPpkd-RsCWK .VfPpkd-Z5TpLc-LkdAo{transition:transform .12s 0ms cubic-bezier(0,0,.2,1),border-color .12s 0ms cubic-bezier(0,0,.2,1)}.VfPpkd-GCYh9b-OWXEXe-OWB6Me{cursor:default;pointer-events:none}.VfPpkd-gBXA9-bMcfAe:checked+.VfPpkd-RsCWK .VfPpkd-Z5TpLc-LkdAo{transform:scale(.5);transition:transform .12s 0ms cubic-bezier(0,0,.2,1),border-color .12s 0ms cubic-bezier(0,0,.2,1)}.VfPpkd-gBXA9-bMcfAe:disabled+.VfPpkd-RsCWK,[aria-disabled=true] .VfPpkd-gBXA9-bMcfAe+.VfPpkd-RsCWK{cursor:default}.VfPpkd-gBXA9-bMcfAe:focus+.VfPpkd-RsCWK::before{transform:scale(1);opacity:.12;transition:opacity .12s 0ms cubic-bezier(0,0,.2,1),transform .12s 0ms cubic-bezier(0,0,.2,1)}.VfPpkd-GCYh9b{--mdc-ripple-fg-size:0;--mdc-ripple-left:0;--mdc-ripple-top:0;--mdc-ripple-fg-scale:1;--mdc-ripple-fg-translate-end:0;--mdc-ripple-fg-translate-start:0;-webkit-tap-highlight-color:rgba(0,0,0,0);will-change:transform,opacity}.VfPpkd-GCYh9b .VfPpkd-eHTEvd::before,.VfPpkd-GCYh9b .VfPpkd-eHTEvd::after{position:absolute;border-radius:50%;opacity:0;pointer-events:none;content:""}.VfPpkd-GCYh9b .VfPpkd-eHTEvd::before{transition:opacity 15ms linear,background-color 15ms linear;z-index:1;z-index:var(--mdc-ripple-z-index,1)}.VfPpkd-GCYh9b .VfPpkd-eHTEvd::after{z-index:0;z-index:var(--mdc-ripple-z-index,0)}.VfPpkd-GCYh9b.VfPpkd-ksKsZd-mWPk3d .VfPpkd-eHTEvd::before{transform:scale(var(--mdc-ripple-fg-scale,1))}.VfPpkd-GCYh9b.VfPpkd-ksKsZd-mWPk3d .VfPpkd-eHTEvd::after{top:0;left:0;transform:scale(0);transform-origin:center center}.VfPpkd-GCYh9b.VfPpkd-ksKsZd-mWPk3d-OWXEXe-ZNMTqd .VfPpkd-eHTEvd::after{top:var(--mdc-ripple-top,0);left:var(--mdc-ripple-left,0)}.VfPpkd-GCYh9b.VfPpkd-ksKsZd-mWPk3d-OWXEXe-Tv8l5d-lJfZMc .VfPpkd-eHTEvd::after{animation:mdc-ripple-fg-radius-in 225ms forwards,mdc-ripple-fg-opacity-in 75ms forwards}.VfPpkd-GCYh9b.VfPpkd-ksKsZd-mWPk3d-OWXEXe-Tv8l5d-OmS1vf .VfPpkd-eHTEvd::after{animation:mdc-ripple-fg-opacity-out .15s;transform:translate(var(--mdc-ripple-fg-translate-end,0)) scale(var(--mdc-ripple-fg-scale,1))}.VfPpkd-GCYh9b .VfPpkd-eHTEvd::before,.VfPpkd-GCYh9b .VfPpkd-eHTEvd::after{top:0;left:0;width:100%;height:100%}.VfPpkd-GCYh9b.VfPpkd-ksKsZd-mWPk3d .VfPpkd-eHTEvd::before,.VfPpkd-GCYh9b.VfPpkd-ksKsZd-mWPk3d .VfPpkd-eHTEvd::after{top:var(--mdc-ripple-top,0);left:var(--mdc-ripple-left,0);width:var(--mdc-ripple-fg-size,100%);height:var(--mdc-ripple-fg-size,100%)}.VfPpkd-GCYh9b.VfPpkd-ksKsZd-mWPk3d .VfPpkd-eHTEvd::after{width:var(--mdc-ripple-fg-size,100%);height:var(--mdc-ripple-fg-size,100%)}.VfPpkd-GCYh9b .VfPpkd-eHTEvd::before,.VfPpkd-GCYh9b .VfPpkd-eHTEvd::after{background-color:#018786;background-color:var(--mdc-ripple-color,var(--mdc-theme-secondary,#018786))}.VfPpkd-GCYh9b:hover .VfPpkd-eHTEvd::before,.VfPpkd-GCYh9b.VfPpkd-ksKsZd-XxIAqe-OWXEXe-ZmdkE .VfPpkd-eHTEvd::before{opacity:.04;opacity:var(--mdc-ripple-hover-opacity,.04)}.VfPpkd-GCYh9b.VfPpkd-ksKsZd-mWPk3d-OWXEXe-AHe6Kc-XpnDCe .VfPpkd-eHTEvd::before,.VfPpkd-GCYh9b:not(.VfPpkd-ksKsZd-mWPk3d):focus .VfPpkd-eHTEvd::before{transition-duration:75ms;opacity:.12;opacity:var(--mdc-ripple-focus-opacity,.12)}.VfPpkd-GCYh9b:not(.VfPpkd-ksKsZd-mWPk3d) .VfPpkd-eHTEvd::after{transition:opacity .15s linear}.VfPpkd-GCYh9b:not(.VfPpkd-ksKsZd-mWPk3d):active .VfPpkd-eHTEvd::after{transition-duration:75ms;opacity:.12;opacity:var(--mdc-ripple-press-opacity,.12)}.VfPpkd-GCYh9b.VfPpkd-ksKsZd-mWPk3d{--mdc-ripple-fg-opacity:var(--mdc-ripple-press-opacity,0.12)}.VfPpkd-GCYh9b.VfPpkd-ksKsZd-mWPk3d .VfPpkd-RsCWK::before,.VfPpkd-GCYh9b.VfPpkd-ksKsZd-mWPk3d-OWXEXe-AHe6Kc-XpnDCe .VfPpkd-RsCWK::before{content:none}.VfPpkd-eHTEvd{position:absolute;top:0;left:0;width:100%;height:100%;pointer-events:none}.kDzhGf{z-index:0}.kDzhGf .VfPpkd-eHTEvd::before,.kDzhGf .VfPpkd-eHTEvd::after{z-index:-1}.kDzhGf .VfPpkd-eHTEvd::before,.kDzhGf .VfPpkd-eHTEvd::after{background-color:rgb(26,115,232);background-color:var(--gm-radio-state-color,rgb(26,115,232))}.kDzhGf:hover .VfPpkd-eHTEvd::before,.kDzhGf.VfPpkd-ksKsZd-XxIAqe-OWXEXe-ZmdkE .VfPpkd-eHTEvd::before{opacity:.04;opacity:var(--mdc-ripple-hover-opacity,.04)}.kDzhGf.VfPpkd-ksKsZd-mWPk3d-OWXEXe-AHe6Kc-XpnDCe .VfPpkd-eHTEvd::before,.kDzhGf:not(.VfPpkd-ksKsZd-mWPk3d):focus .VfPpkd-eHTEvd::before{transition-duration:75ms;opacity:.12;opacity:var(--mdc-ripple-focus-opacity,.12)}.kDzhGf:not(.VfPpkd-ksKsZd-mWPk3d) .VfPpkd-eHTEvd::after{transition:opacity .15s linear}.kDzhGf:not(.VfPpkd-ksKsZd-mWPk3d):active .VfPpkd-eHTEvd::after{transition-duration:75ms;opacity:.1;opacity:var(--mdc-ripple-press-opacity,.1)}.kDzhGf .VfPpkd-gBXA9-bMcfAe:enabled:not(:checked)~.VfPpkd-eHTEvd::before,.kDzhGf .VfPpkd-gBXA9-bMcfAe:enabled:not(:checked)~.VfPpkd-eHTEvd::after{background-color:rgb(60,64,67);background-color:var(--gm-radio-state-color,rgb(60,64,67))}.kDzhGf:hover .VfPpkd-gBXA9-bMcfAe:enabled:not(:checked)~.VfPpkd-eHTEvd::before,.kDzhGf.VfPpkd-ksKsZd-XxIAqe-OWXEXe-ZmdkE .VfPpkd-gBXA9-bMcfAe:enabled:not(:checked)~.VfPpkd-eHTEvd::before{opacity:.04;opacity:var(--mdc-ripple-hover-opacity,.04)}.kDzhGf.VfPpkd-ksKsZd-mWPk3d-OWXEXe-AHe6Kc-XpnDCe .VfPpkd-gBXA9-bMcfAe:enabled:not(:checked)~.VfPpkd-eHTEvd::before,.kDzhGf:not(.VfPpkd-ksKsZd-mWPk3d):focus .VfPpkd-gBXA9-bMcfAe:enabled:not(:checked)~.VfPpkd-eHTEvd::before{transition-duration:75ms;opacity:.12;opacity:var(--mdc-ripple-focus-opacity,.12)}.kDzhGf:not(.VfPpkd-ksKsZd-mWPk3d) .VfPpkd-gBXA9-bMcfAe:enabled:not(:checked)~.VfPpkd-eHTEvd::after{transition:opacity .15s linear}.kDzhGf:not(.VfPpkd-ksKsZd-mWPk3d):active .VfPpkd-gBXA9-bMcfAe:enabled:not(:checked)~.VfPpkd-eHTEvd::after{transition-duration:75ms;opacity:.1;opacity:var(--mdc-ripple-press-opacity,.1)}.kDzhGf.VfPpkd-ksKsZd-mWPk3d{--mdc-ripple-fg-opacity:var(--mdc-ripple-press-opacity,0.1)}.kDzhGf .VfPpkd-gBXA9-bMcfAe:enabled:not(:checked)+.VfPpkd-RsCWK .VfPpkd-wVo5xe-LkdAo{border-color:rgb(95,99,104);border-color:var(--gm-radio-stroke-color--unchecked,rgb(95,99,104))}.kDzhGf .VfPpkd-gBXA9-bMcfAe:enabled:checked+.VfPpkd-RsCWK .VfPpkd-wVo5xe-LkdAo{border-color:rgb(26,115,232);border-color:var(--gm-radio-stroke-color--checked,rgb(26,115,232))}.kDzhGf .VfPpkd-gBXA9-bMcfAe:enabled+.VfPpkd-RsCWK .VfPpkd-Z5TpLc-LkdAo{border-color:rgb(26,115,232);border-color:var(--gm-radio-ink-color,rgb(26,115,232))}.kDzhGf [aria-disabled=true] .VfPpkd-gBXA9-bMcfAe:not(:checked)+.VfPpkd-RsCWK .VfPpkd-wVo5xe-LkdAo,.kDzhGf .VfPpkd-gBXA9-bMcfAe:disabled:not(:checked)+.VfPpkd-RsCWK .VfPpkd-wVo5xe-LkdAo{border-color:rgba(60,64,67,.38);border-color:var(--gm-radio-disabled-stroke-color--unchecked,rgba(60,64,67,.38))}.kDzhGf [aria-disabled=true] .VfPpkd-gBXA9-bMcfAe:checked+.VfPpkd-RsCWK .VfPpkd-wVo5xe-LkdAo,.kDzhGf .VfPpkd-gBXA9-bMcfAe:disabled:checked+.VfPpkd-RsCWK .VfPpkd-wVo5xe-LkdAo{border-color:rgba(60,64,67,.38);border-color:var(--gm-radio-disabled-stroke-color--checked,rgba(60,64,67,.38))}.kDzhGf [aria-disabled=true] .VfPpkd-gBXA9-bMcfAe+.VfPpkd-RsCWK .VfPpkd-Z5TpLc-LkdAo,.kDzhGf .VfPpkd-gBXA9-bMcfAe:disabled+.VfPpkd-RsCWK .VfPpkd-Z5TpLc-LkdAo{border-color:rgba(60,64,67,.38);border-color:var(--gm-radio-disabled-ink-color,rgba(60,64,67,.38))}.kDzhGf .VfPpkd-RsCWK::before{background-color:rgb(26,115,232);background-color:var(--gm-radio-state-color,rgb(26,115,232))}.kDzhGf:hover .VfPpkd-gBXA9-bMcfAe:enabled:not(:checked)+.VfPpkd-RsCWK .VfPpkd-wVo5xe-LkdAo,.kDzhGf.VfPpkd-ksKsZd-mWPk3d-OWXEXe-AHe6Kc-XpnDCe .VfPpkd-gBXA9-bMcfAe:enabled:not(:checked)+.VfPpkd-RsCWK .VfPpkd-wVo5xe-LkdAo,.kDzhGf:not(.VfPpkd-ksKsZd-mWPk3d):focus .VfPpkd-gBXA9-bMcfAe:enabled:not(:checked)+.VfPpkd-RsCWK .VfPpkd-wVo5xe-LkdAo,.kDzhGf:active .VfPpkd-gBXA9-bMcfAe:enabled:not(:checked)+.VfPpkd-RsCWK .VfPpkd-wVo5xe-LkdAo{border-color:rgb(32,33,36);border-color:var(--gm-radio-stroke-color--unchecked-stateful,rgb(32,33,36))}.kDzhGf:hover .VfPpkd-gBXA9-bMcfAe:enabled:checked+.VfPpkd-RsCWK .VfPpkd-wVo5xe-LkdAo,.kDzhGf.VfPpkd-ksKsZd-mWPk3d-OWXEXe-AHe6Kc-XpnDCe .VfPpkd-gBXA9-bMcfAe:enabled:checked+.VfPpkd-RsCWK .VfPpkd-wVo5xe-LkdAo,.kDzhGf:not(.VfPpkd-ksKsZd-mWPk3d):focus .VfPpkd-gBXA9-bMcfAe:enabled:checked+.VfPpkd-RsCWK .VfPpkd-wVo5xe-LkdAo,.kDzhGf:active .VfPpkd-gBXA9-bMcfAe:enabled:checked+.VfPpkd-RsCWK .VfPpkd-wVo5xe-LkdAo{border-color:rgb(23,78,166);border-color:var(--gm-radio-stroke-color--checked-stateful,rgb(23,78,166))}.kDzhGf:hover .VfPpkd-gBXA9-bMcfAe:enabled+.VfPpkd-RsCWK .VfPpkd-Z5TpLc-LkdAo,.kDzhGf.VfPpkd-ksKsZd-mWPk3d-OWXEXe-AHe6Kc-XpnDCe .VfPpkd-gBXA9-bMcfAe:enabled+.VfPpkd-RsCWK .VfPpkd-Z5TpLc-LkdAo,.kDzhGf:not(.VfPpkd-ksKsZd-mWPk3d):focus .VfPpkd-gBXA9-bMcfAe:enabled+.VfPpkd-RsCWK .VfPpkd-Z5TpLc-LkdAo,.kDzhGf:active .VfPpkd-gBXA9-bMcfAe:enabled+.VfPpkd-RsCWK .VfPpkd-Z5TpLc-LkdAo{border-color:rgb(23,78,166);border-color:var(--gm-radio-ink-color--stateful,rgb(23,78,166))}.wHsUjf{will-change:unset}c-wiz{contain:style}c-wiz>c-data{display:none}c-wiz.rETSD{contain:none}c-wiz.Ubi8Z{contain:layout style}.llhEMd{transition:opacity .15s cubic-bezier(0.4,0,0.2,1) .15s;background-color:rgba(0,0,0,0.502);bottom:0;left:0;opacity:0;position:fixed;right:0;top:0;z-index:5000}.llhEMd.iWO5td{transition:opacity .05s cubic-bezier(0.4,0,0.2,1);opacity:1}.mjANdc{transition:transform .4s cubic-bezier(0.4,0,0.2,1);-webkit-transition:transform .4s cubic-bezier(0.4,0,0.2,1),-webkit-transform .4s cubic-bezier(0.4,0,0.2,1);transition:transform .4s cubic-bezier(0.4,0,0.2,1),-webkit-transform .4s cubic-bezier(0.4,0,0.2,1);-webkit-box-align:center;box-align:center;align-items:center;display:flex;-webkit-box-orient:vertical;box-orient:vertical;flex-direction:column;bottom:0;left:0;padding:0 5%;position:absolute;right:0;top:0}.x3wWge,.ONJhl{display:block;height:3em}.eEPege>.x3wWge,.eEPege>.ONJhl{box-flex:1;flex-grow:1}.J9Nfi{flex-shrink:1;max-height:100%}.Wf6lSd{display:flex;justify-content:flex-start;height:48px;height:var(
    --c-brsz,48px
  )}.bEbGY{justify-content:center}.njAxm{height:auto;padding-top:48px;min-height:48px;min-height:var(
    --c-brsz,48px
  )}.no7ij{display:flex;align-items:center;border-bottom:1px solid;height:48px;left:0;padding:0 16px;position:absolute;right:0;top:4px;border-color:#c4c7c5;border-color:var(--gm3-sys-color-outline-variant,#c4c7c5)}.WHUyzc{color:var(--gm3-sys-color-on-surface-variant,#444746);font-size:0.875rem;font-weight:500;line-height:1.4285714286;letter-spacing:0rem}.no7ij .PDfDtf{height:24px;margin-right:12px}.no7ij .th8JXc{display:block;height:24px;position:relative;width:20px}.D9CCrb{color:#0b57d0;color:var(--gm3-sys-color-primary,#0b57d0)}.dJRqtd{display:block;height:48px;height:var(
    --c-brsz,48px
  );width:48px;width:var(
    --c-brsz,48px
  )}.O1htCb-H9tDt{display:inline-flex;flex-direction:column;position:relative}.O1htCb-H9tDt[hidden]{display:none}.VfPpkd-O1htCb{display:inline-flex;position:relative}.VfPpkd-O1htCb .VfPpkd-NLUYnc-V67aGc{top:50%;transform:translateY(-50%);pointer-events:none}.VfPpkd-O1htCb .VfPpkd-YPmvEd .VfPpkd-StrnGf-rymPhb-ibnC6b{padding-left:16px;padding-right:16px}[dir=rtl] .VfPpkd-O1htCb .VfPpkd-YPmvEd .VfPpkd-StrnGf-rymPhb-ibnC6b,.VfPpkd-O1htCb .VfPpkd-YPmvEd .VfPpkd-StrnGf-rymPhb-ibnC6b[dir=rtl]{padding-left:16px;padding-right:16px}.VfPpkd-O1htCb .VfPpkd-YPmvEd .VfPpkd-StrnGf-rymPhb-f7MjDc{margin-left:0;margin-right:12px}[dir=rtl] .VfPpkd-O1htCb .VfPpkd-YPmvEd .VfPpkd-StrnGf-rymPhb-f7MjDc,.VfPpkd-O1htCb .VfPpkd-YPmvEd .VfPpkd-StrnGf-rymPhb-f7MjDc[dir=rtl]{margin-left:12px;margin-right:0}.VfPpkd-O1htCb[hidden]{display:none}.VfPpkd-t08AT-Bz112c{display:inline-flex;position:relative;align-self:center;align-items:center;justify-content:center;flex-shrink:0;pointer-events:none}.VfPpkd-t08AT-Bz112c .VfPpkd-t08AT-Bz112c-auswjd,.VfPpkd-t08AT-Bz112c .VfPpkd-t08AT-Bz112c-mt1Mkb{position:absolute;top:0;left:0}.VfPpkd-t08AT-Bz112c .VfPpkd-t08AT-Bz112c-Bd00G{width:41.6666666667%;height:20.8333333333%}.VfPpkd-t08AT-Bz112c .VfPpkd-t08AT-Bz112c-mt1Mkb{opacity:1;transition:opacity 75ms linear 75ms}.VfPpkd-t08AT-Bz112c .VfPpkd-t08AT-Bz112c-auswjd{opacity:0;transition:opacity 75ms linear}.VfPpkd-O1htCb-OWXEXe-pXU01b .VfPpkd-t08AT-Bz112c .VfPpkd-t08AT-Bz112c-mt1Mkb{opacity:0;transition:opacity 49.5ms linear}.VfPpkd-O1htCb-OWXEXe-pXU01b .VfPpkd-t08AT-Bz112c .VfPpkd-t08AT-Bz112c-auswjd{opacity:1;transition:opacity .1005s linear 49.5ms}.VfPpkd-TkwUic{min-width:0;flex:1 1 auto;position:relative;box-sizing:border-box;overflow:hidden;outline:none;cursor:pointer}.VfPpkd-aPP78e{position:absolute;top:50%;height:48px;left:0;right:0;transform:translateY(-50%)}.VfPpkd-uusGie-fmcmS-haAclf{display:flex;-webkit-appearance:none;appearance:none;pointer-events:none;box-sizing:border-box;width:auto;min-width:0;flex-grow:1;border:none;outline:none;padding:0;background-color:transparent;color:inherit}.VfPpkd-uusGie-fmcmS{-moz-osx-font-smoothing:grayscale;-webkit-font-smoothing:antialiased;font-family:Roboto,sans-serif;font-family:var(--mdc-typography-subtitle1-font-family,var(--mdc-typography-font-family,Roboto,sans-serif));font-size:1rem;font-size:var(--mdc-typography-subtitle1-font-size,1rem);line-height:1.75rem;line-height:var(--mdc-typography-subtitle1-line-height,1.75rem);font-weight:400;font-weight:var(--mdc-typography-subtitle1-font-weight,400);letter-spacing:.009375em;letter-spacing:var(--mdc-typography-subtitle1-letter-spacing,.009375em);text-decoration:inherit;-webkit-text-decoration:var(--mdc-typography-subtitle1-text-decoration,inherit);text-decoration:var(--mdc-typography-subtitle1-text-decoration,inherit);text-transform:inherit;text-transform:var(--mdc-typography-subtitle1-text-transform,inherit);text-overflow:ellipsis;white-space:nowrap;overflow:hidden;display:block;width:100%;text-align:left}[dir=rtl] .VfPpkd-uusGie-fmcmS,.VfPpkd-uusGie-fmcmS[dir=rtl]{text-align:right}.VfPpkd-O1htCb-OWXEXe-OWB6Me{cursor:default;pointer-events:none}.VfPpkd-O1htCb-OWXEXe-SfQLQb-M1Soyc-Bz112c .VfPpkd-YPmvEd .VfPpkd-StrnGf-rymPhb-ibnC6b{padding-left:12px;padding-right:12px}[dir=rtl] .VfPpkd-O1htCb-OWXEXe-SfQLQb-M1Soyc-Bz112c .VfPpkd-YPmvEd .VfPpkd-StrnGf-rymPhb-ibnC6b,.VfPpkd-O1htCb-OWXEXe-SfQLQb-M1Soyc-Bz112c .VfPpkd-YPmvEd .VfPpkd-StrnGf-rymPhb-ibnC6b[dir=rtl]{padding-left:12px;padding-right:12px}@media (-ms-high-contrast:active),screen and (forced-colors:active){.VfPpkd-YPmvEd::before{position:absolute;box-sizing:border-box;width:100%;height:100%;top:0;left:0;border:1px solid transparent;border-radius:inherit;content:"";pointer-events:none}}@media screen and (-ms-high-contrast:active) and (forced-colors:active),screen and (forced-colors:active) and (forced-colors:active){.VfPpkd-YPmvEd::before{border-color:CanvasText}}.VfPpkd-YPmvEd .VfPpkd-StrnGf-rymPhb .VfPpkd-cTi5dd,.VfPpkd-YPmvEd .VfPpkd-rymPhb .VfPpkd-cTi5dd{margin-left:0;margin-right:0}[dir=rtl] .VfPpkd-YPmvEd .VfPpkd-StrnGf-rymPhb .VfPpkd-cTi5dd,[dir=rtl] .VfPpkd-YPmvEd .VfPpkd-rymPhb .VfPpkd-cTi5dd,.VfPpkd-YPmvEd .VfPpkd-StrnGf-rymPhb .VfPpkd-cTi5dd[dir=rtl],.VfPpkd-YPmvEd .VfPpkd-rymPhb .VfPpkd-cTi5dd[dir=rtl]{margin-left:0;margin-right:0}.VfPpkd-YPmvEd .VfPpkd-StrnGf-rymPhb .VfPpkd-StrnGf-rymPhb-ibnC6b-OWXEXe-gk6SMd,.VfPpkd-YPmvEd .VfPpkd-StrnGf-rymPhb .VfPpkd-StrnGf-rymPhb-ibnC6b-OWXEXe-pXU01b,.VfPpkd-YPmvEd .VfPpkd-rymPhb .VfPpkd-StrnGf-rymPhb-ibnC6b-OWXEXe-gk6SMd,.VfPpkd-YPmvEd .VfPpkd-rymPhb .VfPpkd-StrnGf-rymPhb-ibnC6b-OWXEXe-pXU01b{color:#000;color:var(--mdc-theme-on-surface,#000)}.VfPpkd-YPmvEd .VfPpkd-StrnGf-rymPhb .VfPpkd-StrnGf-rymPhb-ibnC6b-OWXEXe-gk6SMd .VfPpkd-StrnGf-rymPhb-f7MjDc,.VfPpkd-YPmvEd .VfPpkd-StrnGf-rymPhb .VfPpkd-StrnGf-rymPhb-ibnC6b-OWXEXe-pXU01b .VfPpkd-StrnGf-rymPhb-f7MjDc,.VfPpkd-YPmvEd .VfPpkd-rymPhb .VfPpkd-StrnGf-rymPhb-ibnC6b-OWXEXe-gk6SMd .VfPpkd-StrnGf-rymPhb-f7MjDc,.VfPpkd-YPmvEd .VfPpkd-rymPhb .VfPpkd-StrnGf-rymPhb-ibnC6b-OWXEXe-pXU01b .VfPpkd-StrnGf-rymPhb-f7MjDc{color:#000;color:var(--mdc-theme-on-surface,#000)}.VfPpkd-YPmvEd .VfPpkd-rymPhb-KkROqb{display:inline-flex;align-items:center}.VfPpkd-OkbHre{padding-left:16px;padding-right:16px}[dir=rtl] .VfPpkd-OkbHre,.VfPpkd-OkbHre[dir=rtl]{padding-left:16px;padding-right:16px}.VfPpkd-aJasdd-RWgCYc-wQNmvb.VfPpkd-rymPhb-ibnC6b-OWXEXe-SfQLQb-Woal0c-RWgCYc{height:48px}.VfPpkd-hjZysc-RWgCYc-wQNmvb.VfPpkd-rymPhb-ibnC6b-OWXEXe-SfQLQb-aSi1db-MCEKJb{height:64px}.VfPpkd-hjZysc-RWgCYc-wQNmvb.VfPpkd-rymPhb-ibnC6b-OWXEXe-SfQLQb-aSi1db-MCEKJb .VfPpkd-rymPhb-KkROqb{margin-top:20px}.VfPpkd-hjZysc-RWgCYc-wQNmvb.VfPpkd-rymPhb-ibnC6b-OWXEXe-SfQLQb-aSi1db-MCEKJb .VfPpkd-rymPhb-fpDzbe-fmcmS{display:block;margin-top:0;line-height:normal;margin-bottom:-20px}.VfPpkd-hjZysc-RWgCYc-wQNmvb.VfPpkd-rymPhb-ibnC6b-OWXEXe-SfQLQb-aSi1db-MCEKJb .VfPpkd-rymPhb-fpDzbe-fmcmS::before{display:inline-block;width:0;height:28px;content:"";vertical-align:0}.VfPpkd-hjZysc-RWgCYc-wQNmvb.VfPpkd-rymPhb-ibnC6b-OWXEXe-SfQLQb-aSi1db-MCEKJb .VfPpkd-rymPhb-fpDzbe-fmcmS::after{display:inline-block;width:0;height:20px;content:"";vertical-align:-20px}.VfPpkd-hjZysc-RWgCYc-wQNmvb.VfPpkd-rymPhb-ibnC6b-OWXEXe-SfQLQb-aSi1db-MCEKJb.VfPpkd-rymPhb-ibnC6b-OWXEXe-SfQLQb-UbuQg-r4m2rf .VfPpkd-rymPhb-JMEf7e{display:block;margin-top:0;line-height:normal}.VfPpkd-hjZysc-RWgCYc-wQNmvb.VfPpkd-rymPhb-ibnC6b-OWXEXe-SfQLQb-aSi1db-MCEKJb.VfPpkd-rymPhb-ibnC6b-OWXEXe-SfQLQb-UbuQg-r4m2rf .VfPpkd-rymPhb-JMEf7e::before{display:inline-block;width:0;height:36px;content:"";vertical-align:0}.VfPpkd-OkbHre-SfQLQb-M1Soyc-bN97Pc{padding-left:0;padding-right:12px}.VfPpkd-OkbHre-SfQLQb-M1Soyc-bN97Pc.VfPpkd-rymPhb-ibnC6b{padding-left:0;padding-right:auto}[dir=rtl] .VfPpkd-OkbHre-SfQLQb-M1Soyc-bN97Pc.VfPpkd-rymPhb-ibnC6b,.VfPpkd-OkbHre-SfQLQb-M1Soyc-bN97Pc.VfPpkd-rymPhb-ibnC6b[dir=rtl]{padding-left:auto;padding-right:0}.VfPpkd-OkbHre-SfQLQb-M1Soyc-bN97Pc .VfPpkd-rymPhb-KkROqb{margin-left:12px;margin-right:0}[dir=rtl] .VfPpkd-OkbHre-SfQLQb-M1Soyc-bN97Pc .VfPpkd-rymPhb-KkROqb,.VfPpkd-OkbHre-SfQLQb-M1Soyc-bN97Pc .VfPpkd-rymPhb-KkROqb[dir=rtl]{margin-left:0;margin-right:12px}.VfPpkd-OkbHre-SfQLQb-M1Soyc-bN97Pc .VfPpkd-rymPhb-KkROqb{width:36px;height:24px}[dir=rtl] .VfPpkd-OkbHre-SfQLQb-M1Soyc-bN97Pc,.VfPpkd-OkbHre-SfQLQb-M1Soyc-bN97Pc[dir=rtl]{padding-left:12px;padding-right:0}.VfPpkd-OkbHre-SfQLQb-r4m2rf.VfPpkd-rymPhb-ibnC6b{padding-left:auto;padding-right:0}[dir=rtl] .VfPpkd-OkbHre-SfQLQb-r4m2rf.VfPpkd-rymPhb-ibnC6b,.VfPpkd-OkbHre-SfQLQb-r4m2rf.VfPpkd-rymPhb-ibnC6b[dir=rtl]{padding-left:0;padding-right:auto}.VfPpkd-OkbHre-SfQLQb-r4m2rf .VfPpkd-rymPhb-JMEf7e{margin-left:12px;margin-right:12px}[dir=rtl] .VfPpkd-OkbHre-SfQLQb-r4m2rf .VfPpkd-rymPhb-JMEf7e,.VfPpkd-OkbHre-SfQLQb-r4m2rf .VfPpkd-rymPhb-JMEf7e[dir=rtl]{margin-left:12px;margin-right:12px}.VfPpkd-O1htCb-OWXEXe-MFS4be .VfPpkd-xl07Ob-XxIAqe-OWXEXe-uxVfW-FNFY6c-uFfGwd{border-top-left-radius:0;border-top-right-radius:0}.VfPpkd-O1htCb-OWXEXe-MFS4be.VfPpkd-O1htCb-OWXEXe-XpnDCe.VfPpkd-RWgCYc-ksKsZd::after{transform:scale(1,2);opacity:1}.VfPpkd-O1htCb-OWXEXe-MFS4be .VfPpkd-TkwUic{height:56px;display:flex;align-items:baseline}.VfPpkd-O1htCb-OWXEXe-MFS4be .VfPpkd-TkwUic::before{display:inline-block;width:0;height:40px;content:"";vertical-align:0}.VfPpkd-O1htCb-OWXEXe-MFS4be.VfPpkd-O1htCb-OWXEXe-di8rgd-V67aGc .VfPpkd-TkwUic .VfPpkd-uusGie-fmcmS::before{content:"​"}.VfPpkd-O1htCb-OWXEXe-MFS4be.VfPpkd-O1htCb-OWXEXe-di8rgd-V67aGc .VfPpkd-TkwUic .VfPpkd-uusGie-fmcmS-haAclf{height:100%;display:inline-flex;align-items:center}.VfPpkd-O1htCb-OWXEXe-MFS4be.VfPpkd-O1htCb-OWXEXe-di8rgd-V67aGc .VfPpkd-TkwUic::before{display:none}.VfPpkd-O1htCb-OWXEXe-MFS4be .VfPpkd-TkwUic{border-top-left-radius:4px;border-top-left-radius:var(--mdc-shape-small,4px);border-top-right-radius:4px;border-top-right-radius:var(--mdc-shape-small,4px);border-bottom-right-radius:0;border-bottom-left-radius:0}.VfPpkd-O1htCb-OWXEXe-MFS4be:not(.VfPpkd-O1htCb-OWXEXe-OWB6Me) .VfPpkd-TkwUic{background-color:rgb(244.8,244.8,244.8)}.VfPpkd-O1htCb-OWXEXe-MFS4be.VfPpkd-O1htCb-OWXEXe-OWB6Me .VfPpkd-TkwUic{background-color:rgb(249.9,249.9,249.9)}.VfPpkd-O1htCb-OWXEXe-MFS4be:not(.VfPpkd-O1htCb-OWXEXe-OWB6Me) .VfPpkd-RWgCYc-ksKsZd::before{border-bottom-color:rgba(0,0,0,.42)}.VfPpkd-O1htCb-OWXEXe-MFS4be:not(.VfPpkd-O1htCb-OWXEXe-OWB6Me):hover .VfPpkd-RWgCYc-ksKsZd::before{border-bottom-color:rgba(0,0,0,.87)}.VfPpkd-O1htCb-OWXEXe-MFS4be:not(.VfPpkd-O1htCb-OWXEXe-OWB6Me) .VfPpkd-RWgCYc-ksKsZd::after{border-bottom-color:#6200ee;border-bottom-color:var(--mdc-theme-primary,#6200ee)}.VfPpkd-O1htCb-OWXEXe-MFS4be.VfPpkd-O1htCb-OWXEXe-OWB6Me .VfPpkd-RWgCYc-ksKsZd::before{border-bottom-color:rgba(0,0,0,.06)}.VfPpkd-O1htCb-OWXEXe-MFS4be .VfPpkd-NLUYnc-V67aGc{max-width:calc(100% - 64px)}.VfPpkd-O1htCb-OWXEXe-MFS4be .VfPpkd-NLUYnc-V67aGc-OWXEXe-TATcMc-KLRBe{max-width:calc(133.3333333333% - 85.3333333333px)}.VfPpkd-O1htCb-OWXEXe-MFS4be .VfPpkd-NLUYnc-V67aGc{left:16px;right:auto}[dir=rtl] .VfPpkd-O1htCb-OWXEXe-MFS4be .VfPpkd-NLUYnc-V67aGc,.VfPpkd-O1htCb-OWXEXe-MFS4be .VfPpkd-NLUYnc-V67aGc[dir=rtl]{left:auto;right:16px}.VfPpkd-O1htCb-OWXEXe-MFS4be.VfPpkd-O1htCb-OWXEXe-SfQLQb-M1Soyc-Bz112c .VfPpkd-NLUYnc-V67aGc{left:48px;right:auto}[dir=rtl] .VfPpkd-O1htCb-OWXEXe-MFS4be.VfPpkd-O1htCb-OWXEXe-SfQLQb-M1Soyc-Bz112c .VfPpkd-NLUYnc-V67aGc,.VfPpkd-O1htCb-OWXEXe-MFS4be.VfPpkd-O1htCb-OWXEXe-SfQLQb-M1Soyc-Bz112c .VfPpkd-NLUYnc-V67aGc[dir=rtl]{left:auto;right:48px}.VfPpkd-O1htCb-OWXEXe-MFS4be.VfPpkd-O1htCb-OWXEXe-SfQLQb-M1Soyc-Bz112c .VfPpkd-NLUYnc-V67aGc{max-width:calc(100% - 96px)}.VfPpkd-O1htCb-OWXEXe-MFS4be.VfPpkd-O1htCb-OWXEXe-SfQLQb-M1Soyc-Bz112c .VfPpkd-NLUYnc-V67aGc-OWXEXe-TATcMc-KLRBe{max-width:calc(133.3333333333% - 128px)}.VfPpkd-O1htCb-OWXEXe-UJflGc:not(.VfPpkd-O1htCb-OWXEXe-OWB6Me) .VfPpkd-RWgCYc-ksKsZd::before{border-bottom-color:#b00020;border-bottom-color:var(--mdc-theme-error,#b00020)}.VfPpkd-O1htCb-OWXEXe-UJflGc:not(.VfPpkd-O1htCb-OWXEXe-OWB6Me):hover .VfPpkd-RWgCYc-ksKsZd::before{border-bottom-color:#b00020;border-bottom-color:var(--mdc-theme-error,#b00020)}.VfPpkd-O1htCb-OWXEXe-UJflGc:not(.VfPpkd-O1htCb-OWXEXe-OWB6Me) .VfPpkd-RWgCYc-ksKsZd::after{border-bottom-color:#b00020;border-bottom-color:var(--mdc-theme-error,#b00020)}.VfPpkd-O1htCb-OWXEXe-INsAgc{border:none}.VfPpkd-O1htCb-OWXEXe-INsAgc .VfPpkd-TkwUic{display:flex;align-items:baseline;overflow:visible}.VfPpkd-O1htCb-OWXEXe-INsAgc .VfPpkd-uusGie-fmcmS-haAclf{display:flex;border:none;z-index:1;background-color:transparent}.VfPpkd-O1htCb-OWXEXe-INsAgc .VfPpkd-cTi5dd{z-index:2}.VfPpkd-O1htCb-OWXEXe-INsAgc .VfPpkd-xl07Ob-XxIAqe{margin-bottom:8px}.VfPpkd-O1htCb-OWXEXe-INsAgc.VfPpkd-O1htCb-OWXEXe-di8rgd-V67aGc .VfPpkd-xl07Ob-XxIAqe,.VfPpkd-O1htCb-OWXEXe-INsAgc .VfPpkd-xl07Ob-XxIAqe-OWXEXe-uxVfW-FNFY6c-uFfGwd{margin-bottom:0}.VfPpkd-O1htCb-OWXEXe-INsAgc .VfPpkd-TkwUic{height:56px}.VfPpkd-O1htCb-OWXEXe-INsAgc .VfPpkd-TkwUic .VfPpkd-NLUYnc-V67aGc-OWXEXe-bF1zU{animation:mdc-floating-label-shake-float-above-select-outlined-56px .25s 1}@keyframes mdc-floating-label-shake-float-above-select-outlined-56px{0%{transform:translateX(0) translateY(-34.75px) scale(.75)}33%{animation-timing-function:cubic-bezier(.5,0,.701732,.495819);transform:translateX(4%) translateY(-34.75px) scale(.75)}66%{animation-timing-function:cubic-bezier(.302435,.381352,.55,.956352);transform:translateX(-4%) translateY(-34.75px) scale(.75)}100%{transform:translateX(0) translateY(-34.75px) scale(.75)}}.VfPpkd-O1htCb-OWXEXe-INsAgc .VfPpkd-NSFCdd-i5vt6e .VfPpkd-NSFCdd-Brv4Fb{border-top-left-radius:4px;border-top-left-radius:var(--mdc-shape-small,4px);border-top-right-radius:0;border-bottom-right-radius:0;border-bottom-left-radius:4px;border-bottom-left-radius:var(--mdc-shape-small,4px)}[dir=rtl] .VfPpkd-O1htCb-OWXEXe-INsAgc .VfPpkd-NSFCdd-i5vt6e .VfPpkd-NSFCdd-Brv4Fb,.VfPpkd-O1htCb-OWXEXe-INsAgc .VfPpkd-NSFCdd-i5vt6e .VfPpkd-NSFCdd-Brv4Fb[dir=rtl]{border-top-left-radius:0;border-top-right-radius:4px;border-top-right-radius:var(--mdc-shape-small,4px);border-bottom-right-radius:4px;border-bottom-right-radius:var(--mdc-shape-small,4px);border-bottom-left-radius:0}@supports (top:max(0%)){.VfPpkd-O1htCb-OWXEXe-INsAgc .VfPpkd-NSFCdd-i5vt6e .VfPpkd-NSFCdd-Brv4Fb{width:max(12px,var(--mdc-shape-small,4px))}}@supports (top:max(0%)){.VfPpkd-O1htCb-OWXEXe-INsAgc .VfPpkd-NSFCdd-i5vt6e .VfPpkd-NSFCdd-Ra9xwd{max-width:calc(100% - max(12px, var(--mdc-shape-small, 4px))*2)}}.VfPpkd-O1htCb-OWXEXe-INsAgc .VfPpkd-NSFCdd-i5vt6e .VfPpkd-NSFCdd-MpmGFe{border-top-left-radius:0;border-top-right-radius:4px;border-top-right-radius:var(--mdc-shape-small,4px);border-bottom-right-radius:4px;border-bottom-right-radius:var(--mdc-shape-small,4px);border-bottom-left-radius:0}[dir=rtl] .VfPpkd-O1htCb-OWXEXe-INsAgc .VfPpkd-NSFCdd-i5vt6e .VfPpkd-NSFCdd-MpmGFe,.VfPpkd-O1htCb-OWXEXe-INsAgc .VfPpkd-NSFCdd-i5vt6e .VfPpkd-NSFCdd-MpmGFe[dir=rtl]{border-top-left-radius:4px;border-top-left-radius:var(--mdc-shape-small,4px);border-top-right-radius:0;border-bottom-right-radius:0;border-bottom-left-radius:4px;border-bottom-left-radius:var(--mdc-shape-small,4px)}@supports (top:max(0%)){.VfPpkd-O1htCb-OWXEXe-INsAgc .VfPpkd-TkwUic{padding-left:max(16px,calc(var(--mdc-shape-small, 4px) + 4px))}}[dir=rtl] .VfPpkd-O1htCb-OWXEXe-INsAgc .VfPpkd-TkwUic,.VfPpkd-O1htCb-OWXEXe-INsAgc .VfPpkd-TkwUic[dir=rtl]{padding-left:0}@supports (top:max(0%)){[dir=rtl] .VfPpkd-O1htCb-OWXEXe-INsAgc .VfPpkd-TkwUic,.VfPpkd-O1htCb-OWXEXe-INsAgc .VfPpkd-TkwUic[dir=rtl]{padding-right:max(16px,calc(var(--mdc-shape-small, 4px) + 4px))}}@supports (top:max(0%)){.VfPpkd-O1htCb-OWXEXe-INsAgc+.VfPpkd-O1htCb-W0vJo-fmcmS{margin-left:max(16px,calc(var(--mdc-shape-small, 4px) + 4px))}}[dir=rtl] .VfPpkd-O1htCb-OWXEXe-INsAgc+.VfPpkd-O1htCb-W0vJo-fmcmS,.VfPpkd-O1htCb-OWXEXe-INsAgc+.VfPpkd-O1htCb-W0vJo-fmcmS[dir=rtl]{margin-left:0}@supports (top:max(0%)){[dir=rtl] .VfPpkd-O1htCb-OWXEXe-INsAgc+.VfPpkd-O1htCb-W0vJo-fmcmS,.VfPpkd-O1htCb-OWXEXe-INsAgc+.VfPpkd-O1htCb-W0vJo-fmcmS[dir=rtl]{margin-right:max(16px,calc(var(--mdc-shape-small, 4px) + 4px))}}.VfPpkd-O1htCb-OWXEXe-INsAgc:not(.VfPpkd-O1htCb-OWXEXe-OWB6Me) .VfPpkd-TkwUic{background-color:transparent}.VfPpkd-O1htCb-OWXEXe-INsAgc.VfPpkd-O1htCb-OWXEXe-OWB6Me .VfPpkd-TkwUic{background-color:transparent}.VfPpkd-O1htCb-OWXEXe-INsAgc:not(.VfPpkd-O1htCb-OWXEXe-OWB6Me) .VfPpkd-NSFCdd-Brv4Fb,.VfPpkd-O1htCb-OWXEXe-INsAgc:not(.VfPpkd-O1htCb-OWXEXe-OWB6Me) .VfPpkd-NSFCdd-Ra9xwd,.VfPpkd-O1htCb-OWXEXe-INsAgc:not(.VfPpkd-O1htCb-OWXEXe-OWB6Me) .VfPpkd-NSFCdd-MpmGFe{border-color:rgba(0,0,0,.38)}.VfPpkd-O1htCb-OWXEXe-INsAgc:not(.VfPpkd-O1htCb-OWXEXe-OWB6Me):not(.VfPpkd-O1htCb-OWXEXe-XpnDCe) .VfPpkd-TkwUic:hover .VfPpkd-NSFCdd-i5vt6e .VfPpkd-NSFCdd-Brv4Fb,.VfPpkd-O1htCb-OWXEXe-INsAgc:not(.VfPpkd-O1htCb-OWXEXe-OWB6Me):not(.VfPpkd-O1htCb-OWXEXe-XpnDCe) .VfPpkd-TkwUic:hover .VfPpkd-NSFCdd-i5vt6e .VfPpkd-NSFCdd-Ra9xwd,.VfPpkd-O1htCb-OWXEXe-INsAgc:not(.VfPpkd-O1htCb-OWXEXe-OWB6Me):not(.VfPpkd-O1htCb-OWXEXe-XpnDCe) .VfPpkd-TkwUic:hover .VfPpkd-NSFCdd-i5vt6e .VfPpkd-NSFCdd-MpmGFe{border-color:rgba(0,0,0,.87)}.VfPpkd-O1htCb-OWXEXe-INsAgc:not(.VfPpkd-O1htCb-OWXEXe-OWB6Me).VfPpkd-O1htCb-OWXEXe-XpnDCe .VfPpkd-NSFCdd-i5vt6e .VfPpkd-NSFCdd-Brv4Fb,.VfPpkd-O1htCb-OWXEXe-INsAgc:not(.VfPpkd-O1htCb-OWXEXe-OWB6Me).VfPpkd-O1htCb-OWXEXe-XpnDCe .VfPpkd-NSFCdd-i5vt6e .VfPpkd-NSFCdd-Ra9xwd,.VfPpkd-O1htCb-OWXEXe-INsAgc:not(.VfPpkd-O1htCb-OWXEXe-OWB6Me).VfPpkd-O1htCb-OWXEXe-XpnDCe .VfPpkd-NSFCdd-i5vt6e .VfPpkd-NSFCdd-MpmGFe{border-color:#6200ee;border-color:var(--mdc-theme-primary,#6200ee)}.VfPpkd-O1htCb-OWXEXe-INsAgc.VfPpkd-O1htCb-OWXEXe-OWB6Me .VfPpkd-NSFCdd-Brv4Fb,.VfPpkd-O1htCb-OWXEXe-INsAgc.VfPpkd-O1htCb-OWXEXe-OWB6Me .VfPpkd-NSFCdd-Ra9xwd,.VfPpkd-O1htCb-OWXEXe-INsAgc.VfPpkd-O1htCb-OWXEXe-OWB6Me .VfPpkd-NSFCdd-MpmGFe{border-color:rgba(0,0,0,.06)}.VfPpkd-O1htCb-OWXEXe-INsAgc:not(.VfPpkd-O1htCb-OWXEXe-OWB6Me).VfPpkd-O1htCb-OWXEXe-XpnDCe .VfPpkd-NSFCdd-i5vt6e .VfPpkd-NSFCdd-Brv4Fb,.VfPpkd-O1htCb-OWXEXe-INsAgc:not(.VfPpkd-O1htCb-OWXEXe-OWB6Me).VfPpkd-O1htCb-OWXEXe-XpnDCe .VfPpkd-NSFCdd-i5vt6e .VfPpkd-NSFCdd-Ra9xwd,.VfPpkd-O1htCb-OWXEXe-INsAgc:not(.VfPpkd-O1htCb-OWXEXe-OWB6Me).VfPpkd-O1htCb-OWXEXe-XpnDCe .VfPpkd-NSFCdd-i5vt6e .VfPpkd-NSFCdd-MpmGFe{border-width:2px}.VfPpkd-O1htCb-OWXEXe-INsAgc .VfPpkd-TkwUic :not(.VfPpkd-NSFCdd-i5vt6e-OWXEXe-NSFCdd) .VfPpkd-NSFCdd-Ra9xwd{max-width:calc(100% - 60px)}.VfPpkd-O1htCb-OWXEXe-INsAgc .VfPpkd-TkwUic .VfPpkd-NLUYnc-V67aGc-OWXEXe-bF1zU{animation:mdc-floating-label-shake-float-above-select-outlined .25s 1}.VfPpkd-O1htCb-OWXEXe-INsAgc .VfPpkd-TkwUic .VfPpkd-NLUYnc-V67aGc-OWXEXe-TATcMc-KLRBe{transform:translateY(-37.25px) scale(1)}.VfPpkd-O1htCb-OWXEXe-INsAgc .VfPpkd-TkwUic.VfPpkd-NSFCdd-i5vt6e-OWXEXe-mWPk3d .VfPpkd-NLUYnc-V67aGc-OWXEXe-TATcMc-KLRBe,.VfPpkd-O1htCb-OWXEXe-INsAgc .VfPpkd-TkwUic .VfPpkd-NSFCdd-i5vt6e-OWXEXe-mWPk3d .VfPpkd-NLUYnc-V67aGc-OWXEXe-TATcMc-KLRBe{transform:translateY(-34.75px) scale(.75)}.VfPpkd-O1htCb-OWXEXe-INsAgc .VfPpkd-TkwUic .VfPpkd-NLUYnc-V67aGc-OWXEXe-TATcMc-KLRBe{font-size:.75rem}.VfPpkd-O1htCb-OWXEXe-INsAgc .VfPpkd-TkwUic.VfPpkd-NSFCdd-i5vt6e-OWXEXe-mWPk3d .VfPpkd-NLUYnc-V67aGc-OWXEXe-TATcMc-KLRBe,.VfPpkd-O1htCb-OWXEXe-INsAgc .VfPpkd-TkwUic .VfPpkd-NSFCdd-i5vt6e-OWXEXe-mWPk3d .VfPpkd-NLUYnc-V67aGc-OWXEXe-TATcMc-KLRBe{font-size:1rem}.VfPpkd-O1htCb-OWXEXe-INsAgc .VfPpkd-TkwUic .VfPpkd-NSFCdd-i5vt6e-OWXEXe-NSFCdd .VfPpkd-NSFCdd-Ra9xwd{padding-top:1px}.VfPpkd-O1htCb-OWXEXe-INsAgc .VfPpkd-TkwUic .VfPpkd-uusGie-fmcmS::before{content:"​"}.VfPpkd-O1htCb-OWXEXe-INsAgc .VfPpkd-TkwUic .VfPpkd-uusGie-fmcmS-haAclf{height:100%;display:inline-flex;align-items:center}.VfPpkd-O1htCb-OWXEXe-INsAgc .VfPpkd-TkwUic::before{display:none}.VfPpkd-O1htCb-OWXEXe-INsAgc .VfPpkd-NLUYnc-V67aGc{line-height:1.15rem;left:4px;right:auto}[dir=rtl] .VfPpkd-O1htCb-OWXEXe-INsAgc .VfPpkd-NLUYnc-V67aGc,.VfPpkd-O1htCb-OWXEXe-INsAgc .VfPpkd-NLUYnc-V67aGc[dir=rtl]{left:auto;right:4px}.VfPpkd-O1htCb-OWXEXe-INsAgc.VfPpkd-O1htCb-OWXEXe-XpnDCe .VfPpkd-NSFCdd-i5vt6e-OWXEXe-NSFCdd .VfPpkd-NSFCdd-Ra9xwd{padding-top:2px}.VfPpkd-O1htCb-OWXEXe-INsAgc.VfPpkd-O1htCb-OWXEXe-UJflGc:not(.VfPpkd-O1htCb-OWXEXe-OWB6Me) .VfPpkd-NSFCdd-Brv4Fb,.VfPpkd-O1htCb-OWXEXe-INsAgc.VfPpkd-O1htCb-OWXEXe-UJflGc:not(.VfPpkd-O1htCb-OWXEXe-OWB6Me) .VfPpkd-NSFCdd-Ra9xwd,.VfPpkd-O1htCb-OWXEXe-INsAgc.VfPpkd-O1htCb-OWXEXe-UJflGc:not(.VfPpkd-O1htCb-OWXEXe-OWB6Me) .VfPpkd-NSFCdd-MpmGFe{border-color:#b00020;border-color:var(--mdc-theme-error,#b00020)}.VfPpkd-O1htCb-OWXEXe-INsAgc.VfPpkd-O1htCb-OWXEXe-UJflGc:not(.VfPpkd-O1htCb-OWXEXe-OWB6Me):not(.VfPpkd-O1htCb-OWXEXe-XpnDCe) .VfPpkd-TkwUic:hover .VfPpkd-NSFCdd-i5vt6e .VfPpkd-NSFCdd-Brv4Fb,.VfPpkd-O1htCb-OWXEXe-INsAgc.VfPpkd-O1htCb-OWXEXe-UJflGc:not(.VfPpkd-O1htCb-OWXEXe-OWB6Me):not(.VfPpkd-O1htCb-OWXEXe-XpnDCe) .VfPpkd-TkwUic:hover .VfPpkd-NSFCdd-i5vt6e .VfPpkd-NSFCdd-Ra9xwd,.VfPpkd-O1htCb-OWXEXe-INsAgc.VfPpkd-O1htCb-OWXEXe-UJflGc:not(.VfPpkd-O1htCb-OWXEXe-OWB6Me):not(.VfPpkd-O1htCb-OWXEXe-XpnDCe) .VfPpkd-TkwUic:hover .VfPpkd-NSFCdd-i5vt6e .VfPpkd-NSFCdd-MpmGFe{border-color:#b00020;border-color:var(--mdc-theme-error,#b00020)}.VfPpkd-O1htCb-OWXEXe-INsAgc.VfPpkd-O1htCb-OWXEXe-UJflGc:not(.VfPpkd-O1htCb-OWXEXe-OWB6Me).VfPpkd-O1htCb-OWXEXe-XpnDCe .VfPpkd-NSFCdd-i5vt6e .VfPpkd-NSFCdd-Brv4Fb,.VfPpkd-O1htCb-OWXEXe-INsAgc.VfPpkd-O1htCb-OWXEXe-UJflGc:not(.VfPpkd-O1htCb-OWXEXe-OWB6Me).VfPpkd-O1htCb-OWXEXe-XpnDCe .VfPpkd-NSFCdd-i5vt6e .VfPpkd-NSFCdd-Ra9xwd,.VfPpkd-O1htCb-OWXEXe-INsAgc.VfPpkd-O1htCb-OWXEXe-UJflGc:not(.VfPpkd-O1htCb-OWXEXe-OWB6Me).VfPpkd-O1htCb-OWXEXe-XpnDCe .VfPpkd-NSFCdd-i5vt6e .VfPpkd-NSFCdd-MpmGFe{border-color:#b00020;border-color:var(--mdc-theme-error,#b00020)}.VfPpkd-O1htCb-OWXEXe-INsAgc.VfPpkd-O1htCb-OWXEXe-SfQLQb-M1Soyc-Bz112c .VfPpkd-NLUYnc-V67aGc{left:36px;right:auto}[dir=rtl] .VfPpkd-O1htCb-OWXEXe-INsAgc.VfPpkd-O1htCb-OWXEXe-SfQLQb-M1Soyc-Bz112c .VfPpkd-NLUYnc-V67aGc,.VfPpkd-O1htCb-OWXEXe-INsAgc.VfPpkd-O1htCb-OWXEXe-SfQLQb-M1Soyc-Bz112c .VfPpkd-NLUYnc-V67aGc[dir=rtl]{left:auto;right:36px}.VfPpkd-O1htCb-OWXEXe-INsAgc.VfPpkd-O1htCb-OWXEXe-SfQLQb-M1Soyc-Bz112c .VfPpkd-NLUYnc-V67aGc-OWXEXe-TATcMc-KLRBe{transform:translateY(-37.25px) translateX(-32px) scale(1)}[dir=rtl] .VfPpkd-O1htCb-OWXEXe-INsAgc.VfPpkd-O1htCb-OWXEXe-SfQLQb-M1Soyc-Bz112c .VfPpkd-NLUYnc-V67aGc-OWXEXe-TATcMc-KLRBe,.VfPpkd-O1htCb-OWXEXe-INsAgc.VfPpkd-O1htCb-OWXEXe-SfQLQb-M1Soyc-Bz112c .VfPpkd-NLUYnc-V67aGc-OWXEXe-TATcMc-KLRBe[dir=rtl]{transform:translateY(-37.25px) translateX(32px) scale(1)}.VfPpkd-O1htCb-OWXEXe-INsAgc.VfPpkd-O1htCb-OWXEXe-SfQLQb-M1Soyc-Bz112c.VfPpkd-NSFCdd-i5vt6e-OWXEXe-mWPk3d .VfPpkd-NLUYnc-V67aGc-OWXEXe-TATcMc-KLRBe,.VfPpkd-O1htCb-OWXEXe-INsAgc.VfPpkd-O1htCb-OWXEXe-SfQLQb-M1Soyc-Bz112c .VfPpkd-NSFCdd-i5vt6e-OWXEXe-mWPk3d .VfPpkd-NLUYnc-V67aGc-OWXEXe-TATcMc-KLRBe{transform:translateY(-34.75px) translateX(-32px) scale(.75)}[dir=rtl] .VfPpkd-O1htCb-OWXEXe-INsAgc.VfPpkd-O1htCb-OWXEXe-SfQLQb-M1Soyc-Bz112c.VfPpkd-NSFCdd-i5vt6e-OWXEXe-mWPk3d .VfPpkd-NLUYnc-V67aGc-OWXEXe-TATcMc-KLRBe,[dir=rtl] .VfPpkd-O1htCb-OWXEXe-INsAgc.VfPpkd-O1htCb-OWXEXe-SfQLQb-M1Soyc-Bz112c .VfPpkd-NSFCdd-i5vt6e-OWXEXe-mWPk3d .VfPpkd-NLUYnc-V67aGc-OWXEXe-TATcMc-KLRBe,.VfPpkd-O1htCb-OWXEXe-INsAgc.VfPpkd-O1htCb-OWXEXe-SfQLQb-M1Soyc-Bz112c.VfPpkd-NSFCdd-i5vt6e-OWXEXe-mWPk3d .VfPpkd-NLUYnc-V67aGc-OWXEXe-TATcMc-KLRBe[dir=rtl],.VfPpkd-O1htCb-OWXEXe-INsAgc.VfPpkd-O1htCb-OWXEXe-SfQLQb-M1Soyc-Bz112c .VfPpkd-NSFCdd-i5vt6e-OWXEXe-mWPk3d .VfPpkd-NLUYnc-V67aGc-OWXEXe-TATcMc-KLRBe[dir=rtl]{transform:translateY(-34.75px) translateX(32px) scale(.75)}.VfPpkd-O1htCb-OWXEXe-INsAgc.VfPpkd-O1htCb-OWXEXe-SfQLQb-M1Soyc-Bz112c .VfPpkd-NLUYnc-V67aGc-OWXEXe-TATcMc-KLRBe{font-size:.75rem}.VfPpkd-O1htCb-OWXEXe-INsAgc.VfPpkd-O1htCb-OWXEXe-SfQLQb-M1Soyc-Bz112c.VfPpkd-NSFCdd-i5vt6e-OWXEXe-mWPk3d .VfPpkd-NLUYnc-V67aGc-OWXEXe-TATcMc-KLRBe,.VfPpkd-O1htCb-OWXEXe-INsAgc.VfPpkd-O1htCb-OWXEXe-SfQLQb-M1Soyc-Bz112c .VfPpkd-NSFCdd-i5vt6e-OWXEXe-mWPk3d .VfPpkd-NLUYnc-V67aGc-OWXEXe-TATcMc-KLRBe{font-size:1rem}.VfPpkd-O1htCb-OWXEXe-INsAgc.VfPpkd-O1htCb-OWXEXe-SfQLQb-M1Soyc-Bz112c .VfPpkd-NLUYnc-V67aGc-OWXEXe-bF1zU{animation:mdc-floating-label-shake-float-above-select-outlined-leading-icon-56px .25s 1}@keyframes mdc-floating-label-shake-float-above-select-outlined-leading-icon-56px{0%{transform:translateX(-32px) translateY(-34.75px) scale(.75)}33%{animation-timing-function:cubic-bezier(.5,0,.701732,.495819);transform:translateX(calc(4% - 32px)) translateY(-34.75px) scale(.75)}66%{animation-timing-function:cubic-bezier(.302435,.381352,.55,.956352);transform:translateX(calc(-4% - 32px)) translateY(-34.75px) scale(.75)}100%{transform:translateX(-32px) translateY(-34.75px) scale(.75)}}[dir=rtl] .VfPpkd-O1htCb-OWXEXe-INsAgc.VfPpkd-O1htCb-OWXEXe-SfQLQb-M1Soyc-Bz112c .VfPpkd-NLUYnc-V67aGc-OWXEXe-bF1zU,.VfPpkd-O1htCb-OWXEXe-INsAgc.VfPpkd-O1htCb-OWXEXe-SfQLQb-M1Soyc-Bz112c[dir=rtl] .VfPpkd-NLUYnc-V67aGc-OWXEXe-bF1zU{animation:mdc-floating-label-shake-float-above-select-outlined-leading-icon-56px .25s 1}@keyframes mdc-floating-label-shake-float-above-select-outlined-leading-icon-56px-rtl{0%{transform:translateX(32px) translateY(-34.75px) scale(.75)}33%{animation-timing-function:cubic-bezier(.5,0,.701732,.495819);transform:translateX(calc(4% + 32px)) translateY(-34.75px) scale(.75)}66%{animation-timing-function:cubic-bezier(.302435,.381352,.55,.956352);transform:translateX(calc(-4% + 32px)) translateY(-34.75px) scale(.75)}100%{transform:translateX(32px) translateY(-34.75px) scale(.75)}}.VfPpkd-O1htCb-OWXEXe-INsAgc.VfPpkd-O1htCb-OWXEXe-SfQLQb-M1Soyc-Bz112c .VfPpkd-TkwUic :not(.VfPpkd-NSFCdd-i5vt6e-OWXEXe-NSFCdd) .VfPpkd-NSFCdd-Ra9xwd{max-width:calc(100% - 96px)}.VfPpkd-TkwUic{--mdc-ripple-fg-size:0;--mdc-ripple-left:0;--mdc-ripple-top:0;--mdc-ripple-fg-scale:1;--mdc-ripple-fg-translate-end:0;--mdc-ripple-fg-translate-start:0;-webkit-tap-highlight-color:rgba(0,0,0,0);will-change:transform,opacity}.VfPpkd-TkwUic .VfPpkd-woaZLe::before,.VfPpkd-TkwUic .VfPpkd-woaZLe::after{position:absolute;border-radius:50%;opacity:0;pointer-events:none;content:""}.VfPpkd-TkwUic .VfPpkd-woaZLe::before{transition:opacity 15ms linear,background-color 15ms linear;z-index:1;z-index:var(--mdc-ripple-z-index,1)}.VfPpkd-TkwUic .VfPpkd-woaZLe::after{z-index:0;z-index:var(--mdc-ripple-z-index,0)}.VfPpkd-TkwUic.VfPpkd-ksKsZd-mWPk3d .VfPpkd-woaZLe::before{transform:scale(var(--mdc-ripple-fg-scale,1))}.VfPpkd-TkwUic.VfPpkd-ksKsZd-mWPk3d .VfPpkd-woaZLe::after{top:0;left:0;transform:scale(0);transform-origin:center center}.VfPpkd-TkwUic.VfPpkd-ksKsZd-mWPk3d-OWXEXe-ZNMTqd .VfPpkd-woaZLe::after{top:var(--mdc-ripple-top,0);left:var(--mdc-ripple-left,0)}.VfPpkd-TkwUic.VfPpkd-ksKsZd-mWPk3d-OWXEXe-Tv8l5d-lJfZMc .VfPpkd-woaZLe::after{animation:mdc-ripple-fg-radius-in 225ms forwards,mdc-ripple-fg-opacity-in 75ms forwards}.VfPpkd-TkwUic.VfPpkd-ksKsZd-mWPk3d-OWXEXe-Tv8l5d-OmS1vf .VfPpkd-woaZLe::after{animation:mdc-ripple-fg-opacity-out .15s;transform:translate(var(--mdc-ripple-fg-translate-end,0)) scale(var(--mdc-ripple-fg-scale,1))}.VfPpkd-TkwUic .VfPpkd-woaZLe::before,.VfPpkd-TkwUic .VfPpkd-woaZLe::after{top:-50%;left:-50%;width:200%;height:200%}.VfPpkd-TkwUic.VfPpkd-ksKsZd-mWPk3d .VfPpkd-woaZLe::after{width:var(--mdc-ripple-fg-size,100%);height:var(--mdc-ripple-fg-size,100%)}.VfPpkd-TkwUic .VfPpkd-woaZLe::before,.VfPpkd-TkwUic .VfPpkd-woaZLe::after{background-color:rgba(0,0,0,.87);background-color:var(--mdc-ripple-color,rgba(0,0,0,.87))}.VfPpkd-TkwUic:hover .VfPpkd-woaZLe::before,.VfPpkd-TkwUic.VfPpkd-ksKsZd-XxIAqe-OWXEXe-ZmdkE .VfPpkd-woaZLe::before{opacity:.04;opacity:var(--mdc-ripple-hover-opacity,.04)}.VfPpkd-TkwUic.VfPpkd-ksKsZd-mWPk3d-OWXEXe-AHe6Kc-XpnDCe .VfPpkd-woaZLe::before,.VfPpkd-TkwUic:not(.VfPpkd-ksKsZd-mWPk3d):focus .VfPpkd-woaZLe::before{transition-duration:75ms;opacity:.12;opacity:var(--mdc-ripple-focus-opacity,.12)}.VfPpkd-TkwUic .VfPpkd-woaZLe{position:absolute;top:0;left:0;width:100%;height:100%;pointer-events:none}.VfPpkd-YPmvEd .VfPpkd-StrnGf-rymPhb .VfPpkd-StrnGf-rymPhb-ibnC6b-OWXEXe-gk6SMd .VfPpkd-StrnGf-rymPhb-pZXsl::before,.VfPpkd-YPmvEd .VfPpkd-StrnGf-rymPhb .VfPpkd-StrnGf-rymPhb-ibnC6b-OWXEXe-gk6SMd .VfPpkd-StrnGf-rymPhb-pZXsl::after{background-color:#000;background-color:var(--mdc-ripple-color,var(--mdc-theme-on-surface,#000))}.VfPpkd-YPmvEd .VfPpkd-StrnGf-rymPhb .VfPpkd-StrnGf-rymPhb-ibnC6b-OWXEXe-gk6SMd:hover .VfPpkd-StrnGf-rymPhb-pZXsl::before,.VfPpkd-YPmvEd .VfPpkd-StrnGf-rymPhb .VfPpkd-StrnGf-rymPhb-ibnC6b-OWXEXe-gk6SMd.VfPpkd-ksKsZd-XxIAqe-OWXEXe-ZmdkE .VfPpkd-StrnGf-rymPhb-pZXsl::before{opacity:.04;opacity:var(--mdc-ripple-hover-opacity,.04)}.VfPpkd-YPmvEd .VfPpkd-StrnGf-rymPhb .VfPpkd-StrnGf-rymPhb-ibnC6b-OWXEXe-gk6SMd.VfPpkd-ksKsZd-mWPk3d-OWXEXe-AHe6Kc-XpnDCe .VfPpkd-StrnGf-rymPhb-pZXsl::before,.VfPpkd-YPmvEd .VfPpkd-StrnGf-rymPhb .VfPpkd-StrnGf-rymPhb-ibnC6b-OWXEXe-gk6SMd:not(.VfPpkd-ksKsZd-mWPk3d):focus .VfPpkd-StrnGf-rymPhb-pZXsl::before{transition-duration:75ms;opacity:.12;opacity:var(--mdc-ripple-focus-opacity,.12)}.VfPpkd-YPmvEd .VfPpkd-StrnGf-rymPhb .VfPpkd-StrnGf-rymPhb-ibnC6b-OWXEXe-gk6SMd:not(.VfPpkd-ksKsZd-mWPk3d) .VfPpkd-StrnGf-rymPhb-pZXsl::after{transition:opacity .15s linear}.VfPpkd-YPmvEd .VfPpkd-StrnGf-rymPhb .VfPpkd-StrnGf-rymPhb-ibnC6b-OWXEXe-gk6SMd:not(.VfPpkd-ksKsZd-mWPk3d):active .VfPpkd-StrnGf-rymPhb-pZXsl::after{transition-duration:75ms;opacity:.12;opacity:var(--mdc-ripple-press-opacity,.12)}.VfPpkd-YPmvEd .VfPpkd-StrnGf-rymPhb .VfPpkd-StrnGf-rymPhb-ibnC6b-OWXEXe-gk6SMd .VfPpkd-rymPhb-pZXsl::before,.VfPpkd-YPmvEd .VfPpkd-StrnGf-rymPhb .VfPpkd-StrnGf-rymPhb-ibnC6b-OWXEXe-gk6SMd .VfPpkd-rymPhb-pZXsl::after{background-color:#000;background-color:var(--mdc-ripple-color,var(--mdc-theme-on-surface,#000))}.VfPpkd-YPmvEd .VfPpkd-StrnGf-rymPhb .VfPpkd-StrnGf-rymPhb-ibnC6b-OWXEXe-gk6SMd:hover .VfPpkd-rymPhb-pZXsl::before,.VfPpkd-YPmvEd .VfPpkd-StrnGf-rymPhb .VfPpkd-StrnGf-rymPhb-ibnC6b-OWXEXe-gk6SMd.VfPpkd-ksKsZd-XxIAqe-OWXEXe-ZmdkE .VfPpkd-rymPhb-pZXsl::before{opacity:.04;opacity:var(--mdc-ripple-hover-opacity,.04)}.VfPpkd-YPmvEd .VfPpkd-StrnGf-rymPhb .VfPpkd-StrnGf-rymPhb-ibnC6b-OWXEXe-gk6SMd.VfPpkd-ksKsZd-mWPk3d-OWXEXe-AHe6Kc-XpnDCe .VfPpkd-rymPhb-pZXsl::before,.VfPpkd-YPmvEd .VfPpkd-StrnGf-rymPhb .VfPpkd-StrnGf-rymPhb-ibnC6b-OWXEXe-gk6SMd:not(.VfPpkd-ksKsZd-mWPk3d):focus .VfPpkd-rymPhb-pZXsl::before{transition-duration:75ms;opacity:.12;opacity:var(--mdc-ripple-focus-opacity,.12)}.VfPpkd-YPmvEd .VfPpkd-StrnGf-rymPhb .VfPpkd-StrnGf-rymPhb-ibnC6b-OWXEXe-gk6SMd:not(.VfPpkd-ksKsZd-mWPk3d) .VfPpkd-rymPhb-pZXsl::after{transition:opacity .15s linear}.VfPpkd-YPmvEd .VfPpkd-StrnGf-rymPhb .VfPpkd-StrnGf-rymPhb-ibnC6b-OWXEXe-gk6SMd:not(.VfPpkd-ksKsZd-mWPk3d):active .VfPpkd-rymPhb-pZXsl::after{transition-duration:75ms;opacity:.12;opacity:var(--mdc-ripple-press-opacity,.12)}.VfPpkd-YPmvEd .VfPpkd-StrnGf-rymPhb .VfPpkd-StrnGf-rymPhb-ibnC6b-OWXEXe-gk6SMd.VfPpkd-ksKsZd-mWPk3d{--mdc-ripple-fg-opacity:var(--mdc-ripple-press-opacity,0.12)}.VfPpkd-O1htCb-W0vJo-fmcmS{margin:0;margin-left:16px;margin-right:16px;-moz-osx-font-smoothing:grayscale;-webkit-font-smoothing:antialiased;font-family:Roboto,sans-serif;font-family:var(--mdc-typography-caption-font-family,var(--mdc-typography-font-family,Roboto,sans-serif));font-size:.75rem;font-size:var(--mdc-typography-caption-font-size,.75rem);line-height:1.25rem;line-height:var(--mdc-typography-caption-line-height,1.25rem);font-weight:400;font-weight:var(--mdc-typography-caption-font-weight,400);letter-spacing:.0333333333em;letter-spacing:var(--mdc-typography-caption-letter-spacing,.0333333333em);text-decoration:inherit;-webkit-text-decoration:var(--mdc-typography-caption-text-decoration,inherit);text-decoration:var(--mdc-typography-caption-text-decoration,inherit);text-transform:inherit;text-transform:var(--mdc-typography-caption-text-transform,inherit);display:block;margin-top:0;line-height:normal}[dir=rtl] .VfPpkd-O1htCb-W0vJo-fmcmS,.VfPpkd-O1htCb-W0vJo-fmcmS[dir=rtl]{margin-left:16px;margin-right:16px}.VfPpkd-O1htCb-W0vJo-fmcmS::before{display:inline-block;width:0;height:16px;content:"";vertical-align:0}.VfPpkd-O1htCb-W0vJo-fmcmS-OWXEXe-Rfh2Tc-EglORb{opacity:0;transition:opacity .18s cubic-bezier(.4,0,.2,1)}.VfPpkd-O1htCb-OWXEXe-UJflGc+.VfPpkd-O1htCb-W0vJo-fmcmS-OWXEXe-Rfh2Tc-EglORb,.VfPpkd-O1htCb-W0vJo-fmcmS-OWXEXe-Rfh2Tc-EglORb-zvnfze{opacity:1}.VfPpkd-O1htCb-OWXEXe-SfQLQb-M1Soyc-Bz112c .VfPpkd-cTi5dd{display:inline-block;box-sizing:border-box;border:none;text-decoration:none;cursor:pointer;user-select:none;flex-shrink:0;align-self:center;background-color:transparent;fill:currentColor}.VfPpkd-O1htCb-OWXEXe-SfQLQb-M1Soyc-Bz112c .VfPpkd-cTi5dd{margin-left:12px;margin-right:12px}[dir=rtl] .VfPpkd-O1htCb-OWXEXe-SfQLQb-M1Soyc-Bz112c .VfPpkd-cTi5dd,.VfPpkd-O1htCb-OWXEXe-SfQLQb-M1Soyc-Bz112c .VfPpkd-cTi5dd[dir=rtl]{margin-left:12px;margin-right:12px}.VfPpkd-cTi5dd:not([tabindex]),.VfPpkd-cTi5dd[tabindex="-1"]{cursor:default;pointer-events:none}.VfPpkd-O1htCb:not(.VfPpkd-O1htCb-OWXEXe-OWB6Me) .VfPpkd-uusGie-fmcmS{color:rgba(0,0,0,.87)}.VfPpkd-O1htCb.VfPpkd-O1htCb-OWXEXe-OWB6Me .VfPpkd-uusGie-fmcmS{color:rgba(0,0,0,.38)}.VfPpkd-O1htCb:not(.VfPpkd-O1htCb-OWXEXe-OWB6Me) .VfPpkd-NLUYnc-V67aGc{color:rgba(0,0,0,.6)}.VfPpkd-O1htCb:not(.VfPpkd-O1htCb-OWXEXe-OWB6Me).VfPpkd-O1htCb-OWXEXe-XpnDCe .VfPpkd-NLUYnc-V67aGc{color:rgba(98,0,238,.87)}.VfPpkd-O1htCb.VfPpkd-O1htCb-OWXEXe-OWB6Me .VfPpkd-NLUYnc-V67aGc{color:rgba(0,0,0,.38)}.VfPpkd-O1htCb:not(.VfPpkd-O1htCb-OWXEXe-OWB6Me) .VfPpkd-t08AT-Bz112c{fill:rgba(0,0,0,.54)}.VfPpkd-O1htCb:not(.VfPpkd-O1htCb-OWXEXe-OWB6Me).VfPpkd-O1htCb-OWXEXe-XpnDCe .VfPpkd-t08AT-Bz112c{fill:#6200ee;fill:var(--mdc-theme-primary,#6200ee)}.VfPpkd-O1htCb.VfPpkd-O1htCb-OWXEXe-OWB6Me .VfPpkd-t08AT-Bz112c{fill:rgba(0,0,0,.38)}.VfPpkd-O1htCb:not(.VfPpkd-O1htCb-OWXEXe-OWB6Me)+.VfPpkd-O1htCb-W0vJo-fmcmS{color:rgba(0,0,0,.6)}.VfPpkd-O1htCb.VfPpkd-O1htCb-OWXEXe-OWB6Me+.VfPpkd-O1htCb-W0vJo-fmcmS{color:rgba(0,0,0,.38)}.VfPpkd-O1htCb:not(.VfPpkd-O1htCb-OWXEXe-OWB6Me) .VfPpkd-cTi5dd{color:rgba(0,0,0,.54)}.VfPpkd-O1htCb.VfPpkd-O1htCb-OWXEXe-OWB6Me .VfPpkd-cTi5dd{color:rgba(0,0,0,.38)}@media (-ms-high-contrast:active),screen and (forced-colors:active){.VfPpkd-O1htCb.VfPpkd-O1htCb-OWXEXe-OWB6Me .VfPpkd-uusGie-fmcmS{color:GrayText}.VfPpkd-O1htCb.VfPpkd-O1htCb-OWXEXe-OWB6Me .VfPpkd-t08AT-Bz112c{fill:GrayText}.VfPpkd-O1htCb.VfPpkd-O1htCb-OWXEXe-OWB6Me .VfPpkd-NLUYnc-V67aGc{color:GrayText}.VfPpkd-O1htCb.VfPpkd-O1htCb-OWXEXe-OWB6Me .VfPpkd-RWgCYc-ksKsZd::before{border-bottom-color:GrayText}.VfPpkd-O1htCb.VfPpkd-O1htCb-OWXEXe-OWB6Me .VfPpkd-NSFCdd-Brv4Fb,.VfPpkd-O1htCb.VfPpkd-O1htCb-OWXEXe-OWB6Me .VfPpkd-NSFCdd-Ra9xwd,.VfPpkd-O1htCb.VfPpkd-O1htCb-OWXEXe-OWB6Me .VfPpkd-NSFCdd-MpmGFe{border-color:GrayText}.VfPpkd-O1htCb.VfPpkd-O1htCb-OWXEXe-OWB6Me .VfPpkd-cTi5dd,.VfPpkd-O1htCb.VfPpkd-O1htCb-OWXEXe-OWB6Me+.VfPpkd-O1htCb-W0vJo-fmcmS{color:GrayText}}.VfPpkd-O1htCb .VfPpkd-TkwUic{padding-left:16px;padding-right:0}[dir=rtl] .VfPpkd-O1htCb .VfPpkd-TkwUic,.VfPpkd-O1htCb .VfPpkd-TkwUic[dir=rtl]{padding-left:0;padding-right:16px}.VfPpkd-O1htCb.VfPpkd-O1htCb-OWXEXe-SfQLQb-M1Soyc-Bz112c .VfPpkd-TkwUic{padding-left:0;padding-right:0}[dir=rtl] .VfPpkd-O1htCb.VfPpkd-O1htCb-OWXEXe-SfQLQb-M1Soyc-Bz112c .VfPpkd-TkwUic,.VfPpkd-O1htCb.VfPpkd-O1htCb-OWXEXe-SfQLQb-M1Soyc-Bz112c .VfPpkd-TkwUic[dir=rtl]{padding-left:0;padding-right:0}.VfPpkd-O1htCb .VfPpkd-cTi5dd{width:24px;height:24px;font-size:24px}.VfPpkd-O1htCb .VfPpkd-t08AT-Bz112c{width:24px;height:24px}.VfPpkd-t08AT-Bz112c{margin-left:12px;margin-right:12px}[dir=rtl] .VfPpkd-t08AT-Bz112c,.VfPpkd-t08AT-Bz112c[dir=rtl]{margin-left:12px;margin-right:12px}.VfPpkd-TkwUic{width:200px}.VfPpkd-TkwUic .VfPpkd-NLUYnc-V67aGc-OWXEXe-TATcMc-KLRBe{transform:translateY(-106%) scale(.75)}.VfPpkd-O1htCb-OWXEXe-UJflGc:not(.VfPpkd-O1htCb-OWXEXe-OWB6Me) .VfPpkd-NLUYnc-V67aGc{color:#b00020;color:var(--mdc-theme-error,#b00020)}.VfPpkd-O1htCb-OWXEXe-UJflGc:not(.VfPpkd-O1htCb-OWXEXe-OWB6Me).VfPpkd-O1htCb-OWXEXe-XpnDCe .VfPpkd-NLUYnc-V67aGc{color:#b00020;color:var(--mdc-theme-error,#b00020)}.VfPpkd-O1htCb-OWXEXe-UJflGc:not(.VfPpkd-O1htCb-OWXEXe-OWB6Me).VfPpkd-O1htCb-OWXEXe-UJflGc+.VfPpkd-O1htCb-W0vJo-fmcmS-OWXEXe-Rfh2Tc-EglORb{color:#b00020;color:var(--mdc-theme-error,#b00020)}.VfPpkd-O1htCb-OWXEXe-UJflGc:not(.VfPpkd-O1htCb-OWXEXe-OWB6Me) .VfPpkd-t08AT-Bz112c{fill:#b00020;fill:var(--mdc-theme-error,#b00020)}.VfPpkd-O1htCb-OWXEXe-UJflGc:not(.VfPpkd-O1htCb-OWXEXe-OWB6Me).VfPpkd-O1htCb-OWXEXe-XpnDCe .VfPpkd-t08AT-Bz112c{fill:#b00020;fill:var(--mdc-theme-error,#b00020)}.VfPpkd-uusGie-fmcmS-haAclf{height:28px}.s8kOBc{box-shadow:0 3px 5px -1px rgba(0,0,0,.2),0 6px 10px 0 rgba(0,0,0,.14),0 1px 18px 0 rgba(0,0,0,.12);font-family:Roboto,Arial,sans-serif;line-height:1.5rem;font-size:1rem;letter-spacing:.00625em;font-weight:400}.s8kOBc .VfPpkd-StrnGf-rymPhb{font-family:Roboto,Arial,sans-serif;line-height:1.5rem;font-size:1rem;letter-spacing:.00625em;font-weight:400;color:rgb(60,64,67)}.s8kOBc .VfPpkd-StrnGf-rymPhb .VfPpkd-StrnGf-rymPhb-IhFlZd{color:rgb(95,99,104)}.s8kOBc .VfPpkd-StrnGf-rymPhb .VfPpkd-StrnGf-rymPhb-ibnC6b-OWXEXe-OWB6Me .VfPpkd-StrnGf-rymPhb-b9t22c,.s8kOBc .VfPpkd-StrnGf-rymPhb .VfPpkd-StrnGf-rymPhb-ibnC6b-OWXEXe-OWB6Me .VfPpkd-StrnGf-rymPhb-fpDzbe-fmcmS,.s8kOBc .VfPpkd-StrnGf-rymPhb .VfPpkd-StrnGf-rymPhb-ibnC6b-OWXEXe-OWB6Me .VfPpkd-StrnGf-rymPhb-L8ivfd-fmcmS{color:rgb(60,64,67)}.s8kOBc .VfPpkd-StrnGf-rymPhb .VfPpkd-StrnGf-rymPhb-ibnC6b-OWXEXe-OWB6Me .VfPpkd-StrnGf-rymPhb-b9t22c{opacity:.38}.s8kOBc .VfPpkd-StrnGf-rymPhb .VfPpkd-StrnGf-rymPhb-ibnC6b-OWXEXe-gk6SMd,.s8kOBc .VfPpkd-StrnGf-rymPhb .VfPpkd-StrnGf-rymPhb-ibnC6b-OWXEXe-pXU01b,.s8kOBc .VfPpkd-StrnGf-rymPhb .VfPpkd-StrnGf-rymPhb-ibnC6b-OWXEXe-gk6SMd .VfPpkd-StrnGf-rymPhb-f7MjDc,.s8kOBc .VfPpkd-StrnGf-rymPhb .VfPpkd-StrnGf-rymPhb-ibnC6b-OWXEXe-pXU01b .VfPpkd-StrnGf-rymPhb-f7MjDc{color:rgb(60,64,67)}.s8kOBc .VfPpkd-StrnGf-rymPhb .VfPpkd-StrnGf-rymPhb-ibnC6b-OWXEXe-gk6SMd .VfPpkd-StrnGf-rymPhb-pZXsl::before{opacity:0}.s8kOBc .VfPpkd-StrnGf-rymPhb .VfPpkd-StrnGf-rymPhb-ibnC6b.VfPpkd-StrnGf-rymPhb-ibnC6b-OWXEXe-gk6SMd{background-color:rgb(232,240,254)}.s8kOBc .VfPpkd-StrnGf-rymPhb .VfPpkd-StrnGf-rymPhb-ibnC6b.VfPpkd-StrnGf-rymPhb-ibnC6b-OWXEXe-gk6SMd .VfPpkd-StrnGf-rymPhb-pZXsl::before,.s8kOBc .VfPpkd-StrnGf-rymPhb .VfPpkd-StrnGf-rymPhb-ibnC6b.VfPpkd-StrnGf-rymPhb-ibnC6b-OWXEXe-gk6SMd .VfPpkd-StrnGf-rymPhb-pZXsl::after{background-color:rgb(26,115,232);background-color:var(--mdc-ripple-color,rgb(26,115,232))}.s8kOBc .VfPpkd-StrnGf-rymPhb .VfPpkd-StrnGf-rymPhb-ibnC6b.VfPpkd-StrnGf-rymPhb-ibnC6b-OWXEXe-gk6SMd:hover .VfPpkd-StrnGf-rymPhb-pZXsl::before,.s8kOBc .VfPpkd-StrnGf-rymPhb .VfPpkd-StrnGf-rymPhb-ibnC6b.VfPpkd-StrnGf-rymPhb-ibnC6b-OWXEXe-gk6SMd.VfPpkd-ksKsZd-XxIAqe-OWXEXe-ZmdkE .VfPpkd-StrnGf-rymPhb-pZXsl::before{opacity:.04;opacity:var(--mdc-ripple-hover-opacity,.04)}.s8kOBc .VfPpkd-StrnGf-rymPhb .VfPpkd-StrnGf-rymPhb-ibnC6b.VfPpkd-StrnGf-rymPhb-ibnC6b-OWXEXe-gk6SMd.VfPpkd-ksKsZd-mWPk3d-OWXEXe-AHe6Kc-XpnDCe .VfPpkd-StrnGf-rymPhb-pZXsl::before,.s8kOBc .VfPpkd-StrnGf-rymPhb .VfPpkd-StrnGf-rymPhb-ibnC6b.VfPpkd-StrnGf-rymPhb-ibnC6b-OWXEXe-gk6SMd:not(.VfPpkd-ksKsZd-mWPk3d):focus .VfPpkd-StrnGf-rymPhb-pZXsl::before{transition-duration:75ms;opacity:.12;opacity:var(--mdc-ripple-focus-opacity,.12)}.s8kOBc .VfPpkd-StrnGf-rymPhb .VfPpkd-StrnGf-rymPhb-ibnC6b.VfPpkd-StrnGf-rymPhb-ibnC6b-OWXEXe-gk6SMd:not(.VfPpkd-ksKsZd-mWPk3d) .VfPpkd-StrnGf-rymPhb-pZXsl::after{transition:opacity .15s linear}.s8kOBc .VfPpkd-StrnGf-rymPhb .VfPpkd-StrnGf-rymPhb-ibnC6b.VfPpkd-StrnGf-rymPhb-ibnC6b-OWXEXe-gk6SMd:not(.VfPpkd-ksKsZd-mWPk3d):active .VfPpkd-StrnGf-rymPhb-pZXsl::after{transition-duration:75ms;opacity:.1;opacity:var(--mdc-ripple-press-opacity,.1)}.s8kOBc .VfPpkd-StrnGf-rymPhb .VfPpkd-StrnGf-rymPhb-ibnC6b.VfPpkd-StrnGf-rymPhb-ibnC6b-OWXEXe-gk6SMd.VfPpkd-ksKsZd-mWPk3d{--mdc-ripple-fg-opacity:var(--mdc-ripple-press-opacity,0.1)}@media (-ms-high-contrast:active),screen and (forced-colors:active){.s8kOBc .VfPpkd-StrnGf-rymPhb .VfPpkd-StrnGf-rymPhb-ibnC6b-OWXEXe-OWB6Me .VfPpkd-StrnGf-rymPhb-b9t22c,.s8kOBc .VfPpkd-StrnGf-rymPhb .VfPpkd-StrnGf-rymPhb-ibnC6b-OWXEXe-OWB6Me .VfPpkd-StrnGf-rymPhb-fpDzbe-fmcmS,.s8kOBc .VfPpkd-StrnGf-rymPhb .VfPpkd-StrnGf-rymPhb-ibnC6b-OWXEXe-OWB6Me .VfPpkd-StrnGf-rymPhb-L8ivfd-fmcmS{color:GrayText}.s8kOBc .VfPpkd-StrnGf-rymPhb .VfPpkd-StrnGf-rymPhb-ibnC6b-OWXEXe-OWB6Me .VfPpkd-StrnGf-rymPhb-b9t22c{opacity:1}}.s8kOBc .VfPpkd-rymPhb-Gtdoyb,.s8kOBc .VfPpkd-rymPhb-fpDzbe-fmcmS{color:rgb(60,64,67)}.s8kOBc .VfPpkd-rymPhb-L8ivfd-fmcmS,.s8kOBc .VfPpkd-rymPhb-bC5pod-fmcmS,.s8kOBc .VfPpkd-rymPhb-JMEf7e{color:rgb(95,99,104)}.s8kOBc .VfPpkd-rymPhb-ibnC6b-OWXEXe-SfQLQb-M1Soyc-Bz112c .VfPpkd-rymPhb-KkROqb,.s8kOBc .VfPpkd-rymPhb-ibnC6b-OWXEXe-SfQLQb-UbuQg-Bz112c .VfPpkd-rymPhb-JMEf7e,.s8kOBc .VfPpkd-rymPhb-ibnC6b-OWXEXe-OWB6Me .VfPpkd-rymPhb-Gtdoyb,.s8kOBc .VfPpkd-rymPhb-ibnC6b-OWXEXe-OWB6Me .VfPpkd-rymPhb-fpDzbe-fmcmS,.s8kOBc .VfPpkd-rymPhb-ibnC6b-OWXEXe-OWB6Me .VfPpkd-rymPhb-L8ivfd-fmcmS,.s8kOBc .VfPpkd-rymPhb-ibnC6b-OWXEXe-OWB6Me .VfPpkd-rymPhb-bC5pod-fmcmS,.s8kOBc .VfPpkd-rymPhb-ibnC6b-OWXEXe-OWB6Me.VfPpkd-rymPhb-ibnC6b-OWXEXe-SfQLQb-M1Soyc-Bz112c .VfPpkd-rymPhb-KkROqb,.s8kOBc .VfPpkd-rymPhb-ibnC6b-OWXEXe-OWB6Me.VfPpkd-rymPhb-ibnC6b-OWXEXe-SfQLQb-UbuQg-Bz112c .VfPpkd-rymPhb-JMEf7e,.s8kOBc .VfPpkd-rymPhb-ibnC6b-OWXEXe-OWB6Me.VfPpkd-rymPhb-ibnC6b-OWXEXe-SfQLQb-UbuQg-r4m2rf .VfPpkd-rymPhb-JMEf7e{color:rgb(60,64,67)}.s8kOBc .VfPpkd-rymPhb-ibnC6b-OWXEXe-OWB6Me .VfPpkd-rymPhb-KkROqb,.s8kOBc .VfPpkd-rymPhb-ibnC6b-OWXEXe-OWB6Me .VfPpkd-rymPhb-Gtdoyb,.s8kOBc .VfPpkd-rymPhb-ibnC6b-OWXEXe-OWB6Me .VfPpkd-rymPhb-JMEf7e{opacity:.38}.s8kOBc .VfPpkd-rymPhb-ibnC6b-OWXEXe-gk6SMd .VfPpkd-rymPhb-Gtdoyb,.s8kOBc .VfPpkd-rymPhb-ibnC6b-OWXEXe-gk6SMd .VfPpkd-rymPhb-fpDzbe-fmcmS,.s8kOBc .VfPpkd-rymPhb-ibnC6b-OWXEXe-pXU01b .VfPpkd-rymPhb-Gtdoyb,.s8kOBc .VfPpkd-rymPhb-ibnC6b-OWXEXe-pXU01b .VfPpkd-rymPhb-fpDzbe-fmcmS,.s8kOBc .VfPpkd-rymPhb-ibnC6b-OWXEXe-gk6SMd.VfPpkd-rymPhb-ibnC6b-OWXEXe-SfQLQb-M1Soyc-Bz112c .VfPpkd-rymPhb-KkROqb,.s8kOBc .VfPpkd-rymPhb-ibnC6b-OWXEXe-pXU01b.VfPpkd-rymPhb-ibnC6b-OWXEXe-SfQLQb-M1Soyc-Bz112c .VfPpkd-rymPhb-KkROqb{color:rgb(60,64,67)}.s8kOBc .VfPpkd-rymPhb-ibnC6b-OWXEXe-gk6SMd .VfPpkd-rymPhb-pZXsl::before{opacity:0}.s8kOBc .VfPpkd-rymPhb-ibnC6b.VfPpkd-rymPhb-ibnC6b-OWXEXe-gk6SMd{background-color:rgb(232,240,254)}.s8kOBc .VfPpkd-rymPhb-ibnC6b.VfPpkd-rymPhb-ibnC6b-OWXEXe-gk6SMd .VfPpkd-rymPhb-pZXsl::before,.s8kOBc .VfPpkd-rymPhb-ibnC6b.VfPpkd-rymPhb-ibnC6b-OWXEXe-gk6SMd .VfPpkd-rymPhb-pZXsl::after{background-color:rgb(26,115,232);background-color:var(--mdc-ripple-color,rgb(26,115,232))}.s8kOBc .VfPpkd-rymPhb-ibnC6b.VfPpkd-rymPhb-ibnC6b-OWXEXe-gk6SMd:hover .VfPpkd-rymPhb-pZXsl::before,.s8kOBc .VfPpkd-rymPhb-ibnC6b.VfPpkd-rymPhb-ibnC6b-OWXEXe-gk6SMd.VfPpkd-ksKsZd-XxIAqe-OWXEXe-ZmdkE .VfPpkd-rymPhb-pZXsl::before{opacity:.04;opacity:var(--mdc-ripple-hover-opacity,.04)}.s8kOBc .VfPpkd-rymPhb-ibnC6b.VfPpkd-rymPhb-ibnC6b-OWXEXe-gk6SMd.VfPpkd-ksKsZd-mWPk3d-OWXEXe-AHe6Kc-XpnDCe .VfPpkd-rymPhb-pZXsl::before,.s8kOBc .VfPpkd-rymPhb-ibnC6b.VfPpkd-rymPhb-ibnC6b-OWXEXe-gk6SMd:not(.VfPpkd-ksKsZd-mWPk3d):focus .VfPpkd-rymPhb-pZXsl::before{transition-duration:75ms;opacity:.12;opacity:var(--mdc-ripple-focus-opacity,.12)}.s8kOBc .VfPpkd-rymPhb-ibnC6b.VfPpkd-rymPhb-ibnC6b-OWXEXe-gk6SMd:not(.VfPpkd-ksKsZd-mWPk3d) .VfPpkd-rymPhb-pZXsl::after{transition:opacity .15s linear}.s8kOBc .VfPpkd-rymPhb-ibnC6b.VfPpkd-rymPhb-ibnC6b-OWXEXe-gk6SMd:not(.VfPpkd-ksKsZd-mWPk3d):active .VfPpkd-rymPhb-pZXsl::after{transition-duration:75ms;opacity:.1;opacity:var(--mdc-ripple-press-opacity,.1)}.s8kOBc .VfPpkd-rymPhb-ibnC6b.VfPpkd-rymPhb-ibnC6b-OWXEXe-gk6SMd.VfPpkd-ksKsZd-mWPk3d{--mdc-ripple-fg-opacity:var(--mdc-ripple-press-opacity,0.1)}@media screen and (forced-colors:active){.s8kOBc .VfPpkd-rymPhb-ibnC6b-OWXEXe-OWB6Me .VfPpkd-rymPhb-Gtdoyb,.s8kOBc .VfPpkd-rymPhb-ibnC6b-OWXEXe-OWB6Me .VfPpkd-rymPhb-fpDzbe-fmcmS,.s8kOBc .VfPpkd-rymPhb-ibnC6b-OWXEXe-OWB6Me .VfPpkd-rymPhb-L8ivfd-fmcmS,.s8kOBc .VfPpkd-rymPhb-ibnC6b-OWXEXe-OWB6Me .VfPpkd-rymPhb-bC5pod-fmcmS,.s8kOBc .VfPpkd-rymPhb-ibnC6b-OWXEXe-OWB6Me.VfPpkd-rymPhb-ibnC6b-OWXEXe-SfQLQb-M1Soyc-Bz112c .VfPpkd-rymPhb-KkROqb,.s8kOBc .VfPpkd-rymPhb-ibnC6b-OWXEXe-OWB6Me.VfPpkd-rymPhb-ibnC6b-OWXEXe-SfQLQb-UbuQg-Bz112c .VfPpkd-rymPhb-JMEf7e,.s8kOBc .VfPpkd-rymPhb-ibnC6b-OWXEXe-OWB6Me.VfPpkd-rymPhb-ibnC6b-OWXEXe-SfQLQb-UbuQg-r4m2rf .VfPpkd-rymPhb-JMEf7e{color:GrayText}.s8kOBc .VfPpkd-rymPhb-ibnC6b-OWXEXe-OWB6Me .VfPpkd-rymPhb-KkROqb,.s8kOBc .VfPpkd-rymPhb-ibnC6b-OWXEXe-OWB6Me .VfPpkd-rymPhb-Gtdoyb,.s8kOBc .VfPpkd-rymPhb-ibnC6b-OWXEXe-OWB6Me .VfPpkd-rymPhb-JMEf7e{opacity:1}}.s8kOBc .VfPpkd-StrnGf-rymPhb .VfPpkd-StrnGf-rymPhb-L8ivfd-fmcmS{color:rgb(95,99,104)}.s8kOBc .VfPpkd-StrnGf-rymPhb .VfPpkd-StrnGf-rymPhb-f7MjDc,.s8kOBc .VfPpkd-rymPhb .VfPpkd-rymPhb-ibnC6b-OWXEXe-SfQLQb-M1Soyc-Bz112c .VfPpkd-rymPhb-KkROqb,.s8kOBc .VfPpkd-rymPhb .VfPpkd-rymPhb-ibnC6b-OWXEXe-SfQLQb-UbuQg-Bz112c .VfPpkd-rymPhb-JMEf7e{color:rgb(60,64,67)}.s8kOBc .VfPpkd-rymPhb-fpDzbe-fmcmS{letter-spacing:.00625em}.s8kOBc.VfPpkd-YPmvEd-OWXEXe-UJflGc .VfPpkd-StrnGf-rymPhb-ibnC6b.VfPpkd-StrnGf-rymPhb-ibnC6b-OWXEXe-gk6SMd,.s8kOBc.VfPpkd-YPmvEd-OWXEXe-UJflGc .VfPpkd-rymPhb-ibnC6b.VfPpkd-rymPhb-ibnC6b-OWXEXe-gk6SMd{background-color:rgb(252,232,230)}.s8kOBc.VfPpkd-YPmvEd-OWXEXe-UJflGc .VfPpkd-StrnGf-rymPhb-ibnC6b.VfPpkd-StrnGf-rymPhb-ibnC6b-OWXEXe-gk6SMd .VfPpkd-StrnGf-rymPhb-pZXsl::before,.s8kOBc.VfPpkd-YPmvEd-OWXEXe-UJflGc .VfPpkd-StrnGf-rymPhb-ibnC6b.VfPpkd-StrnGf-rymPhb-ibnC6b-OWXEXe-gk6SMd .VfPpkd-StrnGf-rymPhb-pZXsl::after,.s8kOBc.VfPpkd-YPmvEd-OWXEXe-UJflGc .VfPpkd-rymPhb-ibnC6b.VfPpkd-rymPhb-ibnC6b-OWXEXe-gk6SMd .VfPpkd-StrnGf-rymPhb-pZXsl::before,.s8kOBc.VfPpkd-YPmvEd-OWXEXe-UJflGc .VfPpkd-rymPhb-ibnC6b.VfPpkd-rymPhb-ibnC6b-OWXEXe-gk6SMd .VfPpkd-StrnGf-rymPhb-pZXsl::after{background-color:rgb(217,48,37);background-color:var(--mdc-ripple-color,rgb(217,48,37))}.s8kOBc.VfPpkd-YPmvEd-OWXEXe-UJflGc .VfPpkd-StrnGf-rymPhb-ibnC6b.VfPpkd-StrnGf-rymPhb-ibnC6b-OWXEXe-gk6SMd:hover .VfPpkd-StrnGf-rymPhb-pZXsl::before,.s8kOBc.VfPpkd-YPmvEd-OWXEXe-UJflGc .VfPpkd-StrnGf-rymPhb-ibnC6b.VfPpkd-StrnGf-rymPhb-ibnC6b-OWXEXe-gk6SMd.VfPpkd-ksKsZd-XxIAqe-OWXEXe-ZmdkE .VfPpkd-StrnGf-rymPhb-pZXsl::before,.s8kOBc.VfPpkd-YPmvEd-OWXEXe-UJflGc .VfPpkd-rymPhb-ibnC6b.VfPpkd-rymPhb-ibnC6b-OWXEXe-gk6SMd:hover .VfPpkd-StrnGf-rymPhb-pZXsl::before,.s8kOBc.VfPpkd-YPmvEd-OWXEXe-UJflGc .VfPpkd-rymPhb-ibnC6b.VfPpkd-rymPhb-ibnC6b-OWXEXe-gk6SMd.VfPpkd-ksKsZd-XxIAqe-OWXEXe-ZmdkE .VfPpkd-StrnGf-rymPhb-pZXsl::before{opacity:.04;opacity:var(--mdc-ripple-hover-opacity,.04)}.s8kOBc.VfPpkd-YPmvEd-OWXEXe-UJflGc .VfPpkd-StrnGf-rymPhb-ibnC6b.VfPpkd-StrnGf-rymPhb-ibnC6b-OWXEXe-gk6SMd.VfPpkd-ksKsZd-mWPk3d-OWXEXe-AHe6Kc-XpnDCe .VfPpkd-StrnGf-rymPhb-pZXsl::before,.s8kOBc.VfPpkd-YPmvEd-OWXEXe-UJflGc .VfPpkd-StrnGf-rymPhb-ibnC6b.VfPpkd-StrnGf-rymPhb-ibnC6b-OWXEXe-gk6SMd:not(.VfPpkd-ksKsZd-mWPk3d):focus .VfPpkd-StrnGf-rymPhb-pZXsl::before,.s8kOBc.VfPpkd-YPmvEd-OWXEXe-UJflGc .VfPpkd-rymPhb-ibnC6b.VfPpkd-rymPhb-ibnC6b-OWXEXe-gk6SMd.VfPpkd-ksKsZd-mWPk3d-OWXEXe-AHe6Kc-XpnDCe .VfPpkd-StrnGf-rymPhb-pZXsl::before,.s8kOBc.VfPpkd-YPmvEd-OWXEXe-UJflGc .VfPpkd-rymPhb-ibnC6b.VfPpkd-rymPhb-ibnC6b-OWXEXe-gk6SMd:not(.VfPpkd-ksKsZd-mWPk3d):focus .VfPpkd-StrnGf-rymPhb-pZXsl::before{transition-duration:75ms;opacity:.12;opacity:var(--mdc-ripple-focus-opacity,.12)}.s8kOBc.VfPpkd-YPmvEd-OWXEXe-UJflGc .VfPpkd-StrnGf-rymPhb-ibnC6b.VfPpkd-StrnGf-rymPhb-ibnC6b-OWXEXe-gk6SMd:not(.VfPpkd-ksKsZd-mWPk3d) .VfPpkd-StrnGf-rymPhb-pZXsl::after,.s8kOBc.VfPpkd-YPmvEd-OWXEXe-UJflGc .VfPpkd-rymPhb-ibnC6b.VfPpkd-rymPhb-ibnC6b-OWXEXe-gk6SMd:not(.VfPpkd-ksKsZd-mWPk3d) .VfPpkd-StrnGf-rymPhb-pZXsl::after{transition:opacity .15s linear}.s8kOBc.VfPpkd-YPmvEd-OWXEXe-UJflGc .VfPpkd-StrnGf-rymPhb-ibnC6b.VfPpkd-StrnGf-rymPhb-ibnC6b-OWXEXe-gk6SMd:not(.VfPpkd-ksKsZd-mWPk3d):active .VfPpkd-StrnGf-rymPhb-pZXsl::after,.s8kOBc.VfPpkd-YPmvEd-OWXEXe-UJflGc .VfPpkd-rymPhb-ibnC6b.VfPpkd-rymPhb-ibnC6b-OWXEXe-gk6SMd:not(.VfPpkd-ksKsZd-mWPk3d):active .VfPpkd-StrnGf-rymPhb-pZXsl::after{transition-duration:75ms;opacity:.1;opacity:var(--mdc-ripple-press-opacity,.1)}.s8kOBc.VfPpkd-YPmvEd-OWXEXe-UJflGc .VfPpkd-StrnGf-rymPhb-ibnC6b.VfPpkd-StrnGf-rymPhb-ibnC6b-OWXEXe-gk6SMd .VfPpkd-rymPhb-pZXsl::before,.s8kOBc.VfPpkd-YPmvEd-OWXEXe-UJflGc .VfPpkd-StrnGf-rymPhb-ibnC6b.VfPpkd-StrnGf-rymPhb-ibnC6b-OWXEXe-gk6SMd .VfPpkd-rymPhb-pZXsl::after,.s8kOBc.VfPpkd-YPmvEd-OWXEXe-UJflGc .VfPpkd-rymPhb-ibnC6b.VfPpkd-rymPhb-ibnC6b-OWXEXe-gk6SMd .VfPpkd-rymPhb-pZXsl::before,.s8kOBc.VfPpkd-YPmvEd-OWXEXe-UJflGc .VfPpkd-rymPhb-ibnC6b.VfPpkd-rymPhb-ibnC6b-OWXEXe-gk6SMd .VfPpkd-rymPhb-pZXsl::after{background-color:rgb(217,48,37);background-color:var(--mdc-ripple-color,rgb(217,48,37))}.s8kOBc.VfPpkd-YPmvEd-OWXEXe-UJflGc .VfPpkd-StrnGf-rymPhb-ibnC6b.VfPpkd-StrnGf-rymPhb-ibnC6b-OWXEXe-gk6SMd:hover .VfPpkd-rymPhb-pZXsl::before,.s8kOBc.VfPpkd-YPmvEd-OWXEXe-UJflGc .VfPpkd-StrnGf-rymPhb-ibnC6b.VfPpkd-StrnGf-rymPhb-ibnC6b-OWXEXe-gk6SMd.VfPpkd-ksKsZd-XxIAqe-OWXEXe-ZmdkE .VfPpkd-rymPhb-pZXsl::before,.s8kOBc.VfPpkd-YPmvEd-OWXEXe-UJflGc .VfPpkd-rymPhb-ibnC6b.VfPpkd-rymPhb-ibnC6b-OWXEXe-gk6SMd:hover .VfPpkd-rymPhb-pZXsl::before,.s8kOBc.VfPpkd-YPmvEd-OWXEXe-UJflGc .VfPpkd-rymPhb-ibnC6b.VfPpkd-rymPhb-ibnC6b-OWXEXe-gk6SMd.VfPpkd-ksKsZd-XxIAqe-OWXEXe-ZmdkE .VfPpkd-rymPhb-pZXsl::before{opacity:.04;opacity:var(--mdc-ripple-hover-opacity,.04)}.s8kOBc.VfPpkd-YPmvEd-OWXEXe-UJflGc .VfPpkd-StrnGf-rymPhb-ibnC6b.VfPpkd-StrnGf-rymPhb-ibnC6b-OWXEXe-gk6SMd.VfPpkd-ksKsZd-mWPk3d-OWXEXe-AHe6Kc-XpnDCe .VfPpkd-rymPhb-pZXsl::before,.s8kOBc.VfPpkd-YPmvEd-OWXEXe-UJflGc .VfPpkd-StrnGf-rymPhb-ibnC6b.VfPpkd-StrnGf-rymPhb-ibnC6b-OWXEXe-gk6SMd:not(.VfPpkd-ksKsZd-mWPk3d):focus .VfPpkd-rymPhb-pZXsl::before,.s8kOBc.VfPpkd-YPmvEd-OWXEXe-UJflGc .VfPpkd-rymPhb-ibnC6b.VfPpkd-rymPhb-ibnC6b-OWXEXe-gk6SMd.VfPpkd-ksKsZd-mWPk3d-OWXEXe-AHe6Kc-XpnDCe .VfPpkd-rymPhb-pZXsl::before,.s8kOBc.VfPpkd-YPmvEd-OWXEXe-UJflGc .VfPpkd-rymPhb-ibnC6b.VfPpkd-rymPhb-ibnC6b-OWXEXe-gk6SMd:not(.VfPpkd-ksKsZd-mWPk3d):focus .VfPpkd-rymPhb-pZXsl::before{transition-duration:75ms;opacity:.12;opacity:var(--mdc-ripple-focus-opacity,.12)}.s8kOBc.VfPpkd-YPmvEd-OWXEXe-UJflGc .VfPpkd-StrnGf-rymPhb-ibnC6b.VfPpkd-StrnGf-rymPhb-ibnC6b-OWXEXe-gk6SMd:not(.VfPpkd-ksKsZd-mWPk3d) .VfPpkd-rymPhb-pZXsl::after,.s8kOBc.VfPpkd-YPmvEd-OWXEXe-UJflGc .VfPpkd-rymPhb-ibnC6b.VfPpkd-rymPhb-ibnC6b-OWXEXe-gk6SMd:not(.VfPpkd-ksKsZd-mWPk3d) .VfPpkd-rymPhb-pZXsl::after{transition:opacity .15s linear}.s8kOBc.VfPpkd-YPmvEd-OWXEXe-UJflGc .VfPpkd-StrnGf-rymPhb-ibnC6b.VfPpkd-StrnGf-rymPhb-ibnC6b-OWXEXe-gk6SMd:not(.VfPpkd-ksKsZd-mWPk3d):active .VfPpkd-rymPhb-pZXsl::after,.s8kOBc.VfPpkd-YPmvEd-OWXEXe-UJflGc .VfPpkd-rymPhb-ibnC6b.VfPpkd-rymPhb-ibnC6b-OWXEXe-gk6SMd:not(.VfPpkd-ksKsZd-mWPk3d):active .VfPpkd-rymPhb-pZXsl::after{transition-duration:75ms;opacity:.1;opacity:var(--mdc-ripple-press-opacity,.1)}.s8kOBc.VfPpkd-YPmvEd-OWXEXe-UJflGc .VfPpkd-StrnGf-rymPhb-ibnC6b.VfPpkd-StrnGf-rymPhb-ibnC6b-OWXEXe-gk6SMd.VfPpkd-ksKsZd-mWPk3d,.s8kOBc.VfPpkd-YPmvEd-OWXEXe-UJflGc .VfPpkd-rymPhb-ibnC6b.VfPpkd-rymPhb-ibnC6b-OWXEXe-gk6SMd.VfPpkd-ksKsZd-mWPk3d{--mdc-ripple-fg-opacity:var(--mdc-ripple-press-opacity,0.1)}.hqBSCb:not(.VfPpkd-O1htCb-OWXEXe-OWB6Me) .VfPpkd-TkwUic{background-color:rgb(241,243,244)}.hqBSCb.VfPpkd-O1htCb-OWXEXe-OWB6Me .VfPpkd-TkwUic{background-color:rgba(95,99,104,.04)}.hqBSCb:not(.VfPpkd-O1htCb-OWXEXe-OWB6Me) .VfPpkd-RWgCYc-ksKsZd::before{border-bottom-color:rgb(95,99,104)}.hqBSCb:not(.VfPpkd-O1htCb-OWXEXe-OWB6Me):hover .VfPpkd-RWgCYc-ksKsZd::before{border-bottom-color:rgb(32,33,36)}.hqBSCb:not(.VfPpkd-O1htCb-OWXEXe-OWB6Me) .VfPpkd-RWgCYc-ksKsZd::after{border-bottom-color:rgb(25,103,210)}.hqBSCb.VfPpkd-O1htCb-OWXEXe-OWB6Me .VfPpkd-RWgCYc-ksKsZd::before{border-bottom-color:rgba(95,99,104,.38)}.hqBSCb:not(.VfPpkd-O1htCb-OWXEXe-OWB6Me) .VfPpkd-NLUYnc-V67aGc{color:rgb(95,99,104)}.hqBSCb:not(.VfPpkd-O1htCb-OWXEXe-OWB6Me).VfPpkd-O1htCb-OWXEXe-XpnDCe .VfPpkd-NLUYnc-V67aGc{color:rgb(25,103,210)}.hqBSCb:not(.VfPpkd-O1htCb-OWXEXe-OWB6Me):not(.VfPpkd-O1htCb-OWXEXe-XpnDCe):hover .VfPpkd-NLUYnc-V67aGc{color:rgb(32,33,36)}.hqBSCb.VfPpkd-O1htCb-OWXEXe-OWB6Me .VfPpkd-NLUYnc-V67aGc{color:rgba(95,99,104,.38)}.hqBSCb:not(.VfPpkd-O1htCb-OWXEXe-OWB6Me)+.VfPpkd-O1htCb-W0vJo-fmcmS{color:rgb(95,99,104)}.hqBSCb.VfPpkd-O1htCb-OWXEXe-OWB6Me+.VfPpkd-O1htCb-W0vJo-fmcmS{color:rgba(95,99,104,.38)}.hqBSCb:not(.VfPpkd-O1htCb-OWXEXe-OWB6Me).VfPpkd-O1htCb-OWXEXe-UJflGc+.VfPpkd-O1htCb-W0vJo-fmcmS-OWXEXe-Rfh2Tc-EglORb{color:rgb(197,34,31)}.hqBSCb:not(.VfPpkd-O1htCb-OWXEXe-OWB6Me):not(.VfPpkd-O1htCb-OWXEXe-XpnDCe):hover.VfPpkd-O1htCb-OWXEXe-UJflGc+.VfPpkd-O1htCb-W0vJo-fmcmS-OWXEXe-Rfh2Tc-EglORb{color:rgb(165,14,14)}.hqBSCb:not(.VfPpkd-O1htCb-OWXEXe-OWB6Me) .VfPpkd-uusGie-fmcmS{color:rgb(60,64,67)}.hqBSCb.VfPpkd-O1htCb-OWXEXe-OWB6Me .VfPpkd-uusGie-fmcmS{color:rgba(60,64,67,.38)}@media (forced-colors:active){.hqBSCb.VfPpkd-O1htCb-OWXEXe-OWB6Me .VfPpkd-NLUYnc-V67aGc,.hqBSCb.VfPpkd-O1htCb-OWXEXe-OWB6Me .VfPpkd-uusGie-fmcmS{color:GrayText}}.hqBSCb:not(.VfPpkd-O1htCb-OWXEXe-OWB6Me) .VfPpkd-t08AT-Bz112c{fill:rgb(95,99,104)}.hqBSCb:not(.VfPpkd-O1htCb-OWXEXe-OWB6Me):not(.VfPpkd-O1htCb-OWXEXe-XpnDCe):hover .VfPpkd-t08AT-Bz112c{fill:rgb(32,33,36)}.hqBSCb:not(.VfPpkd-O1htCb-OWXEXe-OWB6Me).VfPpkd-O1htCb-OWXEXe-XpnDCe .VfPpkd-t08AT-Bz112c{fill:rgb(23,78,166)}.hqBSCb.VfPpkd-O1htCb-OWXEXe-OWB6Me .VfPpkd-t08AT-Bz112c{fill:rgba(95,99,104,.38)}.hqBSCb:not(.VfPpkd-O1htCb-OWXEXe-OWB6Me) .VfPpkd-cTi5dd{color:rgb(95,99,104)}.hqBSCb.VfPpkd-O1htCb-OWXEXe-OWB6Me .VfPpkd-cTi5dd{color:rgba(95,99,104,.38)}.hqBSCb.VfPpkd-O1htCb-OWXEXe-UJflGc:not(.VfPpkd-O1htCb-OWXEXe-OWB6Me) .VfPpkd-RWgCYc-ksKsZd::before{border-bottom-color:rgb(197,34,31)}.hqBSCb.VfPpkd-O1htCb-OWXEXe-UJflGc:not(.VfPpkd-O1htCb-OWXEXe-OWB6Me):hover .VfPpkd-RWgCYc-ksKsZd::before{border-bottom-color:rgb(165,14,14)}.hqBSCb.VfPpkd-O1htCb-OWXEXe-UJflGc:not(.VfPpkd-O1htCb-OWXEXe-OWB6Me) .VfPpkd-RWgCYc-ksKsZd::after{border-bottom-color:rgb(197,34,31)}.hqBSCb.VfPpkd-O1htCb-OWXEXe-UJflGc:not(.VfPpkd-O1htCb-OWXEXe-OWB6Me) .VfPpkd-NLUYnc-V67aGc{color:rgb(197,34,31)}.hqBSCb.VfPpkd-O1htCb-OWXEXe-UJflGc:not(.VfPpkd-O1htCb-OWXEXe-OWB6Me):not(.VfPpkd-O1htCb-OWXEXe-XpnDCe):hover .VfPpkd-NLUYnc-V67aGc{color:rgb(165,14,14)}.hqBSCb.VfPpkd-O1htCb-OWXEXe-UJflGc:not(.VfPpkd-O1htCb-OWXEXe-OWB6Me) .VfPpkd-NLUYnc-V67aGc-OWXEXe-TATcMc-KLRBe{color:rgb(197,34,31)}.hqBSCb.VfPpkd-O1htCb-OWXEXe-UJflGc:not(.VfPpkd-O1htCb-OWXEXe-OWB6Me):not(.VfPpkd-O1htCb-OWXEXe-XpnDCe):hover .VfPpkd-NLUYnc-V67aGc-OWXEXe-TATcMc-KLRBe{color:rgb(165,14,14)}.hqBSCb.VfPpkd-O1htCb-OWXEXe-UJflGc:not(.VfPpkd-O1htCb-OWXEXe-OWB6Me) .VfPpkd-t08AT-Bz112c{fill:rgb(217,48,37)}.hqBSCb.VfPpkd-O1htCb-OWXEXe-UJflGc:not(.VfPpkd-O1htCb-OWXEXe-OWB6Me):not(.VfPpkd-O1htCb-OWXEXe-XpnDCe):hover .VfPpkd-t08AT-Bz112c{fill:rgb(165,14,14)}.hqBSCb.VfPpkd-O1htCb-OWXEXe-UJflGc:not(.VfPpkd-O1htCb-OWXEXe-OWB6Me).VfPpkd-O1htCb-OWXEXe-XpnDCe .VfPpkd-t08AT-Bz112c{fill:rgb(217,48,37)}.hqBSCb .VfPpkd-TkwUic .VfPpkd-woaZLe::before,.hqBSCb .VfPpkd-TkwUic .VfPpkd-woaZLe::after{background-color:rgb(60,64,67);background-color:var(--mdc-ripple-color,rgb(60,64,67))}.hqBSCb .VfPpkd-TkwUic:hover .VfPpkd-woaZLe::before,.hqBSCb .VfPpkd-TkwUic.VfPpkd-ksKsZd-XxIAqe-OWXEXe-ZmdkE .VfPpkd-woaZLe::before{opacity:.08;opacity:var(--mdc-ripple-hover-opacity,.08)}.hqBSCb .VfPpkd-TkwUic.VfPpkd-ksKsZd-mWPk3d-OWXEXe-AHe6Kc-XpnDCe .VfPpkd-woaZLe::before,.hqBSCb .VfPpkd-TkwUic:not(.VfPpkd-ksKsZd-mWPk3d):focus .VfPpkd-woaZLe::before{transition-duration:75ms;opacity:.12;opacity:var(--mdc-ripple-focus-opacity,.12)}.hqBSCb .VfPpkd-TkwUic:not(.VfPpkd-ksKsZd-mWPk3d) .VfPpkd-woaZLe::after{transition:opacity .15s linear}.hqBSCb .VfPpkd-TkwUic:not(.VfPpkd-ksKsZd-mWPk3d):active .VfPpkd-woaZLe::after{transition-duration:75ms;opacity:.1;opacity:var(--mdc-ripple-press-opacity,.1)}.hqBSCb .VfPpkd-TkwUic.VfPpkd-ksKsZd-mWPk3d{--mdc-ripple-fg-opacity:var(--mdc-ripple-press-opacity,0.1)}.ReCbLb:not(.VfPpkd-O1htCb-OWXEXe-OWB6Me) .VfPpkd-NSFCdd-Brv4Fb,.ReCbLb:not(.VfPpkd-O1htCb-OWXEXe-OWB6Me) .VfPpkd-NSFCdd-Ra9xwd,.ReCbLb:not(.VfPpkd-O1htCb-OWXEXe-OWB6Me) .VfPpkd-NSFCdd-MpmGFe{border-color:rgb(128,134,139)}.ReCbLb:not(.VfPpkd-O1htCb-OWXEXe-OWB6Me):not(.VfPpkd-O1htCb-OWXEXe-XpnDCe) .VfPpkd-TkwUic:hover .VfPpkd-NSFCdd-i5vt6e .VfPpkd-NSFCdd-Brv4Fb,.ReCbLb:not(.VfPpkd-O1htCb-OWXEXe-OWB6Me):not(.VfPpkd-O1htCb-OWXEXe-XpnDCe) .VfPpkd-TkwUic:hover .VfPpkd-NSFCdd-i5vt6e .VfPpkd-NSFCdd-Ra9xwd,.ReCbLb:not(.VfPpkd-O1htCb-OWXEXe-OWB6Me):not(.VfPpkd-O1htCb-OWXEXe-XpnDCe) .VfPpkd-TkwUic:hover .VfPpkd-NSFCdd-i5vt6e .VfPpkd-NSFCdd-MpmGFe{border-color:rgb(32,33,36)}.ReCbLb:not(.VfPpkd-O1htCb-OWXEXe-OWB6Me).VfPpkd-O1htCb-OWXEXe-XpnDCe .VfPpkd-NSFCdd-i5vt6e .VfPpkd-NSFCdd-Brv4Fb,.ReCbLb:not(.VfPpkd-O1htCb-OWXEXe-OWB6Me).VfPpkd-O1htCb-OWXEXe-XpnDCe .VfPpkd-NSFCdd-i5vt6e .VfPpkd-NSFCdd-Ra9xwd,.ReCbLb:not(.VfPpkd-O1htCb-OWXEXe-OWB6Me).VfPpkd-O1htCb-OWXEXe-XpnDCe .VfPpkd-NSFCdd-i5vt6e .VfPpkd-NSFCdd-MpmGFe{border-color:rgb(26,115,232)}.ReCbLb.VfPpkd-O1htCb-OWXEXe-OWB6Me .VfPpkd-NSFCdd-Brv4Fb,.ReCbLb.VfPpkd-O1htCb-OWXEXe-OWB6Me .VfPpkd-NSFCdd-Ra9xwd,.ReCbLb.VfPpkd-O1htCb-OWXEXe-OWB6Me .VfPpkd-NSFCdd-MpmGFe{border-color:rgba(60,64,67,.12)}.ReCbLb:not(.VfPpkd-O1htCb-OWXEXe-OWB6Me) .VfPpkd-NLUYnc-V67aGc{color:rgb(95,99,104)}.ReCbLb:not(.VfPpkd-O1htCb-OWXEXe-OWB6Me).VfPpkd-O1htCb-OWXEXe-XpnDCe .VfPpkd-NLUYnc-V67aGc{color:rgb(26,115,232)}.ReCbLb:not(.VfPpkd-O1htCb-OWXEXe-OWB6Me):not(.VfPpkd-O1htCb-OWXEXe-XpnDCe):hover .VfPpkd-NLUYnc-V67aGc{color:rgb(32,33,36)}.ReCbLb.VfPpkd-O1htCb-OWXEXe-OWB6Me .VfPpkd-NLUYnc-V67aGc{color:rgba(95,99,104,.38)}.ReCbLb:not(.VfPpkd-O1htCb-OWXEXe-OWB6Me)+.VfPpkd-O1htCb-W0vJo-fmcmS{color:rgb(95,99,104)}.ReCbLb.VfPpkd-O1htCb-OWXEXe-OWB6Me+.VfPpkd-O1htCb-W0vJo-fmcmS{color:rgba(95,99,104,.38)}.ReCbLb:not(.VfPpkd-O1htCb-OWXEXe-OWB6Me).VfPpkd-O1htCb-OWXEXe-UJflGc+.VfPpkd-O1htCb-W0vJo-fmcmS-OWXEXe-Rfh2Tc-EglORb{color:rgb(217,48,37)}.ReCbLb:not(.VfPpkd-O1htCb-OWXEXe-OWB6Me):not(.VfPpkd-O1htCb-OWXEXe-XpnDCe):hover.VfPpkd-O1htCb-OWXEXe-UJflGc+.VfPpkd-O1htCb-W0vJo-fmcmS-OWXEXe-Rfh2Tc-EglORb{color:rgb(165,14,14)}.ReCbLb:not(.VfPpkd-O1htCb-OWXEXe-OWB6Me) .VfPpkd-uusGie-fmcmS{color:rgb(60,64,67)}.ReCbLb.VfPpkd-O1htCb-OWXEXe-OWB6Me .VfPpkd-uusGie-fmcmS{color:rgba(60,64,67,.38)}@media (forced-colors:active){.ReCbLb.VfPpkd-O1htCb-OWXEXe-OWB6Me .VfPpkd-NLUYnc-V67aGc,.ReCbLb.VfPpkd-O1htCb-OWXEXe-OWB6Me .VfPpkd-uusGie-fmcmS{color:GrayText}}.ReCbLb:not(.VfPpkd-O1htCb-OWXEXe-OWB6Me) .VfPpkd-t08AT-Bz112c{fill:rgb(95,99,104)}.ReCbLb:not(.VfPpkd-O1htCb-OWXEXe-OWB6Me):not(.VfPpkd-O1htCb-OWXEXe-XpnDCe):hover .VfPpkd-t08AT-Bz112c{fill:rgb(32,33,36)}.ReCbLb:not(.VfPpkd-O1htCb-OWXEXe-OWB6Me).VfPpkd-O1htCb-OWXEXe-XpnDCe .VfPpkd-t08AT-Bz112c{fill:rgb(26,115,232)}.ReCbLb.VfPpkd-O1htCb-OWXEXe-OWB6Me .VfPpkd-t08AT-Bz112c{fill:rgba(95,99,104,.38)}.ReCbLb:not(.VfPpkd-O1htCb-OWXEXe-OWB6Me) .VfPpkd-cTi5dd{color:rgb(95,99,104)}.ReCbLb.VfPpkd-O1htCb-OWXEXe-OWB6Me .VfPpkd-cTi5dd{color:rgba(95,99,104,.38)}.ReCbLb.VfPpkd-O1htCb-OWXEXe-UJflGc:not(.VfPpkd-O1htCb-OWXEXe-OWB6Me) .VfPpkd-NSFCdd-Brv4Fb,.ReCbLb.VfPpkd-O1htCb-OWXEXe-UJflGc:not(.VfPpkd-O1htCb-OWXEXe-OWB6Me) .VfPpkd-NSFCdd-Ra9xwd,.ReCbLb.VfPpkd-O1htCb-OWXEXe-UJflGc:not(.VfPpkd-O1htCb-OWXEXe-OWB6Me) .VfPpkd-NSFCdd-MpmGFe{border-color:rgb(217,48,37)}.ReCbLb.VfPpkd-O1htCb-OWXEXe-UJflGc:not(.VfPpkd-O1htCb-OWXEXe-OWB6Me):not(.VfPpkd-O1htCb-OWXEXe-XpnDCe) .VfPpkd-TkwUic:hover .VfPpkd-NSFCdd-i5vt6e .VfPpkd-NSFCdd-Brv4Fb,.ReCbLb.VfPpkd-O1htCb-OWXEXe-UJflGc:not(.VfPpkd-O1htCb-OWXEXe-OWB6Me):not(.VfPpkd-O1htCb-OWXEXe-XpnDCe) .VfPpkd-TkwUic:hover .VfPpkd-NSFCdd-i5vt6e .VfPpkd-NSFCdd-Ra9xwd,.ReCbLb.VfPpkd-O1htCb-OWXEXe-UJflGc:not(.VfPpkd-O1htCb-OWXEXe-OWB6Me):not(.VfPpkd-O1htCb-OWXEXe-XpnDCe) .VfPpkd-TkwUic:hover .VfPpkd-NSFCdd-i5vt6e .VfPpkd-NSFCdd-MpmGFe{border-color:rgb(165,14,14)}.ReCbLb.VfPpkd-O1htCb-OWXEXe-UJflGc:not(.VfPpkd-O1htCb-OWXEXe-OWB6Me).VfPpkd-O1htCb-OWXEXe-XpnDCe .VfPpkd-NSFCdd-i5vt6e .VfPpkd-NSFCdd-Brv4Fb,.ReCbLb.VfPpkd-O1htCb-OWXEXe-UJflGc:not(.VfPpkd-O1htCb-OWXEXe-OWB6Me).VfPpkd-O1htCb-OWXEXe-XpnDCe .VfPpkd-NSFCdd-i5vt6e .VfPpkd-NSFCdd-Ra9xwd,.ReCbLb.VfPpkd-O1htCb-OWXEXe-UJflGc:not(.VfPpkd-O1htCb-OWXEXe-OWB6Me).VfPpkd-O1htCb-OWXEXe-XpnDCe .VfPpkd-NSFCdd-i5vt6e .VfPpkd-NSFCdd-MpmGFe{border-color:rgb(217,48,37)}.ReCbLb.VfPpkd-O1htCb-OWXEXe-UJflGc:not(.VfPpkd-O1htCb-OWXEXe-OWB6Me) .VfPpkd-NLUYnc-V67aGc{color:rgb(217,48,37)}.ReCbLb.VfPpkd-O1htCb-OWXEXe-UJflGc:not(.VfPpkd-O1htCb-OWXEXe-OWB6Me):not(.VfPpkd-O1htCb-OWXEXe-XpnDCe):hover .VfPpkd-NLUYnc-V67aGc{color:rgb(165,14,14)}.ReCbLb.VfPpkd-O1htCb-OWXEXe-UJflGc:not(.VfPpkd-O1htCb-OWXEXe-OWB6Me) .VfPpkd-NLUYnc-V67aGc-OWXEXe-TATcMc-KLRBe{color:rgb(217,48,37)}.ReCbLb.VfPpkd-O1htCb-OWXEXe-UJflGc:not(.VfPpkd-O1htCb-OWXEXe-OWB6Me):not(.VfPpkd-O1htCb-OWXEXe-XpnDCe):hover .VfPpkd-NLUYnc-V67aGc-OWXEXe-TATcMc-KLRBe{color:rgb(165,14,14)}.ReCbLb.VfPpkd-O1htCb-OWXEXe-UJflGc:not(.VfPpkd-O1htCb-OWXEXe-OWB6Me) .VfPpkd-t08AT-Bz112c{fill:rgb(197,34,31)}.ReCbLb.VfPpkd-O1htCb-OWXEXe-UJflGc:not(.VfPpkd-O1htCb-OWXEXe-OWB6Me):not(.VfPpkd-O1htCb-OWXEXe-XpnDCe):hover .VfPpkd-t08AT-Bz112c{fill:rgb(165,14,14)}.ReCbLb.VfPpkd-O1htCb-OWXEXe-UJflGc:not(.VfPpkd-O1htCb-OWXEXe-OWB6Me).VfPpkd-O1htCb-OWXEXe-XpnDCe .VfPpkd-t08AT-Bz112c{fill:rgb(197,34,31)}.FZfKCe{display:flex;flex-wrap:wrap;justify-content:space-between}.HwzH1e{display:flex;list-style:none;margin:0 -12px;padding:0}.qKvP1b{display:flex;margin:16px 4px}.qKvP1b:first-child{margin-left:0}.qKvP1b:last-child{margin-right:0}.AVAq4d{align-content:center;border-radius:8px;color:#1f1f1f;color:var(--gm3-sys-color-on-surface,#1f1f1f);display:flex;flex-wrap:wrap;font-family:"Google Sans",roboto,"Noto Sans Myanmar UI",arial,sans-serif;font-size:0.75rem;font-weight:400;letter-spacing:0.00625rem;line-height:1.3333333333;outline:none;padding:8px 12px;text-decoration:none}.AVAq4d{position:relative}.AVAq4d::before{background:#444746;background:var(--gm3-sys-color-on-surface-variant,#444746);content:"";opacity:0;position:absolute;pointer-events:none}.AVAq4d:hover::before{opacity:0.08}.AVAq4d:focus::before,.AVAq4d.u3bW4e::before{opacity:0.1}.AVAq4d:active::before,.AVAq4d.qs41qe::before{opacity:0.1}.AVAq4d::before{border-radius:8px;inset:0}.AVAq4d:focus-visible::after{border:2px solid;border-color:#0b57d0;border-color:var(--gm3-sys-color-primary,#0b57d0);box-shadow:0 0 0 2px #d3e3fd;box-shadow:0 0 0 2px var(--gm3-sys-color-primary-container,#d3e3fd);border-radius:9px;content:"";position:absolute;pointer-events:none;inset:-1px}.eXa0v{margin:16px 0;margin-right:12px}.dEoyBf{margin-left:-16px}.dEoyBf:not(.VfPpkd-O1htCb-OWXEXe-OWB6Me) .VfPpkd-NSFCdd-Brv4Fb,.dEoyBf:not(.VfPpkd-O1htCb-OWXEXe-OWB6Me) .VfPpkd-NSFCdd-Ra9xwd,.dEoyBf:not(.VfPpkd-O1htCb-OWXEXe-OWB6Me) .VfPpkd-NSFCdd-MpmGFe{border-color:transparent}.dEoyBf:not(.VfPpkd-O1htCb-OWXEXe-OWB6Me) .VfPpkd-NSFCdd-Brv4Fb,.dEoyBf:not(.VfPpkd-O1htCb-OWXEXe-OWB6Me) .VfPpkd-NSFCdd-Ra9xwd,.dEoyBf:not(.VfPpkd-O1htCb-OWXEXe-OWB6Me) .VfPpkd-NSFCdd-MpmGFe{border-width:0}.dEoyBf .VfPpkd-OkbHre .VfPpkd-rymPhb-Gtdoyb,.dEoyBf .VfPpkd-OkbHre .VfPpkd-rymPhb-fpDzbe-fmcmS{color:var(--gm3-sys-color-on-surface,#1f1f1f)}.dEoyBf .VfPpkd-OkbHre .VfPpkd-rymPhb-fpDzbe-fmcmS{font-family:"Google Sans",roboto,"Noto Sans Myanmar UI",arial,sans-serif;line-height:1.3333333333;font-size:0.75rem;font-weight:400;letter-spacing:0.00625rem}.dEoyBf:not(.VfPpkd-O1htCb-OWXEXe-OWB6Me) .VfPpkd-t08AT-Bz112c{fill:var(--gm3-sys-color-on-surface-variant,#444746)}.dEoyBf:not(.VfPpkd-O1htCb-OWXEXe-OWB6Me):not(.VfPpkd-O1htCb-OWXEXe-XpnDCe):hover .VfPpkd-t08AT-Bz112c{fill:var(--gm3-sys-color-on-surface-variant,#444746)}.dEoyBf:not(.VfPpkd-O1htCb-OWXEXe-OWB6Me).VfPpkd-O1htCb-OWXEXe-XpnDCe .VfPpkd-t08AT-Bz112c{fill:var(--gm3-sys-color-on-surface-variant,#444746)}.dEoyBf:not(.VfPpkd-O1htCb-OWXEXe-OWB6Me) .VfPpkd-uusGie-fmcmS{color:var(--gm3-sys-color-on-surface,#1f1f1f)}.dEoyBf .VfPpkd-uusGie-fmcmS{font-family:"Google Sans",roboto,"Noto Sans Myanmar UI",arial,sans-serif;line-height:1.3333333333;font-size:0.75rem;font-weight:400;letter-spacing:0.00625rem}.dEoyBf .VfPpkd-TkwUic{height:32px}.dEoyBf .VfPpkd-TkwUic .VfPpkd-NLUYnc-V67aGc-OWXEXe-TATcMc-KLRBe{transform:translateY(-25.25px) scale(1)}.dEoyBf .VfPpkd-TkwUic.VfPpkd-NSFCdd-i5vt6e-OWXEXe-mWPk3d .VfPpkd-NLUYnc-V67aGc-OWXEXe-TATcMc-KLRBe,.dEoyBf .VfPpkd-TkwUic .VfPpkd-NSFCdd-i5vt6e-OWXEXe-mWPk3d .VfPpkd-NLUYnc-V67aGc-OWXEXe-TATcMc-KLRBe{transform:translateY(-22.75px) scale(.75)}.dEoyBf .VfPpkd-TkwUic .VfPpkd-NLUYnc-V67aGc-OWXEXe-TATcMc-KLRBe{font-size:.75rem}.dEoyBf .VfPpkd-TkwUic.VfPpkd-NSFCdd-i5vt6e-OWXEXe-mWPk3d .VfPpkd-NLUYnc-V67aGc-OWXEXe-TATcMc-KLRBe,.dEoyBf .VfPpkd-TkwUic .VfPpkd-NSFCdd-i5vt6e-OWXEXe-mWPk3d .VfPpkd-NLUYnc-V67aGc-OWXEXe-TATcMc-KLRBe{font-size:1rem}.dEoyBf .VfPpkd-TkwUic .VfPpkd-NLUYnc-V67aGc-OWXEXe-bF1zU{animation:mdc-floating-label-shake-float-above-select-outlined-32px .25s 1}@keyframes mdc-floating-label-shake-float-above-select-outlined-32px{0%{transform:translateX(0) translateY(-22.75px) scale(.75)}33%{animation-timing-function:cubic-bezier(.5,0,.701732,.495819);transform:translateX(4%) translateY(-22.75px) scale(.75)}66%{animation-timing-function:cubic-bezier(.302435,.381352,.55,.956352);transform:translateX(-4%) translateY(-22.75px) scale(.75)}100%{transform:translateX(0) translateY(-22.75px) scale(.75)}}.dEoyBf .VfPpkd-t08AT-Bz112c{width:20px;height:20px}.dEoyBf.VfPpkd-O1htCb-OWXEXe-INsAgc .VfPpkd-TkwUic :not(.VfPpkd-NSFCdd-i5vt6e-OWXEXe-NSFCdd) .VfPpkd-NSFCdd-Ra9xwd{max-width:calc(100% - 56px)}.dEoyBf.VfPpkd-O1htCb-OWXEXe-SfQLQb-M1Soyc-Bz112c .VfPpkd-TkwUic{height:32px}.dEoyBf.VfPpkd-O1htCb-OWXEXe-SfQLQb-M1Soyc-Bz112c .VfPpkd-TkwUic .VfPpkd-t08AT-Bz112c{width:20px;height:20px}.dEoyBf.VfPpkd-O1htCb-OWXEXe-SfQLQb-M1Soyc-Bz112c .VfPpkd-TkwUic .VfPpkd-NLUYnc-V67aGc{left:32px;right:auto}[dir=rtl] .dEoyBf.VfPpkd-O1htCb-OWXEXe-SfQLQb-M1Soyc-Bz112c .VfPpkd-TkwUic .VfPpkd-NLUYnc-V67aGc,.dEoyBf.VfPpkd-O1htCb-OWXEXe-SfQLQb-M1Soyc-Bz112c .VfPpkd-TkwUic .VfPpkd-NLUYnc-V67aGc[dir=rtl]{left:auto;right:32px}.dEoyBf.VfPpkd-O1htCb-OWXEXe-SfQLQb-M1Soyc-Bz112c .VfPpkd-TkwUic .VfPpkd-NLUYnc-V67aGc-OWXEXe-TATcMc-KLRBe{transform:translateY(-25.25px) translateX(-28px) scale(1)}[dir=rtl] .dEoyBf.VfPpkd-O1htCb-OWXEXe-SfQLQb-M1Soyc-Bz112c .VfPpkd-TkwUic .VfPpkd-NLUYnc-V67aGc-OWXEXe-TATcMc-KLRBe,.dEoyBf.VfPpkd-O1htCb-OWXEXe-SfQLQb-M1Soyc-Bz112c .VfPpkd-TkwUic .VfPpkd-NLUYnc-V67aGc-OWXEXe-TATcMc-KLRBe[dir=rtl]{transform:translateY(-25.25px) translateX(28px) scale(1)}.dEoyBf.VfPpkd-O1htCb-OWXEXe-SfQLQb-M1Soyc-Bz112c .VfPpkd-TkwUic.VfPpkd-NSFCdd-i5vt6e-OWXEXe-mWPk3d .VfPpkd-NLUYnc-V67aGc-OWXEXe-TATcMc-KLRBe,.dEoyBf.VfPpkd-O1htCb-OWXEXe-SfQLQb-M1Soyc-Bz112c .VfPpkd-TkwUic .VfPpkd-NSFCdd-i5vt6e-OWXEXe-mWPk3d .VfPpkd-NLUYnc-V67aGc-OWXEXe-TATcMc-KLRBe{transform:translateY(-22.75px) translateX(-28px) scale(.75)}[dir=rtl] .dEoyBf.VfPpkd-O1htCb-OWXEXe-SfQLQb-M1Soyc-Bz112c .VfPpkd-TkwUic.VfPpkd-NSFCdd-i5vt6e-OWXEXe-mWPk3d .VfPpkd-NLUYnc-V67aGc-OWXEXe-TATcMc-KLRBe,[dir=rtl] .dEoyBf.VfPpkd-O1htCb-OWXEXe-SfQLQb-M1Soyc-Bz112c .VfPpkd-TkwUic .VfPpkd-NSFCdd-i5vt6e-OWXEXe-mWPk3d .VfPpkd-NLUYnc-V67aGc-OWXEXe-TATcMc-KLRBe,.dEoyBf.VfPpkd-O1htCb-OWXEXe-SfQLQb-M1Soyc-Bz112c .VfPpkd-TkwUic.VfPpkd-NSFCdd-i5vt6e-OWXEXe-mWPk3d .VfPpkd-NLUYnc-V67aGc-OWXEXe-TATcMc-KLRBe[dir=rtl],.dEoyBf.VfPpkd-O1htCb-OWXEXe-SfQLQb-M1Soyc-Bz112c .VfPpkd-TkwUic .VfPpkd-NSFCdd-i5vt6e-OWXEXe-mWPk3d .VfPpkd-NLUYnc-V67aGc-OWXEXe-TATcMc-KLRBe[dir=rtl]{transform:translateY(-22.75px) translateX(28px) scale(.75)}.dEoyBf.VfPpkd-O1htCb-OWXEXe-SfQLQb-M1Soyc-Bz112c .VfPpkd-TkwUic .VfPpkd-NLUYnc-V67aGc-OWXEXe-TATcMc-KLRBe{font-size:.75rem}.dEoyBf.VfPpkd-O1htCb-OWXEXe-SfQLQb-M1Soyc-Bz112c .VfPpkd-TkwUic.VfPpkd-NSFCdd-i5vt6e-OWXEXe-mWPk3d .VfPpkd-NLUYnc-V67aGc-OWXEXe-TATcMc-KLRBe,.dEoyBf.VfPpkd-O1htCb-OWXEXe-SfQLQb-M1Soyc-Bz112c .VfPpkd-TkwUic .VfPpkd-NSFCdd-i5vt6e-OWXEXe-mWPk3d .VfPpkd-NLUYnc-V67aGc-OWXEXe-TATcMc-KLRBe{font-size:1rem}.dEoyBf.VfPpkd-O1htCb-OWXEXe-SfQLQb-M1Soyc-Bz112c .VfPpkd-TkwUic .VfPpkd-NLUYnc-V67aGc-OWXEXe-bF1zU{animation:mdc-floating-label-shake-float-above- .25s 1}@keyframes mdc-floating-label-shake-float-above-{0%{transform:translateX(-28px) translateY(-22.75px) scale(.75)}33%{animation-timing-function:cubic-bezier(.5,0,.701732,.495819);transform:translateX(calc(4% - 28px)) translateY(-22.75px) scale(.75)}66%{animation-timing-function:cubic-bezier(.302435,.381352,.55,.956352);transform:translateX(calc(-4% - 28px)) translateY(-22.75px) scale(.75)}100%{transform:translateX(-28px) translateY(-22.75px) scale(.75)}}[dir=rtl] .dEoyBf.VfPpkd-O1htCb-OWXEXe-SfQLQb-M1Soyc-Bz112c .VfPpkd-TkwUic .VfPpkd-NLUYnc-V67aGc-OWXEXe-bF1zU,.dEoyBf.VfPpkd-O1htCb-OWXEXe-SfQLQb-M1Soyc-Bz112c .VfPpkd-TkwUic[dir=rtl] .VfPpkd-NLUYnc-V67aGc-OWXEXe-bF1zU{animation:mdc-floating-label-shake-float-above- .25s 1}@keyframes mdc-floating-label-shake-float-above--rtl{0%{transform:translateX(28px) translateY(-22.75px) scale(.75)}33%{animation-timing-function:cubic-bezier(.5,0,.701732,.495819);transform:translateX(calc(4% + 28px)) translateY(-22.75px) scale(.75)}66%{animation-timing-function:cubic-bezier(.302435,.381352,.55,.956352);transform:translateX(calc(-4% + 28px)) translateY(-22.75px) scale(.75)}100%{transform:translateX(28px) translateY(-22.75px) scale(.75)}}.dEoyBf.VfPpkd-O1htCb-OWXEXe-SfQLQb-M1Soyc-Bz112c .VfPpkd-StrnGf-rymPhb-f7MjDc{width:20px;height:20px}.dEoyBf.VfPpkd-O1htCb-OWXEXe-SfQLQb-M1Soyc-Bz112c .VfPpkd-rymPhb-KkROqb{width:32px;height:20px}.dEoyBf.VfPpkd-O1htCb-OWXEXe-SfQLQb-M1Soyc-Bz112c .VfPpkd-cTi5dd{width:20px;height:20px;font-size:20px}.dEoyBf.VfPpkd-O1htCb-OWXEXe-SfQLQb-M1Soyc-Bz112c.VfPpkd-O1htCb-OWXEXe-INsAgc .VfPpkd-TkwUic :not(.VfPpkd-NSFCdd-i5vt6e-OWXEXe-NSFCdd) .VfPpkd-NSFCdd-Ra9xwd{max-width:calc(100% - 88px)}.dEoyBf .VfPpkd-NSFCdd-i5vt6e .VfPpkd-NSFCdd-Brv4Fb{border-top-left-radius:8px;border-top-right-radius:0;border-bottom-right-radius:0;border-bottom-left-radius:8px}[dir=rtl] .dEoyBf .VfPpkd-NSFCdd-i5vt6e .VfPpkd-NSFCdd-Brv4Fb,.dEoyBf .VfPpkd-NSFCdd-i5vt6e .VfPpkd-NSFCdd-Brv4Fb[dir=rtl]{border-top-left-radius:0;border-top-right-radius:8px;border-bottom-right-radius:8px;border-bottom-left-radius:0}@supports (top:max(0%)){.dEoyBf .VfPpkd-NSFCdd-i5vt6e .VfPpkd-NSFCdd-Brv4Fb{width:max(12px,8px)}}@supports (top:max(0%)){.dEoyBf .VfPpkd-NSFCdd-i5vt6e .VfPpkd-NSFCdd-Ra9xwd{max-width:calc(100% - max(12px, 8px)*2)}}.dEoyBf .VfPpkd-NSFCdd-i5vt6e .VfPpkd-NSFCdd-MpmGFe{border-top-left-radius:0;border-top-right-radius:8px;border-bottom-right-radius:8px;border-bottom-left-radius:0}[dir=rtl] .dEoyBf .VfPpkd-NSFCdd-i5vt6e .VfPpkd-NSFCdd-MpmGFe,.dEoyBf .VfPpkd-NSFCdd-i5vt6e .VfPpkd-NSFCdd-MpmGFe[dir=rtl]{border-top-left-radius:8px;border-top-right-radius:0;border-bottom-right-radius:0;border-bottom-left-radius:8px}@supports (top:max(0%)){.dEoyBf .VfPpkd-TkwUic{padding-left:max(16px,12px)}}[dir=rtl] .dEoyBf .VfPpkd-TkwUic,.dEoyBf .VfPpkd-TkwUic[dir=rtl]{padding-left:0}@supports (top:max(0%)){[dir=rtl] .dEoyBf .VfPpkd-TkwUic,.dEoyBf .VfPpkd-TkwUic[dir=rtl]{padding-right:max(16px,12px)}}@supports (top:max(0%)){.dEoyBf+.VfPpkd-O1htCb-W0vJo-fmcmS{margin-left:max(16px,12px)}}[dir=rtl] .dEoyBf+.VfPpkd-O1htCb-W0vJo-fmcmS,.dEoyBf+.VfPpkd-O1htCb-W0vJo-fmcmS[dir=rtl]{margin-left:0}@supports (top:max(0%)){[dir=rtl] .dEoyBf+.VfPpkd-O1htCb-W0vJo-fmcmS,.dEoyBf+.VfPpkd-O1htCb-W0vJo-fmcmS[dir=rtl]{margin-right:max(16px,12px)}}.dEoyBf{position:relative}.dEoyBf::before{background:#444746;background:var(--gm3-sys-color-on-surface-variant,#444746);content:"";opacity:0;position:absolute;pointer-events:none}.dEoyBf:hover::before{opacity:0.08}.dEoyBf:focus::before,.dEoyBf.u3bW4e::before{opacity:0.1}.dEoyBf:active::before,.dEoyBf.qs41qe::before{opacity:0.1}.dEoyBf::before{border-radius:8px;width:100%;height:100%}@keyframes primary-indeterminate-translate{0%{transform:translateX(-145.166611%)}20%{animation-timing-function:cubic-bezier(0.5,0,0.701732,0.495819);transform:translateX(-145.166611%)}59.15%{animation-timing-function:cubic-bezier(0.302435,0.381352,0.55,0.956352);transform:translateX(-61.495191%)}to{transform:translateX(55.444446%)}}@keyframes primary-indeterminate-translate-reverse{0%{transform:translateX(145.166611%)}20%{animation-timing-function:cubic-bezier(0.5,0,0.701732,0.495819);transform:translateX(145.166611%)}59.15%{animation-timing-function:cubic-bezier(0.302435,0.381352,0.55,0.956352);transform:translateX(61.495191%)}to{transform:translateX(-55.4444461%)}}@keyframes primary-indeterminate-scale{0%{transform:scaleX(0.08)}36.65%{animation-timing-function:cubic-bezier(0.334731,0.12482,0.785844,1);transform:scaleX(0.08)}69.15%{animation-timing-function:cubic-bezier(0.06,0.11,0.6,1);transform:scaleX(0.661479)}to{transform:scaleX(0.08)}}@keyframes auxiliary-indeterminate-translate{0%{animation-timing-function:cubic-bezier(0.15,0,0.515058,0.409685);transform:translateX(-54.888891%)}25%{animation-timing-function:cubic-bezier(0.31033,0.284058,0.8,0.733712);transform:translateX(-17.236978%)}48.35%{animation-timing-function:cubic-bezier(0.4,0.627035,0.6,0.902026);transform:translateX(29.497274%)}to{transform:translateX(105.388891%)}}@keyframes auxiliary-indeterminate-translate-reverse{0%{animation-timing-function:cubic-bezier(0.15,0,0.515058,0.409685);transform:translateX(54.888891%)}25%{animation-timing-function:cubic-bezier(0.31033,0.284058,0.8,0.733712);transform:translateX(17.236978%)}48.35%{animation-timing-function:cubic-bezier(0.4,0.627035,0.6,0.902026);transform:translateX(-29.497274%)}to{transform:translateX(-105.388891%)}}@keyframes auxiliary-indeterminate-scale{0%{animation-timing-function:cubic-bezier(0.205028,0.057051,0.57661,0.453971);transform:scaleX(0.08)}19.15%{animation-timing-function:cubic-bezier(0.152313,0.196432,0.648374,1.004315);transform:scaleX(0.457104)}44.15%{animation-timing-function:cubic-bezier(0.257759,0.003163,0.211762,1.38179);transform:scaleX(0.72796)}to{transform:scaleX(0.08)}}@keyframes buffering{to{transform:translateX(-10px)}}@keyframes buffering-reverse{to{transform:translateX(10px)}}@keyframes indeterminate-translate-ie{0%{transform:translateX(-100%)}to{transform:translateX(100%)}}@keyframes indeterminate-translate-reverse-ie{0%{transform:translateX(100%)}to{transform:translateX(-100%)}}.sZwd7c{height:4px;overflow:hidden;position:relative;transform:translateZ(0);transition:opacity 250ms linear;width:100%}.w2zcLc{position:absolute}.xcNBHc,.MyvhI,.l3q5xe{height:100%;position:absolute;width:100%}.w2zcLc{transform-origin:top left;transition:transform 250ms ease;-webkit-transition:transform 250ms ease,-webkit-transform 250ms ease;transition:transform 250ms ease,-webkit-transform 250ms ease}.MyvhI{transform-origin:top left;transition:transform 250ms ease;-webkit-transition:transform 250ms ease,-webkit-transform 250ms ease;transition:transform 250ms ease,-webkit-transform 250ms ease;animation:none}.l3q5xe{animation:none}.w2zcLc{background-color:#e6e6e6;height:100%;transform-origin:top left;transition:transform 250ms ease;-webkit-transition:transform 250ms ease,-webkit-transform 250ms ease;transition:transform 250ms ease,-webkit-transform 250ms ease;width:100%}.TKVRUb{transform:scaleX(0)}.sUoeld{visibility:hidden}.l3q5xe{background-color:#000;display:inline-block}.xcNBHc{background-size:10px 4px;background-repeat:repeat-x;background-image:url('data:image/svg+xml;charset=UTF-8,%3Csvg%20version%3D%271.1%27%20xmlns%3D%27http%3A%2F%2Fwww.w3.org%2F2000%2Fsvg%27%20xmlns%3Axlink%3D%27http%3A%2F%2Fwww.w3.org%2F1999%2Fxlink%27%20x%3D%270px%27%20y%3D%270px%27%20enable-background%3D%27new%200%200%205%202%27%20xml%3Aspace%3D%27preserve%27%20viewBox%3D%270%200%205%202%27%20preserveAspectRatio%3D%27none%20slice%27%3E%3Ccircle%20cx%3D%271%27%20cy%3D%271%27%20r%3D%271%27%20fill%3D%27%23e6e6e6%27%2F%3E%3C%2Fsvg%3E');visibility:hidden}.sZwd7c.B6Vhqe .MyvhI{transition:none}.sZwd7c.B6Vhqe .TKVRUb{animation:primary-indeterminate-translate 2s infinite linear}.sZwd7c.B6Vhqe .TKVRUb>.l3q5xe{animation:primary-indeterminate-scale 2s infinite linear}.sZwd7c.B6Vhqe .sUoeld{animation:auxiliary-indeterminate-translate 2s infinite linear;visibility:visible}.sZwd7c.B6Vhqe .sUoeld>.l3q5xe{animation:auxiliary-indeterminate-scale 2s infinite linear}.sZwd7c.B6Vhqe.ieri7c .l3q5xe{transform:scaleX(0.45)}.sZwd7c.B6Vhqe.ieri7c .sUoeld{animation:none;visibility:hidden}.sZwd7c.B6Vhqe.ieri7c .TKVRUb{animation:indeterminate-translate-ie 2s infinite ease-out}.sZwd7c.B6Vhqe.ieri7c .TKVRUb>.l3q5xe,.sZwd7c.B6Vhqe.ieri7c .sUoeld>.l3q5xe{animation:none}.sZwd7c.juhVM .w2zcLc,.sZwd7c.juhVM .MyvhI{right:0;transform-origin:center right}.sZwd7c.juhVM .TKVRUb{animation-name:primary-indeterminate-translate-reverse}.sZwd7c.juhVM .sUoeld{animation-name:auxiliary-indeterminate-translate-reverse}.sZwd7c.juhVM.ieri7c .TKVRUb{animation-name:indeterminate-translate-reverse-ie}.sZwd7c.qdulke{opacity:0}.sZwd7c.jK7moc .sUoeld,.sZwd7c.jK7moc .TKVRUb,.sZwd7c.jK7moc .sUoeld>.l3q5xe,.sZwd7c.jK7moc .TKVRUb>.l3q5xe{-webkit-animation-play-state:paused;animation-play-state:paused}.sZwd7c.D6TUi .xcNBHc{animation:buffering 250ms infinite linear;visibility:visible}.sZwd7c.D6TUi.juhVM .xcNBHc{animation:buffering-reverse 250ms infinite linear}.JYXaTc{display:flex;flex-direction:column;flex-grow:1;flex-wrap:wrap;justify-content:flex-end;margin-bottom:-6px;margin-left:-16px;margin-top:32px}.wsArZ[data-ss-mode="1"] .JYXaTc{width:100%}@media (min-width:600px) and (orientation:landscape),all and (min-width:1600px){.NQ5OL .JYXaTc{width:100%}}.JYXaTc.fXx9Lc{margin:0;min-height:0;padding:0}.S1zJGd{align-self:flex-start;flex-shrink:0;margin-bottom:24px}.O1Slxf{display:flex;flex-direction:row-reverse;flex-wrap:wrap;width:100%}.TNTaPb,.FO2vFd{display:flex;flex-grow:1}@media (min-width:840px){.wsArZ[data-ss-mode="1"] .TNTaPb,.wsArZ[data-ss-mode="1"] .FO2vFd{flex-grow:unset}}@media (min-width:600px) and (orientation:landscape),all and (min-width:1600px){.NQ5OL .JYXaTc:not(.NNItQ) .TNTaPb,.NQ5OL .JYXaTc:not(.NNItQ) .FO2vFd{flex-grow:unset}}.FO2vFd{justify-content:flex-start}.wsArZ[data-ss-mode="1"] .FO2vFd{margin-left:0;margin-right:-16px}@media (min-width:600px) and (orientation:landscape),all and (min-width:1600px){.NQ5OL .FO2vFd{margin-left:0;margin-right:-16px}}.TNTaPb{justify-content:flex-end}.wsArZ[data-ss-mode="1"] .TNTaPb{margin-left:40px;margin-right:0}@media (min-width:600px) and (orientation:landscape),all and (min-width:1600px){.NQ5OL .TNTaPb{margin-left:40px;margin-right:0}}.wsArZ[data-ss-mode="1"] .TNTaPb:empty{margin-left:0;margin-right:0}@media (min-width:600px) and (orientation:landscape),all and (min-width:1600px){.NQ5OL .TNTaPb:empty{margin-left:0;margin-right:0}}.JYXaTc.NNItQ .TNTaPb,.JYXaTc.NNItQ .FO2vFd{justify-content:center}.JYXaTc.NNItQ .TNTaPb,.JYXaTc.F8PBrb .TNTaPb{padding-left:16px}.JYXaTc.F8PBrb .TNTaPb{display:flex;justify-content:space-between;flex-shrink:0;flex-wrap:wrap;width:100%}.JYXaTc.NNItQ .FO2vFd,.JYXaTc.F8PBrb .TNTaPb+.FO2vFd{margin-top:16px}.JYXaTc:not(.NNItQ) .FO2vFd .mWv92d,.JYXaTc:not(.NNItQ) .FO2vFd .JLt0ke,.JYXaTc:not(.NNItQ) .FO2vFd .J7pUA{text-align:left}.BbN10e{display:block;width:calc(100% - 2px)}.JYXaTc.F8PBrb .O1Slxf{margin:0 -6px;width:calc(100% + 12px)}.JYXaTc.F8PBrb .FO2vFd{margin:0 6px}.o3Yfjb{flex-grow:1;margin:0 6px;min-width:calc(50% - 12px)}.BbN10e{white-space:nowrap;width:100%}.BbN10e .pIzcPc,.BbN10e .Jskylb{display:block}.mWv92d+.n3Clv,.JLt0ke+.n3Clv{margin-top:32px}.n3Clv .q6oraf{border-radius:16px}.JYXaTc .J7pUA.u3bW4e{background-color:transparent}.J7pUA .snByac{color:#0b57d0;color:var(--gm3-sys-color-primary,#0b57d0);line-height:1.4285714286;margin:16px;text-transform:none}.JYXaTc.JYXaTc .KMdFve{--mdc-ripple-color:var(--gm3-sys-color-on-surface,#1f1f1f);background-color:var(--gm3-sys-color-surface-container,#f0f4f9)}.JYXaTc.JYXaTc .KMdFve .VfPpkd-xl07Ob-ibnC6b-OWXEXe-gk6SMd{background-color:var(--gm3-sys-color-secondary-container,#c2e7ff)}.gNVsKb{color:#1f1f1f;color:var(--gm3-sys-color-on-surface,#1f1f1f)}.J7pUA [jsslot]{margin:0}.BbN10e .pIzcPc,.BbN10e .Jskylb{width:100%}.wsArZ[data-ss-mode="1"] .COi2Ke.lUWEgd.F8PBrb{margin-left:0}@media (min-width:600px) and (orientation:landscape),all and (min-width:1600px){.NQ5OL .COi2Ke.lUWEgd.F8PBrb{margin-left:0}}.wsArZ[data-ss-mode="1"] .COi2Ke.lUWEgd.F8PBrb .TNTaPb{margin-left:0;padding-left:0;width:calc(50% - 24px + 12px)}@media (min-width:600px) and (orientation:landscape),all and (min-width:1600px){.NQ5OL .COi2Ke.lUWEgd.F8PBrb .TNTaPb{margin-left:0;padding-left:0;width:calc(50% - 24px + 12px)}}@media (min-width:840px){.wsArZ[data-ss-mode="1"] .COi2Ke.lUWEgd.F8PBrb .TNTaPb{width:calc(50% - 38px + 12px)}}.COi2Ke.lUWEgd.F8PBrb .FO2vFd{margin-top:2px}.COi2Ke.lUWEgd.F8PBrb .O1Slxf{margin:0 -6px;width:calc(100% + 12px)}.wsArZ[data-ss-mode="1"] .COi2Ke.lUWEgd.F8PBrb .O1Slxf{align-self:flex-end;width:100%}@media (min-width:600px) and (orientation:landscape),all and (min-width:1600px){.NQ5OL .COi2Ke.lUWEgd.F8PBrb .O1Slxf{align-self:flex-end;width:100%}}.JYXaTc.F8PBrb.lUWEgd.hhh8Yc .FO2vFd{margin-left:10px;margin-right:2px}.wsArZ[data-ss-mode="1"] .JYXaTc.F8PBrb.lUWEgd.hhh8Yc .O1Slxf{align-items:flex-end;flex-flow:column}@media (min-width:600px) and (orientation:landscape),all and (min-width:1600px){.NQ5OL .JYXaTc.F8PBrb.lUWEgd.hhh8Yc .O1Slxf{align-items:flex-end;flex-flow:column}}.wsArZ[data-ss-mode="1"] .JYXaTc.F8PBrb.lUWEgd.c0e3be .TNTaPb,.wsArZ[data-ss-mode="1"] .JYXaTc.F8PBrb.lUWEgd.c0e3be .FO2vFd{flex-grow:unset}@media (min-width:600px) and (orientation:landscape),all and (min-width:1600px){.NQ5OL .JYXaTc.F8PBrb.lUWEgd.c0e3be .TNTaPb,.NQ5OL .JYXaTc.F8PBrb.lUWEgd.c0e3be .FO2vFd{flex-grow:unset}}.JYXaTc.F8PBrb.lUWEgd.c0e3be.NNItQ .TNTaPb{width:100%}.JYXaTc.F8PBrb.lUWEgd.c0e3be .FO2vFd{justify-content:center;padding-left:16px}.wsArZ[data-ss-mode="1"] .JYXaTc.F8PBrb.lUWEgd.c0e3be .FO2vFd{justify-content:flex-start;margin-top:0;margin-right:6px;padding-left:0}@media (min-width:600px) and (orientation:landscape),all and (min-width:1600px){.NQ5OL .JYXaTc.F8PBrb.lUWEgd.c0e3be .FO2vFd{justify-content:flex-start;margin-top:0;margin-right:6px;padding-left:0}}.JYXaTc.F8PBrb.lUWEgd.c0e3be.NNItQ .O1Slxf{align-items:center;flex-flow:column}.wsArZ[data-ss-mode="1"] .JYXaTc.F8PBrb.lUWEgd.c0e3be.NNItQ .O1Slxf{width:calc(50% - 24px + 12px)}@media (min-width:600px) and (orientation:landscape),all and (min-width:1600px){.NQ5OL .JYXaTc.F8PBrb.lUWEgd.c0e3be.NNItQ .O1Slxf{width:calc(50% - 24px + 12px)}}@media (min-width:840px){.wsArZ[data-ss-mode="1"] .JYXaTc.F8PBrb.lUWEgd.c0e3be.NNItQ .O1Slxf{width:calc(50% - 38px + 12px)}}.JYXaTc.F8PBrb.lUWEgd.x8Ikx .TNTaPb,.JYXaTc.F8PBrb.lUWEgd.N0osAb .TNTaPb{flex-flow:column}.wsArZ[data-ss-mode="1"] .JYXaTc.F8PBrb.lUWEgd.x8Ikx .TNTaPb,.wsArZ[data-ss-mode="1"] .JYXaTc.F8PBrb.lUWEgd.N0osAb .TNTaPb{width:100%}@media (min-width:600px) and (orientation:landscape),all and (min-width:1600px){.NQ5OL .JYXaTc.F8PBrb.lUWEgd.x8Ikx .TNTaPb,.NQ5OL .JYXaTc.F8PBrb.lUWEgd.N0osAb .TNTaPb{width:100%}}.JYXaTc.F8PBrb.lUWEgd.x8Ikx .FO2vFd,.JYXaTc.F8PBrb.lUWEgd.N0osAb .FO2vFd{justify-content:center;margin-left:16px;margin-right:2px;margin-top:0}.wsArZ[data-ss-mode="1"] .JYXaTc.F8PBrb.lUWEgd.x8Ikx .FO2vFd,.wsArZ[data-ss-mode="1"] .JYXaTc.F8PBrb.lUWEgd.N0osAb .FO2vFd{margin-left:0}@media (min-width:600px) and (orientation:landscape),all and (min-width:1600px){.NQ5OL .JYXaTc.F8PBrb.lUWEgd.x8Ikx .FO2vFd,.NQ5OL .JYXaTc.F8PBrb.lUWEgd.N0osAb .FO2vFd{margin-left:0}}.JYXaTc.F8PBrb.lUWEgd.x8Ikx .O1Slxf,.JYXaTc.F8PBrb.lUWEgd.N0osAb .O1Slxf{align-items:center;flex-flow:column}.wsArZ[data-ss-mode="1"] .JYXaTc.F8PBrb.lUWEgd.x8Ikx .O1Slxf,.wsArZ[data-ss-mode="1"] .JYXaTc.F8PBrb.lUWEgd.N0osAb .O1Slxf{width:calc(50% - 24px + 12px)}@media (min-width:600px) and (orientation:landscape),all and (min-width:1600px){.NQ5OL .JYXaTc.F8PBrb.lUWEgd.x8Ikx .O1Slxf,.NQ5OL .JYXaTc.F8PBrb.lUWEgd.N0osAb .O1Slxf{width:calc(50% - 24px + 12px)}}@media (min-width:840px){.wsArZ[data-ss-mode="1"] .JYXaTc.F8PBrb.lUWEgd.x8Ikx .O1Slxf,.wsArZ[data-ss-mode="1"] .JYXaTc.F8PBrb.lUWEgd.N0osAb .O1Slxf{width:calc(50% - 38px + 12px)}}.JYXaTc.F8PBrb.lUWEgd.N0osAb .FO2vFd{margin:0;padding-left:16px;width:calc(100% - 12px)}.wsArZ[data-ss-mode="1"] .JYXaTc.F8PBrb.lUWEgd.N0osAb .FO2vFd{padding-left:0}@media (min-width:600px) and (orientation:landscape),all and (min-width:1600px){.NQ5OL .JYXaTc.F8PBrb.lUWEgd.N0osAb .FO2vFd{padding-left:0}}.JYXaTc.F8PBrb.N0osAb .mWv92d,.JYXaTc.F8PBrb.N0osAb .mWv92d .pIzcPc{display:block;width:100%}.JYXaTc.F8PBrb.lUWEgd.N0osAb .BbN10e .Jskylb,.JYXaTc.F8PBrb.lUWEgd.N0osAb .mWv92d .pIzcPc{margin-top:4px;margin-bottom:4px}.wsArZ[data-ss-mode="1"] .JYXaTc.F8PBrb{margin-left:0}@media (min-width:600px) and (orientation:landscape),all and (min-width:1600px){.NQ5OL .JYXaTc.F8PBrb{margin-left:0}}.wsArZ[data-ss-mode="1"] .JYXaTc.F8PBrb .TNTaPb{flex-grow:unset;margin-left:0;padding-left:0;width:calc(50% - 24px + 12px)}@media (min-width:600px) and (orientation:landscape),all and (min-width:1600px){.NQ5OL .JYXaTc.F8PBrb .TNTaPb{flex-grow:unset;margin-left:0;padding-left:0;width:calc(50% - 24px + 12px)}}@media (min-width:840px){.wsArZ[data-ss-mode="1"] .JYXaTc.F8PBrb .TNTaPb{width:calc(50% - 38px + 12px)}}.JYXaTc.F8PBrb.NNItQ .TNTaPb{width:100%}.JYXaTc.F8PBrb .FO2vFd{margin-left:6px;margin-right:6px}.wsArZ[data-ss-mode="1"] .JYXaTc.F8PBrb .FO2vFd{margin-left:2px}@media (min-width:600px) and (orientation:landscape),all and (min-width:1600px){.NQ5OL .JYXaTc.F8PBrb .FO2vFd{margin-left:2px}}.JYXaTc.F8PBrb .O1Slxf{align-items:flex-start;flex-direction:column;margin:0 -6px;width:calc(100% + 12px)}.wsArZ[data-ss-mode="1"] .JYXaTc.F8PBrb .O1Slxf{align-items:flex-end;align-self:flex-end;width:100%}@media (min-width:600px) and (orientation:landscape),all and (min-width:1600px){.NQ5OL .JYXaTc.F8PBrb .O1Slxf{align-items:flex-end;align-self:flex-end;width:100%}}.JYXaTc.F8PBrb.NNItQ .O1Slxf{align-items:center}.wsArZ[data-ss-mode="1"] .JYXaTc.F8PBrb.NNItQ .O1Slxf{width:calc(50% - 24px + 12px)}@media (min-width:600px) and (orientation:landscape),all and (min-width:1600px){.NQ5OL .JYXaTc.F8PBrb.NNItQ .O1Slxf{width:calc(50% - 24px + 12px)}}@media (min-width:840px){.wsArZ[data-ss-mode="1"] .JYXaTc.F8PBrb.NNItQ .O1Slxf{width:calc(50% - 38px + 12px)}}.COi2Ke.lUWEgd.F8PBrb .FO2vFd{margin-right:2px}.JYXaTc.F8PBrb.lUWEgd.c0e3be .FO2vFd{margin-left:2px}.JYXaTc.F8PBrb.lUWEgd.c0e3be .O1Slxf{flex-direction:row-reverse}.ObDc3{display:flex;flex-direction:column;margin-bottom:32px}@media (min-width:840px){.ObDc3{margin-bottom:32px}}.wsArZ[data-ss-mode="1"] .ObDc3{margin-bottom:0}@media (min-width:600px) and (orientation:landscape),all and (min-width:1600px){.NQ5OL .ObDc3{margin-bottom:0}}.Su9bff{align-items:center;text-align:center}.vAV9bf{color:#1f1f1f;color:var(--gm3-sys-color-on-surface,#1f1f1f);font-family:"Google Sans",roboto,"Noto Sans Myanmar UI",arial,sans-serif;font-weight:400;font-weight:var(--c-tfwt,400);line-height:1.25;margin-bottom:0;margin-bottom:var(--c-ts-b,0);margin-top:24px;margin-top:var(--c-ts-t,24px);word-break:break-word;font-size:2rem;font-size:var(--wf-tfs,2rem)}@media (min-width:840px){.vAV9bf{line-height:1.2222222222;font-size:2.25rem;font-size:var(--wf-tfs-bp3,2.25rem)}}@media (min-width:960px){.vAV9bf{line-height:1.2222222222;font-size:2.25rem;font-size:var(--wf-tfs-bp3,2.25rem)}}@media (min-width:1600px){.vAV9bf{line-height:1.1818181818;font-size:2.75rem;font-size:var(--wf-tfs-bp5,2.75rem)}}.gNJDp{color:#1f1f1f;color:var(--gm3-sys-color-on-surface,#1f1f1f);font-family:"Google Sans",roboto,"Noto Sans Myanmar UI",arial,sans-serif;font-weight:400;font-weight:var(--c-stfwt,400);letter-spacing:0rem;line-height:1.5;margin-bottom:0;margin-bottom:var(--c-sts-b,0);margin-top:16px;margin-top:var(--c-sts-t,16px);font-size:1rem;font-size:var(--wf-stfs,1rem)}@media (min-width:1600px){.gNJDp{line-height:1.5;font-size:1rem;font-size:var(--wf-stfs-bp5,1rem)}}.gNJDp:empty{display:none}.I7GnLc{font-weight:500;letter-spacing:.25px;min-height:24px}.SOeSgb{height:32px}.I7GnLc,.SOeSgb{margin-bottom:0;margin-bottom:var(--c-sts-b,0);margin-top:16px;margin-top:var(--c-sts-t,16px)}.ObDc3.ZYOIke .I7GnLc,.ObDc3.ZYOIke .SOeSgb{margin-bottom:0;margin-top:16px}.SfkAJe{flex-grow:1}.Ih3FE{height:4px;overflow:hidden}.kPY6ve{background-color:#fff;background-color:var(--gm3-sys-color-surface-container-lowest,#fff);bottom:0;left:0;opacity:.5;outline:none;position:fixed;top:0;width:100%;z-index:4}.Ih3FE .l3q5xe{background-color:#0b57d0;background-color:var(--gm3-sys-color-primary,#0b57d0)}.Ih3FE .w2zcLc{background-color:#f0f4f9;background-color:var(--gm3-sys-color-surface-container,#f0f4f9)}.TcuCfd{--wf-gutw-hlf:calc((var(
    --c-gutw,48px
  ))/2);--wf-gutw-hlf-bp2:calc((var(
    --c-gutw,76px
  ))/2);--wf-brsz:calc(var(
    --c-brsz,48px
  ) + 24px);--wf-ps-t:calc(var(
    --c-ps-t,24px
  ) + var(
    --wf-brsz,72px
  ));--wf-ps-t-bp2:calc(var(
    --c-ps-t,24px
  ) + var(
    --wf-brsz,72px
  ));--wf-ps-t-bp5:calc(var(
    --c-ps-t,36px
  ) + var(
    --wf-brsz,72px
  ));--wf-ps-t-bp3-l:calc(var(
    --c-ps-t,36px
  ) + var(
    --wf-brsz,72px
  ));background-color:#fff;background-color:var(--gm3-sys-color-surface-container-lowest,#fff);border-radius:0;display:flex;flex-direction:column;margin-bottom:0;padding-bottom:24px;position:relative;padding-top:96px;padding-top:var(
    --wf-ps-t,96px
  )}.TcuCfd.hyqGzc{padding-left:24px;padding-left:var(
    --c-ps-s,24px
  );padding-right:24px;padding-right:var(
    --c-ps-e,24px
  )}.TcuCfd.hyqGzc.wsArZ[data-ss-mode="1"]{padding-left:24px;padding-left:var(
    --c-ps-s,24px
  );padding-right:24px;padding-right:var(
    --c-ps-e,24px
  )}@media (orientation:landscape){.TcuCfd.hyqGzc.NQ5OL{padding-left:24px;padding-left:var(
    --c-ps-s,24px
  );padding-right:24px;padding-right:var(
    --c-ps-e,24px
  )}}@media (min-aspect-ratio:2/3) and (orientation:portrait){.TcuCfd.nBnVld{padding-left:24px;padding-left:var(
    --c-ps-s,24px
  );padding-right:24px;padding-right:var(
    --c-ps-e,24px
  )}}@media (max-aspect-ratio:3/2) and (orientation:landscape){.TcuCfd.nBnVld.wsArZ[data-ss-mode="1"]{padding-left:24px;padding-left:var(
    --c-ps-s,24px
  );padding-right:24px;padding-right:var(
    --c-ps-e,24px
  )}.TcuCfd.nBnVld.NQ5OL{padding-left:24px;padding-left:var(
    --c-ps-s,24px
  );padding-right:24px;padding-right:var(
    --c-ps-e,24px
  )}}.TcuCfd,.wmGw4{margin:0 auto;padding-left:24px;padding-left:var(
    --c-ps-s,24px
  );padding-right:24px;padding-right:var(
    --c-ps-e,24px
  );width:100%}@media (min-width:600px){.TcuCfd{border-radius:28px;min-height:528px;padding-left:24px;padding-left:var(
    --c-ps-s,24px
  );padding-right:24px;padding-right:var(
    --c-ps-e,24px
  );width:480px}.wmGw4{padding:0 16px;width:480px}}@media (min-width:600px) and (orientation:landscape){.TcuCfd,.wmGw4{padding-left:24px;padding-left:var(
    --c-ps-s,24px
  );padding-right:24px;padding-right:var(
    --c-ps-e,24px
  );width:100%}.TcuCfd{border-radius:28px;min-height:unset}}@media (min-width:840px){.TcuCfd{padding-bottom:24px;padding-left:24px;padding-left:var(
    --c-ps-s,24px
  );padding-right:24px;padding-right:var(
    --c-ps-e,24px
  );padding-top:96px;padding-top:var(
    --wf-ps-t-bp2,96px
  );width:480px}.wmGw4{width:480px}}@media (min-width:840px) and (orientation:landscape){.TcuCfd,.wmGw4{padding-left:32px;padding-left:var(
    --c-ps-s,32px
  );padding-right:32px;padding-right:var(
    --c-ps-e,32px
  );width:100%}}@media (min-width:960px){.TcuCfd{padding-left:24px;padding-left:var(
    --c-ps-s,24px
  );padding-right:24px;padding-right:var(
    --c-ps-e,24px
  );width:480px}.wmGw4{width:480px}}@media (min-width:960px) and (orientation:landscape){.TcuCfd{border-radius:28px;min-height:384px;padding-left:36px;padding-left:var(
    --c-ps-s,36px
  );padding-right:36px;padding-right:var(
    --c-ps-e,36px
  );padding-bottom:36px;padding-bottom:var(
    --c-ps-t,36px
  );padding-top:108px;padding-top:var(
    --wf-ps-t-bp3-l,108px
  );width:840px}.wmGw4{padding:0 16px;width:840px}}@media (min-width:1240px){.TcuCfd{padding-left:24px;padding-left:var(
    --c-ps-s,24px
  );padding-right:24px;padding-right:var(
    --c-ps-e,24px
  );width:480px}.wmGw4{width:480px}}@media (min-width:1240px) and (orientation:landscape){.TcuCfd{margin-left:200px;margin-right:200px;padding-left:36px;padding-left:var(
    --c-ps-s,36px
  );padding-right:36px;padding-right:var(
    --c-ps-e,36px
  );width:auto}.wmGw4{width:auto;margin-left:200px;margin-right:200px}}@media (min-width:1600px){.TcuCfd{min-height:384px;padding-bottom:36px;padding-left:36px;padding-left:var(
    --c-ps-s,36px
  );padding-right:36px;padding-right:var(
    --c-ps-e,36px
  );padding-top:108px;padding-top:var(
    --wf-ps-t-bp5,108px
  );width:1040px}.wmGw4{width:1040px}}@media (min-width:1600px) and (orientation:landscape){.TcuCfd{margin-left:auto;margin-right:auto;padding-left:36px;padding-left:var(
    --c-ps-s,36px
  );padding-right:36px;padding-right:var(
    --c-ps-e,36px
  );width:1040px}.wmGw4{margin-left:auto;margin-right:auto;width:1040px}}.Ih3FE{left:24px;left:var(
    --c-ps-s,24px
  );position:absolute;right:24px;right:var(
    --c-ps-e,24px
  );top:0;z-index:5}@media (min-width:600px){.Ih3FE{left:24px;left:var(
    --c-ps-s,24px
  );right:24px;right:var(
    --c-ps-e,24px
  )}}@media (min-width:600px) and (orientation:landscape){.Ih3FE{left:24px;left:var(
    --c-ps-s,24px
  );right:24px;right:var(
    --c-ps-e,24px
  )}}@media (min-width:840px){.Ih3FE{left:24px;left:var(
    --c-ps-s,24px
  );right:24px;right:var(
    --c-ps-e,24px
  )}}@media (min-width:840px) and (orientation:landscape){.Ih3FE{left:32px;left:var(
    --c-ps-s,32px
  );right:32px;right:var(
    --c-ps-e,32px
  )}}@media (min-width:960px){.Ih3FE{left:24px;left:var(
    --c-ps-s,24px
  );right:24px;right:var(
    --c-ps-e,24px
  )}}@media (min-width:960px) and (orientation:landscape){.Ih3FE{left:36px;left:var(
    --c-ps-s,36px
  );right:36px;right:var(
    --c-ps-e,36px
  )}}@media (min-width:1240px){.Ih3FE{left:24px;left:var(
    --c-ps-s,24px
  );right:24px;right:var(
    --c-ps-e,24px
  )}}@media (min-width:1240px) and (orientation:landscape){.Ih3FE{left:36px;left:var(
    --c-ps-s,36px
  );right:36px;right:var(
    --c-ps-e,36px
  )}}@media (min-width:1600px){.Ih3FE{left:36px;left:var(
    --c-ps-s,36px
  );right:36px;right:var(
    --c-ps-e,36px
  )}}@media (min-width:1600px) and (orientation:landscape){.Ih3FE{left:36px;left:var(
    --c-ps-s,36px
  );right:36px;right:var(
    --c-ps-e,36px
  )}}.A77ntc,.Svhjgc,.fAlnEc{display:flex;flex-direction:column;flex-grow:1}.zIgDIc{margin-top:-72px;margin-top:calc((var(
    --wf-brsz,72px
  ))*-1)}.wsArZ[data-ss-mode="1"] .zIgDIc{padding-right:24px;padding-right:var(
    --wf-gutw-hlf,24px
  )}@media (min-width:840px){.wsArZ[data-ss-mode="1"] .zIgDIc{padding-right:38px;padding-right:var(
    --wf-gutw-hlf-bp2,38px
  )}}@media (min-width:600px) and (orientation:landscape),all and (min-width:1600px){.NQ5OL .zIgDIc{padding-right:24px;padding-right:var(
    --wf-gutw-hlf,24px
  )}}.TcuCfd.nnGvjf .Svhjgc{overflow:visible}.wsArZ[data-ss-mode="1"] .Svhjgc,.UXFQgc{flex-direction:row;flex-wrap:wrap}.UXFQgc{flex-grow:unset}@media (min-width:600px) and (orientation:landscape),all and (min-width:1600px){.NQ5OL .Svhjgc{flex-direction:row;flex-wrap:wrap}}.wsArZ[data-ss-mode="1"] .UXFQgc{padding-left:24px;padding-left:var(
    --wf-gutw-hlf,24px
  )}@media (min-width:840px){.wsArZ[data-ss-mode="1"] .UXFQgc{padding-left:38px;padding-left:var(
    --wf-gutw-hlf-bp2,38px
  )}}.wsArZ[data-ss-mode="1"] .zIgDIc{flex-basis:50%;max-width:50%}.wsArZ[data-ss-mode="1"] .UXFQgc{flex-basis:50%;max-width:50%}.wsArZ[data-ss-mode="1"] .zIgDIc,.wsArZ[data-ss-mode="1"] .UXFQgc{flex-grow:1}@media (min-width:600px) and (orientation:landscape),all and (min-width:1600px){.NQ5OL .zIgDIc{flex-basis:50%;flex-grow:1;max-width:50%}.NQ5OL .UXFQgc{flex-basis:50%;flex-grow:1;max-width:50%}}@media (min-width:600px) and (orientation:landscape),all and (min-width:1600px){.NQ5OL .UXFQgc{padding-left:24px;padding-left:var(
    --wf-gutw-hlf,24px
  )}}.TcuCfd.nnGvjf .UXFQgc{transform:none}.xKcayf{flex-shrink:0;width:100%}.Hai8t .Em2Ord:not(.eLNT1d){margin-bottom:16px}.AcKKx.RDPZE{opacity:.5;pointer-events:none}.qWK5J{display:flex;flex-grow:1}.UXFQgc.hAfgic{overflow-x:hidden}.UXFQgc.hAfgic .qWK5J{transition:transform .3s cubic-bezier(.4,0,.2,1)}.UXFQgc.QsjdCb .qWK5J{transform:translate3d(0,0,0)}.UXFQgc.GEcl0c .qWK5J{transform:translate3d(-100%,0,0)}[dir=rtl] .UXFQgc.GEcl0c .qWK5J{transform:translate3d(100%,0,0)}.RDsYTb{color:#444746;color:var(--gm3-sys-color-on-surface-variant,#444746);font-family:"Google Sans",roboto,"Noto Sans Myanmar UI",arial,sans-serif;font-size:0.875rem;font-weight:400;letter-spacing:0rem;line-height:1.4285714286;margin-top:32px}.lbFS4d{margin-top:11px}.lbFS4d.eLNT1d{display:none}.FZFVAd{align-items:center;display:flex;justify-content:flex-start}.iLMoFc{margin:0 8px;vertical-align:top}.iLMoFc .Qk3oof{color:#1f1f1f;color:var(--gm3-sys-color-on-surface,#1f1f1f)}.iLMoFc .eR0mzb.VfPpkd-LgbsSe{padding-left:8px;padding-right:8px}.ToAxb .MQL3Ob{padding-left:6px;padding-right:15px}.vEQsqe.OcVpRe .MQL3Ob{padding-right:9px}.ToAxb.CDELXb.YuII8b .MQL3Ob{opacity:0;padding:0;width:0}.ocEZbd{color:#1f1f1f;color:var(--gm3-sys-color-on-surface,#1f1f1f);direction:ltr;display:inline-block;white-space:nowrap}.sQecwc{display:hidden}*,*::before,*::after{box-sizing:inherit}html{box-sizing:border-box;-webkit-tap-highlight-color:rgba(0,0,0,0)}.jR8x9d{color-scheme:light}@media screen and (prefers-color-scheme:dark){.jR8x9d{color-scheme:dark}.jR8x9d .Y5O54e{display:inline-flex;position:relative}.jR8x9d .Y5O54e[hidden]{display:none}.jR8x9d .Y5O54e .UMrnmb-lP5Lpb-yrriRe{width:inherit}.jR8x9d .Y5O54e .VfPpkd-StrnGf-rymPhb .VfPpkd-StrnGf-rymPhb-ibnC6b{padding-left:16px;padding-right:16px}[dir=rtl] .jR8x9d .Y5O54e .VfPpkd-StrnGf-rymPhb .VfPpkd-StrnGf-rymPhb-ibnC6b,.jR8x9d .Y5O54e .VfPpkd-StrnGf-rymPhb .VfPpkd-StrnGf-rymPhb-ibnC6b[dir=rtl]{padding-left:16px;padding-right:16px}.jR8x9d .Y5O54e .VfPpkd-StrnGf-rymPhb.VfPpkd-StrnGf-rymPhb-OWXEXe-Bz112c-rymPhb .VfPpkd-StrnGf-rymPhb-ibnC6b .VfPpkd-StrnGf-rymPhb-f7MjDc{margin-left:0;margin-right:8px}[dir=rtl] .jR8x9d .Y5O54e .VfPpkd-StrnGf-rymPhb.VfPpkd-StrnGf-rymPhb-OWXEXe-Bz112c-rymPhb .VfPpkd-StrnGf-rymPhb-ibnC6b .VfPpkd-StrnGf-rymPhb-f7MjDc,.jR8x9d .Y5O54e .VfPpkd-StrnGf-rymPhb.VfPpkd-StrnGf-rymPhb-OWXEXe-Bz112c-rymPhb .VfPpkd-StrnGf-rymPhb-ibnC6b .VfPpkd-StrnGf-rymPhb-f7MjDc[dir=rtl]{margin-left:8px;margin-right:0}.jR8x9d .Y5O54e .VfPpkd-StrnGf-rymPhb.UMrnmb-h0T7hb-M1Soyc-Bz112c .VfPpkd-StrnGf-rymPhb-ibnC6b{padding-left:48px;padding-right:16px}[dir=rtl] .jR8x9d .Y5O54e .VfPpkd-StrnGf-rymPhb.UMrnmb-h0T7hb-M1Soyc-Bz112c .VfPpkd-StrnGf-rymPhb-ibnC6b,.jR8x9d .Y5O54e .VfPpkd-StrnGf-rymPhb.UMrnmb-h0T7hb-M1Soyc-Bz112c .VfPpkd-StrnGf-rymPhb-ibnC6b[dir=rtl]{padding-left:16px;padding-right:48px}.jR8x9d .Y5O54e .VfPpkd-xl07Ob-XxIAqe-OWXEXe-uxVfW-FNFY6c-uFfGwd{border-top-left-radius:0;border-top-right-radius:0}.jR8x9d .Y5O54e .VfPpkd-fmcmS-yrriRe:hover .VfPpkd-fmcmS-OyKIhb::before,.jR8x9d .Y5O54e .VfPpkd-fmcmS-yrriRe.VfPpkd-ksKsZd-XxIAqe-OWXEXe-ZmdkE .VfPpkd-fmcmS-OyKIhb::before{opacity:.08;opacity:var(--mdc-ripple-hover-opacity,.08)}.jR8x9d .Y5O54e .VfPpkd-fmcmS-yrriRe.VfPpkd-ksKsZd-mWPk3d-OWXEXe-AHe6Kc-XpnDCe .VfPpkd-fmcmS-OyKIhb::before,.jR8x9d .Y5O54e .VfPpkd-fmcmS-yrriRe:not(.VfPpkd-ksKsZd-mWPk3d):focus .VfPpkd-fmcmS-OyKIhb::before{transition-duration:75ms;opacity:0;opacity:var(--mdc-ripple-focus-opacity,0)}.jR8x9d .Y5O54e .VfPpkd-fmcmS-yrriRe .VfPpkd-fmcmS-OyKIhb::before,.jR8x9d .Y5O54e .VfPpkd-fmcmS-yrriRe .VfPpkd-fmcmS-OyKIhb::after{background-color:rgb(241,243,244);background-color:var(--mdc-ripple-color,rgb(241,243,244))}.jR8x9d .Y5O54e .VfPpkd-fmcmS-yrriRe:not(.VfPpkd-fmcmS-yrriRe-OWXEXe-OWB6Me) .VfPpkd-fmcmS-yrriRe-JZnCve-gmhCAd,.jR8x9d .Y5O54e .VfPpkd-fmcmS-yrriRe:not(.VfPpkd-fmcmS-yrriRe-OWXEXe-OWB6Me)+.VfPpkd-fmcmS-yrriRe-W0vJo-RWgCYc .VfPpkd-fmcmS-yrriRe-JZnCve-gmhCAd{color:rgb(154,160,166)}.jR8x9d .Y5O54e .VfPpkd-fmcmS-yrriRe .VfPpkd-fmcmS-wGMbrd{caret-color:rgb(138,180,248)}.jR8x9d .Y5O54e .VfPpkd-fmcmS-yrriRe:not(.VfPpkd-fmcmS-yrriRe-OWXEXe-OWB6Me) .VfPpkd-fmcmS-wGMbrd{color:rgb(232,234,237)}.jR8x9d .Y5O54e .VfPpkd-fmcmS-yrriRe:not(.VfPpkd-fmcmS-yrriRe-OWXEXe-OWB6Me){background-color:rgb(60,64,67)}.jR8x9d .Y5O54e .VfPpkd-fmcmS-yrriRe:not(.VfPpkd-fmcmS-yrriRe-OWXEXe-OWB6Me)+.VfPpkd-fmcmS-yrriRe-W0vJo-RWgCYc .VfPpkd-fmcmS-yrriRe-W0vJo-fmcmS{color:rgb(154,160,166)}.jR8x9d .Y5O54e .VfPpkd-fmcmS-yrriRe:not(.VfPpkd-fmcmS-yrriRe-OWXEXe-OWB6Me) .VfPpkd-NLUYnc-V67aGc{color:rgb(189,193,198)}.jR8x9d .Y5O54e .VfPpkd-fmcmS-yrriRe:hover:not(.VfPpkd-fmcmS-yrriRe-OWXEXe-OWB6Me) .VfPpkd-NLUYnc-V67aGc{color:rgb(248,249,250)}.jR8x9d .Y5O54e .VfPpkd-fmcmS-yrriRe:hover:not(.VfPpkd-fmcmS-yrriRe-OWXEXe-OWB6Me) .VfPpkd-RWgCYc-ksKsZd::before{border-bottom-color:rgb(248,249,250)}.jR8x9d .Y5O54e .VfPpkd-fmcmS-yrriRe:not(.VfPpkd-fmcmS-yrriRe-OWXEXe-OWB6Me) .VfPpkd-RWgCYc-ksKsZd::before{border-bottom-color:rgb(154,160,166)}.jR8x9d .Y5O54e .VfPpkd-fmcmS-yrriRe:not(.VfPpkd-fmcmS-yrriRe-OWXEXe-OWB6Me) .VfPpkd-RWgCYc-ksKsZd::after{border-bottom-color:rgb(138,180,248)}}@media screen and (prefers-color-scheme:dark){.jR8x9d .Y5O54e .VfPpkd-fmcmS-yrriRe:not(.VfPpkd-fmcmS-yrriRe-OWXEXe-OWB6Me) .VfPpkd-fmcmS-wGMbrd::-webkit-input-placeholder{color:rgb(189,193,198)}.jR8x9d .Y5O54e .VfPpkd-fmcmS-yrriRe:not(.VfPpkd-fmcmS-yrriRe-OWXEXe-OWB6Me) .VfPpkd-fmcmS-wGMbrd::placeholder{color:rgb(189,193,198)}}@media screen and (prefers-color-scheme:dark){.jR8x9d .Y5O54e .VfPpkd-fmcmS-yrriRe:not(.VfPpkd-fmcmS-yrriRe-OWXEXe-OWB6Me) .VfPpkd-fmcmS-wGMbrd:-ms-input-placeholder{color:rgb(189,193,198)}.jR8x9d .Y5O54e .VfPpkd-fmcmS-yrriRe:not(.VfPpkd-fmcmS-yrriRe-OWXEXe-OWB6Me) .VfPpkd-fmcmS-MvKemf-OWXEXe-qdIk2c{color:rgb(154,160,166)}.jR8x9d .Y5O54e .VfPpkd-fmcmS-yrriRe:not(.VfPpkd-fmcmS-yrriRe-OWXEXe-OWB6Me) .VfPpkd-fmcmS-MvKemf-OWXEXe-iJ4yB{color:rgb(154,160,166)}.jR8x9d .Y5O54e .VfPpkd-fmcmS-yrriRe:not(.VfPpkd-fmcmS-yrriRe-OWXEXe-OWB6Me) .VfPpkd-fmcmS-TvZj5c-OWXEXe-M1Soyc{color:rgb(154,160,166)}.jR8x9d .Y5O54e .VfPpkd-fmcmS-yrriRe:not(.VfPpkd-fmcmS-yrriRe-OWXEXe-OWB6Me) .VfPpkd-fmcmS-TvZj5c-OWXEXe-UbuQg{color:rgb(154,160,166)}.jR8x9d .Y5O54e .VfPpkd-fmcmS-yrriRe.VfPpkd-fmcmS-yrriRe-OWXEXe-OWB6Me .VfPpkd-fmcmS-wGMbrd{color:rgba(232,234,237,.38)}.jR8x9d .Y5O54e .VfPpkd-fmcmS-yrriRe.VfPpkd-fmcmS-yrriRe-OWXEXe-OWB6Me{background-color:rgba(232,234,237,.04)}.jR8x9d .Y5O54e .VfPpkd-fmcmS-yrriRe.VfPpkd-fmcmS-yrriRe-OWXEXe-OWB6Me .VfPpkd-RWgCYc-ksKsZd::before{border-bottom-color:rgba(232,234,237,.38)}.jR8x9d .Y5O54e .VfPpkd-fmcmS-yrriRe.VfPpkd-fmcmS-yrriRe-OWXEXe-OWB6Me .VfPpkd-NLUYnc-V67aGc,.jR8x9d .Y5O54e .VfPpkd-fmcmS-yrriRe.VfPpkd-fmcmS-yrriRe-OWXEXe-OWB6Me .VfPpkd-fmcmS-TvZj5c-OWXEXe-M1Soyc,.jR8x9d .Y5O54e .VfPpkd-fmcmS-yrriRe.VfPpkd-fmcmS-yrriRe-OWXEXe-OWB6Me .VfPpkd-fmcmS-TvZj5c-OWXEXe-UbuQg,.jR8x9d .Y5O54e .VfPpkd-fmcmS-yrriRe.VfPpkd-fmcmS-yrriRe-OWXEXe-OWB6Me+.VfPpkd-fmcmS-yrriRe-W0vJo-RWgCYc .VfPpkd-fmcmS-yrriRe-W0vJo-fmcmS,.jR8x9d .Y5O54e .VfPpkd-fmcmS-yrriRe.VfPpkd-fmcmS-yrriRe-OWXEXe-OWB6Me .VfPpkd-fmcmS-yrriRe-JZnCve-gmhCAd,.jR8x9d .Y5O54e .VfPpkd-fmcmS-yrriRe.VfPpkd-fmcmS-yrriRe-OWXEXe-OWB6Me+.VfPpkd-fmcmS-yrriRe-W0vJo-RWgCYc .VfPpkd-fmcmS-yrriRe-JZnCve-gmhCAd{color:rgba(232,234,237,.38)}}@media screen and (prefers-color-scheme:dark){.jR8x9d .Y5O54e .VfPpkd-fmcmS-yrriRe.VfPpkd-fmcmS-yrriRe-OWXEXe-OWB6Me .VfPpkd-fmcmS-wGMbrd::-webkit-input-placeholder{color:rgba(232,234,237,.38)}.jR8x9d .Y5O54e .VfPpkd-fmcmS-yrriRe.VfPpkd-fmcmS-yrriRe-OWXEXe-OWB6Me .VfPpkd-fmcmS-wGMbrd::placeholder{color:rgba(232,234,237,.38)}}@media screen and (prefers-color-scheme:dark){.jR8x9d .Y5O54e .VfPpkd-fmcmS-yrriRe.VfPpkd-fmcmS-yrriRe-OWXEXe-OWB6Me .VfPpkd-fmcmS-wGMbrd:-ms-input-placeholder{color:rgba(232,234,237,.38)}.jR8x9d .Y5O54e .VfPpkd-fmcmS-yrriRe.VfPpkd-fmcmS-yrriRe-OWXEXe-OWB6Me .VfPpkd-fmcmS-MvKemf-OWXEXe-qdIk2c,.jR8x9d .Y5O54e .VfPpkd-fmcmS-yrriRe.VfPpkd-fmcmS-yrriRe-OWXEXe-OWB6Me .VfPpkd-fmcmS-MvKemf-OWXEXe-iJ4yB{color:rgba(232,234,237,.38)}.jR8x9d .Y5O54e .VfPpkd-fmcmS-yrriRe.VfPpkd-fmcmS-yrriRe-OWXEXe-XpnDCe:not(.VfPpkd-fmcmS-yrriRe-OWXEXe-OWB6Me) .VfPpkd-NLUYnc-V67aGc{color:rgb(138,180,248)}.jR8x9d .Y5O54e .VfPpkd-fmcmS-yrriRe.VfPpkd-fmcmS-yrriRe-OWXEXe-UJflGc .VfPpkd-fmcmS-wGMbrd{caret-color:rgb(246,174,169)}.jR8x9d .Y5O54e .VfPpkd-fmcmS-yrriRe.VfPpkd-fmcmS-yrriRe-OWXEXe-UJflGc:not(.VfPpkd-fmcmS-yrriRe-OWXEXe-OWB6Me)+.VfPpkd-fmcmS-yrriRe-W0vJo-RWgCYc .VfPpkd-fmcmS-yrriRe-W0vJo-fmcmS{color:rgb(242,139,130)}.jR8x9d .Y5O54e .VfPpkd-fmcmS-yrriRe.VfPpkd-fmcmS-yrriRe-OWXEXe-UJflGc:not(.VfPpkd-fmcmS-yrriRe-OWXEXe-OWB6Me) .VfPpkd-fmcmS-TvZj5c-OWXEXe-UbuQg{color:rgb(242,139,130)}.jR8x9d .Y5O54e .VfPpkd-fmcmS-yrriRe.VfPpkd-fmcmS-yrriRe-OWXEXe-UJflGc:not(.VfPpkd-fmcmS-yrriRe-OWXEXe-OWB6Me) .VfPpkd-RWgCYc-ksKsZd::before{border-bottom-color:rgb(246,174,169)}.jR8x9d .Y5O54e .VfPpkd-fmcmS-yrriRe.VfPpkd-fmcmS-yrriRe-OWXEXe-UJflGc:not(.VfPpkd-fmcmS-yrriRe-OWXEXe-OWB6Me) .VfPpkd-RWgCYc-ksKsZd::after{border-bottom-color:rgb(246,174,169)}.jR8x9d .Y5O54e .VfPpkd-fmcmS-yrriRe.VfPpkd-fmcmS-yrriRe-OWXEXe-UJflGc:hover:not(.VfPpkd-fmcmS-yrriRe-OWXEXe-XpnDCe):not(.VfPpkd-fmcmS-yrriRe-OWXEXe-OWB6Me) .VfPpkd-NLUYnc-V67aGc{color:rgb(246,174,169)}.jR8x9d .Y5O54e .VfPpkd-fmcmS-yrriRe.VfPpkd-fmcmS-yrriRe-OWXEXe-UJflGc:hover:not(.VfPpkd-fmcmS-yrriRe-OWXEXe-XpnDCe):not(.VfPpkd-fmcmS-yrriRe-OWXEXe-OWB6Me)+.VfPpkd-fmcmS-yrriRe-W0vJo-RWgCYc .VfPpkd-fmcmS-yrriRe-W0vJo-fmcmS{color:rgb(246,174,169)}.jR8x9d .Y5O54e .VfPpkd-fmcmS-yrriRe.VfPpkd-fmcmS-yrriRe-OWXEXe-UJflGc:hover:not(.VfPpkd-fmcmS-yrriRe-OWXEXe-XpnDCe):not(.VfPpkd-fmcmS-yrriRe-OWXEXe-OWB6Me) .VfPpkd-fmcmS-TvZj5c-OWXEXe-UbuQg{color:rgb(246,174,169)}.jR8x9d .Y5O54e .VfPpkd-fmcmS-yrriRe.VfPpkd-fmcmS-yrriRe-OWXEXe-UJflGc:hover:not(.VfPpkd-fmcmS-yrriRe-OWXEXe-XpnDCe):not(.VfPpkd-fmcmS-yrriRe-OWXEXe-OWB6Me) .VfPpkd-RWgCYc-ksKsZd::before{border-bottom-color:rgb(246,174,169)}.jR8x9d .Y5O54e .VfPpkd-fmcmS-yrriRe.VfPpkd-fmcmS-yrriRe-OWXEXe-XpnDCe .VfPpkd-NLUYnc-V67aGc{color:rgb(138,180,248)}.jR8x9d .Y5O54e .VfPpkd-fmcmS-yrriRe.VfPpkd-fmcmS-yrriRe-OWXEXe-UJflGc:not(.VfPpkd-fmcmS-yrriRe-OWXEXe-OWB6Me) .VfPpkd-NLUYnc-V67aGc{color:rgb(246,174,169)}.jR8x9d .Y5O54e .VfPpkd-xl07Ob-XxIAqe{box-shadow:0 2px 1px -1px rgba(0,0,0,.2),0 1px 1px 0 rgba(0,0,0,.14),0 1px 3px 0 rgba(0,0,0,.12);background-color:rgb(32,33,36)}.jR8x9d .Y5O54e .VfPpkd-StrnGf-rymPhb{font-family:Roboto,Arial,sans-serif;line-height:1.5rem;font-size:1rem;letter-spacing:.00625em;font-weight:400;color:rgb(232,234,237);position:relative}.jR8x9d .Y5O54e .VfPpkd-StrnGf-rymPhb .VfPpkd-StrnGf-rymPhb-IhFlZd{color:rgb(154,160,166)}.jR8x9d .Y5O54e .VfPpkd-StrnGf-rymPhb .VfPpkd-StrnGf-rymPhb-ibnC6b-OWXEXe-OWB6Me .VfPpkd-StrnGf-rymPhb-b9t22c,.jR8x9d .Y5O54e .VfPpkd-StrnGf-rymPhb .VfPpkd-StrnGf-rymPhb-ibnC6b-OWXEXe-OWB6Me .VfPpkd-StrnGf-rymPhb-fpDzbe-fmcmS,.jR8x9d .Y5O54e .VfPpkd-StrnGf-rymPhb .VfPpkd-StrnGf-rymPhb-ibnC6b-OWXEXe-OWB6Me .VfPpkd-StrnGf-rymPhb-L8ivfd-fmcmS{color:rgb(232,234,237)}.jR8x9d .Y5O54e .VfPpkd-StrnGf-rymPhb .VfPpkd-StrnGf-rymPhb-ibnC6b-OWXEXe-OWB6Me .VfPpkd-StrnGf-rymPhb-b9t22c{opacity:.38}.jR8x9d .Y5O54e .VfPpkd-StrnGf-rymPhb .VfPpkd-StrnGf-rymPhb-ibnC6b-OWXEXe-gk6SMd,.jR8x9d .Y5O54e .VfPpkd-StrnGf-rymPhb .VfPpkd-StrnGf-rymPhb-ibnC6b-OWXEXe-pXU01b,.jR8x9d .Y5O54e .VfPpkd-StrnGf-rymPhb .VfPpkd-StrnGf-rymPhb-ibnC6b-OWXEXe-gk6SMd .VfPpkd-StrnGf-rymPhb-f7MjDc,.jR8x9d .Y5O54e .VfPpkd-StrnGf-rymPhb .VfPpkd-StrnGf-rymPhb-ibnC6b-OWXEXe-pXU01b .VfPpkd-StrnGf-rymPhb-f7MjDc{color:rgb(232,234,237)}.jR8x9d .Y5O54e .VfPpkd-StrnGf-rymPhb .VfPpkd-StrnGf-rymPhb-ibnC6b-OWXEXe-gk6SMd .VfPpkd-StrnGf-rymPhb-pZXsl::before{opacity:0}.jR8x9d .Y5O54e .VfPpkd-StrnGf-rymPhb .VfPpkd-StrnGf-rymPhb-ibnC6b.VfPpkd-StrnGf-rymPhb-ibnC6b-OWXEXe-gk6SMd{background-color:rgba(138,180,248,.24)}.jR8x9d .Y5O54e .VfPpkd-StrnGf-rymPhb .VfPpkd-StrnGf-rymPhb-ibnC6b.VfPpkd-StrnGf-rymPhb-ibnC6b-OWXEXe-gk6SMd .VfPpkd-StrnGf-rymPhb-pZXsl::before,.jR8x9d .Y5O54e .VfPpkd-StrnGf-rymPhb .VfPpkd-StrnGf-rymPhb-ibnC6b.VfPpkd-StrnGf-rymPhb-ibnC6b-OWXEXe-gk6SMd .VfPpkd-StrnGf-rymPhb-pZXsl::after{background-color:rgb(138,180,248);background-color:var(--mdc-ripple-color,rgb(138,180,248))}.jR8x9d .Y5O54e .VfPpkd-StrnGf-rymPhb .VfPpkd-StrnGf-rymPhb-ibnC6b.VfPpkd-StrnGf-rymPhb-ibnC6b-OWXEXe-gk6SMd:hover .VfPpkd-StrnGf-rymPhb-pZXsl::before,.jR8x9d .Y5O54e .VfPpkd-StrnGf-rymPhb .VfPpkd-StrnGf-rymPhb-ibnC6b.VfPpkd-StrnGf-rymPhb-ibnC6b-OWXEXe-gk6SMd.VfPpkd-ksKsZd-XxIAqe-OWXEXe-ZmdkE .VfPpkd-StrnGf-rymPhb-pZXsl::before{opacity:.04;opacity:var(--mdc-ripple-hover-opacity,.04)}.jR8x9d .Y5O54e .VfPpkd-StrnGf-rymPhb .VfPpkd-StrnGf-rymPhb-ibnC6b.VfPpkd-StrnGf-rymPhb-ibnC6b-OWXEXe-gk6SMd.VfPpkd-ksKsZd-mWPk3d-OWXEXe-AHe6Kc-XpnDCe .VfPpkd-StrnGf-rymPhb-pZXsl::before,.jR8x9d .Y5O54e .VfPpkd-StrnGf-rymPhb .VfPpkd-StrnGf-rymPhb-ibnC6b.VfPpkd-StrnGf-rymPhb-ibnC6b-OWXEXe-gk6SMd:not(.VfPpkd-ksKsZd-mWPk3d):focus .VfPpkd-StrnGf-rymPhb-pZXsl::before{transition-duration:75ms;opacity:.12;opacity:var(--mdc-ripple-focus-opacity,.12)}.jR8x9d .Y5O54e .VfPpkd-StrnGf-rymPhb .VfPpkd-StrnGf-rymPhb-ibnC6b.VfPpkd-StrnGf-rymPhb-ibnC6b-OWXEXe-gk6SMd:not(.VfPpkd-ksKsZd-mWPk3d) .VfPpkd-StrnGf-rymPhb-pZXsl::after{transition:opacity .15s linear}.jR8x9d .Y5O54e .VfPpkd-StrnGf-rymPhb .VfPpkd-StrnGf-rymPhb-ibnC6b.VfPpkd-StrnGf-rymPhb-ibnC6b-OWXEXe-gk6SMd:not(.VfPpkd-ksKsZd-mWPk3d):active .VfPpkd-StrnGf-rymPhb-pZXsl::after{transition-duration:75ms;opacity:.1;opacity:var(--mdc-ripple-press-opacity,.1)}.jR8x9d .Y5O54e .VfPpkd-StrnGf-rymPhb .VfPpkd-StrnGf-rymPhb-ibnC6b.VfPpkd-StrnGf-rymPhb-ibnC6b-OWXEXe-gk6SMd.VfPpkd-ksKsZd-mWPk3d{--mdc-ripple-fg-opacity:var(--mdc-ripple-press-opacity,0.1)}.jR8x9d .Y5O54e .VfPpkd-StrnGf-rymPhb .VfPpkd-StrnGf-rymPhb-L8ivfd-fmcmS{color:rgb(154,160,166)}.jR8x9d .Y5O54e .VfPpkd-StrnGf-rymPhb .VfPpkd-StrnGf-rymPhb-clz4Ic{border-bottom-color:rgba(232,234,237,.12)}.jR8x9d .Y5O54e .VfPpkd-StrnGf-rymPhb .VfPpkd-StrnGf-rymPhb-f7MjDc{color:rgb(232,234,237)}.jR8x9d .Y5O54e .VfPpkd-StrnGf-rymPhb .VfPpkd-StrnGf-rymPhb-ibnC6b .VfPpkd-StrnGf-rymPhb-pZXsl::before,.jR8x9d .Y5O54e .VfPpkd-StrnGf-rymPhb .VfPpkd-StrnGf-rymPhb-ibnC6b .VfPpkd-StrnGf-rymPhb-pZXsl::after{background-color:rgb(232,234,237);background-color:var(--mdc-ripple-color,rgb(232,234,237))}.jR8x9d .Y5O54e .VfPpkd-StrnGf-rymPhb .VfPpkd-StrnGf-rymPhb-ibnC6b:hover .VfPpkd-StrnGf-rymPhb-pZXsl::before,.jR8x9d .Y5O54e .VfPpkd-StrnGf-rymPhb .VfPpkd-StrnGf-rymPhb-ibnC6b.VfPpkd-ksKsZd-XxIAqe-OWXEXe-ZmdkE .VfPpkd-StrnGf-rymPhb-pZXsl::before{opacity:.04;opacity:var(--mdc-ripple-hover-opacity,.04)}.jR8x9d .Y5O54e .VfPpkd-StrnGf-rymPhb .VfPpkd-StrnGf-rymPhb-ibnC6b.VfPpkd-ksKsZd-mWPk3d-OWXEXe-AHe6Kc-XpnDCe .VfPpkd-StrnGf-rymPhb-pZXsl::before,.jR8x9d .Y5O54e .VfPpkd-StrnGf-rymPhb .VfPpkd-StrnGf-rymPhb-ibnC6b:not(.VfPpkd-ksKsZd-mWPk3d):focus .VfPpkd-StrnGf-rymPhb-pZXsl::before{transition-duration:75ms;opacity:.12;opacity:var(--mdc-ripple-focus-opacity,.12)}.jR8x9d .Y5O54e .VfPpkd-StrnGf-rymPhb .VfPpkd-StrnGf-rymPhb-ibnC6b:not(.VfPpkd-ksKsZd-mWPk3d) .VfPpkd-StrnGf-rymPhb-pZXsl::after{transition:opacity .15s linear}.jR8x9d .Y5O54e .VfPpkd-StrnGf-rymPhb .VfPpkd-StrnGf-rymPhb-ibnC6b:not(.VfPpkd-ksKsZd-mWPk3d):active .VfPpkd-StrnGf-rymPhb-pZXsl::after{transition-duration:75ms;opacity:.1;opacity:var(--mdc-ripple-press-opacity,.1)}.jR8x9d .Y5O54e .VfPpkd-StrnGf-rymPhb .VfPpkd-StrnGf-rymPhb-ibnC6b.VfPpkd-ksKsZd-mWPk3d{--mdc-ripple-fg-opacity:var(--mdc-ripple-press-opacity,0.1)}}@media screen and (prefers-color-scheme:dark) and (-ms-high-contrast:active),screen and (prefers-color-scheme:dark) and (forced-colors:active){.jR8x9d .Y5O54e .VfPpkd-StrnGf-rymPhb .VfPpkd-StrnGf-rymPhb-ibnC6b-OWXEXe-OWB6Me .VfPpkd-StrnGf-rymPhb-b9t22c,.jR8x9d .Y5O54e .VfPpkd-StrnGf-rymPhb .VfPpkd-StrnGf-rymPhb-ibnC6b-OWXEXe-OWB6Me .VfPpkd-StrnGf-rymPhb-fpDzbe-fmcmS,.jR8x9d .Y5O54e .VfPpkd-StrnGf-rymPhb .VfPpkd-StrnGf-rymPhb-ibnC6b-OWXEXe-OWB6Me .VfPpkd-StrnGf-rymPhb-L8ivfd-fmcmS{color:GrayText}.jR8x9d .Y5O54e .VfPpkd-StrnGf-rymPhb .VfPpkd-StrnGf-rymPhb-ibnC6b-OWXEXe-OWB6Me .VfPpkd-StrnGf-rymPhb-b9t22c{opacity:1}}@media screen and (prefers-color-scheme:dark){.jR8x9d .Y5O54e .VfPpkd-StrnGf-rymPhb .VfPpkd-BFbNVe-bF1uUb{width:100%;height:100%;top:0;left:0}.jR8x9d .Y5O54e .VfPpkd-StrnGf-rymPhb .VfPpkd-BFbNVe-bF1uUb{opacity:.08}.jR8x9d .NGdKgb{display:inline-flex;position:relative}.jR8x9d .NGdKgb[hidden]{display:none}.jR8x9d .NGdKgb .UMrnmb-lP5Lpb-yrriRe{width:inherit}.jR8x9d .NGdKgb .VfPpkd-StrnGf-rymPhb .VfPpkd-StrnGf-rymPhb-ibnC6b{padding-left:16px;padding-right:16px}[dir=rtl] .jR8x9d .NGdKgb .VfPpkd-StrnGf-rymPhb .VfPpkd-StrnGf-rymPhb-ibnC6b,.jR8x9d .NGdKgb .VfPpkd-StrnGf-rymPhb .VfPpkd-StrnGf-rymPhb-ibnC6b[dir=rtl]{padding-left:16px;padding-right:16px}.jR8x9d .NGdKgb .VfPpkd-StrnGf-rymPhb.VfPpkd-StrnGf-rymPhb-OWXEXe-Bz112c-rymPhb .VfPpkd-StrnGf-rymPhb-ibnC6b .VfPpkd-StrnGf-rymPhb-f7MjDc{margin-left:0;margin-right:8px}[dir=rtl] .jR8x9d .NGdKgb .VfPpkd-StrnGf-rymPhb.VfPpkd-StrnGf-rymPhb-OWXEXe-Bz112c-rymPhb .VfPpkd-StrnGf-rymPhb-ibnC6b .VfPpkd-StrnGf-rymPhb-f7MjDc,.jR8x9d .NGdKgb .VfPpkd-StrnGf-rymPhb.VfPpkd-StrnGf-rymPhb-OWXEXe-Bz112c-rymPhb .VfPpkd-StrnGf-rymPhb-ibnC6b .VfPpkd-StrnGf-rymPhb-f7MjDc[dir=rtl]{margin-left:8px;margin-right:0}.jR8x9d .NGdKgb .VfPpkd-StrnGf-rymPhb.UMrnmb-h0T7hb-M1Soyc-Bz112c .VfPpkd-StrnGf-rymPhb-ibnC6b{padding-left:48px;padding-right:16px}[dir=rtl] .jR8x9d .NGdKgb .VfPpkd-StrnGf-rymPhb.UMrnmb-h0T7hb-M1Soyc-Bz112c .VfPpkd-StrnGf-rymPhb-ibnC6b,.jR8x9d .NGdKgb .VfPpkd-StrnGf-rymPhb.UMrnmb-h0T7hb-M1Soyc-Bz112c .VfPpkd-StrnGf-rymPhb-ibnC6b[dir=rtl]{padding-left:16px;padding-right:48px}.jR8x9d .NGdKgb .VfPpkd-fmcmS-yrriRe:not(.VfPpkd-fmcmS-yrriRe-OWXEXe-OWB6Me) .VfPpkd-fmcmS-wGMbrd{color:rgb(232,234,237);color:var(--gm-outlinedtextfield-ink-color,rgb(232,234,237))}.jR8x9d .NGdKgb .VfPpkd-fmcmS-yrriRe .VfPpkd-fmcmS-wGMbrd{caret-color:rgb(138,180,248);caret-color:var(--gm-outlinedtextfield-caret-color,rgb(138,180,248))}.jR8x9d .NGdKgb .VfPpkd-fmcmS-yrriRe:not(.VfPpkd-fmcmS-yrriRe-OWXEXe-OWB6Me)+.VfPpkd-fmcmS-yrriRe-W0vJo-RWgCYc .VfPpkd-fmcmS-yrriRe-W0vJo-fmcmS{color:rgb(154,160,166);color:var(--gm-outlinedtextfield-helper-text-color,rgb(154,160,166))}.jR8x9d .NGdKgb .VfPpkd-fmcmS-yrriRe:not(.VfPpkd-fmcmS-yrriRe-OWXEXe-OWB6Me) .VfPpkd-fmcmS-yrriRe-JZnCve-gmhCAd,.jR8x9d .NGdKgb .VfPpkd-fmcmS-yrriRe:not(.VfPpkd-fmcmS-yrriRe-OWXEXe-OWB6Me)+.VfPpkd-fmcmS-yrriRe-W0vJo-RWgCYc .VfPpkd-fmcmS-yrriRe-JZnCve-gmhCAd{color:rgb(154,160,166)}.jR8x9d .NGdKgb .VfPpkd-fmcmS-yrriRe:not(.VfPpkd-fmcmS-yrriRe-OWXEXe-OWB6Me) .VfPpkd-NLUYnc-V67aGc{color:rgb(154,160,166);color:var(--gm-outlinedtextfield-label-color,rgb(154,160,166))}.jR8x9d .NGdKgb .VfPpkd-fmcmS-yrriRe:hover:not(.VfPpkd-fmcmS-yrriRe-OWXEXe-OWB6Me) .VfPpkd-NLUYnc-V67aGc{color:rgb(248,249,250)}.jR8x9d .NGdKgb .VfPpkd-fmcmS-yrriRe:not(.VfPpkd-fmcmS-yrriRe-OWXEXe-OWB6Me) .VfPpkd-NSFCdd-Brv4Fb,.jR8x9d .NGdKgb .VfPpkd-fmcmS-yrriRe:not(.VfPpkd-fmcmS-yrriRe-OWXEXe-OWB6Me) .VfPpkd-NSFCdd-Ra9xwd,.jR8x9d .NGdKgb .VfPpkd-fmcmS-yrriRe:not(.VfPpkd-fmcmS-yrriRe-OWXEXe-OWB6Me) .VfPpkd-NSFCdd-MpmGFe{border-color:rgb(189,193,198);border-color:var(--gm-outlinedtextfield-outline-color,rgb(189,193,198))}.jR8x9d .NGdKgb .VfPpkd-fmcmS-yrriRe:not(.VfPpkd-fmcmS-yrriRe-OWXEXe-OWB6Me):not(.VfPpkd-fmcmS-yrriRe-OWXEXe-XpnDCe):hover .VfPpkd-NSFCdd-i5vt6e .VfPpkd-NSFCdd-Brv4Fb,.jR8x9d .NGdKgb .VfPpkd-fmcmS-yrriRe:not(.VfPpkd-fmcmS-yrriRe-OWXEXe-OWB6Me):not(.VfPpkd-fmcmS-yrriRe-OWXEXe-XpnDCe):hover .VfPpkd-NSFCdd-i5vt6e .VfPpkd-NSFCdd-Ra9xwd,.jR8x9d .NGdKgb .VfPpkd-fmcmS-yrriRe:not(.VfPpkd-fmcmS-yrriRe-OWXEXe-OWB6Me):not(.VfPpkd-fmcmS-yrriRe-OWXEXe-XpnDCe):hover .VfPpkd-NSFCdd-i5vt6e .VfPpkd-NSFCdd-MpmGFe{border-color:rgb(248,249,250)}}@media screen and (prefers-color-scheme:dark){.jR8x9d .NGdKgb .VfPpkd-fmcmS-yrriRe:not(.VfPpkd-fmcmS-yrriRe-OWXEXe-OWB6Me) .VfPpkd-fmcmS-wGMbrd::-webkit-input-placeholder{color:rgb(189,193,198);color:var(--gm-outlinedtextfield-placeholder-color,rgb(189,193,198))}.jR8x9d .NGdKgb .VfPpkd-fmcmS-yrriRe:not(.VfPpkd-fmcmS-yrriRe-OWXEXe-OWB6Me) .VfPpkd-fmcmS-wGMbrd::placeholder{color:rgb(189,193,198);color:var(--gm-outlinedtextfield-placeholder-color,rgb(189,193,198))}}@media screen and (prefers-color-scheme:dark){.jR8x9d .NGdKgb .VfPpkd-fmcmS-yrriRe:not(.VfPpkd-fmcmS-yrriRe-OWXEXe-OWB6Me) .VfPpkd-fmcmS-wGMbrd:-ms-input-placeholder{color:rgb(189,193,198);color:var(--gm-outlinedtextfield-placeholder-color,rgb(189,193,198))}.jR8x9d .NGdKgb .VfPpkd-fmcmS-yrriRe:not(.VfPpkd-fmcmS-yrriRe-OWXEXe-OWB6Me) .VfPpkd-fmcmS-MvKemf-OWXEXe-qdIk2c{color:rgb(154,160,166);color:var(--gm-outlinedtextfield-prefix-color,rgb(154,160,166))}.jR8x9d .NGdKgb .VfPpkd-fmcmS-yrriRe:not(.VfPpkd-fmcmS-yrriRe-OWXEXe-OWB6Me) .VfPpkd-fmcmS-MvKemf-OWXEXe-iJ4yB{color:rgb(154,160,166);color:var(--gm-outlinedtextfield-suffix-color,rgb(154,160,166))}.jR8x9d .NGdKgb .VfPpkd-fmcmS-yrriRe:not(.VfPpkd-fmcmS-yrriRe-OWXEXe-OWB6Me) .VfPpkd-fmcmS-TvZj5c-OWXEXe-M1Soyc{color:rgb(154,160,166)}.jR8x9d .NGdKgb .VfPpkd-fmcmS-yrriRe:not(.VfPpkd-fmcmS-yrriRe-OWXEXe-OWB6Me) .VfPpkd-fmcmS-TvZj5c-OWXEXe-UbuQg{color:rgb(154,160,166)}.jR8x9d .NGdKgb .VfPpkd-fmcmS-yrriRe.VfPpkd-fmcmS-yrriRe-OWXEXe-OWB6Me .VfPpkd-fmcmS-wGMbrd{color:rgba(232,234,237,.38);color:var(--gm-outlinedtextfield-ink-color--disabled,rgba(232,234,237,.38))}.jR8x9d .NGdKgb .VfPpkd-fmcmS-yrriRe.VfPpkd-fmcmS-yrriRe-OWXEXe-OWB6Me .VfPpkd-NSFCdd-Brv4Fb,.jR8x9d .NGdKgb .VfPpkd-fmcmS-yrriRe.VfPpkd-fmcmS-yrriRe-OWXEXe-OWB6Me .VfPpkd-NSFCdd-Ra9xwd,.jR8x9d .NGdKgb .VfPpkd-fmcmS-yrriRe.VfPpkd-fmcmS-yrriRe-OWXEXe-OWB6Me .VfPpkd-NSFCdd-MpmGFe{border-color:rgba(232,234,237,.12);border-color:var(--gm-outlinedtextfield-outline-color--disabled,rgba(232,234,237,.12))}.jR8x9d .NGdKgb .VfPpkd-fmcmS-yrriRe.VfPpkd-fmcmS-yrriRe-OWXEXe-OWB6Me .VfPpkd-NLUYnc-V67aGc{color:rgba(232,234,237,.38);color:var(--gm-outlinedtextfield-label-color--disabled,rgba(232,234,237,.38))}.jR8x9d .NGdKgb .VfPpkd-fmcmS-yrriRe.VfPpkd-fmcmS-yrriRe-OWXEXe-OWB6Me .VfPpkd-fmcmS-TvZj5c-OWXEXe-M1Soyc{color:rgba(232,234,237,.38);color:var(--gm-outlinedtextfield-icon-color--disabled,rgba(232,234,237,.38))}.jR8x9d .NGdKgb .VfPpkd-fmcmS-yrriRe.VfPpkd-fmcmS-yrriRe-OWXEXe-OWB6Me .VfPpkd-fmcmS-TvZj5c-OWXEXe-UbuQg{color:rgba(232,234,237,.38);color:var(--gm-outlinedtextfield-icon-color--disabled,rgba(232,234,237,.38))}.jR8x9d .NGdKgb .VfPpkd-fmcmS-yrriRe.VfPpkd-fmcmS-yrriRe-OWXEXe-OWB6Me+.VfPpkd-fmcmS-yrriRe-W0vJo-RWgCYc .VfPpkd-fmcmS-yrriRe-W0vJo-fmcmS{color:rgba(232,234,237,.38);color:var(--gm-outlinedtextfield-helper-text-color--disabled,rgba(232,234,237,.38))}.jR8x9d .NGdKgb .VfPpkd-fmcmS-yrriRe.VfPpkd-fmcmS-yrriRe-OWXEXe-OWB6Me .VfPpkd-fmcmS-yrriRe-JZnCve-gmhCAd,.jR8x9d .NGdKgb .VfPpkd-fmcmS-yrriRe.VfPpkd-fmcmS-yrriRe-OWXEXe-OWB6Me+.VfPpkd-fmcmS-yrriRe-W0vJo-RWgCYc .VfPpkd-fmcmS-yrriRe-JZnCve-gmhCAd{color:rgba(232,234,237,.38);color:var(--gm-outlinedtextfield-character-counter-color--disabled,rgba(232,234,237,.38))}}@media screen and (prefers-color-scheme:dark){.jR8x9d .NGdKgb .VfPpkd-fmcmS-yrriRe.VfPpkd-fmcmS-yrriRe-OWXEXe-OWB6Me .VfPpkd-fmcmS-wGMbrd::-webkit-input-placeholder{color:rgba(232,234,237,.38);color:var(--gm-outlinedtextfield-placeholder-color--disabled,rgba(232,234,237,.38))}.jR8x9d .NGdKgb .VfPpkd-fmcmS-yrriRe.VfPpkd-fmcmS-yrriRe-OWXEXe-OWB6Me .VfPpkd-fmcmS-wGMbrd::placeholder{color:rgba(232,234,237,.38);color:var(--gm-outlinedtextfield-placeholder-color--disabled,rgba(232,234,237,.38))}}@media screen and (prefers-color-scheme:dark){.jR8x9d .NGdKgb .VfPpkd-fmcmS-yrriRe.VfPpkd-fmcmS-yrriRe-OWXEXe-OWB6Me .VfPpkd-fmcmS-wGMbrd:-ms-input-placeholder{color:rgba(232,234,237,.38);color:var(--gm-outlinedtextfield-placeholder-color--disabled,rgba(232,234,237,.38))}.jR8x9d .NGdKgb .VfPpkd-fmcmS-yrriRe.VfPpkd-fmcmS-yrriRe-OWXEXe-OWB6Me .VfPpkd-fmcmS-MvKemf-OWXEXe-qdIk2c{color:rgba(232,234,237,.38);color:var(--gm-outlinedtextfield-prefix-color--disabled,rgba(232,234,237,.38))}.jR8x9d .NGdKgb .VfPpkd-fmcmS-yrriRe.VfPpkd-fmcmS-yrriRe-OWXEXe-OWB6Me .VfPpkd-fmcmS-MvKemf-OWXEXe-iJ4yB{color:rgba(232,234,237,.38);color:var(--gm-outlinedtextfield-suffix-color--disabled,rgba(232,234,237,.38))}.jR8x9d .NGdKgb .VfPpkd-fmcmS-yrriRe.VfPpkd-fmcmS-yrriRe-OWXEXe-XpnDCe:not(.VfPpkd-fmcmS-yrriRe-OWXEXe-OWB6Me) .VfPpkd-NSFCdd-Brv4Fb,.jR8x9d .NGdKgb .VfPpkd-fmcmS-yrriRe.VfPpkd-fmcmS-yrriRe-OWXEXe-XpnDCe:not(.VfPpkd-fmcmS-yrriRe-OWXEXe-OWB6Me) .VfPpkd-NSFCdd-Ra9xwd,.jR8x9d .NGdKgb .VfPpkd-fmcmS-yrriRe.VfPpkd-fmcmS-yrriRe-OWXEXe-XpnDCe:not(.VfPpkd-fmcmS-yrriRe-OWXEXe-OWB6Me) .VfPpkd-NSFCdd-MpmGFe{border-color:rgb(138,180,248);border-color:var(--gm-outlinedtextfield-outline-color--stateful,rgb(138,180,248))}.jR8x9d .NGdKgb .VfPpkd-fmcmS-yrriRe.VfPpkd-fmcmS-yrriRe-OWXEXe-XpnDCe:not(.VfPpkd-fmcmS-yrriRe-OWXEXe-OWB6Me) .VfPpkd-NLUYnc-V67aGc{color:rgb(138,180,248);color:var(--gm-outlinedtextfield-label-color--stateful,rgb(138,180,248))}.jR8x9d .NGdKgb .VfPpkd-fmcmS-yrriRe.VfPpkd-fmcmS-yrriRe-OWXEXe-UJflGc .VfPpkd-fmcmS-wGMbrd{caret-color:rgb(242,139,130);caret-color:var(--gm-outlinedtextfield-caret-color--error,rgb(242,139,130))}.jR8x9d .NGdKgb .VfPpkd-fmcmS-yrriRe.VfPpkd-fmcmS-yrriRe-OWXEXe-UJflGc:not(.VfPpkd-fmcmS-yrriRe-OWXEXe-OWB6Me)+.VfPpkd-fmcmS-yrriRe-W0vJo-RWgCYc .VfPpkd-fmcmS-yrriRe-W0vJo-fmcmS{color:rgb(242,139,130);color:var(--gm-outlinedtextfield-helper-text-color--error,rgb(242,139,130))}.jR8x9d .NGdKgb .VfPpkd-fmcmS-yrriRe.VfPpkd-fmcmS-yrriRe-OWXEXe-UJflGc:hover:not(.VfPpkd-fmcmS-yrriRe-OWXEXe-XpnDCe):not(.VfPpkd-fmcmS-yrriRe-OWXEXe-OWB6Me)+.VfPpkd-fmcmS-yrriRe-W0vJo-RWgCYc .VfPpkd-fmcmS-yrriRe-W0vJo-fmcmS{color:rgb(246,174,169)}.jR8x9d .NGdKgb .VfPpkd-fmcmS-yrriRe.VfPpkd-fmcmS-yrriRe-OWXEXe-UJflGc:hover:not(.VfPpkd-fmcmS-yrriRe-OWXEXe-XpnDCe):not(.VfPpkd-fmcmS-yrriRe-OWXEXe-OWB6Me) .VfPpkd-NLUYnc-V67aGc{color:rgb(246,174,169)}.jR8x9d .NGdKgb .VfPpkd-fmcmS-yrriRe.VfPpkd-fmcmS-yrriRe-OWXEXe-UJflGc:hover:not(.VfPpkd-fmcmS-yrriRe-OWXEXe-XpnDCe):not(.VfPpkd-fmcmS-yrriRe-OWXEXe-OWB6Me) .VfPpkd-fmcmS-TvZj5c-OWXEXe-UbuQg{color:rgb(246,174,169)}.jR8x9d .NGdKgb .VfPpkd-fmcmS-yrriRe.VfPpkd-fmcmS-yrriRe-OWXEXe-UJflGc:not(.VfPpkd-fmcmS-yrriRe-OWXEXe-OWB6Me):not(.VfPpkd-fmcmS-yrriRe-OWXEXe-XpnDCe):hover .VfPpkd-NSFCdd-i5vt6e .VfPpkd-NSFCdd-Brv4Fb,.jR8x9d .NGdKgb .VfPpkd-fmcmS-yrriRe.VfPpkd-fmcmS-yrriRe-OWXEXe-UJflGc:not(.VfPpkd-fmcmS-yrriRe-OWXEXe-OWB6Me):not(.VfPpkd-fmcmS-yrriRe-OWXEXe-XpnDCe):hover .VfPpkd-NSFCdd-i5vt6e .VfPpkd-NSFCdd-Ra9xwd,.jR8x9d .NGdKgb .VfPpkd-fmcmS-yrriRe.VfPpkd-fmcmS-yrriRe-OWXEXe-UJflGc:not(.VfPpkd-fmcmS-yrriRe-OWXEXe-OWB6Me):not(.VfPpkd-fmcmS-yrriRe-OWXEXe-XpnDCe):hover .VfPpkd-NSFCdd-i5vt6e .VfPpkd-NSFCdd-MpmGFe{border-color:rgb(246,174,169)}.jR8x9d .NGdKgb .VfPpkd-fmcmS-yrriRe.VfPpkd-fmcmS-yrriRe-OWXEXe-UJflGc:not(.VfPpkd-fmcmS-yrriRe-OWXEXe-OWB6Me) .VfPpkd-NSFCdd-Brv4Fb,.jR8x9d .NGdKgb .VfPpkd-fmcmS-yrriRe.VfPpkd-fmcmS-yrriRe-OWXEXe-UJflGc:not(.VfPpkd-fmcmS-yrriRe-OWXEXe-OWB6Me) .VfPpkd-NSFCdd-Ra9xwd,.jR8x9d .NGdKgb .VfPpkd-fmcmS-yrriRe.VfPpkd-fmcmS-yrriRe-OWXEXe-UJflGc:not(.VfPpkd-fmcmS-yrriRe-OWXEXe-OWB6Me) .VfPpkd-NSFCdd-MpmGFe{border-color:rgb(242,139,130);border-color:var(--gm-outlinedtextfield-outline-color--error,rgb(242,139,130))}.jR8x9d .NGdKgb .VfPpkd-fmcmS-yrriRe.VfPpkd-fmcmS-yrriRe-OWXEXe-UJflGc:not(.VfPpkd-fmcmS-yrriRe-OWXEXe-OWB6Me) .VfPpkd-fmcmS-TvZj5c-OWXEXe-UbuQg{color:rgb(242,139,130);color:var(--gm-outlinedtextfield-icon-color--error,rgb(242,139,130))}.jR8x9d .NGdKgb .VfPpkd-fmcmS-yrriRe.VfPpkd-fmcmS-yrriRe-OWXEXe-UJflGc.VfPpkd-fmcmS-yrriRe-OWXEXe-XpnDCe:not(.VfPpkd-fmcmS-yrriRe-OWXEXe-OWB6Me) .VfPpkd-NSFCdd-Brv4Fb,.jR8x9d .NGdKgb .VfPpkd-fmcmS-yrriRe.VfPpkd-fmcmS-yrriRe-OWXEXe-UJflGc.VfPpkd-fmcmS-yrriRe-OWXEXe-XpnDCe:not(.VfPpkd-fmcmS-yrriRe-OWXEXe-OWB6Me) .VfPpkd-NSFCdd-Ra9xwd,.jR8x9d .NGdKgb .VfPpkd-fmcmS-yrriRe.VfPpkd-fmcmS-yrriRe-OWXEXe-UJflGc.VfPpkd-fmcmS-yrriRe-OWXEXe-XpnDCe:not(.VfPpkd-fmcmS-yrriRe-OWXEXe-OWB6Me) .VfPpkd-NSFCdd-MpmGFe{border-color:rgb(242,139,130);border-color:var(--gm-outlinedtextfield-outline-color--error-stateful,rgb(242,139,130))}.jR8x9d .NGdKgb .VfPpkd-fmcmS-yrriRe.VfPpkd-fmcmS-yrriRe-OWXEXe-XpnDCe .VfPpkd-NLUYnc-V67aGc{color:rgb(138,180,248);color:var(--gm-outlinedtextfield-label-color--stateful,rgb(138,180,248))}.jR8x9d .NGdKgb .VfPpkd-fmcmS-yrriRe.VfPpkd-fmcmS-yrriRe-OWXEXe-UJflGc:not(.VfPpkd-fmcmS-yrriRe-OWXEXe-OWB6Me) .VfPpkd-NLUYnc-V67aGc{color:rgb(242,139,130);color:var(--gm-outlinedtextfield-label-color--error,rgb(242,139,130))}.jR8x9d .NGdKgb .VfPpkd-xl07Ob-XxIAqe{box-shadow:0 2px 1px -1px rgba(0,0,0,.2),0 1px 1px 0 rgba(0,0,0,.14),0 1px 3px 0 rgba(0,0,0,.12);background-color:rgb(32,33,36);margin-bottom:8px}.jR8x9d .NGdKgb.UMrnmb-h0T7hb-OWXEXe-di8rgd-V67aGc .VfPpkd-xl07Ob-XxIAqe,.jR8x9d .NGdKgb .VfPpkd-xl07Ob-XxIAqe-OWXEXe-uxVfW-FNFY6c-uFfGwd{margin-bottom:0}.jR8x9d .NGdKgb .VfPpkd-StrnGf-rymPhb{font-family:Roboto,Arial,sans-serif;line-height:1.5rem;font-size:1rem;letter-spacing:.00625em;font-weight:400;color:rgb(232,234,237);position:relative}.jR8x9d .NGdKgb .VfPpkd-StrnGf-rymPhb .VfPpkd-StrnGf-rymPhb-IhFlZd{color:rgb(154,160,166)}.jR8x9d .NGdKgb .VfPpkd-StrnGf-rymPhb .VfPpkd-StrnGf-rymPhb-ibnC6b-OWXEXe-OWB6Me .VfPpkd-StrnGf-rymPhb-b9t22c,.jR8x9d .NGdKgb .VfPpkd-StrnGf-rymPhb .VfPpkd-StrnGf-rymPhb-ibnC6b-OWXEXe-OWB6Me .VfPpkd-StrnGf-rymPhb-fpDzbe-fmcmS,.jR8x9d .NGdKgb .VfPpkd-StrnGf-rymPhb .VfPpkd-StrnGf-rymPhb-ibnC6b-OWXEXe-OWB6Me .VfPpkd-StrnGf-rymPhb-L8ivfd-fmcmS{color:rgb(232,234,237)}.jR8x9d .NGdKgb .VfPpkd-StrnGf-rymPhb .VfPpkd-StrnGf-rymPhb-ibnC6b-OWXEXe-OWB6Me .VfPpkd-StrnGf-rymPhb-b9t22c{opacity:.38}.jR8x9d .NGdKgb .VfPpkd-StrnGf-rymPhb .VfPpkd-StrnGf-rymPhb-ibnC6b-OWXEXe-gk6SMd,.jR8x9d .NGdKgb .VfPpkd-StrnGf-rymPhb .VfPpkd-StrnGf-rymPhb-ibnC6b-OWXEXe-pXU01b,.jR8x9d .NGdKgb .VfPpkd-StrnGf-rymPhb .VfPpkd-StrnGf-rymPhb-ibnC6b-OWXEXe-gk6SMd .VfPpkd-StrnGf-rymPhb-f7MjDc,.jR8x9d .NGdKgb .VfPpkd-StrnGf-rymPhb .VfPpkd-StrnGf-rymPhb-ibnC6b-OWXEXe-pXU01b .VfPpkd-StrnGf-rymPhb-f7MjDc{color:rgb(232,234,237)}.jR8x9d .NGdKgb .VfPpkd-StrnGf-rymPhb .VfPpkd-StrnGf-rymPhb-ibnC6b-OWXEXe-gk6SMd .VfPpkd-StrnGf-rymPhb-pZXsl::before{opacity:0}.jR8x9d .NGdKgb .VfPpkd-StrnGf-rymPhb .VfPpkd-StrnGf-rymPhb-ibnC6b.VfPpkd-StrnGf-rymPhb-ibnC6b-OWXEXe-gk6SMd{background-color:rgba(138,180,248,.24)}.jR8x9d .NGdKgb .VfPpkd-StrnGf-rymPhb .VfPpkd-StrnGf-rymPhb-ibnC6b.VfPpkd-StrnGf-rymPhb-ibnC6b-OWXEXe-gk6SMd .VfPpkd-StrnGf-rymPhb-pZXsl::before,.jR8x9d .NGdKgb .VfPpkd-StrnGf-rymPhb .VfPpkd-StrnGf-rymPhb-ibnC6b.VfPpkd-StrnGf-rymPhb-ibnC6b-OWXEXe-gk6SMd .VfPpkd-StrnGf-rymPhb-pZXsl::after{background-color:rgb(138,180,248);background-color:var(--mdc-ripple-color,rgb(138,180,248))}.jR8x9d .NGdKgb .VfPpkd-StrnGf-rymPhb .VfPpkd-StrnGf-rymPhb-ibnC6b.VfPpkd-StrnGf-rymPhb-ibnC6b-OWXEXe-gk6SMd:hover .VfPpkd-StrnGf-rymPhb-pZXsl::before,.jR8x9d .NGdKgb .VfPpkd-StrnGf-rymPhb .VfPpkd-StrnGf-rymPhb-ibnC6b.VfPpkd-StrnGf-rymPhb-ibnC6b-OWXEXe-gk6SMd.VfPpkd-ksKsZd-XxIAqe-OWXEXe-ZmdkE .VfPpkd-StrnGf-rymPhb-pZXsl::before{opacity:.04;opacity:var(--mdc-ripple-hover-opacity,.04)}.jR8x9d .NGdKgb .VfPpkd-StrnGf-rymPhb .VfPpkd-StrnGf-rymPhb-ibnC6b.VfPpkd-StrnGf-rymPhb-ibnC6b-OWXEXe-gk6SMd.VfPpkd-ksKsZd-mWPk3d-OWXEXe-AHe6Kc-XpnDCe .VfPpkd-StrnGf-rymPhb-pZXsl::before,.jR8x9d .NGdKgb .VfPpkd-StrnGf-rymPhb .VfPpkd-StrnGf-rymPhb-ibnC6b.VfPpkd-StrnGf-rymPhb-ibnC6b-OWXEXe-gk6SMd:not(.VfPpkd-ksKsZd-mWPk3d):focus .VfPpkd-StrnGf-rymPhb-pZXsl::before{transition-duration:75ms;opacity:.12;opacity:var(--mdc-ripple-focus-opacity,.12)}.jR8x9d .NGdKgb .VfPpkd-StrnGf-rymPhb .VfPpkd-StrnGf-rymPhb-ibnC6b.VfPpkd-StrnGf-rymPhb-ibnC6b-OWXEXe-gk6SMd:not(.VfPpkd-ksKsZd-mWPk3d) .VfPpkd-StrnGf-rymPhb-pZXsl::after{transition:opacity .15s linear}.jR8x9d .NGdKgb .VfPpkd-StrnGf-rymPhb .VfPpkd-StrnGf-rymPhb-ibnC6b.VfPpkd-StrnGf-rymPhb-ibnC6b-OWXEXe-gk6SMd:not(.VfPpkd-ksKsZd-mWPk3d):active .VfPpkd-StrnGf-rymPhb-pZXsl::after{transition-duration:75ms;opacity:.1;opacity:var(--mdc-ripple-press-opacity,.1)}.jR8x9d .NGdKgb .VfPpkd-StrnGf-rymPhb .VfPpkd-StrnGf-rymPhb-ibnC6b.VfPpkd-StrnGf-rymPhb-ibnC6b-OWXEXe-gk6SMd.VfPpkd-ksKsZd-mWPk3d{--mdc-ripple-fg-opacity:var(--mdc-ripple-press-opacity,0.1)}.jR8x9d .NGdKgb .VfPpkd-StrnGf-rymPhb .VfPpkd-StrnGf-rymPhb-L8ivfd-fmcmS{color:rgb(154,160,166)}.jR8x9d .NGdKgb .VfPpkd-StrnGf-rymPhb .VfPpkd-StrnGf-rymPhb-clz4Ic{border-bottom-color:rgba(232,234,237,.12)}.jR8x9d .NGdKgb .VfPpkd-StrnGf-rymPhb .VfPpkd-StrnGf-rymPhb-f7MjDc{color:rgb(232,234,237)}.jR8x9d .NGdKgb .VfPpkd-StrnGf-rymPhb .VfPpkd-StrnGf-rymPhb-ibnC6b .VfPpkd-StrnGf-rymPhb-pZXsl::before,.jR8x9d .NGdKgb .VfPpkd-StrnGf-rymPhb .VfPpkd-StrnGf-rymPhb-ibnC6b .VfPpkd-StrnGf-rymPhb-pZXsl::after{background-color:rgb(232,234,237);background-color:var(--mdc-ripple-color,rgb(232,234,237))}.jR8x9d .NGdKgb .VfPpkd-StrnGf-rymPhb .VfPpkd-StrnGf-rymPhb-ibnC6b:hover .VfPpkd-StrnGf-rymPhb-pZXsl::before,.jR8x9d .NGdKgb .VfPpkd-StrnGf-rymPhb .VfPpkd-StrnGf-rymPhb-ibnC6b.VfPpkd-ksKsZd-XxIAqe-OWXEXe-ZmdkE .VfPpkd-StrnGf-rymPhb-pZXsl::before{opacity:.04;opacity:var(--mdc-ripple-hover-opacity,.04)}.jR8x9d .NGdKgb .VfPpkd-StrnGf-rymPhb .VfPpkd-StrnGf-rymPhb-ibnC6b.VfPpkd-ksKsZd-mWPk3d-OWXEXe-AHe6Kc-XpnDCe .VfPpkd-StrnGf-rymPhb-pZXsl::before,.jR8x9d .NGdKgb .VfPpkd-StrnGf-rymPhb .VfPpkd-StrnGf-rymPhb-ibnC6b:not(.VfPpkd-ksKsZd-mWPk3d):focus .VfPpkd-StrnGf-rymPhb-pZXsl::before{transition-duration:75ms;opacity:.12;opacity:var(--mdc-ripple-focus-opacity,.12)}.jR8x9d .NGdKgb .VfPpkd-StrnGf-rymPhb .VfPpkd-StrnGf-rymPhb-ibnC6b:not(.VfPpkd-ksKsZd-mWPk3d) .VfPpkd-StrnGf-rymPhb-pZXsl::after{transition:opacity .15s linear}.jR8x9d .NGdKgb .VfPpkd-StrnGf-rymPhb .VfPpkd-StrnGf-rymPhb-ibnC6b:not(.VfPpkd-ksKsZd-mWPk3d):active .VfPpkd-StrnGf-rymPhb-pZXsl::after{transition-duration:75ms;opacity:.1;opacity:var(--mdc-ripple-press-opacity,.1)}.jR8x9d .NGdKgb .VfPpkd-StrnGf-rymPhb .VfPpkd-StrnGf-rymPhb-ibnC6b.VfPpkd-ksKsZd-mWPk3d{--mdc-ripple-fg-opacity:var(--mdc-ripple-press-opacity,0.1)}}@media screen and (prefers-color-scheme:dark) and (-ms-high-contrast:active),screen and (prefers-color-scheme:dark) and (forced-colors:active){.jR8x9d .NGdKgb .VfPpkd-StrnGf-rymPhb .VfPpkd-StrnGf-rymPhb-ibnC6b-OWXEXe-OWB6Me .VfPpkd-StrnGf-rymPhb-b9t22c,.jR8x9d .NGdKgb .VfPpkd-StrnGf-rymPhb .VfPpkd-StrnGf-rymPhb-ibnC6b-OWXEXe-OWB6Me .VfPpkd-StrnGf-rymPhb-fpDzbe-fmcmS,.jR8x9d .NGdKgb .VfPpkd-StrnGf-rymPhb .VfPpkd-StrnGf-rymPhb-ibnC6b-OWXEXe-OWB6Me .VfPpkd-StrnGf-rymPhb-L8ivfd-fmcmS{color:GrayText}.jR8x9d .NGdKgb .VfPpkd-StrnGf-rymPhb .VfPpkd-StrnGf-rymPhb-ibnC6b-OWXEXe-OWB6Me .VfPpkd-StrnGf-rymPhb-b9t22c{opacity:1}}@media screen and (prefers-color-scheme:dark){.jR8x9d .NGdKgb .VfPpkd-StrnGf-rymPhb .VfPpkd-BFbNVe-bF1uUb{width:100%;height:100%;top:0;left:0}.jR8x9d .NGdKgb .VfPpkd-StrnGf-rymPhb .VfPpkd-BFbNVe-bF1uUb{opacity:.08}.jR8x9d .DUonjc{background-color:rgb(32,33,36);border-bottom-color:rgb(95,99,104)}.jR8x9d .DUonjc .VfPpkd-WLXbod{background-color:rgb(32,33,36)}.jR8x9d .DUonjc .VfPpkd-Rj7Y9b{color:rgb(232,234,237)}.jR8x9d .DUonjc .VfPpkd-WLXbod{border-bottom-color:rgb(95,99,104)}.jR8x9d .DUonjc .VfPpkd-r7nwK{color:rgb(32,33,36)}.jR8x9d .DUonjc .VfPpkd-r7nwK{background-color:rgb(138,180,248)}.jR8x9d .DUonjc .VfPpkd-LgbsSe:not(:disabled){background-color:transparent}.jR8x9d .DUonjc .VfPpkd-LgbsSe:not(:disabled){color:rgb(138,180,248);color:var(--gm-colortextbutton-ink-color,rgb(138,180,248))}.jR8x9d .DUonjc .VfPpkd-LgbsSe:disabled{color:rgba(232,234,237,.38);color:var(--gm-colortextbutton-disabled-ink-color,rgba(232,234,237,.38))}.jR8x9d .DUonjc .VfPpkd-LgbsSe .VfPpkd-UdE5de-uDEFge .VfPpkd-JGcpL-uI4vCe-LkdAo,.jR8x9d .DUonjc .VfPpkd-LgbsSe .VfPpkd-UdE5de-uDEFge .VfPpkd-JGcpL-IdXvz-LkdAo-Bd00G{stroke:rgb(138,180,248)}}@media screen and (prefers-color-scheme:dark) and (-ms-high-contrast:active),screen and (prefers-color-scheme:dark) and (forced-colors:active){.jR8x9d .DUonjc .VfPpkd-LgbsSe .VfPpkd-UdE5de-uDEFge .VfPpkd-JGcpL-uI4vCe-LkdAo,.jR8x9d .DUonjc .VfPpkd-LgbsSe .VfPpkd-UdE5de-uDEFge .VfPpkd-JGcpL-IdXvz-LkdAo-Bd00G{stroke:CanvasText}}@media screen and (prefers-color-scheme:dark){.jR8x9d .DUonjc .VfPpkd-LgbsSe:hover:not(:disabled),.jR8x9d .DUonjc .VfPpkd-LgbsSe.VfPpkd-ksKsZd-mWPk3d-OWXEXe-AHe6Kc-XpnDCe:not(:disabled),.jR8x9d .DUonjc .VfPpkd-LgbsSe:not(.VfPpkd-ksKsZd-mWPk3d):focus:not(:disabled),.jR8x9d .DUonjc .VfPpkd-LgbsSe:active:not(:disabled){color:rgb(174,203,250);color:var(--gm-colortextbutton-ink-color--stateful,rgb(174,203,250))}.jR8x9d .DUonjc .VfPpkd-LgbsSe .VfPpkd-Jh9lGc::before,.jR8x9d .DUonjc .VfPpkd-LgbsSe .VfPpkd-Jh9lGc::after{background-color:rgb(174,203,250);background-color:var(--gm-colortextbutton-state-color,rgb(174,203,250))}.jR8x9d .DUonjc .VfPpkd-LgbsSe:hover .VfPpkd-Jh9lGc::before,.jR8x9d .DUonjc .VfPpkd-LgbsSe.VfPpkd-ksKsZd-XxIAqe-OWXEXe-ZmdkE .VfPpkd-Jh9lGc::before{opacity:.04;opacity:var(--mdc-ripple-hover-opacity,.04)}.jR8x9d .DUonjc .VfPpkd-LgbsSe.VfPpkd-ksKsZd-mWPk3d-OWXEXe-AHe6Kc-XpnDCe .VfPpkd-Jh9lGc::before,.jR8x9d .DUonjc .VfPpkd-LgbsSe:not(.VfPpkd-ksKsZd-mWPk3d):focus .VfPpkd-Jh9lGc::before{transition-duration:75ms;opacity:.12;opacity:var(--mdc-ripple-focus-opacity,.12)}.jR8x9d .DUonjc .VfPpkd-LgbsSe:not(.VfPpkd-ksKsZd-mWPk3d) .VfPpkd-Jh9lGc::after{transition:opacity .15s linear}.jR8x9d .DUonjc .VfPpkd-LgbsSe:not(.VfPpkd-ksKsZd-mWPk3d):active .VfPpkd-Jh9lGc::after{transition-duration:75ms;opacity:.1;opacity:var(--mdc-ripple-press-opacity,.1)}.jR8x9d .DUonjc .VfPpkd-LgbsSe.VfPpkd-ksKsZd-mWPk3d{--mdc-ripple-fg-opacity:var(--mdc-ripple-press-opacity,0.1)}.jR8x9d .DUonjc .VfPpkd-LgbsSe:disabled:hover .VfPpkd-Jh9lGc::before,.jR8x9d .DUonjc .VfPpkd-LgbsSe:disabled.VfPpkd-ksKsZd-XxIAqe-OWXEXe-ZmdkE .VfPpkd-Jh9lGc::before{opacity:0;opacity:var(--mdc-ripple-hover-opacity,0)}.jR8x9d .DUonjc .VfPpkd-LgbsSe:disabled.VfPpkd-ksKsZd-mWPk3d-OWXEXe-AHe6Kc-XpnDCe .VfPpkd-Jh9lGc::before,.jR8x9d .DUonjc .VfPpkd-LgbsSe:disabled:not(.VfPpkd-ksKsZd-mWPk3d):focus .VfPpkd-Jh9lGc::before{transition-duration:75ms;opacity:0;opacity:var(--mdc-ripple-focus-opacity,0)}.jR8x9d .DUonjc .VfPpkd-LgbsSe:disabled:not(.VfPpkd-ksKsZd-mWPk3d) .VfPpkd-Jh9lGc::after{transition:opacity .15s linear}.jR8x9d .DUonjc .VfPpkd-LgbsSe:disabled:not(.VfPpkd-ksKsZd-mWPk3d):active .VfPpkd-Jh9lGc::after{transition-duration:75ms;opacity:0;opacity:var(--mdc-ripple-press-opacity,0)}.jR8x9d .DUonjc .VfPpkd-LgbsSe:disabled.VfPpkd-ksKsZd-mWPk3d{--mdc-ripple-fg-opacity:var(--mdc-ripple-press-opacity,0)}.jR8x9d .DUonjc .UMrnmb-jsLfKf-JIbuQc{margin-right:8px}.jR8x9d .AjY5Oe{font-family:"Google Sans",Roboto,Arial,sans-serif;font-size:.875rem;letter-spacing:.0107142857em;font-weight:500;text-transform:none;transition:border .28s cubic-bezier(.4,0,.2,1),box-shadow .28s cubic-bezier(.4,0,.2,1);box-shadow:none}.jR8x9d .AjY5Oe .VfPpkd-Jh9lGc{height:100%;position:absolute;overflow:hidden;width:100%;z-index:0}.jR8x9d .AjY5Oe:not(:disabled){background-color:rgb(138,180,248);background-color:var(--gm-fillbutton-container-color,rgb(138,180,248))}.jR8x9d .AjY5Oe:not(:disabled){color:rgb(32,33,36);color:var(--gm-fillbutton-ink-color,rgb(32,33,36))}.jR8x9d .AjY5Oe:disabled{background-color:rgba(232,234,237,.12);background-color:var(--gm-fillbutton-disabled-container-color,rgba(232,234,237,.12))}.jR8x9d .AjY5Oe:disabled{color:rgba(232,234,237,.38);color:var(--gm-fillbutton-disabled-ink-color,rgba(232,234,237,.38))}.jR8x9d .AjY5Oe .VfPpkd-Jh9lGc::before,.jR8x9d .AjY5Oe .VfPpkd-Jh9lGc::after{background-color:#fff;background-color:var(--gm-fillbutton-state-color,#fff)}.jR8x9d .AjY5Oe:hover .VfPpkd-Jh9lGc::before,.jR8x9d .AjY5Oe.VfPpkd-ksKsZd-XxIAqe-OWXEXe-ZmdkE .VfPpkd-Jh9lGc::before{opacity:.16;opacity:var(--mdc-ripple-hover-opacity,.16)}.jR8x9d .AjY5Oe.VfPpkd-ksKsZd-mWPk3d-OWXEXe-AHe6Kc-XpnDCe .VfPpkd-Jh9lGc::before,.jR8x9d .AjY5Oe:not(.VfPpkd-ksKsZd-mWPk3d):focus .VfPpkd-Jh9lGc::before{transition-duration:75ms;opacity:.24;opacity:var(--mdc-ripple-focus-opacity,.24)}.jR8x9d .AjY5Oe:not(.VfPpkd-ksKsZd-mWPk3d) .VfPpkd-Jh9lGc::after{transition:opacity .15s linear}.jR8x9d .AjY5Oe:not(.VfPpkd-ksKsZd-mWPk3d):active .VfPpkd-Jh9lGc::after{transition-duration:75ms;opacity:.2;opacity:var(--mdc-ripple-press-opacity,.2)}.jR8x9d .AjY5Oe.VfPpkd-ksKsZd-mWPk3d{--mdc-ripple-fg-opacity:var(--mdc-ripple-press-opacity,0.2)}.jR8x9d .AjY5Oe .VfPpkd-BFbNVe-bF1uUb{opacity:0}.jR8x9d .AjY5Oe .VfPpkd-UdE5de-uDEFge .VfPpkd-JGcpL-uI4vCe-LkdAo,.jR8x9d .AjY5Oe .VfPpkd-UdE5de-uDEFge .VfPpkd-JGcpL-IdXvz-LkdAo-Bd00G{stroke:rgb(32,33,36)}}@media screen and (prefers-color-scheme:dark) and (-ms-high-contrast:active),screen and (prefers-color-scheme:dark) and (forced-colors:active){.jR8x9d .AjY5Oe .VfPpkd-UdE5de-uDEFge .VfPpkd-JGcpL-uI4vCe-LkdAo,.jR8x9d .AjY5Oe .VfPpkd-UdE5de-uDEFge .VfPpkd-JGcpL-IdXvz-LkdAo-Bd00G{stroke:CanvasText}}@media screen and (prefers-color-scheme:dark){.jR8x9d .AjY5Oe:hover{box-shadow:0 1px 2px 0 rgba(0,0,0,.3),0 1px 3px 1px rgba(0,0,0,.15);box-shadow:0 1px 2px 0 var(--gm-fillbutton-keyshadow-color,rgba(0,0,0,.3)),0 1px 3px 1px var(--gm-fillbutton-ambientshadow-color,rgba(0,0,0,.15))}.jR8x9d .AjY5Oe:hover .VfPpkd-BFbNVe-bF1uUb{opacity:0}.jR8x9d .AjY5Oe:active{box-shadow:0 1px 2px 0 rgba(0,0,0,.3),0 2px 6px 2px rgba(0,0,0,.15);box-shadow:0 1px 2px 0 var(--gm-fillbutton-keyshadow-color,rgba(0,0,0,.3)),0 2px 6px 2px var(--gm-fillbutton-ambientshadow-color,rgba(0,0,0,.15))}.jR8x9d .AjY5Oe:active .VfPpkd-BFbNVe-bF1uUb{opacity:0}.jR8x9d .AjY5Oe:disabled{box-shadow:none}.jR8x9d .AjY5Oe:disabled:hover .VfPpkd-Jh9lGc::before,.jR8x9d .AjY5Oe:disabled.VfPpkd-ksKsZd-XxIAqe-OWXEXe-ZmdkE .VfPpkd-Jh9lGc::before{opacity:0;opacity:var(--mdc-ripple-hover-opacity,0)}.jR8x9d .AjY5Oe:disabled.VfPpkd-ksKsZd-mWPk3d-OWXEXe-AHe6Kc-XpnDCe .VfPpkd-Jh9lGc::before,.jR8x9d .AjY5Oe:disabled:not(.VfPpkd-ksKsZd-mWPk3d):focus .VfPpkd-Jh9lGc::before{transition-duration:75ms;opacity:0;opacity:var(--mdc-ripple-focus-opacity,0)}.jR8x9d .AjY5Oe:disabled:not(.VfPpkd-ksKsZd-mWPk3d) .VfPpkd-Jh9lGc::after{transition:opacity .15s linear}.jR8x9d .AjY5Oe:disabled:not(.VfPpkd-ksKsZd-mWPk3d):active .VfPpkd-Jh9lGc::after{transition-duration:75ms;opacity:0;opacity:var(--mdc-ripple-press-opacity,0)}.jR8x9d .AjY5Oe:disabled.VfPpkd-ksKsZd-mWPk3d{--mdc-ripple-fg-opacity:var(--mdc-ripple-press-opacity,0)}.jR8x9d .AjY5Oe:disabled .VfPpkd-BFbNVe-bF1uUb{opacity:0}.jR8x9d .OLiIxf{font-family:"Google Sans",Roboto,Arial,sans-serif;font-size:.875rem;letter-spacing:.0107142857em;font-weight:500;text-transform:none;transition:border .28s cubic-bezier(.4,0,.2,1),box-shadow .28s cubic-bezier(.4,0,.2,1);box-shadow:none}.jR8x9d .OLiIxf .VfPpkd-Jh9lGc{height:100%;position:absolute;overflow:hidden;width:100%;z-index:0}.jR8x9d .OLiIxf:not(:disabled){color:rgb(138,180,248);color:var(--gm-hairlinebutton-ink-color,rgb(138,180,248))}.jR8x9d .OLiIxf:not(:disabled){border-color:rgb(95,99,104);border-color:var(--gm-hairlinebutton-outline-color,rgb(95,99,104))}.jR8x9d .OLiIxf:not(:disabled):hover{border-color:rgb(95,99,104);border-color:var(--gm-hairlinebutton-outline-color,rgb(95,99,104))}.jR8x9d .OLiIxf:not(:disabled).VfPpkd-ksKsZd-mWPk3d-OWXEXe-AHe6Kc-XpnDCe,.jR8x9d .OLiIxf:not(:disabled):not(.VfPpkd-ksKsZd-mWPk3d):focus{border-color:rgb(174,203,250);border-color:var(--gm-hairlinebutton-outline-color--stateful,rgb(174,203,250))}.jR8x9d .OLiIxf:not(:disabled):active,.jR8x9d .OLiIxf:not(:disabled):focus:active{border-color:rgb(95,99,104);border-color:var(--gm-hairlinebutton-outline-color,rgb(95,99,104))}.jR8x9d .OLiIxf:disabled{color:rgba(232,234,237,.38);color:var(--gm-hairlinebutton-disabled-ink-color,rgba(232,234,237,.38))}.jR8x9d .OLiIxf:disabled{border-color:rgba(232,234,237,.12);border-color:var(--gm-hairlinebutton-disabled-outline-color,rgba(232,234,237,.12))}.jR8x9d .OLiIxf:hover:not(:disabled),.jR8x9d .OLiIxf.VfPpkd-ksKsZd-mWPk3d-OWXEXe-AHe6Kc-XpnDCe:not(:disabled),.jR8x9d .OLiIxf:not(.VfPpkd-ksKsZd-mWPk3d):focus:not(:disabled),.jR8x9d .OLiIxf:active:not(:disabled){color:rgb(174,203,250);color:var(--gm-hairlinebutton-ink-color--stateful,rgb(174,203,250))}.jR8x9d .OLiIxf .VfPpkd-BFbNVe-bF1uUb{opacity:0}.jR8x9d .OLiIxf .VfPpkd-UdE5de-uDEFge .VfPpkd-JGcpL-uI4vCe-LkdAo,.jR8x9d .OLiIxf .VfPpkd-UdE5de-uDEFge .VfPpkd-JGcpL-IdXvz-LkdAo-Bd00G{stroke:rgb(138,180,248)}}@media screen and (prefers-color-scheme:dark) and (-ms-high-contrast:active),screen and (prefers-color-scheme:dark) and (forced-colors:active){.jR8x9d .OLiIxf .VfPpkd-UdE5de-uDEFge .VfPpkd-JGcpL-uI4vCe-LkdAo,.jR8x9d .OLiIxf .VfPpkd-UdE5de-uDEFge .VfPpkd-JGcpL-IdXvz-LkdAo-Bd00G{stroke:CanvasText}}@media screen and (prefers-color-scheme:dark){.jR8x9d .OLiIxf .VfPpkd-Jh9lGc::before,.jR8x9d .OLiIxf .VfPpkd-Jh9lGc::after{background-color:rgb(138,180,248);background-color:var(--gm-hairlinebutton-state-color,rgb(138,180,248))}.jR8x9d .OLiIxf:hover .VfPpkd-Jh9lGc::before,.jR8x9d .OLiIxf.VfPpkd-ksKsZd-XxIAqe-OWXEXe-ZmdkE .VfPpkd-Jh9lGc::before{opacity:.04;opacity:var(--mdc-ripple-hover-opacity,.04)}.jR8x9d .OLiIxf.VfPpkd-ksKsZd-mWPk3d-OWXEXe-AHe6Kc-XpnDCe .VfPpkd-Jh9lGc::before,.jR8x9d .OLiIxf:not(.VfPpkd-ksKsZd-mWPk3d):focus .VfPpkd-Jh9lGc::before{transition-duration:75ms;opacity:.12;opacity:var(--mdc-ripple-focus-opacity,.12)}.jR8x9d .OLiIxf:not(.VfPpkd-ksKsZd-mWPk3d) .VfPpkd-Jh9lGc::after{transition:opacity .15s linear}.jR8x9d .OLiIxf:not(.VfPpkd-ksKsZd-mWPk3d):active .VfPpkd-Jh9lGc::after{transition-duration:75ms;opacity:.1;opacity:var(--mdc-ripple-press-opacity,.1)}.jR8x9d .OLiIxf.VfPpkd-ksKsZd-mWPk3d{--mdc-ripple-fg-opacity:var(--mdc-ripple-press-opacity,0.1)}.jR8x9d .OLiIxf:disabled:hover .VfPpkd-Jh9lGc::before,.jR8x9d .OLiIxf:disabled.VfPpkd-ksKsZd-XxIAqe-OWXEXe-ZmdkE .VfPpkd-Jh9lGc::before{opacity:0;opacity:var(--mdc-ripple-hover-opacity,0)}.jR8x9d .OLiIxf:disabled.VfPpkd-ksKsZd-mWPk3d-OWXEXe-AHe6Kc-XpnDCe .VfPpkd-Jh9lGc::before,.jR8x9d .OLiIxf:disabled:not(.VfPpkd-ksKsZd-mWPk3d):focus .VfPpkd-Jh9lGc::before{transition-duration:75ms;opacity:0;opacity:var(--mdc-ripple-focus-opacity,0)}.jR8x9d .OLiIxf:disabled:not(.VfPpkd-ksKsZd-mWPk3d) .VfPpkd-Jh9lGc::after{transition:opacity .15s linear}.jR8x9d .OLiIxf:disabled:not(.VfPpkd-ksKsZd-mWPk3d):active .VfPpkd-Jh9lGc::after{transition-duration:75ms;opacity:0;opacity:var(--mdc-ripple-press-opacity,0)}.jR8x9d .OLiIxf:disabled.VfPpkd-ksKsZd-mWPk3d{--mdc-ripple-fg-opacity:var(--mdc-ripple-press-opacity,0)}.jR8x9d .MQas1c{font-family:"Google Sans",Roboto,Arial,sans-serif;font-size:.875rem;letter-spacing:.0107142857em;font-weight:500;text-transform:none;transition:border .28s cubic-bezier(.4,0,.2,1),box-shadow .28s cubic-bezier(.4,0,.2,1);border-width:0;box-shadow:0 1px 2px 0 rgba(0,0,0,.3),0 1px 3px 1px rgba(0,0,0,.15);box-shadow:0 1px 2px 0 var(--gm-protectedbutton-keyshadow-color,rgba(0,0,0,.3)),0 1px 3px 1px var(--gm-protectedbutton-ambientshadow-color,rgba(0,0,0,.15))}.jR8x9d .MQas1c .VfPpkd-Jh9lGc{height:100%;position:absolute;overflow:hidden;width:100%;z-index:0}.jR8x9d .MQas1c:not(:disabled){background-color:rgb(32,33,36);background-color:var(--gm-protectedbutton-container-color,rgb(32,33,36))}.jR8x9d .MQas1c:not(:disabled){color:rgb(138,180,248);color:var(--gm-protectedbutton-ink-color,rgb(138,180,248))}.jR8x9d .MQas1c:disabled{background-color:rgba(232,234,237,.12);background-color:var(--gm-protectedbutton-disabled-container-color,rgba(232,234,237,.12))}.jR8x9d .MQas1c:disabled{color:rgba(232,234,237,.38);color:var(--gm-protectedbutton-disabled-ink-color,rgba(232,234,237,.38))}.jR8x9d .MQas1c:hover:not(:disabled),.jR8x9d .MQas1c.VfPpkd-ksKsZd-mWPk3d-OWXEXe-AHe6Kc-XpnDCe:not(:disabled),.jR8x9d .MQas1c:not(.VfPpkd-ksKsZd-mWPk3d):focus:not(:disabled),.jR8x9d .MQas1c:active:not(:disabled){color:rgb(174,203,250);color:var(--gm-protectedbutton-ink-color--stateful,rgb(174,203,250))}.jR8x9d .MQas1c .VfPpkd-BFbNVe-bF1uUb{opacity:.05}.jR8x9d .MQas1c .VfPpkd-UdE5de-uDEFge .VfPpkd-JGcpL-uI4vCe-LkdAo,.jR8x9d .MQas1c .VfPpkd-UdE5de-uDEFge .VfPpkd-JGcpL-IdXvz-LkdAo-Bd00G{stroke:rgb(138,180,248)}}@media screen and (prefers-color-scheme:dark) and (-ms-high-contrast:active),screen and (prefers-color-scheme:dark) and (forced-colors:active){.jR8x9d .MQas1c .VfPpkd-UdE5de-uDEFge .VfPpkd-JGcpL-uI4vCe-LkdAo,.jR8x9d .MQas1c .VfPpkd-UdE5de-uDEFge .VfPpkd-JGcpL-IdXvz-LkdAo-Bd00G{stroke:CanvasText}}@media screen and (prefers-color-scheme:dark){.jR8x9d .MQas1c.VfPpkd-ksKsZd-mWPk3d-OWXEXe-AHe6Kc-XpnDCe,.jR8x9d .MQas1c:not(.VfPpkd-ksKsZd-mWPk3d):focus{border-width:0;box-shadow:0 1px 2px 0 rgba(0,0,0,.3),0 1px 3px 1px rgba(0,0,0,.15);box-shadow:0 1px 2px 0 var(--gm-protectedbutton-keyshadow-color,rgba(0,0,0,.3)),0 1px 3px 1px var(--gm-protectedbutton-ambientshadow-color,rgba(0,0,0,.15))}.jR8x9d .MQas1c.VfPpkd-ksKsZd-mWPk3d-OWXEXe-AHe6Kc-XpnDCe .VfPpkd-BFbNVe-bF1uUb,.jR8x9d .MQas1c:not(.VfPpkd-ksKsZd-mWPk3d):focus .VfPpkd-BFbNVe-bF1uUb{opacity:.05}.jR8x9d .MQas1c:hover{border-width:0;box-shadow:0 1px 2px 0 rgba(0,0,0,.3),0 2px 6px 2px rgba(0,0,0,.15);box-shadow:0 1px 2px 0 var(--gm-protectedbutton-keyshadow-color,rgba(0,0,0,.3)),0 2px 6px 2px var(--gm-protectedbutton-ambientshadow-color,rgba(0,0,0,.15))}.jR8x9d .MQas1c:hover .VfPpkd-BFbNVe-bF1uUb{opacity:.08}.jR8x9d .MQas1c:not(:disabled):active{border-width:0;box-shadow:0 1px 3px 0 rgba(0,0,0,.3),0 4px 8px 3px rgba(0,0,0,.15);box-shadow:0 1px 3px 0 var(--gm-protectedbutton-keyshadow-color,rgba(0,0,0,.3)),0 4px 8px 3px var(--gm-protectedbutton-ambientshadow-color,rgba(0,0,0,.15))}.jR8x9d .MQas1c:not(:disabled):active .VfPpkd-BFbNVe-bF1uUb{opacity:.11}.jR8x9d .MQas1c .VfPpkd-Jh9lGc::before,.jR8x9d .MQas1c .VfPpkd-Jh9lGc::after{background-color:rgb(174,203,250);background-color:var(--gm-protectedbutton-state-color,rgb(174,203,250))}.jR8x9d .MQas1c:hover .VfPpkd-Jh9lGc::before,.jR8x9d .MQas1c.VfPpkd-ksKsZd-XxIAqe-OWXEXe-ZmdkE .VfPpkd-Jh9lGc::before{opacity:.04;opacity:var(--mdc-ripple-hover-opacity,.04)}.jR8x9d .MQas1c.VfPpkd-ksKsZd-mWPk3d-OWXEXe-AHe6Kc-XpnDCe .VfPpkd-Jh9lGc::before,.jR8x9d .MQas1c:not(.VfPpkd-ksKsZd-mWPk3d):focus .VfPpkd-Jh9lGc::before{transition-duration:75ms;opacity:.12;opacity:var(--mdc-ripple-focus-opacity,.12)}.jR8x9d .MQas1c:not(.VfPpkd-ksKsZd-mWPk3d) .VfPpkd-Jh9lGc::after{transition:opacity .15s linear}.jR8x9d .MQas1c:not(.VfPpkd-ksKsZd-mWPk3d):active .VfPpkd-Jh9lGc::after{transition-duration:75ms;opacity:.1;opacity:var(--mdc-ripple-press-opacity,.1)}.jR8x9d .MQas1c.VfPpkd-ksKsZd-mWPk3d{--mdc-ripple-fg-opacity:var(--mdc-ripple-press-opacity,0.1)}.jR8x9d .MQas1c:disabled{border-width:0;box-shadow:0 1px 2px 0 rgba(0,0,0,.3),0 1px 3px 1px rgba(0,0,0,.15);box-shadow:0 1px 2px 0 var(--gm-protectedbutton-keyshadow-color,rgba(0,0,0,.3)),0 1px 3px 1px var(--gm-protectedbutton-ambientshadow-color,rgba(0,0,0,.15))}.jR8x9d .MQas1c:disabled .VfPpkd-BFbNVe-bF1uUb{opacity:.05}.jR8x9d .MQas1c:disabled:hover .VfPpkd-Jh9lGc::before,.jR8x9d .MQas1c:disabled.VfPpkd-ksKsZd-XxIAqe-OWXEXe-ZmdkE .VfPpkd-Jh9lGc::before{opacity:0;opacity:var(--mdc-ripple-hover-opacity,0)}.jR8x9d .MQas1c:disabled.VfPpkd-ksKsZd-mWPk3d-OWXEXe-AHe6Kc-XpnDCe .VfPpkd-Jh9lGc::before,.jR8x9d .MQas1c:disabled:not(.VfPpkd-ksKsZd-mWPk3d):focus .VfPpkd-Jh9lGc::before{transition-duration:75ms;opacity:0;opacity:var(--mdc-ripple-focus-opacity,0)}.jR8x9d .MQas1c:disabled:not(.VfPpkd-ksKsZd-mWPk3d) .VfPpkd-Jh9lGc::after{transition:opacity .15s linear}.jR8x9d .MQas1c:disabled:not(.VfPpkd-ksKsZd-mWPk3d):active .VfPpkd-Jh9lGc::after{transition-duration:75ms;opacity:0;opacity:var(--mdc-ripple-press-opacity,0)}.jR8x9d .MQas1c:disabled.VfPpkd-ksKsZd-mWPk3d{--mdc-ripple-fg-opacity:var(--mdc-ripple-press-opacity,0)}.jR8x9d .C1Uh5b{font-family:"Google Sans",Roboto,Arial,sans-serif;font-size:.875rem;letter-spacing:.0107142857em;font-weight:500;text-transform:none;transition:border .28s cubic-bezier(.4,0,.2,1),box-shadow .28s cubic-bezier(.4,0,.2,1);box-shadow:none}.jR8x9d .C1Uh5b .VfPpkd-Jh9lGc{height:100%;position:absolute;overflow:hidden;width:100%;z-index:0}.jR8x9d .C1Uh5b:not(:disabled){background-color:rgba(138,180,248,.24)}.jR8x9d .C1Uh5b:not(:disabled){color:rgb(210,227,252)}.jR8x9d .C1Uh5b:disabled{background-color:rgba(232,234,237,.12)}.jR8x9d .C1Uh5b:disabled{color:rgba(232,234,237,.38)}.jR8x9d .C1Uh5b:hover:not(:disabled),.jR8x9d .C1Uh5b.VfPpkd-ksKsZd-mWPk3d-OWXEXe-AHe6Kc-XpnDCe:not(:disabled),.jR8x9d .C1Uh5b:not(.VfPpkd-ksKsZd-mWPk3d):focus:not(:disabled),.jR8x9d .C1Uh5b:active:not(:disabled){color:#fff}.jR8x9d .C1Uh5b .VfPpkd-Jh9lGc::before,.jR8x9d .C1Uh5b .VfPpkd-Jh9lGc::after{background-color:#fff;background-color:var(--mdc-ripple-color,#fff)}.jR8x9d .C1Uh5b:hover .VfPpkd-Jh9lGc::before,.jR8x9d .C1Uh5b.VfPpkd-ksKsZd-XxIAqe-OWXEXe-ZmdkE .VfPpkd-Jh9lGc::before{opacity:.04;opacity:var(--mdc-ripple-hover-opacity,.04)}.jR8x9d .C1Uh5b.VfPpkd-ksKsZd-mWPk3d-OWXEXe-AHe6Kc-XpnDCe .VfPpkd-Jh9lGc::before,.jR8x9d .C1Uh5b:not(.VfPpkd-ksKsZd-mWPk3d):focus .VfPpkd-Jh9lGc::before{transition-duration:75ms;opacity:.12;opacity:var(--mdc-ripple-focus-opacity,.12)}.jR8x9d .C1Uh5b:not(.VfPpkd-ksKsZd-mWPk3d) .VfPpkd-Jh9lGc::after{transition:opacity .15s linear}.jR8x9d .C1Uh5b:not(.VfPpkd-ksKsZd-mWPk3d):active .VfPpkd-Jh9lGc::after{transition-duration:75ms;opacity:.1;opacity:var(--mdc-ripple-press-opacity,.1)}.jR8x9d .C1Uh5b.VfPpkd-ksKsZd-mWPk3d{--mdc-ripple-fg-opacity:var(--mdc-ripple-press-opacity,0.1)}.jR8x9d .C1Uh5b .VfPpkd-BFbNVe-bF1uUb{opacity:0}.jR8x9d .C1Uh5b .VfPpkd-UdE5de-uDEFge .VfPpkd-JGcpL-uI4vCe-LkdAo,.jR8x9d .C1Uh5b .VfPpkd-UdE5de-uDEFge .VfPpkd-JGcpL-IdXvz-LkdAo-Bd00G{stroke:rgb(210,227,252)}}@media screen and (prefers-color-scheme:dark) and (-ms-high-contrast:active),screen and (prefers-color-scheme:dark) and (forced-colors:active){.jR8x9d .C1Uh5b .VfPpkd-UdE5de-uDEFge .VfPpkd-JGcpL-uI4vCe-LkdAo,.jR8x9d .C1Uh5b .VfPpkd-UdE5de-uDEFge .VfPpkd-JGcpL-IdXvz-LkdAo-Bd00G{stroke:CanvasText}}@media screen and (prefers-color-scheme:dark){.jR8x9d .C1Uh5b:hover{box-shadow:0 1px 2px 0 rgba(0,0,0,.3),0 1px 3px 1px rgba(0,0,0,.15)}.jR8x9d .C1Uh5b:hover .VfPpkd-BFbNVe-bF1uUb{opacity:0}.jR8x9d .C1Uh5b:not(:disabled):active{box-shadow:0 1px 2px 0 rgba(0,0,0,.3),0 2px 6px 2px rgba(0,0,0,.15)}.jR8x9d .C1Uh5b:not(:disabled):active .VfPpkd-BFbNVe-bF1uUb{opacity:0}.jR8x9d .C1Uh5b:disabled{box-shadow:none}.jR8x9d .C1Uh5b:disabled .VfPpkd-BFbNVe-bF1uUb{opacity:0}.jR8x9d .C1Uh5b:disabled:hover .VfPpkd-Jh9lGc::before,.jR8x9d .C1Uh5b:disabled.VfPpkd-ksKsZd-XxIAqe-OWXEXe-ZmdkE .VfPpkd-Jh9lGc::before{opacity:0;opacity:var(--mdc-ripple-hover-opacity,0)}.jR8x9d .C1Uh5b:disabled.VfPpkd-ksKsZd-mWPk3d-OWXEXe-AHe6Kc-XpnDCe .VfPpkd-Jh9lGc::before,.jR8x9d .C1Uh5b:disabled:not(.VfPpkd-ksKsZd-mWPk3d):focus .VfPpkd-Jh9lGc::before{transition-duration:75ms;opacity:0;opacity:var(--mdc-ripple-focus-opacity,0)}.jR8x9d .C1Uh5b:disabled:not(.VfPpkd-ksKsZd-mWPk3d) .VfPpkd-Jh9lGc::after{transition:opacity .15s linear}.jR8x9d .C1Uh5b:disabled:not(.VfPpkd-ksKsZd-mWPk3d):active .VfPpkd-Jh9lGc::after{transition-duration:75ms;opacity:0;opacity:var(--mdc-ripple-press-opacity,0)}.jR8x9d .C1Uh5b:disabled.VfPpkd-ksKsZd-mWPk3d{--mdc-ripple-fg-opacity:var(--mdc-ripple-press-opacity,0)}.jR8x9d .lKxP2d{font-family:"Google Sans",Roboto,Arial,sans-serif;font-size:.875rem;letter-spacing:.0107142857em;font-weight:500;text-transform:none}.jR8x9d .lKxP2d .VfPpkd-Jh9lGc{height:100%;position:absolute;overflow:hidden;width:100%;z-index:0}.jR8x9d .lKxP2d:not(:disabled){background-color:transparent}.jR8x9d .lKxP2d:not(:disabled){color:rgb(138,180,248);color:var(--gm-colortextbutton-ink-color,rgb(138,180,248))}.jR8x9d .lKxP2d:disabled{color:rgba(232,234,237,.38);color:var(--gm-colortextbutton-disabled-ink-color,rgba(232,234,237,.38))}.jR8x9d .lKxP2d .VfPpkd-UdE5de-uDEFge .VfPpkd-JGcpL-uI4vCe-LkdAo,.jR8x9d .lKxP2d .VfPpkd-UdE5de-uDEFge .VfPpkd-JGcpL-IdXvz-LkdAo-Bd00G{stroke:rgb(138,180,248)}}@media screen and (prefers-color-scheme:dark) and (-ms-high-contrast:active),screen and (prefers-color-scheme:dark) and (forced-colors:active){.jR8x9d .lKxP2d .VfPpkd-UdE5de-uDEFge .VfPpkd-JGcpL-uI4vCe-LkdAo,.jR8x9d .lKxP2d .VfPpkd-UdE5de-uDEFge .VfPpkd-JGcpL-IdXvz-LkdAo-Bd00G{stroke:CanvasText}}@media screen and (prefers-color-scheme:dark){.jR8x9d .lKxP2d:hover:not(:disabled),.jR8x9d .lKxP2d.VfPpkd-ksKsZd-mWPk3d-OWXEXe-AHe6Kc-XpnDCe:not(:disabled),.jR8x9d .lKxP2d:not(.VfPpkd-ksKsZd-mWPk3d):focus:not(:disabled),.jR8x9d .lKxP2d:active:not(:disabled){color:rgb(174,203,250);color:var(--gm-colortextbutton-ink-color--stateful,rgb(174,203,250))}.jR8x9d .lKxP2d .VfPpkd-Jh9lGc::before,.jR8x9d .lKxP2d .VfPpkd-Jh9lGc::after{background-color:rgb(174,203,250);background-color:var(--gm-colortextbutton-state-color,rgb(174,203,250))}.jR8x9d .lKxP2d:hover .VfPpkd-Jh9lGc::before,.jR8x9d .lKxP2d.VfPpkd-ksKsZd-XxIAqe-OWXEXe-ZmdkE .VfPpkd-Jh9lGc::before{opacity:.04;opacity:var(--mdc-ripple-hover-opacity,.04)}.jR8x9d .lKxP2d.VfPpkd-ksKsZd-mWPk3d-OWXEXe-AHe6Kc-XpnDCe .VfPpkd-Jh9lGc::before,.jR8x9d .lKxP2d:not(.VfPpkd-ksKsZd-mWPk3d):focus .VfPpkd-Jh9lGc::before{transition-duration:75ms;opacity:.12;opacity:var(--mdc-ripple-focus-opacity,.12)}.jR8x9d .lKxP2d:not(.VfPpkd-ksKsZd-mWPk3d) .VfPpkd-Jh9lGc::after{transition:opacity .15s linear}.jR8x9d .lKxP2d:not(.VfPpkd-ksKsZd-mWPk3d):active .VfPpkd-Jh9lGc::after{transition-duration:75ms;opacity:.1;opacity:var(--mdc-ripple-press-opacity,.1)}.jR8x9d .lKxP2d.VfPpkd-ksKsZd-mWPk3d{--mdc-ripple-fg-opacity:var(--mdc-ripple-press-opacity,0.1)}.jR8x9d .lKxP2d:disabled:hover .VfPpkd-Jh9lGc::before,.jR8x9d .lKxP2d:disabled.VfPpkd-ksKsZd-XxIAqe-OWXEXe-ZmdkE .VfPpkd-Jh9lGc::before{opacity:0;opacity:var(--mdc-ripple-hover-opacity,0)}.jR8x9d .lKxP2d:disabled.VfPpkd-ksKsZd-mWPk3d-OWXEXe-AHe6Kc-XpnDCe .VfPpkd-Jh9lGc::before,.jR8x9d .lKxP2d:disabled:not(.VfPpkd-ksKsZd-mWPk3d):focus .VfPpkd-Jh9lGc::before{transition-duration:75ms;opacity:0;opacity:var(--mdc-ripple-focus-opacity,0)}.jR8x9d .lKxP2d:disabled:not(.VfPpkd-ksKsZd-mWPk3d) .VfPpkd-Jh9lGc::after{transition:opacity .15s linear}.jR8x9d .lKxP2d:disabled:not(.VfPpkd-ksKsZd-mWPk3d):active .VfPpkd-Jh9lGc::after{transition-duration:75ms;opacity:0;opacity:var(--mdc-ripple-press-opacity,0)}.jR8x9d .lKxP2d:disabled.VfPpkd-ksKsZd-mWPk3d{--mdc-ripple-fg-opacity:var(--mdc-ripple-press-opacity,0)}.jR8x9d .XhPA0b{font-family:"Google Sans",Roboto,Arial,sans-serif;font-size:.875rem;letter-spacing:.0107142857em;font-weight:500;text-transform:none}.jR8x9d .XhPA0b .VfPpkd-Jh9lGc{height:100%;position:absolute;overflow:hidden;width:100%;z-index:0}.jR8x9d .XhPA0b:not(:disabled){color:rgb(232,234,237);color:var(--gm-neutraltextbutton-ink-color,rgb(232,234,237))}.jR8x9d .XhPA0b:disabled{color:rgba(232,234,237,.38);color:var(--gm-neutraltextbutton-disabled-ink-color,rgba(232,234,237,.38))}.jR8x9d .XhPA0b:hover:not(:disabled),.jR8x9d .XhPA0b.VfPpkd-ksKsZd-mWPk3d-OWXEXe-AHe6Kc-XpnDCe:not(:disabled),.jR8x9d .XhPA0b:not(.VfPpkd-ksKsZd-mWPk3d):focus:not(:disabled),.jR8x9d .XhPA0b:active:not(:disabled){color:rgb(248,249,250);color:var(--gm-neutraltextbutton-ink-color--stateful,rgb(248,249,250))}.jR8x9d .XhPA0b .VfPpkd-UdE5de-uDEFge .VfPpkd-JGcpL-uI4vCe-LkdAo,.jR8x9d .XhPA0b .VfPpkd-UdE5de-uDEFge .VfPpkd-JGcpL-IdXvz-LkdAo-Bd00G{stroke:rgb(232,234,237)}}@media screen and (prefers-color-scheme:dark) and (-ms-high-contrast:active),screen and (prefers-color-scheme:dark) and (forced-colors:active){.jR8x9d .XhPA0b .VfPpkd-UdE5de-uDEFge .VfPpkd-JGcpL-uI4vCe-LkdAo,.jR8x9d .XhPA0b .VfPpkd-UdE5de-uDEFge .VfPpkd-JGcpL-IdXvz-LkdAo-Bd00G{stroke:CanvasText}}@media screen and (prefers-color-scheme:dark){.jR8x9d .XhPA0b .VfPpkd-Jh9lGc::before,.jR8x9d .XhPA0b .VfPpkd-Jh9lGc::after{background-color:rgb(232,234,237);background-color:var(--gm-neutraltextbutton-state-color,rgb(232,234,237))}.jR8x9d .XhPA0b:hover .VfPpkd-Jh9lGc::before,.jR8x9d .XhPA0b.VfPpkd-ksKsZd-XxIAqe-OWXEXe-ZmdkE .VfPpkd-Jh9lGc::before{opacity:.04;opacity:var(--mdc-ripple-hover-opacity,.04)}.jR8x9d .XhPA0b.VfPpkd-ksKsZd-mWPk3d-OWXEXe-AHe6Kc-XpnDCe .VfPpkd-Jh9lGc::before,.jR8x9d .XhPA0b:not(.VfPpkd-ksKsZd-mWPk3d):focus .VfPpkd-Jh9lGc::before{transition-duration:75ms;opacity:.12;opacity:var(--mdc-ripple-focus-opacity,.12)}.jR8x9d .XhPA0b:not(.VfPpkd-ksKsZd-mWPk3d) .VfPpkd-Jh9lGc::after{transition:opacity .15s linear}.jR8x9d .XhPA0b:not(.VfPpkd-ksKsZd-mWPk3d):active .VfPpkd-Jh9lGc::after{transition-duration:75ms;opacity:.1;opacity:var(--mdc-ripple-press-opacity,.1)}.jR8x9d .XhPA0b.VfPpkd-ksKsZd-mWPk3d{--mdc-ripple-fg-opacity:var(--mdc-ripple-press-opacity,0.1)}.jR8x9d .XhPA0b:disabled:hover .VfPpkd-Jh9lGc::before,.jR8x9d .XhPA0b:disabled.VfPpkd-ksKsZd-XxIAqe-OWXEXe-ZmdkE .VfPpkd-Jh9lGc::before{opacity:0;opacity:var(--mdc-ripple-hover-opacity,0)}.jR8x9d .XhPA0b:disabled.VfPpkd-ksKsZd-mWPk3d-OWXEXe-AHe6Kc-XpnDCe .VfPpkd-Jh9lGc::before,.jR8x9d .XhPA0b:disabled:not(.VfPpkd-ksKsZd-mWPk3d):focus .VfPpkd-Jh9lGc::before{transition-duration:75ms;opacity:0;opacity:var(--mdc-ripple-focus-opacity,0)}.jR8x9d .XhPA0b:disabled:not(.VfPpkd-ksKsZd-mWPk3d) .VfPpkd-Jh9lGc::after{transition:opacity .15s linear}.jR8x9d .XhPA0b:disabled:not(.VfPpkd-ksKsZd-mWPk3d):active .VfPpkd-Jh9lGc::after{transition-duration:75ms;opacity:0;opacity:var(--mdc-ripple-press-opacity,0)}.jR8x9d .XhPA0b:disabled.VfPpkd-ksKsZd-mWPk3d{--mdc-ripple-fg-opacity:var(--mdc-ripple-press-opacity,0)}.jR8x9d .eT1oJ{z-index:0}.jR8x9d .eT1oJ .VfPpkd-Bz112c-Jh9lGc::before,.jR8x9d .eT1oJ .VfPpkd-Bz112c-Jh9lGc::after{z-index:-1}.jR8x9d .eT1oJ:disabled{color:rgba(232,234,237,.38);color:var(--gm-iconbutton-disabled-ink-color,rgba(232,234,237,.38))}.jR8x9d .eT1oJ .VfPpkd-Bz112c-Jh9lGc::before,.jR8x9d .eT1oJ .VfPpkd-Bz112c-Jh9lGc::after{background-color:rgb(232,234,237);background-color:var(--mdc-ripple-color,rgb(232,234,237))}.jR8x9d .eT1oJ:hover .VfPpkd-Bz112c-Jh9lGc::before,.jR8x9d .eT1oJ.VfPpkd-ksKsZd-XxIAqe-OWXEXe-ZmdkE .VfPpkd-Bz112c-Jh9lGc::before{opacity:.04;opacity:var(--mdc-ripple-hover-opacity,.04)}.jR8x9d .eT1oJ.VfPpkd-ksKsZd-mWPk3d-OWXEXe-AHe6Kc-XpnDCe .VfPpkd-Bz112c-Jh9lGc::before,.jR8x9d .eT1oJ:not(.VfPpkd-ksKsZd-mWPk3d):focus .VfPpkd-Bz112c-Jh9lGc::before{transition-duration:75ms;opacity:.12;opacity:var(--mdc-ripple-focus-opacity,.12)}.jR8x9d .eT1oJ:not(.VfPpkd-ksKsZd-mWPk3d) .VfPpkd-Bz112c-Jh9lGc::after{transition:opacity .15s linear}.jR8x9d .eT1oJ:not(.VfPpkd-ksKsZd-mWPk3d):active .VfPpkd-Bz112c-Jh9lGc::after{transition-duration:75ms;opacity:.1;opacity:var(--mdc-ripple-press-opacity,.1)}.jR8x9d .eT1oJ.VfPpkd-ksKsZd-mWPk3d{--mdc-ripple-fg-opacity:var(--mdc-ripple-press-opacity,0.1)}.jR8x9d .eT1oJ:disabled:hover .VfPpkd-Jh9lGc::before,.jR8x9d .eT1oJ:disabled.VfPpkd-ksKsZd-XxIAqe-OWXEXe-ZmdkE .VfPpkd-Jh9lGc::before{opacity:0;opacity:var(--mdc-ripple-hover-opacity,0)}.jR8x9d .eT1oJ:disabled.VfPpkd-ksKsZd-mWPk3d-OWXEXe-AHe6Kc-XpnDCe .VfPpkd-Jh9lGc::before,.jR8x9d .eT1oJ:disabled:not(.VfPpkd-ksKsZd-mWPk3d):focus .VfPpkd-Jh9lGc::before{transition-duration:75ms;opacity:0;opacity:var(--mdc-ripple-focus-opacity,0)}.jR8x9d .eT1oJ:disabled:not(.VfPpkd-ksKsZd-mWPk3d) .VfPpkd-Jh9lGc::after{transition:opacity .15s linear}.jR8x9d .eT1oJ:disabled:not(.VfPpkd-ksKsZd-mWPk3d):active .VfPpkd-Jh9lGc::after{transition-duration:75ms;opacity:0;opacity:var(--mdc-ripple-press-opacity,0)}.jR8x9d .eT1oJ:disabled.VfPpkd-ksKsZd-mWPk3d{--mdc-ripple-fg-opacity:var(--mdc-ripple-press-opacity,0)}.jR8x9d .tmJved{z-index:0}.jR8x9d .tmJved .VfPpkd-Bz112c-Jh9lGc::before,.jR8x9d .tmJved .VfPpkd-Bz112c-Jh9lGc::after{z-index:-1}.jR8x9d .tmJved:disabled{color:rgba(232,234,237,.38);color:var(--gm-iconbutton-disabled-ink-color,rgba(232,234,237,.38))}.jR8x9d .tmJved .VfPpkd-Bz112c-Jh9lGc::before,.jR8x9d .tmJved .VfPpkd-Bz112c-Jh9lGc::after{background-color:rgb(232,234,237);background-color:var(--mdc-ripple-color,rgb(232,234,237))}.jR8x9d .tmJved:hover .VfPpkd-Bz112c-Jh9lGc::before,.jR8x9d .tmJved.VfPpkd-ksKsZd-XxIAqe-OWXEXe-ZmdkE .VfPpkd-Bz112c-Jh9lGc::before{opacity:.04;opacity:var(--mdc-ripple-hover-opacity,.04)}.jR8x9d .tmJved.VfPpkd-ksKsZd-mWPk3d-OWXEXe-AHe6Kc-XpnDCe .VfPpkd-Bz112c-Jh9lGc::before,.jR8x9d .tmJved:not(.VfPpkd-ksKsZd-mWPk3d):focus .VfPpkd-Bz112c-Jh9lGc::before{transition-duration:75ms;opacity:.12;opacity:var(--mdc-ripple-focus-opacity,.12)}.jR8x9d .tmJved:not(.VfPpkd-ksKsZd-mWPk3d) .VfPpkd-Bz112c-Jh9lGc::after{transition:opacity .15s linear}.jR8x9d .tmJved:not(.VfPpkd-ksKsZd-mWPk3d):active .VfPpkd-Bz112c-Jh9lGc::after{transition-duration:75ms;opacity:.1;opacity:var(--mdc-ripple-press-opacity,.1)}.jR8x9d .tmJved.VfPpkd-ksKsZd-mWPk3d{--mdc-ripple-fg-opacity:var(--mdc-ripple-press-opacity,0.1)}.jR8x9d .tmJved:disabled:hover .VfPpkd-Jh9lGc::before,.jR8x9d .tmJved:disabled.VfPpkd-ksKsZd-XxIAqe-OWXEXe-ZmdkE .VfPpkd-Jh9lGc::before{opacity:0;opacity:var(--mdc-ripple-hover-opacity,0)}.jR8x9d .tmJved:disabled.VfPpkd-ksKsZd-mWPk3d-OWXEXe-AHe6Kc-XpnDCe .VfPpkd-Jh9lGc::before,.jR8x9d .tmJved:disabled:not(.VfPpkd-ksKsZd-mWPk3d):focus .VfPpkd-Jh9lGc::before{transition-duration:75ms;opacity:0;opacity:var(--mdc-ripple-focus-opacity,0)}.jR8x9d .tmJved:disabled:not(.VfPpkd-ksKsZd-mWPk3d) .VfPpkd-Jh9lGc::after{transition:opacity .15s linear}.jR8x9d .tmJved:disabled:not(.VfPpkd-ksKsZd-mWPk3d):active .VfPpkd-Jh9lGc::after{transition-duration:75ms;opacity:0;opacity:var(--mdc-ripple-press-opacity,0)}.jR8x9d .tmJved:disabled.VfPpkd-ksKsZd-mWPk3d{--mdc-ripple-fg-opacity:var(--mdc-ripple-press-opacity,0)}.jR8x9d .AaN0Dd{background-color:rgb(32,33,36);border:1px solid rgb(95,99,104);box-shadow:none}.jR8x9d .AaN0Dd .VfPpkd-BFbNVe-bF1uUb{opacity:0}.jR8x9d .AaN0Dd .VfPpkd-EScbFb-JIbuQc .VfPpkd-FJ5hab::before,.jR8x9d .AaN0Dd .VfPpkd-EScbFb-JIbuQc .VfPpkd-FJ5hab::after{background-color:rgb(232,234,237);background-color:var(--mdc-ripple-color,rgb(232,234,237))}.jR8x9d .AaN0Dd .VfPpkd-EScbFb-JIbuQc:hover .VfPpkd-FJ5hab::before,.jR8x9d .AaN0Dd .VfPpkd-EScbFb-JIbuQc.VfPpkd-ksKsZd-XxIAqe-OWXEXe-ZmdkE .VfPpkd-FJ5hab::before{opacity:.04;opacity:var(--mdc-ripple-hover-opacity,.04)}.jR8x9d .AaN0Dd .VfPpkd-EScbFb-JIbuQc.VfPpkd-ksKsZd-mWPk3d-OWXEXe-AHe6Kc-XpnDCe .VfPpkd-FJ5hab::before,.jR8x9d .AaN0Dd .VfPpkd-EScbFb-JIbuQc:not(.VfPpkd-ksKsZd-mWPk3d):focus .VfPpkd-FJ5hab::before{transition-duration:75ms;opacity:.12;opacity:var(--mdc-ripple-focus-opacity,.12)}.jR8x9d .AaN0Dd .VfPpkd-EScbFb-JIbuQc:not(.VfPpkd-ksKsZd-mWPk3d) .VfPpkd-FJ5hab::after{transition:opacity .15s linear}.jR8x9d .AaN0Dd .VfPpkd-EScbFb-JIbuQc:not(.VfPpkd-ksKsZd-mWPk3d):active .VfPpkd-FJ5hab::after{transition-duration:75ms;opacity:.1;opacity:var(--mdc-ripple-press-opacity,.1)}.jR8x9d .AaN0Dd .VfPpkd-EScbFb-JIbuQc.VfPpkd-ksKsZd-mWPk3d{--mdc-ripple-fg-opacity:var(--mdc-ripple-press-opacity,0.1)}.jR8x9d .AaN0Dd .VfPpkd-gBNGNe{z-index:1}.jR8x9d .BKdRne{background-color:rgb(32,33,36);border-width:0;box-shadow:0 1px 2px 0 rgba(0,0,0,.3),0 1px 3px 1px rgba(0,0,0,.15)}.jR8x9d .BKdRne .VfPpkd-BFbNVe-bF1uUb{opacity:.05}.jR8x9d .BKdRne .VfPpkd-EScbFb-JIbuQc .VfPpkd-FJ5hab::before,.jR8x9d .BKdRne .VfPpkd-EScbFb-JIbuQc .VfPpkd-FJ5hab::after{background-color:rgb(232,234,237);background-color:var(--mdc-ripple-color,rgb(232,234,237))}.jR8x9d .BKdRne .VfPpkd-EScbFb-JIbuQc:hover .VfPpkd-FJ5hab::before,.jR8x9d .BKdRne .VfPpkd-EScbFb-JIbuQc.VfPpkd-ksKsZd-XxIAqe-OWXEXe-ZmdkE .VfPpkd-FJ5hab::before{opacity:.04;opacity:var(--mdc-ripple-hover-opacity,.04)}.jR8x9d .BKdRne .VfPpkd-EScbFb-JIbuQc.VfPpkd-ksKsZd-mWPk3d-OWXEXe-AHe6Kc-XpnDCe .VfPpkd-FJ5hab::before,.jR8x9d .BKdRne .VfPpkd-EScbFb-JIbuQc:not(.VfPpkd-ksKsZd-mWPk3d):focus .VfPpkd-FJ5hab::before{transition-duration:75ms;opacity:.12;opacity:var(--mdc-ripple-focus-opacity,.12)}.jR8x9d .BKdRne .VfPpkd-EScbFb-JIbuQc:not(.VfPpkd-ksKsZd-mWPk3d) .VfPpkd-FJ5hab::after{transition:opacity .15s linear}.jR8x9d .BKdRne .VfPpkd-EScbFb-JIbuQc:not(.VfPpkd-ksKsZd-mWPk3d):active .VfPpkd-FJ5hab::after{transition-duration:75ms;opacity:.1;opacity:var(--mdc-ripple-press-opacity,.1)}.jR8x9d .BKdRne .VfPpkd-EScbFb-JIbuQc.VfPpkd-ksKsZd-mWPk3d{--mdc-ripple-fg-opacity:var(--mdc-ripple-press-opacity,0.1)}.jR8x9d .BKdRne .VfPpkd-gBNGNe{z-index:1}.jR8x9d .swXlm .VfPpkd-muHVFf-bMcfAe[disabled]:not(:checked):not(:indeterminate):not([data-indeterminate=true])~.VfPpkd-YQoJzd{border-color:rgba(232,234,237,.38);border-color:var(--mdc-checkbox-disabled-unselected-icon-color,rgba(232,234,237,.38));background-color:transparent}.jR8x9d .swXlm .VfPpkd-muHVFf-bMcfAe[disabled]:checked~.VfPpkd-YQoJzd,.jR8x9d .swXlm .VfPpkd-muHVFf-bMcfAe[disabled]:indeterminate~.VfPpkd-YQoJzd,.jR8x9d .swXlm .VfPpkd-muHVFf-bMcfAe[data-indeterminate=true][disabled]~.VfPpkd-YQoJzd{border-color:transparent;background-color:rgba(232,234,237,.38);background-color:var(--mdc-checkbox-disabled-selected-icon-color,rgba(232,234,237,.38))}.jR8x9d .swXlm .VfPpkd-muHVFf-bMcfAe:enabled~.VfPpkd-YQoJzd .VfPpkd-HUofsb{color:#202124;color:var(--mdc-checkbox-selected-checkmark-color,#202124)}.jR8x9d .swXlm .VfPpkd-muHVFf-bMcfAe:enabled~.VfPpkd-YQoJzd .VfPpkd-SJnn3d{border-color:#202124;border-color:var(--mdc-checkbox-selected-checkmark-color,#202124)}.jR8x9d .swXlm .VfPpkd-muHVFf-bMcfAe:disabled~.VfPpkd-YQoJzd .VfPpkd-HUofsb{color:#202124;color:var(--mdc-checkbox-disabled-selected-checkmark-color,#202124)}.jR8x9d .swXlm .VfPpkd-muHVFf-bMcfAe:disabled~.VfPpkd-YQoJzd .VfPpkd-SJnn3d{border-color:#202124;border-color:var(--mdc-checkbox-disabled-selected-checkmark-color,#202124)}.jR8x9d .swXlm .VfPpkd-muHVFf-bMcfAe:enabled:not(:checked):not(:indeterminate):not([data-indeterminate=true])~.VfPpkd-YQoJzd{border-color:#9aa0a6;border-color:var(--mdc-checkbox-unselected-icon-color,#9aa0a6);background-color:transparent}.jR8x9d .swXlm .VfPpkd-muHVFf-bMcfAe:enabled:checked~.VfPpkd-YQoJzd,.jR8x9d .swXlm .VfPpkd-muHVFf-bMcfAe:enabled:indeterminate~.VfPpkd-YQoJzd,.jR8x9d .swXlm .VfPpkd-muHVFf-bMcfAe[data-indeterminate=true]:enabled~.VfPpkd-YQoJzd{border-color:#8ab4f8;border-color:var(--mdc-checkbox-selected-icon-color,#8ab4f8);background-color:#8ab4f8;background-color:var(--mdc-checkbox-selected-icon-color,#8ab4f8)}@keyframes mdc-checkbox-fade-in-background-FF9AA0A6FF8AB4F800000000FF8AB4F8{0%{border-color:#9aa0a6;border-color:var(--mdc-checkbox-unselected-icon-color,#9aa0a6);background-color:transparent}50%{border-color:#8ab4f8;border-color:var(--mdc-checkbox-selected-icon-color,#8ab4f8);background-color:#8ab4f8;background-color:var(--mdc-checkbox-selected-icon-color,#8ab4f8)}}@keyframes mdc-checkbox-fade-out-background-FF9AA0A6FF8AB4F800000000FF8AB4F8{0%,80%{border-color:#8ab4f8;border-color:var(--mdc-checkbox-selected-icon-color,#8ab4f8);background-color:#8ab4f8;background-color:var(--mdc-checkbox-selected-icon-color,#8ab4f8)}100%{border-color:#9aa0a6;border-color:var(--mdc-checkbox-unselected-icon-color,#9aa0a6);background-color:transparent}}.jR8x9d .swXlm.VfPpkd-MPu53c-OWXEXe-vwu2ne-iAfbIe-barxie .VfPpkd-muHVFf-bMcfAe:enabled~.VfPpkd-YQoJzd,.jR8x9d .swXlm.VfPpkd-MPu53c-OWXEXe-vwu2ne-iAfbIe-A9y3zc .VfPpkd-muHVFf-bMcfAe:enabled~.VfPpkd-YQoJzd{animation-name:mdc-checkbox-fade-in-background-FF9AA0A6FF8AB4F800000000FF8AB4F8}.jR8x9d .swXlm.VfPpkd-MPu53c-OWXEXe-vwu2ne-barxie-iAfbIe .VfPpkd-muHVFf-bMcfAe:enabled~.VfPpkd-YQoJzd,.jR8x9d .swXlm.VfPpkd-MPu53c-OWXEXe-vwu2ne-A9y3zc-iAfbIe .VfPpkd-muHVFf-bMcfAe:enabled~.VfPpkd-YQoJzd{animation-name:mdc-checkbox-fade-out-background-FF9AA0A6FF8AB4F800000000FF8AB4F8}.jR8x9d .swXlm:hover .VfPpkd-muHVFf-bMcfAe:enabled:not(:checked):not(:indeterminate):not([data-indeterminate=true])~.VfPpkd-YQoJzd{border-color:#f8f9fa;border-color:var(--mdc-checkbox-unselected-hover-icon-color,#f8f9fa);background-color:transparent}.jR8x9d .swXlm:hover .VfPpkd-muHVFf-bMcfAe:enabled:checked~.VfPpkd-YQoJzd,.jR8x9d .swXlm:hover .VfPpkd-muHVFf-bMcfAe:enabled:indeterminate~.VfPpkd-YQoJzd,.jR8x9d .swXlm:hover .VfPpkd-muHVFf-bMcfAe[data-indeterminate=true]:enabled~.VfPpkd-YQoJzd{border-color:#aecbfa;border-color:var(--mdc-checkbox-selected-hover-icon-color,#aecbfa);background-color:#aecbfa;background-color:var(--mdc-checkbox-selected-hover-icon-color,#aecbfa)}.jR8x9d .swXlm:hover.VfPpkd-MPu53c-OWXEXe-vwu2ne-iAfbIe-barxie .VfPpkd-muHVFf-bMcfAe:enabled~.VfPpkd-YQoJzd,.jR8x9d .swXlm:hover.VfPpkd-MPu53c-OWXEXe-vwu2ne-iAfbIe-A9y3zc .VfPpkd-muHVFf-bMcfAe:enabled~.VfPpkd-YQoJzd{animation-name:mdc-checkbox-fade-in-background-FFF8F9FAFFAECBFA00000000FFAECBFA}.jR8x9d .swXlm:hover.VfPpkd-MPu53c-OWXEXe-vwu2ne-barxie-iAfbIe .VfPpkd-muHVFf-bMcfAe:enabled~.VfPpkd-YQoJzd,.jR8x9d .swXlm:hover.VfPpkd-MPu53c-OWXEXe-vwu2ne-A9y3zc-iAfbIe .VfPpkd-muHVFf-bMcfAe:enabled~.VfPpkd-YQoJzd{animation-name:mdc-checkbox-fade-out-background-FFF8F9FAFFAECBFA00000000FFAECBFA}.jR8x9d .swXlm.VfPpkd-ksKsZd-mWPk3d-OWXEXe-AHe6Kc-XpnDCe .VfPpkd-muHVFf-bMcfAe:enabled:not(:checked):not(:indeterminate):not([data-indeterminate=true])~.VfPpkd-YQoJzd,.jR8x9d .swXlm:not(.VfPpkd-ksKsZd-mWPk3d):focus .VfPpkd-muHVFf-bMcfAe:enabled:not(:checked):not(:indeterminate):not([data-indeterminate=true])~.VfPpkd-YQoJzd{border-color:#f8f9fa;border-color:var(--mdc-checkbox-unselected-focus-icon-color,#f8f9fa);background-color:transparent}.jR8x9d .swXlm.VfPpkd-ksKsZd-mWPk3d-OWXEXe-AHe6Kc-XpnDCe .VfPpkd-muHVFf-bMcfAe:enabled:checked~.VfPpkd-YQoJzd,.jR8x9d .swXlm.VfPpkd-ksKsZd-mWPk3d-OWXEXe-AHe6Kc-XpnDCe .VfPpkd-muHVFf-bMcfAe:enabled:indeterminate~.VfPpkd-YQoJzd,.jR8x9d .swXlm.VfPpkd-ksKsZd-mWPk3d-OWXEXe-AHe6Kc-XpnDCe .VfPpkd-muHVFf-bMcfAe[data-indeterminate=true]:enabled~.VfPpkd-YQoJzd,.jR8x9d .swXlm:not(.VfPpkd-ksKsZd-mWPk3d):focus .VfPpkd-muHVFf-bMcfAe:enabled:checked~.VfPpkd-YQoJzd,.jR8x9d .swXlm:not(.VfPpkd-ksKsZd-mWPk3d):focus .VfPpkd-muHVFf-bMcfAe:enabled:indeterminate~.VfPpkd-YQoJzd,.jR8x9d .swXlm:not(.VfPpkd-ksKsZd-mWPk3d):focus .VfPpkd-muHVFf-bMcfAe[data-indeterminate=true]:enabled~.VfPpkd-YQoJzd{border-color:#aecbfa;border-color:var(--mdc-checkbox-selected-focus-icon-color,#aecbfa);background-color:#aecbfa;background-color:var(--mdc-checkbox-selected-focus-icon-color,#aecbfa)}.jR8x9d .swXlm.VfPpkd-ksKsZd-mWPk3d-OWXEXe-AHe6Kc-XpnDCe.VfPpkd-MPu53c-OWXEXe-vwu2ne-iAfbIe-barxie .VfPpkd-muHVFf-bMcfAe:enabled~.VfPpkd-YQoJzd,.jR8x9d .swXlm.VfPpkd-ksKsZd-mWPk3d-OWXEXe-AHe6Kc-XpnDCe.VfPpkd-MPu53c-OWXEXe-vwu2ne-iAfbIe-A9y3zc .VfPpkd-muHVFf-bMcfAe:enabled~.VfPpkd-YQoJzd,.jR8x9d .swXlm:not(.VfPpkd-ksKsZd-mWPk3d):focus.VfPpkd-MPu53c-OWXEXe-vwu2ne-iAfbIe-barxie .VfPpkd-muHVFf-bMcfAe:enabled~.VfPpkd-YQoJzd,.jR8x9d .swXlm:not(.VfPpkd-ksKsZd-mWPk3d):focus.VfPpkd-MPu53c-OWXEXe-vwu2ne-iAfbIe-A9y3zc .VfPpkd-muHVFf-bMcfAe:enabled~.VfPpkd-YQoJzd{animation-name:mdc-checkbox-fade-in-background-FFF8F9FAFFAECBFA00000000FFAECBFA}.jR8x9d .swXlm.VfPpkd-ksKsZd-mWPk3d-OWXEXe-AHe6Kc-XpnDCe.VfPpkd-MPu53c-OWXEXe-vwu2ne-barxie-iAfbIe .VfPpkd-muHVFf-bMcfAe:enabled~.VfPpkd-YQoJzd,.jR8x9d .swXlm.VfPpkd-ksKsZd-mWPk3d-OWXEXe-AHe6Kc-XpnDCe.VfPpkd-MPu53c-OWXEXe-vwu2ne-A9y3zc-iAfbIe .VfPpkd-muHVFf-bMcfAe:enabled~.VfPpkd-YQoJzd,.jR8x9d .swXlm:not(.VfPpkd-ksKsZd-mWPk3d):focus.VfPpkd-MPu53c-OWXEXe-vwu2ne-barxie-iAfbIe .VfPpkd-muHVFf-bMcfAe:enabled~.VfPpkd-YQoJzd,.jR8x9d .swXlm:not(.VfPpkd-ksKsZd-mWPk3d):focus.VfPpkd-MPu53c-OWXEXe-vwu2ne-A9y3zc-iAfbIe .VfPpkd-muHVFf-bMcfAe:enabled~.VfPpkd-YQoJzd{animation-name:mdc-checkbox-fade-out-background-FFF8F9FAFFAECBFA00000000FFAECBFA}.jR8x9d .swXlm:not(:disabled):active .VfPpkd-muHVFf-bMcfAe:enabled:not(:checked):not(:indeterminate):not([data-indeterminate=true])~.VfPpkd-YQoJzd{border-color:#f8f9fa;border-color:var(--mdc-checkbox-unselected-pressed-icon-color,#f8f9fa);background-color:transparent}.jR8x9d .swXlm:not(:disabled):active .VfPpkd-muHVFf-bMcfAe:enabled:checked~.VfPpkd-YQoJzd,.jR8x9d .swXlm:not(:disabled):active .VfPpkd-muHVFf-bMcfAe:enabled:indeterminate~.VfPpkd-YQoJzd,.jR8x9d .swXlm:not(:disabled):active .VfPpkd-muHVFf-bMcfAe[data-indeterminate=true]:enabled~.VfPpkd-YQoJzd{border-color:#aecbfa;border-color:var(--mdc-checkbox-selected-pressed-icon-color,#aecbfa);background-color:#aecbfa;background-color:var(--mdc-checkbox-selected-pressed-icon-color,#aecbfa)}@keyframes mdc-checkbox-fade-in-background-FFF8F9FAFFAECBFA00000000FFAECBFA{0%{border-color:#f8f9fa;border-color:var(--mdc-checkbox-unselected-pressed-icon-color,#f8f9fa);background-color:transparent}50%{border-color:#aecbfa;border-color:var(--mdc-checkbox-selected-pressed-icon-color,#aecbfa);background-color:#aecbfa;background-color:var(--mdc-checkbox-selected-pressed-icon-color,#aecbfa)}}@keyframes mdc-checkbox-fade-out-background-FFF8F9FAFFAECBFA00000000FFAECBFA{0%,80%{border-color:#aecbfa;border-color:var(--mdc-checkbox-selected-pressed-icon-color,#aecbfa);background-color:#aecbfa;background-color:var(--mdc-checkbox-selected-pressed-icon-color,#aecbfa)}100%{border-color:#f8f9fa;border-color:var(--mdc-checkbox-unselected-pressed-icon-color,#f8f9fa);background-color:transparent}}.jR8x9d .swXlm:not(:disabled):active.VfPpkd-MPu53c-OWXEXe-vwu2ne-iAfbIe-barxie .VfPpkd-muHVFf-bMcfAe:enabled~.VfPpkd-YQoJzd,.jR8x9d .swXlm:not(:disabled):active.VfPpkd-MPu53c-OWXEXe-vwu2ne-iAfbIe-A9y3zc .VfPpkd-muHVFf-bMcfAe:enabled~.VfPpkd-YQoJzd{animation-name:mdc-checkbox-fade-in-background-FFF8F9FAFFAECBFA00000000FFAECBFA}.jR8x9d .swXlm:not(:disabled):active.VfPpkd-MPu53c-OWXEXe-vwu2ne-barxie-iAfbIe .VfPpkd-muHVFf-bMcfAe:enabled~.VfPpkd-YQoJzd,.jR8x9d .swXlm:not(:disabled):active.VfPpkd-MPu53c-OWXEXe-vwu2ne-A9y3zc-iAfbIe .VfPpkd-muHVFf-bMcfAe:enabled~.VfPpkd-YQoJzd{animation-name:mdc-checkbox-fade-out-background-FFF8F9FAFFAECBFA00000000FFAECBFA}.jR8x9d .swXlm .VfPpkd-OYHm6b::before,.jR8x9d .swXlm .VfPpkd-OYHm6b::after{background-color:#e8eaed;background-color:var(--mdc-checkbox-unselected-hover-state-layer-color,#e8eaed)}.jR8x9d .swXlm:hover .VfPpkd-OYHm6b::before,.jR8x9d .swXlm.VfPpkd-ksKsZd-XxIAqe-OWXEXe-ZmdkE .VfPpkd-OYHm6b::before{opacity:.04;opacity:var(--mdc-checkbox-unselected-hover-state-layer-opacity,.04)}.jR8x9d .swXlm.VfPpkd-ksKsZd-mWPk3d-OWXEXe-AHe6Kc-XpnDCe .VfPpkd-OYHm6b::before,.jR8x9d .swXlm:not(.VfPpkd-ksKsZd-mWPk3d):focus .VfPpkd-OYHm6b::before{transition-duration:75ms;opacity:.12;opacity:var(--mdc-checkbox-unselected-focus-state-layer-opacity,.12)}.jR8x9d .swXlm:not(.VfPpkd-ksKsZd-mWPk3d) .VfPpkd-OYHm6b::after{transition:opacity .15s linear}.jR8x9d .swXlm:not(.VfPpkd-ksKsZd-mWPk3d):active .VfPpkd-OYHm6b::after{transition-duration:75ms;opacity:.1;opacity:var(--mdc-checkbox-unselected-pressed-state-layer-opacity,.1)}.jR8x9d .swXlm.VfPpkd-ksKsZd-mWPk3d{--mdc-ripple-fg-opacity:var(--mdc-checkbox-unselected-pressed-state-layer-opacity,0.1)}.jR8x9d .swXlm .VfPpkd-OYHm6b::before{background-color:#e8eaed;background-color:var(--mdc-checkbox-unselected-hover-state-layer-color,#e8eaed)}.jR8x9d .swXlm .VfPpkd-OYHm6b::after{background-color:#8ab4f8;background-color:var(--mdc-checkbox-unselected-pressed-state-layer-color,#8ab4f8)}.jR8x9d .swXlm.VfPpkd-MPu53c-OWXEXe-gk6SMd .VfPpkd-OYHm6b::before,.jR8x9d .swXlm.VfPpkd-MPu53c-OWXEXe-gk6SMd .VfPpkd-OYHm6b::after{background-color:#8ab4f8;background-color:var(--mdc-checkbox-selected-hover-state-layer-color,#8ab4f8)}.jR8x9d .swXlm.VfPpkd-MPu53c-OWXEXe-gk6SMd:hover .VfPpkd-OYHm6b::before,.jR8x9d .swXlm.VfPpkd-MPu53c-OWXEXe-gk6SMd.VfPpkd-ksKsZd-XxIAqe-OWXEXe-ZmdkE .VfPpkd-OYHm6b::before{opacity:.04;opacity:var(--mdc-checkbox-selected-hover-state-layer-opacity,.04)}.jR8x9d .swXlm.VfPpkd-MPu53c-OWXEXe-gk6SMd.VfPpkd-ksKsZd-mWPk3d-OWXEXe-AHe6Kc-XpnDCe .VfPpkd-OYHm6b::before,.jR8x9d .swXlm.VfPpkd-MPu53c-OWXEXe-gk6SMd:not(.VfPpkd-ksKsZd-mWPk3d):focus .VfPpkd-OYHm6b::before{transition-duration:75ms;opacity:.12;opacity:var(--mdc-checkbox-selected-focus-state-layer-opacity,.12)}.jR8x9d .swXlm.VfPpkd-MPu53c-OWXEXe-gk6SMd:not(.VfPpkd-ksKsZd-mWPk3d) .VfPpkd-OYHm6b::after{transition:opacity .15s linear}.jR8x9d .swXlm.VfPpkd-MPu53c-OWXEXe-gk6SMd:not(.VfPpkd-ksKsZd-mWPk3d):active .VfPpkd-OYHm6b::after{transition-duration:75ms;opacity:.1;opacity:var(--mdc-checkbox-selected-pressed-state-layer-opacity,.1)}.jR8x9d .swXlm.VfPpkd-MPu53c-OWXEXe-gk6SMd.VfPpkd-ksKsZd-mWPk3d{--mdc-ripple-fg-opacity:var(--mdc-checkbox-selected-pressed-state-layer-opacity,0.1)}.jR8x9d .swXlm.VfPpkd-ksKsZd-mWPk3d-OWXEXe-AHe6Kc-XpnDCe.VfPpkd-MPu53c-OWXEXe-gk6SMd .VfPpkd-OYHm6b::before,.jR8x9d .swXlm.VfPpkd-ksKsZd-mWPk3d-OWXEXe-AHe6Kc-XpnDCe.VfPpkd-MPu53c-OWXEXe-gk6SMd .VfPpkd-OYHm6b::after{background-color:#8ab4f8;background-color:var(--mdc-checkbox-selected-hover-state-layer-color,#8ab4f8)}}@media screen and (prefers-color-scheme:dark) and (forced-colors:active){.jR8x9d .swXlm .VfPpkd-muHVFf-bMcfAe[disabled]:not(:checked):not(:indeterminate):not([data-indeterminate=true])~.VfPpkd-YQoJzd{border-color:GrayText;border-color:var(--mdc-checkbox-disabled-unselected-icon-color,GrayText);background-color:transparent}.jR8x9d .swXlm .VfPpkd-muHVFf-bMcfAe[disabled]:checked~.VfPpkd-YQoJzd,.jR8x9d .swXlm .VfPpkd-muHVFf-bMcfAe[disabled]:indeterminate~.VfPpkd-YQoJzd,.jR8x9d .swXlm .VfPpkd-muHVFf-bMcfAe[data-indeterminate=true][disabled]~.VfPpkd-YQoJzd{border-color:GrayText;background-color:GrayText;background-color:var(--mdc-checkbox-disabled-selected-icon-color,GrayText)}.jR8x9d .swXlm .VfPpkd-muHVFf-bMcfAe:enabled~.VfPpkd-YQoJzd .VfPpkd-HUofsb{color:ButtonText;color:var(--mdc-checkbox-selected-checkmark-color,ButtonText)}.jR8x9d .swXlm .VfPpkd-muHVFf-bMcfAe:enabled~.VfPpkd-YQoJzd .VfPpkd-SJnn3d{border-color:ButtonText;border-color:var(--mdc-checkbox-selected-checkmark-color,ButtonText)}.jR8x9d .swXlm .VfPpkd-muHVFf-bMcfAe:disabled~.VfPpkd-YQoJzd .VfPpkd-HUofsb{color:ButtonFace;color:var(--mdc-checkbox-disabled-selected-checkmark-color,ButtonFace)}.jR8x9d .swXlm .VfPpkd-muHVFf-bMcfAe:disabled~.VfPpkd-YQoJzd .VfPpkd-SJnn3d{border-color:ButtonFace;border-color:var(--mdc-checkbox-disabled-selected-checkmark-color,ButtonFace)}}@media screen and (prefers-color-scheme:dark){.jR8x9d .MhRzze{font-family:"Google Sans",Roboto,Arial,sans-serif;line-height:1.25rem;font-size:.875rem;letter-spacing:.0178571429em;font-weight:500;transition:box-shadow .28s cubic-bezier(.4,0,.2,1);z-index:0;color:rgb(154,160,166);color:var(--gm-chip-ink-color,rgb(154,160,166))}.jR8x9d .MhRzze.VfPpkd-XPtOyb-OWXEXe-SNIJTd{transition:box-shadow .28s cubic-bezier(.4,0,.2,1),opacity 75ms cubic-bezier(.4,0,.2,1),width .15s cubic-bezier(0,0,.2,1),padding .1s linear,margin .1s linear}.jR8x9d .MhRzze .VfPpkd-v1cqY::before,.jR8x9d .MhRzze .VfPpkd-v1cqY::after{z-index:-1}.jR8x9d .MhRzze .VfPpkd-Zr1Nwf-OWXEXe-M1Soyc{color:#9aa0a6}.jR8x9d .MhRzze .VfPpkd-StrnGf-XPtOyb-UbuQg-JIbuQc{color:rgb(154,160,166);color:var(--gm-chip-ink-color,rgb(154,160,166))}.jR8x9d .MhRzze .VfPpkd-Zr1Nwf-OWXEXe-UbuQg{color:#9aa0a6}.jR8x9d .MhRzze .VfPpkd-Zr1Nwf-OWXEXe-UbuQg:hover{color:#9aa0a6}.jR8x9d .MhRzze .VfPpkd-Zr1Nwf-OWXEXe-UbuQg:focus{color:#9aa0a6}.jR8x9d .MhRzze .VfPpkd-PvL5qd-Jt5cK{stroke:rgb(154,160,166);stroke:var(--gm-chip-ink-color,rgb(154,160,166))}.jR8x9d .MhRzze:hover,.jR8x9d .MhRzze.VfPpkd-ksKsZd-mWPk3d-OWXEXe-AHe6Kc-XpnDCe,.jR8x9d .MhRzze:not(.VfPpkd-ksKsZd-mWPk3d):focus,.jR8x9d .MhRzze:active{color:rgb(232,234,237);color:var(--gm-chip-ink-color--stateful,rgb(232,234,237))}.jR8x9d .MhRzze:hover .VfPpkd-Zr1Nwf-OWXEXe-M1Soyc,.jR8x9d .MhRzze.VfPpkd-ksKsZd-mWPk3d-OWXEXe-AHe6Kc-XpnDCe .VfPpkd-Zr1Nwf-OWXEXe-M1Soyc,.jR8x9d .MhRzze:not(.VfPpkd-ksKsZd-mWPk3d):focus .VfPpkd-Zr1Nwf-OWXEXe-M1Soyc,.jR8x9d .MhRzze:active .VfPpkd-Zr1Nwf-OWXEXe-M1Soyc{color:#e8eaed}.jR8x9d .MhRzze:hover .VfPpkd-StrnGf-XPtOyb-UbuQg-JIbuQc,.jR8x9d .MhRzze.VfPpkd-ksKsZd-mWPk3d-OWXEXe-AHe6Kc-XpnDCe .VfPpkd-StrnGf-XPtOyb-UbuQg-JIbuQc,.jR8x9d .MhRzze:not(.VfPpkd-ksKsZd-mWPk3d):focus .VfPpkd-StrnGf-XPtOyb-UbuQg-JIbuQc,.jR8x9d .MhRzze:active .VfPpkd-StrnGf-XPtOyb-UbuQg-JIbuQc{color:rgb(232,234,237);color:var(--gm-chip-ink-color--stateful,rgb(232,234,237))}.jR8x9d .MhRzze:hover .VfPpkd-Zr1Nwf-OWXEXe-UbuQg,.jR8x9d .MhRzze.VfPpkd-ksKsZd-mWPk3d-OWXEXe-AHe6Kc-XpnDCe .VfPpkd-Zr1Nwf-OWXEXe-UbuQg,.jR8x9d .MhRzze:not(.VfPpkd-ksKsZd-mWPk3d):focus .VfPpkd-Zr1Nwf-OWXEXe-UbuQg,.jR8x9d .MhRzze:active .VfPpkd-Zr1Nwf-OWXEXe-UbuQg{color:#e8eaed}.jR8x9d .MhRzze:hover .VfPpkd-Zr1Nwf-OWXEXe-UbuQg:hover,.jR8x9d .MhRzze.VfPpkd-ksKsZd-mWPk3d-OWXEXe-AHe6Kc-XpnDCe .VfPpkd-Zr1Nwf-OWXEXe-UbuQg:hover,.jR8x9d .MhRzze:not(.VfPpkd-ksKsZd-mWPk3d):focus .VfPpkd-Zr1Nwf-OWXEXe-UbuQg:hover,.jR8x9d .MhRzze:active .VfPpkd-Zr1Nwf-OWXEXe-UbuQg:hover{color:#e8eaed}.jR8x9d .MhRzze:hover .VfPpkd-Zr1Nwf-OWXEXe-UbuQg:focus,.jR8x9d .MhRzze.VfPpkd-ksKsZd-mWPk3d-OWXEXe-AHe6Kc-XpnDCe .VfPpkd-Zr1Nwf-OWXEXe-UbuQg:focus,.jR8x9d .MhRzze:not(.VfPpkd-ksKsZd-mWPk3d):focus .VfPpkd-Zr1Nwf-OWXEXe-UbuQg:focus,.jR8x9d .MhRzze:active .VfPpkd-Zr1Nwf-OWXEXe-UbuQg:focus{color:#e8eaed}.jR8x9d .MhRzze:hover .VfPpkd-PvL5qd-Jt5cK,.jR8x9d .MhRzze.VfPpkd-ksKsZd-mWPk3d-OWXEXe-AHe6Kc-XpnDCe .VfPpkd-PvL5qd-Jt5cK,.jR8x9d .MhRzze:not(.VfPpkd-ksKsZd-mWPk3d):focus .VfPpkd-PvL5qd-Jt5cK,.jR8x9d .MhRzze:active .VfPpkd-PvL5qd-Jt5cK{stroke:rgb(232,234,237);stroke:var(--gm-chip-ink-color--stateful,rgb(232,234,237))}.jR8x9d .MhRzze.ALA4kc.VfPpkd-XPtOyb-OWXEXe-gk6SMd{background-color:rgba(138,180,248,.24);background-color:var(--gm-chip-container-color,rgba(138,180,248,.24));color:rgb(210,227,252);color:var(--gm-chip-ink-color,rgb(210,227,252));border-color:transparent;border-color:var(--gm-chip-outline-color--stateful,transparent)}.jR8x9d .MhRzze.ALA4kc.VfPpkd-XPtOyb-OWXEXe-gk6SMd .VfPpkd-Zr1Nwf-OWXEXe-M1Soyc{color:#d2e3fc}.jR8x9d .MhRzze.ALA4kc.VfPpkd-XPtOyb-OWXEXe-gk6SMd .VfPpkd-StrnGf-XPtOyb-UbuQg-JIbuQc{color:rgb(210,227,252);color:var(--gm-chip-ink-color,rgb(210,227,252))}.jR8x9d .MhRzze.ALA4kc.VfPpkd-XPtOyb-OWXEXe-gk6SMd .VfPpkd-Zr1Nwf-OWXEXe-UbuQg{color:#d2e3fc}.jR8x9d .MhRzze.ALA4kc.VfPpkd-XPtOyb-OWXEXe-gk6SMd .VfPpkd-Zr1Nwf-OWXEXe-UbuQg:hover{color:#d2e3fc}.jR8x9d .MhRzze.ALA4kc.VfPpkd-XPtOyb-OWXEXe-gk6SMd .VfPpkd-Zr1Nwf-OWXEXe-UbuQg:focus{color:#d2e3fc}.jR8x9d .MhRzze.ALA4kc.VfPpkd-XPtOyb-OWXEXe-gk6SMd .VfPpkd-PvL5qd-Jt5cK{stroke:rgb(210,227,252);stroke:var(--gm-chip-ink-color,rgb(210,227,252))}.jR8x9d .MhRzze.ALA4kc.VfPpkd-XPtOyb-OWXEXe-gk6SMd:hover,.jR8x9d .MhRzze.ALA4kc.VfPpkd-XPtOyb-OWXEXe-gk6SMd.VfPpkd-ksKsZd-mWPk3d-OWXEXe-AHe6Kc-XpnDCe,.jR8x9d .MhRzze.ALA4kc.VfPpkd-XPtOyb-OWXEXe-gk6SMd:not(.VfPpkd-ksKsZd-mWPk3d):focus,.jR8x9d .MhRzze.ALA4kc.VfPpkd-XPtOyb-OWXEXe-gk6SMd:active{color:#fff;color:var(--gm-chip-ink-color--stateful,#fff)}.jR8x9d .MhRzze.ALA4kc.VfPpkd-XPtOyb-OWXEXe-gk6SMd:hover .VfPpkd-Zr1Nwf-OWXEXe-M1Soyc,.jR8x9d .MhRzze.ALA4kc.VfPpkd-XPtOyb-OWXEXe-gk6SMd.VfPpkd-ksKsZd-mWPk3d-OWXEXe-AHe6Kc-XpnDCe .VfPpkd-Zr1Nwf-OWXEXe-M1Soyc,.jR8x9d .MhRzze.ALA4kc.VfPpkd-XPtOyb-OWXEXe-gk6SMd:not(.VfPpkd-ksKsZd-mWPk3d):focus .VfPpkd-Zr1Nwf-OWXEXe-M1Soyc,.jR8x9d .MhRzze.ALA4kc.VfPpkd-XPtOyb-OWXEXe-gk6SMd:active .VfPpkd-Zr1Nwf-OWXEXe-M1Soyc{color:white}.jR8x9d .MhRzze.ALA4kc.VfPpkd-XPtOyb-OWXEXe-gk6SMd:hover .VfPpkd-StrnGf-XPtOyb-UbuQg-JIbuQc,.jR8x9d .MhRzze.ALA4kc.VfPpkd-XPtOyb-OWXEXe-gk6SMd.VfPpkd-ksKsZd-mWPk3d-OWXEXe-AHe6Kc-XpnDCe .VfPpkd-StrnGf-XPtOyb-UbuQg-JIbuQc,.jR8x9d .MhRzze.ALA4kc.VfPpkd-XPtOyb-OWXEXe-gk6SMd:not(.VfPpkd-ksKsZd-mWPk3d):focus .VfPpkd-StrnGf-XPtOyb-UbuQg-JIbuQc,.jR8x9d .MhRzze.ALA4kc.VfPpkd-XPtOyb-OWXEXe-gk6SMd:active .VfPpkd-StrnGf-XPtOyb-UbuQg-JIbuQc{color:#fff;color:var(--gm-chip-ink-color--stateful,#fff)}.jR8x9d .MhRzze.ALA4kc.VfPpkd-XPtOyb-OWXEXe-gk6SMd:hover .VfPpkd-Zr1Nwf-OWXEXe-UbuQg,.jR8x9d .MhRzze.ALA4kc.VfPpkd-XPtOyb-OWXEXe-gk6SMd.VfPpkd-ksKsZd-mWPk3d-OWXEXe-AHe6Kc-XpnDCe .VfPpkd-Zr1Nwf-OWXEXe-UbuQg,.jR8x9d .MhRzze.ALA4kc.VfPpkd-XPtOyb-OWXEXe-gk6SMd:not(.VfPpkd-ksKsZd-mWPk3d):focus .VfPpkd-Zr1Nwf-OWXEXe-UbuQg,.jR8x9d .MhRzze.ALA4kc.VfPpkd-XPtOyb-OWXEXe-gk6SMd:active .VfPpkd-Zr1Nwf-OWXEXe-UbuQg{color:white}.jR8x9d .MhRzze.ALA4kc.VfPpkd-XPtOyb-OWXEXe-gk6SMd:hover .VfPpkd-Zr1Nwf-OWXEXe-UbuQg:hover,.jR8x9d .MhRzze.ALA4kc.VfPpkd-XPtOyb-OWXEXe-gk6SMd.VfPpkd-ksKsZd-mWPk3d-OWXEXe-AHe6Kc-XpnDCe .VfPpkd-Zr1Nwf-OWXEXe-UbuQg:hover,.jR8x9d .MhRzze.ALA4kc.VfPpkd-XPtOyb-OWXEXe-gk6SMd:not(.VfPpkd-ksKsZd-mWPk3d):focus .VfPpkd-Zr1Nwf-OWXEXe-UbuQg:hover,.jR8x9d .MhRzze.ALA4kc.VfPpkd-XPtOyb-OWXEXe-gk6SMd:active .VfPpkd-Zr1Nwf-OWXEXe-UbuQg:hover{color:white}.jR8x9d .MhRzze.ALA4kc.VfPpkd-XPtOyb-OWXEXe-gk6SMd:hover .VfPpkd-Zr1Nwf-OWXEXe-UbuQg:focus,.jR8x9d .MhRzze.ALA4kc.VfPpkd-XPtOyb-OWXEXe-gk6SMd.VfPpkd-ksKsZd-mWPk3d-OWXEXe-AHe6Kc-XpnDCe .VfPpkd-Zr1Nwf-OWXEXe-UbuQg:focus,.jR8x9d .MhRzze.ALA4kc.VfPpkd-XPtOyb-OWXEXe-gk6SMd:not(.VfPpkd-ksKsZd-mWPk3d):focus .VfPpkd-Zr1Nwf-OWXEXe-UbuQg:focus,.jR8x9d .MhRzze.ALA4kc.VfPpkd-XPtOyb-OWXEXe-gk6SMd:active .VfPpkd-Zr1Nwf-OWXEXe-UbuQg:focus{color:white}.jR8x9d .MhRzze.ALA4kc.VfPpkd-XPtOyb-OWXEXe-gk6SMd:hover .VfPpkd-PvL5qd-Jt5cK,.jR8x9d .MhRzze.ALA4kc.VfPpkd-XPtOyb-OWXEXe-gk6SMd.VfPpkd-ksKsZd-mWPk3d-OWXEXe-AHe6Kc-XpnDCe .VfPpkd-PvL5qd-Jt5cK,.jR8x9d .MhRzze.ALA4kc.VfPpkd-XPtOyb-OWXEXe-gk6SMd:not(.VfPpkd-ksKsZd-mWPk3d):focus .VfPpkd-PvL5qd-Jt5cK,.jR8x9d .MhRzze.ALA4kc.VfPpkd-XPtOyb-OWXEXe-gk6SMd:active .VfPpkd-PvL5qd-Jt5cK{stroke:#fff;stroke:var(--gm-chip-ink-color--stateful,#fff)}.jR8x9d .MhRzze.ALA4kc.VfPpkd-XPtOyb-OWXEXe-gk6SMd .VfPpkd-BFbNVe-bF1uUb{opacity:0}.jR8x9d .MhRzze.ALA4kc.VfPpkd-XPtOyb-OWXEXe-gk6SMd .VfPpkd-v1cqY::before,.jR8x9d .MhRzze.ALA4kc.VfPpkd-XPtOyb-OWXEXe-gk6SMd .VfPpkd-v1cqY::after{background-color:rgb(210,227,252);background-color:var(--gm-chip-state-color,rgb(210,227,252))}.jR8x9d .MhRzze.ALA4kc.VfPpkd-XPtOyb-OWXEXe-gk6SMd:hover .VfPpkd-v1cqY::before,.jR8x9d .MhRzze.ALA4kc.VfPpkd-XPtOyb-OWXEXe-gk6SMd.VfPpkd-ksKsZd-XxIAqe-OWXEXe-ZmdkE .VfPpkd-v1cqY::before{opacity:.04;opacity:var(--mdc-ripple-hover-opacity,.04)}.jR8x9d .MhRzze.ALA4kc.VfPpkd-XPtOyb-OWXEXe-gk6SMd.VfPpkd-ksKsZd-mWPk3d-OWXEXe-AHe6Kc-XpnDCe .VfPpkd-v1cqY::before,.jR8x9d .MhRzze.ALA4kc.VfPpkd-XPtOyb-OWXEXe-gk6SMd:not(.VfPpkd-ksKsZd-mWPk3d):focus .VfPpkd-v1cqY::before{transition-duration:75ms;opacity:.12;opacity:var(--mdc-ripple-focus-opacity,.12)}.jR8x9d .MhRzze.ALA4kc.VfPpkd-XPtOyb-OWXEXe-gk6SMd:not(.VfPpkd-ksKsZd-mWPk3d) .VfPpkd-v1cqY::after{transition:opacity .15s linear}.jR8x9d .MhRzze.ALA4kc.VfPpkd-XPtOyb-OWXEXe-gk6SMd:not(.VfPpkd-ksKsZd-mWPk3d):active .VfPpkd-v1cqY::after{transition-duration:75ms;opacity:.1;opacity:var(--mdc-ripple-press-opacity,.1)}.jR8x9d .MhRzze.ALA4kc.VfPpkd-XPtOyb-OWXEXe-gk6SMd.VfPpkd-ksKsZd-mWPk3d{--mdc-ripple-fg-opacity:var(--mdc-ripple-press-opacity,0.1)}.jR8x9d .fNK4Mb{background-color:rgb(32,33,36);background-color:var(--gm-chip-container-color,rgb(32,33,36));padding-right:16px;padding-left:16px;border-width:0;box-shadow:0 1px 2px 0 rgba(0,0,0,.3),0 1px 3px 1px rgba(0,0,0,.15)}.jR8x9d .fNK4Mb .VfPpkd-v1cqY::before,.jR8x9d .fNK4Mb .VfPpkd-v1cqY::after{background-color:rgb(232,234,237);background-color:var(--gm-chip-state-color,rgb(232,234,237))}.jR8x9d .fNK4Mb:hover .VfPpkd-v1cqY::before,.jR8x9d .fNK4Mb.VfPpkd-ksKsZd-XxIAqe-OWXEXe-ZmdkE .VfPpkd-v1cqY::before{opacity:.04;opacity:var(--mdc-ripple-hover-opacity,.04)}.jR8x9d .fNK4Mb.VfPpkd-ksKsZd-mWPk3d-OWXEXe-AHe6Kc-XpnDCe .VfPpkd-v1cqY::before,.jR8x9d .fNK4Mb:not(.VfPpkd-ksKsZd-mWPk3d):focus .VfPpkd-v1cqY::before{transition-duration:75ms;opacity:.12;opacity:var(--mdc-ripple-focus-opacity,.12)}.jR8x9d .fNK4Mb:not(.VfPpkd-ksKsZd-mWPk3d) .VfPpkd-v1cqY::after{transition:opacity .15s linear}.jR8x9d .fNK4Mb:not(.VfPpkd-ksKsZd-mWPk3d):active .VfPpkd-v1cqY::after{transition-duration:75ms;opacity:.1;opacity:var(--mdc-ripple-press-opacity,.1)}.jR8x9d .fNK4Mb.VfPpkd-ksKsZd-mWPk3d{--mdc-ripple-fg-opacity:var(--mdc-ripple-press-opacity,0.1)}.jR8x9d .fNK4Mb .VfPpkd-BFbNVe-bF1uUb{opacity:.05}.jR8x9d .fNK4Mb:hover{border-width:0;box-shadow:0 1px 2px 0 rgba(0,0,0,.3),0 2px 6px 2px rgba(0,0,0,.15)}.jR8x9d .fNK4Mb:hover .VfPpkd-BFbNVe-bF1uUb{opacity:.08}.jR8x9d .fNK4Mb:active{border-width:0;box-shadow:0 1px 3px 0 rgba(0,0,0,.3),0 4px 8px 3px rgba(0,0,0,.15)}.jR8x9d .fNK4Mb:active .VfPpkd-BFbNVe-bF1uUb{opacity:.11}.jR8x9d .EuHQ0d{background-color:transparent;background-color:var(--gm-chip-container-color,transparent);border-style:solid;padding-right:15px;padding-left:15px;border-width:1px;border-color:rgb(95,99,104);border-color:var(--gm-chip-outline-color,rgb(95,99,104))}.jR8x9d .EuHQ0d .VfPpkd-v1cqY{top:-1px;left:-1px;border:1px solid transparent}.jR8x9d .EuHQ0d .VfPpkd-v1cqY::before,.jR8x9d .EuHQ0d .VfPpkd-v1cqY::after{background-color:rgb(232,234,237);background-color:var(--gm-chip-state-color,rgb(232,234,237))}.jR8x9d .EuHQ0d:hover .VfPpkd-v1cqY::before,.jR8x9d .EuHQ0d.VfPpkd-ksKsZd-XxIAqe-OWXEXe-ZmdkE .VfPpkd-v1cqY::before{opacity:.04;opacity:var(--mdc-ripple-hover-opacity,.04)}.jR8x9d .EuHQ0d.VfPpkd-ksKsZd-mWPk3d-OWXEXe-AHe6Kc-XpnDCe .VfPpkd-v1cqY::before,.jR8x9d .EuHQ0d:not(.VfPpkd-ksKsZd-mWPk3d):focus .VfPpkd-v1cqY::before{transition-duration:75ms;opacity:.12;opacity:var(--mdc-ripple-focus-opacity,.12)}.jR8x9d .EuHQ0d:not(.VfPpkd-ksKsZd-mWPk3d) .VfPpkd-v1cqY::after{transition:opacity .15s linear}.jR8x9d .EuHQ0d:not(.VfPpkd-ksKsZd-mWPk3d):active .VfPpkd-v1cqY::after{transition-duration:75ms;opacity:.1;opacity:var(--mdc-ripple-press-opacity,.1)}.jR8x9d .EuHQ0d.VfPpkd-ksKsZd-mWPk3d{--mdc-ripple-fg-opacity:var(--mdc-ripple-press-opacity,0.1)}.jR8x9d .EuHQ0d:focus,.jR8x9d .EuHQ0d.VfPpkd-XPtOyb-OWXEXe-ssJRIf-JIbuQc-XpnDCe{border-color:rgb(232,234,237);border-color:var(--gm-chip-outline-color--stateful,rgb(232,234,237))}.jR8x9d .EuHQ0d:active{box-shadow:none}.jR8x9d .EuHQ0d:active .VfPpkd-BFbNVe-bF1uUb{opacity:0}.jR8x9d .EuHQ0d.ALA4kc.VfPpkd-XPtOyb-OWXEXe-gk6SMd{padding-right:16px;padding-left:16px;border-width:0}.jR8x9d .EuHQ0d.ALA4kc.VfPpkd-XPtOyb-OWXEXe-gk6SMd .VfPpkd-v1cqY{top:0;left:0;border:0 solid transparent}.jR8x9d .EuHQ0d.ALA4kc.VfPpkd-XPtOyb-OWXEXe-gk6SMd:hover{box-shadow:0 1px 2px 0 rgba(0,0,0,.3),0 1px 3px 1px rgba(0,0,0,.15)}.jR8x9d .EuHQ0d.ALA4kc.VfPpkd-XPtOyb-OWXEXe-gk6SMd:hover .VfPpkd-BFbNVe-bF1uUb{opacity:0}.jR8x9d .EuHQ0d.ALA4kc.VfPpkd-XPtOyb-OWXEXe-gk6SMd:focus,.jR8x9d .EuHQ0d.ALA4kc.VfPpkd-XPtOyb-OWXEXe-gk6SMd.VfPpkd-XPtOyb-OWXEXe-ssJRIf-JIbuQc-XpnDCe{padding-right:15px;padding-left:15px;border-width:1px}.jR8x9d .EuHQ0d.ALA4kc.VfPpkd-XPtOyb-OWXEXe-gk6SMd:focus .VfPpkd-v1cqY,.jR8x9d .EuHQ0d.ALA4kc.VfPpkd-XPtOyb-OWXEXe-gk6SMd.VfPpkd-XPtOyb-OWXEXe-ssJRIf-JIbuQc-XpnDCe .VfPpkd-v1cqY{top:-1px;left:-1px;border:1px solid transparent}.jR8x9d .X4PEqe{color:rgb(232,234,237);color:var(--gm-chip-ink-color,rgb(232,234,237))}.jR8x9d .X4PEqe .VfPpkd-Zr1Nwf.VfPpkd-Zr1Nwf-OWXEXe-M1Soyc:not(.VfPpkd-Zr1Nwf-OWXEXe-M1Soyc-L6cTce){width:20px;height:20px;font-size:20px}.jR8x9d .X4PEqe.VfPpkd-XPtOyb-OWXEXe-gk6SMd .VfPpkd-PvL5qd,.jR8x9d .X4PEqe .VfPpkd-Zr1Nwf-OWXEXe-M1Soyc:not(.VfPpkd-Zr1Nwf-OWXEXe-M1Soyc-L6cTce){margin-left:-8px;margin-right:8px}[dir=rtl] .jR8x9d .X4PEqe.VfPpkd-XPtOyb-OWXEXe-gk6SMd .VfPpkd-PvL5qd,[dir=rtl] .jR8x9d .X4PEqe .VfPpkd-Zr1Nwf-OWXEXe-M1Soyc:not(.VfPpkd-Zr1Nwf-OWXEXe-M1Soyc-L6cTce),.jR8x9d .X4PEqe.VfPpkd-XPtOyb-OWXEXe-gk6SMd .VfPpkd-PvL5qd[dir=rtl],.jR8x9d .X4PEqe .VfPpkd-Zr1Nwf-OWXEXe-M1Soyc:not(.VfPpkd-Zr1Nwf-OWXEXe-M1Soyc-L6cTce)[dir=rtl]{margin-left:8px;margin-right:-8px}.jR8x9d .X4PEqe .VfPpkd-Zr1Nwf-OWXEXe-M1Soyc{color:#e8eaed}.jR8x9d .X4PEqe .VfPpkd-StrnGf-XPtOyb-UbuQg-JIbuQc{color:rgb(232,234,237);color:var(--gm-chip-ink-color,rgb(232,234,237))}.jR8x9d .X4PEqe .VfPpkd-Zr1Nwf-OWXEXe-UbuQg{color:#e8eaed}.jR8x9d .X4PEqe .VfPpkd-Zr1Nwf-OWXEXe-UbuQg:hover{color:#e8eaed}.jR8x9d .X4PEqe .VfPpkd-Zr1Nwf-OWXEXe-UbuQg:focus{color:#e8eaed}.jR8x9d .X4PEqe .VfPpkd-PvL5qd-Jt5cK{stroke:rgb(232,234,237);stroke:var(--gm-chip-ink-color,rgb(232,234,237))}.jR8x9d .X4PEqe:hover,.jR8x9d .X4PEqe.VfPpkd-ksKsZd-mWPk3d-OWXEXe-AHe6Kc-XpnDCe,.jR8x9d .X4PEqe:not(.VfPpkd-ksKsZd-mWPk3d):focus,.jR8x9d .X4PEqe:active{color:rgb(248,249,250);color:var(--gm-chip-ink-color--stateful,rgb(248,249,250))}.jR8x9d .X4PEqe:hover .VfPpkd-Zr1Nwf-OWXEXe-M1Soyc,.jR8x9d .X4PEqe.VfPpkd-ksKsZd-mWPk3d-OWXEXe-AHe6Kc-XpnDCe .VfPpkd-Zr1Nwf-OWXEXe-M1Soyc,.jR8x9d .X4PEqe:not(.VfPpkd-ksKsZd-mWPk3d):focus .VfPpkd-Zr1Nwf-OWXEXe-M1Soyc,.jR8x9d .X4PEqe:active .VfPpkd-Zr1Nwf-OWXEXe-M1Soyc{color:#f8f9fa}.jR8x9d .X4PEqe:hover .VfPpkd-StrnGf-XPtOyb-UbuQg-JIbuQc,.jR8x9d .X4PEqe.VfPpkd-ksKsZd-mWPk3d-OWXEXe-AHe6Kc-XpnDCe .VfPpkd-StrnGf-XPtOyb-UbuQg-JIbuQc,.jR8x9d .X4PEqe:not(.VfPpkd-ksKsZd-mWPk3d):focus .VfPpkd-StrnGf-XPtOyb-UbuQg-JIbuQc,.jR8x9d .X4PEqe:active .VfPpkd-StrnGf-XPtOyb-UbuQg-JIbuQc{color:rgb(248,249,250);color:var(--gm-chip-ink-color--stateful,rgb(248,249,250))}.jR8x9d .X4PEqe:hover .VfPpkd-Zr1Nwf-OWXEXe-UbuQg,.jR8x9d .X4PEqe.VfPpkd-ksKsZd-mWPk3d-OWXEXe-AHe6Kc-XpnDCe .VfPpkd-Zr1Nwf-OWXEXe-UbuQg,.jR8x9d .X4PEqe:not(.VfPpkd-ksKsZd-mWPk3d):focus .VfPpkd-Zr1Nwf-OWXEXe-UbuQg,.jR8x9d .X4PEqe:active .VfPpkd-Zr1Nwf-OWXEXe-UbuQg{color:#f8f9fa}.jR8x9d .X4PEqe:hover .VfPpkd-Zr1Nwf-OWXEXe-UbuQg:hover,.jR8x9d .X4PEqe.VfPpkd-ksKsZd-mWPk3d-OWXEXe-AHe6Kc-XpnDCe .VfPpkd-Zr1Nwf-OWXEXe-UbuQg:hover,.jR8x9d .X4PEqe:not(.VfPpkd-ksKsZd-mWPk3d):focus .VfPpkd-Zr1Nwf-OWXEXe-UbuQg:hover,.jR8x9d .X4PEqe:active .VfPpkd-Zr1Nwf-OWXEXe-UbuQg:hover{color:#f8f9fa}.jR8x9d .X4PEqe:hover .VfPpkd-Zr1Nwf-OWXEXe-UbuQg:focus,.jR8x9d .X4PEqe.VfPpkd-ksKsZd-mWPk3d-OWXEXe-AHe6Kc-XpnDCe .VfPpkd-Zr1Nwf-OWXEXe-UbuQg:focus,.jR8x9d .X4PEqe:not(.VfPpkd-ksKsZd-mWPk3d):focus .VfPpkd-Zr1Nwf-OWXEXe-UbuQg:focus,.jR8x9d .X4PEqe:active .VfPpkd-Zr1Nwf-OWXEXe-UbuQg:focus{color:#f8f9fa}.jR8x9d .X4PEqe:hover .VfPpkd-PvL5qd-Jt5cK,.jR8x9d .X4PEqe.VfPpkd-ksKsZd-mWPk3d-OWXEXe-AHe6Kc-XpnDCe .VfPpkd-PvL5qd-Jt5cK,.jR8x9d .X4PEqe:not(.VfPpkd-ksKsZd-mWPk3d):focus .VfPpkd-PvL5qd-Jt5cK,.jR8x9d .X4PEqe:active .VfPpkd-PvL5qd-Jt5cK{stroke:rgb(248,249,250);stroke:var(--gm-chip-ink-color--stateful,rgb(248,249,250))}.jR8x9d .Vo0FCd{font-family:Roboto,Arial,sans-serif;line-height:1.25rem;font-size:.875rem;letter-spacing:.0178571429em;font-weight:500;padding-right:11px;padding-left:11px;border-width:1px}.jR8x9d .Vo0FCd .VfPpkd-Zr1Nwf.VfPpkd-Zr1Nwf-OWXEXe-M1Soyc:not(.VfPpkd-Zr1Nwf-OWXEXe-M1Soyc-L6cTce){width:20px;height:20px;font-size:20px}.jR8x9d .Vo0FCd.VfPpkd-XPtOyb-OWXEXe-gk6SMd .VfPpkd-PvL5qd,.jR8x9d .Vo0FCd .VfPpkd-Zr1Nwf-OWXEXe-M1Soyc:not(.VfPpkd-Zr1Nwf-OWXEXe-M1Soyc-L6cTce){margin-left:-3px;margin-right:8px}[dir=rtl] .jR8x9d .Vo0FCd.VfPpkd-XPtOyb-OWXEXe-gk6SMd .VfPpkd-PvL5qd,[dir=rtl] .jR8x9d .Vo0FCd .VfPpkd-Zr1Nwf-OWXEXe-M1Soyc:not(.VfPpkd-Zr1Nwf-OWXEXe-M1Soyc-L6cTce),.jR8x9d .Vo0FCd.VfPpkd-XPtOyb-OWXEXe-gk6SMd .VfPpkd-PvL5qd[dir=rtl],.jR8x9d .Vo0FCd .VfPpkd-Zr1Nwf-OWXEXe-M1Soyc:not(.VfPpkd-Zr1Nwf-OWXEXe-M1Soyc-L6cTce)[dir=rtl]{margin-left:8px;margin-right:-3px}.jR8x9d .Vo0FCd .VfPpkd-StrnGf-XPtOyb-UbuQg-JIbuQc{margin-left:8px;margin-right:-7px}[dir=rtl] .jR8x9d .Vo0FCd .VfPpkd-StrnGf-XPtOyb-UbuQg-JIbuQc,.jR8x9d .Vo0FCd .VfPpkd-StrnGf-XPtOyb-UbuQg-JIbuQc[dir=rtl]{margin-left:-7px;margin-right:8px}.jR8x9d .Vo0FCd .VfPpkd-Zr1Nwf-OWXEXe-UbuQg{margin-left:8px;margin-right:-7px}[dir=rtl] .jR8x9d .Vo0FCd .VfPpkd-Zr1Nwf-OWXEXe-UbuQg,.jR8x9d .Vo0FCd .VfPpkd-Zr1Nwf-OWXEXe-UbuQg[dir=rtl]{margin-left:-7px;margin-right:8px}.jR8x9d .Vo0FCd .VfPpkd-v1cqY{top:-1px;left:-1px;border:1px solid transparent}.jR8x9d .Vo0FCd.ALA4kc.VfPpkd-XPtOyb-OWXEXe-gk6SMd{padding-right:11px;padding-left:11px;border-width:1px;border-color:transparent;border-color:var(--gm-chip-outline-color,transparent)}.jR8x9d .Vo0FCd.ALA4kc.VfPpkd-XPtOyb-OWXEXe-gk6SMd:focus,.jR8x9d .Vo0FCd.ALA4kc.VfPpkd-XPtOyb-OWXEXe-gk6SMd.VfPpkd-XPtOyb-OWXEXe-ssJRIf-JIbuQc-XpnDCe{padding-right:11px;padding-left:11px;border-width:1px}.jR8x9d .Vo0FCd.ALA4kc.VfPpkd-XPtOyb-OWXEXe-gk6SMd:focus .VfPpkd-v1cqY,.jR8x9d .Vo0FCd.ALA4kc.VfPpkd-XPtOyb-OWXEXe-gk6SMd.VfPpkd-XPtOyb-OWXEXe-ssJRIf-JIbuQc-XpnDCe .VfPpkd-v1cqY{top:-1px;left:-1px;border:1px solid transparent}.jR8x9d .Vo0FCd.ALA4kc.VfPpkd-XPtOyb-OWXEXe-gk6SMd .VfPpkd-v1cqY{top:-1px;left:-1px;border:1px solid transparent}.jR8x9d .Vo0FCd.ALA4kc.VfPpkd-XPtOyb-OWXEXe-gk6SMd:focus,.jR8x9d .Vo0FCd.ALA4kc.VfPpkd-XPtOyb-OWXEXe-gk6SMd.VfPpkd-XPtOyb-OWXEXe-ssJRIf-JIbuQc-XpnDCe{border-color:transparent;border-color:var(--gm-chip-outline-color--stateful,transparent)}.jR8x9d .UMrnmb-XPtOyb-OWXEXe-to915-Ia7Qfc .VfPpkd-rOvkhd-Zr1Nwf-OWXEXe-ssJRIf{color:rgb(154,160,166)}.jR8x9d .UMrnmb-XPtOyb-OWXEXe-to915-Ia7Qfc .VfPpkd-rOvkhd-jPmIDe-OWXEXe-ssJRIf:not(.VfPpkd-rOvkhd-jPmIDe-OWXEXe-SdanKc):hover .VfPpkd-rOvkhd-Zr1Nwf-OWXEXe-ssJRIf{color:rgb(232,234,237)}.jR8x9d .UMrnmb-XPtOyb-OWXEXe-to915-Ia7Qfc .VfPpkd-rOvkhd-jPmIDe-OWXEXe-ssJRIf:not(.VfPpkd-rOvkhd-jPmIDe-OWXEXe-SdanKc).VfPpkd-ksKsZd-mWPk3d-OWXEXe-AHe6Kc-XpnDCe .VfPpkd-rOvkhd-Zr1Nwf-OWXEXe-ssJRIf,.jR8x9d .UMrnmb-XPtOyb-OWXEXe-to915-Ia7Qfc .VfPpkd-rOvkhd-jPmIDe-OWXEXe-ssJRIf:not(.VfPpkd-rOvkhd-jPmIDe-OWXEXe-SdanKc):not(.VfPpkd-ksKsZd-mWPk3d):focus .VfPpkd-rOvkhd-Zr1Nwf-OWXEXe-ssJRIf{color:rgb(232,234,237)}.jR8x9d .UMrnmb-XPtOyb-OWXEXe-to915-Ia7Qfc.VfPpkd-rOvkhd-XPtOyb-OWXEXe-OWB6Me .VfPpkd-rOvkhd-Zr1Nwf-OWXEXe-ssJRIf{color:rgba(232,234,237,.38)}.jR8x9d .UMrnmb-XPtOyb-OWXEXe-to915-Ia7Qfc .VfPpkd-rOvkhd-TfeOUb-V67aGc{color:rgb(154,160,166)}.jR8x9d .UMrnmb-XPtOyb-OWXEXe-to915-Ia7Qfc .VfPpkd-rOvkhd-jPmIDe-OWXEXe-ssJRIf:not(.VfPpkd-rOvkhd-jPmIDe-OWXEXe-SdanKc):hover .VfPpkd-rOvkhd-TfeOUb-V67aGc{color:rgb(232,234,237)}.jR8x9d .UMrnmb-XPtOyb-OWXEXe-to915-Ia7Qfc .VfPpkd-rOvkhd-jPmIDe-OWXEXe-ssJRIf:not(.VfPpkd-rOvkhd-jPmIDe-OWXEXe-SdanKc).VfPpkd-ksKsZd-mWPk3d-OWXEXe-AHe6Kc-XpnDCe .VfPpkd-rOvkhd-TfeOUb-V67aGc,.jR8x9d .UMrnmb-XPtOyb-OWXEXe-to915-Ia7Qfc .VfPpkd-rOvkhd-jPmIDe-OWXEXe-ssJRIf:not(.VfPpkd-rOvkhd-jPmIDe-OWXEXe-SdanKc):not(.VfPpkd-ksKsZd-mWPk3d):focus .VfPpkd-rOvkhd-TfeOUb-V67aGc{color:rgb(232,234,237)}.jR8x9d .UMrnmb-XPtOyb-OWXEXe-to915-Ia7Qfc.VfPpkd-rOvkhd-XPtOyb-OWXEXe-OWB6Me .VfPpkd-rOvkhd-TfeOUb-V67aGc{color:rgba(232,234,237,.38)}.jR8x9d .UMrnmb-XPtOyb-OWXEXe-to915-Ia7Qfc .VfPpkd-rOvkhd-jPmIDe-OWXEXe-ssJRIf .VfPpkd-rOvkhd-v1cqY::before,.jR8x9d .UMrnmb-XPtOyb-OWXEXe-to915-Ia7Qfc .VfPpkd-rOvkhd-jPmIDe-OWXEXe-ssJRIf .VfPpkd-rOvkhd-v1cqY::after{background-color:rgb(232,234,237);background-color:var(--mdc-ripple-color,rgb(232,234,237))}.jR8x9d .UMrnmb-XPtOyb-OWXEXe-to915-Ia7Qfc .VfPpkd-rOvkhd-jPmIDe-OWXEXe-ssJRIf:hover .VfPpkd-rOvkhd-v1cqY::before,.jR8x9d .UMrnmb-XPtOyb-OWXEXe-to915-Ia7Qfc .VfPpkd-rOvkhd-jPmIDe-OWXEXe-ssJRIf.VfPpkd-ksKsZd-XxIAqe-OWXEXe-ZmdkE .VfPpkd-rOvkhd-v1cqY::before{opacity:.04;opacity:var(--mdc-ripple-hover-opacity,.04)}.jR8x9d .UMrnmb-XPtOyb-OWXEXe-to915-Ia7Qfc .VfPpkd-rOvkhd-jPmIDe-OWXEXe-ssJRIf.VfPpkd-ksKsZd-mWPk3d-OWXEXe-AHe6Kc-XpnDCe .VfPpkd-rOvkhd-v1cqY::before,.jR8x9d .UMrnmb-XPtOyb-OWXEXe-to915-Ia7Qfc .VfPpkd-rOvkhd-jPmIDe-OWXEXe-ssJRIf:not(.VfPpkd-ksKsZd-mWPk3d):focus .VfPpkd-rOvkhd-v1cqY::before{transition-duration:75ms;opacity:.12;opacity:var(--mdc-ripple-focus-opacity,.12)}.jR8x9d .UMrnmb-XPtOyb-OWXEXe-to915-Ia7Qfc .VfPpkd-rOvkhd-jPmIDe-OWXEXe-ssJRIf:not(.VfPpkd-ksKsZd-mWPk3d) .VfPpkd-rOvkhd-v1cqY::after{transition:opacity .15s linear}.jR8x9d .UMrnmb-XPtOyb-OWXEXe-to915-Ia7Qfc .VfPpkd-rOvkhd-jPmIDe-OWXEXe-ssJRIf:not(.VfPpkd-ksKsZd-mWPk3d):active .VfPpkd-rOvkhd-v1cqY::after{transition-duration:75ms;opacity:.1;opacity:var(--mdc-ripple-press-opacity,.1)}.jR8x9d .UMrnmb-XPtOyb-OWXEXe-to915-Ia7Qfc .VfPpkd-rOvkhd-jPmIDe-OWXEXe-ssJRIf.VfPpkd-ksKsZd-mWPk3d{--mdc-ripple-fg-opacity:var(--mdc-ripple-press-opacity,0.1)}.jR8x9d .UMrnmb-XPtOyb-OWXEXe-OmTp3c-to915-Ia7Qfc .VfPpkd-rOvkhd-Zr1Nwf-OWXEXe-ssJRIf{color:rgb(138,180,248)}.jR8x9d .UMrnmb-XPtOyb-OWXEXe-OmTp3c-to915-Ia7Qfc .VfPpkd-rOvkhd-jPmIDe-OWXEXe-ssJRIf:not(.VfPpkd-rOvkhd-jPmIDe-OWXEXe-SdanKc):hover .VfPpkd-rOvkhd-Zr1Nwf-OWXEXe-ssJRIf{color:rgb(138,180,248)}.jR8x9d .UMrnmb-XPtOyb-OWXEXe-OmTp3c-to915-Ia7Qfc .VfPpkd-rOvkhd-jPmIDe-OWXEXe-ssJRIf:not(.VfPpkd-rOvkhd-jPmIDe-OWXEXe-SdanKc).VfPpkd-ksKsZd-mWPk3d-OWXEXe-AHe6Kc-XpnDCe .VfPpkd-rOvkhd-Zr1Nwf-OWXEXe-ssJRIf,.jR8x9d .UMrnmb-XPtOyb-OWXEXe-OmTp3c-to915-Ia7Qfc .VfPpkd-rOvkhd-jPmIDe-OWXEXe-ssJRIf:not(.VfPpkd-rOvkhd-jPmIDe-OWXEXe-SdanKc):not(.VfPpkd-ksKsZd-mWPk3d):focus .VfPpkd-rOvkhd-Zr1Nwf-OWXEXe-ssJRIf{color:rgb(138,180,248)}.jR8x9d .UMrnmb-XPtOyb-OWXEXe-OmTp3c-to915-Ia7Qfc.VfPpkd-rOvkhd-XPtOyb-OWXEXe-OWB6Me .VfPpkd-rOvkhd-Zr1Nwf-OWXEXe-ssJRIf{color:rgba(232,234,237,.38)}.jR8x9d .UMrnmb-XPtOyb-OWXEXe-OmTp3c-to915-Ia7Qfc .VfPpkd-rOvkhd-TfeOUb-V67aGc{color:rgb(232,234,237)}.jR8x9d .UMrnmb-XPtOyb-OWXEXe-yOOK0-to915-Ia7Qfc.VfPpkd-rOvkhd-XPtOyb-OWXEXe-gk6SMd{background-color:rgba(138,180,248,.24)}.jR8x9d .UMrnmb-XPtOyb-OWXEXe-yOOK0-to915-Ia7Qfc.VfPpkd-rOvkhd-XPtOyb-OWXEXe-gk6SMd.VfPpkd-rOvkhd-XPtOyb-OWXEXe-OWB6Me{background-color:rgba(232,234,237,.12)}.jR8x9d .UMrnmb-XPtOyb-OWXEXe-yOOK0-to915-Ia7Qfc.VfPpkd-rOvkhd-XPtOyb-OWXEXe-gk6SMd .VfPpkd-rOvkhd-jPmIDe-OWXEXe-ssJRIf:before{border-color:transparent}}@media screen and (prefers-color-scheme:dark) and (forced-colors:active){.jR8x9d .UMrnmb-XPtOyb-OWXEXe-yOOK0-to915-Ia7Qfc.VfPpkd-rOvkhd-XPtOyb-OWXEXe-gk6SMd .VfPpkd-rOvkhd-jPmIDe-OWXEXe-ssJRIf:before{border-color:CanvasText}}@media screen and (prefers-color-scheme:dark){.jR8x9d .UMrnmb-XPtOyb-OWXEXe-yOOK0-to915-Ia7Qfc.VfPpkd-rOvkhd-XPtOyb-OWXEXe-gk6SMd .VfPpkd-rOvkhd-jPmIDe-OWXEXe-ssJRIf:not(.VfPpkd-rOvkhd-jPmIDe-OWXEXe-SdanKc).VfPpkd-ksKsZd-mWPk3d-OWXEXe-AHe6Kc-XpnDCe:before,.jR8x9d .UMrnmb-XPtOyb-OWXEXe-yOOK0-to915-Ia7Qfc.VfPpkd-rOvkhd-XPtOyb-OWXEXe-gk6SMd .VfPpkd-rOvkhd-jPmIDe-OWXEXe-ssJRIf:not(.VfPpkd-rOvkhd-jPmIDe-OWXEXe-SdanKc):not(.VfPpkd-ksKsZd-mWPk3d):focus:before{border-color:transparent}.jR8x9d .UMrnmb-XPtOyb-OWXEXe-yOOK0-to915-Ia7Qfc.VfPpkd-rOvkhd-XPtOyb-OWXEXe-gk6SMd.VfPpkd-rOvkhd-XPtOyb-OWXEXe-OWB6Me .VfPpkd-rOvkhd-jPmIDe-OWXEXe-ssJRIf:before{border-color:transparent}}@media screen and (prefers-color-scheme:dark) and (forced-colors:active){.jR8x9d .UMrnmb-XPtOyb-OWXEXe-yOOK0-to915-Ia7Qfc.VfPpkd-rOvkhd-XPtOyb-OWXEXe-gk6SMd.VfPpkd-rOvkhd-XPtOyb-OWXEXe-OWB6Me .VfPpkd-rOvkhd-jPmIDe-OWXEXe-ssJRIf:before{border-color:CanvasText}}@media screen and (prefers-color-scheme:dark){.jR8x9d .UMrnmb-XPtOyb-OWXEXe-yOOK0-to915-Ia7Qfc.VfPpkd-rOvkhd-XPtOyb-OWXEXe-gk6SMd .VfPpkd-rOvkhd-TfeOUb-V67aGc{color:rgb(210,227,252)}.jR8x9d .UMrnmb-XPtOyb-OWXEXe-yOOK0-to915-Ia7Qfc.VfPpkd-rOvkhd-XPtOyb-OWXEXe-gk6SMd .VfPpkd-rOvkhd-jPmIDe-OWXEXe-ssJRIf:not(.VfPpkd-rOvkhd-jPmIDe-OWXEXe-SdanKc):hover .VfPpkd-rOvkhd-TfeOUb-V67aGc{color:#fff}.jR8x9d .UMrnmb-XPtOyb-OWXEXe-yOOK0-to915-Ia7Qfc.VfPpkd-rOvkhd-XPtOyb-OWXEXe-gk6SMd .VfPpkd-rOvkhd-jPmIDe-OWXEXe-ssJRIf:not(.VfPpkd-rOvkhd-jPmIDe-OWXEXe-SdanKc).VfPpkd-ksKsZd-mWPk3d-OWXEXe-AHe6Kc-XpnDCe .VfPpkd-rOvkhd-TfeOUb-V67aGc,.jR8x9d .UMrnmb-XPtOyb-OWXEXe-yOOK0-to915-Ia7Qfc.VfPpkd-rOvkhd-XPtOyb-OWXEXe-gk6SMd .VfPpkd-rOvkhd-jPmIDe-OWXEXe-ssJRIf:not(.VfPpkd-rOvkhd-jPmIDe-OWXEXe-SdanKc):not(.VfPpkd-ksKsZd-mWPk3d):focus .VfPpkd-rOvkhd-TfeOUb-V67aGc{color:#fff}.jR8x9d .UMrnmb-XPtOyb-OWXEXe-yOOK0-to915-Ia7Qfc.VfPpkd-rOvkhd-XPtOyb-OWXEXe-gk6SMd.VfPpkd-rOvkhd-XPtOyb-OWXEXe-OWB6Me .VfPpkd-rOvkhd-TfeOUb-V67aGc{color:rgba(232,234,237,.38)}.jR8x9d .UMrnmb-XPtOyb-OWXEXe-yOOK0-to915-Ia7Qfc .VfPpkd-rOvkhd-PvL5qd{color:rgb(210,227,252)}.jR8x9d .UMrnmb-XPtOyb-OWXEXe-yOOK0-to915-Ia7Qfc .VfPpkd-rOvkhd-jPmIDe-OWXEXe-ssJRIf:not(.VfPpkd-rOvkhd-jPmIDe-OWXEXe-SdanKc):hover .VfPpkd-rOvkhd-PvL5qd{color:#fff}.jR8x9d .UMrnmb-XPtOyb-OWXEXe-yOOK0-to915-Ia7Qfc .VfPpkd-rOvkhd-jPmIDe-OWXEXe-ssJRIf.VfPpkd-ksKsZd-mWPk3d-OWXEXe-AHe6Kc-XpnDCe .VfPpkd-rOvkhd-PvL5qd,.jR8x9d .UMrnmb-XPtOyb-OWXEXe-yOOK0-to915-Ia7Qfc .VfPpkd-rOvkhd-jPmIDe-OWXEXe-ssJRIf:not(.VfPpkd-ksKsZd-mWPk3d):focus .VfPpkd-rOvkhd-PvL5qd{color:#fff}.jR8x9d .UMrnmb-XPtOyb-OWXEXe-yOOK0-to915-Ia7Qfc.VfPpkd-rOvkhd-XPtOyb-OWXEXe-OWB6Me .VfPpkd-rOvkhd-PvL5qd{color:rgba(232,234,237,.38)}.jR8x9d .UMrnmb-XPtOyb-OWXEXe-yOOK0-to915-Ia7Qfc.VfPpkd-rOvkhd-XPtOyb-OWXEXe-gk6SMd .VfPpkd-rOvkhd-jPmIDe-OWXEXe-ssJRIf .VfPpkd-rOvkhd-v1cqY::before,.jR8x9d .UMrnmb-XPtOyb-OWXEXe-yOOK0-to915-Ia7Qfc.VfPpkd-rOvkhd-XPtOyb-OWXEXe-gk6SMd .VfPpkd-rOvkhd-jPmIDe-OWXEXe-ssJRIf .VfPpkd-rOvkhd-v1cqY::after{background-color:#fff;background-color:var(--mdc-ripple-color,#fff)}.jR8x9d .UMrnmb-XPtOyb-OWXEXe-yOOK0-to915-Ia7Qfc.VfPpkd-rOvkhd-XPtOyb-OWXEXe-gk6SMd .VfPpkd-rOvkhd-jPmIDe-OWXEXe-ssJRIf:hover .VfPpkd-rOvkhd-v1cqY::before,.jR8x9d .UMrnmb-XPtOyb-OWXEXe-yOOK0-to915-Ia7Qfc.VfPpkd-rOvkhd-XPtOyb-OWXEXe-gk6SMd .VfPpkd-rOvkhd-jPmIDe-OWXEXe-ssJRIf.VfPpkd-ksKsZd-XxIAqe-OWXEXe-ZmdkE .VfPpkd-rOvkhd-v1cqY::before{opacity:.04;opacity:var(--mdc-ripple-hover-opacity,.04)}.jR8x9d .UMrnmb-XPtOyb-OWXEXe-yOOK0-to915-Ia7Qfc.VfPpkd-rOvkhd-XPtOyb-OWXEXe-gk6SMd .VfPpkd-rOvkhd-jPmIDe-OWXEXe-ssJRIf.VfPpkd-ksKsZd-mWPk3d-OWXEXe-AHe6Kc-XpnDCe .VfPpkd-rOvkhd-v1cqY::before,.jR8x9d .UMrnmb-XPtOyb-OWXEXe-yOOK0-to915-Ia7Qfc.VfPpkd-rOvkhd-XPtOyb-OWXEXe-gk6SMd .VfPpkd-rOvkhd-jPmIDe-OWXEXe-ssJRIf:not(.VfPpkd-ksKsZd-mWPk3d):focus .VfPpkd-rOvkhd-v1cqY::before{transition-duration:75ms;opacity:.12;opacity:var(--mdc-ripple-focus-opacity,.12)}.jR8x9d .UMrnmb-XPtOyb-OWXEXe-yOOK0-to915-Ia7Qfc.VfPpkd-rOvkhd-XPtOyb-OWXEXe-gk6SMd .VfPpkd-rOvkhd-jPmIDe-OWXEXe-ssJRIf:not(.VfPpkd-ksKsZd-mWPk3d) .VfPpkd-rOvkhd-v1cqY::after{transition:opacity .15s linear}.jR8x9d .UMrnmb-XPtOyb-OWXEXe-yOOK0-to915-Ia7Qfc.VfPpkd-rOvkhd-XPtOyb-OWXEXe-gk6SMd .VfPpkd-rOvkhd-jPmIDe-OWXEXe-ssJRIf:not(.VfPpkd-ksKsZd-mWPk3d):active .VfPpkd-rOvkhd-v1cqY::after{transition-duration:75ms;opacity:.1;opacity:var(--mdc-ripple-press-opacity,.1)}.jR8x9d .UMrnmb-XPtOyb-OWXEXe-yOOK0-to915-Ia7Qfc.VfPpkd-rOvkhd-XPtOyb-OWXEXe-gk6SMd .VfPpkd-rOvkhd-jPmIDe-OWXEXe-ssJRIf.VfPpkd-ksKsZd-mWPk3d{--mdc-ripple-fg-opacity:var(--mdc-ripple-press-opacity,0.1)}.jR8x9d .UMrnmb-XPtOyb-OWXEXe-YPqjbf-to915-Ia7Qfc .VfPpkd-rOvkhd-Zr1Nwf-OWXEXe-UbuQg{color:rgb(154,160,166)}.jR8x9d .UMrnmb-XPtOyb-OWXEXe-YPqjbf-to915-Ia7Qfc .VfPpkd-rOvkhd-jPmIDe-OWXEXe-UbuQg:hover .VfPpkd-rOvkhd-Zr1Nwf-OWXEXe-UbuQg{color:rgb(232,234,237)}.jR8x9d .UMrnmb-XPtOyb-OWXEXe-YPqjbf-to915-Ia7Qfc .VfPpkd-rOvkhd-jPmIDe-OWXEXe-UbuQg.VfPpkd-ksKsZd-mWPk3d-OWXEXe-AHe6Kc-XpnDCe .VfPpkd-rOvkhd-Zr1Nwf-OWXEXe-UbuQg,.jR8x9d .UMrnmb-XPtOyb-OWXEXe-YPqjbf-to915-Ia7Qfc .VfPpkd-rOvkhd-jPmIDe-OWXEXe-UbuQg:not(.VfPpkd-ksKsZd-mWPk3d):focus .VfPpkd-rOvkhd-Zr1Nwf-OWXEXe-UbuQg{color:rgb(232,234,237)}.jR8x9d .UMrnmb-XPtOyb-OWXEXe-YPqjbf-to915-Ia7Qfc.VfPpkd-rOvkhd-XPtOyb-OWXEXe-OWB6Me .VfPpkd-rOvkhd-Zr1Nwf-OWXEXe-UbuQg{color:rgba(232,234,237,.38)}.jR8x9d .UMrnmb-XPtOyb-OWXEXe-YPqjbf-to915-Ia7Qfc .VfPpkd-rOvkhd-jPmIDe-OWXEXe-UbuQg .VfPpkd-rOvkhd-v1cqY::before,.jR8x9d .UMrnmb-XPtOyb-OWXEXe-YPqjbf-to915-Ia7Qfc .VfPpkd-rOvkhd-jPmIDe-OWXEXe-UbuQg .VfPpkd-rOvkhd-v1cqY::after{background-color:rgb(232,234,237);background-color:var(--mdc-ripple-color,rgb(232,234,237))}.jR8x9d .UMrnmb-XPtOyb-OWXEXe-YPqjbf-to915-Ia7Qfc .VfPpkd-rOvkhd-jPmIDe-OWXEXe-UbuQg:hover .VfPpkd-rOvkhd-v1cqY::before,.jR8x9d .UMrnmb-XPtOyb-OWXEXe-YPqjbf-to915-Ia7Qfc .VfPpkd-rOvkhd-jPmIDe-OWXEXe-UbuQg.VfPpkd-ksKsZd-XxIAqe-OWXEXe-ZmdkE .VfPpkd-rOvkhd-v1cqY::before{opacity:.04;opacity:var(--mdc-ripple-hover-opacity,.04)}.jR8x9d .UMrnmb-XPtOyb-OWXEXe-YPqjbf-to915-Ia7Qfc .VfPpkd-rOvkhd-jPmIDe-OWXEXe-UbuQg.VfPpkd-ksKsZd-mWPk3d-OWXEXe-AHe6Kc-XpnDCe .VfPpkd-rOvkhd-v1cqY::before,.jR8x9d .UMrnmb-XPtOyb-OWXEXe-YPqjbf-to915-Ia7Qfc .VfPpkd-rOvkhd-jPmIDe-OWXEXe-UbuQg:not(.VfPpkd-ksKsZd-mWPk3d):focus .VfPpkd-rOvkhd-v1cqY::before{transition-duration:75ms;opacity:.12;opacity:var(--mdc-ripple-focus-opacity,.12)}.jR8x9d .UMrnmb-XPtOyb-OWXEXe-YPqjbf-to915-Ia7Qfc .VfPpkd-rOvkhd-jPmIDe-OWXEXe-UbuQg:not(.VfPpkd-ksKsZd-mWPk3d) .VfPpkd-rOvkhd-v1cqY::after{transition:opacity .15s linear}.jR8x9d .UMrnmb-XPtOyb-OWXEXe-YPqjbf-to915-Ia7Qfc .VfPpkd-rOvkhd-jPmIDe-OWXEXe-UbuQg:not(.VfPpkd-ksKsZd-mWPk3d):active .VfPpkd-rOvkhd-v1cqY::after{transition-duration:75ms;opacity:.1;opacity:var(--mdc-ripple-press-opacity,.1)}.jR8x9d .UMrnmb-XPtOyb-OWXEXe-YPqjbf-to915-Ia7Qfc .VfPpkd-rOvkhd-jPmIDe-OWXEXe-UbuQg.VfPpkd-ksKsZd-mWPk3d{--mdc-ripple-fg-opacity:var(--mdc-ripple-press-opacity,0.1)}.jR8x9d .UMrnmb-XPtOyb-OWXEXe-aSvl1d-to915-Ia7Qfc{background-color:transparent}.jR8x9d .UMrnmb-XPtOyb-OWXEXe-aSvl1d-to915-Ia7Qfc .VfPpkd-rOvkhd-jPmIDe-OWXEXe-ssJRIf:before{border-width:1px}.jR8x9d .UMrnmb-XPtOyb-OWXEXe-aSvl1d-to915-Ia7Qfc .VfPpkd-rOvkhd-jPmIDe-OWXEXe-ssJRIf:before{border-style:solid}.jR8x9d .UMrnmb-XPtOyb-OWXEXe-aSvl1d-to915-Ia7Qfc.VfPpkd-rOvkhd-XPtOyb-OWXEXe-OWB6Me{background-color:transparent}.jR8x9d .UMrnmb-XPtOyb-OWXEXe-aSvl1d-to915-Ia7Qfc .VfPpkd-rOvkhd-jPmIDe-OWXEXe-ssJRIf:before{border-color:rgb(95,99,104)}.jR8x9d .UMrnmb-XPtOyb-OWXEXe-aSvl1d-to915-Ia7Qfc .VfPpkd-rOvkhd-jPmIDe-OWXEXe-ssJRIf:not(.VfPpkd-rOvkhd-jPmIDe-OWXEXe-SdanKc).VfPpkd-ksKsZd-mWPk3d-OWXEXe-AHe6Kc-XpnDCe:before,.jR8x9d .UMrnmb-XPtOyb-OWXEXe-aSvl1d-to915-Ia7Qfc .VfPpkd-rOvkhd-jPmIDe-OWXEXe-ssJRIf:not(.VfPpkd-rOvkhd-jPmIDe-OWXEXe-SdanKc):not(.VfPpkd-ksKsZd-mWPk3d):focus:before{border-color:rgb(232,234,237)}.jR8x9d .UMrnmb-XPtOyb-OWXEXe-aSvl1d-to915-Ia7Qfc.VfPpkd-rOvkhd-XPtOyb-OWXEXe-OWB6Me .VfPpkd-rOvkhd-jPmIDe-OWXEXe-ssJRIf:before{border-color:rgba(232,234,237,.12)}.jR8x9d .UMrnmb-XPtOyb-OWXEXe-ITYOJe-to915-Ia7Qfc{background-color:rgb(32,33,36);transition:border .28s cubic-bezier(.4,0,.2,1),box-shadow .28s cubic-bezier(.4,0,.2,1);box-shadow:0 1px 2px 0 rgba(0,0,0,.3),0 1px 3px 1px rgba(0,0,0,.15)}}@media screen and (prefers-color-scheme:dark) and (-ms-high-contrast:active),screen and (prefers-color-scheme:dark) and (forced-colors:active){.jR8x9d .UMrnmb-XPtOyb-OWXEXe-ITYOJe-to915-Ia7Qfc .VfPpkd-rOvkhd-jPmIDe-OWXEXe-ssJRIf:before{border-width:1px}.jR8x9d .UMrnmb-XPtOyb-OWXEXe-ITYOJe-to915-Ia7Qfc .VfPpkd-rOvkhd-jPmIDe-OWXEXe-ssJRIf:before{border-style:solid}}@media screen and (prefers-color-scheme:dark){.jR8x9d .UMrnmb-XPtOyb-OWXEXe-ITYOJe-to915-Ia7Qfc.VfPpkd-rOvkhd-XPtOyb-OWXEXe-OWB6Me{background-color:rgba(232,234,237,.12)}.jR8x9d .UMrnmb-XPtOyb-OWXEXe-ITYOJe-to915-Ia7Qfc .VfPpkd-BFbNVe-bF1uUb{opacity:.05}.jR8x9d .UMrnmb-XPtOyb-OWXEXe-ITYOJe-to915-Ia7Qfc:hover{box-shadow:0 1px 2px 0 rgba(0,0,0,.3),0 2px 6px 2px rgba(0,0,0,.15)}.jR8x9d .UMrnmb-XPtOyb-OWXEXe-ITYOJe-to915-Ia7Qfc:hover .VfPpkd-BFbNVe-bF1uUb{opacity:.08}.jR8x9d .UMrnmb-XPtOyb-OWXEXe-ITYOJe-to915-Ia7Qfc:active{box-shadow:0 1px 3px 0 rgba(0,0,0,.3),0 4px 8px 3px rgba(0,0,0,.15)}.jR8x9d .UMrnmb-XPtOyb-OWXEXe-ITYOJe-to915-Ia7Qfc:active .VfPpkd-BFbNVe-bF1uUb{opacity:.11}.jR8x9d .UMrnmb-XPtOyb-OWXEXe-ITYOJe-to915-Ia7Qfc.VfPpkd-rOvkhd-XPtOyb-OWXEXe-OWB6Me{box-shadow:none}.jR8x9d .UMrnmb-XPtOyb-OWXEXe-ITYOJe-to915-Ia7Qfc.VfPpkd-rOvkhd-XPtOyb-OWXEXe-OWB6Me .VfPpkd-BFbNVe-bF1uUb{opacity:0}.jR8x9d .a9u1Hb .VfPpkd-JGcpL-uI4vCe-LkdAo,.jR8x9d .a9u1Hb .VfPpkd-JGcpL-IdXvz-LkdAo-Bd00G{stroke:rgb(102,157,246)}}@media screen and (prefers-color-scheme:dark) and (-ms-high-contrast:active),screen and (prefers-color-scheme:dark) and (forced-colors:active){.jR8x9d .a9u1Hb .VfPpkd-JGcpL-uI4vCe-LkdAo,.jR8x9d .a9u1Hb .VfPpkd-JGcpL-IdXvz-LkdAo-Bd00G{stroke:CanvasText}}@media screen and (prefers-color-scheme:dark){.jR8x9d .a9u1Hb .VfPpkd-JGcpL-Ydhldb-R6PoUb .VfPpkd-JGcpL-IdXvz-LkdAo-Bd00G{stroke:rgb(66,133,244)}}@media screen and (prefers-color-scheme:dark) and (-ms-high-contrast:active),screen and (prefers-color-scheme:dark) and (forced-colors:active){.jR8x9d .a9u1Hb .VfPpkd-JGcpL-Ydhldb-R6PoUb .VfPpkd-JGcpL-IdXvz-LkdAo-Bd00G{stroke:CanvasText}}@media screen and (prefers-color-scheme:dark){.jR8x9d .a9u1Hb .VfPpkd-JGcpL-Ydhldb-ibL1re .VfPpkd-JGcpL-IdXvz-LkdAo-Bd00G{stroke:rgb(234,67,53)}}@media screen and (prefers-color-scheme:dark) and (-ms-high-contrast:active),screen and (prefers-color-scheme:dark) and (forced-colors:active){.jR8x9d .a9u1Hb .VfPpkd-JGcpL-Ydhldb-ibL1re .VfPpkd-JGcpL-IdXvz-LkdAo-Bd00G{stroke:CanvasText}}@media screen and (prefers-color-scheme:dark){.jR8x9d .a9u1Hb .VfPpkd-JGcpL-Ydhldb-c5RTEf .VfPpkd-JGcpL-IdXvz-LkdAo-Bd00G{stroke:rgb(251,188,4)}}@media screen and (prefers-color-scheme:dark) and (-ms-high-contrast:active),screen and (prefers-color-scheme:dark) and (forced-colors:active){.jR8x9d .a9u1Hb .VfPpkd-JGcpL-Ydhldb-c5RTEf .VfPpkd-JGcpL-IdXvz-LkdAo-Bd00G{stroke:CanvasText}}@media screen and (prefers-color-scheme:dark){.jR8x9d .a9u1Hb .VfPpkd-JGcpL-Ydhldb-II5mzb .VfPpkd-JGcpL-IdXvz-LkdAo-Bd00G{stroke:rgb(52,168,83)}}@media screen and (prefers-color-scheme:dark) and (-ms-high-contrast:active),screen and (prefers-color-scheme:dark) and (forced-colors:active){.jR8x9d .a9u1Hb .VfPpkd-JGcpL-Ydhldb-II5mzb .VfPpkd-JGcpL-IdXvz-LkdAo-Bd00G{stroke:CanvasText}}@media screen and (prefers-color-scheme:dark){.jR8x9d .tKSZFd{background-color:rgb(32,33,36);border-color:rgb(95,99,104)}.jR8x9d .tKSZFd .VfPpkd-wZVHld-vqLbZd-eEDwDf{background-color:rgb(32,33,36)}.jR8x9d .tKSZFd .VfPpkd-wZVHld-vqLbZd-eEDwDf,.jR8x9d .tKSZFd .VfPpkd-wZVHld-gruSEe-j4LONd,.jR8x9d .tKSZFd .VfPpkd-wZVHld-gruSEe-YMi5E-I8r9Db-DARUcf-V67aGc,.jR8x9d .tKSZFd .VfPpkd-wZVHld-aOtOmf{color:rgb(232,234,237)}.jR8x9d .tKSZFd .VfPpkd-wZVHld-xMbwt-OWXEXe-gk6SMd{background-color:rgba(138,180,248,.24)}.jR8x9d .tKSZFd .VfPpkd-wZVHld-gruSEe-YMi5E-I8r9Db-DARUcf-O1htCb-OWXEXe-INsAgc:not(.VfPpkd-O1htCb-OWXEXe-OWB6Me) .VfPpkd-NSFCdd-Brv4Fb,.jR8x9d .tKSZFd .VfPpkd-wZVHld-gruSEe-YMi5E-I8r9Db-DARUcf-O1htCb-OWXEXe-INsAgc:not(.VfPpkd-O1htCb-OWXEXe-OWB6Me) .VfPpkd-NSFCdd-Ra9xwd,.jR8x9d .tKSZFd .VfPpkd-wZVHld-gruSEe-YMi5E-I8r9Db-DARUcf-O1htCb-OWXEXe-INsAgc:not(.VfPpkd-O1htCb-OWXEXe-OWB6Me) .VfPpkd-NSFCdd-MpmGFe{border-color:rgb(95,99,104)}.jR8x9d .tKSZFd .VfPpkd-wZVHld-aOtOmf,.jR8x9d .tKSZFd .VfPpkd-wZVHld-vqLbZd-eEDwDf{border-bottom-color:rgb(95,99,104)}.jR8x9d .tKSZFd .VfPpkd-wZVHld-gruSEe{border-top-color:rgb(95,99,104)}.jR8x9d .tKSZFd .VfPpkd-wZVHld-xMbwt:not(.VfPpkd-wZVHld-xMbwt-OWXEXe-gk6SMd):hover{background-color:rgba(232,234,237,.04)}.jR8x9d .tKSZFd .VfPpkd-wZVHld-EcJZQc-Bz112c-LgbsSe{color:rgb(154,160,166)}.jR8x9d .tKSZFd .VfPpkd-wZVHld-EcJZQc-Bz112c-LgbsSe .VfPpkd-Bz112c-Jh9lGc::before,.jR8x9d .tKSZFd .VfPpkd-wZVHld-EcJZQc-Bz112c-LgbsSe .VfPpkd-Bz112c-Jh9lGc::after{background-color:rgb(154,160,166);background-color:var(--mdc-ripple-color,rgb(154,160,166))}.jR8x9d .tKSZFd .VfPpkd-wZVHld-EcJZQc-Bz112c-LgbsSe:hover .VfPpkd-Bz112c-Jh9lGc::before,.jR8x9d .tKSZFd .VfPpkd-wZVHld-EcJZQc-Bz112c-LgbsSe.VfPpkd-ksKsZd-XxIAqe-OWXEXe-ZmdkE .VfPpkd-Bz112c-Jh9lGc::before{opacity:.08;opacity:var(--mdc-ripple-hover-opacity,.08)}.jR8x9d .tKSZFd .VfPpkd-wZVHld-EcJZQc-Bz112c-LgbsSe.VfPpkd-ksKsZd-mWPk3d-OWXEXe-AHe6Kc-XpnDCe .VfPpkd-Bz112c-Jh9lGc::before,.jR8x9d .tKSZFd .VfPpkd-wZVHld-EcJZQc-Bz112c-LgbsSe:not(.VfPpkd-ksKsZd-mWPk3d):focus .VfPpkd-Bz112c-Jh9lGc::before{transition-duration:75ms;opacity:.24;opacity:var(--mdc-ripple-focus-opacity,.24)}.jR8x9d .tKSZFd .VfPpkd-wZVHld-EcJZQc-Bz112c-LgbsSe:not(.VfPpkd-ksKsZd-mWPk3d) .VfPpkd-Bz112c-Jh9lGc::after{transition:opacity .15s linear}.jR8x9d .tKSZFd .VfPpkd-wZVHld-EcJZQc-Bz112c-LgbsSe:not(.VfPpkd-ksKsZd-mWPk3d):active .VfPpkd-Bz112c-Jh9lGc::after{transition-duration:75ms;opacity:.24;opacity:var(--mdc-ripple-press-opacity,.24)}.jR8x9d .tKSZFd .VfPpkd-wZVHld-EcJZQc-Bz112c-LgbsSe.VfPpkd-ksKsZd-mWPk3d{--mdc-ripple-fg-opacity:var(--mdc-ripple-press-opacity,0.24)}.jR8x9d .tKSZFd .VfPpkd-wZVHld-vqLbZd-eEDwDf-OWXEXe-Evexob .VfPpkd-wZVHld-EcJZQc-Bz112c-LgbsSe{color:rgb(232,234,237)}.jR8x9d .tKSZFd .VfPpkd-wZVHld-vqLbZd-eEDwDf-OWXEXe-Evexob .VfPpkd-wZVHld-EcJZQc-Bz112c-LgbsSe .VfPpkd-Bz112c-Jh9lGc::before,.jR8x9d .tKSZFd .VfPpkd-wZVHld-vqLbZd-eEDwDf-OWXEXe-Evexob .VfPpkd-wZVHld-EcJZQc-Bz112c-LgbsSe .VfPpkd-Bz112c-Jh9lGc::after{background-color:rgb(232,234,237);background-color:var(--mdc-ripple-color,rgb(232,234,237))}.jR8x9d .tKSZFd .VfPpkd-wZVHld-vqLbZd-eEDwDf-OWXEXe-Evexob .VfPpkd-wZVHld-EcJZQc-Bz112c-LgbsSe:hover .VfPpkd-Bz112c-Jh9lGc::before,.jR8x9d .tKSZFd .VfPpkd-wZVHld-vqLbZd-eEDwDf-OWXEXe-Evexob .VfPpkd-wZVHld-EcJZQc-Bz112c-LgbsSe.VfPpkd-ksKsZd-XxIAqe-OWXEXe-ZmdkE .VfPpkd-Bz112c-Jh9lGc::before{opacity:.08;opacity:var(--mdc-ripple-hover-opacity,.08)}.jR8x9d .tKSZFd .VfPpkd-wZVHld-vqLbZd-eEDwDf-OWXEXe-Evexob .VfPpkd-wZVHld-EcJZQc-Bz112c-LgbsSe.VfPpkd-ksKsZd-mWPk3d-OWXEXe-AHe6Kc-XpnDCe .VfPpkd-Bz112c-Jh9lGc::before,.jR8x9d .tKSZFd .VfPpkd-wZVHld-vqLbZd-eEDwDf-OWXEXe-Evexob .VfPpkd-wZVHld-EcJZQc-Bz112c-LgbsSe:not(.VfPpkd-ksKsZd-mWPk3d):focus .VfPpkd-Bz112c-Jh9lGc::before{transition-duration:75ms;opacity:.24;opacity:var(--mdc-ripple-focus-opacity,.24)}.jR8x9d .tKSZFd .VfPpkd-wZVHld-vqLbZd-eEDwDf-OWXEXe-Evexob .VfPpkd-wZVHld-EcJZQc-Bz112c-LgbsSe:not(.VfPpkd-ksKsZd-mWPk3d) .VfPpkd-Bz112c-Jh9lGc::after{transition:opacity .15s linear}.jR8x9d .tKSZFd .VfPpkd-wZVHld-vqLbZd-eEDwDf-OWXEXe-Evexob .VfPpkd-wZVHld-EcJZQc-Bz112c-LgbsSe:not(.VfPpkd-ksKsZd-mWPk3d):active .VfPpkd-Bz112c-Jh9lGc::after{transition-duration:75ms;opacity:.24;opacity:var(--mdc-ripple-press-opacity,.24)}.jR8x9d .tKSZFd .VfPpkd-wZVHld-vqLbZd-eEDwDf-OWXEXe-Evexob .VfPpkd-wZVHld-EcJZQc-Bz112c-LgbsSe.VfPpkd-ksKsZd-mWPk3d{--mdc-ripple-fg-opacity:var(--mdc-ripple-press-opacity,0.24)}.jR8x9d .zNgRPc .bwNLcf{color:rgb(232,234,237);font-family:Roboto,Arial,sans-serif;line-height:1.5rem;font-size:1rem;letter-spacing:.00625em;font-weight:400}.jR8x9d .zNgRPc .bwNLcf .VfPpkd-StrnGf-rymPhb-IhFlZd{color:rgb(154,160,166)}.jR8x9d .zNgRPc .bwNLcf .VfPpkd-StrnGf-rymPhb-ibnC6b-OWXEXe-OWB6Me .VfPpkd-StrnGf-rymPhb-b9t22c,.jR8x9d .zNgRPc .bwNLcf .VfPpkd-StrnGf-rymPhb-ibnC6b-OWXEXe-OWB6Me .VfPpkd-StrnGf-rymPhb-fpDzbe-fmcmS,.jR8x9d .zNgRPc .bwNLcf .VfPpkd-StrnGf-rymPhb-ibnC6b-OWXEXe-OWB6Me .VfPpkd-StrnGf-rymPhb-L8ivfd-fmcmS{color:rgb(232,234,237)}.jR8x9d .zNgRPc .bwNLcf .VfPpkd-StrnGf-rymPhb-ibnC6b-OWXEXe-OWB6Me .VfPpkd-StrnGf-rymPhb-b9t22c{opacity:.38}.jR8x9d .zNgRPc .bwNLcf .VfPpkd-StrnGf-rymPhb-ibnC6b-OWXEXe-gk6SMd,.jR8x9d .zNgRPc .bwNLcf .VfPpkd-StrnGf-rymPhb-ibnC6b-OWXEXe-pXU01b,.jR8x9d .zNgRPc .bwNLcf .VfPpkd-StrnGf-rymPhb-ibnC6b-OWXEXe-gk6SMd .VfPpkd-StrnGf-rymPhb-f7MjDc,.jR8x9d .zNgRPc .bwNLcf .VfPpkd-StrnGf-rymPhb-ibnC6b-OWXEXe-pXU01b .VfPpkd-StrnGf-rymPhb-f7MjDc{color:rgb(232,234,237)}.jR8x9d .zNgRPc .bwNLcf .VfPpkd-StrnGf-rymPhb-ibnC6b-OWXEXe-gk6SMd .VfPpkd-StrnGf-rymPhb-pZXsl::before{opacity:0}.jR8x9d .zNgRPc .bwNLcf .VfPpkd-StrnGf-rymPhb-ibnC6b.VfPpkd-StrnGf-rymPhb-ibnC6b-OWXEXe-gk6SMd{background-color:rgba(138,180,248,.24)}.jR8x9d .zNgRPc .bwNLcf .VfPpkd-StrnGf-rymPhb-ibnC6b.VfPpkd-StrnGf-rymPhb-ibnC6b-OWXEXe-gk6SMd .VfPpkd-StrnGf-rymPhb-pZXsl::before,.jR8x9d .zNgRPc .bwNLcf .VfPpkd-StrnGf-rymPhb-ibnC6b.VfPpkd-StrnGf-rymPhb-ibnC6b-OWXEXe-gk6SMd .VfPpkd-StrnGf-rymPhb-pZXsl::after{background-color:rgb(138,180,248);background-color:var(--mdc-ripple-color,rgb(138,180,248))}.jR8x9d .zNgRPc .bwNLcf .VfPpkd-StrnGf-rymPhb-ibnC6b.VfPpkd-StrnGf-rymPhb-ibnC6b-OWXEXe-gk6SMd:hover .VfPpkd-StrnGf-rymPhb-pZXsl::before,.jR8x9d .zNgRPc .bwNLcf .VfPpkd-StrnGf-rymPhb-ibnC6b.VfPpkd-StrnGf-rymPhb-ibnC6b-OWXEXe-gk6SMd.VfPpkd-ksKsZd-XxIAqe-OWXEXe-ZmdkE .VfPpkd-StrnGf-rymPhb-pZXsl::before{opacity:.04;opacity:var(--mdc-ripple-hover-opacity,.04)}.jR8x9d .zNgRPc .bwNLcf .VfPpkd-StrnGf-rymPhb-ibnC6b.VfPpkd-StrnGf-rymPhb-ibnC6b-OWXEXe-gk6SMd.VfPpkd-ksKsZd-mWPk3d-OWXEXe-AHe6Kc-XpnDCe .VfPpkd-StrnGf-rymPhb-pZXsl::before,.jR8x9d .zNgRPc .bwNLcf .VfPpkd-StrnGf-rymPhb-ibnC6b.VfPpkd-StrnGf-rymPhb-ibnC6b-OWXEXe-gk6SMd:not(.VfPpkd-ksKsZd-mWPk3d):focus .VfPpkd-StrnGf-rymPhb-pZXsl::before{transition-duration:75ms;opacity:.12;opacity:var(--mdc-ripple-focus-opacity,.12)}.jR8x9d .zNgRPc .bwNLcf .VfPpkd-StrnGf-rymPhb-ibnC6b.VfPpkd-StrnGf-rymPhb-ibnC6b-OWXEXe-gk6SMd:not(.VfPpkd-ksKsZd-mWPk3d) .VfPpkd-StrnGf-rymPhb-pZXsl::after{transition:opacity .15s linear}.jR8x9d .zNgRPc .bwNLcf .VfPpkd-StrnGf-rymPhb-ibnC6b.VfPpkd-StrnGf-rymPhb-ibnC6b-OWXEXe-gk6SMd:not(.VfPpkd-ksKsZd-mWPk3d):active .VfPpkd-StrnGf-rymPhb-pZXsl::after{transition-duration:75ms;opacity:.1;opacity:var(--mdc-ripple-press-opacity,.1)}.jR8x9d .zNgRPc .bwNLcf .VfPpkd-StrnGf-rymPhb-ibnC6b.VfPpkd-StrnGf-rymPhb-ibnC6b-OWXEXe-gk6SMd.VfPpkd-ksKsZd-mWPk3d{--mdc-ripple-fg-opacity:var(--mdc-ripple-press-opacity,0.1)}.jR8x9d .zNgRPc .bwNLcf .VfPpkd-StrnGf-rymPhb-L8ivfd-fmcmS{color:rgb(154,160,166)}.jR8x9d .zNgRPc .bwNLcf .VfPpkd-StrnGf-rymPhb-clz4Ic{border-bottom-color:rgba(232,234,237,.12)}.jR8x9d .zNgRPc .bwNLcf .VfPpkd-StrnGf-rymPhb-f7MjDc{color:rgb(232,234,237)}.jR8x9d .zNgRPc .bwNLcf .VfPpkd-StrnGf-rymPhb-ibnC6b .VfPpkd-StrnGf-rymPhb-pZXsl::before,.jR8x9d .zNgRPc .bwNLcf .VfPpkd-StrnGf-rymPhb-ibnC6b .VfPpkd-StrnGf-rymPhb-pZXsl::after{background-color:rgb(232,234,237);background-color:var(--mdc-ripple-color,rgb(232,234,237))}.jR8x9d .zNgRPc .bwNLcf .VfPpkd-StrnGf-rymPhb-ibnC6b:hover .VfPpkd-StrnGf-rymPhb-pZXsl::before,.jR8x9d .zNgRPc .bwNLcf .VfPpkd-StrnGf-rymPhb-ibnC6b.VfPpkd-ksKsZd-XxIAqe-OWXEXe-ZmdkE .VfPpkd-StrnGf-rymPhb-pZXsl::before{opacity:.04;opacity:var(--mdc-ripple-hover-opacity,.04)}.jR8x9d .zNgRPc .bwNLcf .VfPpkd-StrnGf-rymPhb-ibnC6b.VfPpkd-ksKsZd-mWPk3d-OWXEXe-AHe6Kc-XpnDCe .VfPpkd-StrnGf-rymPhb-pZXsl::before,.jR8x9d .zNgRPc .bwNLcf .VfPpkd-StrnGf-rymPhb-ibnC6b:not(.VfPpkd-ksKsZd-mWPk3d):focus .VfPpkd-StrnGf-rymPhb-pZXsl::before{transition-duration:75ms;opacity:.12;opacity:var(--mdc-ripple-focus-opacity,.12)}.jR8x9d .zNgRPc .bwNLcf .VfPpkd-StrnGf-rymPhb-ibnC6b:not(.VfPpkd-ksKsZd-mWPk3d) .VfPpkd-StrnGf-rymPhb-pZXsl::after{transition:opacity .15s linear}.jR8x9d .zNgRPc .bwNLcf .VfPpkd-StrnGf-rymPhb-ibnC6b:not(.VfPpkd-ksKsZd-mWPk3d):active .VfPpkd-StrnGf-rymPhb-pZXsl::after{transition-duration:75ms;opacity:.1;opacity:var(--mdc-ripple-press-opacity,.1)}.jR8x9d .zNgRPc .bwNLcf .VfPpkd-StrnGf-rymPhb-ibnC6b.VfPpkd-ksKsZd-mWPk3d{--mdc-ripple-fg-opacity:var(--mdc-ripple-press-opacity,0.1)}}@media screen and (prefers-color-scheme:dark) and (-ms-high-contrast:active),screen and (prefers-color-scheme:dark) and (forced-colors:active){.jR8x9d .zNgRPc .bwNLcf .VfPpkd-StrnGf-rymPhb-ibnC6b-OWXEXe-OWB6Me .VfPpkd-StrnGf-rymPhb-b9t22c,.jR8x9d .zNgRPc .bwNLcf .VfPpkd-StrnGf-rymPhb-ibnC6b-OWXEXe-OWB6Me .VfPpkd-StrnGf-rymPhb-fpDzbe-fmcmS,.jR8x9d .zNgRPc .bwNLcf .VfPpkd-StrnGf-rymPhb-ibnC6b-OWXEXe-OWB6Me .VfPpkd-StrnGf-rymPhb-L8ivfd-fmcmS{color:GrayText}.jR8x9d .zNgRPc .bwNLcf .VfPpkd-StrnGf-rymPhb-ibnC6b-OWXEXe-OWB6Me .VfPpkd-StrnGf-rymPhb-b9t22c{opacity:1}}@media screen and (prefers-color-scheme:dark){.jR8x9d .zNgRPc .bwNLcf .VfPpkd-rymPhb-Gtdoyb,.jR8x9d .zNgRPc .bwNLcf .VfPpkd-rymPhb-fpDzbe-fmcmS{color:rgb(232,234,237)}.jR8x9d .zNgRPc .bwNLcf .VfPpkd-rymPhb-L8ivfd-fmcmS,.jR8x9d .zNgRPc .bwNLcf .VfPpkd-rymPhb-bC5pod-fmcmS,.jR8x9d .zNgRPc .bwNLcf .VfPpkd-rymPhb-JMEf7e{color:rgb(154,160,166)}.jR8x9d .zNgRPc .bwNLcf .VfPpkd-rymPhb-ibnC6b-OWXEXe-SfQLQb-M1Soyc-Bz112c .VfPpkd-rymPhb-KkROqb,.jR8x9d .zNgRPc .bwNLcf .VfPpkd-rymPhb-ibnC6b-OWXEXe-SfQLQb-UbuQg-Bz112c .VfPpkd-rymPhb-JMEf7e,.jR8x9d .zNgRPc .bwNLcf .VfPpkd-rymPhb-ibnC6b-OWXEXe-OWB6Me .VfPpkd-rymPhb-Gtdoyb,.jR8x9d .zNgRPc .bwNLcf .VfPpkd-rymPhb-ibnC6b-OWXEXe-OWB6Me .VfPpkd-rymPhb-fpDzbe-fmcmS,.jR8x9d .zNgRPc .bwNLcf .VfPpkd-rymPhb-ibnC6b-OWXEXe-OWB6Me .VfPpkd-rymPhb-L8ivfd-fmcmS,.jR8x9d .zNgRPc .bwNLcf .VfPpkd-rymPhb-ibnC6b-OWXEXe-OWB6Me .VfPpkd-rymPhb-bC5pod-fmcmS,.jR8x9d .zNgRPc .bwNLcf .VfPpkd-rymPhb-ibnC6b-OWXEXe-OWB6Me.VfPpkd-rymPhb-ibnC6b-OWXEXe-SfQLQb-M1Soyc-Bz112c .VfPpkd-rymPhb-KkROqb,.jR8x9d .zNgRPc .bwNLcf .VfPpkd-rymPhb-ibnC6b-OWXEXe-OWB6Me.VfPpkd-rymPhb-ibnC6b-OWXEXe-SfQLQb-UbuQg-Bz112c .VfPpkd-rymPhb-JMEf7e,.jR8x9d .zNgRPc .bwNLcf .VfPpkd-rymPhb-ibnC6b-OWXEXe-OWB6Me.VfPpkd-rymPhb-ibnC6b-OWXEXe-SfQLQb-UbuQg-r4m2rf .VfPpkd-rymPhb-JMEf7e{color:rgb(232,234,237)}.jR8x9d .zNgRPc .bwNLcf .VfPpkd-rymPhb-ibnC6b-OWXEXe-OWB6Me .VfPpkd-rymPhb-KkROqb,.jR8x9d .zNgRPc .bwNLcf .VfPpkd-rymPhb-ibnC6b-OWXEXe-OWB6Me .VfPpkd-rymPhb-Gtdoyb,.jR8x9d .zNgRPc .bwNLcf .VfPpkd-rymPhb-ibnC6b-OWXEXe-OWB6Me .VfPpkd-rymPhb-JMEf7e{opacity:.38}.jR8x9d .zNgRPc .bwNLcf .VfPpkd-rymPhb-ibnC6b-OWXEXe-gk6SMd .VfPpkd-rymPhb-Gtdoyb,.jR8x9d .zNgRPc .bwNLcf .VfPpkd-rymPhb-ibnC6b-OWXEXe-gk6SMd .VfPpkd-rymPhb-fpDzbe-fmcmS,.jR8x9d .zNgRPc .bwNLcf .VfPpkd-rymPhb-ibnC6b-OWXEXe-pXU01b .VfPpkd-rymPhb-Gtdoyb,.jR8x9d .zNgRPc .bwNLcf .VfPpkd-rymPhb-ibnC6b-OWXEXe-pXU01b .VfPpkd-rymPhb-fpDzbe-fmcmS,.jR8x9d .zNgRPc .bwNLcf .VfPpkd-rymPhb-ibnC6b-OWXEXe-gk6SMd.VfPpkd-rymPhb-ibnC6b-OWXEXe-SfQLQb-M1Soyc-Bz112c .VfPpkd-rymPhb-KkROqb,.jR8x9d .zNgRPc .bwNLcf .VfPpkd-rymPhb-ibnC6b-OWXEXe-pXU01b.VfPpkd-rymPhb-ibnC6b-OWXEXe-SfQLQb-M1Soyc-Bz112c .VfPpkd-rymPhb-KkROqb{color:rgb(232,234,237)}.jR8x9d .zNgRPc .bwNLcf .VfPpkd-rymPhb-ibnC6b-OWXEXe-gk6SMd .VfPpkd-rymPhb-pZXsl::before{opacity:0}.jR8x9d .zNgRPc .bwNLcf .VfPpkd-rymPhb-ibnC6b.VfPpkd-rymPhb-ibnC6b-OWXEXe-gk6SMd{background-color:rgba(138,180,248,.24)}.jR8x9d .zNgRPc .bwNLcf .VfPpkd-rymPhb-ibnC6b.VfPpkd-rymPhb-ibnC6b-OWXEXe-gk6SMd .VfPpkd-rymPhb-pZXsl::before,.jR8x9d .zNgRPc .bwNLcf .VfPpkd-rymPhb-ibnC6b.VfPpkd-rymPhb-ibnC6b-OWXEXe-gk6SMd .VfPpkd-rymPhb-pZXsl::after{background-color:rgb(138,180,248);background-color:var(--mdc-ripple-color,rgb(138,180,248))}.jR8x9d .zNgRPc .bwNLcf .VfPpkd-rymPhb-ibnC6b.VfPpkd-rymPhb-ibnC6b-OWXEXe-gk6SMd:hover .VfPpkd-rymPhb-pZXsl::before,.jR8x9d .zNgRPc .bwNLcf .VfPpkd-rymPhb-ibnC6b.VfPpkd-rymPhb-ibnC6b-OWXEXe-gk6SMd.VfPpkd-ksKsZd-XxIAqe-OWXEXe-ZmdkE .VfPpkd-rymPhb-pZXsl::before{opacity:.04;opacity:var(--mdc-ripple-hover-opacity,.04)}.jR8x9d .zNgRPc .bwNLcf .VfPpkd-rymPhb-ibnC6b.VfPpkd-rymPhb-ibnC6b-OWXEXe-gk6SMd.VfPpkd-ksKsZd-mWPk3d-OWXEXe-AHe6Kc-XpnDCe .VfPpkd-rymPhb-pZXsl::before,.jR8x9d .zNgRPc .bwNLcf .VfPpkd-rymPhb-ibnC6b.VfPpkd-rymPhb-ibnC6b-OWXEXe-gk6SMd:not(.VfPpkd-ksKsZd-mWPk3d):focus .VfPpkd-rymPhb-pZXsl::before{transition-duration:75ms;opacity:.12;opacity:var(--mdc-ripple-focus-opacity,.12)}.jR8x9d .zNgRPc .bwNLcf .VfPpkd-rymPhb-ibnC6b.VfPpkd-rymPhb-ibnC6b-OWXEXe-gk6SMd:not(.VfPpkd-ksKsZd-mWPk3d) .VfPpkd-rymPhb-pZXsl::after{transition:opacity .15s linear}.jR8x9d .zNgRPc .bwNLcf .VfPpkd-rymPhb-ibnC6b.VfPpkd-rymPhb-ibnC6b-OWXEXe-gk6SMd:not(.VfPpkd-ksKsZd-mWPk3d):active .VfPpkd-rymPhb-pZXsl::after{transition-duration:75ms;opacity:.1;opacity:var(--mdc-ripple-press-opacity,.1)}.jR8x9d .zNgRPc .bwNLcf .VfPpkd-rymPhb-ibnC6b.VfPpkd-rymPhb-ibnC6b-OWXEXe-gk6SMd.VfPpkd-ksKsZd-mWPk3d{--mdc-ripple-fg-opacity:var(--mdc-ripple-press-opacity,0.1)}.jR8x9d .zNgRPc .bwNLcf .VfPpkd-rymPhb-L8ivfd-fmcmS{color:rgb(154,160,166)}.jR8x9d .zNgRPc .bwNLcf .VfPpkd-rymPhb-clz4Ic{background-color:rgba(232,234,237,.12)}.jR8x9d .zNgRPc .bwNLcf .VfPpkd-rymPhb-ibnC6b-OWXEXe-SfQLQb-M1Soyc-Bz112c .VfPpkd-rymPhb-KkROqb,.jR8x9d .zNgRPc .bwNLcf .VfPpkd-rymPhb-ibnC6b-OWXEXe-SfQLQb-UbuQg-Bz112c .VfPpkd-rymPhb-JMEf7e{color:rgb(232,234,237)}.jR8x9d .zNgRPc .bwNLcf .VfPpkd-rymPhb-ibnC6b .VfPpkd-rymPhb-pZXsl::before,.jR8x9d .zNgRPc .bwNLcf .VfPpkd-rymPhb-ibnC6b .VfPpkd-rymPhb-pZXsl::after{background-color:rgb(232,234,237);background-color:var(--mdc-ripple-color,rgb(232,234,237))}.jR8x9d .zNgRPc .bwNLcf .VfPpkd-rymPhb-ibnC6b:hover .VfPpkd-rymPhb-pZXsl::before,.jR8x9d .zNgRPc .bwNLcf .VfPpkd-rymPhb-ibnC6b.VfPpkd-ksKsZd-XxIAqe-OWXEXe-ZmdkE .VfPpkd-rymPhb-pZXsl::before{opacity:.04;opacity:var(--mdc-ripple-hover-opacity,.04)}.jR8x9d .zNgRPc .bwNLcf .VfPpkd-rymPhb-ibnC6b.VfPpkd-ksKsZd-mWPk3d-OWXEXe-AHe6Kc-XpnDCe .VfPpkd-rymPhb-pZXsl::before,.jR8x9d .zNgRPc .bwNLcf .VfPpkd-rymPhb-ibnC6b:not(.VfPpkd-ksKsZd-mWPk3d):focus .VfPpkd-rymPhb-pZXsl::before{transition-duration:75ms;opacity:.12;opacity:var(--mdc-ripple-focus-opacity,.12)}.jR8x9d .zNgRPc .bwNLcf .VfPpkd-rymPhb-ibnC6b:not(.VfPpkd-ksKsZd-mWPk3d) .VfPpkd-rymPhb-pZXsl::after{transition:opacity .15s linear}.jR8x9d .zNgRPc .bwNLcf .VfPpkd-rymPhb-ibnC6b:not(.VfPpkd-ksKsZd-mWPk3d):active .VfPpkd-rymPhb-pZXsl::after{transition-duration:75ms;opacity:.1;opacity:var(--mdc-ripple-press-opacity,.1)}.jR8x9d .zNgRPc .bwNLcf .VfPpkd-rymPhb-ibnC6b.VfPpkd-ksKsZd-mWPk3d{--mdc-ripple-fg-opacity:var(--mdc-ripple-press-opacity,0.1)}}@media screen and (prefers-color-scheme:dark) and (forced-colors:active){.jR8x9d .zNgRPc .bwNLcf .VfPpkd-rymPhb-ibnC6b-OWXEXe-OWB6Me .VfPpkd-rymPhb-Gtdoyb,.jR8x9d .zNgRPc .bwNLcf .VfPpkd-rymPhb-ibnC6b-OWXEXe-OWB6Me .VfPpkd-rymPhb-fpDzbe-fmcmS,.jR8x9d .zNgRPc .bwNLcf .VfPpkd-rymPhb-ibnC6b-OWXEXe-OWB6Me .VfPpkd-rymPhb-L8ivfd-fmcmS,.jR8x9d .zNgRPc .bwNLcf .VfPpkd-rymPhb-ibnC6b-OWXEXe-OWB6Me .VfPpkd-rymPhb-bC5pod-fmcmS,.jR8x9d .zNgRPc .bwNLcf .VfPpkd-rymPhb-ibnC6b-OWXEXe-OWB6Me.VfPpkd-rymPhb-ibnC6b-OWXEXe-SfQLQb-M1Soyc-Bz112c .VfPpkd-rymPhb-KkROqb,.jR8x9d .zNgRPc .bwNLcf .VfPpkd-rymPhb-ibnC6b-OWXEXe-OWB6Me.VfPpkd-rymPhb-ibnC6b-OWXEXe-SfQLQb-UbuQg-Bz112c .VfPpkd-rymPhb-JMEf7e,.jR8x9d .zNgRPc .bwNLcf .VfPpkd-rymPhb-ibnC6b-OWXEXe-OWB6Me.VfPpkd-rymPhb-ibnC6b-OWXEXe-SfQLQb-UbuQg-r4m2rf .VfPpkd-rymPhb-JMEf7e{color:GrayText}.jR8x9d .zNgRPc .bwNLcf .VfPpkd-rymPhb-ibnC6b-OWXEXe-OWB6Me .VfPpkd-rymPhb-KkROqb,.jR8x9d .zNgRPc .bwNLcf .VfPpkd-rymPhb-ibnC6b-OWXEXe-OWB6Me .VfPpkd-rymPhb-Gtdoyb,.jR8x9d .zNgRPc .bwNLcf .VfPpkd-rymPhb-ibnC6b-OWXEXe-OWB6Me .VfPpkd-rymPhb-JMEf7e{opacity:1}}@media screen and (prefers-color-scheme:dark){.jR8x9d .zNgRPc .VfPpkd-XqMb-hFsbo{color:rgb(154,160,166)}.jR8x9d .zNgRPc .VfPpkd-XqMb-hFsbo:hover{color:rgb(248,249,250)}.jR8x9d .zNgRPc .VfPpkd-XqMb-hFsbo.VfPpkd-ksKsZd-mWPk3d-OWXEXe-AHe6Kc-XpnDCe,.jR8x9d .zNgRPc .VfPpkd-XqMb-hFsbo:not(.VfPpkd-ksKsZd-mWPk3d):focus{color:rgb(248,249,250)}.jR8x9d .zNgRPc .VfPpkd-XqMb-hFsbo:not(:disabled):active{color:rgb(248,249,250)}.jR8x9d .zNgRPc .VfPpkd-XqMb-hFsbo .VfPpkd-Bz112c-Jh9lGc::before,.jR8x9d .zNgRPc .VfPpkd-XqMb-hFsbo .VfPpkd-Bz112c-Jh9lGc::after{background-color:rgb(232,234,237);background-color:var(--mdc-ripple-color,rgb(232,234,237))}.jR8x9d .zNgRPc .VfPpkd-XqMb-hFsbo-OWXEXe-FGU2Pb-OWB6Me{color:rgba(232,234,237,.38)}.jR8x9d .zNgRPc .VfPpkd-XqMb-hFsbo-OWXEXe-FGU2Pb-OWB6Me:hover,.jR8x9d .zNgRPc .VfPpkd-XqMb-hFsbo-OWXEXe-FGU2Pb-OWB6Me.VfPpkd-ksKsZd-mWPk3d-OWXEXe-AHe6Kc-XpnDCe,.jR8x9d .zNgRPc .VfPpkd-XqMb-hFsbo-OWXEXe-FGU2Pb-OWB6Me:not(.VfPpkd-ksKsZd-mWPk3d):focus,.jR8x9d .zNgRPc .VfPpkd-XqMb-hFsbo-OWXEXe-FGU2Pb-OWB6Me:not(:disabled):active{color:rgba(232,234,237,.38)}.jR8x9d .zNgRPc .VfPpkd-XqMb-S2QgGf-kj0dLd:not(:disabled){color:rgb(154,160,166);color:var(--mdc-text-button-label-text-color,rgb(154,160,166))}.jR8x9d .zNgRPc .VfPpkd-XqMb-S2QgGf-kj0dLd:not(:disabled):hover{color:rgb(248,249,250);color:var(--mdc-text-button-hover-label-text-color,rgb(248,249,250))}.jR8x9d .zNgRPc .VfPpkd-XqMb-S2QgGf-kj0dLd:not(:disabled).VfPpkd-ksKsZd-mWPk3d-OWXEXe-AHe6Kc-XpnDCe,.jR8x9d .zNgRPc .VfPpkd-XqMb-S2QgGf-kj0dLd:not(:disabled):not(.VfPpkd-ksKsZd-mWPk3d):focus{color:rgb(248,249,250);color:var(--mdc-text-button-focus-label-text-color,rgb(248,249,250))}.jR8x9d .zNgRPc .VfPpkd-XqMb-S2QgGf-kj0dLd:not(:disabled):not(:disabled):active{color:rgb(248,249,250);color:var(--mdc-text-button-pressed-label-text-color,rgb(248,249,250))}.jR8x9d .zNgRPc .VfPpkd-XqMb-S2QgGf-kj0dLd:disabled{color:rgb(154,160,166);color:var(--mdc-text-button-disabled-label-text-color,rgb(154,160,166))}.jR8x9d .zNgRPc .VfPpkd-hOoMI-haAclf .VfPpkd-hOoMI-ibnC6b.VfPpkd-rymPhb-ibnC6b-OWXEXe-gk6SMd{background-color:transparent}.jR8x9d .zNgRPc .VfPpkd-hOoMI-haAclf .VfPpkd-hOoMI-ibnC6b.VfPpkd-rymPhb-ibnC6b-OWXEXe-gk6SMd .VfPpkd-rymPhb-pZXsl::before,.jR8x9d .zNgRPc .VfPpkd-hOoMI-haAclf .VfPpkd-hOoMI-ibnC6b.VfPpkd-rymPhb-ibnC6b-OWXEXe-gk6SMd .VfPpkd-rymPhb-pZXsl::after{background-color:rgb(232,234,237);background-color:var(--mdc-ripple-color,rgb(232,234,237))}.jR8x9d .zNgRPc .VfPpkd-hOoMI-haAclf{background-color:rgb(32,33,36)}.jR8x9d .zNgRPc.VfPpkd-Zc28rc-OWXEXe-Mgvhmd-S2QgGf-FNFY6c .VfPpkd-XqMb-S2QgGf-kj0dLd:not(:disabled),.jR8x9d .zNgRPc.VfPpkd-Zc28rc-OWXEXe-WRCQcd-S2QgGf-FNFY6c .VfPpkd-XqMb-S2QgGf-kj0dLd:not(:disabled){color:rgb(248,249,250);color:var(--mdc-text-button-label-text-color,rgb(248,249,250))}.jR8x9d .zNgRPc.VfPpkd-Zc28rc-OWXEXe-Mgvhmd-S2QgGf-FNFY6c .VfPpkd-XqMb-S2QgGf-kj0dLd:not(:disabled),.jR8x9d .zNgRPc.VfPpkd-Zc28rc-OWXEXe-WRCQcd-S2QgGf-FNFY6c .VfPpkd-XqMb-S2QgGf-kj0dLd:not(:disabled){background-color:rgba(232,234,237,.12)}.jR8x9d .zNgRPc.VfPpkd-Zc28rc-OWXEXe-Mgvhmd-S2QgGf-FNFY6c .VfPpkd-hOoMI-haAclf,.jR8x9d .zNgRPc.VfPpkd-Zc28rc-OWXEXe-WRCQcd-S2QgGf-FNFY6c .VfPpkd-hOoMI-haAclf{border-top-color:rgb(95,99,104)}.jR8x9d .zNgRPc .VfPpkd-HhDot-tJHJj{color:rgb(154,160,166)}.jR8x9d .zNgRPc .VfPpkd-RKhZBe-LgbsSe:not(:disabled){color:rgb(232,234,237);color:var(--mdc-outlined-button-label-text-color,rgb(232,234,237))}.jR8x9d .zNgRPc .VfPpkd-RKhZBe-LgbsSe:not(:disabled):hover{color:rgb(248,249,250);color:var(--mdc-outlined-button-hover-label-text-color,rgb(248,249,250))}.jR8x9d .zNgRPc .VfPpkd-RKhZBe-LgbsSe:not(:disabled).VfPpkd-ksKsZd-mWPk3d-OWXEXe-AHe6Kc-XpnDCe,.jR8x9d .zNgRPc .VfPpkd-RKhZBe-LgbsSe:not(:disabled):not(.VfPpkd-ksKsZd-mWPk3d):focus{color:rgb(248,249,250);color:var(--mdc-outlined-button-focus-label-text-color,rgb(248,249,250))}.jR8x9d .zNgRPc .VfPpkd-RKhZBe-LgbsSe:not(:disabled):not(:disabled):active{color:rgb(248,249,250);color:var(--mdc-outlined-button-pressed-label-text-color,rgb(248,249,250))}.jR8x9d .zNgRPc .VfPpkd-RKhZBe-LgbsSe:disabled{color:rgb(154,160,166);color:var(--mdc-outlined-button-disabled-label-text-color,rgb(154,160,166))}.jR8x9d .zNgRPc .VfPpkd-RKhZBe-LgbsSe .VfPpkd-Jh9lGc::before{background-color:rgb(232,234,237);background-color:var(--mdc-outlined-button-hover-state-layer-color,rgb(232,234,237))}.jR8x9d .zNgRPc .VfPpkd-RKhZBe-LgbsSe .VfPpkd-Jh9lGc::after{background-color:rgb(232,234,237);background-color:var(--mdc-outlined-button-pressed-state-layer-color,rgb(232,234,237))}.jR8x9d .zNgRPc .VfPpkd-RKhZBe-LgbsSe:hover .VfPpkd-Jh9lGc::before,.jR8x9d .zNgRPc .VfPpkd-RKhZBe-LgbsSe.VfPpkd-ksKsZd-XxIAqe-OWXEXe-ZmdkE .VfPpkd-Jh9lGc::before{opacity:.04;opacity:var(--mdc-outlined-button-hover-state-layer-opacity,.04)}.jR8x9d .zNgRPc .VfPpkd-RKhZBe-LgbsSe.VfPpkd-ksKsZd-mWPk3d-OWXEXe-AHe6Kc-XpnDCe .VfPpkd-Jh9lGc::before,.jR8x9d .zNgRPc .VfPpkd-RKhZBe-LgbsSe:not(.VfPpkd-ksKsZd-mWPk3d):focus .VfPpkd-Jh9lGc::before{transition-duration:75ms;opacity:.12;opacity:var(--mdc-outlined-button-focus-state-layer-opacity,.12)}.jR8x9d .zNgRPc .VfPpkd-RKhZBe-LgbsSe:not(.VfPpkd-ksKsZd-mWPk3d) .VfPpkd-Jh9lGc::after{transition:opacity .15s linear}.jR8x9d .zNgRPc .VfPpkd-RKhZBe-LgbsSe:not(.VfPpkd-ksKsZd-mWPk3d):active .VfPpkd-Jh9lGc::after{transition-duration:75ms;opacity:.1;opacity:var(--mdc-outlined-button-pressed-state-layer-opacity,.1)}.jR8x9d .zNgRPc .VfPpkd-RKhZBe-LgbsSe.VfPpkd-ksKsZd-mWPk3d{--mdc-ripple-fg-opacity:var(--mdc-outlined-button-pressed-state-layer-opacity,0.1)}.jR8x9d .zNgRPc .VfPpkd-RKhZBe-LgbsSe-OWXEXe-bAa4l:not(:disabled){color:rgb(138,180,248);color:var(--mdc-outlined-button-label-text-color,rgb(138,180,248))}.jR8x9d .zNgRPc .VfPpkd-RKhZBe-LgbsSe-OWXEXe-bAa4l:not(:disabled):hover{color:rgb(174,203,250);color:var(--mdc-outlined-button-hover-label-text-color,rgb(174,203,250))}.jR8x9d .zNgRPc .VfPpkd-RKhZBe-LgbsSe-OWXEXe-bAa4l:not(:disabled).VfPpkd-ksKsZd-mWPk3d-OWXEXe-AHe6Kc-XpnDCe,.jR8x9d .zNgRPc .VfPpkd-RKhZBe-LgbsSe-OWXEXe-bAa4l:not(:disabled):not(.VfPpkd-ksKsZd-mWPk3d):focus{color:rgb(174,203,250);color:var(--mdc-outlined-button-focus-label-text-color,rgb(174,203,250))}.jR8x9d .zNgRPc .VfPpkd-RKhZBe-LgbsSe-OWXEXe-bAa4l:not(:disabled):not(:disabled):active{color:rgb(174,203,250);color:var(--mdc-outlined-button-pressed-label-text-color,rgb(174,203,250))}.jR8x9d .zNgRPc .VfPpkd-RKhZBe-LgbsSe-OWXEXe-bAa4l .VfPpkd-Jh9lGc::before{background-color:rgb(174,203,250);background-color:var(--mdc-outlined-button-hover-state-layer-color,rgb(174,203,250))}.jR8x9d .zNgRPc .VfPpkd-RKhZBe-LgbsSe-OWXEXe-bAa4l .VfPpkd-Jh9lGc::after{background-color:rgb(174,203,250);background-color:var(--mdc-outlined-button-pressed-state-layer-color,rgb(174,203,250))}.jR8x9d .zNgRPc .VfPpkd-RKhZBe-LgbsSe-OWXEXe-bAa4l:hover .VfPpkd-Jh9lGc::before,.jR8x9d .zNgRPc .VfPpkd-RKhZBe-LgbsSe-OWXEXe-bAa4l.VfPpkd-ksKsZd-XxIAqe-OWXEXe-ZmdkE .VfPpkd-Jh9lGc::before{opacity:.04;opacity:var(--mdc-outlined-button-hover-state-layer-opacity,.04)}.jR8x9d .zNgRPc .VfPpkd-RKhZBe-LgbsSe-OWXEXe-bAa4l.VfPpkd-ksKsZd-mWPk3d-OWXEXe-AHe6Kc-XpnDCe .VfPpkd-Jh9lGc::before,.jR8x9d .zNgRPc .VfPpkd-RKhZBe-LgbsSe-OWXEXe-bAa4l:not(.VfPpkd-ksKsZd-mWPk3d):focus .VfPpkd-Jh9lGc::before{transition-duration:75ms;opacity:.12;opacity:var(--mdc-outlined-button-focus-state-layer-opacity,.12)}.jR8x9d .zNgRPc .VfPpkd-RKhZBe-LgbsSe-OWXEXe-bAa4l:not(.VfPpkd-ksKsZd-mWPk3d) .VfPpkd-Jh9lGc::after{transition:opacity .15s linear}.jR8x9d .zNgRPc .VfPpkd-RKhZBe-LgbsSe-OWXEXe-bAa4l:not(.VfPpkd-ksKsZd-mWPk3d):active .VfPpkd-Jh9lGc::after{transition-duration:75ms;opacity:.1;opacity:var(--mdc-outlined-button-pressed-state-layer-opacity,.1)}.jR8x9d .zNgRPc .VfPpkd-RKhZBe-LgbsSe-OWXEXe-bAa4l.VfPpkd-ksKsZd-mWPk3d{--mdc-ripple-fg-opacity:var(--mdc-outlined-button-pressed-state-layer-opacity,0.1)}.jR8x9d .zNgRPc .VfPpkd-RKhZBe-LgbsSe-OWXEXe-bAa4l:not(:disabled){border-color:rgb(138,180,248);border-color:var(--mdc-outlined-button-outline-color,rgb(138,180,248))}.jR8x9d .zNgRPc .VfPpkd-RKhZBe-LgbsSe-OWXEXe-bAa4l:not(:disabled).VfPpkd-ksKsZd-mWPk3d-OWXEXe-AHe6Kc-XpnDCe,.jR8x9d .zNgRPc .VfPpkd-RKhZBe-LgbsSe-OWXEXe-bAa4l:not(:disabled):not(.VfPpkd-ksKsZd-mWPk3d):focus{border-color:rgb(174,203,250);border-color:var(--mdc-outlined-button-focus-outline-color,rgb(174,203,250))}.jR8x9d .zNgRPc .VfPpkd-RKhZBe-LgbsSe-OWXEXe-bAa4l:not(:disabled):hover{border-color:rgb(174,203,250)}.jR8x9d .zNgRPc .VfPpkd-RKhZBe-LgbsSe-OWXEXe-bAa4l:not(:disabled):active,.jR8x9d .zNgRPc .VfPpkd-RKhZBe-LgbsSe-OWXEXe-bAa4l:not(:disabled):focus:active{border-color:rgb(174,203,250)}.jR8x9d .zNgRPc .VfPpkd-RKhZBe-LgbsSe-OWXEXe-gk6SMd:not(:disabled){color:rgb(32,33,36);color:var(--mdc-outlined-button-label-text-color,rgb(32,33,36))}.jR8x9d .zNgRPc .VfPpkd-RKhZBe-LgbsSe-OWXEXe-gk6SMd:not(:disabled):hover{color:rgb(32,33,36);color:var(--mdc-outlined-button-hover-label-text-color,rgb(32,33,36))}.jR8x9d .zNgRPc .VfPpkd-RKhZBe-LgbsSe-OWXEXe-gk6SMd:not(:disabled).VfPpkd-ksKsZd-mWPk3d-OWXEXe-AHe6Kc-XpnDCe,.jR8x9d .zNgRPc .VfPpkd-RKhZBe-LgbsSe-OWXEXe-gk6SMd:not(:disabled):not(.VfPpkd-ksKsZd-mWPk3d):focus{color:rgb(32,33,36);color:var(--mdc-outlined-button-focus-label-text-color,rgb(32,33,36))}.jR8x9d .zNgRPc .VfPpkd-RKhZBe-LgbsSe-OWXEXe-gk6SMd:not(:disabled):not(:disabled):active{color:rgb(32,33,36);color:var(--mdc-outlined-button-pressed-label-text-color,rgb(32,33,36))}.jR8x9d .zNgRPc .VfPpkd-RKhZBe-LgbsSe-OWXEXe-gk6SMd .VfPpkd-Jh9lGc::before{background-color:#fff;background-color:var(--mdc-outlined-button-hover-state-layer-color,#fff)}.jR8x9d .zNgRPc .VfPpkd-RKhZBe-LgbsSe-OWXEXe-gk6SMd .VfPpkd-Jh9lGc::after{background-color:#fff;background-color:var(--mdc-outlined-button-pressed-state-layer-color,#fff)}.jR8x9d .zNgRPc .VfPpkd-RKhZBe-LgbsSe-OWXEXe-gk6SMd:hover .VfPpkd-Jh9lGc::before,.jR8x9d .zNgRPc .VfPpkd-RKhZBe-LgbsSe-OWXEXe-gk6SMd.VfPpkd-ksKsZd-XxIAqe-OWXEXe-ZmdkE .VfPpkd-Jh9lGc::before{opacity:.16;opacity:var(--mdc-outlined-button-hover-state-layer-opacity,.16)}.jR8x9d .zNgRPc .VfPpkd-RKhZBe-LgbsSe-OWXEXe-gk6SMd.VfPpkd-ksKsZd-mWPk3d-OWXEXe-AHe6Kc-XpnDCe .VfPpkd-Jh9lGc::before,.jR8x9d .zNgRPc .VfPpkd-RKhZBe-LgbsSe-OWXEXe-gk6SMd:not(.VfPpkd-ksKsZd-mWPk3d):focus .VfPpkd-Jh9lGc::before{transition-duration:75ms;opacity:.24;opacity:var(--mdc-outlined-button-focus-state-layer-opacity,.24)}.jR8x9d .zNgRPc .VfPpkd-RKhZBe-LgbsSe-OWXEXe-gk6SMd:not(.VfPpkd-ksKsZd-mWPk3d) .VfPpkd-Jh9lGc::after{transition:opacity .15s linear}.jR8x9d .zNgRPc .VfPpkd-RKhZBe-LgbsSe-OWXEXe-gk6SMd:not(.VfPpkd-ksKsZd-mWPk3d):active .VfPpkd-Jh9lGc::after{transition-duration:75ms;opacity:.2;opacity:var(--mdc-outlined-button-pressed-state-layer-opacity,.2)}.jR8x9d .zNgRPc .VfPpkd-RKhZBe-LgbsSe-OWXEXe-gk6SMd.VfPpkd-ksKsZd-mWPk3d{--mdc-ripple-fg-opacity:var(--mdc-outlined-button-pressed-state-layer-opacity,0.2)}.jR8x9d .zNgRPc .VfPpkd-RKhZBe-LgbsSe-OWXEXe-gk6SMd:not(:disabled){background-color:rgb(138,180,248)}.jR8x9d .zNgRPc .VfPpkd-RKhZBe-LgbsSe-OWXEXe-gk6SMd:not(:disabled):hover{background-color:rgb(138,180,248)}.jR8x9d .zNgRPc .VfPpkd-RKhZBe-LgbsSe-OWXEXe-gk6SMd:not(:disabled).VfPpkd-ksKsZd-mWPk3d-OWXEXe-AHe6Kc-XpnDCe,.jR8x9d .zNgRPc .VfPpkd-RKhZBe-LgbsSe-OWXEXe-gk6SMd:not(:disabled):not(.VfPpkd-ksKsZd-mWPk3d):focus{background-color:rgb(138,180,248)}.jR8x9d .zNgRPc .VfPpkd-RKhZBe-LgbsSe-OWXEXe-gk6SMd:not(:disabled):not(:disabled):active{background-color:rgb(138,180,248)}.jR8x9d .zNgRPc .VfPpkd-RKhZBe-LgbsSe-OWXEXe-OWB6Me:not(:disabled){color:rgb(154,160,166);color:var(--mdc-outlined-button-label-text-color,rgb(154,160,166))}.jR8x9d .zNgRPc .VfPpkd-RKhZBe-LgbsSe-OWXEXe-OWB6Me:not(:disabled):hover{color:rgb(154,160,166);color:var(--mdc-outlined-button-hover-label-text-color,rgb(154,160,166))}.jR8x9d .zNgRPc .VfPpkd-RKhZBe-LgbsSe-OWXEXe-OWB6Me:not(:disabled).VfPpkd-ksKsZd-mWPk3d-OWXEXe-AHe6Kc-XpnDCe,.jR8x9d .zNgRPc .VfPpkd-RKhZBe-LgbsSe-OWXEXe-OWB6Me:not(:disabled):not(.VfPpkd-ksKsZd-mWPk3d):focus{color:rgb(154,160,166);color:var(--mdc-outlined-button-focus-label-text-color,rgb(154,160,166))}.jR8x9d .zNgRPc .VfPpkd-RKhZBe-LgbsSe-OWXEXe-OWB6Me:not(:disabled):not(:disabled):active{color:rgb(154,160,166);color:var(--mdc-outlined-button-pressed-label-text-color,rgb(154,160,166))}.jR8x9d .zNgRPc .VfPpkd-RKhZBe-LgbsSe-OWXEXe-C3kE6:not(:disabled){color:rgb(154,160,166);color:var(--mdc-outlined-button-label-text-color,rgb(154,160,166))}.jR8x9d .zNgRPc .VfPpkd-RKhZBe-LgbsSe-OWXEXe-C3kE6:not(:disabled):hover{color:rgb(248,249,250);color:var(--mdc-outlined-button-hover-label-text-color,rgb(248,249,250))}.jR8x9d .zNgRPc .VfPpkd-RKhZBe-LgbsSe-OWXEXe-C3kE6:not(:disabled).VfPpkd-ksKsZd-mWPk3d-OWXEXe-AHe6Kc-XpnDCe,.jR8x9d .zNgRPc .VfPpkd-RKhZBe-LgbsSe-OWXEXe-C3kE6:not(:disabled):not(.VfPpkd-ksKsZd-mWPk3d):focus{color:rgb(248,249,250);color:var(--mdc-outlined-button-focus-label-text-color,rgb(248,249,250))}.jR8x9d .zNgRPc .VfPpkd-RKhZBe-LgbsSe-OWXEXe-C3kE6:not(:disabled):not(:disabled):active{color:rgb(248,249,250);color:var(--mdc-outlined-button-pressed-label-text-color,rgb(248,249,250))}.jR8x9d .zNgRPc .VfPpkd-RKhZBe-LgbsSe-OWXEXe-C3kE6.VfPpkd-RKhZBe-LgbsSe-OWXEXe-bAa4l:not(:disabled){color:rgb(138,180,248);color:var(--mdc-outlined-button-label-text-color,rgb(138,180,248))}.jR8x9d .zNgRPc .VfPpkd-RKhZBe-LgbsSe-OWXEXe-C3kE6.VfPpkd-RKhZBe-LgbsSe-OWXEXe-bAa4l:not(:disabled):hover{color:rgb(174,203,250);color:var(--mdc-outlined-button-hover-label-text-color,rgb(174,203,250))}.jR8x9d .zNgRPc .VfPpkd-RKhZBe-LgbsSe-OWXEXe-C3kE6.VfPpkd-RKhZBe-LgbsSe-OWXEXe-bAa4l:not(:disabled).VfPpkd-ksKsZd-mWPk3d-OWXEXe-AHe6Kc-XpnDCe,.jR8x9d .zNgRPc .VfPpkd-RKhZBe-LgbsSe-OWXEXe-C3kE6.VfPpkd-RKhZBe-LgbsSe-OWXEXe-bAa4l:not(:disabled):not(.VfPpkd-ksKsZd-mWPk3d):focus{color:rgb(174,203,250);color:var(--mdc-outlined-button-focus-label-text-color,rgb(174,203,250))}.jR8x9d .zNgRPc .VfPpkd-RKhZBe-LgbsSe-OWXEXe-C3kE6.VfPpkd-RKhZBe-LgbsSe-OWXEXe-bAa4l:not(:disabled):not(:disabled):active{color:rgb(174,203,250);color:var(--mdc-outlined-button-pressed-label-text-color,rgb(174,203,250))}.jR8x9d .zNgRPc .VfPpkd-RKhZBe-LgbsSe-OWXEXe-C3kE6.VfPpkd-RKhZBe-LgbsSe-OWXEXe-bAa4l .VfPpkd-Jh9lGc::before{background-color:rgb(174,203,250);background-color:var(--mdc-outlined-button-hover-state-layer-color,rgb(174,203,250))}.jR8x9d .zNgRPc .VfPpkd-RKhZBe-LgbsSe-OWXEXe-C3kE6.VfPpkd-RKhZBe-LgbsSe-OWXEXe-bAa4l .VfPpkd-Jh9lGc::after{background-color:rgb(174,203,250);background-color:var(--mdc-outlined-button-pressed-state-layer-color,rgb(174,203,250))}.jR8x9d .zNgRPc .VfPpkd-RKhZBe-LgbsSe-OWXEXe-C3kE6.VfPpkd-RKhZBe-LgbsSe-OWXEXe-bAa4l:hover .VfPpkd-Jh9lGc::before,.jR8x9d .zNgRPc .VfPpkd-RKhZBe-LgbsSe-OWXEXe-C3kE6.VfPpkd-RKhZBe-LgbsSe-OWXEXe-bAa4l.VfPpkd-ksKsZd-XxIAqe-OWXEXe-ZmdkE .VfPpkd-Jh9lGc::before{opacity:.04;opacity:var(--mdc-outlined-button-hover-state-layer-opacity,.04)}.jR8x9d .zNgRPc .VfPpkd-RKhZBe-LgbsSe-OWXEXe-C3kE6.VfPpkd-RKhZBe-LgbsSe-OWXEXe-bAa4l.VfPpkd-ksKsZd-mWPk3d-OWXEXe-AHe6Kc-XpnDCe .VfPpkd-Jh9lGc::before,.jR8x9d .zNgRPc .VfPpkd-RKhZBe-LgbsSe-OWXEXe-C3kE6.VfPpkd-RKhZBe-LgbsSe-OWXEXe-bAa4l:not(.VfPpkd-ksKsZd-mWPk3d):focus .VfPpkd-Jh9lGc::before{transition-duration:75ms;opacity:.12;opacity:var(--mdc-outlined-button-focus-state-layer-opacity,.12)}.jR8x9d .zNgRPc .VfPpkd-RKhZBe-LgbsSe-OWXEXe-C3kE6.VfPpkd-RKhZBe-LgbsSe-OWXEXe-bAa4l:not(.VfPpkd-ksKsZd-mWPk3d) .VfPpkd-Jh9lGc::after{transition:opacity .15s linear}.jR8x9d .zNgRPc .VfPpkd-RKhZBe-LgbsSe-OWXEXe-C3kE6.VfPpkd-RKhZBe-LgbsSe-OWXEXe-bAa4l:not(.VfPpkd-ksKsZd-mWPk3d):active .VfPpkd-Jh9lGc::after{transition-duration:75ms;opacity:.1;opacity:var(--mdc-outlined-button-pressed-state-layer-opacity,.1)}.jR8x9d .zNgRPc .VfPpkd-RKhZBe-LgbsSe-OWXEXe-C3kE6.VfPpkd-RKhZBe-LgbsSe-OWXEXe-bAa4l.VfPpkd-ksKsZd-mWPk3d{--mdc-ripple-fg-opacity:var(--mdc-outlined-button-pressed-state-layer-opacity,0.1)}.jR8x9d .zNgRPc .VfPpkd-RKhZBe-LgbsSe-OWXEXe-C3kE6.VfPpkd-RKhZBe-LgbsSe-OWXEXe-bAa4l:not(:disabled){border-color:rgb(138,180,248);border-color:var(--mdc-outlined-button-outline-color,rgb(138,180,248))}.jR8x9d .zNgRPc .VfPpkd-RKhZBe-LgbsSe-OWXEXe-C3kE6.VfPpkd-RKhZBe-LgbsSe-OWXEXe-bAa4l:not(:disabled).VfPpkd-ksKsZd-mWPk3d-OWXEXe-AHe6Kc-XpnDCe,.jR8x9d .zNgRPc .VfPpkd-RKhZBe-LgbsSe-OWXEXe-C3kE6.VfPpkd-RKhZBe-LgbsSe-OWXEXe-bAa4l:not(:disabled):not(.VfPpkd-ksKsZd-mWPk3d):focus{border-color:rgb(174,203,250);border-color:var(--mdc-outlined-button-focus-outline-color,rgb(174,203,250))}.jR8x9d .zNgRPc .VfPpkd-RKhZBe-LgbsSe-OWXEXe-C3kE6.VfPpkd-RKhZBe-LgbsSe-OWXEXe-bAa4l:not(:disabled):hover{border-color:rgb(174,203,250)}.jR8x9d .zNgRPc .VfPpkd-RKhZBe-LgbsSe-OWXEXe-C3kE6.VfPpkd-RKhZBe-LgbsSe-OWXEXe-bAa4l:not(:disabled):active,.jR8x9d .zNgRPc .VfPpkd-RKhZBe-LgbsSe-OWXEXe-C3kE6.VfPpkd-RKhZBe-LgbsSe-OWXEXe-bAa4l:not(:disabled):focus:active{border-color:rgb(174,203,250)}.jR8x9d .zNgRPc .VfPpkd-RKhZBe-LgbsSe-OWXEXe-C3kE6.VfPpkd-RKhZBe-LgbsSe-OWXEXe-gk6SMd:not(:disabled){color:rgb(32,33,36);color:var(--mdc-outlined-button-label-text-color,rgb(32,33,36))}.jR8x9d .zNgRPc .VfPpkd-RKhZBe-LgbsSe-OWXEXe-C3kE6.VfPpkd-RKhZBe-LgbsSe-OWXEXe-gk6SMd:not(:disabled):hover{color:rgb(32,33,36);color:var(--mdc-outlined-button-hover-label-text-color,rgb(32,33,36))}.jR8x9d .zNgRPc .VfPpkd-RKhZBe-LgbsSe-OWXEXe-C3kE6.VfPpkd-RKhZBe-LgbsSe-OWXEXe-gk6SMd:not(:disabled).VfPpkd-ksKsZd-mWPk3d-OWXEXe-AHe6Kc-XpnDCe,.jR8x9d .zNgRPc .VfPpkd-RKhZBe-LgbsSe-OWXEXe-C3kE6.VfPpkd-RKhZBe-LgbsSe-OWXEXe-gk6SMd:not(:disabled):not(.VfPpkd-ksKsZd-mWPk3d):focus{color:rgb(32,33,36);color:var(--mdc-outlined-button-focus-label-text-color,rgb(32,33,36))}.jR8x9d .zNgRPc .VfPpkd-RKhZBe-LgbsSe-OWXEXe-C3kE6.VfPpkd-RKhZBe-LgbsSe-OWXEXe-gk6SMd:not(:disabled):not(:disabled):active{color:rgb(32,33,36);color:var(--mdc-outlined-button-pressed-label-text-color,rgb(32,33,36))}.jR8x9d .zNgRPc .VfPpkd-RKhZBe-LgbsSe-OWXEXe-C3kE6.VfPpkd-RKhZBe-LgbsSe-OWXEXe-gk6SMd .VfPpkd-Jh9lGc::before{background-color:#fff;background-color:var(--mdc-outlined-button-hover-state-layer-color,#fff)}.jR8x9d .zNgRPc .VfPpkd-RKhZBe-LgbsSe-OWXEXe-C3kE6.VfPpkd-RKhZBe-LgbsSe-OWXEXe-gk6SMd .VfPpkd-Jh9lGc::after{background-color:#fff;background-color:var(--mdc-outlined-button-pressed-state-layer-color,#fff)}.jR8x9d .zNgRPc .VfPpkd-RKhZBe-LgbsSe-OWXEXe-C3kE6.VfPpkd-RKhZBe-LgbsSe-OWXEXe-gk6SMd:hover .VfPpkd-Jh9lGc::before,.jR8x9d .zNgRPc .VfPpkd-RKhZBe-LgbsSe-OWXEXe-C3kE6.VfPpkd-RKhZBe-LgbsSe-OWXEXe-gk6SMd.VfPpkd-ksKsZd-XxIAqe-OWXEXe-ZmdkE .VfPpkd-Jh9lGc::before{opacity:.16;opacity:var(--mdc-outlined-button-hover-state-layer-opacity,.16)}.jR8x9d .zNgRPc .VfPpkd-RKhZBe-LgbsSe-OWXEXe-C3kE6.VfPpkd-RKhZBe-LgbsSe-OWXEXe-gk6SMd.VfPpkd-ksKsZd-mWPk3d-OWXEXe-AHe6Kc-XpnDCe .VfPpkd-Jh9lGc::before,.jR8x9d .zNgRPc .VfPpkd-RKhZBe-LgbsSe-OWXEXe-C3kE6.VfPpkd-RKhZBe-LgbsSe-OWXEXe-gk6SMd:not(.VfPpkd-ksKsZd-mWPk3d):focus .VfPpkd-Jh9lGc::before{transition-duration:75ms;opacity:.24;opacity:var(--mdc-outlined-button-focus-state-layer-opacity,.24)}.jR8x9d .zNgRPc .VfPpkd-RKhZBe-LgbsSe-OWXEXe-C3kE6.VfPpkd-RKhZBe-LgbsSe-OWXEXe-gk6SMd:not(.VfPpkd-ksKsZd-mWPk3d) .VfPpkd-Jh9lGc::after{transition:opacity .15s linear}.jR8x9d .zNgRPc .VfPpkd-RKhZBe-LgbsSe-OWXEXe-C3kE6.VfPpkd-RKhZBe-LgbsSe-OWXEXe-gk6SMd:not(.VfPpkd-ksKsZd-mWPk3d):active .VfPpkd-Jh9lGc::after{transition-duration:75ms;opacity:.2;opacity:var(--mdc-outlined-button-pressed-state-layer-opacity,.2)}.jR8x9d .zNgRPc .VfPpkd-RKhZBe-LgbsSe-OWXEXe-C3kE6.VfPpkd-RKhZBe-LgbsSe-OWXEXe-gk6SMd.VfPpkd-ksKsZd-mWPk3d{--mdc-ripple-fg-opacity:var(--mdc-outlined-button-pressed-state-layer-opacity,0.2)}.jR8x9d .zNgRPc .VfPpkd-RKhZBe-LgbsSe-OWXEXe-C3kE6.VfPpkd-RKhZBe-LgbsSe-OWXEXe-gk6SMd:not(:disabled){background-color:rgb(138,180,248)}.jR8x9d .zNgRPc .VfPpkd-RKhZBe-LgbsSe-OWXEXe-C3kE6.VfPpkd-RKhZBe-LgbsSe-OWXEXe-gk6SMd:not(:disabled):hover{background-color:rgb(138,180,248)}.jR8x9d .zNgRPc .VfPpkd-RKhZBe-LgbsSe-OWXEXe-C3kE6.VfPpkd-RKhZBe-LgbsSe-OWXEXe-gk6SMd:not(:disabled).VfPpkd-ksKsZd-mWPk3d-OWXEXe-AHe6Kc-XpnDCe,.jR8x9d .zNgRPc .VfPpkd-RKhZBe-LgbsSe-OWXEXe-C3kE6.VfPpkd-RKhZBe-LgbsSe-OWXEXe-gk6SMd:not(:disabled):not(.VfPpkd-ksKsZd-mWPk3d):focus{background-color:rgb(138,180,248)}.jR8x9d .zNgRPc .VfPpkd-RKhZBe-LgbsSe-OWXEXe-C3kE6.VfPpkd-RKhZBe-LgbsSe-OWXEXe-gk6SMd:not(:disabled):not(:disabled):active{background-color:rgb(138,180,248)}.jR8x9d .f8F5Dd{background-color:rgb(32,33,36);border-width:0;box-shadow:0 1px 2px 0 rgba(0,0,0,.3),0 2px 6px 2px rgba(0,0,0,.15)}.jR8x9d .f8F5Dd .VfPpkd-BFbNVe-bF1uUb{opacity:.08}.jR8x9d .ad0uI .VfPpkd-GRS59e:not(:disabled){color:rgb(138,180,248);color:var(--mdc-text-button-label-text-color,rgb(138,180,248))}.jR8x9d .ad0uI .VfPpkd-GRS59e:not(:disabled):hover{color:rgb(174,203,250);color:var(--mdc-text-button-hover-label-text-color,rgb(174,203,250))}.jR8x9d .ad0uI .VfPpkd-GRS59e:not(:disabled).VfPpkd-ksKsZd-mWPk3d-OWXEXe-AHe6Kc-XpnDCe,.jR8x9d .ad0uI .VfPpkd-GRS59e:not(:disabled):not(.VfPpkd-ksKsZd-mWPk3d):focus{color:rgb(174,203,250);color:var(--mdc-text-button-focus-label-text-color,rgb(174,203,250))}.jR8x9d .ad0uI .VfPpkd-GRS59e:not(:disabled):not(:disabled):active{color:rgb(174,203,250);color:var(--mdc-text-button-pressed-label-text-color,rgb(174,203,250))}.jR8x9d .ad0uI .VfPpkd-GRS59e .VfPpkd-Jh9lGc::before{background-color:rgb(174,203,250);background-color:var(--mdc-text-button-hover-state-layer-color,rgb(174,203,250))}.jR8x9d .ad0uI .VfPpkd-GRS59e .VfPpkd-Jh9lGc::after{background-color:rgb(174,203,250);background-color:var(--mdc-text-button-pressed-state-layer-color,rgb(174,203,250))}.jR8x9d .ad0uI .VfPpkd-GRS59e:hover .VfPpkd-Jh9lGc::before,.jR8x9d .ad0uI .VfPpkd-GRS59e.VfPpkd-ksKsZd-XxIAqe-OWXEXe-ZmdkE .VfPpkd-Jh9lGc::before{opacity:.04;opacity:var(--mdc-text-button-hover-state-layer-opacity,.04)}.jR8x9d .ad0uI .VfPpkd-GRS59e.VfPpkd-ksKsZd-mWPk3d-OWXEXe-AHe6Kc-XpnDCe .VfPpkd-Jh9lGc::before,.jR8x9d .ad0uI .VfPpkd-GRS59e:not(.VfPpkd-ksKsZd-mWPk3d):focus .VfPpkd-Jh9lGc::before{transition-duration:75ms;opacity:.12;opacity:var(--mdc-text-button-focus-state-layer-opacity,.12)}.jR8x9d .ad0uI .VfPpkd-GRS59e:not(.VfPpkd-ksKsZd-mWPk3d) .VfPpkd-Jh9lGc::after{transition:opacity .15s linear}.jR8x9d .ad0uI .VfPpkd-GRS59e:not(.VfPpkd-ksKsZd-mWPk3d):active .VfPpkd-Jh9lGc::after{transition-duration:75ms;opacity:.1;opacity:var(--mdc-text-button-pressed-state-layer-opacity,.1)}.jR8x9d .ad0uI .VfPpkd-GRS59e.VfPpkd-ksKsZd-mWPk3d{--mdc-ripple-fg-opacity:var(--mdc-text-button-pressed-state-layer-opacity,0.1)}.jR8x9d .zF2sRd .VfPpkd-Cv7pCf-ornU0b{color:rgb(189,193,198)}.jR8x9d .zF2sRd .VfPpkd-Cv7pCf-ornU0b:disabled{color:rgba(232,234,237,.38)}.jR8x9d .zF2sRd .VfPpkd-Cv7pCf-ornU0b .VfPpkd-Bz112c-Jh9lGc::before,.jR8x9d .zF2sRd .VfPpkd-Cv7pCf-ornU0b .VfPpkd-Bz112c-Jh9lGc::after{background-color:rgb(232,234,237);background-color:var(--mdc-ripple-color,rgb(232,234,237))}.jR8x9d .zF2sRd .VfPpkd-Cv7pCf-ornU0b.VfPpkd-ksKsZd-mWPk3d-OWXEXe-AHe6Kc-XpnDCe,.jR8x9d .zF2sRd .VfPpkd-Cv7pCf-ornU0b:not(.VfPpkd-ksKsZd-mWPk3d):focus{color:rgb(248,249,250)}.jR8x9d .zF2sRd .VfPpkd-Cv7pCf-ornU0b:not(:disabled):active{color:rgb(248,249,250)}.jR8x9d .zF2sRd.VfPpkd-Zc28rc-OWXEXe-xl07Ob-FNFY6c .VfPpkd-Cv7pCf-ornU0b{color:rgb(248,249,250);background-color:rgba(232,234,237,.12)}.jR8x9d .zF2sRd .VfPpkd-Cv7pCf-ornU0b:hover,.jR8x9d .zF2sRd .VfPpkd-oEZKA:not(.VfPpkd-fmcmS-yrriRe-OWXEXe-XpnDCe):hover .VfPpkd-Cv7pCf-ornU0b{color:rgb(248,249,250)}.jR8x9d .zF2sRd .VfPpkd-Cv7pCf-ornU0b:hover:disabled,.jR8x9d .zF2sRd .VfPpkd-oEZKA:not(.VfPpkd-fmcmS-yrriRe-OWXEXe-XpnDCe):hover .VfPpkd-Cv7pCf-ornU0b:disabled{color:rgba(232,234,237,.38)}.jR8x9d .cNUpL .VfPpkd-Cv7pCf-ornU0b{color:rgb(154,160,166)}.jR8x9d .cNUpL .VfPpkd-Cv7pCf-ornU0b:disabled{color:rgba(232,234,237,.38)}.jR8x9d .cNUpL .VfPpkd-Cv7pCf-ornU0b .VfPpkd-Bz112c-Jh9lGc::before,.jR8x9d .cNUpL .VfPpkd-Cv7pCf-ornU0b .VfPpkd-Bz112c-Jh9lGc::after{background-color:rgb(232,234,237);background-color:var(--mdc-ripple-color,rgb(232,234,237))}.jR8x9d .cNUpL .VfPpkd-Cv7pCf-ornU0b.VfPpkd-ksKsZd-mWPk3d-OWXEXe-AHe6Kc-XpnDCe,.jR8x9d .cNUpL .VfPpkd-Cv7pCf-ornU0b:not(.VfPpkd-ksKsZd-mWPk3d):focus{color:rgb(248,249,250)}.jR8x9d .cNUpL .VfPpkd-Cv7pCf-ornU0b:not(:disabled):active{color:rgb(248,249,250)}.jR8x9d .cNUpL.VfPpkd-Zc28rc-OWXEXe-xl07Ob-FNFY6c .VfPpkd-Cv7pCf-ornU0b{color:rgb(248,249,250);background-color:rgba(232,234,237,.12)}.jR8x9d .cNUpL .VfPpkd-Cv7pCf-ornU0b:hover,.jR8x9d .cNUpL .VfPpkd-oEZKA:not(.VfPpkd-fmcmS-yrriRe-OWXEXe-XpnDCe):hover .VfPpkd-Cv7pCf-ornU0b{color:rgb(248,249,250)}.jR8x9d .cNUpL .VfPpkd-Cv7pCf-ornU0b:hover:disabled,.jR8x9d .cNUpL .VfPpkd-oEZKA:not(.VfPpkd-fmcmS-yrriRe-OWXEXe-XpnDCe):hover .VfPpkd-Cv7pCf-ornU0b:disabled{color:rgba(232,234,237,.38)}.jR8x9d .UDxLd .VfPpkd-k2Wrsb{color:#e8eaed}.jR8x9d .UDxLd .VfPpkd-cnG4Wd{color:#9aa0a6}.jR8x9d .UDxLd .VfPpkd-zMU9ub{color:rgb(154,160,166)}.jR8x9d .UDxLd .VfPpkd-zMU9ub .VfPpkd-Bz112c-Jh9lGc::before,.jR8x9d .UDxLd .VfPpkd-zMU9ub .VfPpkd-Bz112c-Jh9lGc::after{background-color:rgb(154,160,166);background-color:var(--mdc-ripple-color,rgb(154,160,166))}.jR8x9d .UDxLd .VfPpkd-zMU9ub:hover .VfPpkd-Bz112c-Jh9lGc::before,.jR8x9d .UDxLd .VfPpkd-zMU9ub.VfPpkd-ksKsZd-XxIAqe-OWXEXe-ZmdkE .VfPpkd-Bz112c-Jh9lGc::before{opacity:.08;opacity:var(--mdc-ripple-hover-opacity,.08)}.jR8x9d .UDxLd .VfPpkd-zMU9ub.VfPpkd-ksKsZd-mWPk3d-OWXEXe-AHe6Kc-XpnDCe .VfPpkd-Bz112c-Jh9lGc::before,.jR8x9d .UDxLd .VfPpkd-zMU9ub:not(.VfPpkd-ksKsZd-mWPk3d):focus .VfPpkd-Bz112c-Jh9lGc::before{transition-duration:75ms;opacity:.24;opacity:var(--mdc-ripple-focus-opacity,.24)}.jR8x9d .UDxLd .VfPpkd-zMU9ub:not(.VfPpkd-ksKsZd-mWPk3d) .VfPpkd-Bz112c-Jh9lGc::after{transition:opacity .15s linear}.jR8x9d .UDxLd .VfPpkd-zMU9ub:not(.VfPpkd-ksKsZd-mWPk3d):active .VfPpkd-Bz112c-Jh9lGc::after{transition-duration:75ms;opacity:.24;opacity:var(--mdc-ripple-press-opacity,.24)}.jR8x9d .UDxLd .VfPpkd-zMU9ub.VfPpkd-ksKsZd-mWPk3d{--mdc-ripple-fg-opacity:var(--mdc-ripple-press-opacity,0.24)}.jR8x9d .UDxLd .VfPpkd-IE5DDf,.jR8x9d .UDxLd .VfPpkd-P5QLlc-GGAcbc{background-color:rgba(0,0,0,.87)}.jR8x9d .UDxLd .VfPpkd-P5QLlc{background-color:rgb(32,33,36)}.jR8x9d .UDxLd .VfPpkd-P5QLlc{border-width:0;box-shadow:0 1px 3px 0 rgba(0,0,0,.3),0 4px 8px 3px rgba(0,0,0,.15)}.jR8x9d .UDxLd .VfPpkd-P5QLlc .VfPpkd-BFbNVe-bF1uUb{opacity:.11}.jR8x9d .ZD5Qo{color:rgb(138,180,248)}.jR8x9d .NNFoTc{background-color:rgb(32,33,36);height:56px;width:56px;padding-top:2px;padding-top:max(0px,2px);padding-right:2px;padding-right:max(0px,2px);padding-bottom:2px;padding-bottom:max(0px,2px);padding-left:2px;padding-left:max(0px,2px)}.jR8x9d .NNFoTc:not(:disabled){box-shadow:0 1px 3px 0 rgba(0,0,0,.3),0 4px 8px 3px rgba(0,0,0,.15)}.jR8x9d .NNFoTc:not(:disabled) .VfPpkd-BFbNVe-bF1uUb{opacity:.11}.jR8x9d .NNFoTc:not(:disabled) .VfPpkd-BFbNVe-bF1uUb{background-color:rgb(232,234,237)}.jR8x9d .NNFoTc:not(:disabled):hover{box-shadow:0 2px 3px 0 rgba(0,0,0,.3),0 6px 10px 4px rgba(0,0,0,.15)}.jR8x9d .NNFoTc:not(:disabled):hover .VfPpkd-BFbNVe-bF1uUb{opacity:.12}.jR8x9d .NNFoTc:not(:disabled):hover .VfPpkd-BFbNVe-bF1uUb{background-color:rgb(232,234,237)}.jR8x9d .NNFoTc:not(:disabled):focus{box-shadow:0 1px 3px 0 rgba(0,0,0,.3),0 4px 8px 3px rgba(0,0,0,.15)}.jR8x9d .NNFoTc:not(:disabled):focus .VfPpkd-BFbNVe-bF1uUb{opacity:.11}.jR8x9d .NNFoTc:not(:disabled):focus .VfPpkd-BFbNVe-bF1uUb{background-color:rgb(232,234,237)}.jR8x9d .NNFoTc:not(:disabled):active{box-shadow:0 4px 4px 0 rgba(0,0,0,.3),0 8px 12px 6px rgba(0,0,0,.15)}.jR8x9d .NNFoTc:not(:disabled):active .VfPpkd-BFbNVe-bF1uUb{opacity:.14}.jR8x9d .NNFoTc:not(:disabled):active .VfPpkd-BFbNVe-bF1uUb{background-color:rgb(232,234,237)}.jR8x9d .NNFoTc:disabled{box-shadow:0 1px 3px 0 rgba(0,0,0,.3),0 4px 8px 3px rgba(0,0,0,.15)}.jR8x9d .NNFoTc:disabled .VfPpkd-BFbNVe-bF1uUb{opacity:.11}.jR8x9d .NNFoTc:disabled .VfPpkd-BFbNVe-bF1uUb{background-color:rgb(232,234,237)}.jR8x9d .NNFoTc .VfPpkd-Q0XOV{width:36px;height:36px;font-size:36px}.jR8x9d .NNFoTc:not(:disabled) .VfPpkd-Q0XOV{color:rgb(232,234,237)}.jR8x9d .NNFoTc:not(:disabled):hover .VfPpkd-Q0XOV{color:rgb(174,203,250)}.jR8x9d .NNFoTc:not(:disabled):focus .VfPpkd-Q0XOV{color:rgb(174,203,250)}.jR8x9d .NNFoTc .VfPpkd-wbSZ0b::before,.jR8x9d .NNFoTc .VfPpkd-wbSZ0b::after{background-color:rgb(138,180,248)}.jR8x9d .NNFoTc:hover .VfPpkd-wbSZ0b::before,.jR8x9d .NNFoTc.VfPpkd-ksKsZd-XxIAqe-OWXEXe-ZmdkE .VfPpkd-wbSZ0b::before{opacity:.04}.jR8x9d .NNFoTc.VfPpkd-ksKsZd-mWPk3d-OWXEXe-AHe6Kc-XpnDCe .VfPpkd-wbSZ0b::before,.jR8x9d .NNFoTc:not(.VfPpkd-ksKsZd-mWPk3d):focus .VfPpkd-wbSZ0b::before{transition-duration:75ms;opacity:.12}.jR8x9d .NNFoTc:not(.VfPpkd-ksKsZd-mWPk3d) .VfPpkd-wbSZ0b::after{transition:opacity .15s linear}.jR8x9d .NNFoTc:not(.VfPpkd-ksKsZd-mWPk3d):active .VfPpkd-wbSZ0b::after{transition-duration:75ms;opacity:.1}.jR8x9d .NNFoTc.VfPpkd-ksKsZd-mWPk3d{--mdc-ripple-fg-opacity:var(--mdc-fab-pressed-state-layer-opacity,0.1)}.jR8x9d .NNFoTc:not(:disabled).VfPpkd-ksKsZd-mWPk3d-OWXEXe-AHe6Kc-XpnDCe,.jR8x9d .NNFoTc:not(:disabled):not(.VfPpkd-ksKsZd-mWPk3d):focus{border-color:rgb(102,157,246)}.jR8x9d .NNFoTc:not(:disabled).VfPpkd-ksKsZd-mWPk3d-OWXEXe-AHe6Kc-XpnDCe,.jR8x9d .NNFoTc:not(:disabled):not(.VfPpkd-ksKsZd-mWPk3d):focus{border-style:solid;border-width:2px;padding-top:2px;padding-top:max(-2px,2px);padding-right:2px;padding-right:max(-2px,2px);padding-bottom:2px;padding-bottom:max(-2px,2px);padding-left:2px;padding-left:max(-2px,2px)}.jR8x9d .NNFoTc:not(.VfPpkd-BIzmGd-OWXEXe-X9G3K){border-radius:28px 28px 28px 28px}.jR8x9d .NNFoTc:not(.VfPpkd-BIzmGd-OWXEXe-X9G3K) .VfPpkd-wbSZ0b{border-radius:28px 28px 28px 28px}.jR8x9d .gl6QPb{background-color:rgb(32,33,36);height:48px;padding-top:max(0px,2px);padding-right:2px;padding-right:max(0px,2px);padding-bottom:max(0px,2px);padding-left:2px;padding-left:max(0px,2px);border-radius:24px 24px 24px 24px;font-family:Google Sans,Roboto,Arial,sans-serif;font-size:.875rem;font-weight:500;letter-spacing:.0178571429em;padding-top:2px;padding-right:24px;padding-bottom:2px;padding-left:24px}.jR8x9d .gl6QPb:not(:disabled){box-shadow:0 1px 3px 0 rgba(0,0,0,.3),0 4px 8px 3px rgba(0,0,0,.15)}.jR8x9d .gl6QPb:not(:disabled) .VfPpkd-BFbNVe-bF1uUb{opacity:.11}.jR8x9d .gl6QPb:not(:disabled) .VfPpkd-BFbNVe-bF1uUb{background-color:rgb(232,234,237)}.jR8x9d .gl6QPb:not(:disabled):hover{box-shadow:0 2px 3px 0 rgba(0,0,0,.3),0 6px 10px 4px rgba(0,0,0,.15)}.jR8x9d .gl6QPb:not(:disabled):hover .VfPpkd-BFbNVe-bF1uUb{opacity:.12}.jR8x9d .gl6QPb:not(:disabled):hover .VfPpkd-BFbNVe-bF1uUb{background-color:rgb(232,234,237)}.jR8x9d .gl6QPb:not(:disabled):focus{box-shadow:0 1px 3px 0 rgba(0,0,0,.3),0 4px 8px 3px rgba(0,0,0,.15)}.jR8x9d .gl6QPb:not(:disabled):focus .VfPpkd-BFbNVe-bF1uUb{opacity:.11}.jR8x9d .gl6QPb:not(:disabled):focus .VfPpkd-BFbNVe-bF1uUb{background-color:rgb(232,234,237)}.jR8x9d .gl6QPb:not(:disabled):active{box-shadow:0 4px 4px 0 rgba(0,0,0,.3),0 8px 12px 6px rgba(0,0,0,.15)}.jR8x9d .gl6QPb:not(:disabled):active .VfPpkd-BFbNVe-bF1uUb{opacity:.14}.jR8x9d .gl6QPb:not(:disabled):active .VfPpkd-BFbNVe-bF1uUb{background-color:rgb(232,234,237)}.jR8x9d .gl6QPb:disabled{box-shadow:0 1px 3px 0 rgba(0,0,0,.3),0 4px 8px 3px rgba(0,0,0,.15)}.jR8x9d .gl6QPb:disabled .VfPpkd-BFbNVe-bF1uUb{opacity:.11}.jR8x9d .gl6QPb:disabled .VfPpkd-BFbNVe-bF1uUb{background-color:rgb(232,234,237)}.jR8x9d .gl6QPb .VfPpkd-Q0XOV{width:36px;height:36px;font-size:36px}.jR8x9d .gl6QPb:not(:disabled) .VfPpkd-Q0XOV{color:rgb(232,234,237)}.jR8x9d .gl6QPb:not(:disabled):hover .VfPpkd-Q0XOV{color:rgb(174,203,250)}.jR8x9d .gl6QPb:not(:disabled):focus .VfPpkd-Q0XOV{color:rgb(174,203,250)}.jR8x9d .gl6QPb .VfPpkd-wbSZ0b::before,.jR8x9d .gl6QPb .VfPpkd-wbSZ0b::after{background-color:rgb(138,180,248)}.jR8x9d .gl6QPb:hover .VfPpkd-wbSZ0b::before,.jR8x9d .gl6QPb.VfPpkd-ksKsZd-XxIAqe-OWXEXe-ZmdkE .VfPpkd-wbSZ0b::before{opacity:.04}.jR8x9d .gl6QPb.VfPpkd-ksKsZd-mWPk3d-OWXEXe-AHe6Kc-XpnDCe .VfPpkd-wbSZ0b::before,.jR8x9d .gl6QPb:not(.VfPpkd-ksKsZd-mWPk3d):focus .VfPpkd-wbSZ0b::before{transition-duration:75ms;opacity:.12}.jR8x9d .gl6QPb:not(.VfPpkd-ksKsZd-mWPk3d) .VfPpkd-wbSZ0b::after{transition:opacity .15s linear}.jR8x9d .gl6QPb:not(.VfPpkd-ksKsZd-mWPk3d):active .VfPpkd-wbSZ0b::after{transition-duration:75ms;opacity:.1}.jR8x9d .gl6QPb.VfPpkd-ksKsZd-mWPk3d{--mdc-ripple-fg-opacity:var(--mdc-extended-fab-pressed-state-layer-opacity,0.1)}.jR8x9d .gl6QPb:not(:disabled).VfPpkd-ksKsZd-mWPk3d-OWXEXe-AHe6Kc-XpnDCe,.jR8x9d .gl6QPb:not(:disabled):not(.VfPpkd-ksKsZd-mWPk3d):focus{border-color:rgb(102,157,246)}.jR8x9d .gl6QPb:not(:disabled).VfPpkd-ksKsZd-mWPk3d-OWXEXe-AHe6Kc-XpnDCe,.jR8x9d .gl6QPb:not(:disabled):not(.VfPpkd-ksKsZd-mWPk3d):focus{padding-top:max(-2px,2px);padding-right:2px;padding-right:max(-2px,2px);padding-bottom:max(-2px,2px);padding-left:2px;padding-left:max(-2px,2px)}.jR8x9d .gl6QPb .VfPpkd-wbSZ0b{border-radius:24px 24px 24px 24px}.jR8x9d .gl6QPb:not(:disabled) .VfPpkd-nBWOSb{color:rgb(232,234,237)}.jR8x9d .gl6QPb:not(:disabled):hover .VfPpkd-nBWOSb{color:rgb(174,203,250)}.jR8x9d .gl6QPb:not(:disabled):focus .VfPpkd-nBWOSb{color:rgb(174,203,250)}.jR8x9d .gl6QPb:not(:disabled):active .VfPpkd-nBWOSb{color:rgb(174,203,250)}.jR8x9d .gl6QPb .VfPpkd-Q0XOV{margin-left:-12px;margin-right:12px}[dir=rtl] .jR8x9d .gl6QPb .VfPpkd-Q0XOV,.jR8x9d .gl6QPb .VfPpkd-Q0XOV[dir=rtl]{margin-left:12px;margin-right:-12px}.jR8x9d .gl6QPb .VfPpkd-nBWOSb+.VfPpkd-Q0XOV{margin-left:12px;margin-right:-12px}[dir=rtl] .jR8x9d .gl6QPb .VfPpkd-nBWOSb+.VfPpkd-Q0XOV,.jR8x9d .gl6QPb .VfPpkd-nBWOSb+.VfPpkd-Q0XOV[dir=rtl]{margin-left:-12px;margin-right:12px}.jR8x9d .gl6QPb:not(:disabled).VfPpkd-ksKsZd-mWPk3d-OWXEXe-AHe6Kc-XpnDCe,.jR8x9d .gl6QPb:not(:disabled):not(.VfPpkd-ksKsZd-mWPk3d):focus{border-style:solid;border-width:2px;padding-top:2px;padding-right:22px;padding-bottom:2px;padding-left:22px}.jR8x9d .Aykzec{background-color:rgb(138,180,248);height:48px;border-radius:24px 24px 24px 24px;font-family:Google Sans,Roboto,Arial,sans-serif;font-size:.875rem;font-weight:500;letter-spacing:.0178571429em}.jR8x9d .Aykzec:not(:disabled){box-shadow:0 1px 3px 0 rgba(0,0,0,.3),0 4px 8px 3px rgba(0,0,0,.15)}.jR8x9d .Aykzec:not(:disabled) .VfPpkd-BFbNVe-bF1uUb{opacity:.11}.jR8x9d .Aykzec:not(:disabled) .VfPpkd-BFbNVe-bF1uUb{background-color:rgb(232,234,237)}.jR8x9d .Aykzec:not(:disabled):hover{box-shadow:0 2px 3px 0 rgba(0,0,0,.3),0 6px 10px 4px rgba(0,0,0,.15)}.jR8x9d .Aykzec:not(:disabled):hover .VfPpkd-BFbNVe-bF1uUb{opacity:.12}.jR8x9d .Aykzec:not(:disabled):hover .VfPpkd-BFbNVe-bF1uUb{background-color:rgb(232,234,237)}.jR8x9d .Aykzec:not(:disabled):focus{box-shadow:0 1px 3px 0 rgba(0,0,0,.3),0 4px 8px 3px rgba(0,0,0,.15)}.jR8x9d .Aykzec:not(:disabled):focus .VfPpkd-BFbNVe-bF1uUb{opacity:.11}.jR8x9d .Aykzec:not(:disabled):focus .VfPpkd-BFbNVe-bF1uUb{background-color:rgb(232,234,237)}.jR8x9d .Aykzec:not(:disabled):active{box-shadow:0 4px 4px 0 rgba(0,0,0,.3),0 8px 12px 6px rgba(0,0,0,.15)}.jR8x9d .Aykzec:not(:disabled):active .VfPpkd-BFbNVe-bF1uUb{opacity:.14}.jR8x9d .Aykzec:not(:disabled):active .VfPpkd-BFbNVe-bF1uUb{background-color:rgb(232,234,237)}.jR8x9d .Aykzec:disabled{box-shadow:0 1px 3px 0 rgba(0,0,0,.3),0 4px 8px 3px rgba(0,0,0,.15)}.jR8x9d .Aykzec:disabled .VfPpkd-BFbNVe-bF1uUb{opacity:.11}.jR8x9d .Aykzec:disabled .VfPpkd-BFbNVe-bF1uUb{background-color:rgb(232,234,237)}.jR8x9d .Aykzec .VfPpkd-Q0XOV{width:24px;height:24px;font-size:24px}.jR8x9d .Aykzec:not(:disabled) .VfPpkd-Q0XOV{color:rgb(32,33,36)}.jR8x9d .Aykzec .VfPpkd-wbSZ0b::before,.jR8x9d .Aykzec .VfPpkd-wbSZ0b::after{background-color:rgb(255,255,255)}.jR8x9d .Aykzec:hover .VfPpkd-wbSZ0b::before,.jR8x9d .Aykzec.VfPpkd-ksKsZd-XxIAqe-OWXEXe-ZmdkE .VfPpkd-wbSZ0b::before{opacity:.16}.jR8x9d .Aykzec.VfPpkd-ksKsZd-mWPk3d-OWXEXe-AHe6Kc-XpnDCe .VfPpkd-wbSZ0b::before,.jR8x9d .Aykzec:not(.VfPpkd-ksKsZd-mWPk3d):focus .VfPpkd-wbSZ0b::before{transition-duration:75ms;opacity:.24}.jR8x9d .Aykzec:not(.VfPpkd-ksKsZd-mWPk3d) .VfPpkd-wbSZ0b::after{transition:opacity .15s linear}.jR8x9d .Aykzec:not(.VfPpkd-ksKsZd-mWPk3d):active .VfPpkd-wbSZ0b::after{transition-duration:75ms;opacity:.2}.jR8x9d .Aykzec.VfPpkd-ksKsZd-mWPk3d{--mdc-ripple-fg-opacity:var(--mdc-extended-fab-pressed-state-layer-opacity,0.2)}.jR8x9d .Aykzec .VfPpkd-wbSZ0b{border-radius:24px 24px 24px 24px}.jR8x9d .Aykzec:not(:disabled) .VfPpkd-nBWOSb{color:rgb(32,33,36)}.jR8x9d .W7mYUe{background-color:rgb(32,33,36);height:48px;border-radius:24px 24px 24px 24px;font-family:Google Sans,Roboto,Arial,sans-serif;font-size:.875rem;font-weight:500;letter-spacing:.0178571429em}.jR8x9d .W7mYUe:not(:disabled){box-shadow:0 1px 3px 0 rgba(0,0,0,.3),0 4px 8px 3px rgba(0,0,0,.15)}.jR8x9d .W7mYUe:not(:disabled) .VfPpkd-BFbNVe-bF1uUb{opacity:.11}.jR8x9d .W7mYUe:not(:disabled) .VfPpkd-BFbNVe-bF1uUb{background-color:rgb(232,234,237)}.jR8x9d .W7mYUe:not(:disabled):hover{box-shadow:0 2px 3px 0 rgba(0,0,0,.3),0 6px 10px 4px rgba(0,0,0,.15)}.jR8x9d .W7mYUe:not(:disabled):hover .VfPpkd-BFbNVe-bF1uUb{opacity:.12}.jR8x9d .W7mYUe:not(:disabled):hover .VfPpkd-BFbNVe-bF1uUb{background-color:rgb(232,234,237)}.jR8x9d .W7mYUe:not(:disabled):focus{box-shadow:0 1px 3px 0 rgba(0,0,0,.3),0 4px 8px 3px rgba(0,0,0,.15)}.jR8x9d .W7mYUe:not(:disabled):focus .VfPpkd-BFbNVe-bF1uUb{opacity:.11}.jR8x9d .W7mYUe:not(:disabled):focus .VfPpkd-BFbNVe-bF1uUb{background-color:rgb(232,234,237)}.jR8x9d .W7mYUe:not(:disabled):active{box-shadow:0 4px 4px 0 rgba(0,0,0,.3),0 8px 12px 6px rgba(0,0,0,.15)}.jR8x9d .W7mYUe:not(:disabled):active .VfPpkd-BFbNVe-bF1uUb{opacity:.14}.jR8x9d .W7mYUe:not(:disabled):active .VfPpkd-BFbNVe-bF1uUb{background-color:rgb(232,234,237)}.jR8x9d .W7mYUe:disabled{box-shadow:0 1px 3px 0 rgba(0,0,0,.3),0 4px 8px 3px rgba(0,0,0,.15)}.jR8x9d .W7mYUe:disabled .VfPpkd-BFbNVe-bF1uUb{opacity:.11}.jR8x9d .W7mYUe:disabled .VfPpkd-BFbNVe-bF1uUb{background-color:rgb(232,234,237)}.jR8x9d .W7mYUe .VfPpkd-Q0XOV{width:24px;height:24px;font-size:24px}.jR8x9d .W7mYUe:not(:disabled) .VfPpkd-Q0XOV{color:rgb(138,180,248)}.jR8x9d .W7mYUe:not(:disabled):hover .VfPpkd-Q0XOV{color:rgb(174,203,250)}.jR8x9d .W7mYUe:not(:disabled):focus .VfPpkd-Q0XOV{color:rgb(174,203,250)}.jR8x9d .W7mYUe:not(:disabled):active .VfPpkd-Q0XOV{color:rgb(174,203,250)}.jR8x9d .W7mYUe .VfPpkd-wbSZ0b::before,.jR8x9d .W7mYUe .VfPpkd-wbSZ0b::after{background-color:rgb(138,180,248)}.jR8x9d .W7mYUe:hover .VfPpkd-wbSZ0b::before,.jR8x9d .W7mYUe.VfPpkd-ksKsZd-XxIAqe-OWXEXe-ZmdkE .VfPpkd-wbSZ0b::before{opacity:.04}.jR8x9d .W7mYUe.VfPpkd-ksKsZd-mWPk3d-OWXEXe-AHe6Kc-XpnDCe .VfPpkd-wbSZ0b::before,.jR8x9d .W7mYUe:not(.VfPpkd-ksKsZd-mWPk3d):focus .VfPpkd-wbSZ0b::before{transition-duration:75ms;opacity:.12}.jR8x9d .W7mYUe:not(.VfPpkd-ksKsZd-mWPk3d) .VfPpkd-wbSZ0b::after{transition:opacity .15s linear}.jR8x9d .W7mYUe:not(.VfPpkd-ksKsZd-mWPk3d):active .VfPpkd-wbSZ0b::after{transition-duration:75ms;opacity:.1}.jR8x9d .W7mYUe.VfPpkd-ksKsZd-mWPk3d{--mdc-ripple-fg-opacity:var(--mdc-extended-fab-pressed-state-layer-opacity,0.1)}.jR8x9d .W7mYUe .VfPpkd-wbSZ0b{border-radius:24px 24px 24px 24px}.jR8x9d .W7mYUe:not(:disabled) .VfPpkd-nBWOSb{color:rgb(138,180,248)}.jR8x9d .W7mYUe:not(:disabled):hover .VfPpkd-nBWOSb{color:rgb(174,203,250)}.jR8x9d .W7mYUe:not(:disabled):focus .VfPpkd-nBWOSb{color:rgb(174,203,250)}.jR8x9d .W7mYUe:not(:disabled):active .VfPpkd-nBWOSb{color:rgb(174,203,250)}.jR8x9d .OoEosd{background-color:rgb(32,33,36);height:56px;width:56px}.jR8x9d .OoEosd:not(:disabled){box-shadow:0 1px 3px 0 rgba(0,0,0,.3),0 4px 8px 3px rgba(0,0,0,.15)}.jR8x9d .OoEosd:not(:disabled) .VfPpkd-BFbNVe-bF1uUb{opacity:.11}.jR8x9d .OoEosd:not(:disabled) .VfPpkd-BFbNVe-bF1uUb{background-color:rgb(232,234,237)}.jR8x9d .OoEosd:not(:disabled):hover{box-shadow:0 2px 3px 0 rgba(0,0,0,.3),0 6px 10px 4px rgba(0,0,0,.15)}.jR8x9d .OoEosd:not(:disabled):hover .VfPpkd-BFbNVe-bF1uUb{opacity:.12}.jR8x9d .OoEosd:not(:disabled):hover .VfPpkd-BFbNVe-bF1uUb{background-color:rgb(232,234,237)}.jR8x9d .OoEosd:not(:disabled):focus{box-shadow:0 1px 3px 0 rgba(0,0,0,.3),0 4px 8px 3px rgba(0,0,0,.15)}.jR8x9d .OoEosd:not(:disabled):focus .VfPpkd-BFbNVe-bF1uUb{opacity:.11}.jR8x9d .OoEosd:not(:disabled):focus .VfPpkd-BFbNVe-bF1uUb{background-color:rgb(232,234,237)}.jR8x9d .OoEosd:not(:disabled):active{box-shadow:0 4px 4px 0 rgba(0,0,0,.3),0 8px 12px 6px rgba(0,0,0,.15)}.jR8x9d .OoEosd:not(:disabled):active .VfPpkd-BFbNVe-bF1uUb{opacity:.14}.jR8x9d .OoEosd:not(:disabled):active .VfPpkd-BFbNVe-bF1uUb{background-color:rgb(232,234,237)}.jR8x9d .OoEosd:disabled{box-shadow:0 1px 3px 0 rgba(0,0,0,.3),0 4px 8px 3px rgba(0,0,0,.15)}.jR8x9d .OoEosd:disabled .VfPpkd-BFbNVe-bF1uUb{opacity:.11}.jR8x9d .OoEosd:disabled .VfPpkd-BFbNVe-bF1uUb{background-color:rgb(232,234,237)}.jR8x9d .OoEosd .VfPpkd-Q0XOV{width:24px;height:24px;font-size:24px}.jR8x9d .OoEosd:not(:disabled) .VfPpkd-Q0XOV{color:rgb(138,180,248)}.jR8x9d .OoEosd:not(:disabled):hover .VfPpkd-Q0XOV{color:rgb(174,203,250)}.jR8x9d .OoEosd:not(:disabled):focus .VfPpkd-Q0XOV{color:rgb(174,203,250)}.jR8x9d .OoEosd:not(:disabled):active .VfPpkd-Q0XOV{color:rgb(174,203,250)}.jR8x9d .OoEosd .VfPpkd-wbSZ0b::before,.jR8x9d .OoEosd .VfPpkd-wbSZ0b::after{background-color:rgb(138,180,248)}.jR8x9d .OoEosd:hover .VfPpkd-wbSZ0b::before,.jR8x9d .OoEosd.VfPpkd-ksKsZd-XxIAqe-OWXEXe-ZmdkE .VfPpkd-wbSZ0b::before{opacity:.04}.jR8x9d .OoEosd.VfPpkd-ksKsZd-mWPk3d-OWXEXe-AHe6Kc-XpnDCe .VfPpkd-wbSZ0b::before,.jR8x9d .OoEosd:not(.VfPpkd-ksKsZd-mWPk3d):focus .VfPpkd-wbSZ0b::before{transition-duration:75ms;opacity:.12}.jR8x9d .OoEosd:not(.VfPpkd-ksKsZd-mWPk3d) .VfPpkd-wbSZ0b::after{transition:opacity .15s linear}.jR8x9d .OoEosd:not(.VfPpkd-ksKsZd-mWPk3d):active .VfPpkd-wbSZ0b::after{transition-duration:75ms;opacity:.1}.jR8x9d .OoEosd.VfPpkd-ksKsZd-mWPk3d{--mdc-ripple-fg-opacity:var(--mdc-fab-pressed-state-layer-opacity,0.1)}.jR8x9d .OoEosd:not(.VfPpkd-BIzmGd-OWXEXe-X9G3K){border-radius:28px 28px 28px 28px}.jR8x9d .OoEosd:not(.VfPpkd-BIzmGd-OWXEXe-X9G3K) .VfPpkd-wbSZ0b{border-radius:28px 28px 28px 28px}.jR8x9d .vd3sk:not(:disabled){box-shadow:0 1px 2px 0 rgba(0,0,0,.3),0 1px 3px 1px rgba(0,0,0,.15)}.jR8x9d .vd3sk:not(:disabled) .VfPpkd-BFbNVe-bF1uUb{opacity:.05}.jR8x9d .vd3sk:not(:disabled) .VfPpkd-BFbNVe-bF1uUb{background-color:rgb(232,234,237)}.jR8x9d .vd3sk:not(:disabled):hover{box-shadow:0 1px 2px 0 rgba(0,0,0,.3),0 2px 6px 2px rgba(0,0,0,.15)}.jR8x9d .vd3sk:not(:disabled):hover .VfPpkd-BFbNVe-bF1uUb{opacity:.08}.jR8x9d .vd3sk:not(:disabled):hover .VfPpkd-BFbNVe-bF1uUb{background-color:rgb(232,234,237)}.jR8x9d .vd3sk:not(:disabled):focus{box-shadow:0 1px 2px 0 rgba(0,0,0,.3),0 2px 6px 2px rgba(0,0,0,.15)}.jR8x9d .vd3sk:not(:disabled):focus .VfPpkd-BFbNVe-bF1uUb{opacity:.08}.jR8x9d .vd3sk:not(:disabled):focus .VfPpkd-BFbNVe-bF1uUb{background-color:rgb(232,234,237)}.jR8x9d .vd3sk:not(:disabled):active{box-shadow:0 1px 3px 0 rgba(0,0,0,.3),0 4px 8px 3px rgba(0,0,0,.15)}.jR8x9d .vd3sk:not(:disabled):active .VfPpkd-BFbNVe-bF1uUb{opacity:.11}.jR8x9d .vd3sk:not(:disabled):active .VfPpkd-BFbNVe-bF1uUb{background-color:rgb(232,234,237)}.jR8x9d .vd3sk:disabled{box-shadow:0 1px 2px 0 rgba(0,0,0,.3),0 1px 3px 1px rgba(0,0,0,.15)}.jR8x9d .vd3sk:disabled .VfPpkd-BFbNVe-bF1uUb{opacity:.05}.jR8x9d .vd3sk:disabled .VfPpkd-BFbNVe-bF1uUb{background-color:rgb(232,234,237)}.jR8x9d .N7pe4e:not(:disabled){box-shadow:0 1px 2px 0 rgba(0,0,0,.3),0 1px 3px 1px rgba(0,0,0,.15)}.jR8x9d .N7pe4e:not(:disabled) .VfPpkd-BFbNVe-bF1uUb{opacity:.05}.jR8x9d .N7pe4e:not(:disabled) .VfPpkd-BFbNVe-bF1uUb{background-color:rgb(232,234,237)}.jR8x9d .N7pe4e:not(:disabled):hover{box-shadow:0 1px 2px 0 rgba(0,0,0,.3),0 2px 6px 2px rgba(0,0,0,.15)}.jR8x9d .N7pe4e:not(:disabled):hover .VfPpkd-BFbNVe-bF1uUb{opacity:.08}.jR8x9d .N7pe4e:not(:disabled):hover .VfPpkd-BFbNVe-bF1uUb{background-color:rgb(232,234,237)}.jR8x9d .N7pe4e:not(:disabled):focus{box-shadow:0 1px 2px 0 rgba(0,0,0,.3),0 2px 6px 2px rgba(0,0,0,.15)}.jR8x9d .N7pe4e:not(:disabled):focus .VfPpkd-BFbNVe-bF1uUb{opacity:.08}.jR8x9d .N7pe4e:not(:disabled):focus .VfPpkd-BFbNVe-bF1uUb{background-color:rgb(232,234,237)}.jR8x9d .N7pe4e:not(:disabled):active{box-shadow:0 1px 3px 0 rgba(0,0,0,.3),0 4px 8px 3px rgba(0,0,0,.15)}.jR8x9d .N7pe4e:not(:disabled):active .VfPpkd-BFbNVe-bF1uUb{opacity:.11}.jR8x9d .N7pe4e:not(:disabled):active .VfPpkd-BFbNVe-bF1uUb{background-color:rgb(232,234,237)}.jR8x9d .N7pe4e:disabled{box-shadow:0 1px 2px 0 rgba(0,0,0,.3),0 1px 3px 1px rgba(0,0,0,.15)}.jR8x9d .N7pe4e:disabled .VfPpkd-BFbNVe-bF1uUb{opacity:.05}.jR8x9d .N7pe4e:disabled .VfPpkd-BFbNVe-bF1uUb{background-color:rgb(232,234,237)}.jR8x9d .JJMOVe:not(:disabled){box-shadow:0 1px 2px 0 rgba(0,0,0,.3),0 1px 3px 1px rgba(0,0,0,.15)}.jR8x9d .JJMOVe:not(:disabled) .VfPpkd-BFbNVe-bF1uUb{opacity:.05}.jR8x9d .JJMOVe:not(:disabled) .VfPpkd-BFbNVe-bF1uUb{background-color:rgb(232,234,237)}.jR8x9d .JJMOVe:not(:disabled):hover{box-shadow:0 1px 2px 0 rgba(0,0,0,.3),0 2px 6px 2px rgba(0,0,0,.15)}.jR8x9d .JJMOVe:not(:disabled):hover .VfPpkd-BFbNVe-bF1uUb{opacity:.08}.jR8x9d .JJMOVe:not(:disabled):hover .VfPpkd-BFbNVe-bF1uUb{background-color:rgb(232,234,237)}.jR8x9d .JJMOVe:not(:disabled):focus{box-shadow:0 1px 2px 0 rgba(0,0,0,.3),0 2px 6px 2px rgba(0,0,0,.15)}.jR8x9d .JJMOVe:not(:disabled):focus .VfPpkd-BFbNVe-bF1uUb{opacity:.08}.jR8x9d .JJMOVe:not(:disabled):focus .VfPpkd-BFbNVe-bF1uUb{background-color:rgb(232,234,237)}.jR8x9d .JJMOVe:not(:disabled):active{box-shadow:0 1px 3px 0 rgba(0,0,0,.3),0 4px 8px 3px rgba(0,0,0,.15)}.jR8x9d .JJMOVe:not(:disabled):active .VfPpkd-BFbNVe-bF1uUb{opacity:.11}.jR8x9d .JJMOVe:not(:disabled):active .VfPpkd-BFbNVe-bF1uUb{background-color:rgb(232,234,237)}.jR8x9d .JJMOVe:disabled{box-shadow:0 1px 2px 0 rgba(0,0,0,.3),0 1px 3px 1px rgba(0,0,0,.15)}.jR8x9d .JJMOVe:disabled .VfPpkd-BFbNVe-bF1uUb{opacity:.05}.jR8x9d .JJMOVe:disabled .VfPpkd-BFbNVe-bF1uUb{background-color:rgb(232,234,237)}.jR8x9d .E9mvxc{height:40px;width:40px}.jR8x9d .ZCuY4{font-family:Roboto,Arial,sans-serif;line-height:1.25rem;font-size:.875rem;letter-spacing:.0142857143em;font-weight:400;color:rgb(232,234,237)}.jR8x9d .ZCuY4 gm-checkbox[disabled]~.VfPpkd-V67aGc,.jR8x9d .ZCuY4 gm-radio[disabled]~.VfPpkd-V67aGc,.jR8x9d .ZCuY4 .VfPpkd-MPu53c-OWXEXe-OWB6Me~.VfPpkd-V67aGc,.jR8x9d .ZCuY4 .VfPpkd-GCYh9b-OWXEXe-OWB6Me~.VfPpkd-V67aGc{color:rgba(232,234,237,.38)}.jR8x9d .E2obDf .VfPpkd-qNpTzb-P4pF8c-SmKAyb{border-color:rgb(102,157,246)}.jR8x9d .E2obDf .VfPpkd-qNpTzb-ajuXxc-RxYbNe{background-color:rgba(138,180,248,.24)}}@media screen and (prefers-color-scheme:dark) and (forced-colors:active){.jR8x9d .E2obDf .VfPpkd-qNpTzb-ajuXxc-RxYbNe{background-color:ButtonBorder}}@media screen and (prefers-color-scheme:dark) and (-ms-high-contrast:active),screen and (prefers-color-scheme:dark) and (-ms-high-contrast:none){.jR8x9d .E2obDf .VfPpkd-qNpTzb-ajuXxc-RxYbNe{background-color:transparent;background-image:url("data:image/svg+xml,%3Csvg version='1.1' xmlns='http://www.w3.org/2000/svg' xmlns:xlink='http://www.w3.org/1999/xlink' x='0px' y='0px' enable-background='new 0 0 5 2' xml:space='preserve' viewBox='0 0 5 2' preserveAspectRatio='none slice'%3E%3Ccircle cx='1' cy='1' r='1' fill='rgba(138, 180, 248, 0.24)'/%3E%3C/svg%3E")}}@media screen and (prefers-color-scheme:dark){.jR8x9d .E2obDf .VfPpkd-qNpTzb-ajuXxc-ZMv3u{background-color:rgba(138,180,248,.24)}.jR8x9d .bwNLcf{color:rgb(232,234,237);font-family:Roboto,Arial,sans-serif;line-height:1.5rem;font-size:1rem;letter-spacing:.00625em;font-weight:400}.jR8x9d .bwNLcf .VfPpkd-StrnGf-rymPhb-IhFlZd{color:rgb(154,160,166)}.jR8x9d .bwNLcf .VfPpkd-StrnGf-rymPhb-ibnC6b-OWXEXe-OWB6Me .VfPpkd-StrnGf-rymPhb-b9t22c,.jR8x9d .bwNLcf .VfPpkd-StrnGf-rymPhb-ibnC6b-OWXEXe-OWB6Me .VfPpkd-StrnGf-rymPhb-fpDzbe-fmcmS,.jR8x9d .bwNLcf .VfPpkd-StrnGf-rymPhb-ibnC6b-OWXEXe-OWB6Me .VfPpkd-StrnGf-rymPhb-L8ivfd-fmcmS{color:rgb(232,234,237)}.jR8x9d .bwNLcf .VfPpkd-StrnGf-rymPhb-ibnC6b-OWXEXe-OWB6Me .VfPpkd-StrnGf-rymPhb-b9t22c{opacity:.38}.jR8x9d .bwNLcf .VfPpkd-StrnGf-rymPhb-ibnC6b-OWXEXe-gk6SMd,.jR8x9d .bwNLcf .VfPpkd-StrnGf-rymPhb-ibnC6b-OWXEXe-pXU01b,.jR8x9d .bwNLcf .VfPpkd-StrnGf-rymPhb-ibnC6b-OWXEXe-gk6SMd .VfPpkd-StrnGf-rymPhb-f7MjDc,.jR8x9d .bwNLcf .VfPpkd-StrnGf-rymPhb-ibnC6b-OWXEXe-pXU01b .VfPpkd-StrnGf-rymPhb-f7MjDc{color:rgb(232,234,237)}.jR8x9d .bwNLcf .VfPpkd-StrnGf-rymPhb-ibnC6b-OWXEXe-gk6SMd .VfPpkd-StrnGf-rymPhb-pZXsl::before{opacity:0}.jR8x9d .bwNLcf .VfPpkd-StrnGf-rymPhb-ibnC6b.VfPpkd-StrnGf-rymPhb-ibnC6b-OWXEXe-gk6SMd{background-color:rgba(138,180,248,.24)}.jR8x9d .bwNLcf .VfPpkd-StrnGf-rymPhb-ibnC6b.VfPpkd-StrnGf-rymPhb-ibnC6b-OWXEXe-gk6SMd .VfPpkd-StrnGf-rymPhb-pZXsl::before,.jR8x9d .bwNLcf .VfPpkd-StrnGf-rymPhb-ibnC6b.VfPpkd-StrnGf-rymPhb-ibnC6b-OWXEXe-gk6SMd .VfPpkd-StrnGf-rymPhb-pZXsl::after{background-color:rgb(138,180,248);background-color:var(--mdc-ripple-color,rgb(138,180,248))}.jR8x9d .bwNLcf .VfPpkd-StrnGf-rymPhb-ibnC6b.VfPpkd-StrnGf-rymPhb-ibnC6b-OWXEXe-gk6SMd:hover .VfPpkd-StrnGf-rymPhb-pZXsl::before,.jR8x9d .bwNLcf .VfPpkd-StrnGf-rymPhb-ibnC6b.VfPpkd-StrnGf-rymPhb-ibnC6b-OWXEXe-gk6SMd.VfPpkd-ksKsZd-XxIAqe-OWXEXe-ZmdkE .VfPpkd-StrnGf-rymPhb-pZXsl::before{opacity:.04;opacity:var(--mdc-ripple-hover-opacity,.04)}.jR8x9d .bwNLcf .VfPpkd-StrnGf-rymPhb-ibnC6b.VfPpkd-StrnGf-rymPhb-ibnC6b-OWXEXe-gk6SMd.VfPpkd-ksKsZd-mWPk3d-OWXEXe-AHe6Kc-XpnDCe .VfPpkd-StrnGf-rymPhb-pZXsl::before,.jR8x9d .bwNLcf .VfPpkd-StrnGf-rymPhb-ibnC6b.VfPpkd-StrnGf-rymPhb-ibnC6b-OWXEXe-gk6SMd:not(.VfPpkd-ksKsZd-mWPk3d):focus .VfPpkd-StrnGf-rymPhb-pZXsl::before{transition-duration:75ms;opacity:.12;opacity:var(--mdc-ripple-focus-opacity,.12)}.jR8x9d .bwNLcf .VfPpkd-StrnGf-rymPhb-ibnC6b.VfPpkd-StrnGf-rymPhb-ibnC6b-OWXEXe-gk6SMd:not(.VfPpkd-ksKsZd-mWPk3d) .VfPpkd-StrnGf-rymPhb-pZXsl::after{transition:opacity .15s linear}.jR8x9d .bwNLcf .VfPpkd-StrnGf-rymPhb-ibnC6b.VfPpkd-StrnGf-rymPhb-ibnC6b-OWXEXe-gk6SMd:not(.VfPpkd-ksKsZd-mWPk3d):active .VfPpkd-StrnGf-rymPhb-pZXsl::after{transition-duration:75ms;opacity:.1;opacity:var(--mdc-ripple-press-opacity,.1)}.jR8x9d .bwNLcf .VfPpkd-StrnGf-rymPhb-ibnC6b.VfPpkd-StrnGf-rymPhb-ibnC6b-OWXEXe-gk6SMd.VfPpkd-ksKsZd-mWPk3d{--mdc-ripple-fg-opacity:var(--mdc-ripple-press-opacity,0.1)}.jR8x9d .bwNLcf .VfPpkd-StrnGf-rymPhb-L8ivfd-fmcmS{color:rgb(154,160,166)}.jR8x9d .bwNLcf .VfPpkd-StrnGf-rymPhb-clz4Ic{border-bottom-color:rgba(232,234,237,.12)}.jR8x9d .bwNLcf .VfPpkd-StrnGf-rymPhb-f7MjDc{color:rgb(232,234,237)}.jR8x9d .bwNLcf .VfPpkd-StrnGf-rymPhb-ibnC6b .VfPpkd-StrnGf-rymPhb-pZXsl::before,.jR8x9d .bwNLcf .VfPpkd-StrnGf-rymPhb-ibnC6b .VfPpkd-StrnGf-rymPhb-pZXsl::after{background-color:rgb(232,234,237);background-color:var(--mdc-ripple-color,rgb(232,234,237))}.jR8x9d .bwNLcf .VfPpkd-StrnGf-rymPhb-ibnC6b:hover .VfPpkd-StrnGf-rymPhb-pZXsl::before,.jR8x9d .bwNLcf .VfPpkd-StrnGf-rymPhb-ibnC6b.VfPpkd-ksKsZd-XxIAqe-OWXEXe-ZmdkE .VfPpkd-StrnGf-rymPhb-pZXsl::before{opacity:.04;opacity:var(--mdc-ripple-hover-opacity,.04)}.jR8x9d .bwNLcf .VfPpkd-StrnGf-rymPhb-ibnC6b.VfPpkd-ksKsZd-mWPk3d-OWXEXe-AHe6Kc-XpnDCe .VfPpkd-StrnGf-rymPhb-pZXsl::before,.jR8x9d .bwNLcf .VfPpkd-StrnGf-rymPhb-ibnC6b:not(.VfPpkd-ksKsZd-mWPk3d):focus .VfPpkd-StrnGf-rymPhb-pZXsl::before{transition-duration:75ms;opacity:.12;opacity:var(--mdc-ripple-focus-opacity,.12)}.jR8x9d .bwNLcf .VfPpkd-StrnGf-rymPhb-ibnC6b:not(.VfPpkd-ksKsZd-mWPk3d) .VfPpkd-StrnGf-rymPhb-pZXsl::after{transition:opacity .15s linear}.jR8x9d .bwNLcf .VfPpkd-StrnGf-rymPhb-ibnC6b:not(.VfPpkd-ksKsZd-mWPk3d):active .VfPpkd-StrnGf-rymPhb-pZXsl::after{transition-duration:75ms;opacity:.1;opacity:var(--mdc-ripple-press-opacity,.1)}.jR8x9d .bwNLcf .VfPpkd-StrnGf-rymPhb-ibnC6b.VfPpkd-ksKsZd-mWPk3d{--mdc-ripple-fg-opacity:var(--mdc-ripple-press-opacity,0.1)}}@media screen and (prefers-color-scheme:dark) and (-ms-high-contrast:active),screen and (prefers-color-scheme:dark) and (forced-colors:active){.jR8x9d .bwNLcf .VfPpkd-StrnGf-rymPhb-ibnC6b-OWXEXe-OWB6Me .VfPpkd-StrnGf-rymPhb-b9t22c,.jR8x9d .bwNLcf .VfPpkd-StrnGf-rymPhb-ibnC6b-OWXEXe-OWB6Me .VfPpkd-StrnGf-rymPhb-fpDzbe-fmcmS,.jR8x9d .bwNLcf .VfPpkd-StrnGf-rymPhb-ibnC6b-OWXEXe-OWB6Me .VfPpkd-StrnGf-rymPhb-L8ivfd-fmcmS{color:GrayText}.jR8x9d .bwNLcf .VfPpkd-StrnGf-rymPhb-ibnC6b-OWXEXe-OWB6Me .VfPpkd-StrnGf-rymPhb-b9t22c{opacity:1}}@media screen and (prefers-color-scheme:dark){.jR8x9d .bwNLcf .VfPpkd-rymPhb-Gtdoyb,.jR8x9d .bwNLcf .VfPpkd-rymPhb-fpDzbe-fmcmS{color:rgb(232,234,237)}.jR8x9d .bwNLcf .VfPpkd-rymPhb-L8ivfd-fmcmS,.jR8x9d .bwNLcf .VfPpkd-rymPhb-bC5pod-fmcmS,.jR8x9d .bwNLcf .VfPpkd-rymPhb-JMEf7e{color:rgb(154,160,166)}.jR8x9d .bwNLcf .VfPpkd-rymPhb-ibnC6b-OWXEXe-SfQLQb-M1Soyc-Bz112c .VfPpkd-rymPhb-KkROqb,.jR8x9d .bwNLcf .VfPpkd-rymPhb-ibnC6b-OWXEXe-SfQLQb-UbuQg-Bz112c .VfPpkd-rymPhb-JMEf7e,.jR8x9d .bwNLcf .VfPpkd-rymPhb-ibnC6b-OWXEXe-OWB6Me .VfPpkd-rymPhb-Gtdoyb,.jR8x9d .bwNLcf .VfPpkd-rymPhb-ibnC6b-OWXEXe-OWB6Me .VfPpkd-rymPhb-fpDzbe-fmcmS,.jR8x9d .bwNLcf .VfPpkd-rymPhb-ibnC6b-OWXEXe-OWB6Me .VfPpkd-rymPhb-L8ivfd-fmcmS,.jR8x9d .bwNLcf .VfPpkd-rymPhb-ibnC6b-OWXEXe-OWB6Me .VfPpkd-rymPhb-bC5pod-fmcmS,.jR8x9d .bwNLcf .VfPpkd-rymPhb-ibnC6b-OWXEXe-OWB6Me.VfPpkd-rymPhb-ibnC6b-OWXEXe-SfQLQb-M1Soyc-Bz112c .VfPpkd-rymPhb-KkROqb,.jR8x9d .bwNLcf .VfPpkd-rymPhb-ibnC6b-OWXEXe-OWB6Me.VfPpkd-rymPhb-ibnC6b-OWXEXe-SfQLQb-UbuQg-Bz112c .VfPpkd-rymPhb-JMEf7e,.jR8x9d .bwNLcf .VfPpkd-rymPhb-ibnC6b-OWXEXe-OWB6Me.VfPpkd-rymPhb-ibnC6b-OWXEXe-SfQLQb-UbuQg-r4m2rf .VfPpkd-rymPhb-JMEf7e{color:rgb(232,234,237)}.jR8x9d .bwNLcf .VfPpkd-rymPhb-ibnC6b-OWXEXe-OWB6Me .VfPpkd-rymPhb-KkROqb,.jR8x9d .bwNLcf .VfPpkd-rymPhb-ibnC6b-OWXEXe-OWB6Me .VfPpkd-rymPhb-Gtdoyb,.jR8x9d .bwNLcf .VfPpkd-rymPhb-ibnC6b-OWXEXe-OWB6Me .VfPpkd-rymPhb-JMEf7e{opacity:.38}.jR8x9d .bwNLcf .VfPpkd-rymPhb-ibnC6b-OWXEXe-gk6SMd .VfPpkd-rymPhb-Gtdoyb,.jR8x9d .bwNLcf .VfPpkd-rymPhb-ibnC6b-OWXEXe-gk6SMd .VfPpkd-rymPhb-fpDzbe-fmcmS,.jR8x9d .bwNLcf .VfPpkd-rymPhb-ibnC6b-OWXEXe-pXU01b .VfPpkd-rymPhb-Gtdoyb,.jR8x9d .bwNLcf .VfPpkd-rymPhb-ibnC6b-OWXEXe-pXU01b .VfPpkd-rymPhb-fpDzbe-fmcmS,.jR8x9d .bwNLcf .VfPpkd-rymPhb-ibnC6b-OWXEXe-gk6SMd.VfPpkd-rymPhb-ibnC6b-OWXEXe-SfQLQb-M1Soyc-Bz112c .VfPpkd-rymPhb-KkROqb,.jR8x9d .bwNLcf .VfPpkd-rymPhb-ibnC6b-OWXEXe-pXU01b.VfPpkd-rymPhb-ibnC6b-OWXEXe-SfQLQb-M1Soyc-Bz112c .VfPpkd-rymPhb-KkROqb{color:rgb(232,234,237)}.jR8x9d .bwNLcf .VfPpkd-rymPhb-ibnC6b-OWXEXe-gk6SMd .VfPpkd-rymPhb-pZXsl::before{opacity:0}.jR8x9d .bwNLcf .VfPpkd-rymPhb-ibnC6b.VfPpkd-rymPhb-ibnC6b-OWXEXe-gk6SMd{background-color:rgba(138,180,248,.24)}.jR8x9d .bwNLcf .VfPpkd-rymPhb-ibnC6b.VfPpkd-rymPhb-ibnC6b-OWXEXe-gk6SMd .VfPpkd-rymPhb-pZXsl::before,.jR8x9d .bwNLcf .VfPpkd-rymPhb-ibnC6b.VfPpkd-rymPhb-ibnC6b-OWXEXe-gk6SMd .VfPpkd-rymPhb-pZXsl::after{background-color:rgb(138,180,248);background-color:var(--mdc-ripple-color,rgb(138,180,248))}.jR8x9d .bwNLcf .VfPpkd-rymPhb-ibnC6b.VfPpkd-rymPhb-ibnC6b-OWXEXe-gk6SMd:hover .VfPpkd-rymPhb-pZXsl::before,.jR8x9d .bwNLcf .VfPpkd-rymPhb-ibnC6b.VfPpkd-rymPhb-ibnC6b-OWXEXe-gk6SMd.VfPpkd-ksKsZd-XxIAqe-OWXEXe-ZmdkE .VfPpkd-rymPhb-pZXsl::before{opacity:.04;opacity:var(--mdc-ripple-hover-opacity,.04)}.jR8x9d .bwNLcf .VfPpkd-rymPhb-ibnC6b.VfPpkd-rymPhb-ibnC6b-OWXEXe-gk6SMd.VfPpkd-ksKsZd-mWPk3d-OWXEXe-AHe6Kc-XpnDCe .VfPpkd-rymPhb-pZXsl::before,.jR8x9d .bwNLcf .VfPpkd-rymPhb-ibnC6b.VfPpkd-rymPhb-ibnC6b-OWXEXe-gk6SMd:not(.VfPpkd-ksKsZd-mWPk3d):focus .VfPpkd-rymPhb-pZXsl::before{transition-duration:75ms;opacity:.12;opacity:var(--mdc-ripple-focus-opacity,.12)}.jR8x9d .bwNLcf .VfPpkd-rymPhb-ibnC6b.VfPpkd-rymPhb-ibnC6b-OWXEXe-gk6SMd:not(.VfPpkd-ksKsZd-mWPk3d) .VfPpkd-rymPhb-pZXsl::after{transition:opacity .15s linear}.jR8x9d .bwNLcf .VfPpkd-rymPhb-ibnC6b.VfPpkd-rymPhb-ibnC6b-OWXEXe-gk6SMd:not(.VfPpkd-ksKsZd-mWPk3d):active .VfPpkd-rymPhb-pZXsl::after{transition-duration:75ms;opacity:.1;opacity:var(--mdc-ripple-press-opacity,.1)}.jR8x9d .bwNLcf .VfPpkd-rymPhb-ibnC6b.VfPpkd-rymPhb-ibnC6b-OWXEXe-gk6SMd.VfPpkd-ksKsZd-mWPk3d{--mdc-ripple-fg-opacity:var(--mdc-ripple-press-opacity,0.1)}.jR8x9d .bwNLcf .VfPpkd-rymPhb-L8ivfd-fmcmS{color:rgb(154,160,166)}.jR8x9d .bwNLcf .VfPpkd-rymPhb-clz4Ic{background-color:rgba(232,234,237,.12)}.jR8x9d .bwNLcf .VfPpkd-rymPhb-ibnC6b-OWXEXe-SfQLQb-M1Soyc-Bz112c .VfPpkd-rymPhb-KkROqb,.jR8x9d .bwNLcf .VfPpkd-rymPhb-ibnC6b-OWXEXe-SfQLQb-UbuQg-Bz112c .VfPpkd-rymPhb-JMEf7e{color:rgb(232,234,237)}.jR8x9d .bwNLcf .VfPpkd-rymPhb-ibnC6b .VfPpkd-rymPhb-pZXsl::before,.jR8x9d .bwNLcf .VfPpkd-rymPhb-ibnC6b .VfPpkd-rymPhb-pZXsl::after{background-color:rgb(232,234,237);background-color:var(--mdc-ripple-color,rgb(232,234,237))}.jR8x9d .bwNLcf .VfPpkd-rymPhb-ibnC6b:hover .VfPpkd-rymPhb-pZXsl::before,.jR8x9d .bwNLcf .VfPpkd-rymPhb-ibnC6b.VfPpkd-ksKsZd-XxIAqe-OWXEXe-ZmdkE .VfPpkd-rymPhb-pZXsl::before{opacity:.04;opacity:var(--mdc-ripple-hover-opacity,.04)}.jR8x9d .bwNLcf .VfPpkd-rymPhb-ibnC6b.VfPpkd-ksKsZd-mWPk3d-OWXEXe-AHe6Kc-XpnDCe .VfPpkd-rymPhb-pZXsl::before,.jR8x9d .bwNLcf .VfPpkd-rymPhb-ibnC6b:not(.VfPpkd-ksKsZd-mWPk3d):focus .VfPpkd-rymPhb-pZXsl::before{transition-duration:75ms;opacity:.12;opacity:var(--mdc-ripple-focus-opacity,.12)}.jR8x9d .bwNLcf .VfPpkd-rymPhb-ibnC6b:not(.VfPpkd-ksKsZd-mWPk3d) .VfPpkd-rymPhb-pZXsl::after{transition:opacity .15s linear}.jR8x9d .bwNLcf .VfPpkd-rymPhb-ibnC6b:not(.VfPpkd-ksKsZd-mWPk3d):active .VfPpkd-rymPhb-pZXsl::after{transition-duration:75ms;opacity:.1;opacity:var(--mdc-ripple-press-opacity,.1)}.jR8x9d .bwNLcf .VfPpkd-rymPhb-ibnC6b.VfPpkd-ksKsZd-mWPk3d{--mdc-ripple-fg-opacity:var(--mdc-ripple-press-opacity,0.1)}}@media screen and (prefers-color-scheme:dark) and (forced-colors:active){.jR8x9d .bwNLcf .VfPpkd-rymPhb-ibnC6b-OWXEXe-OWB6Me .VfPpkd-rymPhb-Gtdoyb,.jR8x9d .bwNLcf .VfPpkd-rymPhb-ibnC6b-OWXEXe-OWB6Me .VfPpkd-rymPhb-fpDzbe-fmcmS,.jR8x9d .bwNLcf .VfPpkd-rymPhb-ibnC6b-OWXEXe-OWB6Me .VfPpkd-rymPhb-L8ivfd-fmcmS,.jR8x9d .bwNLcf .VfPpkd-rymPhb-ibnC6b-OWXEXe-OWB6Me .VfPpkd-rymPhb-bC5pod-fmcmS,.jR8x9d .bwNLcf .VfPpkd-rymPhb-ibnC6b-OWXEXe-OWB6Me.VfPpkd-rymPhb-ibnC6b-OWXEXe-SfQLQb-M1Soyc-Bz112c .VfPpkd-rymPhb-KkROqb,.jR8x9d .bwNLcf .VfPpkd-rymPhb-ibnC6b-OWXEXe-OWB6Me.VfPpkd-rymPhb-ibnC6b-OWXEXe-SfQLQb-UbuQg-Bz112c .VfPpkd-rymPhb-JMEf7e,.jR8x9d .bwNLcf .VfPpkd-rymPhb-ibnC6b-OWXEXe-OWB6Me.VfPpkd-rymPhb-ibnC6b-OWXEXe-SfQLQb-UbuQg-r4m2rf .VfPpkd-rymPhb-JMEf7e{color:GrayText}.jR8x9d .bwNLcf .VfPpkd-rymPhb-ibnC6b-OWXEXe-OWB6Me .VfPpkd-rymPhb-KkROqb,.jR8x9d .bwNLcf .VfPpkd-rymPhb-ibnC6b-OWXEXe-OWB6Me .VfPpkd-rymPhb-Gtdoyb,.jR8x9d .bwNLcf .VfPpkd-rymPhb-ibnC6b-OWXEXe-OWB6Me .VfPpkd-rymPhb-JMEf7e{opacity:1}}@media screen and (prefers-color-scheme:dark){.jR8x9d .f8F5Dd{background-color:rgb(32,33,36);border-width:0;box-shadow:0 1px 2px 0 rgba(0,0,0,.3),0 2px 6px 2px rgba(0,0,0,.15)}.jR8x9d .f8F5Dd .VfPpkd-BFbNVe-bF1uUb{opacity:.08}.jR8x9d .P77izf{background-color:rgb(32,33,36);border-width:0;box-shadow:0 1px 2px 0 rgba(0,0,0,.3),0 2px 6px 2px rgba(0,0,0,.15)}.jR8x9d .P77izf .VfPpkd-StrnGf-rymPhb{font-family:Roboto,Arial,sans-serif;line-height:1.5rem;font-size:1rem;letter-spacing:.00625em;font-weight:400;color:rgb(232,234,237)}.jR8x9d .P77izf .VfPpkd-StrnGf-rymPhb .VfPpkd-StrnGf-rymPhb-IhFlZd{color:rgb(154,160,166)}.jR8x9d .P77izf .VfPpkd-StrnGf-rymPhb .VfPpkd-StrnGf-rymPhb-ibnC6b-OWXEXe-OWB6Me .VfPpkd-StrnGf-rymPhb-b9t22c,.jR8x9d .P77izf .VfPpkd-StrnGf-rymPhb .VfPpkd-StrnGf-rymPhb-ibnC6b-OWXEXe-OWB6Me .VfPpkd-StrnGf-rymPhb-fpDzbe-fmcmS,.jR8x9d .P77izf .VfPpkd-StrnGf-rymPhb .VfPpkd-StrnGf-rymPhb-ibnC6b-OWXEXe-OWB6Me .VfPpkd-StrnGf-rymPhb-L8ivfd-fmcmS{color:rgb(232,234,237)}.jR8x9d .P77izf .VfPpkd-StrnGf-rymPhb .VfPpkd-StrnGf-rymPhb-ibnC6b-OWXEXe-OWB6Me .VfPpkd-StrnGf-rymPhb-b9t22c{opacity:.38}.jR8x9d .P77izf .VfPpkd-StrnGf-rymPhb .VfPpkd-StrnGf-rymPhb-ibnC6b-OWXEXe-gk6SMd,.jR8x9d .P77izf .VfPpkd-StrnGf-rymPhb .VfPpkd-StrnGf-rymPhb-ibnC6b-OWXEXe-pXU01b,.jR8x9d .P77izf .VfPpkd-StrnGf-rymPhb .VfPpkd-StrnGf-rymPhb-ibnC6b-OWXEXe-gk6SMd .VfPpkd-StrnGf-rymPhb-f7MjDc,.jR8x9d .P77izf .VfPpkd-StrnGf-rymPhb .VfPpkd-StrnGf-rymPhb-ibnC6b-OWXEXe-pXU01b .VfPpkd-StrnGf-rymPhb-f7MjDc{color:rgb(232,234,237)}.jR8x9d .P77izf .VfPpkd-StrnGf-rymPhb .VfPpkd-StrnGf-rymPhb-ibnC6b-OWXEXe-gk6SMd .VfPpkd-StrnGf-rymPhb-pZXsl::before{opacity:0}.jR8x9d .P77izf .VfPpkd-StrnGf-rymPhb .VfPpkd-StrnGf-rymPhb-ibnC6b.VfPpkd-StrnGf-rymPhb-ibnC6b-OWXEXe-gk6SMd{background-color:rgba(138,180,248,.24)}.jR8x9d .P77izf .VfPpkd-StrnGf-rymPhb .VfPpkd-StrnGf-rymPhb-ibnC6b.VfPpkd-StrnGf-rymPhb-ibnC6b-OWXEXe-gk6SMd .VfPpkd-StrnGf-rymPhb-pZXsl::before,.jR8x9d .P77izf .VfPpkd-StrnGf-rymPhb .VfPpkd-StrnGf-rymPhb-ibnC6b.VfPpkd-StrnGf-rymPhb-ibnC6b-OWXEXe-gk6SMd .VfPpkd-StrnGf-rymPhb-pZXsl::after{background-color:rgb(138,180,248);background-color:var(--mdc-ripple-color,rgb(138,180,248))}.jR8x9d .P77izf .VfPpkd-StrnGf-rymPhb .VfPpkd-StrnGf-rymPhb-ibnC6b.VfPpkd-StrnGf-rymPhb-ibnC6b-OWXEXe-gk6SMd:hover .VfPpkd-StrnGf-rymPhb-pZXsl::before,.jR8x9d .P77izf .VfPpkd-StrnGf-rymPhb .VfPpkd-StrnGf-rymPhb-ibnC6b.VfPpkd-StrnGf-rymPhb-ibnC6b-OWXEXe-gk6SMd.VfPpkd-ksKsZd-XxIAqe-OWXEXe-ZmdkE .VfPpkd-StrnGf-rymPhb-pZXsl::before{opacity:.04;opacity:var(--mdc-ripple-hover-opacity,.04)}.jR8x9d .P77izf .VfPpkd-StrnGf-rymPhb .VfPpkd-StrnGf-rymPhb-ibnC6b.VfPpkd-StrnGf-rymPhb-ibnC6b-OWXEXe-gk6SMd.VfPpkd-ksKsZd-mWPk3d-OWXEXe-AHe6Kc-XpnDCe .VfPpkd-StrnGf-rymPhb-pZXsl::before,.jR8x9d .P77izf .VfPpkd-StrnGf-rymPhb .VfPpkd-StrnGf-rymPhb-ibnC6b.VfPpkd-StrnGf-rymPhb-ibnC6b-OWXEXe-gk6SMd:not(.VfPpkd-ksKsZd-mWPk3d):focus .VfPpkd-StrnGf-rymPhb-pZXsl::before{transition-duration:75ms;opacity:.12;opacity:var(--mdc-ripple-focus-opacity,.12)}.jR8x9d .P77izf .VfPpkd-StrnGf-rymPhb .VfPpkd-StrnGf-rymPhb-ibnC6b.VfPpkd-StrnGf-rymPhb-ibnC6b-OWXEXe-gk6SMd:not(.VfPpkd-ksKsZd-mWPk3d) .VfPpkd-StrnGf-rymPhb-pZXsl::after{transition:opacity .15s linear}.jR8x9d .P77izf .VfPpkd-StrnGf-rymPhb .VfPpkd-StrnGf-rymPhb-ibnC6b.VfPpkd-StrnGf-rymPhb-ibnC6b-OWXEXe-gk6SMd:not(.VfPpkd-ksKsZd-mWPk3d):active .VfPpkd-StrnGf-rymPhb-pZXsl::after{transition-duration:75ms;opacity:.1;opacity:var(--mdc-ripple-press-opacity,.1)}.jR8x9d .P77izf .VfPpkd-StrnGf-rymPhb .VfPpkd-StrnGf-rymPhb-ibnC6b.VfPpkd-StrnGf-rymPhb-ibnC6b-OWXEXe-gk6SMd.VfPpkd-ksKsZd-mWPk3d{--mdc-ripple-fg-opacity:var(--mdc-ripple-press-opacity,0.1)}.jR8x9d .P77izf .VfPpkd-StrnGf-rymPhb .VfPpkd-StrnGf-rymPhb-L8ivfd-fmcmS{color:rgb(154,160,166)}.jR8x9d .P77izf .VfPpkd-StrnGf-rymPhb .VfPpkd-StrnGf-rymPhb-clz4Ic{border-bottom-color:rgba(232,234,237,.12)}.jR8x9d .P77izf .VfPpkd-StrnGf-rymPhb .VfPpkd-StrnGf-rymPhb-f7MjDc{color:rgb(232,234,237)}.jR8x9d .P77izf .VfPpkd-StrnGf-rymPhb .VfPpkd-StrnGf-rymPhb-ibnC6b .VfPpkd-StrnGf-rymPhb-pZXsl::before,.jR8x9d .P77izf .VfPpkd-StrnGf-rymPhb .VfPpkd-StrnGf-rymPhb-ibnC6b .VfPpkd-StrnGf-rymPhb-pZXsl::after{background-color:rgb(232,234,237);background-color:var(--mdc-ripple-color,rgb(232,234,237))}.jR8x9d .P77izf .VfPpkd-StrnGf-rymPhb .VfPpkd-StrnGf-rymPhb-ibnC6b:hover .VfPpkd-StrnGf-rymPhb-pZXsl::before,.jR8x9d .P77izf .VfPpkd-StrnGf-rymPhb .VfPpkd-StrnGf-rymPhb-ibnC6b.VfPpkd-ksKsZd-XxIAqe-OWXEXe-ZmdkE .VfPpkd-StrnGf-rymPhb-pZXsl::before{opacity:.04;opacity:var(--mdc-ripple-hover-opacity,.04)}.jR8x9d .P77izf .VfPpkd-StrnGf-rymPhb .VfPpkd-StrnGf-rymPhb-ibnC6b.VfPpkd-ksKsZd-mWPk3d-OWXEXe-AHe6Kc-XpnDCe .VfPpkd-StrnGf-rymPhb-pZXsl::before,.jR8x9d .P77izf .VfPpkd-StrnGf-rymPhb .VfPpkd-StrnGf-rymPhb-ibnC6b:not(.VfPpkd-ksKsZd-mWPk3d):focus .VfPpkd-StrnGf-rymPhb-pZXsl::before{transition-duration:75ms;opacity:.12;opacity:var(--mdc-ripple-focus-opacity,.12)}.jR8x9d .P77izf .VfPpkd-StrnGf-rymPhb .VfPpkd-StrnGf-rymPhb-ibnC6b:not(.VfPpkd-ksKsZd-mWPk3d) .VfPpkd-StrnGf-rymPhb-pZXsl::after{transition:opacity .15s linear}.jR8x9d .P77izf .VfPpkd-StrnGf-rymPhb .VfPpkd-StrnGf-rymPhb-ibnC6b:not(.VfPpkd-ksKsZd-mWPk3d):active .VfPpkd-StrnGf-rymPhb-pZXsl::after{transition-duration:75ms;opacity:.1;opacity:var(--mdc-ripple-press-opacity,.1)}.jR8x9d .P77izf .VfPpkd-StrnGf-rymPhb .VfPpkd-StrnGf-rymPhb-ibnC6b.VfPpkd-ksKsZd-mWPk3d{--mdc-ripple-fg-opacity:var(--mdc-ripple-press-opacity,0.1)}}@media screen and (prefers-color-scheme:dark) and (-ms-high-contrast:active),screen and (prefers-color-scheme:dark) and (forced-colors:active){.jR8x9d .P77izf .VfPpkd-StrnGf-rymPhb .VfPpkd-StrnGf-rymPhb-ibnC6b-OWXEXe-OWB6Me .VfPpkd-StrnGf-rymPhb-b9t22c,.jR8x9d .P77izf .VfPpkd-StrnGf-rymPhb .VfPpkd-StrnGf-rymPhb-ibnC6b-OWXEXe-OWB6Me .VfPpkd-StrnGf-rymPhb-fpDzbe-fmcmS,.jR8x9d .P77izf .VfPpkd-StrnGf-rymPhb .VfPpkd-StrnGf-rymPhb-ibnC6b-OWXEXe-OWB6Me .VfPpkd-StrnGf-rymPhb-L8ivfd-fmcmS{color:GrayText}.jR8x9d .P77izf .VfPpkd-StrnGf-rymPhb .VfPpkd-StrnGf-rymPhb-ibnC6b-OWXEXe-OWB6Me .VfPpkd-StrnGf-rymPhb-b9t22c{opacity:1}}@media screen and (prefers-color-scheme:dark){.jR8x9d .P77izf .VfPpkd-BFbNVe-bF1uUb{opacity:.08}.jR8x9d .ZCYEwf{z-index:0}.jR8x9d .ZCYEwf .VfPpkd-eHTEvd::before,.jR8x9d .ZCYEwf .VfPpkd-eHTEvd::after{z-index:-1}.jR8x9d .ZCYEwf .VfPpkd-eHTEvd::before,.jR8x9d .ZCYEwf .VfPpkd-eHTEvd::after{background-color:rgb(138,180,248);background-color:var(--gm-radio-state-color,rgb(138,180,248))}.jR8x9d .ZCYEwf:hover .VfPpkd-eHTEvd::before,.jR8x9d .ZCYEwf.VfPpkd-ksKsZd-XxIAqe-OWXEXe-ZmdkE .VfPpkd-eHTEvd::before{opacity:.16;opacity:var(--mdc-ripple-hover-opacity,.16)}.jR8x9d .ZCYEwf.VfPpkd-ksKsZd-mWPk3d-OWXEXe-AHe6Kc-XpnDCe .VfPpkd-eHTEvd::before,.jR8x9d .ZCYEwf:not(.VfPpkd-ksKsZd-mWPk3d):focus .VfPpkd-eHTEvd::before{transition-duration:75ms;opacity:.24;opacity:var(--mdc-ripple-focus-opacity,.24)}.jR8x9d .ZCYEwf:not(.VfPpkd-ksKsZd-mWPk3d) .VfPpkd-eHTEvd::after{transition:opacity .15s linear}.jR8x9d .ZCYEwf:not(.VfPpkd-ksKsZd-mWPk3d):active .VfPpkd-eHTEvd::after{transition-duration:75ms;opacity:.2;opacity:var(--mdc-ripple-press-opacity,.2)}.jR8x9d .ZCYEwf .VfPpkd-gBXA9-bMcfAe:enabled:not(:checked)~.VfPpkd-eHTEvd::before,.jR8x9d .ZCYEwf .VfPpkd-gBXA9-bMcfAe:enabled:not(:checked)~.VfPpkd-eHTEvd::after{background-color:rgb(232,234,237);background-color:var(--gm-radio-state-color,rgb(232,234,237))}.jR8x9d .ZCYEwf:hover .VfPpkd-gBXA9-bMcfAe:enabled:not(:checked)~.VfPpkd-eHTEvd::before,.jR8x9d .ZCYEwf.VfPpkd-ksKsZd-XxIAqe-OWXEXe-ZmdkE .VfPpkd-gBXA9-bMcfAe:enabled:not(:checked)~.VfPpkd-eHTEvd::before{opacity:.16;opacity:var(--mdc-ripple-hover-opacity,.16)}.jR8x9d .ZCYEwf.VfPpkd-ksKsZd-mWPk3d-OWXEXe-AHe6Kc-XpnDCe .VfPpkd-gBXA9-bMcfAe:enabled:not(:checked)~.VfPpkd-eHTEvd::before,.jR8x9d .ZCYEwf:not(.VfPpkd-ksKsZd-mWPk3d):focus .VfPpkd-gBXA9-bMcfAe:enabled:not(:checked)~.VfPpkd-eHTEvd::before{transition-duration:75ms;opacity:.24;opacity:var(--mdc-ripple-focus-opacity,.24)}.jR8x9d .ZCYEwf:not(.VfPpkd-ksKsZd-mWPk3d) .VfPpkd-gBXA9-bMcfAe:enabled:not(:checked)~.VfPpkd-eHTEvd::after{transition:opacity .15s linear}.jR8x9d .ZCYEwf:not(.VfPpkd-ksKsZd-mWPk3d):active .VfPpkd-gBXA9-bMcfAe:enabled:not(:checked)~.VfPpkd-eHTEvd::after{transition-duration:75ms;opacity:.2;opacity:var(--mdc-ripple-press-opacity,.2)}.jR8x9d .ZCYEwf.VfPpkd-ksKsZd-mWPk3d{--mdc-ripple-fg-opacity:var(--mdc-ripple-press-opacity,0.2)}.jR8x9d .ZCYEwf .VfPpkd-gBXA9-bMcfAe:enabled:not(:checked)+.VfPpkd-RsCWK .VfPpkd-wVo5xe-LkdAo{border-color:rgb(154,160,166);border-color:var(--gm-radio-stroke-color--unchecked,rgb(154,160,166))}.jR8x9d .ZCYEwf .VfPpkd-gBXA9-bMcfAe:enabled:checked+.VfPpkd-RsCWK .VfPpkd-wVo5xe-LkdAo{border-color:rgb(138,180,248);border-color:var(--gm-radio-stroke-color--checked,rgb(138,180,248))}.jR8x9d .ZCYEwf .VfPpkd-gBXA9-bMcfAe:enabled+.VfPpkd-RsCWK .VfPpkd-Z5TpLc-LkdAo{border-color:rgb(138,180,248);border-color:var(--gm-radio-ink-color,rgb(138,180,248))}.jR8x9d .ZCYEwf [aria-disabled=true] .VfPpkd-gBXA9-bMcfAe:not(:checked)+.VfPpkd-RsCWK .VfPpkd-wVo5xe-LkdAo,.jR8x9d .ZCYEwf .VfPpkd-gBXA9-bMcfAe:disabled:not(:checked)+.VfPpkd-RsCWK .VfPpkd-wVo5xe-LkdAo{border-color:rgba(232,234,237,.38);border-color:var(--gm-radio-disabled-stroke-color--unchecked,rgba(232,234,237,.38))}.jR8x9d .ZCYEwf [aria-disabled=true] .VfPpkd-gBXA9-bMcfAe:checked+.VfPpkd-RsCWK .VfPpkd-wVo5xe-LkdAo,.jR8x9d .ZCYEwf .VfPpkd-gBXA9-bMcfAe:disabled:checked+.VfPpkd-RsCWK .VfPpkd-wVo5xe-LkdAo{border-color:rgba(232,234,237,.38);border-color:var(--gm-radio-disabled-stroke-color--checked,rgba(232,234,237,.38))}.jR8x9d .ZCYEwf [aria-disabled=true] .VfPpkd-gBXA9-bMcfAe+.VfPpkd-RsCWK .VfPpkd-Z5TpLc-LkdAo,.jR8x9d .ZCYEwf .VfPpkd-gBXA9-bMcfAe:disabled+.VfPpkd-RsCWK .VfPpkd-Z5TpLc-LkdAo{border-color:rgba(232,234,237,.38);border-color:var(--gm-radio-disabled-ink-color,rgba(232,234,237,.38))}.jR8x9d .ZCYEwf .VfPpkd-RsCWK::before{background-color:rgb(138,180,248);background-color:var(--gm-radio-state-color,rgb(138,180,248))}.jR8x9d .ZCYEwf:hover .VfPpkd-gBXA9-bMcfAe:enabled:not(:checked)+.VfPpkd-RsCWK .VfPpkd-wVo5xe-LkdAo,.jR8x9d .ZCYEwf.VfPpkd-ksKsZd-mWPk3d-OWXEXe-AHe6Kc-XpnDCe .VfPpkd-gBXA9-bMcfAe:enabled:not(:checked)+.VfPpkd-RsCWK .VfPpkd-wVo5xe-LkdAo,.jR8x9d .ZCYEwf:not(.VfPpkd-ksKsZd-mWPk3d):focus .VfPpkd-gBXA9-bMcfAe:enabled:not(:checked)+.VfPpkd-RsCWK .VfPpkd-wVo5xe-LkdAo,.jR8x9d .ZCYEwf:active .VfPpkd-gBXA9-bMcfAe:enabled:not(:checked)+.VfPpkd-RsCWK .VfPpkd-wVo5xe-LkdAo{border-color:rgb(232,234,237);border-color:var(--gm-radio-stroke-color--unchecked-stateful,rgb(232,234,237))}.jR8x9d .ZCYEwf:hover .VfPpkd-gBXA9-bMcfAe:enabled:checked+.VfPpkd-RsCWK .VfPpkd-wVo5xe-LkdAo,.jR8x9d .ZCYEwf.VfPpkd-ksKsZd-mWPk3d-OWXEXe-AHe6Kc-XpnDCe .VfPpkd-gBXA9-bMcfAe:enabled:checked+.VfPpkd-RsCWK .VfPpkd-wVo5xe-LkdAo,.jR8x9d .ZCYEwf:not(.VfPpkd-ksKsZd-mWPk3d):focus .VfPpkd-gBXA9-bMcfAe:enabled:checked+.VfPpkd-RsCWK .VfPpkd-wVo5xe-LkdAo,.jR8x9d .ZCYEwf:active .VfPpkd-gBXA9-bMcfAe:enabled:checked+.VfPpkd-RsCWK .VfPpkd-wVo5xe-LkdAo{border-color:rgb(174,203,250);border-color:var(--gm-radio-stroke-color--checked-stateful,rgb(174,203,250))}.jR8x9d .ZCYEwf:hover .VfPpkd-gBXA9-bMcfAe:enabled+.VfPpkd-RsCWK .VfPpkd-Z5TpLc-LkdAo,.jR8x9d .ZCYEwf.VfPpkd-ksKsZd-mWPk3d-OWXEXe-AHe6Kc-XpnDCe .VfPpkd-gBXA9-bMcfAe:enabled+.VfPpkd-RsCWK .VfPpkd-Z5TpLc-LkdAo,.jR8x9d .ZCYEwf:not(.VfPpkd-ksKsZd-mWPk3d):focus .VfPpkd-gBXA9-bMcfAe:enabled+.VfPpkd-RsCWK .VfPpkd-Z5TpLc-LkdAo,.jR8x9d .ZCYEwf:active .VfPpkd-gBXA9-bMcfAe:enabled+.VfPpkd-RsCWK .VfPpkd-Z5TpLc-LkdAo{border-color:rgb(174,203,250);border-color:var(--gm-radio-ink-color--stateful,rgb(174,203,250))}.jR8x9d .dmaMHc{background-color:rgb(32,33,36);border-width:0;box-shadow:0 1px 2px 0 rgba(0,0,0,.3),0 2px 6px 2px rgba(0,0,0,.15);font-family:Roboto,Arial,sans-serif;line-height:1.5rem;font-size:1rem;letter-spacing:.00625em;font-weight:400}.jR8x9d .dmaMHc .VfPpkd-StrnGf-rymPhb{font-family:Roboto,Arial,sans-serif;line-height:1.5rem;font-size:1rem;letter-spacing:.00625em;font-weight:400;color:rgb(232,234,237)}.jR8x9d .dmaMHc .VfPpkd-StrnGf-rymPhb .VfPpkd-StrnGf-rymPhb-IhFlZd{color:rgb(154,160,166)}.jR8x9d .dmaMHc .VfPpkd-StrnGf-rymPhb .VfPpkd-StrnGf-rymPhb-ibnC6b-OWXEXe-OWB6Me .VfPpkd-StrnGf-rymPhb-b9t22c,.jR8x9d .dmaMHc .VfPpkd-StrnGf-rymPhb .VfPpkd-StrnGf-rymPhb-ibnC6b-OWXEXe-OWB6Me .VfPpkd-StrnGf-rymPhb-fpDzbe-fmcmS,.jR8x9d .dmaMHc .VfPpkd-StrnGf-rymPhb .VfPpkd-StrnGf-rymPhb-ibnC6b-OWXEXe-OWB6Me .VfPpkd-StrnGf-rymPhb-L8ivfd-fmcmS{color:rgb(232,234,237)}.jR8x9d .dmaMHc .VfPpkd-StrnGf-rymPhb .VfPpkd-StrnGf-rymPhb-ibnC6b-OWXEXe-OWB6Me .VfPpkd-StrnGf-rymPhb-b9t22c{opacity:.38}.jR8x9d .dmaMHc .VfPpkd-StrnGf-rymPhb .VfPpkd-StrnGf-rymPhb-ibnC6b-OWXEXe-gk6SMd,.jR8x9d .dmaMHc .VfPpkd-StrnGf-rymPhb .VfPpkd-StrnGf-rymPhb-ibnC6b-OWXEXe-pXU01b,.jR8x9d .dmaMHc .VfPpkd-StrnGf-rymPhb .VfPpkd-StrnGf-rymPhb-ibnC6b-OWXEXe-gk6SMd .VfPpkd-StrnGf-rymPhb-f7MjDc,.jR8x9d .dmaMHc .VfPpkd-StrnGf-rymPhb .VfPpkd-StrnGf-rymPhb-ibnC6b-OWXEXe-pXU01b .VfPpkd-StrnGf-rymPhb-f7MjDc{color:rgb(232,234,237)}.jR8x9d .dmaMHc .VfPpkd-StrnGf-rymPhb .VfPpkd-StrnGf-rymPhb-ibnC6b-OWXEXe-gk6SMd .VfPpkd-StrnGf-rymPhb-pZXsl::before{opacity:0}.jR8x9d .dmaMHc .VfPpkd-StrnGf-rymPhb .VfPpkd-StrnGf-rymPhb-ibnC6b.VfPpkd-StrnGf-rymPhb-ibnC6b-OWXEXe-gk6SMd{background-color:rgba(138,180,248,.24)}.jR8x9d .dmaMHc .VfPpkd-StrnGf-rymPhb .VfPpkd-StrnGf-rymPhb-ibnC6b.VfPpkd-StrnGf-rymPhb-ibnC6b-OWXEXe-gk6SMd .VfPpkd-StrnGf-rymPhb-pZXsl::before,.jR8x9d .dmaMHc .VfPpkd-StrnGf-rymPhb .VfPpkd-StrnGf-rymPhb-ibnC6b.VfPpkd-StrnGf-rymPhb-ibnC6b-OWXEXe-gk6SMd .VfPpkd-StrnGf-rymPhb-pZXsl::after{background-color:rgb(138,180,248);background-color:var(--mdc-ripple-color,rgb(138,180,248))}.jR8x9d .dmaMHc .VfPpkd-StrnGf-rymPhb .VfPpkd-StrnGf-rymPhb-ibnC6b.VfPpkd-StrnGf-rymPhb-ibnC6b-OWXEXe-gk6SMd:hover .VfPpkd-StrnGf-rymPhb-pZXsl::before,.jR8x9d .dmaMHc .VfPpkd-StrnGf-rymPhb .VfPpkd-StrnGf-rymPhb-ibnC6b.VfPpkd-StrnGf-rymPhb-ibnC6b-OWXEXe-gk6SMd.VfPpkd-ksKsZd-XxIAqe-OWXEXe-ZmdkE .VfPpkd-StrnGf-rymPhb-pZXsl::before{opacity:.04;opacity:var(--mdc-ripple-hover-opacity,.04)}.jR8x9d .dmaMHc .VfPpkd-StrnGf-rymPhb .VfPpkd-StrnGf-rymPhb-ibnC6b.VfPpkd-StrnGf-rymPhb-ibnC6b-OWXEXe-gk6SMd.VfPpkd-ksKsZd-mWPk3d-OWXEXe-AHe6Kc-XpnDCe .VfPpkd-StrnGf-rymPhb-pZXsl::before,.jR8x9d .dmaMHc .VfPpkd-StrnGf-rymPhb .VfPpkd-StrnGf-rymPhb-ibnC6b.VfPpkd-StrnGf-rymPhb-ibnC6b-OWXEXe-gk6SMd:not(.VfPpkd-ksKsZd-mWPk3d):focus .VfPpkd-StrnGf-rymPhb-pZXsl::before{transition-duration:75ms;opacity:.12;opacity:var(--mdc-ripple-focus-opacity,.12)}.jR8x9d .dmaMHc .VfPpkd-StrnGf-rymPhb .VfPpkd-StrnGf-rymPhb-ibnC6b.VfPpkd-StrnGf-rymPhb-ibnC6b-OWXEXe-gk6SMd:not(.VfPpkd-ksKsZd-mWPk3d) .VfPpkd-StrnGf-rymPhb-pZXsl::after{transition:opacity .15s linear}.jR8x9d .dmaMHc .VfPpkd-StrnGf-rymPhb .VfPpkd-StrnGf-rymPhb-ibnC6b.VfPpkd-StrnGf-rymPhb-ibnC6b-OWXEXe-gk6SMd:not(.VfPpkd-ksKsZd-mWPk3d):active .VfPpkd-StrnGf-rymPhb-pZXsl::after{transition-duration:75ms;opacity:.1;opacity:var(--mdc-ripple-press-opacity,.1)}.jR8x9d .dmaMHc .VfPpkd-StrnGf-rymPhb .VfPpkd-StrnGf-rymPhb-ibnC6b.VfPpkd-StrnGf-rymPhb-ibnC6b-OWXEXe-gk6SMd.VfPpkd-ksKsZd-mWPk3d{--mdc-ripple-fg-opacity:var(--mdc-ripple-press-opacity,0.1)}.jR8x9d .dmaMHc .VfPpkd-StrnGf-rymPhb .VfPpkd-StrnGf-rymPhb-L8ivfd-fmcmS{color:rgb(154,160,166)}.jR8x9d .dmaMHc .VfPpkd-StrnGf-rymPhb .VfPpkd-StrnGf-rymPhb-clz4Ic{border-bottom-color:rgba(232,234,237,.12)}.jR8x9d .dmaMHc .VfPpkd-StrnGf-rymPhb .VfPpkd-StrnGf-rymPhb-f7MjDc{color:rgb(232,234,237)}.jR8x9d .dmaMHc .VfPpkd-StrnGf-rymPhb .VfPpkd-StrnGf-rymPhb-ibnC6b .VfPpkd-StrnGf-rymPhb-pZXsl::before,.jR8x9d .dmaMHc .VfPpkd-StrnGf-rymPhb .VfPpkd-StrnGf-rymPhb-ibnC6b .VfPpkd-StrnGf-rymPhb-pZXsl::after{background-color:rgb(232,234,237);background-color:var(--mdc-ripple-color,rgb(232,234,237))}.jR8x9d .dmaMHc .VfPpkd-StrnGf-rymPhb .VfPpkd-StrnGf-rymPhb-ibnC6b:hover .VfPpkd-StrnGf-rymPhb-pZXsl::before,.jR8x9d .dmaMHc .VfPpkd-StrnGf-rymPhb .VfPpkd-StrnGf-rymPhb-ibnC6b.VfPpkd-ksKsZd-XxIAqe-OWXEXe-ZmdkE .VfPpkd-StrnGf-rymPhb-pZXsl::before{opacity:.04;opacity:var(--mdc-ripple-hover-opacity,.04)}.jR8x9d .dmaMHc .VfPpkd-StrnGf-rymPhb .VfPpkd-StrnGf-rymPhb-ibnC6b.VfPpkd-ksKsZd-mWPk3d-OWXEXe-AHe6Kc-XpnDCe .VfPpkd-StrnGf-rymPhb-pZXsl::before,.jR8x9d .dmaMHc .VfPpkd-StrnGf-rymPhb .VfPpkd-StrnGf-rymPhb-ibnC6b:not(.VfPpkd-ksKsZd-mWPk3d):focus .VfPpkd-StrnGf-rymPhb-pZXsl::before{transition-duration:75ms;opacity:.12;opacity:var(--mdc-ripple-focus-opacity,.12)}.jR8x9d .dmaMHc .VfPpkd-StrnGf-rymPhb .VfPpkd-StrnGf-rymPhb-ibnC6b:not(.VfPpkd-ksKsZd-mWPk3d) .VfPpkd-StrnGf-rymPhb-pZXsl::after{transition:opacity .15s linear}.jR8x9d .dmaMHc .VfPpkd-StrnGf-rymPhb .VfPpkd-StrnGf-rymPhb-ibnC6b:not(.VfPpkd-ksKsZd-mWPk3d):active .VfPpkd-StrnGf-rymPhb-pZXsl::after{transition-duration:75ms;opacity:.1;opacity:var(--mdc-ripple-press-opacity,.1)}.jR8x9d .dmaMHc .VfPpkd-StrnGf-rymPhb .VfPpkd-StrnGf-rymPhb-ibnC6b.VfPpkd-ksKsZd-mWPk3d{--mdc-ripple-fg-opacity:var(--mdc-ripple-press-opacity,0.1)}}@media screen and (prefers-color-scheme:dark) and (-ms-high-contrast:active),screen and (prefers-color-scheme:dark) and (forced-colors:active){.jR8x9d .dmaMHc .VfPpkd-StrnGf-rymPhb .VfPpkd-StrnGf-rymPhb-ibnC6b-OWXEXe-OWB6Me .VfPpkd-StrnGf-rymPhb-b9t22c,.jR8x9d .dmaMHc .VfPpkd-StrnGf-rymPhb .VfPpkd-StrnGf-rymPhb-ibnC6b-OWXEXe-OWB6Me .VfPpkd-StrnGf-rymPhb-fpDzbe-fmcmS,.jR8x9d .dmaMHc .VfPpkd-StrnGf-rymPhb .VfPpkd-StrnGf-rymPhb-ibnC6b-OWXEXe-OWB6Me .VfPpkd-StrnGf-rymPhb-L8ivfd-fmcmS{color:GrayText}.jR8x9d .dmaMHc .VfPpkd-StrnGf-rymPhb .VfPpkd-StrnGf-rymPhb-ibnC6b-OWXEXe-OWB6Me .VfPpkd-StrnGf-rymPhb-b9t22c{opacity:1}}@media screen and (prefers-color-scheme:dark){.jR8x9d .dmaMHc .VfPpkd-BFbNVe-bF1uUb{opacity:.08}.jR8x9d .dmaMHc .VfPpkd-rymPhb-Gtdoyb,.jR8x9d .dmaMHc .VfPpkd-rymPhb-fpDzbe-fmcmS{color:rgb(232,234,237)}.jR8x9d .dmaMHc .VfPpkd-rymPhb-L8ivfd-fmcmS,.jR8x9d .dmaMHc .VfPpkd-rymPhb-bC5pod-fmcmS,.jR8x9d .dmaMHc .VfPpkd-rymPhb-JMEf7e{color:rgb(154,160,166)}.jR8x9d .dmaMHc .VfPpkd-rymPhb-ibnC6b-OWXEXe-SfQLQb-M1Soyc-Bz112c .VfPpkd-rymPhb-KkROqb,.jR8x9d .dmaMHc .VfPpkd-rymPhb-ibnC6b-OWXEXe-SfQLQb-UbuQg-Bz112c .VfPpkd-rymPhb-JMEf7e,.jR8x9d .dmaMHc .VfPpkd-rymPhb-ibnC6b-OWXEXe-OWB6Me .VfPpkd-rymPhb-Gtdoyb,.jR8x9d .dmaMHc .VfPpkd-rymPhb-ibnC6b-OWXEXe-OWB6Me .VfPpkd-rymPhb-fpDzbe-fmcmS,.jR8x9d .dmaMHc .VfPpkd-rymPhb-ibnC6b-OWXEXe-OWB6Me .VfPpkd-rymPhb-L8ivfd-fmcmS,.jR8x9d .dmaMHc .VfPpkd-rymPhb-ibnC6b-OWXEXe-OWB6Me .VfPpkd-rymPhb-bC5pod-fmcmS,.jR8x9d .dmaMHc .VfPpkd-rymPhb-ibnC6b-OWXEXe-OWB6Me.VfPpkd-rymPhb-ibnC6b-OWXEXe-SfQLQb-M1Soyc-Bz112c .VfPpkd-rymPhb-KkROqb,.jR8x9d .dmaMHc .VfPpkd-rymPhb-ibnC6b-OWXEXe-OWB6Me.VfPpkd-rymPhb-ibnC6b-OWXEXe-SfQLQb-UbuQg-Bz112c .VfPpkd-rymPhb-JMEf7e,.jR8x9d .dmaMHc .VfPpkd-rymPhb-ibnC6b-OWXEXe-OWB6Me.VfPpkd-rymPhb-ibnC6b-OWXEXe-SfQLQb-UbuQg-r4m2rf .VfPpkd-rymPhb-JMEf7e{color:rgb(232,234,237)}.jR8x9d .dmaMHc .VfPpkd-rymPhb-ibnC6b-OWXEXe-OWB6Me .VfPpkd-rymPhb-KkROqb,.jR8x9d .dmaMHc .VfPpkd-rymPhb-ibnC6b-OWXEXe-OWB6Me .VfPpkd-rymPhb-Gtdoyb,.jR8x9d .dmaMHc .VfPpkd-rymPhb-ibnC6b-OWXEXe-OWB6Me .VfPpkd-rymPhb-JMEf7e{opacity:.38}.jR8x9d .dmaMHc .VfPpkd-rymPhb-ibnC6b-OWXEXe-gk6SMd .VfPpkd-rymPhb-Gtdoyb,.jR8x9d .dmaMHc .VfPpkd-rymPhb-ibnC6b-OWXEXe-gk6SMd .VfPpkd-rymPhb-fpDzbe-fmcmS,.jR8x9d .dmaMHc .VfPpkd-rymPhb-ibnC6b-OWXEXe-pXU01b .VfPpkd-rymPhb-Gtdoyb,.jR8x9d .dmaMHc .VfPpkd-rymPhb-ibnC6b-OWXEXe-pXU01b .VfPpkd-rymPhb-fpDzbe-fmcmS,.jR8x9d .dmaMHc .VfPpkd-rymPhb-ibnC6b-OWXEXe-gk6SMd.VfPpkd-rymPhb-ibnC6b-OWXEXe-SfQLQb-M1Soyc-Bz112c .VfPpkd-rymPhb-KkROqb,.jR8x9d .dmaMHc .VfPpkd-rymPhb-ibnC6b-OWXEXe-pXU01b.VfPpkd-rymPhb-ibnC6b-OWXEXe-SfQLQb-M1Soyc-Bz112c .VfPpkd-rymPhb-KkROqb{color:rgb(232,234,237)}.jR8x9d .dmaMHc .VfPpkd-rymPhb-ibnC6b-OWXEXe-gk6SMd .VfPpkd-rymPhb-pZXsl::before{opacity:0}.jR8x9d .dmaMHc .VfPpkd-rymPhb-ibnC6b.VfPpkd-rymPhb-ibnC6b-OWXEXe-gk6SMd{background-color:rgba(138,180,248,.24)}.jR8x9d .dmaMHc .VfPpkd-rymPhb-ibnC6b.VfPpkd-rymPhb-ibnC6b-OWXEXe-gk6SMd .VfPpkd-rymPhb-pZXsl::before,.jR8x9d .dmaMHc .VfPpkd-rymPhb-ibnC6b.VfPpkd-rymPhb-ibnC6b-OWXEXe-gk6SMd .VfPpkd-rymPhb-pZXsl::after{background-color:rgb(138,180,248);background-color:var(--mdc-ripple-color,rgb(138,180,248))}.jR8x9d .dmaMHc .VfPpkd-rymPhb-ibnC6b.VfPpkd-rymPhb-ibnC6b-OWXEXe-gk6SMd:hover .VfPpkd-rymPhb-pZXsl::before,.jR8x9d .dmaMHc .VfPpkd-rymPhb-ibnC6b.VfPpkd-rymPhb-ibnC6b-OWXEXe-gk6SMd.VfPpkd-ksKsZd-XxIAqe-OWXEXe-ZmdkE .VfPpkd-rymPhb-pZXsl::before{opacity:.04;opacity:var(--mdc-ripple-hover-opacity,.04)}.jR8x9d .dmaMHc .VfPpkd-rymPhb-ibnC6b.VfPpkd-rymPhb-ibnC6b-OWXEXe-gk6SMd.VfPpkd-ksKsZd-mWPk3d-OWXEXe-AHe6Kc-XpnDCe .VfPpkd-rymPhb-pZXsl::before,.jR8x9d .dmaMHc .VfPpkd-rymPhb-ibnC6b.VfPpkd-rymPhb-ibnC6b-OWXEXe-gk6SMd:not(.VfPpkd-ksKsZd-mWPk3d):focus .VfPpkd-rymPhb-pZXsl::before{transition-duration:75ms;opacity:.12;opacity:var(--mdc-ripple-focus-opacity,.12)}.jR8x9d .dmaMHc .VfPpkd-rymPhb-ibnC6b.VfPpkd-rymPhb-ibnC6b-OWXEXe-gk6SMd:not(.VfPpkd-ksKsZd-mWPk3d) .VfPpkd-rymPhb-pZXsl::after{transition:opacity .15s linear}.jR8x9d .dmaMHc .VfPpkd-rymPhb-ibnC6b.VfPpkd-rymPhb-ibnC6b-OWXEXe-gk6SMd:not(.VfPpkd-ksKsZd-mWPk3d):active .VfPpkd-rymPhb-pZXsl::after{transition-duration:75ms;opacity:.1;opacity:var(--mdc-ripple-press-opacity,.1)}.jR8x9d .dmaMHc .VfPpkd-rymPhb-ibnC6b.VfPpkd-rymPhb-ibnC6b-OWXEXe-gk6SMd.VfPpkd-ksKsZd-mWPk3d{--mdc-ripple-fg-opacity:var(--mdc-ripple-press-opacity,0.1)}.jR8x9d .dmaMHc .VfPpkd-rymPhb-L8ivfd-fmcmS{color:rgb(154,160,166)}.jR8x9d .dmaMHc .VfPpkd-rymPhb-clz4Ic{background-color:rgba(232,234,237,.12)}.jR8x9d .dmaMHc .VfPpkd-rymPhb-ibnC6b-OWXEXe-SfQLQb-M1Soyc-Bz112c .VfPpkd-rymPhb-KkROqb,.jR8x9d .dmaMHc .VfPpkd-rymPhb-ibnC6b-OWXEXe-SfQLQb-UbuQg-Bz112c .VfPpkd-rymPhb-JMEf7e{color:rgb(232,234,237)}.jR8x9d .dmaMHc .VfPpkd-rymPhb-ibnC6b .VfPpkd-rymPhb-pZXsl::before,.jR8x9d .dmaMHc .VfPpkd-rymPhb-ibnC6b .VfPpkd-rymPhb-pZXsl::after{background-color:rgb(232,234,237);background-color:var(--mdc-ripple-color,rgb(232,234,237))}.jR8x9d .dmaMHc .VfPpkd-rymPhb-ibnC6b:hover .VfPpkd-rymPhb-pZXsl::before,.jR8x9d .dmaMHc .VfPpkd-rymPhb-ibnC6b.VfPpkd-ksKsZd-XxIAqe-OWXEXe-ZmdkE .VfPpkd-rymPhb-pZXsl::before{opacity:.04;opacity:var(--mdc-ripple-hover-opacity,.04)}.jR8x9d .dmaMHc .VfPpkd-rymPhb-ibnC6b.VfPpkd-ksKsZd-mWPk3d-OWXEXe-AHe6Kc-XpnDCe .VfPpkd-rymPhb-pZXsl::before,.jR8x9d .dmaMHc .VfPpkd-rymPhb-ibnC6b:not(.VfPpkd-ksKsZd-mWPk3d):focus .VfPpkd-rymPhb-pZXsl::before{transition-duration:75ms;opacity:.12;opacity:var(--mdc-ripple-focus-opacity,.12)}.jR8x9d .dmaMHc .VfPpkd-rymPhb-ibnC6b:not(.VfPpkd-ksKsZd-mWPk3d) .VfPpkd-rymPhb-pZXsl::after{transition:opacity .15s linear}.jR8x9d .dmaMHc .VfPpkd-rymPhb-ibnC6b:not(.VfPpkd-ksKsZd-mWPk3d):active .VfPpkd-rymPhb-pZXsl::after{transition-duration:75ms;opacity:.1;opacity:var(--mdc-ripple-press-opacity,.1)}.jR8x9d .dmaMHc .VfPpkd-rymPhb-ibnC6b.VfPpkd-ksKsZd-mWPk3d{--mdc-ripple-fg-opacity:var(--mdc-ripple-press-opacity,0.1)}}@media screen and (prefers-color-scheme:dark) and (forced-colors:active){.jR8x9d .dmaMHc .VfPpkd-rymPhb-ibnC6b-OWXEXe-OWB6Me .VfPpkd-rymPhb-Gtdoyb,.jR8x9d .dmaMHc .VfPpkd-rymPhb-ibnC6b-OWXEXe-OWB6Me .VfPpkd-rymPhb-fpDzbe-fmcmS,.jR8x9d .dmaMHc .VfPpkd-rymPhb-ibnC6b-OWXEXe-OWB6Me .VfPpkd-rymPhb-L8ivfd-fmcmS,.jR8x9d .dmaMHc .VfPpkd-rymPhb-ibnC6b-OWXEXe-OWB6Me .VfPpkd-rymPhb-bC5pod-fmcmS,.jR8x9d .dmaMHc .VfPpkd-rymPhb-ibnC6b-OWXEXe-OWB6Me.VfPpkd-rymPhb-ibnC6b-OWXEXe-SfQLQb-M1Soyc-Bz112c .VfPpkd-rymPhb-KkROqb,.jR8x9d .dmaMHc .VfPpkd-rymPhb-ibnC6b-OWXEXe-OWB6Me.VfPpkd-rymPhb-ibnC6b-OWXEXe-SfQLQb-UbuQg-Bz112c .VfPpkd-rymPhb-JMEf7e,.jR8x9d .dmaMHc .VfPpkd-rymPhb-ibnC6b-OWXEXe-OWB6Me.VfPpkd-rymPhb-ibnC6b-OWXEXe-SfQLQb-UbuQg-r4m2rf .VfPpkd-rymPhb-JMEf7e{color:GrayText}.jR8x9d .dmaMHc .VfPpkd-rymPhb-ibnC6b-OWXEXe-OWB6Me .VfPpkd-rymPhb-KkROqb,.jR8x9d .dmaMHc .VfPpkd-rymPhb-ibnC6b-OWXEXe-OWB6Me .VfPpkd-rymPhb-Gtdoyb,.jR8x9d .dmaMHc .VfPpkd-rymPhb-ibnC6b-OWXEXe-OWB6Me .VfPpkd-rymPhb-JMEf7e{opacity:1}}@media screen and (prefers-color-scheme:dark){.jR8x9d .dmaMHc .VfPpkd-StrnGf-rymPhb .VfPpkd-StrnGf-rymPhb-L8ivfd-fmcmS{color:rgb(154,160,166)}.jR8x9d .dmaMHc .VfPpkd-StrnGf-rymPhb .VfPpkd-StrnGf-rymPhb-f7MjDc,.jR8x9d .dmaMHc .VfPpkd-rymPhb .VfPpkd-rymPhb-ibnC6b-OWXEXe-SfQLQb-M1Soyc-Bz112c .VfPpkd-rymPhb-KkROqb,.jR8x9d .dmaMHc .VfPpkd-rymPhb .VfPpkd-rymPhb-ibnC6b-OWXEXe-SfQLQb-UbuQg-Bz112c .VfPpkd-rymPhb-JMEf7e{color:rgb(232,234,237)}.jR8x9d .dmaMHc .VfPpkd-rymPhb-fpDzbe-fmcmS{letter-spacing:.00625em}.jR8x9d .dmaMHc.VfPpkd-YPmvEd-OWXEXe-UJflGc .VfPpkd-StrnGf-rymPhb-ibnC6b.VfPpkd-StrnGf-rymPhb-ibnC6b-OWXEXe-gk6SMd,.jR8x9d .dmaMHc.VfPpkd-YPmvEd-OWXEXe-UJflGc .VfPpkd-rymPhb-ibnC6b.VfPpkd-rymPhb-ibnC6b-OWXEXe-gk6SMd{background-color:rgba(242,139,130,.24)}.jR8x9d .dmaMHc.VfPpkd-YPmvEd-OWXEXe-UJflGc .VfPpkd-StrnGf-rymPhb-ibnC6b.VfPpkd-StrnGf-rymPhb-ibnC6b-OWXEXe-gk6SMd .VfPpkd-StrnGf-rymPhb-pZXsl::before,.jR8x9d .dmaMHc.VfPpkd-YPmvEd-OWXEXe-UJflGc .VfPpkd-StrnGf-rymPhb-ibnC6b.VfPpkd-StrnGf-rymPhb-ibnC6b-OWXEXe-gk6SMd .VfPpkd-StrnGf-rymPhb-pZXsl::after,.jR8x9d .dmaMHc.VfPpkd-YPmvEd-OWXEXe-UJflGc .VfPpkd-rymPhb-ibnC6b.VfPpkd-rymPhb-ibnC6b-OWXEXe-gk6SMd .VfPpkd-StrnGf-rymPhb-pZXsl::before,.jR8x9d .dmaMHc.VfPpkd-YPmvEd-OWXEXe-UJflGc .VfPpkd-rymPhb-ibnC6b.VfPpkd-rymPhb-ibnC6b-OWXEXe-gk6SMd .VfPpkd-StrnGf-rymPhb-pZXsl::after{background-color:rgb(242,139,130);background-color:var(--mdc-ripple-color,rgb(242,139,130))}.jR8x9d .dmaMHc.VfPpkd-YPmvEd-OWXEXe-UJflGc .VfPpkd-StrnGf-rymPhb-ibnC6b.VfPpkd-StrnGf-rymPhb-ibnC6b-OWXEXe-gk6SMd:hover .VfPpkd-StrnGf-rymPhb-pZXsl::before,.jR8x9d .dmaMHc.VfPpkd-YPmvEd-OWXEXe-UJflGc .VfPpkd-StrnGf-rymPhb-ibnC6b.VfPpkd-StrnGf-rymPhb-ibnC6b-OWXEXe-gk6SMd.VfPpkd-ksKsZd-XxIAqe-OWXEXe-ZmdkE .VfPpkd-StrnGf-rymPhb-pZXsl::before,.jR8x9d .dmaMHc.VfPpkd-YPmvEd-OWXEXe-UJflGc .VfPpkd-rymPhb-ibnC6b.VfPpkd-rymPhb-ibnC6b-OWXEXe-gk6SMd:hover .VfPpkd-StrnGf-rymPhb-pZXsl::before,.jR8x9d .dmaMHc.VfPpkd-YPmvEd-OWXEXe-UJflGc .VfPpkd-rymPhb-ibnC6b.VfPpkd-rymPhb-ibnC6b-OWXEXe-gk6SMd.VfPpkd-ksKsZd-XxIAqe-OWXEXe-ZmdkE .VfPpkd-StrnGf-rymPhb-pZXsl::before{opacity:.04;opacity:var(--mdc-ripple-hover-opacity,.04)}.jR8x9d .dmaMHc.VfPpkd-YPmvEd-OWXEXe-UJflGc .VfPpkd-StrnGf-rymPhb-ibnC6b.VfPpkd-StrnGf-rymPhb-ibnC6b-OWXEXe-gk6SMd.VfPpkd-ksKsZd-mWPk3d-OWXEXe-AHe6Kc-XpnDCe .VfPpkd-StrnGf-rymPhb-pZXsl::before,.jR8x9d .dmaMHc.VfPpkd-YPmvEd-OWXEXe-UJflGc .VfPpkd-StrnGf-rymPhb-ibnC6b.VfPpkd-StrnGf-rymPhb-ibnC6b-OWXEXe-gk6SMd:not(.VfPpkd-ksKsZd-mWPk3d):focus .VfPpkd-StrnGf-rymPhb-pZXsl::before,.jR8x9d .dmaMHc.VfPpkd-YPmvEd-OWXEXe-UJflGc .VfPpkd-rymPhb-ibnC6b.VfPpkd-rymPhb-ibnC6b-OWXEXe-gk6SMd.VfPpkd-ksKsZd-mWPk3d-OWXEXe-AHe6Kc-XpnDCe .VfPpkd-StrnGf-rymPhb-pZXsl::before,.jR8x9d .dmaMHc.VfPpkd-YPmvEd-OWXEXe-UJflGc .VfPpkd-rymPhb-ibnC6b.VfPpkd-rymPhb-ibnC6b-OWXEXe-gk6SMd:not(.VfPpkd-ksKsZd-mWPk3d):focus .VfPpkd-StrnGf-rymPhb-pZXsl::before{transition-duration:75ms;opacity:.12;opacity:var(--mdc-ripple-focus-opacity,.12)}.jR8x9d .dmaMHc.VfPpkd-YPmvEd-OWXEXe-UJflGc .VfPpkd-StrnGf-rymPhb-ibnC6b.VfPpkd-StrnGf-rymPhb-ibnC6b-OWXEXe-gk6SMd:not(.VfPpkd-ksKsZd-mWPk3d) .VfPpkd-StrnGf-rymPhb-pZXsl::after,.jR8x9d .dmaMHc.VfPpkd-YPmvEd-OWXEXe-UJflGc .VfPpkd-rymPhb-ibnC6b.VfPpkd-rymPhb-ibnC6b-OWXEXe-gk6SMd:not(.VfPpkd-ksKsZd-mWPk3d) .VfPpkd-StrnGf-rymPhb-pZXsl::after{transition:opacity .15s linear}.jR8x9d .dmaMHc.VfPpkd-YPmvEd-OWXEXe-UJflGc .VfPpkd-StrnGf-rymPhb-ibnC6b.VfPpkd-StrnGf-rymPhb-ibnC6b-OWXEXe-gk6SMd:not(.VfPpkd-ksKsZd-mWPk3d):active .VfPpkd-StrnGf-rymPhb-pZXsl::after,.jR8x9d .dmaMHc.VfPpkd-YPmvEd-OWXEXe-UJflGc .VfPpkd-rymPhb-ibnC6b.VfPpkd-rymPhb-ibnC6b-OWXEXe-gk6SMd:not(.VfPpkd-ksKsZd-mWPk3d):active .VfPpkd-StrnGf-rymPhb-pZXsl::after{transition-duration:75ms;opacity:.1;opacity:var(--mdc-ripple-press-opacity,.1)}.jR8x9d .dmaMHc.VfPpkd-YPmvEd-OWXEXe-UJflGc .VfPpkd-StrnGf-rymPhb-ibnC6b.VfPpkd-StrnGf-rymPhb-ibnC6b-OWXEXe-gk6SMd .VfPpkd-rymPhb-pZXsl::before,.jR8x9d .dmaMHc.VfPpkd-YPmvEd-OWXEXe-UJflGc .VfPpkd-StrnGf-rymPhb-ibnC6b.VfPpkd-StrnGf-rymPhb-ibnC6b-OWXEXe-gk6SMd .VfPpkd-rymPhb-pZXsl::after,.jR8x9d .dmaMHc.VfPpkd-YPmvEd-OWXEXe-UJflGc .VfPpkd-rymPhb-ibnC6b.VfPpkd-rymPhb-ibnC6b-OWXEXe-gk6SMd .VfPpkd-rymPhb-pZXsl::before,.jR8x9d .dmaMHc.VfPpkd-YPmvEd-OWXEXe-UJflGc .VfPpkd-rymPhb-ibnC6b.VfPpkd-rymPhb-ibnC6b-OWXEXe-gk6SMd .VfPpkd-rymPhb-pZXsl::after{background-color:rgb(242,139,130);background-color:var(--mdc-ripple-color,rgb(242,139,130))}.jR8x9d .dmaMHc.VfPpkd-YPmvEd-OWXEXe-UJflGc .VfPpkd-StrnGf-rymPhb-ibnC6b.VfPpkd-StrnGf-rymPhb-ibnC6b-OWXEXe-gk6SMd:hover .VfPpkd-rymPhb-pZXsl::before,.jR8x9d .dmaMHc.VfPpkd-YPmvEd-OWXEXe-UJflGc .VfPpkd-StrnGf-rymPhb-ibnC6b.VfPpkd-StrnGf-rymPhb-ibnC6b-OWXEXe-gk6SMd.VfPpkd-ksKsZd-XxIAqe-OWXEXe-ZmdkE .VfPpkd-rymPhb-pZXsl::before,.jR8x9d .dmaMHc.VfPpkd-YPmvEd-OWXEXe-UJflGc .VfPpkd-rymPhb-ibnC6b.VfPpkd-rymPhb-ibnC6b-OWXEXe-gk6SMd:hover .VfPpkd-rymPhb-pZXsl::before,.jR8x9d .dmaMHc.VfPpkd-YPmvEd-OWXEXe-UJflGc .VfPpkd-rymPhb-ibnC6b.VfPpkd-rymPhb-ibnC6b-OWXEXe-gk6SMd.VfPpkd-ksKsZd-XxIAqe-OWXEXe-ZmdkE .VfPpkd-rymPhb-pZXsl::before{opacity:.04;opacity:var(--mdc-ripple-hover-opacity,.04)}.jR8x9d .dmaMHc.VfPpkd-YPmvEd-OWXEXe-UJflGc .VfPpkd-StrnGf-rymPhb-ibnC6b.VfPpkd-StrnGf-rymPhb-ibnC6b-OWXEXe-gk6SMd.VfPpkd-ksKsZd-mWPk3d-OWXEXe-AHe6Kc-XpnDCe .VfPpkd-rymPhb-pZXsl::before,.jR8x9d .dmaMHc.VfPpkd-YPmvEd-OWXEXe-UJflGc .VfPpkd-StrnGf-rymPhb-ibnC6b.VfPpkd-StrnGf-rymPhb-ibnC6b-OWXEXe-gk6SMd:not(.VfPpkd-ksKsZd-mWPk3d):focus .VfPpkd-rymPhb-pZXsl::before,.jR8x9d .dmaMHc.VfPpkd-YPmvEd-OWXEXe-UJflGc .VfPpkd-rymPhb-ibnC6b.VfPpkd-rymPhb-ibnC6b-OWXEXe-gk6SMd.VfPpkd-ksKsZd-mWPk3d-OWXEXe-AHe6Kc-XpnDCe .VfPpkd-rymPhb-pZXsl::before,.jR8x9d .dmaMHc.VfPpkd-YPmvEd-OWXEXe-UJflGc .VfPpkd-rymPhb-ibnC6b.VfPpkd-rymPhb-ibnC6b-OWXEXe-gk6SMd:not(.VfPpkd-ksKsZd-mWPk3d):focus .VfPpkd-rymPhb-pZXsl::before{transition-duration:75ms;opacity:.12;opacity:var(--mdc-ripple-focus-opacity,.12)}.jR8x9d .dmaMHc.VfPpkd-YPmvEd-OWXEXe-UJflGc .VfPpkd-StrnGf-rymPhb-ibnC6b.VfPpkd-StrnGf-rymPhb-ibnC6b-OWXEXe-gk6SMd:not(.VfPpkd-ksKsZd-mWPk3d) .VfPpkd-rymPhb-pZXsl::after,.jR8x9d .dmaMHc.VfPpkd-YPmvEd-OWXEXe-UJflGc .VfPpkd-rymPhb-ibnC6b.VfPpkd-rymPhb-ibnC6b-OWXEXe-gk6SMd:not(.VfPpkd-ksKsZd-mWPk3d) .VfPpkd-rymPhb-pZXsl::after{transition:opacity .15s linear}.jR8x9d .dmaMHc.VfPpkd-YPmvEd-OWXEXe-UJflGc .VfPpkd-StrnGf-rymPhb-ibnC6b.VfPpkd-StrnGf-rymPhb-ibnC6b-OWXEXe-gk6SMd:not(.VfPpkd-ksKsZd-mWPk3d):active .VfPpkd-rymPhb-pZXsl::after,.jR8x9d .dmaMHc.VfPpkd-YPmvEd-OWXEXe-UJflGc .VfPpkd-rymPhb-ibnC6b.VfPpkd-rymPhb-ibnC6b-OWXEXe-gk6SMd:not(.VfPpkd-ksKsZd-mWPk3d):active .VfPpkd-rymPhb-pZXsl::after{transition-duration:75ms;opacity:.1;opacity:var(--mdc-ripple-press-opacity,.1)}.jR8x9d .dmaMHc.VfPpkd-YPmvEd-OWXEXe-UJflGc .VfPpkd-StrnGf-rymPhb-ibnC6b.VfPpkd-StrnGf-rymPhb-ibnC6b-OWXEXe-gk6SMd.VfPpkd-ksKsZd-mWPk3d,.jR8x9d .dmaMHc.VfPpkd-YPmvEd-OWXEXe-UJflGc .VfPpkd-rymPhb-ibnC6b.VfPpkd-rymPhb-ibnC6b-OWXEXe-gk6SMd.VfPpkd-ksKsZd-mWPk3d{--mdc-ripple-fg-opacity:var(--mdc-ripple-press-opacity,0.1)}.jR8x9d .RnXJS:not(.VfPpkd-O1htCb-OWXEXe-OWB6Me) .VfPpkd-TkwUic{background-color:rgb(60,64,67)}.jR8x9d .RnXJS.VfPpkd-O1htCb-OWXEXe-OWB6Me .VfPpkd-TkwUic{background-color:rgba(232,234,237,.04)}.jR8x9d .RnXJS:not(.VfPpkd-O1htCb-OWXEXe-OWB6Me) .VfPpkd-RWgCYc-ksKsZd::before{border-bottom-color:rgb(154,160,166)}.jR8x9d .RnXJS:not(.VfPpkd-O1htCb-OWXEXe-OWB6Me):hover .VfPpkd-RWgCYc-ksKsZd::before{border-bottom-color:rgb(248,249,250)}.jR8x9d .RnXJS:not(.VfPpkd-O1htCb-OWXEXe-OWB6Me) .VfPpkd-RWgCYc-ksKsZd::after{border-bottom-color:rgb(138,180,248)}.jR8x9d .RnXJS.VfPpkd-O1htCb-OWXEXe-OWB6Me .VfPpkd-RWgCYc-ksKsZd::before{border-bottom-color:rgba(232,234,237,.38)}.jR8x9d .RnXJS:not(.VfPpkd-O1htCb-OWXEXe-OWB6Me) .VfPpkd-NLUYnc-V67aGc{color:rgb(189,193,198)}.jR8x9d .RnXJS:not(.VfPpkd-O1htCb-OWXEXe-OWB6Me).VfPpkd-O1htCb-OWXEXe-XpnDCe .VfPpkd-NLUYnc-V67aGc{color:rgb(138,180,248)}.jR8x9d .RnXJS:not(.VfPpkd-O1htCb-OWXEXe-OWB6Me):not(.VfPpkd-O1htCb-OWXEXe-XpnDCe):hover .VfPpkd-NLUYnc-V67aGc{color:rgb(248,249,250)}.jR8x9d .RnXJS.VfPpkd-O1htCb-OWXEXe-OWB6Me .VfPpkd-NLUYnc-V67aGc{color:rgba(232,234,237,.38)}.jR8x9d .RnXJS:not(.VfPpkd-O1htCb-OWXEXe-OWB6Me)+.VfPpkd-O1htCb-W0vJo-fmcmS{color:rgb(154,160,166)}.jR8x9d .RnXJS.VfPpkd-O1htCb-OWXEXe-OWB6Me+.VfPpkd-O1htCb-W0vJo-fmcmS{color:rgba(232,234,237,.38)}.jR8x9d .RnXJS:not(.VfPpkd-O1htCb-OWXEXe-OWB6Me).VfPpkd-O1htCb-OWXEXe-UJflGc+.VfPpkd-O1htCb-W0vJo-fmcmS-OWXEXe-Rfh2Tc-EglORb{color:rgb(246,174,169)}.jR8x9d .RnXJS:not(.VfPpkd-O1htCb-OWXEXe-OWB6Me):not(.VfPpkd-O1htCb-OWXEXe-XpnDCe):hover.VfPpkd-O1htCb-OWXEXe-UJflGc+.VfPpkd-O1htCb-W0vJo-fmcmS-OWXEXe-Rfh2Tc-EglORb{color:rgb(246,174,169)}.jR8x9d .RnXJS:not(.VfPpkd-O1htCb-OWXEXe-OWB6Me) .VfPpkd-uusGie-fmcmS{color:rgb(232,234,237)}.jR8x9d .RnXJS.VfPpkd-O1htCb-OWXEXe-OWB6Me .VfPpkd-uusGie-fmcmS{color:rgba(232,234,237,.38)}}@media screen and (prefers-color-scheme:dark) and (forced-colors:active){.jR8x9d .RnXJS.VfPpkd-O1htCb-OWXEXe-OWB6Me .VfPpkd-NLUYnc-V67aGc,.jR8x9d .RnXJS.VfPpkd-O1htCb-OWXEXe-OWB6Me .VfPpkd-uusGie-fmcmS{color:GrayText}}@media screen and (prefers-color-scheme:dark){.jR8x9d .RnXJS:not(.VfPpkd-O1htCb-OWXEXe-OWB6Me) .VfPpkd-t08AT-Bz112c{fill:rgb(189,193,198)}.jR8x9d .RnXJS:not(.VfPpkd-O1htCb-OWXEXe-OWB6Me):not(.VfPpkd-O1htCb-OWXEXe-XpnDCe):hover .VfPpkd-t08AT-Bz112c{fill:rgb(248,249,250)}.jR8x9d .RnXJS:not(.VfPpkd-O1htCb-OWXEXe-OWB6Me).VfPpkd-O1htCb-OWXEXe-XpnDCe .VfPpkd-t08AT-Bz112c{fill:rgb(138,180,248)}.jR8x9d .RnXJS.VfPpkd-O1htCb-OWXEXe-OWB6Me .VfPpkd-t08AT-Bz112c{fill:rgba(232,234,237,.38)}.jR8x9d .RnXJS:not(.VfPpkd-O1htCb-OWXEXe-OWB6Me) .VfPpkd-cTi5dd{color:rgb(189,193,198)}.jR8x9d .RnXJS.VfPpkd-O1htCb-OWXEXe-OWB6Me .VfPpkd-cTi5dd{color:rgba(232,234,237,.38)}.jR8x9d .RnXJS.VfPpkd-O1htCb-OWXEXe-UJflGc:not(.VfPpkd-O1htCb-OWXEXe-OWB6Me) .VfPpkd-RWgCYc-ksKsZd::before{border-bottom-color:rgb(246,174,169)}.jR8x9d .RnXJS.VfPpkd-O1htCb-OWXEXe-UJflGc:not(.VfPpkd-O1htCb-OWXEXe-OWB6Me):hover .VfPpkd-RWgCYc-ksKsZd::before{border-bottom-color:rgb(246,174,169)}.jR8x9d .RnXJS.VfPpkd-O1htCb-OWXEXe-UJflGc:not(.VfPpkd-O1htCb-OWXEXe-OWB6Me) .VfPpkd-RWgCYc-ksKsZd::after{border-bottom-color:rgb(246,174,169)}.jR8x9d .RnXJS.VfPpkd-O1htCb-OWXEXe-UJflGc:not(.VfPpkd-O1htCb-OWXEXe-OWB6Me) .VfPpkd-NLUYnc-V67aGc{color:rgb(246,174,169)}.jR8x9d .RnXJS.VfPpkd-O1htCb-OWXEXe-UJflGc:not(.VfPpkd-O1htCb-OWXEXe-OWB6Me):not(.VfPpkd-O1htCb-OWXEXe-XpnDCe):hover .VfPpkd-NLUYnc-V67aGc{color:rgb(246,174,169)}.jR8x9d .RnXJS.VfPpkd-O1htCb-OWXEXe-UJflGc:not(.VfPpkd-O1htCb-OWXEXe-OWB6Me) .VfPpkd-NLUYnc-V67aGc-OWXEXe-TATcMc-KLRBe{color:rgb(246,174,169)}.jR8x9d .RnXJS.VfPpkd-O1htCb-OWXEXe-UJflGc:not(.VfPpkd-O1htCb-OWXEXe-OWB6Me):not(.VfPpkd-O1htCb-OWXEXe-XpnDCe):hover .VfPpkd-NLUYnc-V67aGc-OWXEXe-TATcMc-KLRBe{color:rgb(246,174,169)}.jR8x9d .RnXJS.VfPpkd-O1htCb-OWXEXe-UJflGc:not(.VfPpkd-O1htCb-OWXEXe-OWB6Me) .VfPpkd-t08AT-Bz112c{fill:rgb(242,139,130)}.jR8x9d .RnXJS.VfPpkd-O1htCb-OWXEXe-UJflGc:not(.VfPpkd-O1htCb-OWXEXe-OWB6Me):not(.VfPpkd-O1htCb-OWXEXe-XpnDCe):hover .VfPpkd-t08AT-Bz112c{fill:rgb(246,174,169)}.jR8x9d .RnXJS.VfPpkd-O1htCb-OWXEXe-UJflGc:not(.VfPpkd-O1htCb-OWXEXe-OWB6Me).VfPpkd-O1htCb-OWXEXe-XpnDCe .VfPpkd-t08AT-Bz112c{fill:rgb(242,139,130)}.jR8x9d .RnXJS .VfPpkd-TkwUic .VfPpkd-woaZLe::before,.jR8x9d .RnXJS .VfPpkd-TkwUic .VfPpkd-woaZLe::after{background-color:rgb(241,243,244);background-color:var(--mdc-ripple-color,rgb(241,243,244))}.jR8x9d .RnXJS .VfPpkd-TkwUic:hover .VfPpkd-woaZLe::before,.jR8x9d .RnXJS .VfPpkd-TkwUic.VfPpkd-ksKsZd-XxIAqe-OWXEXe-ZmdkE .VfPpkd-woaZLe::before{opacity:.08;opacity:var(--mdc-ripple-hover-opacity,.08)}.jR8x9d .RnXJS .VfPpkd-TkwUic.VfPpkd-ksKsZd-mWPk3d-OWXEXe-AHe6Kc-XpnDCe .VfPpkd-woaZLe::before,.jR8x9d .RnXJS .VfPpkd-TkwUic:not(.VfPpkd-ksKsZd-mWPk3d):focus .VfPpkd-woaZLe::before{transition-duration:75ms;opacity:.12;opacity:var(--mdc-ripple-focus-opacity,.12)}.jR8x9d .RnXJS .VfPpkd-TkwUic:not(.VfPpkd-ksKsZd-mWPk3d) .VfPpkd-woaZLe::after{transition:opacity .15s linear}.jR8x9d .RnXJS .VfPpkd-TkwUic:not(.VfPpkd-ksKsZd-mWPk3d):active .VfPpkd-woaZLe::after{transition-duration:75ms;opacity:.1;opacity:var(--mdc-ripple-press-opacity,.1)}.jR8x9d .RnXJS .VfPpkd-TkwUic.VfPpkd-ksKsZd-mWPk3d{--mdc-ripple-fg-opacity:var(--mdc-ripple-press-opacity,0.1)}.jR8x9d .UAQDDf:not(.VfPpkd-O1htCb-OWXEXe-OWB6Me) .VfPpkd-NSFCdd-Brv4Fb,.jR8x9d .UAQDDf:not(.VfPpkd-O1htCb-OWXEXe-OWB6Me) .VfPpkd-NSFCdd-Ra9xwd,.jR8x9d .UAQDDf:not(.VfPpkd-O1htCb-OWXEXe-OWB6Me) .VfPpkd-NSFCdd-MpmGFe{border-color:rgb(189,193,198)}.jR8x9d .UAQDDf:not(.VfPpkd-O1htCb-OWXEXe-OWB6Me):not(.VfPpkd-O1htCb-OWXEXe-XpnDCe) .VfPpkd-TkwUic:hover .VfPpkd-NSFCdd-i5vt6e .VfPpkd-NSFCdd-Brv4Fb,.jR8x9d .UAQDDf:not(.VfPpkd-O1htCb-OWXEXe-OWB6Me):not(.VfPpkd-O1htCb-OWXEXe-XpnDCe) .VfPpkd-TkwUic:hover .VfPpkd-NSFCdd-i5vt6e .VfPpkd-NSFCdd-Ra9xwd,.jR8x9d .UAQDDf:not(.VfPpkd-O1htCb-OWXEXe-OWB6Me):not(.VfPpkd-O1htCb-OWXEXe-XpnDCe) .VfPpkd-TkwUic:hover .VfPpkd-NSFCdd-i5vt6e .VfPpkd-NSFCdd-MpmGFe{border-color:rgb(248,249,250)}.jR8x9d .UAQDDf:not(.VfPpkd-O1htCb-OWXEXe-OWB6Me).VfPpkd-O1htCb-OWXEXe-XpnDCe .VfPpkd-NSFCdd-i5vt6e .VfPpkd-NSFCdd-Brv4Fb,.jR8x9d .UAQDDf:not(.VfPpkd-O1htCb-OWXEXe-OWB6Me).VfPpkd-O1htCb-OWXEXe-XpnDCe .VfPpkd-NSFCdd-i5vt6e .VfPpkd-NSFCdd-Ra9xwd,.jR8x9d .UAQDDf:not(.VfPpkd-O1htCb-OWXEXe-OWB6Me).VfPpkd-O1htCb-OWXEXe-XpnDCe .VfPpkd-NSFCdd-i5vt6e .VfPpkd-NSFCdd-MpmGFe{border-color:rgb(138,180,248)}.jR8x9d .UAQDDf.VfPpkd-O1htCb-OWXEXe-OWB6Me .VfPpkd-NSFCdd-Brv4Fb,.jR8x9d .UAQDDf.VfPpkd-O1htCb-OWXEXe-OWB6Me .VfPpkd-NSFCdd-Ra9xwd,.jR8x9d .UAQDDf.VfPpkd-O1htCb-OWXEXe-OWB6Me .VfPpkd-NSFCdd-MpmGFe{border-color:rgba(232,234,237,.12)}.jR8x9d .UAQDDf:not(.VfPpkd-O1htCb-OWXEXe-OWB6Me) .VfPpkd-NLUYnc-V67aGc{color:rgb(154,160,166)}.jR8x9d .UAQDDf:not(.VfPpkd-O1htCb-OWXEXe-OWB6Me).VfPpkd-O1htCb-OWXEXe-XpnDCe .VfPpkd-NLUYnc-V67aGc{color:rgb(138,180,248)}.jR8x9d .UAQDDf:not(.VfPpkd-O1htCb-OWXEXe-OWB6Me):not(.VfPpkd-O1htCb-OWXEXe-XpnDCe):hover .VfPpkd-NLUYnc-V67aGc{color:rgb(248,249,250)}.jR8x9d .UAQDDf.VfPpkd-O1htCb-OWXEXe-OWB6Me .VfPpkd-NLUYnc-V67aGc{color:rgba(232,234,237,.38)}.jR8x9d .UAQDDf:not(.VfPpkd-O1htCb-OWXEXe-OWB6Me)+.VfPpkd-O1htCb-W0vJo-fmcmS{color:rgb(154,160,166)}.jR8x9d .UAQDDf.VfPpkd-O1htCb-OWXEXe-OWB6Me+.VfPpkd-O1htCb-W0vJo-fmcmS{color:rgba(232,234,237,.38)}.jR8x9d .UAQDDf:not(.VfPpkd-O1htCb-OWXEXe-OWB6Me).VfPpkd-O1htCb-OWXEXe-UJflGc+.VfPpkd-O1htCb-W0vJo-fmcmS-OWXEXe-Rfh2Tc-EglORb{color:rgb(242,139,130)}.jR8x9d .UAQDDf:not(.VfPpkd-O1htCb-OWXEXe-OWB6Me):not(.VfPpkd-O1htCb-OWXEXe-XpnDCe):hover.VfPpkd-O1htCb-OWXEXe-UJflGc+.VfPpkd-O1htCb-W0vJo-fmcmS-OWXEXe-Rfh2Tc-EglORb{color:rgb(246,174,169)}.jR8x9d .UAQDDf:not(.VfPpkd-O1htCb-OWXEXe-OWB6Me) .VfPpkd-uusGie-fmcmS{color:rgb(232,234,237)}.jR8x9d .UAQDDf.VfPpkd-O1htCb-OWXEXe-OWB6Me .VfPpkd-uusGie-fmcmS{color:rgba(232,234,237,.38)}}@media screen and (prefers-color-scheme:dark) and (forced-colors:active){.jR8x9d .UAQDDf.VfPpkd-O1htCb-OWXEXe-OWB6Me .VfPpkd-NLUYnc-V67aGc,.jR8x9d .UAQDDf.VfPpkd-O1htCb-OWXEXe-OWB6Me .VfPpkd-uusGie-fmcmS{color:GrayText}}@media screen and (prefers-color-scheme:dark){.jR8x9d .UAQDDf:not(.VfPpkd-O1htCb-OWXEXe-OWB6Me) .VfPpkd-t08AT-Bz112c{fill:rgb(154,160,166)}.jR8x9d .UAQDDf:not(.VfPpkd-O1htCb-OWXEXe-OWB6Me):not(.VfPpkd-O1htCb-OWXEXe-XpnDCe):hover .VfPpkd-t08AT-Bz112c{fill:rgb(248,249,250)}.jR8x9d .UAQDDf:not(.VfPpkd-O1htCb-OWXEXe-OWB6Me).VfPpkd-O1htCb-OWXEXe-XpnDCe .VfPpkd-t08AT-Bz112c{fill:rgb(138,180,248)}.jR8x9d .UAQDDf.VfPpkd-O1htCb-OWXEXe-OWB6Me .VfPpkd-t08AT-Bz112c{fill:rgba(232,234,237,.38)}.jR8x9d .UAQDDf:not(.VfPpkd-O1htCb-OWXEXe-OWB6Me) .VfPpkd-cTi5dd{color:rgb(154,160,166)}.jR8x9d .UAQDDf.VfPpkd-O1htCb-OWXEXe-OWB6Me .VfPpkd-cTi5dd{color:rgba(232,234,237,.38)}.jR8x9d .UAQDDf.VfPpkd-O1htCb-OWXEXe-UJflGc:not(.VfPpkd-O1htCb-OWXEXe-OWB6Me) .VfPpkd-NSFCdd-Brv4Fb,.jR8x9d .UAQDDf.VfPpkd-O1htCb-OWXEXe-UJflGc:not(.VfPpkd-O1htCb-OWXEXe-OWB6Me) .VfPpkd-NSFCdd-Ra9xwd,.jR8x9d .UAQDDf.VfPpkd-O1htCb-OWXEXe-UJflGc:not(.VfPpkd-O1htCb-OWXEXe-OWB6Me) .VfPpkd-NSFCdd-MpmGFe{border-color:rgb(242,139,130)}.jR8x9d .UAQDDf.VfPpkd-O1htCb-OWXEXe-UJflGc:not(.VfPpkd-O1htCb-OWXEXe-OWB6Me):not(.VfPpkd-O1htCb-OWXEXe-XpnDCe) .VfPpkd-TkwUic:hover .VfPpkd-NSFCdd-i5vt6e .VfPpkd-NSFCdd-Brv4Fb,.jR8x9d .UAQDDf.VfPpkd-O1htCb-OWXEXe-UJflGc:not(.VfPpkd-O1htCb-OWXEXe-OWB6Me):not(.VfPpkd-O1htCb-OWXEXe-XpnDCe) .VfPpkd-TkwUic:hover .VfPpkd-NSFCdd-i5vt6e .VfPpkd-NSFCdd-Ra9xwd,.jR8x9d .UAQDDf.VfPpkd-O1htCb-OWXEXe-UJflGc:not(.VfPpkd-O1htCb-OWXEXe-OWB6Me):not(.VfPpkd-O1htCb-OWXEXe-XpnDCe) .VfPpkd-TkwUic:hover .VfPpkd-NSFCdd-i5vt6e .VfPpkd-NSFCdd-MpmGFe{border-color:rgb(246,174,169)}.jR8x9d .UAQDDf.VfPpkd-O1htCb-OWXEXe-UJflGc:not(.VfPpkd-O1htCb-OWXEXe-OWB6Me).VfPpkd-O1htCb-OWXEXe-XpnDCe .VfPpkd-NSFCdd-i5vt6e .VfPpkd-NSFCdd-Brv4Fb,.jR8x9d .UAQDDf.VfPpkd-O1htCb-OWXEXe-UJflGc:not(.VfPpkd-O1htCb-OWXEXe-OWB6Me).VfPpkd-O1htCb-OWXEXe-XpnDCe .VfPpkd-NSFCdd-i5vt6e .VfPpkd-NSFCdd-Ra9xwd,.jR8x9d .UAQDDf.VfPpkd-O1htCb-OWXEXe-UJflGc:not(.VfPpkd-O1htCb-OWXEXe-OWB6Me).VfPpkd-O1htCb-OWXEXe-XpnDCe .VfPpkd-NSFCdd-i5vt6e .VfPpkd-NSFCdd-MpmGFe{border-color:rgb(242,139,130)}.jR8x9d .UAQDDf.VfPpkd-O1htCb-OWXEXe-UJflGc:not(.VfPpkd-O1htCb-OWXEXe-OWB6Me) .VfPpkd-NLUYnc-V67aGc{color:rgb(242,139,130)}.jR8x9d .UAQDDf.VfPpkd-O1htCb-OWXEXe-UJflGc:not(.VfPpkd-O1htCb-OWXEXe-OWB6Me):not(.VfPpkd-O1htCb-OWXEXe-XpnDCe):hover .VfPpkd-NLUYnc-V67aGc{color:rgb(246,174,169)}.jR8x9d .UAQDDf.VfPpkd-O1htCb-OWXEXe-UJflGc:not(.VfPpkd-O1htCb-OWXEXe-OWB6Me) .VfPpkd-NLUYnc-V67aGc-OWXEXe-TATcMc-KLRBe{color:rgb(242,139,130)}.jR8x9d .UAQDDf.VfPpkd-O1htCb-OWXEXe-UJflGc:not(.VfPpkd-O1htCb-OWXEXe-OWB6Me):not(.VfPpkd-O1htCb-OWXEXe-XpnDCe):hover .VfPpkd-NLUYnc-V67aGc-OWXEXe-TATcMc-KLRBe{color:rgb(246,174,169)}.jR8x9d .UAQDDf.VfPpkd-O1htCb-OWXEXe-UJflGc:not(.VfPpkd-O1htCb-OWXEXe-OWB6Me) .VfPpkd-t08AT-Bz112c{fill:rgb(242,139,130)}.jR8x9d .UAQDDf.VfPpkd-O1htCb-OWXEXe-UJflGc:not(.VfPpkd-O1htCb-OWXEXe-OWB6Me):not(.VfPpkd-O1htCb-OWXEXe-XpnDCe):hover .VfPpkd-t08AT-Bz112c{fill:rgb(246,174,169)}.jR8x9d .UAQDDf.VfPpkd-O1htCb-OWXEXe-UJflGc:not(.VfPpkd-O1htCb-OWXEXe-OWB6Me).VfPpkd-O1htCb-OWXEXe-XpnDCe .VfPpkd-t08AT-Bz112c{fill:rgb(242,139,130)}.jR8x9d .UlwoYd .VfPpkd-UTM9ec-tmWYNe{background-color:rgb(138,180,248);border-color:rgb(138,180,248)}.jR8x9d .UlwoYd .VfPpkd-UTM9ec-OWXEXe-ma6Yeb .VfPpkd-UTM9ec-tmWYNe,.jR8x9d .UlwoYd .VfPpkd-UTM9ec-OWXEXe-ma6Yeb.VfPpkd-UTM9ec:hover .VfPpkd-UTM9ec-tmWYNe,.jR8x9d .UlwoYd .VfPpkd-UTM9ec-OWXEXe-ma6Yeb.VfPpkd-UTM9ec-OWXEXe-XpnDCe .VfPpkd-UTM9ec-tmWYNe{border-color:#fff}.jR8x9d .UlwoYd.VfPpkd-SxecR-OWXEXe-OWB6Me .VfPpkd-UTM9ec-tmWYNe{background-color:rgb(232,234,237);border-color:rgb(232,234,237)}.jR8x9d .UlwoYd.VfPpkd-SxecR-OWXEXe-OWB6Me .VfPpkd-UTM9ec-OWXEXe-ma6Yeb .VfPpkd-UTM9ec-tmWYNe,.jR8x9d .UlwoYd.VfPpkd-SxecR-OWXEXe-OWB6Me .VfPpkd-UTM9ec-OWXEXe-ma6Yeb.VfPpkd-UTM9ec:hover .VfPpkd-UTM9ec-tmWYNe,.jR8x9d .UlwoYd.VfPpkd-SxecR-OWXEXe-OWB6Me .VfPpkd-UTM9ec-OWXEXe-ma6Yeb.VfPpkd-UTM9ec-OWXEXe-XpnDCe .VfPpkd-UTM9ec-tmWYNe{border-color:#fff}.jR8x9d .UlwoYd .VfPpkd-UTM9ec::before,.jR8x9d .UlwoYd .VfPpkd-UTM9ec::after{background-color:rgb(138,180,248);background-color:var(--mdc-ripple-color,rgb(138,180,248))}.jR8x9d .UlwoYd .VfPpkd-UTM9ec:hover::before,.jR8x9d .UlwoYd .VfPpkd-UTM9ec.VfPpkd-ksKsZd-XxIAqe-OWXEXe-ZmdkE::before{opacity:.08;opacity:var(--mdc-ripple-hover-opacity,.08)}.jR8x9d .UlwoYd .VfPpkd-UTM9ec.VfPpkd-ksKsZd-mWPk3d-OWXEXe-AHe6Kc-XpnDCe::before,.jR8x9d .UlwoYd .VfPpkd-UTM9ec:not(.VfPpkd-ksKsZd-mWPk3d):focus::before{transition-duration:75ms;opacity:.24;opacity:var(--mdc-ripple-focus-opacity,.24)}.jR8x9d .UlwoYd .VfPpkd-UTM9ec:not(.VfPpkd-ksKsZd-mWPk3d)::after{transition:opacity .15s linear}.jR8x9d .UlwoYd .VfPpkd-UTM9ec:not(.VfPpkd-ksKsZd-mWPk3d):active::after{transition-duration:75ms;opacity:.24;opacity:var(--mdc-ripple-press-opacity,.24)}.jR8x9d .UlwoYd .VfPpkd-UTM9ec.VfPpkd-ksKsZd-mWPk3d{--mdc-ripple-fg-opacity:var(--mdc-ripple-press-opacity,0.24)}.jR8x9d .UlwoYd .VfPpkd-UTM9ec:hover .VfPpkd-UTM9ec-tmWYNe,.jR8x9d .UlwoYd .VfPpkd-UTM9ec-OWXEXe-XpnDCe .VfPpkd-UTM9ec-tmWYNe{background-color:rgb(210,227,252);border-color:rgb(210,227,252)}.jR8x9d .UlwoYd .VfPpkd-UTM9ec:hover .VfPpkd-UTM9ec-OWXEXe-ma6Yeb .VfPpkd-UTM9ec-tmWYNe,.jR8x9d .UlwoYd .VfPpkd-UTM9ec:hover .VfPpkd-UTM9ec-OWXEXe-ma6Yeb.VfPpkd-UTM9ec:hover .VfPpkd-UTM9ec-tmWYNe,.jR8x9d .UlwoYd .VfPpkd-UTM9ec:hover .VfPpkd-UTM9ec-OWXEXe-ma6Yeb.VfPpkd-UTM9ec-OWXEXe-XpnDCe .VfPpkd-UTM9ec-tmWYNe,.jR8x9d .UlwoYd .VfPpkd-UTM9ec-OWXEXe-XpnDCe .VfPpkd-UTM9ec-OWXEXe-ma6Yeb .VfPpkd-UTM9ec-tmWYNe,.jR8x9d .UlwoYd .VfPpkd-UTM9ec-OWXEXe-XpnDCe .VfPpkd-UTM9ec-OWXEXe-ma6Yeb.VfPpkd-UTM9ec:hover .VfPpkd-UTM9ec-tmWYNe,.jR8x9d .UlwoYd .VfPpkd-UTM9ec-OWXEXe-XpnDCe .VfPpkd-UTM9ec-OWXEXe-ma6Yeb.VfPpkd-UTM9ec-OWXEXe-XpnDCe .VfPpkd-UTM9ec-tmWYNe{border-color:#fff}.jR8x9d .UlwoYd .VfPpkd-yCQwvc-OWXEXe-bp49T{border-color:rgb(138,180,248)}.jR8x9d .UlwoYd.VfPpkd-SxecR-OWXEXe-OWB6Me .VfPpkd-yCQwvc-OWXEXe-bp49T{border-color:rgb(232,234,237)}.jR8x9d .UlwoYd .VfPpkd-yCQwvc-OWXEXe-mt1Mkb{background-color:rgb(32,33,36);opacity:1}.jR8x9d .UlwoYd.VfPpkd-SxecR-OWXEXe-OWB6Me .VfPpkd-yCQwvc-OWXEXe-mt1Mkb{background-color:rgba(232,234,237,.38);opacity:1}.jR8x9d .UlwoYd .VfPpkd-zD2WHb-SYOSDb-OWXEXe-auswjd,.jR8x9d .UlwoYd.VfPpkd-SxecR-OWXEXe-OWB6Me .VfPpkd-zD2WHb-SYOSDb-OWXEXe-auswjd{background-color:rgb(32,33,36);opacity:.38}}@media screen and (prefers-color-scheme:dark) and (forced-colors:active){.jR8x9d .UlwoYd .VfPpkd-zD2WHb-SYOSDb-OWXEXe-auswjd{background-color:Canvas;opacity:1}}@media screen and (prefers-color-scheme:dark){.jR8x9d .UlwoYd .VfPpkd-zD2WHb-SYOSDb-OWXEXe-mt1Mkb{background-color:rgb(138,180,248);opacity:.38}.jR8x9d .UlwoYd.VfPpkd-SxecR-OWXEXe-OWB6Me .VfPpkd-zD2WHb-SYOSDb-OWXEXe-mt1Mkb{background-color:rgb(232,234,237);opacity:.38}}@media screen and (prefers-color-scheme:dark) and (forced-colors:active){.jR8x9d .UlwoYd .VfPpkd-zD2WHb-SYOSDb-OWXEXe-mt1Mkb{background-color:CanvasText;opacity:1}}@media screen and (prefers-color-scheme:dark){.jR8x9d .UlwoYd:not(.VfPpkd-SxecR-OWXEXe-OWB6Me) .VfPpkd-yCQwvc-OWXEXe-mt1Mkb::before{background-color:rgba(138,180,248,.24);border-radius:inherit;content:"";height:100%;position:absolute;width:100%}.jR8x9d .UlwoYd .VfPpkd-MIfjnf-uDEFge{background-color:rgb(138,180,248);opacity:1}.jR8x9d .UlwoYd .VfPpkd-MIfjnf-uDEFge::before{border-top-color:rgb(138,180,248)}.jR8x9d .UlwoYd .VfPpkd-MIfjnf-uDEFge{color:rgb(32,33,36)}.jR8x9d .UlwoYd.VfPpkd-SxecR .VfPpkd-yCQwvc-OWXEXe-bp49T{transform-origin:left}.jR8x9d .UlwoYd .VfPpkd-MIfjnf-uDEFge{border-radius:16px;height:28px;padding:0 8px}.jR8x9d .UlwoYd .VfPpkd-MIfjnf-uDEFge-fmcmS{font-family:"Roboto Mono",Roboto,sans-serif;font-size:.75rem;font-weight:500;white-space:nowrap}.jR8x9d .UlwoYd .VfPpkd-UTM9ec.VfPpkd-UTM9ec-OWXEXe-fmcmS-YuD1xf-lTBxed .VfPpkd-MIfjnf-uDEFge-fmcmS{font-family:Roboto,sans-serif}.jR8x9d .UlwoYd .VfPpkd-UTM9ec.VfPpkd-UTM9ec-OWXEXe-Wetbn-lTBxed .VfPpkd-MIfjnf-uDEFge-haAclf{bottom:40px;transform:rotate(-45deg);transform-origin:bottom left}.jR8x9d .UlwoYd .VfPpkd-UTM9ec.VfPpkd-UTM9ec-OWXEXe-Wetbn-lTBxed .VfPpkd-MIfjnf-uDEFge{border-radius:50% 50% 50% 0;height:28px;justify-content:center;padding:0;position:relative;width:28px}.jR8x9d .UlwoYd .VfPpkd-UTM9ec.VfPpkd-UTM9ec-OWXEXe-Wetbn-lTBxed .VfPpkd-MIfjnf-uDEFge::before{display:none}.jR8x9d .UlwoYd .VfPpkd-UTM9ec.VfPpkd-UTM9ec-OWXEXe-Wetbn-lTBxed .VfPpkd-MIfjnf-uDEFge-fmcmS{transform:rotate(45deg)}.jR8x9d .TFhMef .VfPpkd-YAxtVc{background-color:#fff}.jR8x9d .TFhMef .VfPpkd-gIZMF{color:rgb(60,64,67)}.jR8x9d .TFhMef .VfPpkd-IkaYrd:not(:disabled){background-color:transparent}.jR8x9d .TFhMef .VfPpkd-IkaYrd:not(:disabled){color:rgb(26,115,232);color:var(--gm-colortextbutton-ink-color,rgb(26,115,232))}.jR8x9d .TFhMef .VfPpkd-IkaYrd:disabled{color:rgba(60,64,67,.38);color:var(--gm-colortextbutton-disabled-ink-color,rgba(60,64,67,.38))}.jR8x9d .TFhMef .VfPpkd-IkaYrd .VfPpkd-UdE5de-uDEFge .VfPpkd-JGcpL-uI4vCe-LkdAo,.jR8x9d .TFhMef .VfPpkd-IkaYrd .VfPpkd-UdE5de-uDEFge .VfPpkd-JGcpL-IdXvz-LkdAo-Bd00G{stroke:rgb(26,115,232)}}@media screen and (prefers-color-scheme:dark) and (-ms-high-contrast:active),screen and (prefers-color-scheme:dark) and (forced-colors:active){.jR8x9d .TFhMef .VfPpkd-IkaYrd .VfPpkd-UdE5de-uDEFge .VfPpkd-JGcpL-uI4vCe-LkdAo,.jR8x9d .TFhMef .VfPpkd-IkaYrd .VfPpkd-UdE5de-uDEFge .VfPpkd-JGcpL-IdXvz-LkdAo-Bd00G{stroke:CanvasText}}@media screen and (prefers-color-scheme:dark){.jR8x9d .TFhMef .VfPpkd-IkaYrd:hover:not(:disabled),.jR8x9d .TFhMef .VfPpkd-IkaYrd.VfPpkd-ksKsZd-mWPk3d-OWXEXe-AHe6Kc-XpnDCe:not(:disabled),.jR8x9d .TFhMef .VfPpkd-IkaYrd:not(.VfPpkd-ksKsZd-mWPk3d):focus:not(:disabled),.jR8x9d .TFhMef .VfPpkd-IkaYrd:active:not(:disabled){color:rgb(23,78,166);color:var(--gm-colortextbutton-ink-color--stateful,rgb(23,78,166))}.jR8x9d .TFhMef .VfPpkd-IkaYrd .VfPpkd-Jh9lGc::before,.jR8x9d .TFhMef .VfPpkd-IkaYrd .VfPpkd-Jh9lGc::after{background-color:rgb(26,115,232);background-color:var(--gm-colortextbutton-state-color,rgb(26,115,232))}.jR8x9d .TFhMef .VfPpkd-IkaYrd:hover .VfPpkd-Jh9lGc::before,.jR8x9d .TFhMef .VfPpkd-IkaYrd.VfPpkd-ksKsZd-XxIAqe-OWXEXe-ZmdkE .VfPpkd-Jh9lGc::before{opacity:.04;opacity:var(--mdc-ripple-hover-opacity,.04)}.jR8x9d .TFhMef .VfPpkd-IkaYrd.VfPpkd-ksKsZd-mWPk3d-OWXEXe-AHe6Kc-XpnDCe .VfPpkd-Jh9lGc::before,.jR8x9d .TFhMef .VfPpkd-IkaYrd:not(.VfPpkd-ksKsZd-mWPk3d):focus .VfPpkd-Jh9lGc::before{transition-duration:75ms;opacity:.12;opacity:var(--mdc-ripple-focus-opacity,.12)}.jR8x9d .TFhMef .VfPpkd-IkaYrd:not(.VfPpkd-ksKsZd-mWPk3d) .VfPpkd-Jh9lGc::after{transition:opacity .15s linear}.jR8x9d .TFhMef .VfPpkd-IkaYrd:not(.VfPpkd-ksKsZd-mWPk3d):active .VfPpkd-Jh9lGc::after{transition-duration:75ms;opacity:.12;opacity:var(--mdc-ripple-press-opacity,.12)}.jR8x9d .TFhMef .VfPpkd-IkaYrd.VfPpkd-ksKsZd-mWPk3d{--mdc-ripple-fg-opacity:var(--mdc-ripple-press-opacity,0.12)}.jR8x9d .TFhMef .VfPpkd-IkaYrd:disabled:hover .VfPpkd-Jh9lGc::before,.jR8x9d .TFhMef .VfPpkd-IkaYrd:disabled.VfPpkd-ksKsZd-XxIAqe-OWXEXe-ZmdkE .VfPpkd-Jh9lGc::before{opacity:0;opacity:var(--mdc-ripple-hover-opacity,0)}.jR8x9d .TFhMef .VfPpkd-IkaYrd:disabled.VfPpkd-ksKsZd-mWPk3d-OWXEXe-AHe6Kc-XpnDCe .VfPpkd-Jh9lGc::before,.jR8x9d .TFhMef .VfPpkd-IkaYrd:disabled:not(.VfPpkd-ksKsZd-mWPk3d):focus .VfPpkd-Jh9lGc::before{transition-duration:75ms;opacity:0;opacity:var(--mdc-ripple-focus-opacity,0)}.jR8x9d .TFhMef .VfPpkd-IkaYrd:disabled:not(.VfPpkd-ksKsZd-mWPk3d) .VfPpkd-Jh9lGc::after{transition:opacity .15s linear}.jR8x9d .TFhMef .VfPpkd-IkaYrd:disabled:not(.VfPpkd-ksKsZd-mWPk3d):active .VfPpkd-Jh9lGc::after{transition-duration:75ms;opacity:0;opacity:var(--mdc-ripple-press-opacity,0)}.jR8x9d .TFhMef .VfPpkd-IkaYrd:disabled.VfPpkd-ksKsZd-mWPk3d{--mdc-ripple-fg-opacity:var(--mdc-ripple-press-opacity,0)}.jR8x9d .TFhMef .VfPpkd-TolmDb{color:rgb(60,64,67);z-index:0}.jR8x9d .TFhMef .VfPpkd-TolmDb .VfPpkd-Bz112c-Jh9lGc::before,.jR8x9d .TFhMef .VfPpkd-TolmDb .VfPpkd-Bz112c-Jh9lGc::after{background-color:rgb(60,64,67);background-color:var(--mdc-ripple-color,rgb(60,64,67))}.jR8x9d .TFhMef .VfPpkd-TolmDb:hover .VfPpkd-Bz112c-Jh9lGc::before,.jR8x9d .TFhMef .VfPpkd-TolmDb.VfPpkd-ksKsZd-XxIAqe-OWXEXe-ZmdkE .VfPpkd-Bz112c-Jh9lGc::before{opacity:.04;opacity:var(--mdc-ripple-hover-opacity,.04)}.jR8x9d .TFhMef .VfPpkd-TolmDb.VfPpkd-ksKsZd-mWPk3d-OWXEXe-AHe6Kc-XpnDCe .VfPpkd-Bz112c-Jh9lGc::before,.jR8x9d .TFhMef .VfPpkd-TolmDb:not(.VfPpkd-ksKsZd-mWPk3d):focus .VfPpkd-Bz112c-Jh9lGc::before{transition-duration:75ms;opacity:.12;opacity:var(--mdc-ripple-focus-opacity,.12)}.jR8x9d .TFhMef .VfPpkd-TolmDb:not(.VfPpkd-ksKsZd-mWPk3d) .VfPpkd-Bz112c-Jh9lGc::after{transition:opacity .15s linear}.jR8x9d .TFhMef .VfPpkd-TolmDb:not(.VfPpkd-ksKsZd-mWPk3d):active .VfPpkd-Bz112c-Jh9lGc::after{transition-duration:75ms;opacity:.12;opacity:var(--mdc-ripple-press-opacity,.12)}.jR8x9d .TFhMef .VfPpkd-TolmDb.VfPpkd-ksKsZd-mWPk3d{--mdc-ripple-fg-opacity:var(--mdc-ripple-press-opacity,0.12)}.jR8x9d .TFhMef .VfPpkd-TolmDb .VfPpkd-Bz112c-Jh9lGc::before,.jR8x9d .TFhMef .VfPpkd-TolmDb .VfPpkd-Bz112c-Jh9lGc::after{z-index:-1}.jR8x9d .TFhMef .VfPpkd-TolmDb:disabled{color:rgba(60,64,67,.38);color:var(--gm-iconbutton-disabled-ink-color,rgba(60,64,67,.38))}.jR8x9d .pBHsAc{width:36px}.jR8x9d .pBHsAc.VfPpkd-scr2fc-OWXEXe-gk6SMd:enabled .VfPpkd-uMhiad::after{background:rgb(138,180,248)}.jR8x9d .pBHsAc.VfPpkd-scr2fc-OWXEXe-gk6SMd:enabled:hover:not(.VfPpkd-ksKsZd-mWPk3d-OWXEXe-AHe6Kc-XpnDCe):not(:active) .VfPpkd-uMhiad::after{background:rgb(174,203,250)}.jR8x9d .pBHsAc.VfPpkd-scr2fc-OWXEXe-gk6SMd:enabled.VfPpkd-ksKsZd-mWPk3d-OWXEXe-AHe6Kc-XpnDCe:not(:active) .VfPpkd-uMhiad::after{background:rgb(174,203,250)}.jR8x9d .pBHsAc.VfPpkd-scr2fc-OWXEXe-gk6SMd:enabled:active .VfPpkd-uMhiad::after{background:rgb(174,203,250)}.jR8x9d .pBHsAc.VfPpkd-scr2fc-OWXEXe-gk6SMd:disabled .VfPpkd-uMhiad::after{background:rgb(232,234,237)}.jR8x9d .pBHsAc.VfPpkd-scr2fc-OWXEXe-uqeOfd:enabled .VfPpkd-uMhiad::after{background:rgb(154,160,166)}.jR8x9d .pBHsAc.VfPpkd-scr2fc-OWXEXe-uqeOfd:enabled:hover:not(.VfPpkd-ksKsZd-mWPk3d-OWXEXe-AHe6Kc-XpnDCe):not(:active) .VfPpkd-uMhiad::after{background:rgb(248,249,250)}.jR8x9d .pBHsAc.VfPpkd-scr2fc-OWXEXe-uqeOfd:enabled.VfPpkd-ksKsZd-mWPk3d-OWXEXe-AHe6Kc-XpnDCe:not(:active) .VfPpkd-uMhiad::after{background:rgb(248,249,250)}.jR8x9d .pBHsAc.VfPpkd-scr2fc-OWXEXe-uqeOfd:enabled:active .VfPpkd-uMhiad::after{background:rgb(248,249,250)}.jR8x9d .pBHsAc.VfPpkd-scr2fc-OWXEXe-uqeOfd:disabled .VfPpkd-uMhiad::after{background:rgb(232,234,237)}.jR8x9d .pBHsAc .VfPpkd-uMhiad::before{background:rgb(32,33,36)}.jR8x9d .pBHsAc:enabled .VfPpkd-VRSVNe{box-shadow:0 1px 2px 0 rgba(0,0,0,.3),0 1px 3px 1px rgba(0,0,0,.15)}.jR8x9d .pBHsAc:enabled .VfPpkd-VRSVNe .VfPpkd-BFbNVe-bF1uUb{opacity:.05}.jR8x9d .pBHsAc:enabled .VfPpkd-VRSVNe .VfPpkd-BFbNVe-bF1uUb{background-color:rgb(232,234,237)}.jR8x9d .pBHsAc:disabled .VfPpkd-VRSVNe{box-shadow:none}.jR8x9d .pBHsAc:disabled .VfPpkd-VRSVNe .VfPpkd-BFbNVe-bF1uUb{opacity:0}.jR8x9d .pBHsAc:disabled .VfPpkd-VRSVNe .VfPpkd-BFbNVe-bF1uUb{background-color:rgb(232,234,237)}.jR8x9d .pBHsAc .VfPpkd-DVBDLb-LhBDec-sM5MNb,.jR8x9d .pBHsAc .VfPpkd-uMhiad{height:20px}.jR8x9d .pBHsAc:disabled .VfPpkd-uMhiad::after{opacity:.38}.jR8x9d .pBHsAc .VfPpkd-uMhiad{border-radius:10px 10px 10px 10px}.jR8x9d .pBHsAc .VfPpkd-uMhiad{width:20px}.jR8x9d .pBHsAc .VfPpkd-uMhiad-u014N{width:calc(100% - 20px)}.jR8x9d .pBHsAc.VfPpkd-scr2fc-OWXEXe-gk6SMd:enabled .VfPpkd-pafCAf{fill:rgb(32,33,36)}.jR8x9d .pBHsAc.VfPpkd-scr2fc-OWXEXe-gk6SMd:disabled .VfPpkd-pafCAf{fill:rgb(32,33,36)}.jR8x9d .pBHsAc.VfPpkd-scr2fc-OWXEXe-uqeOfd:enabled .VfPpkd-pafCAf{fill:rgb(32,33,36)}.jR8x9d .pBHsAc.VfPpkd-scr2fc-OWXEXe-uqeOfd:disabled .VfPpkd-pafCAf{fill:rgb(32,33,36)}.jR8x9d .pBHsAc.VfPpkd-scr2fc-OWXEXe-gk6SMd:disabled .VfPpkd-lw9akd{opacity:.38}.jR8x9d .pBHsAc.VfPpkd-scr2fc-OWXEXe-uqeOfd:disabled .VfPpkd-lw9akd{opacity:.38}.jR8x9d .pBHsAc.VfPpkd-scr2fc-OWXEXe-gk6SMd .VfPpkd-pafCAf,.jR8x9d .pBHsAc.VfPpkd-scr2fc-OWXEXe-uqeOfd .VfPpkd-pafCAf{width:18px;height:18px}.jR8x9d .pBHsAc.VfPpkd-scr2fc-OWXEXe-gk6SMd:enabled:hover:not(.VfPpkd-ksKsZd-mWPk3d-OWXEXe-AHe6Kc-XpnDCe) .VfPpkd-Qsb3yd::before,.jR8x9d .pBHsAc.VfPpkd-scr2fc-OWXEXe-gk6SMd:enabled:hover:not(.VfPpkd-ksKsZd-mWPk3d-OWXEXe-AHe6Kc-XpnDCe) .VfPpkd-Qsb3yd::after{background-color:rgb(138,180,248)}.jR8x9d .pBHsAc.VfPpkd-scr2fc-OWXEXe-gk6SMd:enabled.VfPpkd-ksKsZd-mWPk3d-OWXEXe-AHe6Kc-XpnDCe .VfPpkd-Qsb3yd::before,.jR8x9d .pBHsAc.VfPpkd-scr2fc-OWXEXe-gk6SMd:enabled.VfPpkd-ksKsZd-mWPk3d-OWXEXe-AHe6Kc-XpnDCe .VfPpkd-Qsb3yd::after{background-color:rgb(138,180,248)}.jR8x9d .pBHsAc.VfPpkd-scr2fc-OWXEXe-gk6SMd:enabled:active .VfPpkd-Qsb3yd::before,.jR8x9d .pBHsAc.VfPpkd-scr2fc-OWXEXe-gk6SMd:enabled:active .VfPpkd-Qsb3yd::after{background-color:rgb(138,180,248)}.jR8x9d .pBHsAc.VfPpkd-scr2fc-OWXEXe-uqeOfd:enabled:hover:not(.VfPpkd-ksKsZd-mWPk3d-OWXEXe-AHe6Kc-XpnDCe) .VfPpkd-Qsb3yd::before,.jR8x9d .pBHsAc.VfPpkd-scr2fc-OWXEXe-uqeOfd:enabled:hover:not(.VfPpkd-ksKsZd-mWPk3d-OWXEXe-AHe6Kc-XpnDCe) .VfPpkd-Qsb3yd::after{background-color:rgb(232,234,237)}.jR8x9d .pBHsAc.VfPpkd-scr2fc-OWXEXe-uqeOfd:enabled.VfPpkd-ksKsZd-mWPk3d-OWXEXe-AHe6Kc-XpnDCe .VfPpkd-Qsb3yd::before,.jR8x9d .pBHsAc.VfPpkd-scr2fc-OWXEXe-uqeOfd:enabled.VfPpkd-ksKsZd-mWPk3d-OWXEXe-AHe6Kc-XpnDCe .VfPpkd-Qsb3yd::after{background-color:rgb(232,234,237)}.jR8x9d .pBHsAc.VfPpkd-scr2fc-OWXEXe-uqeOfd:enabled:active .VfPpkd-Qsb3yd::before,.jR8x9d .pBHsAc.VfPpkd-scr2fc-OWXEXe-uqeOfd:enabled:active .VfPpkd-Qsb3yd::after{background-color:rgb(232,234,237)}.jR8x9d .pBHsAc.VfPpkd-scr2fc-OWXEXe-gk6SMd:enabled:hover:not(.VfPpkd-ksKsZd-mWPk3d-OWXEXe-AHe6Kc-XpnDCe):hover .VfPpkd-Qsb3yd::before,.jR8x9d .pBHsAc.VfPpkd-scr2fc-OWXEXe-gk6SMd:enabled:hover:not(.VfPpkd-ksKsZd-mWPk3d-OWXEXe-AHe6Kc-XpnDCe).VfPpkd-ksKsZd-XxIAqe-OWXEXe-ZmdkE .VfPpkd-Qsb3yd::before{opacity:.04}.jR8x9d .pBHsAc.VfPpkd-scr2fc-OWXEXe-gk6SMd:enabled.VfPpkd-ksKsZd-mWPk3d-OWXEXe-AHe6Kc-XpnDCe.VfPpkd-ksKsZd-mWPk3d-OWXEXe-AHe6Kc-XpnDCe .VfPpkd-Qsb3yd::before,.jR8x9d .pBHsAc.VfPpkd-scr2fc-OWXEXe-gk6SMd:enabled.VfPpkd-ksKsZd-mWPk3d-OWXEXe-AHe6Kc-XpnDCe:not(.VfPpkd-ksKsZd-mWPk3d):focus .VfPpkd-Qsb3yd::before{transition-duration:75ms;opacity:.12}.jR8x9d .pBHsAc.VfPpkd-scr2fc-OWXEXe-gk6SMd:enabled:active:not(.VfPpkd-ksKsZd-mWPk3d) .VfPpkd-Qsb3yd::after{transition:opacity .15s linear}.jR8x9d .pBHsAc.VfPpkd-scr2fc-OWXEXe-gk6SMd:enabled:active:not(.VfPpkd-ksKsZd-mWPk3d):active .VfPpkd-Qsb3yd::after{transition-duration:75ms;opacity:.1}.jR8x9d .pBHsAc.VfPpkd-scr2fc-OWXEXe-gk6SMd:enabled:active.VfPpkd-ksKsZd-mWPk3d{--mdc-ripple-fg-opacity:var(--mdc-switch-selected-pressed-state-layer-opacity,0.1)}.jR8x9d .pBHsAc.VfPpkd-scr2fc-OWXEXe-uqeOfd:enabled:hover:not(.VfPpkd-ksKsZd-mWPk3d-OWXEXe-AHe6Kc-XpnDCe):hover .VfPpkd-Qsb3yd::before,.jR8x9d .pBHsAc.VfPpkd-scr2fc-OWXEXe-uqeOfd:enabled:hover:not(.VfPpkd-ksKsZd-mWPk3d-OWXEXe-AHe6Kc-XpnDCe).VfPpkd-ksKsZd-XxIAqe-OWXEXe-ZmdkE .VfPpkd-Qsb3yd::before{opacity:.04}.jR8x9d .pBHsAc.VfPpkd-scr2fc-OWXEXe-uqeOfd:enabled.VfPpkd-ksKsZd-mWPk3d-OWXEXe-AHe6Kc-XpnDCe.VfPpkd-ksKsZd-mWPk3d-OWXEXe-AHe6Kc-XpnDCe .VfPpkd-Qsb3yd::before,.jR8x9d .pBHsAc.VfPpkd-scr2fc-OWXEXe-uqeOfd:enabled.VfPpkd-ksKsZd-mWPk3d-OWXEXe-AHe6Kc-XpnDCe:not(.VfPpkd-ksKsZd-mWPk3d):focus .VfPpkd-Qsb3yd::before{transition-duration:75ms;opacity:.12}.jR8x9d .pBHsAc.VfPpkd-scr2fc-OWXEXe-uqeOfd:enabled:active:not(.VfPpkd-ksKsZd-mWPk3d) .VfPpkd-Qsb3yd::after{transition:opacity .15s linear}.jR8x9d .pBHsAc.VfPpkd-scr2fc-OWXEXe-uqeOfd:enabled:active:not(.VfPpkd-ksKsZd-mWPk3d):active .VfPpkd-Qsb3yd::after{transition-duration:75ms;opacity:.1}.jR8x9d .pBHsAc.VfPpkd-scr2fc-OWXEXe-uqeOfd:enabled:active.VfPpkd-ksKsZd-mWPk3d{--mdc-ripple-fg-opacity:var(--mdc-switch-unselected-pressed-state-layer-opacity,0.1)}.jR8x9d .pBHsAc .VfPpkd-Qsb3yd{height:48px;width:48px}.jR8x9d .pBHsAc .VfPpkd-l6JLsf{height:14px}.jR8x9d .pBHsAc:disabled .VfPpkd-l6JLsf{opacity:.12}.jR8x9d .pBHsAc:enabled .VfPpkd-l6JLsf::after{background:rgb(26,115,232)}.jR8x9d .pBHsAc:enabled:hover:not(.VfPpkd-ksKsZd-mWPk3d-OWXEXe-AHe6Kc-XpnDCe):not(:active) .VfPpkd-l6JLsf::after{background:rgb(26,115,232)}.jR8x9d .pBHsAc:enabled.VfPpkd-ksKsZd-mWPk3d-OWXEXe-AHe6Kc-XpnDCe:not(:active) .VfPpkd-l6JLsf::after{background:rgb(26,115,232)}.jR8x9d .pBHsAc:enabled:active .VfPpkd-l6JLsf::after{background:rgb(26,115,232)}.jR8x9d .pBHsAc:disabled .VfPpkd-l6JLsf::after{background:rgb(232,234,237)}.jR8x9d .pBHsAc:enabled .VfPpkd-l6JLsf::before{background:rgb(95,99,104)}.jR8x9d .pBHsAc:enabled:hover:not(.VfPpkd-ksKsZd-mWPk3d-OWXEXe-AHe6Kc-XpnDCe):not(:active) .VfPpkd-l6JLsf::before{background:rgb(95,99,104)}.jR8x9d .pBHsAc:enabled.VfPpkd-ksKsZd-mWPk3d-OWXEXe-AHe6Kc-XpnDCe:not(:active) .VfPpkd-l6JLsf::before{background:rgb(95,99,104)}.jR8x9d .pBHsAc:enabled:active .VfPpkd-l6JLsf::before{background:rgb(95,99,104)}.jR8x9d .pBHsAc:disabled .VfPpkd-l6JLsf::before{background:rgb(232,234,237)}.jR8x9d .pBHsAc .VfPpkd-l6JLsf{border-radius:7px 7px 7px 7px}}@media screen and (prefers-color-scheme:dark) and (-ms-high-contrast:active),screen and (prefers-color-scheme:dark) and (forced-colors:active){.jR8x9d .pBHsAc:disabled .VfPpkd-uMhiad::after{opacity:1}.jR8x9d .pBHsAc.VfPpkd-scr2fc-OWXEXe-gk6SMd:enabled .VfPpkd-pafCAf{fill:ButtonText}.jR8x9d .pBHsAc.VfPpkd-scr2fc-OWXEXe-gk6SMd:disabled .VfPpkd-pafCAf{fill:GrayText}.jR8x9d .pBHsAc.VfPpkd-scr2fc-OWXEXe-uqeOfd:enabled .VfPpkd-pafCAf{fill:ButtonText}.jR8x9d .pBHsAc.VfPpkd-scr2fc-OWXEXe-uqeOfd:disabled .VfPpkd-pafCAf{fill:GrayText}.jR8x9d .pBHsAc.VfPpkd-scr2fc-OWXEXe-gk6SMd:disabled .VfPpkd-lw9akd{opacity:1}.jR8x9d .pBHsAc.VfPpkd-scr2fc-OWXEXe-uqeOfd:disabled .VfPpkd-lw9akd{opacity:1}.jR8x9d .pBHsAc:disabled .VfPpkd-l6JLsf{opacity:1}}@media screen and (prefers-color-scheme:dark){.jR8x9d .FEsNhd{font-family:"Google Sans",Roboto,Arial,sans-serif;line-height:1.25rem;font-size:.875rem;letter-spacing:.0178571429em;font-weight:500;padding-right:16px;padding-left:16px;text-transform:none;min-width:auto}.jR8x9d .FEsNhd .VfPpkd-jY41G-V67aGc{color:rgb(154,160,166)}.jR8x9d .FEsNhd .VfPpkd-cfyjzb{color:rgb(154,160,166);fill:currentColor}.jR8x9d .FEsNhd:hover .VfPpkd-YVzG2b::before,.jR8x9d .FEsNhd.VfPpkd-ksKsZd-XxIAqe-OWXEXe-ZmdkE .VfPpkd-YVzG2b::before{opacity:.08;opacity:var(--mdc-ripple-hover-opacity,.08)}.jR8x9d .FEsNhd.VfPpkd-ksKsZd-mWPk3d-OWXEXe-AHe6Kc-XpnDCe .VfPpkd-YVzG2b::before,.jR8x9d .FEsNhd:not(.VfPpkd-ksKsZd-mWPk3d):focus .VfPpkd-YVzG2b::before{opacity:.24;opacity:var(--mdc-ripple-focus-opacity,.24)}.jR8x9d .FEsNhd:not(.VfPpkd-ksKsZd-mWPk3d):active .VfPpkd-YVzG2b::after{opacity:.24;opacity:var(--mdc-ripple-press-opacity,.24)}.jR8x9d .FEsNhd.VfPpkd-ksKsZd-mWPk3d{--mdc-ripple-fg-opacity:var(--mdc-ripple-press-opacity,0.24)}.jR8x9d .FEsNhd:hover .VfPpkd-jY41G-V67aGc,.jR8x9d .FEsNhd.VfPpkd-ksKsZd-mWPk3d-OWXEXe-AHe6Kc-XpnDCe .VfPpkd-jY41G-V67aGc,.jR8x9d .FEsNhd:not(.VfPpkd-ksKsZd-mWPk3d):focus .VfPpkd-jY41G-V67aGc,.jR8x9d .FEsNhd:active .VfPpkd-jY41G-V67aGc{color:rgb(232,234,237)}.jR8x9d .FEsNhd:hover .VfPpkd-cfyjzb,.jR8x9d .FEsNhd.VfPpkd-ksKsZd-mWPk3d-OWXEXe-AHe6Kc-XpnDCe .VfPpkd-cfyjzb,.jR8x9d .FEsNhd:not(.VfPpkd-ksKsZd-mWPk3d):focus .VfPpkd-cfyjzb,.jR8x9d .FEsNhd:active .VfPpkd-cfyjzb{color:rgb(232,234,237);fill:currentColor}.jR8x9d .FEsNhd .VfPpkd-YVzG2b::before,.jR8x9d .FEsNhd .VfPpkd-YVzG2b::after{background-color:rgb(232,234,237);background-color:var(--mdc-ripple-color,rgb(232,234,237))}.jR8x9d .FEsNhd:hover .VfPpkd-YVzG2b::before,.jR8x9d .FEsNhd.VfPpkd-ksKsZd-XxIAqe-OWXEXe-ZmdkE .VfPpkd-YVzG2b::before{opacity:.04;opacity:var(--mdc-ripple-hover-opacity,.04)}.jR8x9d .FEsNhd.VfPpkd-ksKsZd-mWPk3d-OWXEXe-AHe6Kc-XpnDCe .VfPpkd-YVzG2b::before,.jR8x9d .FEsNhd:not(.VfPpkd-ksKsZd-mWPk3d):focus .VfPpkd-YVzG2b::before{transition-duration:75ms;opacity:.12;opacity:var(--mdc-ripple-focus-opacity,.12)}.jR8x9d .FEsNhd:not(.VfPpkd-ksKsZd-mWPk3d) .VfPpkd-YVzG2b::after{transition:opacity .15s linear}.jR8x9d .FEsNhd:not(.VfPpkd-ksKsZd-mWPk3d):active .VfPpkd-YVzG2b::after{transition-duration:75ms;opacity:.1;opacity:var(--mdc-ripple-press-opacity,.1)}.jR8x9d .FEsNhd.VfPpkd-ksKsZd-mWPk3d{--mdc-ripple-fg-opacity:var(--mdc-ripple-press-opacity,0.1)}.jR8x9d .FEsNhd.VfPpkd-AznF2e-OWXEXe-auswjd:hover .VfPpkd-YVzG2b::before,.jR8x9d .FEsNhd.VfPpkd-AznF2e-OWXEXe-auswjd.VfPpkd-ksKsZd-XxIAqe-OWXEXe-ZmdkE .VfPpkd-YVzG2b::before{opacity:.08;opacity:var(--mdc-ripple-hover-opacity,.08)}.jR8x9d .FEsNhd.VfPpkd-AznF2e-OWXEXe-auswjd.VfPpkd-ksKsZd-mWPk3d-OWXEXe-AHe6Kc-XpnDCe .VfPpkd-YVzG2b::before,.jR8x9d .FEsNhd.VfPpkd-AznF2e-OWXEXe-auswjd:not(.VfPpkd-ksKsZd-mWPk3d):focus .VfPpkd-YVzG2b::before{opacity:.24;opacity:var(--mdc-ripple-focus-opacity,.24)}.jR8x9d .FEsNhd.VfPpkd-AznF2e-OWXEXe-auswjd:not(.VfPpkd-ksKsZd-mWPk3d):active .VfPpkd-YVzG2b::after{opacity:.24;opacity:var(--mdc-ripple-press-opacity,.24)}.jR8x9d .FEsNhd.VfPpkd-AznF2e-OWXEXe-auswjd.VfPpkd-ksKsZd-mWPk3d{--mdc-ripple-fg-opacity:var(--mdc-ripple-press-opacity,0.24)}.jR8x9d .FEsNhd.VfPpkd-AznF2e-OWXEXe-auswjd .VfPpkd-jY41G-V67aGc{color:rgb(138,180,248)}.jR8x9d .FEsNhd.VfPpkd-AznF2e-OWXEXe-auswjd .VfPpkd-cfyjzb{color:rgb(138,180,248);fill:currentColor}.jR8x9d .FEsNhd:hover.VfPpkd-AznF2e-OWXEXe-auswjd .VfPpkd-jY41G-V67aGc,.jR8x9d .FEsNhd.VfPpkd-ksKsZd-mWPk3d-OWXEXe-AHe6Kc-XpnDCe.VfPpkd-AznF2e-OWXEXe-auswjd .VfPpkd-jY41G-V67aGc,.jR8x9d .FEsNhd:not(.VfPpkd-ksKsZd-mWPk3d):focus.VfPpkd-AznF2e-OWXEXe-auswjd .VfPpkd-jY41G-V67aGc,.jR8x9d .FEsNhd:active.VfPpkd-AznF2e-OWXEXe-auswjd .VfPpkd-jY41G-V67aGc{color:rgb(174,203,250)}.jR8x9d .FEsNhd:hover.VfPpkd-AznF2e-OWXEXe-auswjd .VfPpkd-cfyjzb,.jR8x9d .FEsNhd.VfPpkd-ksKsZd-mWPk3d-OWXEXe-AHe6Kc-XpnDCe.VfPpkd-AznF2e-OWXEXe-auswjd .VfPpkd-cfyjzb,.jR8x9d .FEsNhd:not(.VfPpkd-ksKsZd-mWPk3d):focus.VfPpkd-AznF2e-OWXEXe-auswjd .VfPpkd-cfyjzb,.jR8x9d .FEsNhd:active.VfPpkd-AznF2e-OWXEXe-auswjd .VfPpkd-cfyjzb{color:rgb(174,203,250);fill:currentColor}.jR8x9d .FEsNhd:hover .VfPpkd-AznF2e-wEcVzc-OWXEXe-NowJzb,.jR8x9d .FEsNhd.VfPpkd-ksKsZd-mWPk3d-OWXEXe-AHe6Kc-XpnDCe .VfPpkd-AznF2e-wEcVzc-OWXEXe-NowJzb,.jR8x9d .FEsNhd:not(.VfPpkd-ksKsZd-mWPk3d):focus .VfPpkd-AznF2e-wEcVzc-OWXEXe-NowJzb,.jR8x9d .FEsNhd:active .VfPpkd-AznF2e-wEcVzc-OWXEXe-NowJzb{border-color:rgb(174,203,250)}.jR8x9d .FEsNhd.VfPpkd-AznF2e-OWXEXe-auswjd .VfPpkd-YVzG2b::before,.jR8x9d .FEsNhd.VfPpkd-AznF2e-OWXEXe-auswjd .VfPpkd-YVzG2b::after{background-color:rgb(174,203,250);background-color:var(--mdc-ripple-color,rgb(174,203,250))}.jR8x9d .FEsNhd.VfPpkd-AznF2e-OWXEXe-auswjd:hover .VfPpkd-YVzG2b::before,.jR8x9d .FEsNhd.VfPpkd-AznF2e-OWXEXe-auswjd.VfPpkd-ksKsZd-XxIAqe-OWXEXe-ZmdkE .VfPpkd-YVzG2b::before{opacity:.04;opacity:var(--mdc-ripple-hover-opacity,.04)}.jR8x9d .FEsNhd.VfPpkd-AznF2e-OWXEXe-auswjd.VfPpkd-ksKsZd-mWPk3d-OWXEXe-AHe6Kc-XpnDCe .VfPpkd-YVzG2b::before,.jR8x9d .FEsNhd.VfPpkd-AznF2e-OWXEXe-auswjd:not(.VfPpkd-ksKsZd-mWPk3d):focus .VfPpkd-YVzG2b::before{transition-duration:75ms;opacity:.12;opacity:var(--mdc-ripple-focus-opacity,.12)}.jR8x9d .FEsNhd.VfPpkd-AznF2e-OWXEXe-auswjd:not(.VfPpkd-ksKsZd-mWPk3d) .VfPpkd-YVzG2b::after{transition:opacity .15s linear}.jR8x9d .FEsNhd.VfPpkd-AznF2e-OWXEXe-auswjd:not(.VfPpkd-ksKsZd-mWPk3d):active .VfPpkd-YVzG2b::after{transition-duration:75ms;opacity:.1;opacity:var(--mdc-ripple-press-opacity,.1)}.jR8x9d .FEsNhd.VfPpkd-AznF2e-OWXEXe-auswjd.VfPpkd-ksKsZd-mWPk3d{--mdc-ripple-fg-opacity:var(--mdc-ripple-press-opacity,0.1)}.jR8x9d .V0XHEd{font-family:"Google Sans",Roboto,Arial,sans-serif;line-height:1.25rem;font-size:.875rem;letter-spacing:.0178571429em;font-weight:500;padding-right:16px;padding-left:16px;text-transform:none;min-width:auto}.jR8x9d .V0XHEd .VfPpkd-jY41G-V67aGc{color:rgb(154,160,166)}.jR8x9d .V0XHEd .VfPpkd-cfyjzb{color:rgb(154,160,166);fill:currentColor}.jR8x9d .V0XHEd:hover .VfPpkd-jY41G-V67aGc,.jR8x9d .V0XHEd.VfPpkd-ksKsZd-mWPk3d-OWXEXe-AHe6Kc-XpnDCe .VfPpkd-jY41G-V67aGc,.jR8x9d .V0XHEd:not(.VfPpkd-ksKsZd-mWPk3d):focus .VfPpkd-jY41G-V67aGc,.jR8x9d .V0XHEd:active .VfPpkd-jY41G-V67aGc{color:rgb(232,234,237)}.jR8x9d .V0XHEd:hover .VfPpkd-cfyjzb,.jR8x9d .V0XHEd.VfPpkd-ksKsZd-mWPk3d-OWXEXe-AHe6Kc-XpnDCe .VfPpkd-cfyjzb,.jR8x9d .V0XHEd:not(.VfPpkd-ksKsZd-mWPk3d):focus .VfPpkd-cfyjzb,.jR8x9d .V0XHEd:active .VfPpkd-cfyjzb{color:rgb(232,234,237);fill:currentColor}.jR8x9d .V0XHEd:hover .VfPpkd-YVzG2b::before,.jR8x9d .V0XHEd.VfPpkd-ksKsZd-XxIAqe-OWXEXe-ZmdkE .VfPpkd-YVzG2b::before{opacity:.08;opacity:var(--mdc-ripple-hover-opacity,.08)}.jR8x9d .V0XHEd.VfPpkd-ksKsZd-mWPk3d-OWXEXe-AHe6Kc-XpnDCe .VfPpkd-YVzG2b::before,.jR8x9d .V0XHEd:not(.VfPpkd-ksKsZd-mWPk3d):focus .VfPpkd-YVzG2b::before{opacity:.24;opacity:var(--mdc-ripple-focus-opacity,.24)}.jR8x9d .V0XHEd:not(.VfPpkd-ksKsZd-mWPk3d):active .VfPpkd-YVzG2b::after{opacity:.24;opacity:var(--mdc-ripple-press-opacity,.24)}.jR8x9d .V0XHEd.VfPpkd-ksKsZd-mWPk3d{--mdc-ripple-fg-opacity:var(--mdc-ripple-press-opacity,0.24)}.jR8x9d .V0XHEd.VfPpkd-AznF2e-OWXEXe-auswjd .VfPpkd-jY41G-V67aGc{color:rgb(232,234,237)}.jR8x9d .V0XHEd.VfPpkd-AznF2e-OWXEXe-auswjd .VfPpkd-cfyjzb{color:rgb(232,234,237);fill:currentColor}.jR8x9d .V0XHEd:hover .VfPpkd-AznF2e-wEcVzc-OWXEXe-NowJzb,.jR8x9d .V0XHEd.VfPpkd-ksKsZd-mWPk3d-OWXEXe-AHe6Kc-XpnDCe .VfPpkd-AznF2e-wEcVzc-OWXEXe-NowJzb,.jR8x9d .V0XHEd:not(.VfPpkd-ksKsZd-mWPk3d):focus .VfPpkd-AznF2e-wEcVzc-OWXEXe-NowJzb,.jR8x9d .V0XHEd:active .VfPpkd-AznF2e-wEcVzc-OWXEXe-NowJzb{border-color:rgb(174,203,250)}.jR8x9d .V0XHEd .VfPpkd-YVzG2b::before,.jR8x9d .V0XHEd .VfPpkd-YVzG2b::after{background-color:rgb(232,234,237);background-color:var(--mdc-ripple-color,rgb(232,234,237))}.jR8x9d .V0XHEd:hover .VfPpkd-YVzG2b::before,.jR8x9d .V0XHEd.VfPpkd-ksKsZd-XxIAqe-OWXEXe-ZmdkE .VfPpkd-YVzG2b::before{opacity:.04;opacity:var(--mdc-ripple-hover-opacity,.04)}.jR8x9d .V0XHEd.VfPpkd-ksKsZd-mWPk3d-OWXEXe-AHe6Kc-XpnDCe .VfPpkd-YVzG2b::before,.jR8x9d .V0XHEd:not(.VfPpkd-ksKsZd-mWPk3d):focus .VfPpkd-YVzG2b::before{transition-duration:75ms;opacity:.12;opacity:var(--mdc-ripple-focus-opacity,.12)}.jR8x9d .V0XHEd:not(.VfPpkd-ksKsZd-mWPk3d) .VfPpkd-YVzG2b::after{transition:opacity .15s linear}.jR8x9d .V0XHEd:not(.VfPpkd-ksKsZd-mWPk3d):active .VfPpkd-YVzG2b::after{transition-duration:75ms;opacity:.1;opacity:var(--mdc-ripple-press-opacity,.1)}.jR8x9d .V0XHEd.VfPpkd-ksKsZd-mWPk3d{--mdc-ripple-fg-opacity:var(--mdc-ripple-press-opacity,0.1)}.jR8x9d .kte1hc .VfPpkd-AznF2e-wEcVzc-OWXEXe-NowJzb{border-color:rgb(138,180,248)}.jR8x9d .kte1hc .VfPpkd-AznF2e-wEcVzc-OWXEXe-NowJzb{border-top-width:3px}.jR8x9d .kte1hc .VfPpkd-AznF2e-wEcVzc-OWXEXe-NowJzb{border-top-left-radius:3px;border-top-right-radius:3px}.jR8x9d .p4biwf .VfPpkd-AznF2e-wEcVzc-OWXEXe-NowJzb{border-color:rgb(138,180,248)}.jR8x9d .gOPnwc:hover .VfPpkd-fmcmS-OyKIhb::before,.jR8x9d .gOPnwc.VfPpkd-ksKsZd-XxIAqe-OWXEXe-ZmdkE .VfPpkd-fmcmS-OyKIhb::before{opacity:.08;opacity:var(--mdc-ripple-hover-opacity,.08)}.jR8x9d .gOPnwc.VfPpkd-ksKsZd-mWPk3d-OWXEXe-AHe6Kc-XpnDCe .VfPpkd-fmcmS-OyKIhb::before,.jR8x9d .gOPnwc:not(.VfPpkd-ksKsZd-mWPk3d):focus .VfPpkd-fmcmS-OyKIhb::before{transition-duration:75ms;opacity:0;opacity:var(--mdc-ripple-focus-opacity,0)}.jR8x9d .gOPnwc .VfPpkd-fmcmS-OyKIhb::before,.jR8x9d .gOPnwc .VfPpkd-fmcmS-OyKIhb::after{background-color:rgb(241,243,244);background-color:var(--mdc-ripple-color,rgb(241,243,244))}.jR8x9d .gOPnwc:not(.VfPpkd-fmcmS-yrriRe-OWXEXe-OWB6Me) .VfPpkd-fmcmS-yrriRe-JZnCve-gmhCAd,.jR8x9d .gOPnwc:not(.VfPpkd-fmcmS-yrriRe-OWXEXe-OWB6Me)+.VfPpkd-fmcmS-yrriRe-W0vJo-RWgCYc .VfPpkd-fmcmS-yrriRe-JZnCve-gmhCAd{color:rgb(154,160,166)}.jR8x9d .gOPnwc .VfPpkd-fmcmS-wGMbrd{caret-color:rgb(138,180,248)}.jR8x9d .gOPnwc:not(.VfPpkd-fmcmS-yrriRe-OWXEXe-OWB6Me) .VfPpkd-fmcmS-wGMbrd{color:rgb(232,234,237)}.jR8x9d .gOPnwc:not(.VfPpkd-fmcmS-yrriRe-OWXEXe-OWB6Me){background-color:rgb(60,64,67)}.jR8x9d .gOPnwc:not(.VfPpkd-fmcmS-yrriRe-OWXEXe-OWB6Me)+.VfPpkd-fmcmS-yrriRe-W0vJo-RWgCYc .VfPpkd-fmcmS-yrriRe-W0vJo-fmcmS{color:rgb(154,160,166)}.jR8x9d .gOPnwc:not(.VfPpkd-fmcmS-yrriRe-OWXEXe-OWB6Me) .VfPpkd-NLUYnc-V67aGc{color:rgb(189,193,198)}.jR8x9d .gOPnwc:hover:not(.VfPpkd-fmcmS-yrriRe-OWXEXe-OWB6Me) .VfPpkd-NLUYnc-V67aGc{color:rgb(248,249,250)}.jR8x9d .gOPnwc:hover:not(.VfPpkd-fmcmS-yrriRe-OWXEXe-OWB6Me) .VfPpkd-RWgCYc-ksKsZd::before{border-bottom-color:rgb(248,249,250)}.jR8x9d .gOPnwc:not(.VfPpkd-fmcmS-yrriRe-OWXEXe-OWB6Me) .VfPpkd-RWgCYc-ksKsZd::before{border-bottom-color:rgb(154,160,166)}.jR8x9d .gOPnwc:not(.VfPpkd-fmcmS-yrriRe-OWXEXe-OWB6Me) .VfPpkd-RWgCYc-ksKsZd::after{border-bottom-color:rgb(138,180,248)}}@media screen and (prefers-color-scheme:dark){.jR8x9d .gOPnwc:not(.VfPpkd-fmcmS-yrriRe-OWXEXe-OWB6Me) .VfPpkd-fmcmS-wGMbrd::-webkit-input-placeholder{color:rgb(189,193,198)}.jR8x9d .gOPnwc:not(.VfPpkd-fmcmS-yrriRe-OWXEXe-OWB6Me) .VfPpkd-fmcmS-wGMbrd::placeholder{color:rgb(189,193,198)}}@media screen and (prefers-color-scheme:dark){.jR8x9d .gOPnwc:not(.VfPpkd-fmcmS-yrriRe-OWXEXe-OWB6Me) .VfPpkd-fmcmS-wGMbrd:-ms-input-placeholder{color:rgb(189,193,198)}.jR8x9d .gOPnwc:not(.VfPpkd-fmcmS-yrriRe-OWXEXe-OWB6Me) .VfPpkd-fmcmS-MvKemf-OWXEXe-qdIk2c{color:rgb(154,160,166)}.jR8x9d .gOPnwc:not(.VfPpkd-fmcmS-yrriRe-OWXEXe-OWB6Me) .VfPpkd-fmcmS-MvKemf-OWXEXe-iJ4yB{color:rgb(154,160,166)}.jR8x9d .gOPnwc:not(.VfPpkd-fmcmS-yrriRe-OWXEXe-OWB6Me) .VfPpkd-fmcmS-TvZj5c-OWXEXe-M1Soyc{color:rgb(154,160,166)}.jR8x9d .gOPnwc:not(.VfPpkd-fmcmS-yrriRe-OWXEXe-OWB6Me) .VfPpkd-fmcmS-TvZj5c-OWXEXe-UbuQg{color:rgb(154,160,166)}.jR8x9d .gOPnwc.VfPpkd-fmcmS-yrriRe-OWXEXe-OWB6Me .VfPpkd-fmcmS-wGMbrd{color:rgba(232,234,237,.38)}.jR8x9d .gOPnwc.VfPpkd-fmcmS-yrriRe-OWXEXe-OWB6Me{background-color:rgba(232,234,237,.04)}.jR8x9d .gOPnwc.VfPpkd-fmcmS-yrriRe-OWXEXe-OWB6Me .VfPpkd-RWgCYc-ksKsZd::before{border-bottom-color:rgba(232,234,237,.38)}.jR8x9d .gOPnwc.VfPpkd-fmcmS-yrriRe-OWXEXe-OWB6Me .VfPpkd-NLUYnc-V67aGc,.jR8x9d .gOPnwc.VfPpkd-fmcmS-yrriRe-OWXEXe-OWB6Me .VfPpkd-fmcmS-TvZj5c-OWXEXe-M1Soyc,.jR8x9d .gOPnwc.VfPpkd-fmcmS-yrriRe-OWXEXe-OWB6Me .VfPpkd-fmcmS-TvZj5c-OWXEXe-UbuQg,.jR8x9d .gOPnwc.VfPpkd-fmcmS-yrriRe-OWXEXe-OWB6Me+.VfPpkd-fmcmS-yrriRe-W0vJo-RWgCYc .VfPpkd-fmcmS-yrriRe-W0vJo-fmcmS,.jR8x9d .gOPnwc.VfPpkd-fmcmS-yrriRe-OWXEXe-OWB6Me .VfPpkd-fmcmS-yrriRe-JZnCve-gmhCAd,.jR8x9d .gOPnwc.VfPpkd-fmcmS-yrriRe-OWXEXe-OWB6Me+.VfPpkd-fmcmS-yrriRe-W0vJo-RWgCYc .VfPpkd-fmcmS-yrriRe-JZnCve-gmhCAd{color:rgba(232,234,237,.38)}}@media screen and (prefers-color-scheme:dark){.jR8x9d .gOPnwc.VfPpkd-fmcmS-yrriRe-OWXEXe-OWB6Me .VfPpkd-fmcmS-wGMbrd::-webkit-input-placeholder{color:rgba(232,234,237,.38)}.jR8x9d .gOPnwc.VfPpkd-fmcmS-yrriRe-OWXEXe-OWB6Me .VfPpkd-fmcmS-wGMbrd::placeholder{color:rgba(232,234,237,.38)}}@media screen and (prefers-color-scheme:dark){.jR8x9d .gOPnwc.VfPpkd-fmcmS-yrriRe-OWXEXe-OWB6Me .VfPpkd-fmcmS-wGMbrd:-ms-input-placeholder{color:rgba(232,234,237,.38)}.jR8x9d .gOPnwc.VfPpkd-fmcmS-yrriRe-OWXEXe-OWB6Me .VfPpkd-fmcmS-MvKemf-OWXEXe-qdIk2c,.jR8x9d .gOPnwc.VfPpkd-fmcmS-yrriRe-OWXEXe-OWB6Me .VfPpkd-fmcmS-MvKemf-OWXEXe-iJ4yB{color:rgba(232,234,237,.38)}.jR8x9d .gOPnwc.VfPpkd-fmcmS-yrriRe-OWXEXe-XpnDCe:not(.VfPpkd-fmcmS-yrriRe-OWXEXe-OWB6Me) .VfPpkd-NLUYnc-V67aGc{color:rgb(138,180,248)}.jR8x9d .gOPnwc.VfPpkd-fmcmS-yrriRe-OWXEXe-UJflGc .VfPpkd-fmcmS-wGMbrd{caret-color:rgb(246,174,169)}.jR8x9d .gOPnwc.VfPpkd-fmcmS-yrriRe-OWXEXe-UJflGc:not(.VfPpkd-fmcmS-yrriRe-OWXEXe-OWB6Me)+.VfPpkd-fmcmS-yrriRe-W0vJo-RWgCYc .VfPpkd-fmcmS-yrriRe-W0vJo-fmcmS{color:rgb(242,139,130)}.jR8x9d .gOPnwc.VfPpkd-fmcmS-yrriRe-OWXEXe-UJflGc:not(.VfPpkd-fmcmS-yrriRe-OWXEXe-OWB6Me) .VfPpkd-fmcmS-TvZj5c-OWXEXe-UbuQg{color:rgb(242,139,130)}.jR8x9d .gOPnwc.VfPpkd-fmcmS-yrriRe-OWXEXe-UJflGc:not(.VfPpkd-fmcmS-yrriRe-OWXEXe-OWB6Me) .VfPpkd-RWgCYc-ksKsZd::before{border-bottom-color:rgb(246,174,169)}.jR8x9d .gOPnwc.VfPpkd-fmcmS-yrriRe-OWXEXe-UJflGc:not(.VfPpkd-fmcmS-yrriRe-OWXEXe-OWB6Me) .VfPpkd-RWgCYc-ksKsZd::after{border-bottom-color:rgb(246,174,169)}.jR8x9d .gOPnwc.VfPpkd-fmcmS-yrriRe-OWXEXe-UJflGc:hover:not(.VfPpkd-fmcmS-yrriRe-OWXEXe-XpnDCe):not(.VfPpkd-fmcmS-yrriRe-OWXEXe-OWB6Me) .VfPpkd-NLUYnc-V67aGc{color:rgb(246,174,169)}.jR8x9d .gOPnwc.VfPpkd-fmcmS-yrriRe-OWXEXe-UJflGc:hover:not(.VfPpkd-fmcmS-yrriRe-OWXEXe-XpnDCe):not(.VfPpkd-fmcmS-yrriRe-OWXEXe-OWB6Me)+.VfPpkd-fmcmS-yrriRe-W0vJo-RWgCYc .VfPpkd-fmcmS-yrriRe-W0vJo-fmcmS{color:rgb(246,174,169)}.jR8x9d .gOPnwc.VfPpkd-fmcmS-yrriRe-OWXEXe-UJflGc:hover:not(.VfPpkd-fmcmS-yrriRe-OWXEXe-XpnDCe):not(.VfPpkd-fmcmS-yrriRe-OWXEXe-OWB6Me) .VfPpkd-fmcmS-TvZj5c-OWXEXe-UbuQg{color:rgb(246,174,169)}.jR8x9d .gOPnwc.VfPpkd-fmcmS-yrriRe-OWXEXe-UJflGc:hover:not(.VfPpkd-fmcmS-yrriRe-OWXEXe-XpnDCe):not(.VfPpkd-fmcmS-yrriRe-OWXEXe-OWB6Me) .VfPpkd-RWgCYc-ksKsZd::before{border-bottom-color:rgb(246,174,169)}.jR8x9d .gOPnwc.VfPpkd-fmcmS-yrriRe-OWXEXe-XpnDCe .VfPpkd-NLUYnc-V67aGc{color:rgb(138,180,248)}.jR8x9d .gOPnwc.VfPpkd-fmcmS-yrriRe-OWXEXe-UJflGc:not(.VfPpkd-fmcmS-yrriRe-OWXEXe-OWB6Me) .VfPpkd-NLUYnc-V67aGc{color:rgb(246,174,169)}.jR8x9d .orScbe:not(.VfPpkd-fmcmS-yrriRe-OWXEXe-OWB6Me) .VfPpkd-fmcmS-wGMbrd{color:rgb(232,234,237);color:var(--gm-outlinedtextfield-ink-color,rgb(232,234,237))}.jR8x9d .orScbe .VfPpkd-fmcmS-wGMbrd{caret-color:rgb(138,180,248);caret-color:var(--gm-outlinedtextfield-caret-color,rgb(138,180,248))}.jR8x9d .orScbe:not(.VfPpkd-fmcmS-yrriRe-OWXEXe-OWB6Me)+.VfPpkd-fmcmS-yrriRe-W0vJo-RWgCYc .VfPpkd-fmcmS-yrriRe-W0vJo-fmcmS{color:rgb(154,160,166);color:var(--gm-outlinedtextfield-helper-text-color,rgb(154,160,166))}.jR8x9d .orScbe:not(.VfPpkd-fmcmS-yrriRe-OWXEXe-OWB6Me) .VfPpkd-fmcmS-yrriRe-JZnCve-gmhCAd,.jR8x9d .orScbe:not(.VfPpkd-fmcmS-yrriRe-OWXEXe-OWB6Me)+.VfPpkd-fmcmS-yrriRe-W0vJo-RWgCYc .VfPpkd-fmcmS-yrriRe-JZnCve-gmhCAd{color:rgb(154,160,166)}.jR8x9d .orScbe:not(.VfPpkd-fmcmS-yrriRe-OWXEXe-OWB6Me) .VfPpkd-NLUYnc-V67aGc{color:rgb(154,160,166);color:var(--gm-outlinedtextfield-label-color,rgb(154,160,166))}.jR8x9d .orScbe:hover:not(.VfPpkd-fmcmS-yrriRe-OWXEXe-OWB6Me) .VfPpkd-NLUYnc-V67aGc{color:rgb(248,249,250)}.jR8x9d .orScbe:not(.VfPpkd-fmcmS-yrriRe-OWXEXe-OWB6Me) .VfPpkd-NSFCdd-Brv4Fb,.jR8x9d .orScbe:not(.VfPpkd-fmcmS-yrriRe-OWXEXe-OWB6Me) .VfPpkd-NSFCdd-Ra9xwd,.jR8x9d .orScbe:not(.VfPpkd-fmcmS-yrriRe-OWXEXe-OWB6Me) .VfPpkd-NSFCdd-MpmGFe{border-color:rgb(189,193,198);border-color:var(--gm-outlinedtextfield-outline-color,rgb(189,193,198))}.jR8x9d .orScbe:not(.VfPpkd-fmcmS-yrriRe-OWXEXe-OWB6Me):not(.VfPpkd-fmcmS-yrriRe-OWXEXe-XpnDCe):hover .VfPpkd-NSFCdd-i5vt6e .VfPpkd-NSFCdd-Brv4Fb,.jR8x9d .orScbe:not(.VfPpkd-fmcmS-yrriRe-OWXEXe-OWB6Me):not(.VfPpkd-fmcmS-yrriRe-OWXEXe-XpnDCe):hover .VfPpkd-NSFCdd-i5vt6e .VfPpkd-NSFCdd-Ra9xwd,.jR8x9d .orScbe:not(.VfPpkd-fmcmS-yrriRe-OWXEXe-OWB6Me):not(.VfPpkd-fmcmS-yrriRe-OWXEXe-XpnDCe):hover .VfPpkd-NSFCdd-i5vt6e .VfPpkd-NSFCdd-MpmGFe{border-color:rgb(248,249,250)}}@media screen and (prefers-color-scheme:dark){.jR8x9d .orScbe:not(.VfPpkd-fmcmS-yrriRe-OWXEXe-OWB6Me) .VfPpkd-fmcmS-wGMbrd::-webkit-input-placeholder{color:rgb(189,193,198);color:var(--gm-outlinedtextfield-placeholder-color,rgb(189,193,198))}.jR8x9d .orScbe:not(.VfPpkd-fmcmS-yrriRe-OWXEXe-OWB6Me) .VfPpkd-fmcmS-wGMbrd::placeholder{color:rgb(189,193,198);color:var(--gm-outlinedtextfield-placeholder-color,rgb(189,193,198))}}@media screen and (prefers-color-scheme:dark){.jR8x9d .orScbe:not(.VfPpkd-fmcmS-yrriRe-OWXEXe-OWB6Me) .VfPpkd-fmcmS-wGMbrd:-ms-input-placeholder{color:rgb(189,193,198);color:var(--gm-outlinedtextfield-placeholder-color,rgb(189,193,198))}.jR8x9d .orScbe:not(.VfPpkd-fmcmS-yrriRe-OWXEXe-OWB6Me) .VfPpkd-fmcmS-MvKemf-OWXEXe-qdIk2c{color:rgb(154,160,166);color:var(--gm-outlinedtextfield-prefix-color,rgb(154,160,166))}.jR8x9d .orScbe:not(.VfPpkd-fmcmS-yrriRe-OWXEXe-OWB6Me) .VfPpkd-fmcmS-MvKemf-OWXEXe-iJ4yB{color:rgb(154,160,166);color:var(--gm-outlinedtextfield-suffix-color,rgb(154,160,166))}.jR8x9d .orScbe:not(.VfPpkd-fmcmS-yrriRe-OWXEXe-OWB6Me) .VfPpkd-fmcmS-TvZj5c-OWXEXe-M1Soyc{color:rgb(154,160,166)}.jR8x9d .orScbe:not(.VfPpkd-fmcmS-yrriRe-OWXEXe-OWB6Me) .VfPpkd-fmcmS-TvZj5c-OWXEXe-UbuQg{color:rgb(154,160,166)}.jR8x9d .orScbe.VfPpkd-fmcmS-yrriRe-OWXEXe-OWB6Me .VfPpkd-fmcmS-wGMbrd{color:rgba(232,234,237,.38);color:var(--gm-outlinedtextfield-ink-color--disabled,rgba(232,234,237,.38))}.jR8x9d .orScbe.VfPpkd-fmcmS-yrriRe-OWXEXe-OWB6Me .VfPpkd-NSFCdd-Brv4Fb,.jR8x9d .orScbe.VfPpkd-fmcmS-yrriRe-OWXEXe-OWB6Me .VfPpkd-NSFCdd-Ra9xwd,.jR8x9d .orScbe.VfPpkd-fmcmS-yrriRe-OWXEXe-OWB6Me .VfPpkd-NSFCdd-MpmGFe{border-color:rgba(232,234,237,.12);border-color:var(--gm-outlinedtextfield-outline-color--disabled,rgba(232,234,237,.12))}.jR8x9d .orScbe.VfPpkd-fmcmS-yrriRe-OWXEXe-OWB6Me .VfPpkd-NLUYnc-V67aGc{color:rgba(232,234,237,.38);color:var(--gm-outlinedtextfield-label-color--disabled,rgba(232,234,237,.38))}.jR8x9d .orScbe.VfPpkd-fmcmS-yrriRe-OWXEXe-OWB6Me .VfPpkd-fmcmS-TvZj5c-OWXEXe-M1Soyc{color:rgba(232,234,237,.38);color:var(--gm-outlinedtextfield-icon-color--disabled,rgba(232,234,237,.38))}.jR8x9d .orScbe.VfPpkd-fmcmS-yrriRe-OWXEXe-OWB6Me .VfPpkd-fmcmS-TvZj5c-OWXEXe-UbuQg{color:rgba(232,234,237,.38);color:var(--gm-outlinedtextfield-icon-color--disabled,rgba(232,234,237,.38))}.jR8x9d .orScbe.VfPpkd-fmcmS-yrriRe-OWXEXe-OWB6Me+.VfPpkd-fmcmS-yrriRe-W0vJo-RWgCYc .VfPpkd-fmcmS-yrriRe-W0vJo-fmcmS{color:rgba(232,234,237,.38);color:var(--gm-outlinedtextfield-helper-text-color--disabled,rgba(232,234,237,.38))}.jR8x9d .orScbe.VfPpkd-fmcmS-yrriRe-OWXEXe-OWB6Me .VfPpkd-fmcmS-yrriRe-JZnCve-gmhCAd,.jR8x9d .orScbe.VfPpkd-fmcmS-yrriRe-OWXEXe-OWB6Me+.VfPpkd-fmcmS-yrriRe-W0vJo-RWgCYc .VfPpkd-fmcmS-yrriRe-JZnCve-gmhCAd{color:rgba(232,234,237,.38);color:var(--gm-outlinedtextfield-character-counter-color--disabled,rgba(232,234,237,.38))}}@media screen and (prefers-color-scheme:dark){.jR8x9d .orScbe.VfPpkd-fmcmS-yrriRe-OWXEXe-OWB6Me .VfPpkd-fmcmS-wGMbrd::-webkit-input-placeholder{color:rgba(232,234,237,.38);color:var(--gm-outlinedtextfield-placeholder-color--disabled,rgba(232,234,237,.38))}.jR8x9d .orScbe.VfPpkd-fmcmS-yrriRe-OWXEXe-OWB6Me .VfPpkd-fmcmS-wGMbrd::placeholder{color:rgba(232,234,237,.38);color:var(--gm-outlinedtextfield-placeholder-color--disabled,rgba(232,234,237,.38))}}@media screen and (prefers-color-scheme:dark){.jR8x9d .orScbe.VfPpkd-fmcmS-yrriRe-OWXEXe-OWB6Me .VfPpkd-fmcmS-wGMbrd:-ms-input-placeholder{color:rgba(232,234,237,.38);color:var(--gm-outlinedtextfield-placeholder-color--disabled,rgba(232,234,237,.38))}.jR8x9d .orScbe.VfPpkd-fmcmS-yrriRe-OWXEXe-OWB6Me .VfPpkd-fmcmS-MvKemf-OWXEXe-qdIk2c{color:rgba(232,234,237,.38);color:var(--gm-outlinedtextfield-prefix-color--disabled,rgba(232,234,237,.38))}.jR8x9d .orScbe.VfPpkd-fmcmS-yrriRe-OWXEXe-OWB6Me .VfPpkd-fmcmS-MvKemf-OWXEXe-iJ4yB{color:rgba(232,234,237,.38);color:var(--gm-outlinedtextfield-suffix-color--disabled,rgba(232,234,237,.38))}.jR8x9d .orScbe.VfPpkd-fmcmS-yrriRe-OWXEXe-XpnDCe:not(.VfPpkd-fmcmS-yrriRe-OWXEXe-OWB6Me) .VfPpkd-NSFCdd-Brv4Fb,.jR8x9d .orScbe.VfPpkd-fmcmS-yrriRe-OWXEXe-XpnDCe:not(.VfPpkd-fmcmS-yrriRe-OWXEXe-OWB6Me) .VfPpkd-NSFCdd-Ra9xwd,.jR8x9d .orScbe.VfPpkd-fmcmS-yrriRe-OWXEXe-XpnDCe:not(.VfPpkd-fmcmS-yrriRe-OWXEXe-OWB6Me) .VfPpkd-NSFCdd-MpmGFe{border-color:rgb(138,180,248);border-color:var(--gm-outlinedtextfield-outline-color--stateful,rgb(138,180,248))}.jR8x9d .orScbe.VfPpkd-fmcmS-yrriRe-OWXEXe-XpnDCe:not(.VfPpkd-fmcmS-yrriRe-OWXEXe-OWB6Me) .VfPpkd-NLUYnc-V67aGc{color:rgb(138,180,248);color:var(--gm-outlinedtextfield-label-color--stateful,rgb(138,180,248))}.jR8x9d .orScbe.VfPpkd-fmcmS-yrriRe-OWXEXe-UJflGc .VfPpkd-fmcmS-wGMbrd{caret-color:rgb(242,139,130);caret-color:var(--gm-outlinedtextfield-caret-color--error,rgb(242,139,130))}.jR8x9d .orScbe.VfPpkd-fmcmS-yrriRe-OWXEXe-UJflGc:not(.VfPpkd-fmcmS-yrriRe-OWXEXe-OWB6Me)+.VfPpkd-fmcmS-yrriRe-W0vJo-RWgCYc .VfPpkd-fmcmS-yrriRe-W0vJo-fmcmS{color:rgb(242,139,130);color:var(--gm-outlinedtextfield-helper-text-color--error,rgb(242,139,130))}.jR8x9d .orScbe.VfPpkd-fmcmS-yrriRe-OWXEXe-UJflGc:hover:not(.VfPpkd-fmcmS-yrriRe-OWXEXe-XpnDCe):not(.VfPpkd-fmcmS-yrriRe-OWXEXe-OWB6Me)+.VfPpkd-fmcmS-yrriRe-W0vJo-RWgCYc .VfPpkd-fmcmS-yrriRe-W0vJo-fmcmS{color:rgb(246,174,169)}.jR8x9d .orScbe.VfPpkd-fmcmS-yrriRe-OWXEXe-UJflGc:hover:not(.VfPpkd-fmcmS-yrriRe-OWXEXe-XpnDCe):not(.VfPpkd-fmcmS-yrriRe-OWXEXe-OWB6Me) .VfPpkd-NLUYnc-V67aGc{color:rgb(246,174,169)}.jR8x9d .orScbe.VfPpkd-fmcmS-yrriRe-OWXEXe-UJflGc:hover:not(.VfPpkd-fmcmS-yrriRe-OWXEXe-XpnDCe):not(.VfPpkd-fmcmS-yrriRe-OWXEXe-OWB6Me) .VfPpkd-fmcmS-TvZj5c-OWXEXe-UbuQg{color:rgb(246,174,169)}.jR8x9d .orScbe.VfPpkd-fmcmS-yrriRe-OWXEXe-UJflGc:not(.VfPpkd-fmcmS-yrriRe-OWXEXe-OWB6Me):not(.VfPpkd-fmcmS-yrriRe-OWXEXe-XpnDCe):hover .VfPpkd-NSFCdd-i5vt6e .VfPpkd-NSFCdd-Brv4Fb,.jR8x9d .orScbe.VfPpkd-fmcmS-yrriRe-OWXEXe-UJflGc:not(.VfPpkd-fmcmS-yrriRe-OWXEXe-OWB6Me):not(.VfPpkd-fmcmS-yrriRe-OWXEXe-XpnDCe):hover .VfPpkd-NSFCdd-i5vt6e .VfPpkd-NSFCdd-Ra9xwd,.jR8x9d .orScbe.VfPpkd-fmcmS-yrriRe-OWXEXe-UJflGc:not(.VfPpkd-fmcmS-yrriRe-OWXEXe-OWB6Me):not(.VfPpkd-fmcmS-yrriRe-OWXEXe-XpnDCe):hover .VfPpkd-NSFCdd-i5vt6e .VfPpkd-NSFCdd-MpmGFe{border-color:rgb(246,174,169)}.jR8x9d .orScbe.VfPpkd-fmcmS-yrriRe-OWXEXe-UJflGc:not(.VfPpkd-fmcmS-yrriRe-OWXEXe-OWB6Me) .VfPpkd-NSFCdd-Brv4Fb,.jR8x9d .orScbe.VfPpkd-fmcmS-yrriRe-OWXEXe-UJflGc:not(.VfPpkd-fmcmS-yrriRe-OWXEXe-OWB6Me) .VfPpkd-NSFCdd-Ra9xwd,.jR8x9d .orScbe.VfPpkd-fmcmS-yrriRe-OWXEXe-UJflGc:not(.VfPpkd-fmcmS-yrriRe-OWXEXe-OWB6Me) .VfPpkd-NSFCdd-MpmGFe{border-color:rgb(242,139,130);border-color:var(--gm-outlinedtextfield-outline-color--error,rgb(242,139,130))}.jR8x9d .orScbe.VfPpkd-fmcmS-yrriRe-OWXEXe-UJflGc:not(.VfPpkd-fmcmS-yrriRe-OWXEXe-OWB6Me) .VfPpkd-fmcmS-TvZj5c-OWXEXe-UbuQg{color:rgb(242,139,130);color:var(--gm-outlinedtextfield-icon-color--error,rgb(242,139,130))}.jR8x9d .orScbe.VfPpkd-fmcmS-yrriRe-OWXEXe-UJflGc.VfPpkd-fmcmS-yrriRe-OWXEXe-XpnDCe:not(.VfPpkd-fmcmS-yrriRe-OWXEXe-OWB6Me) .VfPpkd-NSFCdd-Brv4Fb,.jR8x9d .orScbe.VfPpkd-fmcmS-yrriRe-OWXEXe-UJflGc.VfPpkd-fmcmS-yrriRe-OWXEXe-XpnDCe:not(.VfPpkd-fmcmS-yrriRe-OWXEXe-OWB6Me) .VfPpkd-NSFCdd-Ra9xwd,.jR8x9d .orScbe.VfPpkd-fmcmS-yrriRe-OWXEXe-UJflGc.VfPpkd-fmcmS-yrriRe-OWXEXe-XpnDCe:not(.VfPpkd-fmcmS-yrriRe-OWXEXe-OWB6Me) .VfPpkd-NSFCdd-MpmGFe{border-color:rgb(242,139,130);border-color:var(--gm-outlinedtextfield-outline-color--error-stateful,rgb(242,139,130))}.jR8x9d .orScbe.VfPpkd-fmcmS-yrriRe-OWXEXe-XpnDCe .VfPpkd-NLUYnc-V67aGc{color:rgb(138,180,248);color:var(--gm-outlinedtextfield-label-color--stateful,rgb(138,180,248))}.jR8x9d .orScbe.VfPpkd-fmcmS-yrriRe-OWXEXe-UJflGc:not(.VfPpkd-fmcmS-yrriRe-OWXEXe-OWB6Me) .VfPpkd-NLUYnc-V67aGc{color:rgb(242,139,130);color:var(--gm-outlinedtextfield-label-color--error,rgb(242,139,130))}.jR8x9d .TA5ace .VfPpkd-z59Tgd{background-color:rgb(60,64,67)}.jR8x9d .TA5ace .VfPpkd-z59Tgd,.jR8x9d .TA5ace .VfPpkd-MlC99b,.jR8x9d .TA5ace .VfPpkd-IqDDtd{color:rgb(232,234,237)}.jR8x9d .TA5ace .VfPpkd-IqDDtd-hSRGPd{color:rgb(138,180,248)}.jR8x9d .TA5ace.VfPpkd-suEOdc-OWXEXe-nzrxxc .VfPpkd-z59Tgd,.jR8x9d .TA5ace.VfPpkd-suEOdc-OWXEXe-nzrxxc .VfPpkd-Djsh7e-XxIAqe-ma6Yeb,.jR8x9d .TA5ace.VfPpkd-suEOdc-OWXEXe-nzrxxc .VfPpkd-Djsh7e-XxIAqe-cGMI2b{background-color:rgb(32,33,36)}.jR8x9d .TA5ace.VfPpkd-suEOdc-OWXEXe-nzrxxc .VfPpkd-MlC99b{font-family:"Google Sans",Roboto,Arial,sans-serif;line-height:1.25rem;font-size:.875rem;letter-spacing:.0178571429em;font-weight:500}.jR8x9d .TA5ace.VfPpkd-suEOdc-OWXEXe-nzrxxc .VfPpkd-z59Tgd{border-radius:8px}.jR8x9d .TA5ace.VfPpkd-suEOdc-OWXEXe-nzrxxc .VfPpkd-z59Tgd,.jR8x9d .TA5ace.VfPpkd-suEOdc-OWXEXe-nzrxxc .VfPpkd-Djsh7e-XxIAqe-cGMI2b{border-width:0;box-shadow:0 1px 2px 0 rgba(0,0,0,.3),0 2px 6px 2px rgba(0,0,0,.15)}.jR8x9d .TA5ace.VfPpkd-suEOdc-OWXEXe-nzrxxc .VfPpkd-z59Tgd .VfPpkd-BFbNVe-bF1uUb,.jR8x9d .TA5ace.VfPpkd-suEOdc-OWXEXe-nzrxxc .VfPpkd-Djsh7e-XxIAqe-cGMI2b .VfPpkd-BFbNVe-bF1uUb,.jR8x9d .TA5ace.VfPpkd-suEOdc-OWXEXe-nzrxxc .VfPpkd-Djsh7e-XxIAqe-ma6Yeb .VfPpkd-BFbNVe-bF1uUb{opacity:.08}}.jR8x9d,.jR8x9d input,.jR8x9d textarea,.jR8x9d select,.jR8x9d button{color:#1f1f1f;color:var(--gm3-sys-color-on-surface,#1f1f1f);font-family:"Google Sans",roboto,"Noto Sans Myanmar UI",arial,sans-serif}.jR8x9d{background-color:#fff;background-color:var(--gm3-sys-color-surface-container-lowest,#fff);direction:ltr;font-size:0.875rem;font-weight:400;letter-spacing:0rem;line-height:1.4285714286;margin:0;padding:0}.jR8x9d [data-style=heading]{color:#1f1f1f;color:var(--gm3-sys-color-on-surface,#1f1f1f);font-family:"Google Sans",roboto,"Noto Sans Myanmar UI",arial,sans-serif;font-size:1.25rem;font-weight:400;letter-spacing:0rem;line-height:1.2}.S7xv8{display:flex;flex-direction:column;min-height:100vh;background:#fff;background:var(--gm3-sys-color-surface-container-lowest,#fff);justify-content:space-between;padding:0}@media (min-width:600px){.S7xv8{background:#f0f4f9;background:var(--gm3-sys-color-surface-container,#f0f4f9);justify-content:center;padding:48px 0}}@media (min-width:600px) and (orientation:landscape){.S7xv8{background:#fff;background:var(--gm3-sys-color-surface-container-lowest,#fff);justify-content:space-between;padding:0}}@media (min-width:960px) and (orientation:landscape){.S7xv8{background:#f0f4f9;background:var(--gm3-sys-color-surface-container,#f0f4f9);justify-content:center;padding:48px 0}}.fAlnEc a:not(.TrZEUc):not(.WpHeLc){outline-offset:2px;text-decoration:none}.fAlnEc a:not(.TrZEUc):not(.WpHeLc):hover{text-decoration:underline}.fAlnEc button:not(.TrZEUc){background-color:transparent;border:0;cursor:pointer;font-size:inherit;outline:none;padding:0;position:relative;text-align:left}.fAlnEc a:not(.TrZEUc):not(.WpHeLc),.fAlnEc button:not(.TrZEUc){color:#0b57d0;color:var(--gm3-sys-color-primary,#0b57d0);border-radius:4px;font-weight:500;letter-spacing:0.015625rem;z-index:1}.fAlnEc a:not(.TrZEUc):not(.WpHeLc):focus-visible{outline:2px solid #0b57d0;outline:2px solid var(--gm3-sys-color-primary,#0b57d0)}.fAlnEc .gNJDp a:not(.TrZEUc):not(.WpHeLc),.fAlnEc .gNJDp button:not(.TrZEUc){font-weight:500;font-weight:var(--c-stfwt,500)}.fAlnEc .PsAlOe a:not(.TrZEUc),.fAlnEc .PsAlOe button:not(.TrZEUc){text-decoration:underline}.fAlnEc .PsAlOe.sj692e a:not(.TrZEUc),.fAlnEc .PsAlOe.sj692e button:not(.TrZEUc){color:#0842a0;color:var(--gm3-sys-color-on-primary-container,#0842a0)}.fAlnEc .Su9bff a:not(.L3JCSb),.fAlnEc .Su9bff button:not(.L3JCSb){text-align:center}.fAlnEc .PsAlOe.Xq8bDe a:not(.TrZEUc),.fAlnEc .PsAlOe.Xq8bDe button:not(.TrZEUc){color:#410e0b;color:var(--gm3-sys-color-on-error-container,#8c1d18)}.fAlnEc .PsAlOe.rNe0id a:not(.TrZEUc),.fAlnEc .PsAlOe.rNe0id button:not(.TrZEUc){color:var(--wf-color-warning-text,#421f00)}.fAlnEc .PsAlOe.YFdWic a:not(.TrZEUc),.fAlnEc .PsAlOe.YFdWic button:not(.TrZEUc){color:#444746;color:var(--gm3-sys-color-on-surface-variant,#444746)}.fAlnEc button:not(.TrZEUc)::-moz-focus-inner{border:0}.fAlnEc button:not(.TrZEUc):focus-visible::after{border:2px solid;border-color:#0b57d0;border-color:var(--gm3-sys-color-primary,#0b57d0);box-shadow:0 0 0 2px #d3e3fd;box-shadow:0 0 0 2px var(--gm3-sys-color-primary-container,#d3e3fd);border-radius:12px;content:"";position:absolute;pointer-events:none;inset:-9px;bottom:-5px;top:-5px}.fAlnEc button:not(.TrZEUc)::before{background-color:#0b57d0;background-color:var(--gm3-sys-color-primary,#0b57d0);border-radius:8px;bottom:-1px;content:"";left:-5px;opacity:0;pointer-events:none;position:absolute;right:-5px;top:-1px;z-index:-1}.fAlnEc button:not(.TrZEUc):hover::before{opacity:.08}.fAlnEc button:not(.TrZEUc):focus::before,.fAlnEc button:not(.TrZEUc):active::before{opacity:.1}.fAlnEc img:not(.TrZEUc){border:0;max-height:1.3em;vertical-align:middle}.Hvu6D{display:none}sentinel{}</style><script nonce="">onCssLoad();</script><script nonce="">(function(){'use strict';function g(){var a=k,b=0;return function(){return b<a.length?{done:!1,value:a[b++]}:{done:!0}}};/*

 Copyright The Closure Library Authors.
 SPDX-License-Identifier: Apache-2.0
*/
var l=this||self;/*

 Copyright 2024 Google, Inc
 SPDX-License-Identifier: MIT
*/
var m=["focus","blur","error","load","toggle"];function n(a){return a==="mouseenter"?"mouseover":a==="mouseleave"?"mouseout":a==="pointerenter"?"pointerover":a==="pointerleave"?"pointerout":a};function p(a){this.l={};this.m={};this.i=null;this.g=[];this.o=a}p.prototype.handleEvent=function(a,b,c){q(this,{eventType:a,event:b,targetElement:b.target,eic:c,timeStamp:Date.now(),eia:void 0,eirp:void 0,eiack:void 0})};function q(a,b){if(a.i)a.i(b);else{b.eirp=!0;var c;(c=a.g)==null||c.push(b)}}
function r(a,b,c){if(!(b in a.l)&&a.o){var e=function(f,d,B){a.handleEvent(f,d,B)};a.l[b]=e;c=n(c||b);if(c!==b){var h=a.m[c]||[];h.push(b);a.m[c]=h}a.o.addEventListener(c,function(f){return function(d){e(b,d,f)}},void 0)}}p.prototype.j=function(a){return this.l[a]};p.prototype.ecrd=function(a){this.i=a;var b;if((b=this.g)==null?0:b.length){for(a=0;a<this.g.length;a++)q(this,this.g[a]);this.g=null}};var t=typeof navigator!=="undefined"&&/iPhone|iPad|iPod/.test(navigator.userAgent);function u(a){this.g=a;this.i=[]}u.prototype.addEventListener=function(a,b,c){t&&(this.g.style.cursor="pointer");var e=this.i,h=e.push,f=this.g;b=b(this.g);var d=!1;m.indexOf(a)>=0&&(d=!0);f.addEventListener(a,b,typeof c==="boolean"?{capture:d,passive:c}:d);h.call(e,{eventType:a,j:b,capture:d,passive:c})};var k="click dblclick focus focusin blur error focusout keydown keyup keypress load mouseover mouseout mouseenter mouseleave mousemove submit toggle touchstart touchend touchmove touchcancel auxclick change compositionstart compositionupdate compositionend beforeinput input select textinput copy cut paste mousedown mouseup wheel contextmenu dragover dragenter dragleave drop dragstart dragend pointerdown pointermove pointerup pointercancel pointerenter pointerleave pointerover pointerout gotpointercapture lostpointercapture ended loadedmetadata pagehide pageshow visibilitychange beforematch".split(" ");
if(!(k instanceof Array)){var v;var w=typeof Symbol!="undefined"&&Symbol.iterator&&k[Symbol.iterator];if(w)v=w.call(k);else if(typeof k.length=="number")v={next:g()};else throw Error(String(k)+" is not an iterable or ArrayLike");for(var x,y=[];!(x=v.next()).done;)y.push(x.value)};var z=function(a){return{trigger:function(b){var c=a.j(b.type);c||(r(a,b.type),c=a.j(b.type));var e=b.target||b.srcElement;c&&c(b.type,b,e.ownerDocument.documentElement)},configure:function(b){b(a)}}}(function(){var a=window,b=new u(a.document.documentElement),c=new p(b);k.forEach(function(d){return r(c,d)});var e,h,f;"onwebkitanimationend"in a&&(e="webkitAnimationEnd");r(c,"animationend",e);"onwebkitanimationstart"in a&&(h="webkitAnimationStart");r(c,"animationstart",h);r(c,"animationcancel");"onwebkittransitionend"in
a&&(f="webkitTransitionEnd");r(c,"transitionend",f);return{u:c,container:b}}().u),A=["BOQ_wizbind"],C=window||l,D;for(;A.length&&(D=A.shift());)A.length||z===void 0?C[D]&&C[D]!==Object.prototype[D]?C=C[D]:C=C[D]={}:C[D]=z;}).call(this);
</script><script nocollect="" src="https://www.gstatic.com/_/mss/boq-identity/_/js/k=boq-identity.AccountsSignInUi.en_US.eZwNFZB8n4g.es5.O/am=MQwAzJbH7k0AIP7_nzIL6ixAAkIGAAAAAAAQAABsAQAAWMcAEA/d=1/excm=_b,_tp,identifierview/ed=1/dg=0/wt=2/ujg=1/rs=AOaEmlEh3-HWQmvo-2vRehil1cF_mMxrjw/m=_b,_tp" defer="" id="base-js" fetchpriority="high" crossorigin="anonymous" nonce=""></script><script nonce="">if (window.BOQ_loadedInitialJS) {onJsLoad();} else {document.getElementById('base-js').addEventListener('load', onJsLoad, false);}</script><script nonce="">
    window['_wjdc'] = function (d) {window['_wjdd'] = d};
    </script><script nonce="">document.documentElement.className="eC9N2e";</script><meta name="chrome" content="nointentdetection"><meta name="viewport" content="width=device-width, initial-scale=1"><style nonce="">@font-face{font-family:'Google Sans';font-style:normal;font-weight:400;src:url(//fonts.gstatic.com/s/googlesans/v62/4UaRrENHsxJlGDuGo1OIlJfC6l_24rlCK1Yo_Iq2rgCIlsw.woff2)format('woff2');unicode-range:U+0308,U+0530-058F,U+2010,U+2024,U+25CC,U+FB13-FB17;}@font-face{font-family:'Google Sans';font-style:normal;font-weight:400;src:url(//fonts.gstatic.com/s/googlesans/v62/4UaRrENHsxJlGDuGo1OIlJfC6l_24rlCK1Yo_Iq2rACIlsw.woff2)format('woff2');unicode-range:U+0951-0952,U+0964-0965,U+0980-09FE,U+1CD0,U+1CD2,U+1CD5-1CD6,U+1CD8,U+1CE1,U+1CEA,U+1CED,U+1CF2,U+1CF5-1CF7,U+200C-200D,U+20B9,U+25CC,U+A8F1;}@font-face{font-family:'Google Sans';font-style:normal;font-weight:400;src:url(//fonts.gstatic.com/s/googlesans/v62/4UaRrENHsxJlGDuGo1OIlJfC6l_24rlCK1Yo_Iq2kQCIlsw.woff2)format('woff2');unicode-range:U+02C7,U+02D8-02D9,U+02DB,U+0307,U+1400-167F,U+18B0-18F5,U+25CC,U+11AB0-11ABF;}@font-face{font-family:'Google Sans';font-style:normal;font-weight:400;src:url(//fonts.gstatic.com/s/googlesans/v62/4UaRrENHsxJlGDuGo1OIlJfC6l_24rlCK1Yo_Iq2swCIlsw.woff2)format('woff2');unicode-range:U+0460-052F,U+1C80-1C8A,U+20B4,U+2DE0-2DFF,U+A640-A69F,U+FE2E-FE2F;}@font-face{font-family:'Google Sans';font-style:normal;font-weight:400;src:url(//fonts.gstatic.com/s/googlesans/v62/4UaRrENHsxJlGDuGo1OIlJfC6l_24rlCK1Yo_Iq2ugCIlsw.woff2)format('woff2');unicode-range:U+0301,U+0400-045F,U+0490-0491,U+04B0-04B1,U+2116;}@font-face{font-family:'Google Sans';font-style:normal;font-weight:400;src:url(//fonts.gstatic.com/s/googlesans/v62/4UaRrENHsxJlGDuGo1OIlJfC6l_24rlCK1Yo_Iq2vwCIlsw.woff2)format('woff2');unicode-range:U+0900-097F,U+1CD0-1CF9,U+200C-200D,U+20A8,U+20B9,U+20F0,U+25CC,U+A830-A839,U+A8E0-A8FF,U+11B00-11B09;}@font-face{font-family:'Google Sans';font-style:normal;font-weight:400;src:url(//fonts.gstatic.com/s/googlesans/v62/4UaRrENHsxJlGDuGo1OIlJfC6l_24rlCK1Yo_Iq2rwCIlsw.woff2)format('woff2');unicode-range:U+030E,U+1200-1399,U+2D80-2DDE,U+AB01-AB2E,U+1E7E0-1E7E6,U+1E7E8-1E7EB,U+1E7ED-1E7EE,U+1E7F0-1E7FE;}@font-face{font-family:'Google Sans';font-style:normal;font-weight:400;src:url(//fonts.gstatic.com/s/googlesans/v62/4UaRrENHsxJlGDuGo1OIlJfC6l_24rlCK1Yo_Iq2oQCIlsw.woff2)format('woff2');unicode-range:U+0589,U+10A0-10FF,U+1C90-1CBA,U+1CBD-1CBF,U+205A,U+2D00-2D2F,U+2E31;}@font-face{font-family:'Google Sans';font-style:normal;font-weight:400;src:url(//fonts.gstatic.com/s/googlesans/v62/4UaRrENHsxJlGDuGo1OIlJfC6l_24rlCK1Yo_Iq2sgCIlsw.woff2)format('woff2');unicode-range:U+1F00-1FFF;}@font-face{font-family:'Google Sans';font-style:normal;font-weight:400;src:url(//fonts.gstatic.com/s/googlesans/v62/4UaRrENHsxJlGDuGo1OIlJfC6l_24rlCK1Yo_Iq2vQCIlsw.woff2)format('woff2');unicode-range:U+0370-0377,U+037A-037F,U+0384-038A,U+038C,U+038E-03A1,U+03A3-03FF;}@font-face{font-family:'Google Sans';font-style:normal;font-weight:400;src:url(//fonts.gstatic.com/s/googlesans/v62/4UaRrENHsxJlGDuGo1OIlJfC6l_24rlCK1Yo_Iq2pQCIlsw.woff2)format('woff2');unicode-range:U+0951-0952,U+0964-0965,U+0A80-0AFF,U+200C-200D,U+20B9,U+25CC,U+A830-A839;}@font-face{font-family:'Google Sans';font-style:normal;font-weight:400;src:url(//fonts.gstatic.com/s/googlesans/v62/4UaRrENHsxJlGDuGo1OIlJfC6l_24rlCK1Yo_Iq2nQCIlsw.woff2)format('woff2');unicode-range:U+0951-0952,U+0964-0965,U+0A01-0A76,U+200C-200D,U+20B9,U+25CC,U+262C,U+A830-A839;}@font-face{font-family:'Google Sans';font-style:normal;font-weight:400;src:url(//fonts.gstatic.com/s/googlesans/v62/4UaRrENHsxJlGDuGo1OIlJfC6l_24rlCK1Yo_Iq2vACIlsw.woff2)format('woff2');unicode-range:U+0307-0308,U+0590-05FF,U+200C-2010,U+20AA,U+25CC,U+FB1D-FB4F;}@font-face{font-family:'Google Sans';font-style:normal;font-weight:400;src:url(//fonts.gstatic.com/s/googlesans/v62/4UaRrENHsxJlGDuGo1OIlJfC6l_24rlCK1Yo_Iq2tQCIlsw.woff2)format('woff2');unicode-range:U+1780-17FF,U+19E0-19FF,U+200C-200D,U+25CC;}@font-face{font-family:'Google Sans';font-style:normal;font-weight:400;src:url(//fonts.gstatic.com/s/googlesans/v62/4UaRrENHsxJlGDuGo1OIlJfC6l_24rlCK1Yo_Iq2twCIlsw.woff2)format('woff2');unicode-range:U+0E81-0EDF,U+200C-200D,U+25CC;}@font-face{font-family:'Google Sans';font-style:normal;font-weight:400;src:url(//fonts.gstatic.com/s/googlesans/v62/4UaRrENHsxJlGDuGo1OIlJfC6l_24rlCK1Yo_Iq2pgCIlsw.woff2)format('woff2');unicode-range:U+0307,U+0323,U+0951-0952,U+0964-0965,U+0D00-0D7F,U+1CDA,U+1CF2,U+200C-200D,U+20B9,U+25CC,U+A830-A832;}@font-face{font-family:'Google Sans';font-style:normal;font-weight:400;src:url(//fonts.gstatic.com/s/googlesans/v62/4UaRrENHsxJlGDuGo1OIlJfC6l_24rlCK1Yo_Iq2pwCIlsw.woff2)format('woff2');unicode-range:U+0951-0952,U+0964-0965,U+0B01-0B77,U+1CDA,U+1CF2,U+200C-200D,U+20B9,U+25CC;}@font-face{font-family:'Google Sans';font-style:normal;font-weight:400;src:url(//fonts.gstatic.com/s/googlesans/v62/4UaRrENHsxJlGDuGo1OIlJfC6l_24rlCK1Yo_Iq2owCIlsw.woff2)format('woff2');unicode-range:U+0964-0965,U+0D81-0DF4,U+1CF2,U+200C-200D,U+25CC,U+111E1-111F4;}@font-face{font-family:'Google Sans';font-style:normal;font-weight:400;src:url(//fonts.gstatic.com/s/googlesans/v62/4UaRrENHsxJlGDuGo1OIlJfC6l_24rlCK1Yo_Iq20ACIlsw.woff2)format('woff2');unicode-range:U+0001-000C,U+000E-001F,U+007F-009F,U+20DD-20E0,U+20E2-20E4,U+2150-218F,U+2190,U+2192,U+2194-2199,U+21AF,U+21E6-21F0,U+21F3,U+2218-2219,U+2299,U+22C4-22C6,U+2300-243F,U+2440-244A,U+2460-24FF,U+25A0-27BF,U+2800-28FF,U+2921-2922,U+2981,U+29BF,U+29EB,U+2B00-2BFF,U+4DC0-4DFF,U+FFF9-FFFB,U+10140-1018E,U+10190-1019C,U+101A0,U+101D0-101FD,U+102E0-102FB,U+10E60-10E7E,U+1D2C0-1D2D3,U+1D2E0-1D37F,U+1F000-1F0FF,U+1F100-1F1AD,U+1F1E6-1F1FF,U+1F30D-1F30F,U+1F315,U+1F31C,U+1F31E,U+1F320-1F32C,U+1F336,U+1F378,U+1F37D,U+1F382,U+1F393-1F39F,U+1F3A7-1F3A8,U+1F3AC-1F3AF,U+1F3C2,U+1F3C4-1F3C6,U+1F3CA-1F3CE,U+1F3D4-1F3E0,U+1F3ED,U+1F3F1-1F3F3,U+1F3F5-1F3F7,U+1F408,U+1F415,U+1F41F,U+1F426,U+1F43F,U+1F441-1F442,U+1F444,U+1F446-1F449,U+1F44C-1F44E,U+1F453,U+1F46A,U+1F47D,U+1F4A3,U+1F4B0,U+1F4B3,U+1F4B9,U+1F4BB,U+1F4BF,U+1F4C8-1F4CB,U+1F4D6,U+1F4DA,U+1F4DF,U+1F4E3-1F4E6,U+1F4EA-1F4ED,U+1F4F7,U+1F4F9-1F4FB,U+1F4FD-1F4FE,U+1F503,U+1F507-1F50B,U+1F50D,U+1F512-1F513,U+1F53E-1F54A,U+1F54F-1F5FA,U+1F610,U+1F650-1F67F,U+1F687,U+1F68D,U+1F691,U+1F694,U+1F698,U+1F6AD,U+1F6B2,U+1F6B9-1F6BA,U+1F6BC,U+1F6C6-1F6CF,U+1F6D3-1F6D7,U+1F6E0-1F6EA,U+1F6F0-1F6F3,U+1F6F7-1F6FC,U+1F700-1F7FF,U+1F800-1F80B,U+1F810-1F847,U+1F850-1F859,U+1F860-1F887,U+1F890-1F8AD,U+1F8B0-1F8BB,U+1F8C0-1F8C1,U+1F900-1F90B,U+1F93B,U+1F946,U+1F984,U+1F996,U+1F9E9,U+1FA00-1FA6F,U+1FA70-1FA7C,U+1FA80-1FA89,U+1FA8F-1FAC6,U+1FACE-1FADC,U+1FADF-1FAE9,U+1FAF0-1FAF8,U+1FB00-1FBFF;}@font-face{font-family:'Google Sans';font-style:normal;font-weight:400;src:url(//fonts.gstatic.com/s/googlesans/v62/4UaRrENHsxJlGDuGo1OIlJfC6l_24rlCK1Yo_Iq2qACIlsw.woff2)format('woff2');unicode-range:U+0964-0965,U+0B82-0BFA,U+200C-200D,U+20B9,U+25CC;}@font-face{font-family:'Google Sans';font-style:normal;font-weight:400;src:url(//fonts.gstatic.com/s/googlesans/v62/4UaRrENHsxJlGDuGo1OIlJfC6l_24rlCK1Yo_Iq2ogCIlsw.woff2)format('woff2');unicode-range:U+0951-0952,U+0964-0965,U+0C00-0C7F,U+1CDA,U+1CF2,U+200C-200D,U+25CC;}@font-face{font-family:'Google Sans';font-style:normal;font-weight:400;src:url(//fonts.gstatic.com/s/googlesans/v62/4UaRrENHsxJlGDuGo1OIlJfC6l_24rlCK1Yo_Iq2qgCIlsw.woff2)format('woff2');unicode-range:U+02D7,U+0303,U+0331,U+0E01-0E5B,U+200C-200D,U+25CC;}@font-face{font-family:'Google Sans';font-style:normal;font-weight:400;src:url(//fonts.gstatic.com/s/googlesans/v62/4UaRrENHsxJlGDuGo1OIlJfC6l_24rlCK1Yo_Iq2sQCIlsw.woff2)format('woff2');unicode-range:U+0102-0103,U+0110-0111,U+0128-0129,U+0168-0169,U+01A0-01A1,U+01AF-01B0,U+0300-0301,U+0303-0304,U+0308-0309,U+0323,U+0329,U+1EA0-1EF9,U+20AB;}@font-face{font-family:'Google Sans';font-style:normal;font-weight:400;src:url(//fonts.gstatic.com/s/googlesans/v62/4UaRrENHsxJlGDuGo1OIlJfC6l_24rlCK1Yo_Iq2sACIlsw.woff2)format('woff2');unicode-range:U+0100-02BA,U+02BD-02C5,U+02C7-02CC,U+02CE-02D7,U+02DD-02FF,U+0304,U+0308,U+0329,U+1D00-1DBF,U+1E00-1E9F,U+1EF2-1EFF,U+2020,U+20A0-20AB,U+20AD-20C0,U+2113,U+2C60-2C7F,U+A720-A7FF;}@font-face{font-family:'Google Sans';font-style:normal;font-weight:400;src:url(//fonts.gstatic.com/s/googlesans/v62/4UaRrENHsxJlGDuGo1OIlJfC6l_24rlCK1Yo_Iq2vgCI.woff2)format('woff2');unicode-range:U+0000-00FF,U+0131,U+0152-0153,U+02BB-02BC,U+02C6,U+02DA,U+02DC,U+0304,U+0308,U+0329,U+2000-206F,U+20AC,U+2122,U+2191,U+2193,U+2212,U+2215,U+FEFF,U+FFFD;}@font-face{font-family:'Google Sans';font-style:normal;font-weight:500;src:url(//fonts.gstatic.com/s/googlesans/v62/4UaRrENHsxJlGDuGo1OIlJfC6l_24rlCK1Yo_Iq2rgCIlsw.woff2)format('woff2');unicode-range:U+0308,U+0530-058F,U+2010,U+2024,U+25CC,U+FB13-FB17;}@font-face{font-family:'Google Sans';font-style:normal;font-weight:500;src:url(//fonts.gstatic.com/s/googlesans/v62/4UaRrENHsxJlGDuGo1OIlJfC6l_24rlCK1Yo_Iq2rACIlsw.woff2)format('woff2');unicode-range:U+0951-0952,U+0964-0965,U+0980-09FE,U+1CD0,U+1CD2,U+1CD5-1CD6,U+1CD8,U+1CE1,U+1CEA,U+1CED,U+1CF2,U+1CF5-1CF7,U+200C-200D,U+20B9,U+25CC,U+A8F1;}@font-face{font-family:'Google Sans';font-style:normal;font-weight:500;src:url(//fonts.gstatic.com/s/googlesans/v62/4UaRrENHsxJlGDuGo1OIlJfC6l_24rlCK1Yo_Iq2kQCIlsw.woff2)format('woff2');unicode-range:U+02C7,U+02D8-02D9,U+02DB,U+0307,U+1400-167F,U+18B0-18F5,U+25CC,U+11AB0-11ABF;}@font-face{font-family:'Google Sans';font-style:normal;font-weight:500;src:url(//fonts.gstatic.com/s/googlesans/v62/4UaRrENHsxJlGDuGo1OIlJfC6l_24rlCK1Yo_Iq2swCIlsw.woff2)format('woff2');unicode-range:U+0460-052F,U+1C80-1C8A,U+20B4,U+2DE0-2DFF,U+A640-A69F,U+FE2E-FE2F;}@font-face{font-family:'Google Sans';font-style:normal;font-weight:500;src:url(//fonts.gstatic.com/s/googlesans/v62/4UaRrENHsxJlGDuGo1OIlJfC6l_24rlCK1Yo_Iq2ugCIlsw.woff2)format('woff2');unicode-range:U+0301,U+0400-045F,U+0490-0491,U+04B0-04B1,U+2116;}@font-face{font-family:'Google Sans';font-style:normal;font-weight:500;src:url(//fonts.gstatic.com/s/googlesans/v62/4UaRrENHsxJlGDuGo1OIlJfC6l_24rlCK1Yo_Iq2vwCIlsw.woff2)format('woff2');unicode-range:U+0900-097F,U+1CD0-1CF9,U+200C-200D,U+20A8,U+20B9,U+20F0,U+25CC,U+A830-A839,U+A8E0-A8FF,U+11B00-11B09;}@font-face{font-family:'Google Sans';font-style:normal;font-weight:500;src:url(//fonts.gstatic.com/s/googlesans/v62/4UaRrENHsxJlGDuGo1OIlJfC6l_24rlCK1Yo_Iq2rwCIlsw.woff2)format('woff2');unicode-range:U+030E,U+1200-1399,U+2D80-2DDE,U+AB01-AB2E,U+1E7E0-1E7E6,U+1E7E8-1E7EB,U+1E7ED-1E7EE,U+1E7F0-1E7FE;}@font-face{font-family:'Google Sans';font-style:normal;font-weight:500;src:url(//fonts.gstatic.com/s/googlesans/v62/4UaRrENHsxJlGDuGo1OIlJfC6l_24rlCK1Yo_Iq2oQCIlsw.woff2)format('woff2');unicode-range:U+0589,U+10A0-10FF,U+1C90-1CBA,U+1CBD-1CBF,U+205A,U+2D00-2D2F,U+2E31;}@font-face{font-family:'Google Sans';font-style:normal;font-weight:500;src:url(//fonts.gstatic.com/s/googlesans/v62/4UaRrENHsxJlGDuGo1OIlJfC6l_24rlCK1Yo_Iq2sgCIlsw.woff2)format('woff2');unicode-range:U+1F00-1FFF;}@font-face{font-family:'Google Sans';font-style:normal;font-weight:500;src:url(//fonts.gstatic.com/s/googlesans/v62/4UaRrENHsxJlGDuGo1OIlJfC6l_24rlCK1Yo_Iq2vQCIlsw.woff2)format('woff2');unicode-range:U+0370-0377,U+037A-037F,U+0384-038A,U+038C,U+038E-03A1,U+03A3-03FF;}@font-face{font-family:'Google Sans';font-style:normal;font-weight:500;src:url(//fonts.gstatic.com/s/googlesans/v62/4UaRrENHsxJlGDuGo1OIlJfC6l_24rlCK1Yo_Iq2pQCIlsw.woff2)format('woff2');unicode-range:U+0951-0952,U+0964-0965,U+0A80-0AFF,U+200C-200D,U+20B9,U+25CC,U+A830-A839;}@font-face{font-family:'Google Sans';font-style:normal;font-weight:500;src:url(//fonts.gstatic.com/s/googlesans/v62/4UaRrENHsxJlGDuGo1OIlJfC6l_24rlCK1Yo_Iq2nQCIlsw.woff2)format('woff2');unicode-range:U+0951-0952,U+0964-0965,U+0A01-0A76,U+200C-200D,U+20B9,U+25CC,U+262C,U+A830-A839;}@font-face{font-family:'Google Sans';font-style:normal;font-weight:500;src:url(//fonts.gstatic.com/s/googlesans/v62/4UaRrENHsxJlGDuGo1OIlJfC6l_24rlCK1Yo_Iq2vACIlsw.woff2)format('woff2');unicode-range:U+0307-0308,U+0590-05FF,U+200C-2010,U+20AA,U+25CC,U+FB1D-FB4F;}@font-face{font-family:'Google Sans';font-style:normal;font-weight:500;src:url(//fonts.gstatic.com/s/googlesans/v62/4UaRrENHsxJlGDuGo1OIlJfC6l_24rlCK1Yo_Iq2tQCIlsw.woff2)format('woff2');unicode-range:U+1780-17FF,U+19E0-19FF,U+200C-200D,U+25CC;}@font-face{font-family:'Google Sans';font-style:normal;font-weight:500;src:url(//fonts.gstatic.com/s/googlesans/v62/4UaRrENHsxJlGDuGo1OIlJfC6l_24rlCK1Yo_Iq2twCIlsw.woff2)format('woff2');unicode-range:U+0E81-0EDF,U+200C-200D,U+25CC;}@font-face{font-family:'Google Sans';font-style:normal;font-weight:500;src:url(//fonts.gstatic.com/s/googlesans/v62/4UaRrENHsxJlGDuGo1OIlJfC6l_24rlCK1Yo_Iq2pgCIlsw.woff2)format('woff2');unicode-range:U+0307,U+0323,U+0951-0952,U+0964-0965,U+0D00-0D7F,U+1CDA,U+1CF2,U+200C-200D,U+20B9,U+25CC,U+A830-A832;}@font-face{font-family:'Google Sans';font-style:normal;font-weight:500;src:url(//fonts.gstatic.com/s/googlesans/v62/4UaRrENHsxJlGDuGo1OIlJfC6l_24rlCK1Yo_Iq2pwCIlsw.woff2)format('woff2');unicode-range:U+0951-0952,U+0964-0965,U+0B01-0B77,U+1CDA,U+1CF2,U+200C-200D,U+20B9,U+25CC;}@font-face{font-family:'Google Sans';font-style:normal;font-weight:500;src:url(//fonts.gstatic.com/s/googlesans/v62/4UaRrENHsxJlGDuGo1OIlJfC6l_24rlCK1Yo_Iq2owCIlsw.woff2)format('woff2');unicode-range:U+0964-0965,U+0D81-0DF4,U+1CF2,U+200C-200D,U+25CC,U+111E1-111F4;}@font-face{font-family:'Google Sans';font-style:normal;font-weight:500;src:url(//fonts.gstatic.com/s/googlesans/v62/4UaRrENHsxJlGDuGo1OIlJfC6l_24rlCK1Yo_Iq20ACIlsw.woff2)format('woff2');unicode-range:U+0001-000C,U+000E-001F,U+007F-009F,U+20DD-20E0,U+20E2-20E4,U+2150-218F,U+2190,U+2192,U+2194-2199,U+21AF,U+21E6-21F0,U+21F3,U+2218-2219,U+2299,U+22C4-22C6,U+2300-243F,U+2440-244A,U+2460-24FF,U+25A0-27BF,U+2800-28FF,U+2921-2922,U+2981,U+29BF,U+29EB,U+2B00-2BFF,U+4DC0-4DFF,U+FFF9-FFFB,U+10140-1018E,U+10190-1019C,U+101A0,U+101D0-101FD,U+102E0-102FB,U+10E60-10E7E,U+1D2C0-1D2D3,U+1D2E0-1D37F,U+1F000-1F0FF,U+1F100-1F1AD,U+1F1E6-1F1FF,U+1F30D-1F30F,U+1F315,U+1F31C,U+1F31E,U+1F320-1F32C,U+1F336,U+1F378,U+1F37D,U+1F382,U+1F393-1F39F,U+1F3A7-1F3A8,U+1F3AC-1F3AF,U+1F3C2,U+1F3C4-1F3C6,U+1F3CA-1F3CE,U+1F3D4-1F3E0,U+1F3ED,U+1F3F1-1F3F3,U+1F3F5-1F3F7,U+1F408,U+1F415,U+1F41F,U+1F426,U+1F43F,U+1F441-1F442,U+1F444,U+1F446-1F449,U+1F44C-1F44E,U+1F453,U+1F46A,U+1F47D,U+1F4A3,U+1F4B0,U+1F4B3,U+1F4B9,U+1F4BB,U+1F4BF,U+1F4C8-1F4CB,U+1F4D6,U+1F4DA,U+1F4DF,U+1F4E3-1F4E6,U+1F4EA-1F4ED,U+1F4F7,U+1F4F9-1F4FB,U+1F4FD-1F4FE,U+1F503,U+1F507-1F50B,U+1F50D,U+1F512-1F513,U+1F53E-1F54A,U+1F54F-1F5FA,U+1F610,U+1F650-1F67F,U+1F687,U+1F68D,U+1F691,U+1F694,U+1F698,U+1F6AD,U+1F6B2,U+1F6B9-1F6BA,U+1F6BC,U+1F6C6-1F6CF,U+1F6D3-1F6D7,U+1F6E0-1F6EA,U+1F6F0-1F6F3,U+1F6F7-1F6FC,U+1F700-1F7FF,U+1F800-1F80B,U+1F810-1F847,U+1F850-1F859,U+1F860-1F887,U+1F890-1F8AD,U+1F8B0-1F8BB,U+1F8C0-1F8C1,U+1F900-1F90B,U+1F93B,U+1F946,U+1F984,U+1F996,U+1F9E9,U+1FA00-1FA6F,U+1FA70-1FA7C,U+1FA80-1FA89,U+1FA8F-1FAC6,U+1FACE-1FADC,U+1FADF-1FAE9,U+1FAF0-1FAF8,U+1FB00-1FBFF;}@font-face{font-family:'Google Sans';font-style:normal;font-weight:500;src:url(//fonts.gstatic.com/s/googlesans/v62/4UaRrENHsxJlGDuGo1OIlJfC6l_24rlCK1Yo_Iq2qACIlsw.woff2)format('woff2');unicode-range:U+0964-0965,U+0B82-0BFA,U+200C-200D,U+20B9,U+25CC;}@font-face{font-family:'Google Sans';font-style:normal;font-weight:500;src:url(//fonts.gstatic.com/s/googlesans/v62/4UaRrENHsxJlGDuGo1OIlJfC6l_24rlCK1Yo_Iq2ogCIlsw.woff2)format('woff2');unicode-range:U+0951-0952,U+0964-0965,U+0C00-0C7F,U+1CDA,U+1CF2,U+200C-200D,U+25CC;}@font-face{font-family:'Google Sans';font-style:normal;font-weight:500;src:url(//fonts.gstatic.com/s/googlesans/v62/4UaRrENHsxJlGDuGo1OIlJfC6l_24rlCK1Yo_Iq2qgCIlsw.woff2)format('woff2');unicode-range:U+02D7,U+0303,U+0331,U+0E01-0E5B,U+200C-200D,U+25CC;}@font-face{font-family:'Google Sans';font-style:normal;font-weight:500;src:url(//fonts.gstatic.com/s/googlesans/v62/4UaRrENHsxJlGDuGo1OIlJfC6l_24rlCK1Yo_Iq2sQCIlsw.woff2)format('woff2');unicode-range:U+0102-0103,U+0110-0111,U+0128-0129,U+0168-0169,U+01A0-01A1,U+01AF-01B0,U+0300-0301,U+0303-0304,U+0308-0309,U+0323,U+0329,U+1EA0-1EF9,U+20AB;}@font-face{font-family:'Google Sans';font-style:normal;font-weight:500;src:url(//fonts.gstatic.com/s/googlesans/v62/4UaRrENHsxJlGDuGo1OIlJfC6l_24rlCK1Yo_Iq2sACIlsw.woff2)format('woff2');unicode-range:U+0100-02BA,U+02BD-02C5,U+02C7-02CC,U+02CE-02D7,U+02DD-02FF,U+0304,U+0308,U+0329,U+1D00-1DBF,U+1E00-1E9F,U+1EF2-1EFF,U+2020,U+20A0-20AB,U+20AD-20C0,U+2113,U+2C60-2C7F,U+A720-A7FF;}@font-face{font-family:'Google Sans';font-style:normal;font-weight:500;src:url(//fonts.gstatic.com/s/googlesans/v62/4UaRrENHsxJlGDuGo1OIlJfC6l_24rlCK1Yo_Iq2vgCI.woff2)format('woff2');unicode-range:U+0000-00FF,U+0131,U+0152-0153,U+02BB-02BC,U+02C6,U+02DA,U+02DC,U+0304,U+0308,U+0329,U+2000-206F,U+20AC,U+2122,U+2191,U+2193,U+2212,U+2215,U+FEFF,U+FFFD;}@font-face{font-family:'Google Sans';font-style:normal;font-weight:700;src:url(//fonts.gstatic.com/s/googlesans/v62/4UaRrENHsxJlGDuGo1OIlJfC6l_24rlCK1Yo_Iq2rgCIlsw.woff2)format('woff2');unicode-range:U+0308,U+0530-058F,U+2010,U+2024,U+25CC,U+FB13-FB17;}@font-face{font-family:'Google Sans';font-style:normal;font-weight:700;src:url(//fonts.gstatic.com/s/googlesans/v62/4UaRrENHsxJlGDuGo1OIlJfC6l_24rlCK1Yo_Iq2rACIlsw.woff2)format('woff2');unicode-range:U+0951-0952,U+0964-0965,U+0980-09FE,U+1CD0,U+1CD2,U+1CD5-1CD6,U+1CD8,U+1CE1,U+1CEA,U+1CED,U+1CF2,U+1CF5-1CF7,U+200C-200D,U+20B9,U+25CC,U+A8F1;}@font-face{font-family:'Google Sans';font-style:normal;font-weight:700;src:url(//fonts.gstatic.com/s/googlesans/v62/4UaRrENHsxJlGDuGo1OIlJfC6l_24rlCK1Yo_Iq2kQCIlsw.woff2)format('woff2');unicode-range:U+02C7,U+02D8-02D9,U+02DB,U+0307,U+1400-167F,U+18B0-18F5,U+25CC,U+11AB0-11ABF;}@font-face{font-family:'Google Sans';font-style:normal;font-weight:700;src:url(//fonts.gstatic.com/s/googlesans/v62/4UaRrENHsxJlGDuGo1OIlJfC6l_24rlCK1Yo_Iq2swCIlsw.woff2)format('woff2');unicode-range:U+0460-052F,U+1C80-1C8A,U+20B4,U+2DE0-2DFF,U+A640-A69F,U+FE2E-FE2F;}@font-face{font-family:'Google Sans';font-style:normal;font-weight:700;src:url(//fonts.gstatic.com/s/googlesans/v62/4UaRrENHsxJlGDuGo1OIlJfC6l_24rlCK1Yo_Iq2ugCIlsw.woff2)format('woff2');unicode-range:U+0301,U+0400-045F,U+0490-0491,U+04B0-04B1,U+2116;}@font-face{font-family:'Google Sans';font-style:normal;font-weight:700;src:url(//fonts.gstatic.com/s/googlesans/v62/4UaRrENHsxJlGDuGo1OIlJfC6l_24rlCK1Yo_Iq2vwCIlsw.woff2)format('woff2');unicode-range:U+0900-097F,U+1CD0-1CF9,U+200C-200D,U+20A8,U+20B9,U+20F0,U+25CC,U+A830-A839,U+A8E0-A8FF,U+11B00-11B09;}@font-face{font-family:'Google Sans';font-style:normal;font-weight:700;src:url(//fonts.gstatic.com/s/googlesans/v62/4UaRrENHsxJlGDuGo1OIlJfC6l_24rlCK1Yo_Iq2rwCIlsw.woff2)format('woff2');unicode-range:U+030E,U+1200-1399,U+2D80-2DDE,U+AB01-AB2E,U+1E7E0-1E7E6,U+1E7E8-1E7EB,U+1E7ED-1E7EE,U+1E7F0-1E7FE;}@font-face{font-family:'Google Sans';font-style:normal;font-weight:700;src:url(//fonts.gstatic.com/s/googlesans/v62/4UaRrENHsxJlGDuGo1OIlJfC6l_24rlCK1Yo_Iq2oQCIlsw.woff2)format('woff2');unicode-range:U+0589,U+10A0-10FF,U+1C90-1CBA,U+1CBD-1CBF,U+205A,U+2D00-2D2F,U+2E31;}@font-face{font-family:'Google Sans';font-style:normal;font-weight:700;src:url(//fonts.gstatic.com/s/googlesans/v62/4UaRrENHsxJlGDuGo1OIlJfC6l_24rlCK1Yo_Iq2sgCIlsw.woff2)format('woff2');unicode-range:U+1F00-1FFF;}@font-face{font-family:'Google Sans';font-style:normal;font-weight:700;src:url(//fonts.gstatic.com/s/googlesans/v62/4UaRrENHsxJlGDuGo1OIlJfC6l_24rlCK1Yo_Iq2vQCIlsw.woff2)format('woff2');unicode-range:U+0370-0377,U+037A-037F,U+0384-038A,U+038C,U+038E-03A1,U+03A3-03FF;}@font-face{font-family:'Google Sans';font-style:normal;font-weight:700;src:url(//fonts.gstatic.com/s/googlesans/v62/4UaRrENHsxJlGDuGo1OIlJfC6l_24rlCK1Yo_Iq2pQCIlsw.woff2)format('woff2');unicode-range:U+0951-0952,U+0964-0965,U+0A80-0AFF,U+200C-200D,U+20B9,U+25CC,U+A830-A839;}@font-face{font-family:'Google Sans';font-style:normal;font-weight:700;src:url(//fonts.gstatic.com/s/googlesans/v62/4UaRrENHsxJlGDuGo1OIlJfC6l_24rlCK1Yo_Iq2nQCIlsw.woff2)format('woff2');unicode-range:U+0951-0952,U+0964-0965,U+0A01-0A76,U+200C-200D,U+20B9,U+25CC,U+262C,U+A830-A839;}@font-face{font-family:'Google Sans';font-style:normal;font-weight:700;src:url(//fonts.gstatic.com/s/googlesans/v62/4UaRrENHsxJlGDuGo1OIlJfC6l_24rlCK1Yo_Iq2vACIlsw.woff2)format('woff2');unicode-range:U+0307-0308,U+0590-05FF,U+200C-2010,U+20AA,U+25CC,U+FB1D-FB4F;}@font-face{font-family:'Google Sans';font-style:normal;font-weight:700;src:url(//fonts.gstatic.com/s/googlesans/v62/4UaRrENHsxJlGDuGo1OIlJfC6l_24rlCK1Yo_Iq2tQCIlsw.woff2)format('woff2');unicode-range:U+1780-17FF,U+19E0-19FF,U+200C-200D,U+25CC;}@font-face{font-family:'Google Sans';font-style:normal;font-weight:700;src:url(//fonts.gstatic.com/s/googlesans/v62/4UaRrENHsxJlGDuGo1OIlJfC6l_24rlCK1Yo_Iq2twCIlsw.woff2)format('woff2');unicode-range:U+0E81-0EDF,U+200C-200D,U+25CC;}@font-face{font-family:'Google Sans';font-style:normal;font-weight:700;src:url(//fonts.gstatic.com/s/googlesans/v62/4UaRrENHsxJlGDuGo1OIlJfC6l_24rlCK1Yo_Iq2pgCIlsw.woff2)format('woff2');unicode-range:U+0307,U+0323,U+0951-0952,U+0964-0965,U+0D00-0D7F,U+1CDA,U+1CF2,U+200C-200D,U+20B9,U+25CC,U+A830-A832;}@font-face{font-family:'Google Sans';font-style:normal;font-weight:700;src:url(//fonts.gstatic.com/s/googlesans/v62/4UaRrENHsxJlGDuGo1OIlJfC6l_24rlCK1Yo_Iq2pwCIlsw.woff2)format('woff2');unicode-range:U+0951-0952,U+0964-0965,U+0B01-0B77,U+1CDA,U+1CF2,U+200C-200D,U+20B9,U+25CC;}@font-face{font-family:'Google Sans';font-style:normal;font-weight:700;src:url(//fonts.gstatic.com/s/googlesans/v62/4UaRrENHsxJlGDuGo1OIlJfC6l_24rlCK1Yo_Iq2owCIlsw.woff2)format('woff2');unicode-range:U+0964-0965,U+0D81-0DF4,U+1CF2,U+200C-200D,U+25CC,U+111E1-111F4;}@font-face{font-family:'Google Sans';font-style:normal;font-weight:700;src:url(//fonts.gstatic.com/s/googlesans/v62/4UaRrENHsxJlGDuGo1OIlJfC6l_24rlCK1Yo_Iq20ACIlsw.woff2)format('woff2');unicode-range:U+0001-000C,U+000E-001F,U+007F-009F,U+20DD-20E0,U+20E2-20E4,U+2150-218F,U+2190,U+2192,U+2194-2199,U+21AF,U+21E6-21F0,U+21F3,U+2218-2219,U+2299,U+22C4-22C6,U+2300-243F,U+2440-244A,U+2460-24FF,U+25A0-27BF,U+2800-28FF,U+2921-2922,U+2981,U+29BF,U+29EB,U+2B00-2BFF,U+4DC0-4DFF,U+FFF9-FFFB,U+10140-1018E,U+10190-1019C,U+101A0,U+101D0-101FD,U+102E0-102FB,U+10E60-10E7E,U+1D2C0-1D2D3,U+1D2E0-1D37F,U+1F000-1F0FF,U+1F100-1F1AD,U+1F1E6-1F1FF,U+1F30D-1F30F,U+1F315,U+1F31C,U+1F31E,U+1F320-1F32C,U+1F336,U+1F378,U+1F37D,U+1F382,U+1F393-1F39F,U+1F3A7-1F3A8,U+1F3AC-1F3AF,U+1F3C2,U+1F3C4-1F3C6,U+1F3CA-1F3CE,U+1F3D4-1F3E0,U+1F3ED,U+1F3F1-1F3F3,U+1F3F5-1F3F7,U+1F408,U+1F415,U+1F41F,U+1F426,U+1F43F,U+1F441-1F442,U+1F444,U+1F446-1F449,U+1F44C-1F44E,U+1F453,U+1F46A,U+1F47D,U+1F4A3,U+1F4B0,U+1F4B3,U+1F4B9,U+1F4BB,U+1F4BF,U+1F4C8-1F4CB,U+1F4D6,U+1F4DA,U+1F4DF,U+1F4E3-1F4E6,U+1F4EA-1F4ED,U+1F4F7,U+1F4F9-1F4FB,U+1F4FD-1F4FE,U+1F503,U+1F507-1F50B,U+1F50D,U+1F512-1F513,U+1F53E-1F54A,U+1F54F-1F5FA,U+1F610,U+1F650-1F67F,U+1F687,U+1F68D,U+1F691,U+1F694,U+1F698,U+1F6AD,U+1F6B2,U+1F6B9-1F6BA,U+1F6BC,U+1F6C6-1F6CF,U+1F6D3-1F6D7,U+1F6E0-1F6EA,U+1F6F0-1F6F3,U+1F6F7-1F6FC,U+1F700-1F7FF,U+1F800-1F80B,U+1F810-1F847,U+1F850-1F859,U+1F860-1F887,U+1F890-1F8AD,U+1F8B0-1F8BB,U+1F8C0-1F8C1,U+1F900-1F90B,U+1F93B,U+1F946,U+1F984,U+1F996,U+1F9E9,U+1FA00-1FA6F,U+1FA70-1FA7C,U+1FA80-1FA89,U+1FA8F-1FAC6,U+1FACE-1FADC,U+1FADF-1FAE9,U+1FAF0-1FAF8,U+1FB00-1FBFF;}@font-face{font-family:'Google Sans';font-style:normal;font-weight:700;src:url(//fonts.gstatic.com/s/googlesans/v62/4UaRrENHsxJlGDuGo1OIlJfC6l_24rlCK1Yo_Iq2qACIlsw.woff2)format('woff2');unicode-range:U+0964-0965,U+0B82-0BFA,U+200C-200D,U+20B9,U+25CC;}@font-face{font-family:'Google Sans';font-style:normal;font-weight:700;src:url(//fonts.gstatic.com/s/googlesans/v62/4UaRrENHsxJlGDuGo1OIlJfC6l_24rlCK1Yo_Iq2ogCIlsw.woff2)format('woff2');unicode-range:U+0951-0952,U+0964-0965,U+0C00-0C7F,U+1CDA,U+1CF2,U+200C-200D,U+25CC;}@font-face{font-family:'Google Sans';font-style:normal;font-weight:700;src:url(//fonts.gstatic.com/s/googlesans/v62/4UaRrENHsxJlGDuGo1OIlJfC6l_24rlCK1Yo_Iq2qgCIlsw.woff2)format('woff2');unicode-range:U+02D7,U+0303,U+0331,U+0E01-0E5B,U+200C-200D,U+25CC;}@font-face{font-family:'Google Sans';font-style:normal;font-weight:700;src:url(//fonts.gstatic.com/s/googlesans/v62/4UaRrENHsxJlGDuGo1OIlJfC6l_24rlCK1Yo_Iq2sQCIlsw.woff2)format('woff2');unicode-range:U+0102-0103,U+0110-0111,U+0128-0129,U+0168-0169,U+01A0-01A1,U+01AF-01B0,U+0300-0301,U+0303-0304,U+0308-0309,U+0323,U+0329,U+1EA0-1EF9,U+20AB;}@font-face{font-family:'Google Sans';font-style:normal;font-weight:700;src:url(//fonts.gstatic.com/s/googlesans/v62/4UaRrENHsxJlGDuGo1OIlJfC6l_24rlCK1Yo_Iq2sACIlsw.woff2)format('woff2');unicode-range:U+0100-02BA,U+02BD-02C5,U+02C7-02CC,U+02CE-02D7,U+02DD-02FF,U+0304,U+0308,U+0329,U+1D00-1DBF,U+1E00-1E9F,U+1EF2-1EFF,U+2020,U+20A0-20AB,U+20AD-20C0,U+2113,U+2C60-2C7F,U+A720-A7FF;}@font-face{font-family:'Google Sans';font-style:normal;font-weight:700;src:url(//fonts.gstatic.com/s/googlesans/v62/4UaRrENHsxJlGDuGo1OIlJfC6l_24rlCK1Yo_Iq2vgCI.woff2)format('woff2');unicode-range:U+0000-00FF,U+0131,U+0152-0153,U+02BB-02BC,U+02C6,U+02DA,U+02DC,U+0304,U+0308,U+0329,U+2000-206F,U+20AC,U+2122,U+2191,U+2193,U+2212,U+2215,U+FEFF,U+FFFD;}</style><style nonce="">@media (prefers-color-scheme: dark) {:root {--gm3-sys-color-background: rgb(0 0 0 / 1);--gm3-sys-color-error: rgb(242 184 181 / 1);--gm3-sys-color-error-container: rgb(140 29 24 / 1);--gm3-sys-color-inverse-on-surface: rgb(48 48 48 / 1);--gm3-sys-color-inverse-primary: rgb(11 87 208 / 1);--gm3-sys-color-inverse-surface: rgb(227 227 227 / 1);--gm3-sys-color-on-background: rgb(227 227 227 / 1);--gm3-sys-color-on-error: rgb(96 20 16 / 1);--gm3-sys-color-on-error-container: rgb(249 222 220 / 1);--gm3-sys-color-on-primary: rgb(6 46 111 / 1);--gm3-sys-color-on-primary-container: rgb(211 227 253 / 1);--gm3-sys-color-on-secondary: rgb(0 51 85 / 1);--gm3-sys-color-on-secondary-container: rgb(194 231 255 / 1);--gm3-sys-color-on-surface: rgb(227 227 227 / 1);--gm3-sys-color-on-surface-variant: rgb(196 199 197 / 1);--gm3-sys-color-on-tertiary: rgb(10 56 24 / 1);--gm3-sys-color-on-tertiary-container: rgb(196 238 208 / 1);--gm3-sys-color-outline: rgb(142 145 143 / 1);--gm3-sys-color-outline-variant: rgb(68 71 70 / 1);--gm3-sys-color-primary: rgb(168 199 250 / 1);--gm3-sys-color-primary-container: rgb(8 66 160 / 1);--gm3-sys-color-scrim: rgb(0 0 0 / 1);--gm3-sys-color-secondary: rgb(127 207 255 / 1);--gm3-sys-color-secondary-container: rgb(0 74 119 / 1);--gm3-sys-color-shadow: rgb(0 0 0 / 1);--gm3-sys-color-surface: rgb(19 19 20 / 1);--gm3-sys-color-surface-bright: rgb(55 57 59 / 1);--gm3-sys-color-surface-container: rgb(30 31 32 / 1);--gm3-sys-color-surface-container-high: rgb(40 42 44 / 1);--gm3-sys-color-surface-container-highest: rgb(51 53 55 / 1);--gm3-sys-color-surface-container-low: rgb(27 27 27 / 1);--gm3-sys-color-surface-container-lowest: rgb(14 14 14 / 1);--gm3-sys-color-surface-dim: rgb(19 19 20 / 1);--gm3-sys-color-surface-variant: rgb(68 71 70 / 1);--gm3-sys-color-tertiary: rgb(109 213 140 / 1);--gm3-sys-color-tertiary-container: rgb(15 82 35 / 1);}}@media (prefers-color-scheme: light) {:root {--gm3-sys-color-background: rgb(255 255 255 / 1);--gm3-sys-color-error: rgb(179 38 30 / 1);--gm3-sys-color-error-container: rgb(249 222 220 / 1);--gm3-sys-color-inverse-on-surface: rgb(242 242 242 / 1);--gm3-sys-color-inverse-primary: rgb(168 199 250 / 1);--gm3-sys-color-inverse-surface: rgb(48 48 48 / 1);--gm3-sys-color-on-background: rgb(31 31 31 / 1);--gm3-sys-color-on-error: rgb(255 255 255 / 1);--gm3-sys-color-on-error-container: rgb(140 29 24 / 1);--gm3-sys-color-on-primary: rgb(255 255 255 / 1);--gm3-sys-color-on-primary-container: rgb(8 66 160 / 1);--gm3-sys-color-on-secondary: rgb(255 255 255 / 1);--gm3-sys-color-on-secondary-container: rgb(0 74 119 / 1);--gm3-sys-color-on-surface: rgb(31 31 31 / 1);--gm3-sys-color-on-surface-variant: rgb(68 71 70 / 1);--gm3-sys-color-on-tertiary: rgb(255 255 255 / 1);--gm3-sys-color-on-tertiary-container: rgb(15 82 35 / 1);--gm3-sys-color-outline: rgb(116 119 117 / 1);--gm3-sys-color-outline-variant: rgb(196 199 197 / 1);--gm3-sys-color-primary: rgb(11 87 208 / 1);--gm3-sys-color-primary-container: rgb(211 227 253 / 1);--gm3-sys-color-scrim: rgb(0 0 0 / 1);--gm3-sys-color-secondary: rgb(0 99 155 / 1);--gm3-sys-color-secondary-container: rgb(194 231 255 / 1);--gm3-sys-color-shadow: rgb(0 0 0 / 1);--gm3-sys-color-surface: rgb(255 255 255 / 1);--gm3-sys-color-surface-bright: rgb(255 255 255 / 1);--gm3-sys-color-surface-container: rgb(240 244 249 / 1);--gm3-sys-color-surface-container-high: rgb(233 238 246 / 1);--gm3-sys-color-surface-container-highest: rgb(221 227 234 / 1);--gm3-sys-color-surface-container-low: rgb(248 250 253 / 1);--gm3-sys-color-surface-container-lowest: rgb(255 255 255 / 1);--gm3-sys-color-surface-dim: rgb(211 219 229 / 1);--gm3-sys-color-surface-variant: rgb(225 227 225 / 1);--gm3-sys-color-tertiary: rgb(20 108 46 / 1);--gm3-sys-color-tertiary-container: rgb(196 238 208 / 1);}}</style><meta name="description" content="Gmail is email that’s intuitive, efficient, and useful. 15 GB of storage, less spam, and mobile access."><noscript><meta http-equiv="refresh" content="0; url=/v3/signin/rejected?continue=https://mail.google.com/mail/u/0/&amp;dsh=S-184432039:1752988129653766&amp;emr=1&amp;flowEntry=ServiceLogin&amp;flowName=GlifWebSignIn&amp;followup=https://mail.google.com/mail/u/0/&amp;ifkv=AdBytiP2q_A_IC5hsfqxZsx-BDefCrtaIEPTmloHoip4MCPrpwXaFFyKynm7RzGxpnwXjSvRqmcYcg&amp;osid=1&amp;rhlk=js&amp;rrk=47&amp;service=mail"><style nonce="VOZXY6PJL-tYw9lxoMhgzg">body{opacity:0;}</style></noscript><title>Gmail</title><script nonce="">var AF_initDataKeys = ["ds:0","ds:1","ds:2","ds:3","ds:4","ds:5"]; var AF_dataServiceRequests = {'ds:0' : {id:'c4Xk6e',request:[]},'ds:1' : {id:'YHnTgc',request:[]},'ds:2' : {id:'dfbcSc',request:[0,null,null,null,null,null,0,null,null,0,"mail",null,null,null,"S-184432039:1752988129653766",[null,null,"S-184432039:1752988129653766","ServiceLogin","https://mail.google.com/mail/u/0/","mail",[["continue","https://mail.google.com/mail/u/0/"],["emr","1"],["followup","https://mail.google.com/mail/u/0/"],["ifkv","AdBytiP2q_A_IC5hsfqxZsx-BDefCrtaIEPTmloHoip4MCPrpwXaFFyKynm7RzGxpnwXjSvRqmcYcg"],["osid","1"],["passive","1209600"],["service","mail"],["flowName","GlifWebSignIn"],["flowEntry","ServiceLogin"],["dsh","S-184432039:1752988129653766"]],null,null,null,null,null,null,null,null,null,null,null,null,null,null,null,null,null,null,null,null,null,[],null,null,null,null,null,null,[],null,null,null,null,null,null,null,null,null,null,[],null,null,null,null,null,[]]]},'ds:3' : {id:'zKAP2e',request:["identity-signin-identifier"]},'ds:4' : {id:'RzSO2e',request:[]},'ds:5' : {id:'ppqRdf',request:["https://accounts.google.com"]}}; var AF_initDataChunkQueue = []; var AF_initDataCallback; var AF_initDataInitializeCallback; if (AF_initDataInitializeCallback) {AF_initDataInitializeCallback(AF_initDataKeys, AF_initDataChunkQueue, AF_dataServiceRequests);}if (!AF_initDataCallback) {AF_initDataCallback = function(chunk) {AF_initDataChunkQueue.push(chunk);};}</script><style nonce="" type="text/css" data-late-css="">/*# sourceMappingURL=viewport.css.map *//*# sourceMappingURL=focus.css.map */.r4WGQb{position:relative}.Dl08I>:first-child{margin-top:0}.Dl08I>:last-child{margin-bottom:0}.IzwVE{color:#1f1f1f;color:var(--gm3-sys-color-on-surface,#1f1f1f);font-family:"Google Sans",roboto,"Noto Sans Myanmar UI",arial,sans-serif;font-size:1.25rem;font-weight:400;letter-spacing:0rem;line-height:1.2}.l5PPKe{color:#1f1f1f;color:var(--gm3-sys-color-on-surface,#1f1f1f);font-size:1rem}.l5PPKe .dMNVAe{margin:0;padding:0}.l5PPKe>:first-child{margin-top:0;padding-top:0}.l5PPKe>:last-child{margin-bottom:0;padding-bottom:0}.Dl08I{margin:0;padding:0;position:relative}.Dl08I>.SmR8:only-child{padding-top:1px}.Dl08I>.SmR8:only-child::before{top:0}.Dl08I>.SmR8:not(first-child){padding-bottom:1px}.Dl08I>.SmR8::after{bottom:0}.Dl08I>.SmR8:only-child::before,.Dl08I>.SmR8::after{border-bottom:1px solid #c4c7c5;border-bottom:1px solid var(--gm3-sys-color-outline-variant,#c4c7c5);content:"";height:0;left:0;position:absolute;width:100%}.aZvCDf{margin-top:8px;margin-left:25px;padding-left:15px}.aZvCDf.SmR8,.aZvCDf.W7Aapd,.aZvCDf.cd29Sd,.aZvCDf.riGH9{list-style:none;margin:0;padding:0;position:relative}.VV3oRb{display:flex;padding-bottom:8px;padding-top:8px}.Dl08I>.SmR8 .VV3oRb{padding-bottom:15px;padding-top:15px}.VV3oRb.SmR8{cursor:pointer}.VV3oRb.RDPZE{cursor:default;opacity:.5;outline:0;pointer-events:none}.VV3oRb[role=button],.VV3oRb[role=link]{border-radius:16px;cursor:pointer;margin-left:-16px;margin-right:-16px;padding-left:16px;padding-right:16px;transition:background .2s}.VV3oRb:focus{outline:0}.VV3oRb[role=button]:focus,.VV3oRb[role=link]:focus{background-color:#f0f4f9;background-color:var(--gm3-sys-color-surface-container,#f0f4f9)}@media (hover){.VV3oRb[role=button]:hover,.VV3oRb[role=link]:hover{background-color:#f0f4f9;background-color:var(--gm3-sys-color-surface-container,#f0f4f9)}}.Z1r7P{color:var(--gm3-sys-color-on-surface-variant,#444746);flex-shrink:0;height:24px;margin:0px 0 0;overflow:hidden;width:24px}.Z1r7P .Qk3oof,.Z1r7P .uHLU0{height:100%;width:100%}.aZvCDf.SmR8 .Z1r7P{color:#0b57d0;color:var(--gm3-sys-color-primary,#0b57d0)}.aZvCDf.cd29Sd .l5PPKe{margin:0 0 0 16px}.aZvCDf.cd29Sd .l5PPKe,.aZvCDf.riGH9 .l5PPKe{flex-grow:1}.rWkENc{color:var(--gm3-sys-color-primary,#0b57d0);display:flex;justify-content:center;height:24px;width:24px}.C79rpc{color:var(--gm3-sys-color-on-surface-variant,#444746);font-size:0.875rem;line-height:1.4285714286;padding-top:3px}.C79rpc>:first-child{margin-top:0;padding-top:0}.C79rpc>:last-child{margin-bottom:0;padding-bottom:0}.Mh0NNb{background-color:#323232;bottom:0;box-sizing:border-box;box-shadow:0px 6px 10px 0px rgba(0,0,0,.14),0px 1px 18px 0px rgba(0,0,0,.12),0px 3px 5px -1px rgba(0,0,0,.2);color:#fff;display:flex;-webkit-box-orient:vertical;-webkit-box-direction:normal;flex-direction:column;font-size:14px;left:0;min-height:48px;position:fixed;right:0;transform:translate(0,100%);visibility:hidden;z-index:99999}.M6tHv{-webkit-box-align:center;box-align:center;align-items:center;align-content:center;display:flex;-webkit-box-orient:horizontal;-webkit-box-direction:normal;flex-direction:row;min-height:inherit;padding:0}.aGJE1b{box-flex:1;flex-grow:1;flex-shrink:1;line-height:normal;overflow:hidden;padding:14px 24px;text-overflow:ellipsis;word-break:break-word}.x95qze{align-self:center;color:#eeff41;box-flex:0;flex-grow:0;flex-shrink:0;float:right;text-transform:uppercase;font-weight:500;display:inline-block;cursor:pointer;outline:none;padding:14px 24px}.KYZn9b{background-color:#4285f4}.misTTe{transform:translate(0,0)}@media screen and (min-width:481px){.Mh0NNb{min-width:288px;max-width:568px;border-radius:2px}.Mp2Z0b{left:24px;margin-right:24px;right:auto}.VcC8Fc{left:50%;right:auto;transform:translate(-50%,100%)}.Mp2Z0b.misTTe{bottom:24px}.VcC8Fc.misTTe{bottom:0;transform:translate(-50%,0)}.M6tHv{padding:0}.aGJE1b{padding-right:24px}}@media screen and (max-width:480px){.xbgI6e .aGJE1b,.xbgI6e .x95qze{padding-bottom:24px;padding-top:24px}}@media screen and (min-width:481px) and (max-width:568px){.Mh0NNb{max-width:90%}}@media screen and (min-width:569px){.Mh0NNb{max-width:568px}}.Rn6Med{border-bottom-style:solid;border-bottom-width:1px;display:flex;padding:16px 0;width:100%;z-index:6;background:#f8fafd;background:var(--gm3-sys-color-surface-container-low,#f8fafd);border-color:#c4c7c5;border-color:var(--gm3-sys-color-outline-variant,#c4c7c5);position:relative}.Rn6Med~.S7xv8,.Rn6Med~.gfM9Zd{padding-top:inherit}@media (min-width:600px){.Rn6Med{align-items:center;left:0;position:fixed;top:0}.Rn6Med~.S7xv8,.Rn6Med~.gfM9Zd{padding-top:150px}}@media (min-width:600px) and (orientation:landscape){.Rn6Med{position:relative}.Rn6Med~.S7xv8,.Rn6Med~.gfM9Zd{padding-top:inherit}}@media (min-width:960px) and (orientation:landscape){.Rn6Med{align-items:center;left:0;position:fixed;top:0}.Rn6Med~.S7xv8,.Rn6Med~.gfM9Zd{padding-top:150px}}.lAHeud{display:flex;width:100%}.mBlXGb{flex-grow:1;margin-right:12px}.KVf3af{font-family:"Google Sans",roboto,"Noto Sans Myanmar UI",arial,sans-serif;font-size:0.875rem;font-weight:500;letter-spacing:0rem;line-height:1.4285714286;margin-bottom:0;margin-top:0;color:#1f1f1f;color:var(--gm3-sys-color-on-surface,#1f1f1f)}.BqzlVc{font-family:"Google Sans",roboto,"Noto Sans Myanmar UI",arial,sans-serif;font-size:0.875rem;font-weight:400;letter-spacing:0rem;line-height:1.4285714286;margin-bottom:0;margin-top:0;color:#1f1f1f;color:var(--gm3-sys-color-on-surface,#1f1f1f)}.ukMMe{margin:0 16px;height:40px;width:40px}.GdahYd{align-items:center;display:flex;margin-right:8px}.Ltxnyf{align-self:flex-end;display:flex;box-sizing:content-box;margin:-6px 0}@media (min-width:600px){.Ltxnyf{align-self:center}}sentinel{}</style><meta http-equiv="origin-trial" content="ArWAq4P0+5X5Sk48d/4UgEnwVrDjz1E55/lEqY0L6R+vKCBB/0yLuxi2AmwVKfV1CnJ1N00PzLRnJ1JFrgNo6Q0AAAB0eyJvcmlnaW4iOiJodHRwczovL2dvb2dsZS5jb206NDQzIiwiZmVhdHVyZSI6IldlYklkZW50aXR5RGlnaXRhbENyZWRlbnRpYWxzIiwiZXhwaXJ5IjoxNzYwNDAwMDAwLCJpc1N1YmRvbWFpbiI6dHJ1ZX0="></head><body jscontroller="LDQI" jsaction="rcuQ6b:npT2md; click:FAbpgf; auxclick:FAbpgf;SlnBXb:.CLIENT;cbwpef:.CLIENT;wINJic:.CLIENT;GvneHb:.CLIENT;qako4e:.CLIENT;TSpWaf:.CLIENT;nHjqDd:.CLIENT;LhiQec:.CLIENT;m2qNHd:.CLIENT;asggkf:.CLIENT;clwp8d:.CLIENT;keydown:.CLIENT" class="jR8x9d nyoS7c UzCXuf EIlDfe"><div class="S7xv8 LZgQXe"><div class="TcuCfd NQ5OL " jsname="rZHESd" jscontroller="K1ZKnb" jsaction="rcuQ6b:npT2md;SlnBXb:r0xNSb;cbwpef:Yd2OHe;iFFCZc:nnGvjf;Rld2oe:oUMEzf;FzgWvd:oUMEzf;rURRne:pSGWxb;" tabindex="null"><div jscontroller="ziZ8Mc" jsaction="rcuQ6b:npT2md" jsname="P1ekSe" class="Ih3FE" aria-hidden="true"><div jscontroller="ltDFwf" jsaction="transitionend:Zdx3Re" jsname="P1ekSe" role="progressbar" class="sZwd7c B6Vhqe qdulke jK7moc"><div class="xcNBHc um3FLe"></div><div jsname="cQwEuf" class="w2zcLc Iq5ZMc"></div><div class="MyvhI TKVRUb" jsname="P1ekSe"><span class="l3q5xe SQxu9c"></span></div><div class="MyvhI sUoeld"><span class="l3q5xe SQxu9c"></span></div></div></div><div class="fAlnEc" id="yDmH0d" jsaction="ZqRew:.CLIENT"><c-wiz jsrenderer="chA7fe" class="A77ntc" data-view-id="hm18Ec" data-locale="en_US" data-allow-sign-up-types="true" jsshadow="" jsdata="deferred-i6" data-p="%.@.false,null,null,null,null,null,null,null,null,null,null,null,null,null,null,null,null,null,false,null,null,false,null,&quot;mail&quot;,null,null,null,&quot;S-184432039:1752988129653766&quot;,null,&quot;https://accounts.google.com&quot;,null,null,null,[[null,&quot;mail&quot;,null,null,&quot;https://mail.google.com/mail/u/0/&quot;],[null,null,&quot;S-184432039:1752988129653766&quot;,&quot;ServiceLogin&quot;,&quot;https://mail.google.com/mail/u/0/&quot;,&quot;mail&quot;,[[&quot;continue&quot;,&quot;https://mail.google.com/mail/u/0/&quot;],[&quot;emr&quot;,&quot;1&quot;],[&quot;followup&quot;,&quot;https://mail.google.com/mail/u/0/&quot;],[&quot;ifkv&quot;,&quot;AdBytiP2q_A_IC5hsfqxZsx-BDefCrtaIEPTmloHoip4MCPrpwXaFFyKynm7RzGxpnwXjSvRqmcYcg&quot;],[&quot;osid&quot;,&quot;1&quot;],[&quot;passive&quot;,&quot;1209600&quot;],[&quot;service&quot;,&quot;mail&quot;],[&quot;flowName&quot;,&quot;GlifWebSignIn&quot;],[&quot;flowEntry&quot;,&quot;ServiceLogin&quot;],[&quot;dsh&quot;,&quot;S-184432039:1752988129653766&quot;]],null,null,null,null,null,null,null,null,null,null,null,null,null,null,null,null,null,null,null,null,null,[],null,null,null,null,null,null,[],null,null,null,null,null,null,null,null,null,null,[],null,null,null,null,null,[]],null,null,null,[null,null,null,null,null,[null,[[&quot;continue&quot;,[&quot;https://mail.google.com/mail/u/0/&quot;]],[&quot;emr&quot;,[&quot;1&quot;]],[&quot;followup&quot;,[&quot;https://mail.google.com/mail/u/0/&quot;]],[&quot;ifkv&quot;,[&quot;AdBytiP2q_A_IC5hsfqxZsx-BDefCrtaIEPTmloHoip4MCPrpwXaFFyKynm7RzGxpnwXjSvRqmcYcg&quot;]],[&quot;osid&quot;,[&quot;1&quot;]],[&quot;passive&quot;,[&quot;1209600&quot;]],[&quot;service&quot;,[&quot;mail&quot;]],[&quot;flowName&quot;,[&quot;GlifWebSignIn&quot;]],[&quot;flowEntry&quot;,[&quot;ServiceLogin&quot;]],[&quot;dsh&quot;,[&quot;S-184432039:1752988129653766&quot;]]],&quot;https://mail.google.com/mail/u/0/&quot;],null,&quot;S-184432039:1752988129653766&quot;,null,null,[]],null,null,null,null,null,null,null,null,null,&quot;1209600&quot;],null,false]" jscontroller="b3kMqb" jsaction="click:jKoJid(preventDefault=true|DPJEMd),WZ2Bje(Cuz2Ue);jiqeKb:UHZ0U;Pp1AU:IjS5bf;rcuQ6b:WYd;W7m8ib:cqxkve;t5qvFd:.CLIENT" jsname="nUpftc" data-node-index="0;0" jsmodel="hc6Ubd niKKCd" view="" c-wiz=""><div class="Svhjgc" jsname="bN97Pc" jscontroller="SD8Jgb" jsshadow=""><div class="zIgDIc" jsname="paFcre"><c-wiz jsrenderer="OTcFib" jsshadow="" jsdata="deferred-i7" data-p="%.@.]" data-node-index="2;0" jsmodel="hc6Ubd" c-wiz=""><div class="Wf6lSd" jscontroller="rmumx" jsname="n7vHCb"><svg xmlns="https://www.w3.org/2000/svg" width="48" height="48" viewBox="0 0 40 48" aria-hidden="true" jsname="jjf7Ff"><path fill="#4285F4" d="M39.2 24.45c0-1.55-.16-3.04-.43-4.45H20v8h10.73c-.45 2.53-1.86 4.68-4 6.11v5.05h6.5c3.78-3.48 5.97-8.62 5.97-14.71z"></path><path fill="#34A853" d="M20 44c5.4 0 9.92-1.79 13.24-4.84l-6.5-5.05C24.95 35.3 22.67 36 20 36c-5.19 0-9.59-3.51-11.15-8.23h-6.7v5.2C5.43 39.51 12.18 44 20 44z"></path><path fill="#FABB05" d="M8.85 27.77c-.4-1.19-.62-2.46-.62-3.77s.22-2.58.62-3.77v-5.2h-6.7C.78 17.73 0 20.77 0 24s.78 6.27 2.14 8.97l6.71-5.2z"></path><path fill="#E94235" d="M20 12c2.93 0 5.55 1.01 7.62 2.98l5.76-5.76C29.92 5.98 25.39 4 20 4 12.18 4 5.43 8.49 2.14 15.03l6.7 5.2C10.41 15.51 14.81 12 20 12z"></path></svg></div><c-data id="i7" jsdata=" eCjdDd;_;4"></c-data></c-wiz><div class="ObDc3 ZYOIke" jsname="tJHJj" jscontroller="E87wgc" jsaction="JIbuQc:pKJJqe(af8ijd);wqEGtb:pKJJqe;"><h1 class="vAV9bf" data-a11y-title-piece="" id="headingText" jsname="r4nke"><span jsslot="">Sign in</span></h1><div class="gNJDp" data-a11y-title-piece="" id="headingSubtext" jsname="VdSJob"><span jsslot="">to continue to Gmail</span></div></div></div><div class="UXFQgc" jsname="uybdVe"><div class="qWK5J"><div class="xKcayf" jsname="USBQqe"><div class="AcKKx" jsname="rEuO1b" jscontroller="qPYxq" data-form-action-uri=""><form method="post" novalidate="" jsaction="submit:JM9m2e;"><span jsslot=""><section class="Em2Ord " jscontroller="Tbb4sb" jsshadow=""><header class="vYeFie" jsname="tJHJj" aria-hidden="true"></header><div class="yTaH4c" jsname="MZArnb"><div jsslot=""><div jscontroller="mvkUhe" jsaction="keydown:C9BaXe;O22p3e:Op2ZO;AHmuwe:Jt1EX;rcuQ6b:rcuQ6b;YqO5N:Lg5SV;rURRne:rcuQ6b;EJh3N:rcuQ6b;sPvj8e:di0fJ;RXQi4b:.CLIENT;TGB85e:.CLIENT" jsname="dWPKW" class="AFTWye  vEQsqe" data-allow-at-sign="true" data-is-rendered="true"><div class="rFrNMe X3mtXb UOsO2 ToAxb zKHdkd sdJrJc u3bW4e" jscontroller="pxq3x" jsaction="clickonly:KjsqPd; focus:Jt1EX; blur:fpfTEe; input:Lg5SV" jsshadow="" jsname="Ufn6O"><div class="aCsJod oJeWuf"><div class="aXBtI Wic03c"><div class="Xb9hP"><input type="email" class="whsOnd zHQkBf" jsname="YPqjbf" autocomplete="username webauthn" spellcheck="false" tabindex="0" aria-label="Email or phone" aria-describedby="i8" name="identifier" value="" aria-disabled="false" autocapitalize="none" id="identifierId" dir="ltr" data-initial-dir="ltr" data-initial-value=""><div jsname="YRMmle" class="AxOyFc snByac" aria-hidden="true">Email or phone</div></div><div class="i9lrp mIZh1c"></div><div jsname="XmnwAc" class="OabDMe cXrdqd Y2Zypf"></div></div></div><div class="LXRPh"><div jsname="ty6ygf" class="ovnfwe Is7Fhb"></div></div></div><div class="bfzBdd" jsname="NuIDSd" id="i8"></div></div><div class="dMNVAe" jsname="OZNMeb" aria-live="assertive"></div><div class="dMNVAe"><button jsname="Cuz2Ue" type="button">Forgot email?</button></div><input type="password" name="hiddenPassword" class="Hvu6D" tabindex="-1" aria-hidden="true" spellcheck="false" jsname="RHeR4d"><div jscontroller="CMcBD" jsname="Si5T8b" class="lbFS4d eLNT1d" jsaction="KWPV0:IMdg8d;rcuQ6b:jqIVcd"><div class="FZFVAd"><img jsname="O9Milc" alt="CAPTCHA image of text used to distinguish humans from robots" id="captchaimg" class="TrZEUc"><div jscontroller="f8Gu1e" jsaction="click:cOuCgd;JIbuQc:JIbuQc;" jsname="A1U4Sb" class="XjS9D TrZEUc iLMoFc TrZEUc" id="playCaptchaButton"><div class="VfPpkd-dgl2Hf-ppHlrf-sM5MNb" data-is-touch-wrapper="true"><button class="VfPpkd-LgbsSe VfPpkd-LgbsSe-OWXEXe-Bz112c-M1Soyc VfPpkd-LgbsSe-OWXEXe-dgl2Hf ksBjEc lKxP2d LQeN7 BqKGqe eR0mzb TrZEUc lw1w4b" jscontroller="soHxf" jsaction="click:cOuCgd; mousedown:UX7yZ; mouseup:lbsD7e; mouseenter:tfO1Yc; mouseleave:JywGue; touchstart:p6p2H; touchmove:FwuNnf; touchend:yfqBxc; touchcancel:JMtRjd; focus:AHmuwe; blur:O22p3e; contextmenu:mg9Pef;mlnRJb:fLiPzd;" data-idom-class="ksBjEc lKxP2d LQeN7 BqKGqe eR0mzb TrZEUc lw1w4b" jsname="LgbsSe" aria-label="Listen and type the numbers you hear" type="button"><div class="VfPpkd-Jh9lGc"></div><div class="VfPpkd-J1Ukfc-LhBDec"></div><div class="VfPpkd-RLmnJb"></div><svg aria-hidden="true" class="Qk3oof" fill="currentColor" focusable="false" width="18px" height="18px" viewBox="0 0 24 24" xmlns="https://www.w3.org/2000/svg"><path d="M3 9v6h4l5 5V4L7 9H3zm13.5 3c0-1.8-1-3.3-2.5-4v8c1.5-.7 2.5-2.2 2.5-4zM14 3.2v2.1c2.9.9 5 3.5 5 6.7s-2.1 5.9-5 6.7v2.1c4-.9 7-4.5 7-8.8s-3-7.9-7-8.8z"></path></svg><span jsname="V67aGc" class="VfPpkd-vQzf8d"></span></button></div></div><audio jsname="CakGX" type="audio/wav" id="captchaAudio"></audio></div><div jscontroller="Fndnac" jsaction="keydown:C9BaXe;O22p3e:Op2ZO;AHmuwe:Jt1EX;rcuQ6b:rcuQ6b;YqO5N:Lg5SV;rURRne:rcuQ6b;EJh3N:rcuQ6b;RXQi4b:.CLIENT;TGB85e:.CLIENT" jsname="jKg4ed" class="AFTWye " data-is-rendered="true"><div class="rFrNMe X3mtXb UOsO2 zKHdkd sdJrJc" jscontroller="pxq3x" jsaction="clickonly:KjsqPd; focus:Jt1EX; blur:fpfTEe; input:Lg5SV" jsshadow="" jsname="Ufn6O"><div class="aCsJod oJeWuf"><div class="aXBtI Wic03c"><div class="Xb9hP"><input type="text" class="whsOnd zHQkBf" jsname="YPqjbf" autocomplete="off" spellcheck="false" tabindex="0" aria-label="Type the text you hear or see" aria-describedby="i9" name="ca" aria-disabled="false" id="ca" dir="ltr" data-initial-dir="ltr" data-initial-value=""><div jsname="YRMmle" class="AxOyFc snByac" aria-hidden="true">Type the text you hear or see</div></div><div class="i9lrp mIZh1c"></div><div jsname="XmnwAc" class="OabDMe cXrdqd"></div></div></div><div class="LXRPh"><div jsname="ty6ygf" class="ovnfwe Is7Fhb"></div></div></div><div class="bfzBdd" jsname="NuIDSd" id="i9"></div></div><input jsname="SBlSod" type="hidden" name="ct" id="ct"></div><input type="hidden" name="usi" value="S-184432039:1752988129653766" jscontroller="YgOFye"><input type="hidden" name="domain" value="" jscontroller="YgOFye"><input type="hidden" name="region" value="IN" jscontroller="YgOFye"><input type="hidden" name="" value="" jsname="duMqid" id="fidoUserHandle" jscontroller="YgOFye"><c-wiz jsrenderer="PXsWy" jsdata="deferred-i10" data-p="%.@.null,&quot;identity-signin-identifier&quot;]" jscontroller="oqkvIf" jsname="xdJtEf" data-node-index="1;0" jsmodel="hc6Ubd" c-wiz=""><c-data id="i10" jsdata=" U3wROe;_;5"></c-data></c-wiz><c-wiz jsrenderer="xielGb" jsshadow="" jsdata="deferred-i11" data-p="%.@.&quot;https://accounts.google.com&quot;]" jscontroller="t2srLd" jsaction="rcuQ6b:WYd;" jsname="ZVfTqd" data-node-index="3;0" jsmodel="hc6Ubd" c-wiz=""><c-data id="i11" jsdata=" XK0mj;_;3"></c-data></c-wiz><c-wiz jsshadow="" jsdata="deferred-i12" jscontroller="EN3i8d" jsaction="rcuQ6b:I3Yihd;" jsname="k3Q4Cf" jsmodel="hc6Ubd" c-wiz=""><c-data id="i12"></c-data></c-wiz></div></div></section></span></form></div><div jsslot=""><div class="RDsYTb"><div class="dMNVAe">Not your computer? Use Guest mode to sign in privately. <a href="https://support.google.com/chrome/answer/6130773?hl=en-US" jsname="JFyozc" target="_blank">Learn more about using Guest mode</a></div></div></div></div></div></div><div class="JYXaTc" jsname="DH6Rkf" jscontroller="z0u0L" jsaction="rcuQ6b:rcuQ6b;KWPV0:vjx2Ld(Njthtb),ChoyC(eBSUOb),VaKChb(gVmDzc),nCZam(W3Rzrc),Tzaumc(uRHG6),JGhSzd;dcnbp:dE26Sc(lqvTlf);FzgWvd:JGhSzd;" data-is-consent="false" data-is-primary-action-disabled="false" data-is-secondary-action-disabled="false" data-primary-action-label="Next" jsshadow=""><div class="O1Slxf" jsname="DhK0U"><div class="TNTaPb" jsname="k77Iif"><div jscontroller="f8Gu1e" jsaction="click:cOuCgd;JIbuQc:JIbuQc;" jsname="Njthtb" class="XjS9D TrZEUc" id="identifierNext"><div class="VfPpkd-dgl2Hf-ppHlrf-sM5MNb" data-is-touch-wrapper="true"><button class="VfPpkd-LgbsSe VfPpkd-LgbsSe-OWXEXe-k8QpJ VfPpkd-LgbsSe-OWXEXe-dgl2Hf nCP5yc AjY5Oe DuMIQc LQeN7 BqKGqe Jskylb TrZEUc lw1w4b" jscontroller="soHxf" jsaction="click:cOuCgd; mousedown:UX7yZ; mouseup:lbsD7e; mouseenter:tfO1Yc; mouseleave:JywGue; touchstart:p6p2H; touchmove:FwuNnf; touchend:yfqBxc; touchcancel:JMtRjd; focus:AHmuwe; blur:O22p3e; contextmenu:mg9Pef;mlnRJb:fLiPzd;" data-idom-class="nCP5yc AjY5Oe DuMIQc LQeN7 BqKGqe Jskylb TrZEUc lw1w4b" jsname="LgbsSe" type="button"><div class="VfPpkd-Jh9lGc"></div><div class="VfPpkd-J1Ukfc-LhBDec"></div><div class="VfPpkd-RLmnJb"></div><span jsname="V67aGc" class="VfPpkd-vQzf8d">Next</span></button></div></div></div><div class="FO2vFd" jsname="QkNstf"><div class="n3Clv" jsname="FIbd0b"><div class="VfPpkd-xl07Ob-XxIAqe-OWXEXe-oYxtQd XjS9D" jscontroller="wg1P6b" jsaction="JIbuQc:aj0Jcf(WjL7X); keydown:uYT2Vb(WjL7X);xDliB:oNPcuf;SM8mFd:li9Srb;iFFCZc:NSsOUb;Rld2oe:NSsOUb" jsname="lqvTlf" jsshadow="" data-disable-idom="true"><div jsname="WjL7X" jsslot=""><div class="VfPpkd-dgl2Hf-ppHlrf-sM5MNb" data-is-touch-wrapper="true"><button class="VfPpkd-LgbsSe VfPpkd-LgbsSe-OWXEXe-dgl2Hf ksBjEc lKxP2d LQeN7 BqKGqe eR0mzb TrZEUc  J7pUA" jscontroller="soHxf" jsaction="click:cOuCgd; mousedown:UX7yZ; mouseup:lbsD7e; mouseenter:tfO1Yc; mouseleave:JywGue; touchstart:p6p2H; touchmove:FwuNnf; touchend:yfqBxc; touchcancel:JMtRjd; focus:AHmuwe; blur:O22p3e; contextmenu:mg9Pef;mlnRJb:fLiPzd;" data-idom-class="ksBjEc lKxP2d LQeN7 BqKGqe eR0mzb TrZEUc  J7pUA" aria-expanded="false" aria-haspopup="menu" type="button"><div class="VfPpkd-Jh9lGc"></div><div class="VfPpkd-J1Ukfc-LhBDec"></div><div class="VfPpkd-RLmnJb"></div><span jsname="V67aGc" class="VfPpkd-vQzf8d">Create account</span></button></div></div><div jsname="U0exHf" jsslot=""> <div class="VfPpkd-xl07Ob-XxIAqe VfPpkd-xl07Ob q6oraf P77izf KMdFve" jsname="DRCaZb" jscontroller="ywOR5c" jsaction="keydown:I481le;JIbuQc:j697N(rymPhb);XVaHYd:c9v4Fb(rymPhb);Oyo5M:b5fzT(rymPhb);DimkCe:TQSy7b(rymPhb);m0LGSd:fAWgXe(rymPhb);WAiFGd:kVJJuc(rymPhb);" data-is-hoisted="true" data-should-flip-corner-horizontally="false" data-stay-in-viewport="false" data-disable-idom="true" data-menu-uid="ucc-0"><ul class="VfPpkd-StrnGf-rymPhb DMZ54e" jsname="rymPhb" jscontroller="PHUIyb" jsaction="mouseleave:JywGue; touchcancel:JMtRjd; focus:AHmuwe; blur:O22p3e; keydown:I481le;" role="menu" tabindex="-1" aria-label="Create account" data-disable-idom="true"><span class="VfPpkd-BFbNVe-bF1uUb NZp2ef" aria-hidden="true"></span><li class="gNVsKb G3hhxb VfPpkd-StrnGf-rymPhb-ibnC6b" jsaction=" keydown:RDtNu; keyup:JdS61c; click:o6ZaF; mousedown:teoBgf; mouseup:NZPHBc; mouseleave:xq3APb; touchstart:jJiBRc; touchmove:kZeBdd; touchend:VfAz8;focusin:MeMJlc; focusout:bkTmIf;mouseenter:SKyDAe; change:uOgbud;" role="menuitem" jsname="RZzeR" tabindex="-1"><span class="VfPpkd-StrnGf-rymPhb-pZXsl"></span><span class="VfPpkd-StrnGf-rymPhb-Zmlebc-LhBDec"></span><span jsname="K4r5Ff" class="VfPpkd-StrnGf-rymPhb-b9t22c">For my personal use</span></li><li class="gNVsKb G3hhxb VfPpkd-StrnGf-rymPhb-ibnC6b" jsaction=" keydown:RDtNu; keyup:JdS61c; click:o6ZaF; mousedown:teoBgf; mouseup:NZPHBc; mouseleave:xq3APb; touchstart:jJiBRc; touchmove:kZeBdd; touchend:VfAz8;focusin:MeMJlc; focusout:bkTmIf;mouseenter:SKyDAe; change:uOgbud;" role="menuitem" jsname="IfUHnf" tabindex="-1"><span class="VfPpkd-StrnGf-rymPhb-pZXsl"></span><span class="VfPpkd-StrnGf-rymPhb-Zmlebc-LhBDec"></span><span jsname="K4r5Ff" class="VfPpkd-StrnGf-rymPhb-b9t22c">For my child</span></li><li class="gNVsKb G3hhxb VfPpkd-StrnGf-rymPhb-ibnC6b" jsaction=" keydown:RDtNu; keyup:JdS61c; click:o6ZaF; mousedown:teoBgf; mouseup:NZPHBc; mouseleave:xq3APb; touchstart:jJiBRc; touchmove:kZeBdd; touchend:VfAz8;focusin:MeMJlc; focusout:bkTmIf;mouseenter:SKyDAe; change:uOgbud;" role="menuitem" jsname="iAUJgf" tabindex="-1"><span class="VfPpkd-StrnGf-rymPhb-pZXsl"></span><span class="VfPpkd-StrnGf-rymPhb-Zmlebc-LhBDec"></span><span jsname="K4r5Ff" class="VfPpkd-StrnGf-rymPhb-b9t22c">For work or my business</span></li></ul></div></div></div></div></div></div></div></div><c-data id="i6" jsdata=" kY3gQd;_;6 DoqpZc;_;2"></c-data></c-wiz><script aria-hidden="true" nonce="">window.wiz_progress&&window.wiz_progress();window.wiz_tick&&window.wiz_tick('chA7fe');</script><script nonce="">(function(){'use strict';var c=window,d=[];c.aft_counter=d;var e=[],f=0;function _recordIsAboveFold(a){if(!c._isLazyImage(a)&&!a.hasAttribute("data-noaft")&&a.src){var b=(c._isVisible||function(){})(c.document,a);a.setAttribute("data-atf",b);b&&(e.indexOf(a)!==-1||d.indexOf(a)!==-1||a.complete||d.push(a),a.hasAttribute("data-iml")&&(a=Number(a.getAttribute("data-iml")),a>f&&(f=a)))}}
c.initAft=function(){f=0;e=Array.prototype.slice.call(document.getElementsByTagName("img")).filter(function(a){return!!a.getAttribute("data-iml")});[].forEach.call(document.getElementsByTagName("img"),function(a){try{_recordIsAboveFold(a)}catch(b){throw b.message=a.hasAttribute("data-iid")?b.message+"\nrecordIsAboveFold error for defer inlined image":b.message+("\nrecordIsAboveFold error for img element with <src: "+a.src+">"),b;}});if(d.length===0)c.onaft(f)};}).call(this);
initAft()</script><script id="_ij" nonce="">window.IJ_values = [[true,[["/v3/signin/identifier",null,["TL","checkConnection"]]]],[null,null,"",true,null,null,true,false],'0',[false,true,false,false,"ServiceLogin",false,null,"",false,[["RelayState","SAMLRequest","SigAlg","Signature","TL","af","alignment","alwf","atu","authuser","btmpl","c","c_afwt","c_brsz","c_enable","c_gutw","c_ps_e","c_ps_s","c_ps_t","c_stfs","c_stfwt","c_sts_b","c_sts_t","c_tfs","c_tfwt","c_ts_b","c_ts_t","cbflow","cd","checkConnection","checkedDomains","client_id","color_scheme","continue","cpbps","domains","dsh","ec","emr","faa","ff","flowEntry","flowName","followup","forceOsidOriginForTest","gae","go","hd","hide_status_bar","hl","idvToken","ifkv","ifr","ignoreShadow","kdi","kid_continue","kp_cid","ltmpl","marl","multilogin","next","oauth","osid","pageId","palette_colors","passwdsession","pav","platform_variant","pstMsg","rart","rast","rip","rm","rpbg","sarp","sc_type","scc","scope","secondDevice","secure","sendvemail","service","session","skipShadow","skipvpage","source","ss","ss_mode","sspa","t","target","theme","ul"]],true,null,[],[[null,null,"https://accounts.google.com/AccountChooser?continue\u003dhttps://mail.google.com/mail/u/0/\u0026followup\u003dhttps://mail.google.com/mail/u/0/\u0026osid\u003d1\u0026service\u003dmail"],[null,[null,null,"https://accounts.google.com/Logout?continue\u003dhttps://accounts.google.com/restart?continue%3Dhttps://mail.google.com/mail/u/0/%26dsh%3DS-184432039:1752988129653766%26emr%3D1%26flowEntry%3DServiceLogin%26flowName%3DGlifWebSignIn%26followup%3Dhttps://mail.google.com/mail/u/0/%26ifkv%3DAdBytiP2q_A_IC5hsfqxZsx-BDefCrtaIEPTmloHoip4MCPrpwXaFFyKynm7RzGxpnwXjSvRqmcYcg%26osid%3D1%26service%3Dmail"]],[null,null,"https://accounts.google.com/signin/recovery?flowName\u003dGlifWebSignIn\u0026continue\u003dhttps://mail.google.com/mail/u/0/\u0026followup\u003dhttps://mail.google.com/mail/u/0/\u0026osid\u003d1\u0026service\u003dmail"],null,[["/restart",null,["TL","checkConnection"]]]],null,true,[],null,true,true,false,true],[],'https:\/\/accounts.google.com\/v3\/signin\/', null ,'boq_identityfrontendauthuiserver_20250715.05_p0','accounts.google.com', 0.0 ,'','iq80OGeWhAdNjVzbSd5-NA','VOZXY6PJL-tYw9lxoMhgzg','DEFAULT','\/v3\/signin', 2025.0 ,'https:\/\/accounts.google.com\/v3\/signin\/identifier', null ,'ltr', false ,[["/v3/signin/rejected",[["rrk","47"],["rhlk","js"],["flowName","GlifWebSignIn"]],["TL","checkConnection"]]],[["/v3/signin/identifier"]],'https:\/\/accounts.google.com\/AccountChooser?continue\x3dhttps:\/\/accounts.google.com\/v3\/signin\/identifier?continue%3Dhttps:\/\/mail.google.com\/mail\/u\/0\/%26emr%3D1%26followup%3Dhttps:\/\/mail.google.com\/mail\/u\/0\/%26ifkv%3DAdBytiP2q_A_IC5hsfqxZsx-BDefCrtaIEPTmloHoip4MCPrpwXaFFyKynm7RzGxpnwXjSvRqmcYcg%26osid%3D1%26passive%3D1209600%26service%3Dmail%26flowName%3DGlifWebSignIn%26flowEntry%3DServiceLogin%26dsh%3DS-184432039:1752988129653766\x26hl\x3den-US','https:\/\/accounts.google.com\/ServiceLogin?hl\x3den-US\x26continue\x3dhttps:\/\/accounts.google.com\/v3\/signin\/identifier?continue%3Dhttps:\/\/mail.google.com\/mail\/u\/0\/%26emr%3D1%26followup%3Dhttps:\/\/mail.google.com\/mail\/u\/0\/%26ifkv%3DAdBytiP2q_A_IC5hsfqxZsx-BDefCrtaIEPTmloHoip4MCPrpwXaFFyKynm7RzGxpnwXjSvRqmcYcg%26osid%3D1%26passive%3D1209600%26service%3Dmail%26flowName%3DGlifWebSignIn%26flowEntry%3DServiceLogin%26dsh%3DS-184432039:1752988129653766','https:\/\/accounts.google.com\/SignOutOptions?continue\x3dhttps:\/\/accounts.google.com\/v3\/signin\/identifier?continue%3Dhttps:\/\/mail.google.com\/mail\/u\/0\/%26emr%3D1%26followup%3Dhttps:\/\/mail.google.com\/mail\/u\/0\/%26ifkv%3DAdBytiP2q_A_IC5hsfqxZsx-BDefCrtaIEPTmloHoip4MCPrpwXaFFyKynm7RzGxpnwXjSvRqmcYcg%26osid%3D1%26passive%3D1209600%26service%3Dmail%26flowName%3DGlifWebSignIn%26flowEntry%3DServiceLogin%26dsh%3DS-184432039:1752988129653766', false ,'@font-face\x7bfont-family:\x27Google Sans\x27;font-style:normal;font-weight:400;src:url(\/\/fonts.gstatic.com\/s\/googlesans\/v62\/4UasrENHsxJlGDuGo1OIlJfC6l_24rlCK1Yo_Iqcsih3SAyH6cAwhX9RPiIUvaYr.woff2)format(\x27woff2\x27);unicode-range:U+0308,U+0530-058F,U+2010,U+2024,U+25CC,U+FB13-FB17;\x7d@font-face\x7bfont-family:\x27Google Sans\x27;font-style:normal;font-weight:400;src:url(\/\/fonts.gstatic.com\/s\/googlesans\/v62\/4UasrENHsxJlGDuGo1OIlJfC6l_24rlCK1Yo_Iqcsih3SAyH6cAwhX9RPiAUvaYr.woff2)format(\x27woff2\x27);unicode-range:U+0951-0952,U+0964-0965,U+0980-09FE,U+1CD0,U+1CD2,U+1CD5-1CD6,U+1CD8,U+1CE1,U+1CEA,U+1CED,U+1CF2,U+1CF5-1CF7,U+200C-200D,U+20B9,U+25CC,U+A8F1;\x7d@font-face\x7bfont-family:\x27Google Sans\x27;font-style:normal;font-weight:400;src:url(\/\/fonts.gstatic.com\/s\/googlesans\/v62\/4UasrENHsxJlGDuGo1OIlJfC6l_24rlCK1Yo_Iqcsih3SAyH6cAwhX9RPh0UvaYr.woff2)format(\x27woff2\x27);unicode-range:U+02C7,U+02D8-02D9,U+02DB,U+0307,U+1400-167F,U+18B0-18F5,U+25CC,U+11AB0-11ABF;\x7d@font-face\x7bfont-family:\x27Google Sans\x27;font-style:normal;font-weight:400;src:url(\/\/fonts.gstatic.com\/s\/googlesans\/v62\/4UasrENHsxJlGDuGo1OIlJfC6l_24rlCK1Yo_Iqcsih3SAyH6cAwhX9RPj8UvaYr.woff2)format(\x27woff2\x27);unicode-range:U+0460-052F,U+1C80-1C8A,U+20B4,U+2DE0-2DFF,U+A640-A69F,U+FE2E-FE2F;\x7d@font-face\x7bfont-family:\x27Google Sans\x27;font-style:normal;font-weight:400;src:url(\/\/fonts.gstatic.com\/s\/googlesans\/v62\/4UasrENHsxJlGDuGo1OIlJfC6l_24rlCK1Yo_Iqcsih3SAyH6cAwhX9RPjYUvaYr.woff2)format(\x27woff2\x27);unicode-range:U+0301,U+0400-045F,U+0490-0491,U+04B0-04B1,U+2116;\x7d@font-face\x7bfont-family:\x27Google Sans\x27;font-style:normal;font-weight:400;src:url(\/\/fonts.gstatic.com\/s\/googlesans\/v62\/4UasrENHsxJlGDuGo1OIlJfC6l_24rlCK1Yo_Iqcsih3SAyH6cAwhX9RPjMUvaYr.woff2)format(\x27woff2\x27);unicode-range:U+0900-097F,U+1CD0-1CF9,U+200C-200D,U+20A8,U+20B9,U+20F0,U+25CC,U+A830-A839,U+A8E0-A8FF,U+11B00-11B09;\x7d@font-face\x7bfont-family:\x27Google Sans\x27;font-style:normal;font-weight:400;src:url(\/\/fonts.gstatic.com\/s\/googlesans\/v62\/4UasrENHsxJlGDuGo1OIlJfC6l_24rlCK1Yo_Iqcsih3SAyH6cAwhX9RPiMUvaYr.woff2)format(\x27woff2\x27);unicode-range:U+030E,U+1200-1399,U+2D80-2DDE,U+AB01-AB2E,U+1E7E0-1E7E6,U+1E7E8-1E7EB,U+1E7ED-1E7EE,U+1E7F0-1E7FE;\x7d@font-face\x7bfont-family:\x27Google Sans\x27;font-style:normal;font-weight:400;src:url(\/\/fonts.gstatic.com\/s\/googlesans\/v62\/4UasrENHsxJlGDuGo1OIlJfC6l_24rlCK1Yo_Iqcsih3SAyH6cAwhX9RPi0UvaYr.woff2)format(\x27woff2\x27);unicode-range:U+0589,U+10A0-10FF,U+1C90-1CBA,U+1CBD-1CBF,U+205A,U+2D00-2D2F,U+2E31;\x7d@font-face\x7bfont-family:\x27Google Sans\x27;font-style:normal;font-weight:400;src:url(\/\/fonts.gstatic.com\/s\/googlesans\/v62\/4UasrENHsxJlGDuGo1OIlJfC6l_24rlCK1Yo_Iqcsih3SAyH6cAwhX9RPj4UvaYr.woff2)format(\x27woff2\x27);unicode-range:U+1F00-1FFF;\x7d@font-face\x7bfont-family:\x27Google Sans\x27;font-style:normal;font-weight:400;src:url(\/\/fonts.gstatic.com\/s\/googlesans\/v62\/4UasrENHsxJlGDuGo1OIlJfC6l_24rlCK1Yo_Iqcsih3SAyH6cAwhX9RPjEUvaYr.woff2)format(\x27woff2\x27);unicode-range:U+0370-0377,U+037A-037F,U+0384-038A,U+038C,U+038E-03A1,U+03A3-03FF;\x7d@font-face\x7bfont-family:\x27Google Sans\x27;font-style:normal;font-weight:400;src:url(\/\/fonts.gstatic.com\/s\/googlesans\/v62\/4UasrENHsxJlGDuGo1OIlJfC6l_24rlCK1Yo_Iqcsih3SAyH6cAwhX9RPikUvaYr.woff2)format(\x27woff2\x27);unicode-range:U+0951-0952,U+0964-0965,U+0A80-0AFF,U+200C-200D,U+20B9,U+25CC,U+A830-A839;\x7d@font-face\x7bfont-family:\x27Google Sans\x27;font-style:normal;font-weight:400;src:url(\/\/fonts.gstatic.com\/s\/googlesans\/v62\/4UasrENHsxJlGDuGo1OIlJfC6l_24rlCK1Yo_Iqcsih3SAyH6cAwhX9RPhEUvaYr.woff2)format(\x27woff2\x27);unicode-range:U+0951-0952,U+0964-0965,U+0A01-0A76,U+200C-200D,U+20B9,U+25CC,U+262C,U+A830-A839;\x7d@font-face\x7bfont-family:\x27Google Sans\x27;font-style:normal;font-weight:400;src:url(\/\/fonts.gstatic.com\/s\/googlesans\/v62\/4UasrENHsxJlGDuGo1OIlJfC6l_24rlCK1Yo_Iqcsih3SAyH6cAwhX9RPjAUvaYr.woff2)format(\x27woff2\x27);unicode-range:U+0307-0308,U+0590-05FF,U+200C-2010,U+20AA,U+25CC,U+FB1D-FB4F;\x7d@font-face\x7bfont-family:\x27Google Sans\x27;font-style:normal;font-weight:400;src:url(\/\/fonts.gstatic.com\/s\/googlesans\/v62\/4UasrENHsxJlGDuGo1OIlJfC6l_24rlCK1Yo_Iqcsih3SAyH6cAwhX9RPjkUvaYr.woff2)format(\x27woff2\x27);unicode-range:U+1780-17FF,U+19E0-19FF,U+200C-200D,U+25CC;\x7d@font-face\x7bfont-family:\x27Google Sans\x27;font-style:normal;font-weight:400;src:url(\/\/fonts.gstatic.com\/s\/googlesans\/v62\/4UasrENHsxJlGDuGo1OIlJfC6l_24rlCK1Yo_Iqcsih3SAyH6cAwhX9RPjsUvaYr.woff2)format(\x27woff2\x27);unicode-range:U+0E81-0EDF,U+200C-200D,U+25CC;\x7d@font-face\x7bfont-family:\x27Google Sans\x27;font-style:normal;font-weight:400;src:url(\/\/fonts.gstatic.com\/s\/googlesans\/v62\/4UasrENHsxJlGDuGo1OIlJfC6l_24rlCK1Yo_Iqcsih3SAyH6cAwhX9RPioUvaYr.woff2)format(\x27woff2\x27);unicode-range:U+0307,U+0323,U+0951-0952,U+0964-0965,U+0D00-0D7F,U+1CDA,U+1CF2,U+200C-200D,U+20B9,U+25CC,U+A830-A832;\x7d@font-face\x7bfont-family:\x27Google Sans\x27;font-style:normal;font-weight:400;src:url(\/\/fonts.gstatic.com\/s\/googlesans\/v62\/4UasrENHsxJlGDuGo1OIlJfC6l_24rlCK1Yo_Iqcsih3SAyH6cAwhX9RPisUvaYr.woff2)format(\x27woff2\x27);unicode-range:U+0951-0952,U+0964-0965,U+0B01-0B77,U+1CDA,U+1CF2,U+200C-200D,U+20B9,U+25CC;\x7d@font-face\x7bfont-family:\x27Google Sans\x27;font-style:normal;font-weight:400;src:url(\/\/fonts.gstatic.com\/s\/googlesans\/v62\/4UasrENHsxJlGDuGo1OIlJfC6l_24rlCK1Yo_Iqcsih3SAyH6cAwhX9RPi8UvaYr.woff2)format(\x27woff2\x27);unicode-range:U+0964-0965,U+0D81-0DF4,U+1CF2,U+200C-200D,U+25CC,U+111E1-111F4;\x7d@font-face\x7bfont-family:\x27Google Sans\x27;font-style:normal;font-weight:400;src:url(\/\/fonts.gstatic.com\/s\/googlesans\/v62\/4UasrENHsxJlGDuGo1OIlJfC6l_24rlCK1Yo_Iqcsih3SAyH6cAwhX9RPlwUvaYr.woff2)format(\x27woff2\x27);unicode-range:U+0001-000C,U+000E-001F,U+007F-009F,U+20DD-20E0,U+20E2-20E4,U+2150-218F,U+2190,U+2192,U+2194-2199,U+21AF,U+21E6-21F0,U+21F3,U+2218-2219,U+2299,U+22C4-22C6,U+2300-243F,U+2440-244A,U+2460-24FF,U+25A0-27BF,U+2800-28FF,U+2921-2922,U+2981,U+29BF,U+29EB,U+2B00-2BFF,U+4DC0-4DFF,U+FFF9-FFFB,U+10140-1018E,U+10190-1019C,U+101A0,U+101D0-101FD,U+102E0-102FB,U+10E60-10E7E,U+1D2C0-1D2D3,U+1D2E0-1D37F,U+1F000-1F0FF,U+1F100-1F1AD,U+1F1E6-1F1FF,U+1F30D-1F30F,U+1F315,U+1F31C,U+1F31E,U+1F320-1F32C,U+1F336,U+1F378,U+1F37D,U+1F382,U+1F393-1F39F,U+1F3A7-1F3A8,U+1F3AC-1F3AF,U+1F3C2,U+1F3C4-1F3C6,U+1F3CA-1F3CE,U+1F3D4-1F3E0,U+1F3ED,U+1F3F1-1F3F3,U+1F3F5-1F3F7,U+1F408,U+1F415,U+1F41F,U+1F426,U+1F43F,U+1F441-1F442,U+1F444,U+1F446-1F449,U+1F44C-1F44E,U+1F453,U+1F46A,U+1F47D,U+1F4A3,U+1F4B0,U+1F4B3,U+1F4B9,U+1F4BB,U+1F4BF,U+1F4C8-1F4CB,U+1F4D6,U+1F4DA,U+1F4DF,U+1F4E3-1F4E6,U+1F4EA-1F4ED,U+1F4F7,U+1F4F9-1F4FB,U+1F4FD-1F4FE,U+1F503,U+1F507-1F50B,U+1F50D,U+1F512-1F513,U+1F53E-1F54A,U+1F54F-1F5FA,U+1F610,U+1F650-1F67F,U+1F687,U+1F68D,U+1F691,U+1F694,U+1F698,U+1F6AD,U+1F6B2,U+1F6B9-1F6BA,U+1F6BC,U+1F6C6-1F6CF,U+1F6D3-1F6D7,U+1F6E0-1F6EA,U+1F6F0-1F6F3,U+1F6F7-1F6FC,U+1F700-1F7FF,U+1F800-1F80B,U+1F810-1F847,U+1F850-1F859,U+1F860-1F887,U+1F890-1F8AD,U+1F8B0-1F8BB,U+1F8C0-1F8C1,U+1F900-1F90B,U+1F93B,U+1F946,U+1F984,U+1F996,U+1F9E9,U+1FA00-1FA6F,U+1FA70-1FA7C,U+1FA80-1FA89,U+1FA8F-1FAC6,U+1FACE-1FADC,U+1FADF-1FAE9,U+1FAF0-1FAF8,U+1FB00-1FBFF;\x7d@font-face\x7bfont-family:\x27Google Sans\x27;font-style:normal;font-weight:400;src:url(\/\/fonts.gstatic.com\/s\/googlesans\/v62\/4UasrENHsxJlGDuGo1OIlJfC6l_24rlCK1Yo_Iqcsih3SAyH6cAwhX9RPiQUvaYr.woff2)format(\x27woff2\x27);unicode-range:U+0964-0965,U+0B82-0BFA,U+200C-200D,U+20B9,U+25CC;\x7d@font-face\x7bfont-family:\x27Google Sans\x27;font-style:normal;font-weight:400;src:url(\/\/fonts.gstatic.com\/s\/googlesans\/v62\/4UasrENHsxJlGDuGo1OIlJfC6l_24rlCK1Yo_Iqcsih3SAyH6cAwhX9RPi4UvaYr.woff2)format(\x27woff2\x27);unicode-range:U+0951-0952,U+0964-0965,U+0C00-0C7F,U+1CDA,U+1CF2,U+200C-200D,U+25CC;\x7d@font-face\x7bfont-family:\x27Google Sans\x27;font-style:normal;font-weight:400;src:url(\/\/fonts.gstatic.com\/s\/googlesans\/v62\/4UasrENHsxJlGDuGo1OIlJfC6l_24rlCK1Yo_Iqcsih3SAyH6cAwhX9RPiYUvaYr.woff2)format(\x27woff2\x27);unicode-range:U+02D7,U+0303,U+0331,U+0E01-0E5B,U+200C-200D,U+25CC;\x7d@font-face\x7bfont-family:\x27Google Sans\x27;font-style:normal;font-weight:400;src:url(\/\/fonts.gstatic.com\/s\/googlesans\/v62\/4UasrENHsxJlGDuGo1OIlJfC6l_24rlCK1Yo_Iqcsih3SAyH6cAwhX9RPj0UvaYr.woff2)format(\x27woff2\x27);unicode-range:U+0102-0103,U+0110-0111,U+0128-0129,U+0168-0169,U+01A0-01A1,U+01AF-01B0,U+0300-0301,U+0303-0304,U+0308-0309,U+0323,U+0329,U+1EA0-1EF9,U+20AB;\x7d@font-face\x7bfont-family:\x27Google Sans\x27;font-style:normal;font-weight:400;src:url(\/\/fonts.gstatic.com\/s\/googlesans\/v62\/4UasrENHsxJlGDuGo1OIlJfC6l_24rlCK1Yo_Iqcsih3SAyH6cAwhX9RPjwUvaYr.woff2)format(\x27woff2\x27);unicode-range:U+0100-02BA,U+02BD-02C5,U+02C7-02CC,U+02CE-02D7,U+02DD-02FF,U+0304,U+0308,U+0329,U+1D00-1DBF,U+1E00-1E9F,U+1EF2-1EFF,U+2020,U+20A0-20AB,U+20AD-20C0,U+2113,U+2C60-2C7F,U+A720-A7FF;\x7d@font-face\x7bfont-family:\x27Google Sans\x27;font-style:normal;font-weight:400;src:url(\/\/fonts.gstatic.com\/s\/googlesans\/v62\/4UasrENHsxJlGDuGo1OIlJfC6l_24rlCK1Yo_Iqcsih3SAyH6cAwhX9RPjIUvQ.woff2)format(\x27woff2\x27);unicode-range:U+0000-00FF,U+0131,U+0152-0153,U+02BB-02BC,U+02C6,U+02DA,U+02DC,U+0304,U+0308,U+0329,U+2000-206F,U+20AC,U+2122,U+2191,U+2193,U+2212,U+2215,U+FEFF,U+FFFD;\x7d@font-face\x7bfont-family:\x27Google Sans\x27;font-style:normal;font-weight:500;src:url(\/\/fonts.gstatic.com\/s\/googlesans\/v62\/4UasrENHsxJlGDuGo1OIlJfC6l_24rlCK1Yo_Iqcsih3SAyH6cAwhX9RPiIUvaYr.woff2)format(\x27woff2\x27);unicode-range:U+0308,U+0530-058F,U+2010,U+2024,U+25CC,U+FB13-FB17;\x7d@font-face\x7bfont-family:\x27Google Sans\x27;font-style:normal;font-weight:500;src:url(\/\/fonts.gstatic.com\/s\/googlesans\/v62\/4UasrENHsxJlGDuGo1OIlJfC6l_24rlCK1Yo_Iqcsih3SAyH6cAwhX9RPiAUvaYr.woff2)format(\x27woff2\x27);unicode-range:U+0951-0952,U+0964-0965,U+0980-09FE,U+1CD0,U+1CD2,U+1CD5-1CD6,U+1CD8,U+1CE1,U+1CEA,U+1CED,U+1CF2,U+1CF5-1CF7,U+200C-200D,U+20B9,U+25CC,U+A8F1;\x7d@font-face\x7bfont-family:\x27Google Sans\x27;font-style:normal;font-weight:500;src:url(\/\/fonts.gstatic.com\/s\/googlesans\/v62\/4UasrENHsxJlGDuGo1OIlJfC6l_24rlCK1Yo_Iqcsih3SAyH6cAwhX9RPh0UvaYr.woff2)format(\x27woff2\x27);unicode-range:U+02C7,U+02D8-02D9,U+02DB,U+0307,U+1400-167F,U+18B0-18F5,U+25CC,U+11AB0-11ABF;\x7d@font-face\x7bfont-family:\x27Google Sans\x27;font-style:normal;font-weight:500;src:url(\/\/fonts.gstatic.com\/s\/googlesans\/v62\/4UasrENHsxJlGDuGo1OIlJfC6l_24rlCK1Yo_Iqcsih3SAyH6cAwhX9RPj8UvaYr.woff2)format(\x27woff2\x27);unicode-range:U+0460-052F,U+1C80-1C8A,U+20B4,U+2DE0-2DFF,U+A640-A69F,U+FE2E-FE2F;\x7d@font-face\x7bfont-family:\x27Google Sans\x27;font-style:normal;font-weight:500;src:url(\/\/fonts.gstatic.com\/s\/googlesans\/v62\/4UasrENHsxJlGDuGo1OIlJfC6l_24rlCK1Yo_Iqcsih3SAyH6cAwhX9RPjYUvaYr.woff2)format(\x27woff2\x27);unicode-range:U+0301,U+0400-045F,U+0490-0491,U+04B0-04B1,U+2116;\x7d@font-face\x7bfont-family:\x27Google Sans\x27;font-style:normal;font-weight:500;src:url(\/\/fonts.gstatic.com\/s\/googlesans\/v62\/4UasrENHsxJlGDuGo1OIlJfC6l_24rlCK1Yo_Iqcsih3SAyH6cAwhX9RPjMUvaYr.woff2)format(\x27woff2\x27);unicode-range:U+0900-097F,U+1CD0-1CF9,U+200C-200D,U+20A8,U+20B9,U+20F0,U+25CC,U+A830-A839,U+A8E0-A8FF,U+11B00-11B09;\x7d@font-face\x7bfont-family:\x27Google Sans\x27;font-style:normal;font-weight:500;src:url(\/\/fonts.gstatic.com\/s\/googlesans\/v62\/4UasrENHsxJlGDuGo1OIlJfC6l_24rlCK1Yo_Iqcsih3SAyH6cAwhX9RPiMUvaYr.woff2)format(\x27woff2\x27);unicode-range:U+030E,U+1200-1399,U+2D80-2DDE,U+AB01-AB2E,U+1E7E0-1E7E6,U+1E7E8-1E7EB,U+1E7ED-1E7EE,U+1E7F0-1E7FE;\x7d@font-face\x7bfont-family:\x27Google Sans\x27;font-style:normal;font-weight:500;src:url(\/\/fonts.gstatic.com\/s\/googlesans\/v62\/4UasrENHsxJlGDuGo1OIlJfC6l_24rlCK1Yo_Iqcsih3SAyH6cAwhX9RPi0UvaYr.woff2)format(\x27woff2\x27);unicode-range:U+0589,U+10A0-10FF,U+1C90-1CBA,U+1CBD-1CBF,U+205A,U+2D00-2D2F,U+2E31;\x7d@font-face\x7bfont-family:\x27Google Sans\x27;font-style:normal;font-weight:500;src:url(\/\/fonts.gstatic.com\/s\/googlesans\/v62\/4UasrENHsxJlGDuGo1OIlJfC6l_24rlCK1Yo_Iqcsih3SAyH6cAwhX9RPj4UvaYr.woff2)format(\x27woff2\x27);unicode-range:U+1F00-1FFF;\x7d@font-face\x7bfont-family:\x27Google Sans\x27;font-style:normal;font-weight:500;src:url(\/\/fonts.gstatic.com\/s\/googlesans\/v62\/4UasrENHsxJlGDuGo1OIlJfC6l_24rlCK1Yo_Iqcsih3SAyH6cAwhX9RPjEUvaYr.woff2)format(\x27woff2\x27);unicode-range:U+0370-0377,U+037A-037F,U+0384-038A,U+038C,U+038E-03A1,U+03A3-03FF;\x7d@font-face\x7bfont-family:\x27Google Sans\x27;font-style:normal;font-weight:500;src:url(\/\/fonts.gstatic.com\/s\/googlesans\/v62\/4UasrENHsxJlGDuGo1OIlJfC6l_24rlCK1Yo_Iqcsih3SAyH6cAwhX9RPikUvaYr.woff2)format(\x27woff2\x27);unicode-range:U+0951-0952,U+0964-0965,U+0A80-0AFF,U+200C-200D,U+20B9,U+25CC,U+A830-A839;\x7d@font-face\x7bfont-family:\x27Google Sans\x27;font-style:normal;font-weight:500;src:url(\/\/fonts.gstatic.com\/s\/googlesans\/v62\/4UasrENHsxJlGDuGo1OIlJfC6l_24rlCK1Yo_Iqcsih3SAyH6cAwhX9RPhEUvaYr.woff2)format(\x27woff2\x27);unicode-range:U+0951-0952,U+0964-0965,U+0A01-0A76,U+200C-200D,U+20B9,U+25CC,U+262C,U+A830-A839;\x7d@font-face\x7bfont-family:\x27Google Sans\x27;font-style:normal;font-weight:500;src:url(\/\/fonts.gstatic.com\/s\/googlesans\/v62\/4UasrENHsxJlGDuGo1OIlJfC6l_24rlCK1Yo_Iqcsih3SAyH6cAwhX9RPjAUvaYr.woff2)format(\x27woff2\x27);unicode-range:U+0307-0308,U+0590-05FF,U+200C-2010,U+20AA,U+25CC,U+FB1D-FB4F;\x7d@font-face\x7bfont-family:\x27Google Sans\x27;font-style:normal;font-weight:500;src:url(\/\/fonts.gstatic.com\/s\/googlesans\/v62\/4UasrENHsxJlGDuGo1OIlJfC6l_24rlCK1Yo_Iqcsih3SAyH6cAwhX9RPjkUvaYr.woff2)format(\x27woff2\x27);unicode-range:U+1780-17FF,U+19E0-19FF,U+200C-200D,U+25CC;\x7d@font-face\x7bfont-family:\x27Google Sans\x27;font-style:normal;font-weight:500;src:url(\/\/fonts.gstatic.com\/s\/googlesans\/v62\/4UasrENHsxJlGDuGo1OIlJfC6l_24rlCK1Yo_Iqcsih3SAyH6cAwhX9RPjsUvaYr.woff2)format(\x27woff2\x27);unicode-range:U+0E81-0EDF,U+200C-200D,U+25CC;\x7d@font-face\x7bfont-family:\x27Google Sans\x27;font-style:normal;font-weight:500;src:url(\/\/fonts.gstatic.com\/s\/googlesans\/v62\/4UasrENHsxJlGDuGo1OIlJfC6l_24rlCK1Yo_Iqcsih3SAyH6cAwhX9RPioUvaYr.woff2)format(\x27woff2\x27);unicode-range:U+0307,U+0323,U+0951-0952,U+0964-0965,U+0D00-0D7F,U+1CDA,U+1CF2,U+200C-200D,U+20B9,U+25CC,U+A830-A832;\x7d@font-face\x7bfont-family:\x27Google Sans\x27;font-style:normal;font-weight:500;src:url(\/\/fonts.gstatic.com\/s\/googlesans\/v62\/4UasrENHsxJlGDuGo1OIlJfC6l_24rlCK1Yo_Iqcsih3SAyH6cAwhX9RPisUvaYr.woff2)format(\x27woff2\x27);unicode-range:U+0951-0952,U+0964-0965,U+0B01-0B77,U+1CDA,U+1CF2,U+200C-200D,U+20B9,U+25CC;\x7d@font-face\x7bfont-family:\x27Google Sans\x27;font-style:normal;font-weight:500;src:url(\/\/fonts.gstatic.com\/s\/googlesans\/v62\/4UasrENHsxJlGDuGo1OIlJfC6l_24rlCK1Yo_Iqcsih3SAyH6cAwhX9RPi8UvaYr.woff2)format(\x27woff2\x27);unicode-range:U+0964-0965,U+0D81-0DF4,U+1CF2,U+200C-200D,U+25CC,U+111E1-111F4;\x7d@font-face\x7bfont-family:\x27Google Sans\x27;font-style:normal;font-weight:500;src:url(\/\/fonts.gstatic.com\/s\/googlesans\/v62\/4UasrENHsxJlGDuGo1OIlJfC6l_24rlCK1Yo_Iqcsih3SAyH6cAwhX9RPlwUvaYr.woff2)format(\x27woff2\x27);unicode-range:U+0001-000C,U+000E-001F,U+007F-009F,U+20DD-20E0,U+20E2-20E4,U+2150-218F,U+2190,U+2192,U+2194-2199,U+21AF,U+21E6-21F0,U+21F3,U+2218-2219,U+2299,U+22C4-22C6,U+2300-243F,U+2440-244A,U+2460-24FF,U+25A0-27BF,U+2800-28FF,U+2921-2922,U+2981,U+29BF,U+29EB,U+2B00-2BFF,U+4DC0-4DFF,U+FFF9-FFFB,U+10140-1018E,U+10190-1019C,U+101A0,U+101D0-101FD,U+102E0-102FB,U+10E60-10E7E,U+1D2C0-1D2D3,U+1D2E0-1D37F,U+1F000-1F0FF,U+1F100-1F1AD,U+1F1E6-1F1FF,U+1F30D-1F30F,U+1F315,U+1F31C,U+1F31E,U+1F320-1F32C,U+1F336,U+1F378,U+1F37D,U+1F382,U+1F393-1F39F,U+1F3A7-1F3A8,U+1F3AC-1F3AF,U+1F3C2,U+1F3C4-1F3C6,U+1F3CA-1F3CE,U+1F3D4-1F3E0,U+1F3ED,U+1F3F1-1F3F3,U+1F3F5-1F3F7,U+1F408,U+1F415,U+1F41F,U+1F426,U+1F43F,U+1F441-1F442,U+1F444,U+1F446-1F449,U+1F44C-1F44E,U+1F453,U+1F46A,U+1F47D,U+1F4A3,U+1F4B0,U+1F4B3,U+1F4B9,U+1F4BB,U+1F4BF,U+1F4C8-1F4CB,U+1F4D6,U+1F4DA,U+1F4DF,U+1F4E3-1F4E6,U+1F4EA-1F4ED,U+1F4F7,U+1F4F9-1F4FB,U+1F4FD-1F4FE,U+1F503,U+1F507-1F50B,U+1F50D,U+1F512-1F513,U+1F53E-1F54A,U+1F54F-1F5FA,U+1F610,U+1F650-1F67F,U+1F687,U+1F68D,U+1F691,U+1F694,U+1F698,U+1F6AD,U+1F6B2,U+1F6B9-1F6BA,U+1F6BC,U+1F6C6-1F6CF,U+1F6D3-1F6D7,U+1F6E0-1F6EA,U+1F6F0-1F6F3,U+1F6F7-1F6FC,U+1F700-1F7FF,U+1F800-1F80B,U+1F810-1F847,U+1F850-1F859,U+1F860-1F887,U+1F890-1F8AD,U+1F8B0-1F8BB,U+1F8C0-1F8C1,U+1F900-1F90B,U+1F93B,U+1F946,U+1F984,U+1F996,U+1F9E9,U+1FA00-1FA6F,U+1FA70-1FA7C,U+1FA80-1FA89,U+1FA8F-1FAC6,U+1FACE-1FADC,U+1FADF-1FAE9,U+1FAF0-1FAF8,U+1FB00-1FBFF;\x7d@font-face\x7bfont-family:\x27Google Sans\x27;font-style:normal;font-weight:500;src:url(\/\/fonts.gstatic.com\/s\/googlesans\/v62\/4UasrENHsxJlGDuGo1OIlJfC6l_24rlCK1Yo_Iqcsih3SAyH6cAwhX9RPiQUvaYr.woff2)format(\x27woff2\x27);unicode-range:U+0964-0965,U+0B82-0BFA,U+200C-200D,U+20B9,U+25CC;\x7d@font-face\x7bfont-family:\x27Google Sans\x27;font-style:normal;font-weight:500;src:url(\/\/fonts.gstatic.com\/s\/googlesans\/v62\/4UasrENHsxJlGDuGo1OIlJfC6l_24rlCK1Yo_Iqcsih3SAyH6cAwhX9RPi4UvaYr.woff2)format(\x27woff2\x27);unicode-range:U+0951-0952,U+0964-0965,U+0C00-0C7F,U+1CDA,U+1CF2,U+200C-200D,U+25CC;\x7d@font-face\x7bfont-family:\x27Google Sans\x27;font-style:normal;font-weight:500;src:url(\/\/fonts.gstatic.com\/s\/googlesans\/v62\/4UasrENHsxJlGDuGo1OIlJfC6l_24rlCK1Yo_Iqcsih3SAyH6cAwhX9RPiYUvaYr.woff2)format(\x27woff2\x27);unicode-range:U+02D7,U+0303,U+0331,U+0E01-0E5B,U+200C-200D,U+25CC;\x7d@font-face\x7bfont-family:\x27Google Sans\x27;font-style:normal;font-weight:500;src:url(\/\/fonts.gstatic.com\/s\/googlesans\/v62\/4UasrENHsxJlGDuGo1OIlJfC6l_24rlCK1Yo_Iqcsih3SAyH6cAwhX9RPj0UvaYr.woff2)format(\x27woff2\x27);unicode-range:U+0102-0103,U+0110-0111,U+0128-0129,U+0168-0169,U+01A0-01A1,U+01AF-01B0,U+0300-0301,U+0303-0304,U+0308-0309,U+0323,U+0329,U+1EA0-1EF9,U+20AB;\x7d@font-face\x7bfont-family:\x27Google Sans\x27;font-style:normal;font-weight:500;src:url(\/\/fonts.gstatic.com\/s\/googlesans\/v62\/4UasrENHsxJlGDuGo1OIlJfC6l_24rlCK1Yo_Iqcsih3SAyH6cAwhX9RPjwUvaYr.woff2)format(\x27woff2\x27);unicode-range:U+0100-02BA,U+02BD-02C5,U+02C7-02CC,U+02CE-02D7,U+02DD-02FF,U+0304,U+0308,U+0329,U+1D00-1DBF,U+1E00-1E9F,U+1EF2-1EFF,U+2020,U+20A0-20AB,U+20AD-20C0,U+2113,U+2C60-2C7F,U+A720-A7FF;\x7d@font-face\x7bfont-family:\x27Google Sans\x27;font-style:normal;font-weight:500;src:url(\/\/fonts.gstatic.com\/s\/googlesans\/v62\/4UasrENHsxJlGDuGo1OIlJfC6l_24rlCK1Yo_Iqcsih3SAyH6cAwhX9RPjIUvQ.woff2)format(\x27woff2\x27);unicode-range:U+0000-00FF,U+0131,U+0152-0153,U+02BB-02BC,U+02C6,U+02DA,U+02DC,U+0304,U+0308,U+0329,U+2000-206F,U+20AC,U+2122,U+2191,U+2193,U+2212,U+2215,U+FEFF,U+FFFD;\x7d','@font-face\x7bfont-family:\x27Google Sans\x27;font-style:normal;font-weight:400;src:url(\/\/fonts.gstatic.com\/s\/googlesans\/v62\/4UaRrENHsxJlGDuGo1OIlJfC6l_24rlCK1Yo_Iq2rgCIlsw.woff2)format(\x27woff2\x27);unicode-range:U+0308,U+0530-058F,U+2010,U+2024,U+25CC,U+FB13-FB17;\x7d@font-face\x7bfont-family:\x27Google Sans\x27;font-style:normal;font-weight:400;src:url(\/\/fonts.gstatic.com\/s\/googlesans\/v62\/4UaRrENHsxJlGDuGo1OIlJfC6l_24rlCK1Yo_Iq2rACIlsw.woff2)format(\x27woff2\x27);unicode-range:U+0951-0952,U+0964-0965,U+0980-09FE,U+1CD0,U+1CD2,U+1CD5-1CD6,U+1CD8,U+1CE1,U+1CEA,U+1CED,U+1CF2,U+1CF5-1CF7,U+200C-200D,U+20B9,U+25CC,U+A8F1;\x7d@font-face\x7bfont-family:\x27Google Sans\x27;font-style:normal;font-weight:400;src:url(\/\/fonts.gstatic.com\/s\/googlesans\/v62\/4UaRrENHsxJlGDuGo1OIlJfC6l_24rlCK1Yo_Iq2kQCIlsw.woff2)format(\x27woff2\x27);unicode-range:U+02C7,U+02D8-02D9,U+02DB,U+0307,U+1400-167F,U+18B0-18F5,U+25CC,U+11AB0-11ABF;\x7d@font-face\x7bfont-family:\x27Google Sans\x27;font-style:normal;font-weight:400;src:url(\/\/fonts.gstatic.com\/s\/googlesans\/v62\/4UaRrENHsxJlGDuGo1OIlJfC6l_24rlCK1Yo_Iq2swCIlsw.woff2)format(\x27woff2\x27);unicode-range:U+0460-052F,U+1C80-1C8A,U+20B4,U+2DE0-2DFF,U+A640-A69F,U+FE2E-FE2F;\x7d@font-face\x7bfont-family:\x27Google Sans\x27;font-style:normal;font-weight:400;src:url(\/\/fonts.gstatic.com\/s\/googlesans\/v62\/4UaRrENHsxJlGDuGo1OIlJfC6l_24rlCK1Yo_Iq2ugCIlsw.woff2)format(\x27woff2\x27);unicode-range:U+0301,U+0400-045F,U+0490-0491,U+04B0-04B1,U+2116;\x7d@font-face\x7bfont-family:\x27Google Sans\x27;font-style:normal;font-weight:400;src:url(\/\/fonts.gstatic.com\/s\/googlesans\/v62\/4UaRrENHsxJlGDuGo1OIlJfC6l_24rlCK1Yo_Iq2vwCIlsw.woff2)format(\x27woff2\x27);unicode-range:U+0900-097F,U+1CD0-1CF9,U+200C-200D,U+20A8,U+20B9,U+20F0,U+25CC,U+A830-A839,U+A8E0-A8FF,U+11B00-11B09;\x7d@font-face\x7bfont-family:\x27Google Sans\x27;font-style:normal;font-weight:400;src:url(\/\/fonts.gstatic.com\/s\/googlesans\/v62\/4UaRrENHsxJlGDuGo1OIlJfC6l_24rlCK1Yo_Iq2rwCIlsw.woff2)format(\x27woff2\x27);unicode-range:U+030E,U+1200-1399,U+2D80-2DDE,U+AB01-AB2E,U+1E7E0-1E7E6,U+1E7E8-1E7EB,U+1E7ED-1E7EE,U+1E7F0-1E7FE;\x7d@font-face\x7bfont-family:\x27Google Sans\x27;font-style:normal;font-weight:400;src:url(\/\/fonts.gstatic.com\/s\/googlesans\/v62\/4UaRrENHsxJlGDuGo1OIlJfC6l_24rlCK1Yo_Iq2oQCIlsw.woff2)format(\x27woff2\x27);unicode-range:U+0589,U+10A0-10FF,U+1C90-1CBA,U+1CBD-1CBF,U+205A,U+2D00-2D2F,U+2E31;\x7d@font-face\x7bfont-family:\x27Google Sans\x27;font-style:normal;font-weight:400;src:url(\/\/fonts.gstatic.com\/s\/googlesans\/v62\/4UaRrENHsxJlGDuGo1OIlJfC6l_24rlCK1Yo_Iq2sgCIlsw.woff2)format(\x27woff2\x27);unicode-range:U+1F00-1FFF;\x7d@font-face\x7bfont-family:\x27Google Sans\x27;font-style:normal;font-weight:400;src:url(\/\/fonts.gstatic.com\/s\/googlesans\/v62\/4UaRrENHsxJlGDuGo1OIlJfC6l_24rlCK1Yo_Iq2vQCIlsw.woff2)format(\x27woff2\x27);unicode-range:U+0370-0377,U+037A-037F,U+0384-038A,U+038C,U+038E-03A1,U+03A3-03FF;\x7d@font-face\x7bfont-family:\x27Google Sans\x27;font-style:normal;font-weight:400;src:url(\/\/fonts.gstatic.com\/s\/googlesans\/v62\/4UaRrENHsxJlGDuGo1OIlJfC6l_24rlCK1Yo_Iq2pQCIlsw.woff2)format(\x27woff2\x27);unicode-range:U+0951-0952,U+0964-0965,U+0A80-0AFF,U+200C-200D,U+20B9,U+25CC,U+A830-A839;\x7d@font-face\x7bfont-family:\x27Google Sans\x27;font-style:normal;font-weight:400;src:url(\/\/fonts.gstatic.com\/s\/googlesans\/v62\/4UaRrENHsxJlGDuGo1OIlJfC6l_24rlCK1Yo_Iq2nQCIlsw.woff2)format(\x27woff2\x27);unicode-range:U+0951-0952,U+0964-0965,U+0A01-0A76,U+200C-200D,U+20B9,U+25CC,U+262C,U+A830-A839;\x7d@font-face\x7bfont-family:\x27Google Sans\x27;font-style:normal;font-weight:400;src:url(\/\/fonts.gstatic.com\/s\/googlesans\/v62\/4UaRrENHsxJlGDuGo1OIlJfC6l_24rlCK1Yo_Iq2vACIlsw.woff2)format(\x27woff2\x27);unicode-range:U+0307-0308,U+0590-05FF,U+200C-2010,U+20AA,U+25CC,U+FB1D-FB4F;\x7d@font-face\x7bfont-family:\x27Google Sans\x27;font-style:normal;font-weight:400;src:url(\/\/fonts.gstatic.com\/s\/googlesans\/v62\/4UaRrENHsxJlGDuGo1OIlJfC6l_24rlCK1Yo_Iq2tQCIlsw.woff2)format(\x27woff2\x27);unicode-range:U+1780-17FF,U+19E0-19FF,U+200C-200D,U+25CC;\x7d@font-face\x7bfont-family:\x27Google Sans\x27;font-style:normal;font-weight:400;src:url(\/\/fonts.gstatic.com\/s\/googlesans\/v62\/4UaRrENHsxJlGDuGo1OIlJfC6l_24rlCK1Yo_Iq2twCIlsw.woff2)format(\x27woff2\x27);unicode-range:U+0E81-0EDF,U+200C-200D,U+25CC;\x7d@font-face\x7bfont-family:\x27Google Sans\x27;font-style:normal;font-weight:400;src:url(\/\/fonts.gstatic.com\/s\/googlesans\/v62\/4UaRrENHsxJlGDuGo1OIlJfC6l_24rlCK1Yo_Iq2pgCIlsw.woff2)format(\x27woff2\x27);unicode-range:U+0307,U+0323,U+0951-0952,U+0964-0965,U+0D00-0D7F,U+1CDA,U+1CF2,U+200C-200D,U+20B9,U+25CC,U+A830-A832;\x7d@font-face\x7bfont-family:\x27Google Sans\x27;font-style:normal;font-weight:400;src:url(\/\/fonts.gstatic.com\/s\/googlesans\/v62\/4UaRrENHsxJlGDuGo1OIlJfC6l_24rlCK1Yo_Iq2pwCIlsw.woff2)format(\x27woff2\x27);unicode-range:U+0951-0952,U+0964-0965,U+0B01-0B77,U+1CDA,U+1CF2,U+200C-200D,U+20B9,U+25CC;\x7d@font-face\x7bfont-family:\x27Google Sans\x27;font-style:normal;font-weight:400;src:url(\/\/fonts.gstatic.com\/s\/googlesans\/v62\/4UaRrENHsxJlGDuGo1OIlJfC6l_24rlCK1Yo_Iq2owCIlsw.woff2)format(\x27woff2\x27);unicode-range:U+0964-0965,U+0D81-0DF4,U+1CF2,U+200C-200D,U+25CC,U+111E1-111F4;\x7d@font-face\x7bfont-family:\x27Google Sans\x27;font-style:normal;font-weight:400;src:url(\/\/fonts.gstatic.com\/s\/googlesans\/v62\/4UaRrENHsxJlGDuGo1OIlJfC6l_24rlCK1Yo_Iq20ACIlsw.woff2)format(\x27woff2\x27);unicode-range:U+0001-000C,U+000E-001F,U+007F-009F,U+20DD-20E0,U+20E2-20E4,U+2150-218F,U+2190,U+2192,U+2194-2199,U+21AF,U+21E6-21F0,U+21F3,U+2218-2219,U+2299,U+22C4-22C6,U+2300-243F,U+2440-244A,U+2460-24FF,U+25A0-27BF,U+2800-28FF,U+2921-2922,U+2981,U+29BF,U+29EB,U+2B00-2BFF,U+4DC0-4DFF,U+FFF9-FFFB,U+10140-1018E,U+10190-1019C,U+101A0,U+101D0-101FD,U+102E0-102FB,U+10E60-10E7E,U+1D2C0-1D2D3,U+1D2E0-1D37F,U+1F000-1F0FF,U+1F100-1F1AD,U+1F1E6-1F1FF,U+1F30D-1F30F,U+1F315,U+1F31C,U+1F31E,U+1F320-1F32C,U+1F336,U+1F378,U+1F37D,U+1F382,U+1F393-1F39F,U+1F3A7-1F3A8,U+1F3AC-1F3AF,U+1F3C2,U+1F3C4-1F3C6,U+1F3CA-1F3CE,U+1F3D4-1F3E0,U+1F3ED,U+1F3F1-1F3F3,U+1F3F5-1F3F7,U+1F408,U+1F415,U+1F41F,U+1F426,U+1F43F,U+1F441-1F442,U+1F444,U+1F446-1F449,U+1F44C-1F44E,U+1F453,U+1F46A,U+1F47D,U+1F4A3,U+1F4B0,U+1F4B3,U+1F4B9,U+1F4BB,U+1F4BF,U+1F4C8-1F4CB,U+1F4D6,U+1F4DA,U+1F4DF,U+1F4E3-1F4E6,U+1F4EA-1F4ED,U+1F4F7,U+1F4F9-1F4FB,U+1F4FD-1F4FE,U+1F503,U+1F507-1F50B,U+1F50D,U+1F512-1F513,U+1F53E-1F54A,U+1F54F-1F5FA,U+1F610,U+1F650-1F67F,U+1F687,U+1F68D,U+1F691,U+1F694,U+1F698,U+1F6AD,U+1F6B2,U+1F6B9-1F6BA,U+1F6BC,U+1F6C6-1F6CF,U+1F6D3-1F6D7,U+1F6E0-1F6EA,U+1F6F0-1F6F3,U+1F6F7-1F6FC,U+1F700-1F7FF,U+1F800-1F80B,U+1F810-1F847,U+1F850-1F859,U+1F860-1F887,U+1F890-1F8AD,U+1F8B0-1F8BB,U+1F8C0-1F8C1,U+1F900-1F90B,U+1F93B,U+1F946,U+1F984,U+1F996,U+1F9E9,U+1FA00-1FA6F,U+1FA70-1FA7C,U+1FA80-1FA89,U+1FA8F-1FAC6,U+1FACE-1FADC,U+1FADF-1FAE9,U+1FAF0-1FAF8,U+1FB00-1FBFF;\x7d@font-face\x7bfont-family:\x27Google Sans\x27;font-style:normal;font-weight:400;src:url(\/\/fonts.gstatic.com\/s\/googlesans\/v62\/4UaRrENHsxJlGDuGo1OIlJfC6l_24rlCK1Yo_Iq2qACIlsw.woff2)format(\x27woff2\x27);unicode-range:U+0964-0965,U+0B82-0BFA,U+200C-200D,U+20B9,U+25CC;\x7d@font-face\x7bfont-family:\x27Google Sans\x27;font-style:normal;font-weight:400;src:url(\/\/fonts.gstatic.com\/s\/googlesans\/v62\/4UaRrENHsxJlGDuGo1OIlJfC6l_24rlCK1Yo_Iq2ogCIlsw.woff2)format(\x27woff2\x27);unicode-range:U+0951-0952,U+0964-0965,U+0C00-0C7F,U+1CDA,U+1CF2,U+200C-200D,U+25CC;\x7d@font-face\x7bfont-family:\x27Google Sans\x27;font-style:normal;font-weight:400;src:url(\/\/fonts.gstatic.com\/s\/googlesans\/v62\/4UaRrENHsxJlGDuGo1OIlJfC6l_24rlCK1Yo_Iq2qgCIlsw.woff2)format(\x27woff2\x27);unicode-range:U+02D7,U+0303,U+0331,U+0E01-0E5B,U+200C-200D,U+25CC;\x7d@font-face\x7bfont-family:\x27Google Sans\x27;font-style:normal;font-weight:400;src:url(\/\/fonts.gstatic.com\/s\/googlesans\/v62\/4UaRrENHsxJlGDuGo1OIlJfC6l_24rlCK1Yo_Iq2sQCIlsw.woff2)format(\x27woff2\x27);unicode-range:U+0102-0103,U+0110-0111,U+0128-0129,U+0168-0169,U+01A0-01A1,U+01AF-01B0,U+0300-0301,U+0303-0304,U+0308-0309,U+0323,U+0329,U+1EA0-1EF9,U+20AB;\x7d@font-face\x7bfont-family:\x27Google Sans\x27;font-style:normal;font-weight:400;src:url(\/\/fonts.gstatic.com\/s\/googlesans\/v62\/4UaRrENHsxJlGDuGo1OIlJfC6l_24rlCK1Yo_Iq2sACIlsw.woff2)format(\x27woff2\x27);unicode-range:U+0100-02BA,U+02BD-02C5,U+02C7-02CC,U+02CE-02D7,U+02DD-02FF,U+0304,U+0308,U+0329,U+1D00-1DBF,U+1E00-1E9F,U+1EF2-1EFF,U+2020,U+20A0-20AB,U+20AD-20C0,U+2113,U+2C60-2C7F,U+A720-A7FF;\x7d@font-face\x7bfont-family:\x27Google Sans\x27;font-style:normal;font-weight:400;src:url(\/\/fonts.gstatic.com\/s\/googlesans\/v62\/4UaRrENHsxJlGDuGo1OIlJfC6l_24rlCK1Yo_Iq2vgCI.woff2)format(\x27woff2\x27);unicode-range:U+0000-00FF,U+0131,U+0152-0153,U+02BB-02BC,U+02C6,U+02DA,U+02DC,U+0304,U+0308,U+0329,U+2000-206F,U+20AC,U+2122,U+2191,U+2193,U+2212,U+2215,U+FEFF,U+FFFD;\x7d@font-face\x7bfont-family:\x27Google Sans\x27;font-style:normal;font-weight:500;src:url(\/\/fonts.gstatic.com\/s\/googlesans\/v62\/4UaRrENHsxJlGDuGo1OIlJfC6l_24rlCK1Yo_Iq2rgCIlsw.woff2)format(\x27woff2\x27);unicode-range:U+0308,U+0530-058F,U+2010,U+2024,U+25CC,U+FB13-FB17;\x7d@font-face\x7bfont-family:\x27Google Sans\x27;font-style:normal;font-weight:500;src:url(\/\/fonts.gstatic.com\/s\/googlesans\/v62\/4UaRrENHsxJlGDuGo1OIlJfC6l_24rlCK1Yo_Iq2rACIlsw.woff2)format(\x27woff2\x27);unicode-range:U+0951-0952,U+0964-0965,U+0980-09FE,U+1CD0,U+1CD2,U+1CD5-1CD6,U+1CD8,U+1CE1,U+1CEA,U+1CED,U+1CF2,U+1CF5-1CF7,U+200C-200D,U+20B9,U+25CC,U+A8F1;\x7d@font-face\x7bfont-family:\x27Google Sans\x27;font-style:normal;font-weight:500;src:url(\/\/fonts.gstatic.com\/s\/googlesans\/v62\/4UaRrENHsxJlGDuGo1OIlJfC6l_24rlCK1Yo_Iq2kQCIlsw.woff2)format(\x27woff2\x27);unicode-range:U+02C7,U+02D8-02D9,U+02DB,U+0307,U+1400-167F,U+18B0-18F5,U+25CC,U+11AB0-11ABF;\x7d@font-face\x7bfont-family:\x27Google Sans\x27;font-style:normal;font-weight:500;src:url(\/\/fonts.gstatic.com\/s\/googlesans\/v62\/4UaRrENHsxJlGDuGo1OIlJfC6l_24rlCK1Yo_Iq2swCIlsw.woff2)format(\x27woff2\x27);unicode-range:U+0460-052F,U+1C80-1C8A,U+20B4,U+2DE0-2DFF,U+A640-A69F,U+FE2E-FE2F;\x7d@font-face\x7bfont-family:\x27Google Sans\x27;font-style:normal;font-weight:500;src:url(\/\/fonts.gstatic.com\/s\/googlesans\/v62\/4UaRrENHsxJlGDuGo1OIlJfC6l_24rlCK1Yo_Iq2ugCIlsw.woff2)format(\x27woff2\x27);unicode-range:U+0301,U+0400-045F,U+0490-0491,U+04B0-04B1,U+2116;\x7d@font-face\x7bfont-family:\x27Google Sans\x27;font-style:normal;font-weight:500;src:url(\/\/fonts.gstatic.com\/s\/googlesans\/v62\/4UaRrENHsxJlGDuGo1OIlJfC6l_24rlCK1Yo_Iq2vwCIlsw.woff2)format(\x27woff2\x27);unicode-range:U+0900-097F,U+1CD0-1CF9,U+200C-200D,U+20A8,U+20B9,U+20F0,U+25CC,U+A830-A839,U+A8E0-A8FF,U+11B00-11B09;\x7d@font-face\x7bfont-family:\x27Google Sans\x27;font-style:normal;font-weight:500;src:url(\/\/fonts.gstatic.com\/s\/googlesans\/v62\/4UaRrENHsxJlGDuGo1OIlJfC6l_24rlCK1Yo_Iq2rwCIlsw.woff2)format(\x27woff2\x27);unicode-range:U+030E,U+1200-1399,U+2D80-2DDE,U+AB01-AB2E,U+1E7E0-1E7E6,U+1E7E8-1E7EB,U+1E7ED-1E7EE,U+1E7F0-1E7FE;\x7d@font-face\x7bfont-family:\x27Google Sans\x27;font-style:normal;font-weight:500;src:url(\/\/fonts.gstatic.com\/s\/googlesans\/v62\/4UaRrENHsxJlGDuGo1OIlJfC6l_24rlCK1Yo_Iq2oQCIlsw.woff2)format(\x27woff2\x27);unicode-range:U+0589,U+10A0-10FF,U+1C90-1CBA,U+1CBD-1CBF,U+205A,U+2D00-2D2F,U+2E31;\x7d@font-face\x7bfont-family:\x27Google Sans\x27;font-style:normal;font-weight:500;src:url(\/\/fonts.gstatic.com\/s\/googlesans\/v62\/4UaRrENHsxJlGDuGo1OIlJfC6l_24rlCK1Yo_Iq2sgCIlsw.woff2)format(\x27woff2\x27);unicode-range:U+1F00-1FFF;\x7d@font-face\x7bfont-family:\x27Google Sans\x27;font-style:normal;font-weight:500;src:url(\/\/fonts.gstatic.com\/s\/googlesans\/v62\/4UaRrENHsxJlGDuGo1OIlJfC6l_24rlCK1Yo_Iq2vQCIlsw.woff2)format(\x27woff2\x27);unicode-range:U+0370-0377,U+037A-037F,U+0384-038A,U+038C,U+038E-03A1,U+03A3-03FF;\x7d@font-face\x7bfont-family:\x27Google Sans\x27;font-style:normal;font-weight:500;src:url(\/\/fonts.gstatic.com\/s\/googlesans\/v62\/4UaRrENHsxJlGDuGo1OIlJfC6l_24rlCK1Yo_Iq2pQCIlsw.woff2)format(\x27woff2\x27);unicode-range:U+0951-0952,U+0964-0965,U+0A80-0AFF,U+200C-200D,U+20B9,U+25CC,U+A830-A839;\x7d@font-face\x7bfont-family:\x27Google Sans\x27;font-style:normal;font-weight:500;src:url(\/\/fonts.gstatic.com\/s\/googlesans\/v62\/4UaRrENHsxJlGDuGo1OIlJfC6l_24rlCK1Yo_Iq2nQCIlsw.woff2)format(\x27woff2\x27);unicode-range:U+0951-0952,U+0964-0965,U+0A01-0A76,U+200C-200D,U+20B9,U+25CC,U+262C,U+A830-A839;\x7d@font-face\x7bfont-family:\x27Google Sans\x27;font-style:normal;font-weight:500;src:url(\/\/fonts.gstatic.com\/s\/googlesans\/v62\/4UaRrENHsxJlGDuGo1OIlJfC6l_24rlCK1Yo_Iq2vACIlsw.woff2)format(\x27woff2\x27);unicode-range:U+0307-0308,U+0590-05FF,U+200C-2010,U+20AA,U+25CC,U+FB1D-FB4F;\x7d@font-face\x7bfont-family:\x27Google Sans\x27;font-style:normal;font-weight:500;src:url(\/\/fonts.gstatic.com\/s\/googlesans\/v62\/4UaRrENHsxJlGDuGo1OIlJfC6l_24rlCK1Yo_Iq2tQCIlsw.woff2)format(\x27woff2\x27);unicode-range:U+1780-17FF,U+19E0-19FF,U+200C-200D,U+25CC;\x7d@font-face\x7bfont-family:\x27Google Sans\x27;font-style:normal;font-weight:500;src:url(\/\/fonts.gstatic.com\/s\/googlesans\/v62\/4UaRrENHsxJlGDuGo1OIlJfC6l_24rlCK1Yo_Iq2twCIlsw.woff2)format(\x27woff2\x27);unicode-range:U+0E81-0EDF,U+200C-200D,U+25CC;\x7d@font-face\x7bfont-family:\x27Google Sans\x27;font-style:normal;font-weight:500;src:url(\/\/fonts.gstatic.com\/s\/googlesans\/v62\/4UaRrENHsxJlGDuGo1OIlJfC6l_24rlCK1Yo_Iq2pgCIlsw.woff2)format(\x27woff2\x27);unicode-range:U+0307,U+0323,U+0951-0952,U+0964-0965,U+0D00-0D7F,U+1CDA,U+1CF2,U+200C-200D,U+20B9,U+25CC,U+A830-A832;\x7d@font-face\x7bfont-family:\x27Google Sans\x27;font-style:normal;font-weight:500;src:url(\/\/fonts.gstatic.com\/s\/googlesans\/v62\/4UaRrENHsxJlGDuGo1OIlJfC6l_24rlCK1Yo_Iq2pwCIlsw.woff2)format(\x27woff2\x27);unicode-range:U+0951-0952,U+0964-0965,U+0B01-0B77,U+1CDA,U+1CF2,U+200C-200D,U+20B9,U+25CC;\x7d@font-face\x7bfont-family:\x27Google Sans\x27;font-style:normal;font-weight:500;src:url(\/\/fonts.gstatic.com\/s\/googlesans\/v62\/4UaRrENHsxJlGDuGo1OIlJfC6l_24rlCK1Yo_Iq2owCIlsw.woff2)format(\x27woff2\x27);unicode-range:U+0964-0965,U+0D81-0DF4,U+1CF2,U+200C-200D,U+25CC,U+111E1-111F4;\x7d@font-face\x7bfont-family:\x27Google Sans\x27;font-style:normal;font-weight:500;src:url(\/\/fonts.gstatic.com\/s\/googlesans\/v62\/4UaRrENHsxJlGDuGo1OIlJfC6l_24rlCK1Yo_Iq20ACIlsw.woff2)format(\x27woff2\x27);unicode-range:U+0001-000C,U+000E-001F,U+007F-009F,U+20DD-20E0,U+20E2-20E4,U+2150-218F,U+2190,U+2192,U+2194-2199,U+21AF,U+21E6-21F0,U+21F3,U+2218-2219,U+2299,U+22C4-22C6,U+2300-243F,U+2440-244A,U+2460-24FF,U+25A0-27BF,U+2800-28FF,U+2921-2922,U+2981,U+29BF,U+29EB,U+2B00-2BFF,U+4DC0-4DFF,U+FFF9-FFFB,U+10140-1018E,U+10190-1019C,U+101A0,U+101D0-101FD,U+102E0-102FB,U+10E60-10E7E,U+1D2C0-1D2D3,U+1D2E0-1D37F,U+1F000-1F0FF,U+1F100-1F1AD,U+1F1E6-1F1FF,U+1F30D-1F30F,U+1F315,U+1F31C,U+1F31E,U+1F320-1F32C,U+1F336,U+1F378,U+1F37D,U+1F382,U+1F393-1F39F,U+1F3A7-1F3A8,U+1F3AC-1F3AF,U+1F3C2,U+1F3C4-1F3C6,U+1F3CA-1F3CE,U+1F3D4-1F3E0,U+1F3ED,U+1F3F1-1F3F3,U+1F3F5-1F3F7,U+1F408,U+1F415,U+1F41F,U+1F426,U+1F43F,U+1F441-1F442,U+1F444,U+1F446-1F449,U+1F44C-1F44E,U+1F453,U+1F46A,U+1F47D,U+1F4A3,U+1F4B0,U+1F4B3,U+1F4B9,U+1F4BB,U+1F4BF,U+1F4C8-1F4CB,U+1F4D6,U+1F4DA,U+1F4DF,U+1F4E3-1F4E6,U+1F4EA-1F4ED,U+1F4F7,U+1F4F9-1F4FB,U+1F4FD-1F4FE,U+1F503,U+1F507-1F50B,U+1F50D,U+1F512-1F513,U+1F53E-1F54A,U+1F54F-1F5FA,U+1F610,U+1F650-1F67F,U+1F687,U+1F68D,U+1F691,U+1F694,U+1F698,U+1F6AD,U+1F6B2,U+1F6B9-1F6BA,U+1F6BC,U+1F6C6-1F6CF,U+1F6D3-1F6D7,U+1F6E0-1F6EA,U+1F6F0-1F6F3,U+1F6F7-1F6FC,U+1F700-1F7FF,U+1F800-1F80B,U+1F810-1F847,U+1F850-1F859,U+1F860-1F887,U+1F890-1F8AD,U+1F8B0-1F8BB,U+1F8C0-1F8C1,U+1F900-1F90B,U+1F93B,U+1F946,U+1F984,U+1F996,U+1F9E9,U+1FA00-1FA6F,U+1FA70-1FA7C,U+1FA80-1FA89,U+1FA8F-1FAC6,U+1FACE-1FADC,U+1FADF-1FAE9,U+1FAF0-1FAF8,U+1FB00-1FBFF;\x7d@font-face\x7bfont-family:\x27Google Sans\x27;font-style:normal;font-weight:500;src:url(\/\/fonts.gstatic.com\/s\/googlesans\/v62\/4UaRrENHsxJlGDuGo1OIlJfC6l_24rlCK1Yo_Iq2qACIlsw.woff2)format(\x27woff2\x27);unicode-range:U+0964-0965,U+0B82-0BFA,U+200C-200D,U+20B9,U+25CC;\x7d@font-face\x7bfont-family:\x27Google Sans\x27;font-style:normal;font-weight:500;src:url(\/\/fonts.gstatic.com\/s\/googlesans\/v62\/4UaRrENHsxJlGDuGo1OIlJfC6l_24rlCK1Yo_Iq2ogCIlsw.woff2)format(\x27woff2\x27);unicode-range:U+0951-0952,U+0964-0965,U+0C00-0C7F,U+1CDA,U+1CF2,U+200C-200D,U+25CC;\x7d@font-face\x7bfont-family:\x27Google Sans\x27;font-style:normal;font-weight:500;src:url(\/\/fonts.gstatic.com\/s\/googlesans\/v62\/4UaRrENHsxJlGDuGo1OIlJfC6l_24rlCK1Yo_Iq2qgCIlsw.woff2)format(\x27woff2\x27);unicode-range:U+02D7,U+0303,U+0331,U+0E01-0E5B,U+200C-200D,U+25CC;\x7d@font-face\x7bfont-family:\x27Google Sans\x27;font-style:normal;font-weight:500;src:url(\/\/fonts.gstatic.com\/s\/googlesans\/v62\/4UaRrENHsxJlGDuGo1OIlJfC6l_24rlCK1Yo_Iq2sQCIlsw.woff2)format(\x27woff2\x27);unicode-range:U+0102-0103,U+0110-0111,U+0128-0129,U+0168-0169,U+01A0-01A1,U+01AF-01B0,U+0300-0301,U+0303-0304,U+0308-0309,U+0323,U+0329,U+1EA0-1EF9,U+20AB;\x7d@font-face\x7bfont-family:\x27Google Sans\x27;font-style:normal;font-weight:500;src:url(\/\/fonts.gstatic.com\/s\/googlesans\/v62\/4UaRrENHsxJlGDuGo1OIlJfC6l_24rlCK1Yo_Iq2sACIlsw.woff2)format(\x27woff2\x27);unicode-range:U+0100-02BA,U+02BD-02C5,U+02C7-02CC,U+02CE-02D7,U+02DD-02FF,U+0304,U+0308,U+0329,U+1D00-1DBF,U+1E00-1E9F,U+1EF2-1EFF,U+2020,U+20A0-20AB,U+20AD-20C0,U+2113,U+2C60-2C7F,U+A720-A7FF;\x7d@font-face\x7bfont-family:\x27Google Sans\x27;font-style:normal;font-weight:500;src:url(\/\/fonts.gstatic.com\/s\/googlesans\/v62\/4UaRrENHsxJlGDuGo1OIlJfC6l_24rlCK1Yo_Iq2vgCI.woff2)format(\x27woff2\x27);unicode-range:U+0000-00FF,U+0131,U+0152-0153,U+02BB-02BC,U+02C6,U+02DA,U+02DC,U+0304,U+0308,U+0329,U+2000-206F,U+20AC,U+2122,U+2191,U+2193,U+2212,U+2215,U+FEFF,U+FFFD;\x7d@font-face\x7bfont-family:\x27Google Sans\x27;font-style:normal;font-weight:700;src:url(\/\/fonts.gstatic.com\/s\/googlesans\/v62\/4UaRrENHsxJlGDuGo1OIlJfC6l_24rlCK1Yo_Iq2rgCIlsw.woff2)format(\x27woff2\x27);unicode-range:U+0308,U+0530-058F,U+2010,U+2024,U+25CC,U+FB13-FB17;\x7d@font-face\x7bfont-family:\x27Google Sans\x27;font-style:normal;font-weight:700;src:url(\/\/fonts.gstatic.com\/s\/googlesans\/v62\/4UaRrENHsxJlGDuGo1OIlJfC6l_24rlCK1Yo_Iq2rACIlsw.woff2)format(\x27woff2\x27);unicode-range:U+0951-0952,U+0964-0965,U+0980-09FE,U+1CD0,U+1CD2,U+1CD5-1CD6,U+1CD8,U+1CE1,U+1CEA,U+1CED,U+1CF2,U+1CF5-1CF7,U+200C-200D,U+20B9,U+25CC,U+A8F1;\x7d@font-face\x7bfont-family:\x27Google Sans\x27;font-style:normal;font-weight:700;src:url(\/\/fonts.gstatic.com\/s\/googlesans\/v62\/4UaRrENHsxJlGDuGo1OIlJfC6l_24rlCK1Yo_Iq2kQCIlsw.woff2)format(\x27woff2\x27);unicode-range:U+02C7,U+02D8-02D9,U+02DB,U+0307,U+1400-167F,U+18B0-18F5,U+25CC,U+11AB0-11ABF;\x7d@font-face\x7bfont-family:\x27Google Sans\x27;font-style:normal;font-weight:700;src:url(\/\/fonts.gstatic.com\/s\/googlesans\/v62\/4UaRrENHsxJlGDuGo1OIlJfC6l_24rlCK1Yo_Iq2swCIlsw.woff2)format(\x27woff2\x27);unicode-range:U+0460-052F,U+1C80-1C8A,U+20B4,U+2DE0-2DFF,U+A640-A69F,U+FE2E-FE2F;\x7d@font-face\x7bfont-family:\x27Google Sans\x27;font-style:normal;font-weight:700;src:url(\/\/fonts.gstatic.com\/s\/googlesans\/v62\/4UaRrENHsxJlGDuGo1OIlJfC6l_24rlCK1Yo_Iq2ugCIlsw.woff2)format(\x27woff2\x27);unicode-range:U+0301,U+0400-045F,U+0490-0491,U+04B0-04B1,U+2116;\x7d@font-face\x7bfont-family:\x27Google Sans\x27;font-style:normal;font-weight:700;src:url(\/\/fonts.gstatic.com\/s\/googlesans\/v62\/4UaRrENHsxJlGDuGo1OIlJfC6l_24rlCK1Yo_Iq2vwCIlsw.woff2)format(\x27woff2\x27);unicode-range:U+0900-097F,U+1CD0-1CF9,U+200C-200D,U+20A8,U+20B9,U+20F0,U+25CC,U+A830-A839,U+A8E0-A8FF,U+11B00-11B09;\x7d@font-face\x7bfont-family:\x27Google Sans\x27;font-style:normal;font-weight:700;src:url(\/\/fonts.gstatic.com\/s\/googlesans\/v62\/4UaRrENHsxJlGDuGo1OIlJfC6l_24rlCK1Yo_Iq2rwCIlsw.woff2)format(\x27woff2\x27);unicode-range:U+030E,U+1200-1399,U+2D80-2DDE,U+AB01-AB2E,U+1E7E0-1E7E6,U+1E7E8-1E7EB,U+1E7ED-1E7EE,U+1E7F0-1E7FE;\x7d@font-face\x7bfont-family:\x27Google Sans\x27;font-style:normal;font-weight:700;src:url(\/\/fonts.gstatic.com\/s\/googlesans\/v62\/4UaRrENHsxJlGDuGo1OIlJfC6l_24rlCK1Yo_Iq2oQCIlsw.woff2)format(\x27woff2\x27);unicode-range:U+0589,U+10A0-10FF,U+1C90-1CBA,U+1CBD-1CBF,U+205A,U+2D00-2D2F,U+2E31;\x7d@font-face\x7bfont-family:\x27Google Sans\x27;font-style:normal;font-weight:700;src:url(\/\/fonts.gstatic.com\/s\/googlesans\/v62\/4UaRrENHsxJlGDuGo1OIlJfC6l_24rlCK1Yo_Iq2sgCIlsw.woff2)format(\x27woff2\x27);unicode-range:U+1F00-1FFF;\x7d@font-face\x7bfont-family:\x27Google Sans\x27;font-style:normal;font-weight:700;src:url(\/\/fonts.gstatic.com\/s\/googlesans\/v62\/4UaRrENHsxJlGDuGo1OIlJfC6l_24rlCK1Yo_Iq2vQCIlsw.woff2)format(\x27woff2\x27);unicode-range:U+0370-0377,U+037A-037F,U+0384-038A,U+038C,U+038E-03A1,U+03A3-03FF;\x7d@font-face\x7bfont-family:\x27Google Sans\x27;font-style:normal;font-weight:700;src:url(\/\/fonts.gstatic.com\/s\/googlesans\/v62\/4UaRrENHsxJlGDuGo1OIlJfC6l_24rlCK1Yo_Iq2pQCIlsw.woff2)format(\x27woff2\x27);unicode-range:U+0951-0952,U+0964-0965,U+0A80-0AFF,U+200C-200D,U+20B9,U+25CC,U+A830-A839;\x7d@font-face\x7bfont-family:\x27Google Sans\x27;font-style:normal;font-weight:700;src:url(\/\/fonts.gstatic.com\/s\/googlesans\/v62\/4UaRrENHsxJlGDuGo1OIlJfC6l_24rlCK1Yo_Iq2nQCIlsw.woff2)format(\x27woff2\x27);unicode-range:U+0951-0952,U+0964-0965,U+0A01-0A76,U+200C-200D,U+20B9,U+25CC,U+262C,U+A830-A839;\x7d@font-face\x7bfont-family:\x27Google Sans\x27;font-style:normal;font-weight:700;src:url(\/\/fonts.gstatic.com\/s\/googlesans\/v62\/4UaRrENHsxJlGDuGo1OIlJfC6l_24rlCK1Yo_Iq2vACIlsw.woff2)format(\x27woff2\x27);unicode-range:U+0307-0308,U+0590-05FF,U+200C-2010,U+20AA,U+25CC,U+FB1D-FB4F;\x7d@font-face\x7bfont-family:\x27Google Sans\x27;font-style:normal;font-weight:700;src:url(\/\/fonts.gstatic.com\/s\/googlesans\/v62\/4UaRrENHsxJlGDuGo1OIlJfC6l_24rlCK1Yo_Iq2tQCIlsw.woff2)format(\x27woff2\x27);unicode-range:U+1780-17FF,U+19E0-19FF,U+200C-200D,U+25CC;\x7d@font-face\x7bfont-family:\x27Google Sans\x27;font-style:normal;font-weight:700;src:url(\/\/fonts.gstatic.com\/s\/googlesans\/v62\/4UaRrENHsxJlGDuGo1OIlJfC6l_24rlCK1Yo_Iq2twCIlsw.woff2)format(\x27woff2\x27);unicode-range:U+0E81-0EDF,U+200C-200D,U+25CC;\x7d@font-face\x7bfont-family:\x27Google Sans\x27;font-style:normal;font-weight:700;src:url(\/\/fonts.gstatic.com\/s\/googlesans\/v62\/4UaRrENHsxJlGDuGo1OIlJfC6l_24rlCK1Yo_Iq2pgCIlsw.woff2)format(\x27woff2\x27);unicode-range:U+0307,U+0323,U+0951-0952,U+0964-0965,U+0D00-0D7F,U+1CDA,U+1CF2,U+200C-200D,U+20B9,U+25CC,U+A830-A832;\x7d@font-face\x7bfont-family:\x27Google Sans\x27;font-style:normal;font-weight:700;src:url(\/\/fonts.gstatic.com\/s\/googlesans\/v62\/4UaRrENHsxJlGDuGo1OIlJfC6l_24rlCK1Yo_Iq2pwCIlsw.woff2)format(\x27woff2\x27);unicode-range:U+0951-0952,U+0964-0965,U+0B01-0B77,U+1CDA,U+1CF2,U+200C-200D,U+20B9,U+25CC;\x7d@font-face\x7bfont-family:\x27Google Sans\x27;font-style:normal;font-weight:700;src:url(\/\/fonts.gstatic.com\/s\/googlesans\/v62\/4UaRrENHsxJlGDuGo1OIlJfC6l_24rlCK1Yo_Iq2owCIlsw.woff2)format(\x27woff2\x27);unicode-range:U+0964-0965,U+0D81-0DF4,U+1CF2,U+200C-200D,U+25CC,U+111E1-111F4;\x7d@font-face\x7bfont-family:\x27Google Sans\x27;font-style:normal;font-weight:700;src:url(\/\/fonts.gstatic.com\/s\/googlesans\/v62\/4UaRrENHsxJlGDuGo1OIlJfC6l_24rlCK1Yo_Iq20ACIlsw.woff2)format(\x27woff2\x27);unicode-range:U+0001-000C,U+000E-001F,U+007F-009F,U+20DD-20E0,U+20E2-20E4,U+2150-218F,U+2190,U+2192,U+2194-2199,U+21AF,U+21E6-21F0,U+21F3,U+2218-2219,U+2299,U+22C4-22C6,U+2300-243F,U+2440-244A,U+2460-24FF,U+25A0-27BF,U+2800-28FF,U+2921-2922,U+2981,U+29BF,U+29EB,U+2B00-2BFF,U+4DC0-4DFF,U+FFF9-FFFB,U+10140-1018E,U+10190-1019C,U+101A0,U+101D0-101FD,U+102E0-102FB,U+10E60-10E7E,U+1D2C0-1D2D3,U+1D2E0-1D37F,U+1F000-1F0FF,U+1F100-1F1AD,U+1F1E6-1F1FF,U+1F30D-1F30F,U+1F315,U+1F31C,U+1F31E,U+1F320-1F32C,U+1F336,U+1F378,U+1F37D,U+1F382,U+1F393-1F39F,U+1F3A7-1F3A8,U+1F3AC-1F3AF,U+1F3C2,U+1F3C4-1F3C6,U+1F3CA-1F3CE,U+1F3D4-1F3E0,U+1F3ED,U+1F3F1-1F3F3,U+1F3F5-1F3F7,U+1F408,U+1F415,U+1F41F,U+1F426,U+1F43F,U+1F441-1F442,U+1F444,U+1F446-1F449,U+1F44C-1F44E,U+1F453,U+1F46A,U+1F47D,U+1F4A3,U+1F4B0,U+1F4B3,U+1F4B9,U+1F4BB,U+1F4BF,U+1F4C8-1F4CB,U+1F4D6,U+1F4DA,U+1F4DF,U+1F4E3-1F4E6,U+1F4EA-1F4ED,U+1F4F7,U+1F4F9-1F4FB,U+1F4FD-1F4FE,U+1F503,U+1F507-1F50B,U+1F50D,U+1F512-1F513,U+1F53E-1F54A,U+1F54F-1F5FA,U+1F610,U+1F650-1F67F,U+1F687,U+1F68D,U+1F691,U+1F694,U+1F698,U+1F6AD,U+1F6B2,U+1F6B9-1F6BA,U+1F6BC,U+1F6C6-1F6CF,U+1F6D3-1F6D7,U+1F6E0-1F6EA,U+1F6F0-1F6F3,U+1F6F7-1F6FC,U+1F700-1F7FF,U+1F800-1F80B,U+1F810-1F847,U+1F850-1F859,U+1F860-1F887,U+1F890-1F8AD,U+1F8B0-1F8BB,U+1F8C0-1F8C1,U+1F900-1F90B,U+1F93B,U+1F946,U+1F984,U+1F996,U+1F9E9,U+1FA00-1FA6F,U+1FA70-1FA7C,U+1FA80-1FA89,U+1FA8F-1FAC6,U+1FACE-1FADC,U+1FADF-1FAE9,U+1FAF0-1FAF8,U+1FB00-1FBFF;\x7d@font-face\x7bfont-family:\x27Google Sans\x27;font-style:normal;font-weight:700;src:url(\/\/fonts.gstatic.com\/s\/googlesans\/v62\/4UaRrENHsxJlGDuGo1OIlJfC6l_24rlCK1Yo_Iq2qACIlsw.woff2)format(\x27woff2\x27);unicode-range:U+0964-0965,U+0B82-0BFA,U+200C-200D,U+20B9,U+25CC;\x7d@font-face\x7bfont-family:\x27Google Sans\x27;font-style:normal;font-weight:700;src:url(\/\/fonts.gstatic.com\/s\/googlesans\/v62\/4UaRrENHsxJlGDuGo1OIlJfC6l_24rlCK1Yo_Iq2ogCIlsw.woff2)format(\x27woff2\x27);unicode-range:U+0951-0952,U+0964-0965,U+0C00-0C7F,U+1CDA,U+1CF2,U+200C-200D,U+25CC;\x7d@font-face\x7bfont-family:\x27Google Sans\x27;font-style:normal;font-weight:700;src:url(\/\/fonts.gstatic.com\/s\/googlesans\/v62\/4UaRrENHsxJlGDuGo1OIlJfC6l_24rlCK1Yo_Iq2qgCIlsw.woff2)format(\x27woff2\x27);unicode-range:U+02D7,U+0303,U+0331,U+0E01-0E5B,U+200C-200D,U+25CC;\x7d@font-face\x7bfont-family:\x27Google Sans\x27;font-style:normal;font-weight:700;src:url(\/\/fonts.gstatic.com\/s\/googlesans\/v62\/4UaRrENHsxJlGDuGo1OIlJfC6l_24rlCK1Yo_Iq2sQCIlsw.woff2)format(\x27woff2\x27);unicode-range:U+0102-0103,U+0110-0111,U+0128-0129,U+0168-0169,U+01A0-01A1,U+01AF-01B0,U+0300-0301,U+0303-0304,U+0308-0309,U+0323,U+0329,U+1EA0-1EF9,U+20AB;\x7d@font-face\x7bfont-family:\x27Google Sans\x27;font-style:normal;font-weight:700;src:url(\/\/fonts.gstatic.com\/s\/googlesans\/v62\/4UaRrENHsxJlGDuGo1OIlJfC6l_24rlCK1Yo_Iq2sACIlsw.woff2)format(\x27woff2\x27);unicode-range:U+0100-02BA,U+02BD-02C5,U+02C7-02CC,U+02CE-02D7,U+02DD-02FF,U+0304,U+0308,U+0329,U+1D00-1DBF,U+1E00-1E9F,U+1EF2-1EFF,U+2020,U+20A0-20AB,U+20AD-20C0,U+2113,U+2C60-2C7F,U+A720-A7FF;\x7d@font-face\x7bfont-family:\x27Google Sans\x27;font-style:normal;font-weight:700;src:url(\/\/fonts.gstatic.com\/s\/googlesans\/v62\/4UaRrENHsxJlGDuGo1OIlJfC6l_24rlCK1Yo_Iq2vgCI.woff2)format(\x27woff2\x27);unicode-range:U+0000-00FF,U+0131,U+0152-0153,U+02BB-02BC,U+02C6,U+02DA,U+02DC,U+0304,U+0308,U+0329,U+2000-206F,U+20AC,U+2122,U+2191,U+2193,U+2212,U+2215,U+FEFF,U+FFFD;\x7d','en-US', false ,[],[],[],[],[],[],[],[],[],[],[],[],[],'IN', null , null , null ,'', false , false , false ,'en','en-US',[null,null,null,null,null,null,[null,true,null,null,null,null,null,false]],'en_US',[null,null,[[null,null,null,[1]],[0.9490196,0.72156864,0.70980394,[1]],[0.54901963,0.11372549,0.09411765,[1]],[0.1882353,0.1882353,0.1882353,[1]],[0.043137256,0.34117648,0.8156863,[1]],[0.8901961,0.8901961,0.8901961,[1]],[0.8901961,0.8901961,0.8901961,[1]],[0.3764706,0.078431375,0.0627451,[1]],[0.9764706,0.87058824,0.8627451,[1]],[0.023529412,0.18039216,0.43529412,[1]],[0.827451,0.8901961,0.99215686,[1]],null,null,[null,0.2,0.33333334,[1]],[0.7607843,0.90588236,1,[1]],null,null,[0.8901961,0.8901961,0.8901961,[1]],[0.76862746,0.78039217,0.77254903,[1]],[0.039215688,0.21960784,0.09411765,[1]],[0.76862746,0.93333334,0.8156863,[1]],null,null,[0.5568628,0.5686275,0.56078434,[1]],[0.26666668,0.2784314,0.27450982,[1]],[0.65882355,0.78039217,0.98039216,[1]],[0.03137255,0.25882354,0.627451,[1]],null,null,[null,null,null,[1]],[0.49803922,0.8117647,1,[1]],[null,0.2901961,0.46666667,[1]],null,null,[null,null,null,[1]],[0.07450981,0.07450981,0.078431375,[1]],[0.21568628,0.22352941,0.23137255,[1]],[0.11764706,0.12156863,0.1254902,[1]],[0.15686275,0.16470589,0.17254902,[1]],[0.2,0.20784314,0.21568628,[1]],[0.105882354,0.105882354,0.105882354,[1]],[0.05490196,0.05490196,0.05490196,[1]],[0.07450981,0.07450981,0.078431375,[1]],[0.26666668,0.2784314,0.27450982,[1]],[0.42745098,0.8352941,0.54901963,[1]],[0.05882353,0.32156864,0.13725491,[1]]],null,null,[[1,1,1,[1]],[0.7019608,0.14901961,0.11764706,[1]],[0.9764706,0.87058824,0.8627451,[1]],[0.9490196,0.9490196,0.9490196,[1]],[0.65882355,0.78039217,0.98039216,[1]],[0.1882353,0.1882353,0.1882353,[1]],[0.12156863,0.12156863,0.12156863,[1]],[1,1,1,[1]],[0.54901963,0.11372549,0.09411765,[1]],[1,1,1,[1]],[0.03137255,0.25882354,0.627451,[1]],null,null,[1,1,1,[1]],[null,0.2901961,0.46666667,[1]],null,null,[0.12156863,0.12156863,0.12156863,[1]],[0.26666668,0.2784314,0.27450982,[1]],[1,1,1,[1]],[0.05882353,0.32156864,0.13725491,[1]],null,null,[0.45490196,0.46666667,0.45882353,[1]],[0.76862746,0.78039217,0.77254903,[1]],[0.043137256,0.34117648,0.8156863,[1]],[0.827451,0.8901961,0.99215686,[1]],null,null,[null,null,null,[1]],[null,0.3882353,0.60784316,[1]],[0.7607843,0.90588236,1,[1]],null,null,[null,null,null,[1]],[1,1,1,[1]],[1,1,1,[1]],[0.9411765,0.95686275,0.9764706,[1]],[0.9137255,0.93333334,0.9647059,[1]],[0.8666667,0.8901961,0.91764706,[1]],[0.972549,0.98039216,0.99215686,[1]],[1,1,1,[1]],[0.827451,0.85882354,0.8980392,[1]],[0.88235295,0.8901961,0.88235295,[1]],[0.078431375,0.42352942,0.18039216,[1]],[0.76862746,0.93333334,0.8156863,[1]]]],'https:\/\/goto2.corp.google.com\/mdtredirect?data_id_filter\x3daccounts.google.com\x26system_name\x3d', null ,'AEObw43MJx6DuwUqu2hn9t5lXuGv:1752988129781','@font-face\x7bfont-family:\x27Noto Sans Myanmar UI\x27;font-style:normal;font-weight:400;src:url(\/\/fonts.gstatic.com\/s\/notosansmyanmarui\/v2\/rP2Yp3-65FkAtHfwd-eIVWbnYDF3ggmpobuq-K4.woff2)format(\x27woff2\x27);unicode-range:U+1000-109F,U+200C-200D,U+25CC,U+A92E,U+A9E0-A9FE,U+AA60-AA7F,U+116D0-116E3,U+0000-00FF,U+0131,U+0152-0153,U+02BB-02BC,U+02C6,U+02DA,U+02DC,U+0304,U+0308,U+0329,U+2000-206F,U+20AC,U+2122,U+2191,U+2193,U+2212,U+2215,U+FEFF,U+FFFD;\x7d','https:\/\/myaccount.google.com\/privacypolicy?hl\x3den-US', null , null ,'@font-face\x7bfont-family:\x27Roboto\x27;font-style:normal;font-weight:100;src:url(\/\/fonts.gstatic.com\/s\/roboto\/v18\/KFOkCnqEu92Fr1MmgVxFIzIFKw.woff2)format(\x27woff2\x27);unicode-range:U+0460-052F,U+1C80-1C8A,U+20B4,U+2DE0-2DFF,U+A640-A69F,U+FE2E-FE2F;\x7d@font-face\x7bfont-family:\x27Roboto\x27;font-style:normal;font-weight:100;src:url(\/\/fonts.gstatic.com\/s\/roboto\/v18\/KFOkCnqEu92Fr1MmgVxMIzIFKw.woff2)format(\x27woff2\x27);unicode-range:U+0301,U+0400-045F,U+0490-0491,U+04B0-04B1,U+2116;\x7d@font-face\x7bfont-family:\x27Roboto\x27;font-style:normal;font-weight:100;src:url(\/\/fonts.gstatic.com\/s\/roboto\/v18\/KFOkCnqEu92Fr1MmgVxEIzIFKw.woff2)format(\x27woff2\x27);unicode-range:U+1F00-1FFF;\x7d@font-face\x7bfont-family:\x27Roboto\x27;font-style:normal;font-weight:100;src:url(\/\/fonts.gstatic.com\/s\/roboto\/v18\/KFOkCnqEu92Fr1MmgVxLIzIFKw.woff2)format(\x27woff2\x27);unicode-range:U+0370-0377,U+037A-037F,U+0384-038A,U+038C,U+038E-03A1,U+03A3-03FF;\x7d@font-face\x7bfont-family:\x27Roboto\x27;font-style:normal;font-weight:100;src:url(\/\/fonts.gstatic.com\/s\/roboto\/v18\/KFOkCnqEu92Fr1MmgVxHIzIFKw.woff2)format(\x27woff2\x27);unicode-range:U+0102-0103,U+0110-0111,U+0128-0129,U+0168-0169,U+01A0-01A1,U+01AF-01B0,U+0300-0301,U+0303-0304,U+0308-0309,U+0323,U+0329,U+1EA0-1EF9,U+20AB;\x7d@font-face\x7bfont-family:\x27Roboto\x27;font-style:normal;font-weight:100;src:url(\/\/fonts.gstatic.com\/s\/roboto\/v18\/KFOkCnqEu92Fr1MmgVxGIzIFKw.woff2)format(\x27woff2\x27);unicode-range:U+0100-02BA,U+02BD-02C5,U+02C7-02CC,U+02CE-02D7,U+02DD-02FF,U+0304,U+0308,U+0329,U+1D00-1DBF,U+1E00-1E9F,U+1EF2-1EFF,U+2020,U+20A0-20AB,U+20AD-20C0,U+2113,U+2C60-2C7F,U+A720-A7FF;\x7d@font-face\x7bfont-family:\x27Roboto\x27;font-style:normal;font-weight:100;src:url(\/\/fonts.gstatic.com\/s\/roboto\/v18\/KFOkCnqEu92Fr1MmgVxIIzI.woff2)format(\x27woff2\x27);unicode-range:U+0000-00FF,U+0131,U+0152-0153,U+02BB-02BC,U+02C6,U+02DA,U+02DC,U+0304,U+0308,U+0329,U+2000-206F,U+20AC,U+2122,U+2191,U+2193,U+2212,U+2215,U+FEFF,U+FFFD;\x7d@font-face\x7bfont-family:\x27Roboto\x27;font-style:normal;font-weight:300;src:url(\/\/fonts.gstatic.com\/s\/roboto\/v18\/KFOlCnqEu92Fr1MmSU5fCRc4EsA.woff2)format(\x27woff2\x27);unicode-range:U+0460-052F,U+1C80-1C8A,U+20B4,U+2DE0-2DFF,U+A640-A69F,U+FE2E-FE2F;\x7d@font-face\x7bfont-family:\x27Roboto\x27;font-style:normal;font-weight:300;src:url(\/\/fonts.gstatic.com\/s\/roboto\/v18\/KFOlCnqEu92Fr1MmSU5fABc4EsA.woff2)format(\x27woff2\x27);unicode-range:U+0301,U+0400-045F,U+0490-0491,U+04B0-04B1,U+2116;\x7d@font-face\x7bfont-family:\x27Roboto\x27;font-style:normal;font-weight:300;src:url(\/\/fonts.gstatic.com\/s\/roboto\/v18\/KFOlCnqEu92Fr1MmSU5fCBc4EsA.woff2)format(\x27woff2\x27);unicode-range:U+1F00-1FFF;\x7d@font-face\x7bfont-family:\x27Roboto\x27;font-style:normal;font-weight:300;src:url(\/\/fonts.gstatic.com\/s\/roboto\/v18\/KFOlCnqEu92Fr1MmSU5fBxc4EsA.woff2)format(\x27woff2\x27);unicode-range:U+0370-0377,U+037A-037F,U+0384-038A,U+038C,U+038E-03A1,U+03A3-03FF;\x7d@font-face\x7bfont-family:\x27Roboto\x27;font-style:normal;font-weight:300;src:url(\/\/fonts.gstatic.com\/s\/roboto\/v18\/KFOlCnqEu92Fr1MmSU5fCxc4EsA.woff2)format(\x27woff2\x27);unicode-range:U+0102-0103,U+0110-0111,U+0128-0129,U+0168-0169,U+01A0-01A1,U+01AF-01B0,U+0300-0301,U+0303-0304,U+0308-0309,U+0323,U+0329,U+1EA0-1EF9,U+20AB;\x7d@font-face\x7bfont-family:\x27Roboto\x27;font-style:normal;font-weight:300;src:url(\/\/fonts.gstatic.com\/s\/roboto\/v18\/KFOlCnqEu92Fr1MmSU5fChc4EsA.woff2)format(\x27woff2\x27);unicode-range:U+0100-02BA,U+02BD-02C5,U+02C7-02CC,U+02CE-02D7,U+02DD-02FF,U+0304,U+0308,U+0329,U+1D00-1DBF,U+1E00-1E9F,U+1EF2-1EFF,U+2020,U+20A0-20AB,U+20AD-20C0,U+2113,U+2C60-2C7F,U+A720-A7FF;\x7d@font-face\x7bfont-family:\x27Roboto\x27;font-style:normal;font-weight:300;src:url(\/\/fonts.gstatic.com\/s\/roboto\/v18\/KFOlCnqEu92Fr1MmSU5fBBc4.woff2)format(\x27woff2\x27);unicode-range:U+0000-00FF,U+0131,U+0152-0153,U+02BB-02BC,U+02C6,U+02DA,U+02DC,U+0304,U+0308,U+0329,U+2000-206F,U+20AC,U+2122,U+2191,U+2193,U+2212,U+2215,U+FEFF,U+FFFD;\x7d@font-face\x7bfont-family:\x27Roboto\x27;font-style:normal;font-weight:400;src:url(\/\/fonts.gstatic.com\/s\/roboto\/v18\/KFOmCnqEu92Fr1Mu72xKOzY.woff2)format(\x27woff2\x27);unicode-range:U+0460-052F,U+1C80-1C8A,U+20B4,U+2DE0-2DFF,U+A640-A69F,U+FE2E-FE2F;\x7d@font-face\x7bfont-family:\x27Roboto\x27;font-style:normal;font-weight:400;src:url(\/\/fonts.gstatic.com\/s\/roboto\/v18\/KFOmCnqEu92Fr1Mu5mxKOzY.woff2)format(\x27woff2\x27);unicode-range:U+0301,U+0400-045F,U+0490-0491,U+04B0-04B1,U+2116;\x7d@font-face\x7bfont-family:\x27Roboto\x27;font-style:normal;font-weight:400;src:url(\/\/fonts.gstatic.com\/s\/roboto\/v18\/KFOmCnqEu92Fr1Mu7mxKOzY.woff2)format(\x27woff2\x27);unicode-range:U+1F00-1FFF;\x7d@font-face\x7bfont-family:\x27Roboto\x27;font-style:normal;font-weight:400;src:url(\/\/fonts.gstatic.com\/s\/roboto\/v18\/KFOmCnqEu92Fr1Mu4WxKOzY.woff2)format(\x27woff2\x27);unicode-range:U+0370-0377,U+037A-037F,U+0384-038A,U+038C,U+038E-03A1,U+03A3-03FF;\x7d@font-face\x7bfont-family:\x27Roboto\x27;font-style:normal;font-weight:400;src:url(\/\/fonts.gstatic.com\/s\/roboto\/v18\/KFOmCnqEu92Fr1Mu7WxKOzY.woff2)format(\x27woff2\x27);unicode-range:U+0102-0103,U+0110-0111,U+0128-0129,U+0168-0169,U+01A0-01A1,U+01AF-01B0,U+0300-0301,U+0303-0304,U+0308-0309,U+0323,U+0329,U+1EA0-1EF9,U+20AB;\x7d@font-face\x7bfont-family:\x27Roboto\x27;font-style:normal;font-weight:400;src:url(\/\/fonts.gstatic.com\/s\/roboto\/v18\/KFOmCnqEu92Fr1Mu7GxKOzY.woff2)format(\x27woff2\x27);unicode-range:U+0100-02BA,U+02BD-02C5,U+02C7-02CC,U+02CE-02D7,U+02DD-02FF,U+0304,U+0308,U+0329,U+1D00-1DBF,U+1E00-1E9F,U+1EF2-1EFF,U+2020,U+20A0-20AB,U+20AD-20C0,U+2113,U+2C60-2C7F,U+A720-A7FF;\x7d@font-face\x7bfont-family:\x27Roboto\x27;font-style:normal;font-weight:400;src:url(\/\/fonts.gstatic.com\/s\/roboto\/v18\/KFOmCnqEu92Fr1Mu4mxK.woff2)format(\x27woff2\x27);unicode-range:U+0000-00FF,U+0131,U+0152-0153,U+02BB-02BC,U+02C6,U+02DA,U+02DC,U+0304,U+0308,U+0329,U+2000-206F,U+20AC,U+2122,U+2191,U+2193,U+2212,U+2215,U+FEFF,U+FFFD;\x7d@font-face\x7bfont-family:\x27Roboto\x27;font-style:normal;font-weight:500;src:url(\/\/fonts.gstatic.com\/s\/roboto\/v18\/KFOlCnqEu92Fr1MmEU9fCRc4EsA.woff2)format(\x27woff2\x27);unicode-range:U+0460-052F,U+1C80-1C8A,U+20B4,U+2DE0-2DFF,U+A640-A69F,U+FE2E-FE2F;\x7d@font-face\x7bfont-family:\x27Roboto\x27;font-style:normal;font-weight:500;src:url(\/\/fonts.gstatic.com\/s\/roboto\/v18\/KFOlCnqEu92Fr1MmEU9fABc4EsA.woff2)format(\x27woff2\x27);unicode-range:U+0301,U+0400-045F,U+0490-0491,U+04B0-04B1,U+2116;\x7d@font-face\x7bfont-family:\x27Roboto\x27;font-style:normal;font-weight:500;src:url(\/\/fonts.gstatic.com\/s\/roboto\/v18\/KFOlCnqEu92Fr1MmEU9fCBc4EsA.woff2)format(\x27woff2\x27);unicode-range:U+1F00-1FFF;\x7d@font-face\x7bfont-family:\x27Roboto\x27;font-style:normal;font-weight:500;src:url(\/\/fonts.gstatic.com\/s\/roboto\/v18\/KFOlCnqEu92Fr1MmEU9fBxc4EsA.woff2)format(\x27woff2\x27);unicode-range:U+0370-0377,U+037A-037F,U+0384-038A,U+038C,U+038E-03A1,U+03A3-03FF;\x7d@font-face\x7bfont-family:\x27Roboto\x27;font-style:normal;font-weight:500;src:url(\/\/fonts.gstatic.com\/s\/roboto\/v18\/KFOlCnqEu92Fr1MmEU9fCxc4EsA.woff2)format(\x27woff2\x27);unicode-range:U+0102-0103,U+0110-0111,U+0128-0129,U+0168-0169,U+01A0-01A1,U+01AF-01B0,U+0300-0301,U+0303-0304,U+0308-0309,U+0323,U+0329,U+1EA0-1EF9,U+20AB;\x7d@font-face\x7bfont-family:\x27Roboto\x27;font-style:normal;font-weight:500;src:url(\/\/fonts.gstatic.com\/s\/roboto\/v18\/KFOlCnqEu92Fr1MmEU9fChc4EsA.woff2)format(\x27woff2\x27);unicode-range:U+0100-02BA,U+02BD-02C5,U+02C7-02CC,U+02CE-02D7,U+02DD-02FF,U+0304,U+0308,U+0329,U+1D00-1DBF,U+1E00-1E9F,U+1EF2-1EFF,U+2020,U+20A0-20AB,U+20AD-20C0,U+2113,U+2C60-2C7F,U+A720-A7FF;\x7d@font-face\x7bfont-family:\x27Roboto\x27;font-style:normal;font-weight:500;src:url(\/\/fonts.gstatic.com\/s\/roboto\/v18\/KFOlCnqEu92Fr1MmEU9fBBc4.woff2)format(\x27woff2\x27);unicode-range:U+0000-00FF,U+0131,U+0152-0153,U+02BB-02BC,U+02C6,U+02DA,U+02DC,U+0304,U+0308,U+0329,U+2000-206F,U+20AC,U+2122,U+2191,U+2193,U+2212,U+2215,U+FEFF,U+FFFD;\x7d@font-face\x7bfont-family:\x27Roboto\x27;font-style:normal;font-weight:700;src:url(\/\/fonts.gstatic.com\/s\/roboto\/v18\/KFOlCnqEu92Fr1MmWUlfCRc4EsA.woff2)format(\x27woff2\x27);unicode-range:U+0460-052F,U+1C80-1C8A,U+20B4,U+2DE0-2DFF,U+A640-A69F,U+FE2E-FE2F;\x7d@font-face\x7bfont-family:\x27Roboto\x27;font-style:normal;font-weight:700;src:url(\/\/fonts.gstatic.com\/s\/roboto\/v18\/KFOlCnqEu92Fr1MmWUlfABc4EsA.woff2)format(\x27woff2\x27);unicode-range:U+0301,U+0400-045F,U+0490-0491,U+04B0-04B1,U+2116;\x7d@font-face\x7bfont-family:\x27Roboto\x27;font-style:normal;font-weight:700;src:url(\/\/fonts.gstatic.com\/s\/roboto\/v18\/KFOlCnqEu92Fr1MmWUlfCBc4EsA.woff2)format(\x27woff2\x27);unicode-range:U+1F00-1FFF;\x7d@font-face\x7bfont-family:\x27Roboto\x27;font-style:normal;font-weight:700;src:url(\/\/fonts.gstatic.com\/s\/roboto\/v18\/KFOlCnqEu92Fr1MmWUlfBxc4EsA.woff2)format(\x27woff2\x27);unicode-range:U+0370-0377,U+037A-037F,U+0384-038A,U+038C,U+038E-03A1,U+03A3-03FF;\x7d@font-face\x7bfont-family:\x27Roboto\x27;font-style:normal;font-weight:700;src:url(\/\/fonts.gstatic.com\/s\/roboto\/v18\/KFOlCnqEu92Fr1MmWUlfCxc4EsA.woff2)format(\x27woff2\x27);unicode-range:U+0102-0103,U+0110-0111,U+0128-0129,U+0168-0169,U+01A0-01A1,U+01AF-01B0,U+0300-0301,U+0303-0304,U+0308-0309,U+0323,U+0329,U+1EA0-1EF9,U+20AB;\x7d@font-face\x7bfont-family:\x27Roboto\x27;font-style:normal;font-weight:700;src:url(\/\/fonts.gstatic.com\/s\/roboto\/v18\/KFOlCnqEu92Fr1MmWUlfChc4EsA.woff2)format(\x27woff2\x27);unicode-range:U+0100-02BA,U+02BD-02C5,U+02C7-02CC,U+02CE-02D7,U+02DD-02FF,U+0304,U+0308,U+0329,U+1D00-1DBF,U+1E00-1E9F,U+1EF2-1EFF,U+2020,U+20A0-20AB,U+20AD-20C0,U+2113,U+2C60-2C7F,U+A720-A7FF;\x7d@font-face\x7bfont-family:\x27Roboto\x27;font-style:normal;font-weight:700;src:url(\/\/fonts.gstatic.com\/s\/roboto\/v18\/KFOlCnqEu92Fr1MmWUlfBBc4.woff2)format(\x27woff2\x27);unicode-range:U+0000-00FF,U+0131,U+0152-0153,U+02BB-02BC,U+02C6,U+02DA,U+02DC,U+0304,U+0308,U+0329,U+2000-206F,U+20AC,U+2122,U+2191,U+2193,U+2212,U+2215,U+FEFF,U+FFFD;\x7d', false , null ,[false,false],'https:\/\/www.gstatic.com\/_\/boq-identity\/_\/r\/','https:\/\/myaccount.google.com\/termsofservice?hl\x3den-US', 1.752988129788E12 , 1.7356698E12 , 1.7529498E12 ,'S-184432039:1752988129653766', 0.0 , null , null , false , null , 2025.0 ,]; window.IJ_valuesCb && window.IJ_valuesCb();</script><script class="ds:0" nonce="">AF_initDataCallback({key: 'ds:0', hash: '1', data:[[["af","Afrikaans"],["az","azərbaycan"],["bs","bosanski"],["ca","català"],["cs","Čeština"],["cy","Cymraeg"],["da","Dansk"],["de","Deutsch"],["et","eesti"],["en-GB","English (United Kingdom)"],["en-US","English (United States)"],["es-ES","Español (España)"],["es-419","Español (Latinoamérica)"],["eu","euskara"],["fil","Filipino"],["fr-CA","Français (Canada)"],["fr-FR","Français (France)"],["ga","Gaeilge"],["gl","galego"],["hr","Hrvatski"],["id","Indonesia"],["zu","isiZulu"],["is","íslenska"],["it","Italiano"],["sw","Kiswahili"],["lv","latviešu"],["lt","lietuvių"],["hu","magyar"],["ms","Melayu"],["nl","Nederlands"],["no","norsk"],["uz","o‘zbek"],["pl","polski"],["pt-BR","Português (Brasil)"],["pt-PT","Português (Portugal)"],["ro","română"],["sq","shqip"],["sk","Slovenčina"],["sl","slovenščina"],["sr-Latn","srpski (latinica)"],["fi","Suomi"],["sv","Svenska"],["vi","Tiếng Việt"],["tr","Türkçe"],["el","Ελληνικά"],["be","беларуская"],["bg","български"],["ky","кыргызча"],["kk","қазақ тілі"],["mk","македонски"],["mn","монгол"],["ru","Русский"],["sr-Cyrl","српски (ћирилица)"],["uk","Українська"],["ka","ქართული"],["hy","հայերեն"],["iw","עברית"],["ur","اردو"],["ar","العربية"],["fa","فارسی"],["am","አማርኛ"],["ne","नेपाली"],["mr","मराठी"],["hi","हिन्दी"],["as","অসমীয়া"],["bn","বাংলা"],["pa","ਪੰਜਾਬੀ"],["gu","ગુજરાતી"],["or","ଓଡ଼ିଆ"],["ta","தமிழ்"],["te","తెలుగు"],["kn","ಕನ್ನಡ"],["ml","മലയാളം"],["si","සිංහල"],["th","ไทย"],["lo","ລາວ"],["my","မြန်မာ"],["km","ខ្មែរ"],["ko","한국어"],["zh-HK","中文（香港）"],["ja","日本語"],["zh-CN","简体中文"],["zh-TW","繁體中文"]],"en-US"], sideChannel: {}});</script><script class="ds:2" nonce="">AF_initDataCallback({key: 'ds:2', hash: '2', data:["",null,0,null,null,0,0,0,"default","default",null,"default",0,1,null,"default",null,1,"",0,0,1,null,[["/lifecycle/flows/signup",[["dsh","S-184432039:1752988129653766"],["flowName","GlifWebSignIn"],["flowEntry","SignUp"]],["TL","checkConnection"]]],[1,1,null,1],[["/signin/v2/usernamerecovery",[["dsh","S-184432039:1752988129653766"]]]],"IN",null,[null,[null,null,"https://workspace.google.com/business/signup/newbusiness?utm_source\u003dgaia-in-product\u0026utm_medium\u003det\u0026utm_campaign\u003dnewSIM_gmail\u0026xsell\u003dgoogle_accounts\u0026source\u003dgaiaxws-gmail"]],0,0,"default",""], sideChannel: {}});</script><script class="ds:5" nonce="">AF_initDataCallback({key: 'ds:5', hash: '3', data:["youtube",[["https://accounts.youtube.com/accounts/CheckConnection?pmpo\u003dhttps://accounts.google.com\u0026v\u003d-909018216","youtube"]]], sideChannel: {}});</script><script class="ds:4" nonce="">AF_initDataCallback({key: 'ds:4', hash: '4', data:[1], sideChannel: {}});</script><script class="ds:3" nonce="">AF_initDataCallback({key: 'ds:3', hash: '5', data:[null,null,null,"identity-signin-identifier",["bfkj",[null,null,null,null,null,"//# sourceMappingURL\u003ddata:application/json;charset\u003dutf-8;base64,eyJ2ZXJzaW9uIjogMywic291cmNlcyI6WyIiXSwic291cmNlc0NvbnRlbnQiOlsiICJdLCJuYW1lcyI6WyJjbG9zdXJlRHluYW1pY0J1dHRvbiJdLCJtYXBwaW5ncyI6IkFBQUE7QUFBQTtBQUFBO0FBQUE7QUFBQTtBQUFBO0FBQUEifQ\u003d\u003d\n(function(){var m\u003dfunction(l,O,a,g,r,U,z,D,I,n,f,V){{V\u003d63;while(V!\u003d46)if(V\u003d\u003d63)V\u003d36;else if(V\u003d\u003d78)f\u003d(I\u003dY(27,l,3,D,a))\u0026\u0026g.eval(I.createScript(U))\u003d\u003d\u003d1?function(d){return I.createScript(d)}:function(d){return z+d},V\u003d55;else{if(V\u003d\u003d12)return f;V\u003d\u003d36?V\u003d(r^2)\u003e\u003e3\u003d\u003d1?78:55:V\u003d\u003dO?(n\u003dw,n.f||c(U,40,z,D,a,g,n),n.f(I),V\u003d12):V\u003d\u003d55\u0026\u0026(V\u003d(r^26)\u003e\u003e4?12:O)}}},Y\u003dfunction(l,O,a,g,r,U,z,D,I){{D\u003d93;while(D!\u003dl)if(D\u003d\u003d66){if((z\u003d(U\u003dr,W).trustedTypes)\u0026\u0026z.createPolicy){try{U\u003dz.createPolicy(O,{createHTML:q,createScript:q,createScriptURL:q})}catch(n){if(W.console)W.console[g](n.message)}I\u003dU}else I\u003dU;D\u003d36}else if(D\u003d\u003d33)r.addEventListener(U,O,g),D\u003d65;else if(D\u003d\u003d93)D\u003d68;else if(D\u003d\u003d68)D\u003d(a\u0026103)\u003d\u003da?66:36;else if(D\u003d\u003d36)D\u003d(a\u002630)\u003d\u003da?33:65;else if(D\u003d\u003d65)return I}},c\u003dfunction(l,O,a,g,r,U,z,D,I,n,f,V,d,Z,X,Q,u,b,P,B,R,e,F){for(F\u003d48;F!\u003d72;)if(F\u003d\u003d40)F\u003d(O|48)\u003d\u003dO?8:7;else{if(F\u003d\u003d3)return B;F\u003d\u003d0?F\u003d(O\u002627)\u003d\u003dO?2:62:F\u003d\u003d62?F\u003d(O-4\u002614)\u003d\u003d4?26:3:F\u003d\u003d77?(a(function(G){G(l)}),B\u003d[function(){return l},function(){}],F\u003d0):F\u003d\u003d17?(R\u003dfunction(){},g\u003dvoid 0,r\u003dL(l,function(G,t){for(t\u003d44;t!\u003d82;)t\u003d\u003d89?(a\u0026\u0026p(a),g\u003dG,R(),R\u003dvoid 0,t\u003d82):t\u003d\u003d44\u0026\u0026(t\u003dR?89:82)},!!a),U\u003dr[1],z\u003dr[0],B\u003d{invoke:function(G,t,v,J,N,y,C){for(C\u003d19;C!\u003d82;)if(C\u003d\u003d33)J\u003dR,R\u003dfunction(){J(),p(y)},C\u003d82;else if(C\u003d\u003d19)y\u003dfunction(){g(function(x){p(function(){G(x)})},v)},C\u003d74;else{if(C\u003d\u003d5)return N\u003dz(v),G\u0026\u0026G(N),N;C\u003d\u003d74?C\u003dt?59:5:C\u003d\u003d59?C\u003dg?94:33:C\u003d\u003d94\u0026\u0026(y(),C\u003d82)}},pe:function(G){U\u0026\u0026U(G)}},F\u003d19):F\u003d\u003d48?F\u003d40:F\u003d\u003d7?F\u003dO+1\u002615?19:17:F\u003d\u003d2?(B\u003d(I\u003dw[l.substring(0,3)+\"_\"])?I(l.substring(3),a,g,r,U,z,D):c(l,6,a),F\u003d62):F\u003d\u003d19?F\u003dO-4\u003c10\u0026\u0026((O|8)\u002615)\u003e\u003d3?77:0:F\u003d\u003d26?(P\u003dfunction(){},b\u003dfunction(G,t,v){for(t\u003d(v\u003d12,78);;)try{if(v\u003d\u003d32)break;else{if(v\u003d\u003d12)return t\u003d28,X.contentWindow.location.href.match(/^h/)?null:!1;if(v\u003d\u003d54)return t\u003d78,\"\"+G}}catch(J){if(t\u003d\u003d78)throw J;t\u003d\u003d28\u0026\u0026(G\u003dJ,v\u003d54)}},Q\u003dfunction(){P\u003d((d.push(60,+new Date-V),clearInterval)(D),z.f\u003dvoid 0,P(),void 0)},e\u003dfunction(G,t,v){for(v\u003d86;v!\u003d18;)v\u003d\u003d32?(n\u003dG,Z\u003dt,X\u003ddocument.createElement(\"iframe\"),Y(27,function(J,N){for(N\u003d28;N!\u003d82;)N\u003d\u003d25?(d.push(r,t-V,J),u(),e(G+1),N\u003d82):N\u003d\u003d90?N\u003dJ\u003d\u003d\u003dnull?34:25:N\u003d\u003d2?(J\u003db(),N\u003d90):N\u003d\u003d28?N\u003dG\u003d\u003d\u003dn?2:82:N\u003d\u003d34\u0026\u0026(d.push(15,+new Date-V),f\u003dX.contentWindow,n\u003d0,X\u003dnull,clearInterval(D),P(),P\u003dvoid 0,N\u003d82)},8,!1,X,\"load\"),Y(27,function(J){for(J\u003d21;J!\u003d4;)J\u003d\u003d28?(d.push(64,t-V),u(),e(G+1),J\u003d4):J\u003d\u003d21\u0026\u0026(J\u003dG\u003d\u003d\u003dn?28:4)},10,!1,X,\"error\"),X.style.display\u003d\"none\",X.src\u003dU,I.appendChild(X),v\u003d18):v\u003d\u003d86?(t\u003d+new Date,d.push(82,t-V,G),v\u003d62):v\u003d\u003d62?v\u003dG\u003e5?94:32:v\u003d\u003d94\u0026\u0026(d.push(g,t-V),Q(),v\u003d18)},u\u003dfunction(){n\u003d(I.removeChild(X),X\u003dnull,0)},n\u003d0,X\u003dnull,d\u003d[],z.f\u003dfunction(G,t,v){for(v\u003d45;v!\u003d40;)v\u003d\u003d37?(t\u003dP,P\u003dfunction(){t(),setTimeout(function(){G(f,d)},0)},v\u003d40):v\u003d\u003d57?(G(f,d),v\u003d40):v\u003d\u003d45\u0026\u0026(v\u003dP?37:57)},V\u003d+new Date,I\u003ddocument.body||document.documentElement.lastChild,D\u003dsetInterval(function(G,t,v,J){for(J\u003d62;J!\u003d88;)J\u003d\u003d62?J\u003dX?85:88:J\u003d\u003d0?J\u003dv-Z\u003e6E3?32:88:J\u003d\u003d17?J\u003d(G\u003db())?7:0:J\u003d\u003d32?(d.push(87,v-V),u(),e(t+1),J\u003d88):J\u003d\u003d58?J\u003dv-V\u003e2E4?82:17:J\u003d\u003d85?(t\u003dn,v\u003d+new Date,J\u003d58):J\u003d\u003d82?(d.push(a,v-V),u(),Q(),J\u003d88):J\u003d\u003d7\u0026\u0026(d.push(93,v-V,G),u(),e(t+1),J\u003d88)},l),e(1),F\u003d3):F\u003d\u003d8\u0026\u0026(B\u003dl,F\u003d7)}},W\u003dthis||self,p\u003dW.requestIdleCallback?function(l){requestIdleCallback(function(){l()},{timeout:4})}:W.setImmediate?function(l){setImmediate(l)}:function(l){setTimeout(l,0)},K\u003dfunction(l,O,a,g,r,U){return c.call(this,l,15,O,a,g,r,U)},L\u003dfunction(l,O,a,g,r,U,z,D){return c.call(this,l,16,O,a,g,r,U,z,D)},q\u003dfunction(l){return c.call(this,l,48)},w;((w\u003dW.botguard||(W.botguard\u003d{}),w.m\u003e40)||(w.m\u003d41,w.bg\u003dK,w.a\u003dL),w).ybm_\u003dfunction(l,O,a,g,r,U,z,D,I,n,f){return[function(V){return D?D(V):\"FNL~\"},(m(\"bg\",(I\u003datob(l.substr((n\u003dl.lastIndexOf(\"//\"),n+2))),95),29,I,16,512,66,35,function(V,d,Z,X,Q,u,b,P){b\u003d44;{P\u003d57;while(true)try{if(b\u003d\u003d54)break;else if(b\u003d\u003d1){D\u003d(f\u003d(Q\u003dV.eval(m(\"bg\",95,(P\u003d67,null),V,8,\"1\",\"\",\"error\")(Array(Math.random()*7824|0).join(\"\\n\")+['//# sourceMappingURL\u003ddata:application/json;charset\u003dutf-8;base64,eyJ2ZXJzaW9uIjogMywic291cmNlcyI6WyIiXSwic291cmNlc0NvbnRlbnQiOlsiICJdLCJuYW1lcyI6WyJjbG9zdXJlRHluYW1pY0J1dHRvbiJdLCJtYXBwaW5ncyI6IkFBQUE7QUFBQTtBQUFBO0FBQUE7QUFBQTtBQUFBO0FBQUEifQ\u003d\u003d',\n'(function(){/*',\n'',\n' Copyright Google LLC',\n' SPDX-License-Identifier: Apache-2.0',\n'*/',\n'var JP\u003dfunction(v,V,J,D,l,G,F,d,g,O){for(g\u003d78;g!\u003d70;)if(g\u003d\u003d63)this.n++,V\u003dJ-this.L,this.L+\u003dV/this.n,this.LR+\u003dV*(J-this.L),g\u003d21;else if(g\u003d\u003d11)G\u003dv,g\u003d17;else if(g\u003d\u003d17)O\u003dG,g\u003d13;else if(g\u003d\u003d64)g\u003dJ.XT?11:44;else if(g\u003d\u003d21)g\u003dD-6\u003e\u003e3\u003d\u003d1?64:13;else if(g\u003d\u003d85)g\u003dD-1\u003e\u003e3\u003d\u003d1?63:21;else if(g\u003d\u003d78)g\u003d50;else{if(g\u003d\u003d13)return O;g\u003d\u003d50?g\u003d(D-5|41)\u003cD\u0026\u0026(D-6|31)\u003e\u003dD?37:85:g\u003d\u003d37?(this.listener\u003dG,this.proxy\u003dnull,this.src\u003dJ,this.type\u003dF,this.capture\u003d!!l,this.Dc\u003dV,this.key\u003d++iR,this.XT\u003dthis.ou\u003dfalse,g\u003d85):g\u003d\u003d44\u0026\u0026(l\u003dnew v_(V,this),F\u003dJ.Dc||J.src,d\u003dJ.listener,J.ou\u0026\u0026t_(33,0,18,null,J),G\u003dd.call(F,l),g\u003d17)}},GZ\u003dfunction(v,V,J,D,l,G,F,d){{F\u003d14;while(F!\u003d8)if(F\u003d\u003d59)l\u003dJ,d\u003dfunction(){return l\u003cD.length?{done:false,value:D[l++]}:{done:true}},F\u003d29;else if(F\u003d\u003d54)F\u003d83;else if(F\u003d\u003d83)F\u003d((V|8)\u00267)\u003d\u003d1?59:29;else if(F\u003d\u003dv)l.sd(function(g){G\u003dg},J,D),d\u003dG,F\u003d81;else{if(F\u003d\u003d81)return d;F\u003d\u003d29?F\u003d((V^51)\u00267)\u003d\u003d1?v:81:F\u003d\u003d14?F\u003d97:F\u003d\u003d97\u0026\u0026(F\u003dV+1\u003e\u003e4?83:54)}}},Xa\u003dfunction(v,V,J,D,l,G,F,d,g,O,t,a){for(a\u003d12;a!\u003d91;)if(a\u003d\u003d49)a\u003d70;else if(a\u003d\u003d29)a\u003d(V|3)\u003e\u003d13\u0026\u0026((V^33)\u00264)\u003c3?14:86;else if(a\u003d\u003d83)a\u003dF\u003e7?45:8;else if(a\u003d\u003d12)a\u003d90;else if(a\u003d\u003d14)D\u003d[],F\u003dO\u003d0,a\u003d49;else if(a\u003d\u003d45)F-\u003d8,D.push((g\u003dG\u003e\u003eF,-~g+(g^255)+2*(~g^255)-(g|-256))),a\u003d79;else if(a\u003d\u003d78){if(l\u003dJ.length,l\u003ev){for(D\u003d(G\u003dArray(l),v);D\u003cl;D++)G[D]\u003dJ[D];t\u003dG}else t\u003d[];a\u003d67}else if(a\u003d\u003d8)O++,a\u003d70;else if(a\u003d\u003d79)a\u003d83;else if(a\u003d\u003d63)a\u003d83;else if(a\u003d\u003d70)a\u003dO\u003cv.length?73:21;else if(a\u003d\u003d21)t\u003dD,a\u003d86;else if(a\u003d\u003d73)F+\u003dJ,G\u003d(d\u003dG\u003c\u003cJ,l\u003dv[O],-~(d\u0026l)+(d^l)+(~d\u0026l)+(d|~l)),a\u003d63;else if(a\u003d\u003d67)a\u003dV\u003e\u003e2\u003c19\u0026\u0026((V|1)\u002611)\u003e\u003d6?59:29;else if(a\u003d\u003d59){for(F in l\u003dv,D.X){for(G\u003d(d\u003dv,D).X[F];d\u003cG.length;d++)++l,C(6,J,G[d]);D.vr--,delete D.X[F]}a\u003d29}else{if(a\u003d\u003d86)return t;a\u003d\u003d90\u0026\u0026(a\u003d(V\u002662)\u003d\u003dV?78:67)}},U6\u003dfunction(v,V,J,D,l,G,F,d,g,O,t,a,U,n,r){{n\u003d63;while(n!\u003d46)if(n\u003d\u003d55)n\u003d(V-7\u00267)\u003d\u003d2?25:12;else if(n\u003d\u003d54)U\u003dlR(65,22),a.proxy\u003dU,U.src\u003dd,U.listener\u003da,n\u003d82;else{if(n\u003d\u003d34)throw Error(\"addEventListener and attachEvent are unavailable.\");if(n\u003d\u003d74)d.attachEvent(t_(33,F.toString(),3,\"on\"),U),n\u003d44;else if(n\u003d\u003d12)n\u003d((V|4)\u002615)\u003e\u003d0\u0026\u0026(V^29)\u003c16?88:78;else if(n\u003d\u003d98)n\u003dd.addListener\u0026\u0026d.removeListener?19:34;else if(n\u003d\u003d19)d.addListener(U),n\u003d44;else if(n\u003d\u003d36)n\u003dV\u003c\u003c2\u002615?55:95;else if(n\u003d\u003d44)GB++,n\u003d55;else if(n\u003d\u003d53)O\u003dP(69,v,g)?!!g.capture:!!g,(t\u003dVJ(33,32,d))||(d[vB]\u003dt\u003dnew J_(d)),a\u003dt.add(F,G,l,O,D),n\u003d1;else if(n\u003d\u003d95)n\u003dF?53:66;else if(n\u003d\u003d89)n\u003dd.attachEvent?74:98;else if(n\u003d\u003d63)n\u003d36;else if(n\u003d\u003d88){if(O\u003dG.J.X[String(J)]){for(d\u003d(F\u003d(O\u003dO.concat(),v),0);d\u003cO.length;++d)(a\u003dO[d])\u0026\u0026!a.XT\u0026\u0026a.capture\u003d\u003dl\u0026\u0026(g\u003da.listener,t\u003da.Dc||a.src,a.ou\u0026\u0026C(23,null,G.J,a),F\u003dg.call(t,D)!\u003d\u003dfalse\u0026\u0026F);r\u003dF\u0026\u0026!D.defaultPrevented}else r\u003dv;n\u003d78}else{if(n\u003d\u003d66)throw Error(\"Invalid event type\");if(n\u003d\u003d78)return r;n\u003d\u003d1?n\u003da.proxy?55:54:n\u003d\u003d82?n\u003dd.addEventListener?40:89:n\u003d\u003d25?(this.O\u003dv,n\u003d12):n\u003d\u003d40\u0026\u0026(a6||(g\u003dO),g\u003d\u003d\u003dvoid 0\u0026\u0026(g\u003dJ),d.addEventListener(F.toString(),U,g),n\u003d44)}}}},B\u003dfunction(v,V,J,D,l,G,F,d,g,O,t){for(t\u003d22;t!\u003d67;)if(t\u003d\u003d97)O\u003dV.classList?V.classList:zB(52,V,v,\"\").match(/\\\\S+/g)||[],t\u003d99;else if(t\u003d\u003d38)l\u003dV,l^\u003dl\u003c\u003c13,l^\u003dl\u003e\u003e17,l\u003d(G\u003dl\u003c\u003c5,(l\u0026G)+2*~(l\u0026G)-~l-(l|~G)),(l\u0026\u003dD)||(l\u003d1),O\u003dv^l,t\u003d29;else if(t\u003d\u003d22)t\u003d55;else if(t\u003d\u003d56)t\u003d(J\u003e\u003e1\u002615)\u003e\u003d8\u0026\u0026J\u003e\u003e2\u003c23?97:99;else if(t\u003d\u003d55)t\u003d(J+9\u002613)\u003d\u003d1?5:56;else if(t\u003d\u003d33){if(D.H.length){((D.gl\u0026\u0026\":TQR:TQR:\"(),D).gl\u003dtrue,D).Js\u003dV;try{d\u003dD.v(),D.CR\u003dd,D.wl\u003d0,D.KR\u003d0,D.m0\u003dd,F\u003dWB(16,true,2048,0,false,V,D),G\u003dl?0:10,g\u003dD.v()-D.m0,D.fR+\u003dg,D.Pr\u0026\u0026D.Pr(g-D.T,D.l,D.P,D.KR),D.l\u003dv,D.P\u003dv,D.T\u003d0,g\u003cG||D.V9--\u003c\u003d0||(g\u003dMath.floor(g),D.bz.push(g\u003c\u003d254?g:254))}finally{D.gl\u003dv}O\u003dF}t\u003d49}else{if(t\u003d\u003d29)return O;if(t\u003d\u003d49)t\u003dJ\u003e\u003e1\u003c6\u0026\u0026(J\u003c\u003c2\u00266)\u003e\u003d4?38:29;else if(t\u003d\u003d99)t\u003d(J^50)\u003c25\u0026\u0026(J|7)\u003e\u003d20?33:49;else if(t\u003d\u003d5){a:{for(F\u003d(G\u003d[D\u003d\u003dtypeof globalThis\u0026\u0026globalThis,l,D\u003d\u003dtypeof window\u0026\u0026window,D\u003d\u003dtypeof self\u0026\u0026self,D\u003d\u003dtypeof global\u0026\u0026global],V);F\u003cG.length;++F)if((d\u003dG[F])\u0026\u0026d[v]\u003d\u003dMath){O\u003dd;break a}throw Error(\"Cannot find global object\");}t\u003d56}}},x4\u003dfunction(v,V,J,D,l,G,F,d,g,O,t,a,U,n){for(U\u003d46;U!\u003d39;)if(U\u003d\u003d44)U\u003d(v-6\u00268)\u003c6\u0026\u0026v\u003c\u003c1\u003e\u003d22?50:28;else{if(U\u003d\u003d74)return n;if(U\u003d\u003d50){if(G.O\u003d((G.V+\u003d(d\u003d(t\u003d(g\u003d(V||G.wl++,G.J6)\u003e0\u0026\u0026G.gl\u0026\u0026G.Js\u0026\u0026G.uz\u003c\u003d1\u0026\u0026!G.o\u0026\u0026!G.Z\u0026\u0026(!V||G.Xt-D\u003e1)\u0026\u0026document.hidden\u003d\u003d0,(F\u003dG.wl\u003d\u003d4)||g)?G.v():G.CR,t-G.CR),d\u003e\u003eJ)\u003e0,G.D)\u0026\u0026(G.D^\u003d(G.V+1\u003e\u003e2)*(d\u003c\u003c2)),G.V+1\u003e\u003e2!\u003d0)||G.O,F||g)G.CR\u003dt,G.wl\u003d0;U\u003d(g?(G.J6\u003eG.KR\u0026\u0026(G.KR\u003dG.J6),t-G.m0\u003cG.J6-(l?255:V?5:2)?n\u003dfalse:(G.Xt\u003dD,O\u003de(G,V?300:305),c(G,305,G.A),G.H.push([yJ,O,V?D+1:D,G.l,G.P]),G.Z\u003dLU,n\u003dtrue)):n\u003dfalse,28)}else U\u003d\u003d28?U\u003d(v+5\u002630)\u003e\u003dv\u0026\u0026(v-6^11)\u003cv?8:30:U\u003d\u003d79?(G+\u003dJ.charCodeAt(t),G+\u003dG\u003c\u003c10,G\u003d(g\u003dG\u003e\u003e6,-1+(G\u0026~g)-(G|~g)),U\u003d72):U\u003d\u003d8?(pU.call(this,J?J.type:\"\"),this.relatedTarget\u003dthis.currentTarget\u003dthis.target\u003dnull,this.button\u003dthis.screenY\u003dthis.screenX\u003dthis.clientY\u003dthis.clientX\u003dthis.offsetY\u003dthis.offsetX\u003d0,this.key\u003d\"\",this.charCode\u003dthis.keyCode\u003d0,this.metaKey\u003dthis.shiftKey\u003dthis.altKey\u003dthis.ctrlKey\u003dfalse,this.state\u003dnull,this.pointerId\u003d0,this.pointerType\u003d\"\",this.timeStamp\u003d0,this.G\u003dnull,J\u0026\u0026this.init(J,V),U\u003d30):U\u003d\u003d12?(G\u003dt\u003d0,U\u003d36):U\u003d\u003d46?U\u003d44:U\u003d\u003d4?U\u003dt\u003cJ.length?79:69:U\u003d\u003d72?(t++,U\u003d4):U\u003d\u003d30?U\u003d(v\u002659)\u003d\u003dv?12:74:U\u003d\u003d69?(G+\u003dG\u003c\u003c3,G\u003d(O\u003dG\u003e\u003e11,~G-~(G|O)+(G\u0026~O)),d\u003dG+(G\u003c\u003c15)\u003e\u003e\u003e0,l\u003dnew Number((F\u003d(a\u003d1\u003c\u003cV,~(a\u00261)-~(a|1)-2*(~a\u00261)),-(d|0)-~F-~(d|F)+2*(d|~F))),l[0]\u003d(d\u003e\u003e\u003eV)%D,n\u003dl,U\u003d74):U\u003d\u003d36\u0026\u0026(U\u003d4)}},zB\u003dfunction(v,V,J,D,l,G,F,d,g,O,t){{t\u003d32;while(t!\u003d87)if(t\u003d\u003d42){a:{for(F\u003dD;F\u003cV.length;++F)if(d\u003dV[F],!d.XT\u0026\u0026d.listener\u003d\u003dG\u0026\u0026d.capture\u003d\u003d!!J\u0026\u0026d.Dc\u003d\u003dl){O\u003dF;break a}O\u003d-1}t\u003d41}else if(t\u003d\u003d19)t\u003dArray.isArray(d)?78:10;else if(t\u003d\u003d78)g\u003dJ,t\u003d53;else{if(t\u003d\u003d64)return O;if(t\u003d\u003d85)t\u003d(v-2|78)\u003e\u003dv\u0026\u0026(v-3^10)\u003cv?42:41;else if(t\u003d\u003d8)zB(5,V,0,null,l,G,F,d[g]),t\u003d75;else if(t\u003d\u003d88)t\u003d(v|24)\u003d\u003dv?3:89;else if(t\u003d\u003d41)t\u003d(v|48)\u003d\u003dv?62:64;else if(t\u003d\u003d72)t\u003d(v\u002677)\u003d\u003dv?19:88;else if(t\u003d\u003d70)t\u003dg\u003cd.length?8:88;else if(t\u003d\u003d75)g++,t\u003d70;else if(t\u003d\u003d62)O\u003dtypeof V.className\u003d\u003d\"string\"?V.className:V.getAttribute\u0026\u0026V.getAttribute(J)||D,t\u003d64;else if(t\u003d\u003d3){a:if(typeof V\u003d\u003d\u003d\"string\")O\u003dtypeof l!\u003d\u003d\"string\"||l.length!\u003dJ?-1:V.indexOf(l,D);else{for(G\u003dD;G\u003cV.length;G++)if(G in V\u0026\u0026V[G]\u003d\u003d\u003dl){O\u003dG;break a}O\u003d-1}t\u003d89}else t\u003d\u003d89?t\u003dv-9\u003e\u003e3\u003d\u003d1?96:85:t\u003d\u003d96?(G\u003dtypeof l,F\u003dG!\u003dV?G:l?Array.isArray(l)?\"array\":G:\"null\",O\u003dF\u003d\u003dD||F\u003d\u003dV\u0026\u0026typeof l.length\u003d\u003dJ,t\u003d85):t\u003d\u003d32?t\u003d72:t\u003d\u003d10?(V\u003dbR(V,13),l\u0026\u0026l[HB]?l.J.add(String(d),V,true,P(5,D,F)?!!F.capture:!!F,G):U6(null,8,false,G,true,V,d,l,F),t\u003d88):t\u003d\u003d53\u0026\u0026(t\u003d70)}}},Z\u003dfunction(v,V,J,D,l,G,F){for(G\u003d87;G!\u003d48;)if(G\u003d\u003d30)l\u003dObject.prototype.hasOwnProperty.call(V,TB)\u0026\u0026V[TB]||(V[TB]\u003d++Mv),G\u003d0;else if(G\u003d\u003d0)G\u003d(v+6^13)\u003cv\u0026\u0026(v-9|44)\u003e\u003dv?85:21;else if(G\u003d\u003d53)G\u003d(v+8^18)\u003cv\u0026\u0026v-1\u003c\u003c1\u003e\u003dv?30:0;else if(G\u003d\u003d79)G\u003d(v+2\u002658)\u003cv\u0026\u0026(v-4^6)\u003e\u003dv?1:53;else if(G\u003d\u003d87)G\u003d73;else if(G\u003d\u003d73)G\u003d(v\u0026124)\u003d\u003dv?54:79;else if(G\u003d\u003d90)G\u003d94;else{if(G\u003d\u003d94)return l;G\u003d\u003d1?(V.jb\u0026\u0026V.jb.forEach(J,void 0),G\u003d53):G\u003d\u003d21?G\u003d(v-4^10)\u003cv\u0026\u0026(v-2^7)\u003e\u003dv?90:94:G\u003d\u003d85?(F\u003dfunction(){},F.prototype\u003dD.prototype,J.C\u003dD.prototype,J.prototype\u003dnew F,J.prototype.constructor\u003dJ,J.BU\u003dfunction(d,g,O){for(var t\u003d40;t!\u003d75;)if(t\u003d\u003d16)a[U-V]\u003darguments[U],t\u003d4;else{if(t\u003d\u003d46)return D.prototype[g].apply(d,a);if(t\u003d\u003d4)U++,t\u003d19;else if(t\u003d\u003d40)var a\u003dArray(arguments.length-(t\u003d93,V)),U\u003dV;else t\u003d\u003d93?t\u003d19:t\u003d\u003d19\u0026\u0026(t\u003dU\u003carguments.length?16:46)}},G\u003d21):G\u003d\u003d54\u0026\u0026(this.n\u003d\u003d\u003d0?l\u003d[0,0]:(this.i.sort(function(d,g){return d-g}),l\u003d[this.n,this.i[this.i.length\u003e\u003e1]]),G\u003d79)}},I6\u003dfunction(v,V,J,D,l,G,F,d,g,O,t){{O\u003d47;while(O!\u003d37)if(O\u003d\u003d0)O\u003d(F\u003dJ)?62:17;else{if(O\u003d\u003d72)return t;O\u003d\u003d25?O\u003d9:O\u003d\u003d83?(d\u003dZ(10,g),O\u003d68):O\u003d\u003d54?(D\u003dG(J).replace(/\\\\+/g,\"-\").replace(/\\\\//g,\"_\").replace(/\u003d/g,\"\"),O\u003d8):O\u003d\u003d59?O\u003d27:O\u003d\u003d9?O\u003dl\u003cV.length?33:54:O\u003d\u003d7?(J.m\u003d((J.m?J.m+\"~\":\"E:\")+D.message+\":\"+D.stack).slice(0,V),O\u003d89):O\u003d\u003d12?(Nv.call(this,D),O\u003d0):O\u003d\u003d87?O\u003d(v\u003c\u003c1\u002619)\u003d\u003d2?48:96:O\u003d\u003d77?(l\u003d0,J\u003d\"\",O\u003d25):O\u003d\u003d26?O\u003d27:O\u003d\u003d89?O\u003d(v|80)\u003d\u003dv?19:72:O\u003d\u003d68?O\u003d(l\u003dPB[d])?57:44:O\u003d\u003d3?O\u003dG?77:2:O\u003d\u003d13?O\u003d(v\u002614)\u003d\u003dv?7:89:O\u003d\u003d33?(J+\u003dString.fromCharCode.apply(null,V.slice(l,l+8192)),O\u003d46):O\u003d\u003d47?O\u003d87:O\u003d\u003d91?(F\u003dl?typeof l.nR\u003d\u003d\u003d\"function\"?l.nR():new l:null,O\u003d62):O\u003d\u003d48?(fU.call(this,V,J||uR.nR(),D),O\u003d96):O\u003d\u003d44?(g\u003d(G\u003dObject.getPrototypeOf(g.prototype))\u0026\u0026G.constructor,O\u003d59):O\u003d\u003d8?(t\u003dD,O\u003d72):O\u003d\u003d17?(g\u003dthis.constructor,O\u003d26):O\u003d\u003d40?(t\u003dzB(25,D,1,V,J)\u003e\u003dV,O\u003d13):O\u003d\u003d27?O\u003dg?83:91:O\u003d\u003d57?O\u003d91:O\u003d\u003d62?(this.U\u003dF,O\u003d10):O\u003d\u003d10?O\u003d(v|40)\u003d\u003dv?40:13:O\u003d\u003d46?(l+\u003d8192,O\u003d9):O\u003d\u003d19?(G\u003dwindow.btoa,O\u003d3):O\u003d\u003d96?O\u003d(v+5\u002640)\u003e\u003dv\u0026\u0026(v-5^28)\u003cv?12:10:O\u003d\u003d2\u0026\u0026(D\u003dvoid 0,O\u003d8)}}},lR\u003dfunction(v,V,J,D,l,G,F,d,g,O,t,a,U){{U\u003d48;while(U!\u003d36)if(U\u003d\u003d82)d++,U\u003d72;else if(U\u003d\u003d84)U\u003d72;else if(U\u003d\u003d64)zB(8,G,D,J,g,l,F,d),U\u003d45;else if(U\u003d\u003d54)U\u003d74;else if(U\u003d\u003d66)U\u003d(V^11)\u003e\u003e4?45:78;else if(U\u003d\u003d47)F\u003dG.length,g\u003dtypeof G\u003d\u003d\u003d\"string\"?G.split(D):G,d\u003dJ,U\u003d84;else if(U\u003d\u003d17)O\u003dD,U\u003d54;else if(U\u003d\u003d48)U\u003d3;else if(U\u003d\u003d31)U\u003dArray.isArray(d)?17:5;else if(U\u003d\u003d74)U\u003dO\u003cd.length?61:45;else if(U\u003d\u003d0)O++,U\u003d74;else if(U\u003d\u003d91)d in g\u0026\u0026l.call(void 0,g[d],d,G),U\u003d82;else if(U\u003d\u003d5)G\u003dbR(G,11),g\u0026\u0026g[HB]?g.J.add(String(d),G,false,P(v,J,F)?!!F.capture:!!F,l):U6(null,12,false,l,false,G,d,g,F),U\u003d45;else if(U\u003d\u003d78)U\u003dF\u0026\u0026F.once?64:31;else if(U\u003d\u003d72)U\u003dd\u003cF?91:66;else if(U\u003d\u003d51)a\u003dfunction(n){return J.call(a.src,a.listener,n)},J\u003d$H,t\u003da,U\u003d49;else{if(U\u003d\u003d49)return t;U\u003d\u003d3?U\u003dV\u003e\u003e2\u00265?66:47:U\u003d\u003d45?U\u003d(V+8^10)\u003cV\u0026\u0026(V-5^13)\u003e\u003dV?51:49:U\u003d\u003d61\u0026\u0026(lR(65,5,null,0,l,G,F,d[O],g),U\u003d0)}}},t_\u003dfunction(v,V,J,D,l,G,F,d,g,O,t){for(O\u003d96;O!\u003d39;)if(O\u003d\u003d10)this.n++,O\u003d69;else if(O\u003d\u003d51)O\u003d(J\u002629)\u003d\u003dJ?94:92;else if(O\u003d\u003d5)O\u003dg?0:46;else if(O\u003d\u003d62)F\u003dl.src,O\u003d80;else if(O\u003d\u003d0)C(38,D,g,l),O\u003d48;else if(O\u003d\u003d96)O\u003d51;else if(O\u003d\u003d80)O\u003dF\u0026\u0026F[HB]?16:41;else if(O\u003d\u003d1)V\u003dMath.floor(Math.random()*this.n),V\u003c50\u0026\u0026(this.i[V]\u003dD),O\u003d42;else if(O\u003d\u003d42)O\u003d(J+1\u00266)\u003d\u003d2?73:72;else if(O\u003d\u003d61)this.i.push(D),O\u003d42;else if(O\u003d\u003d94)this.type\u003dD,this.currentTarget\u003dthis.target\u003dV,this.defaultPrevented\u003dthis.t6\u003dfalse,O\u003d92;else if(O\u003d\u003d48)O\u003dg.vr\u003d\u003dV?45:72;else if(O\u003d\u003d47)t\u003dV in A_?A_[V]:A_[V]\u003dD+V,O\u003d30;else if(O\u003d\u003d45)g.src\u003dD,F[vB]\u003dD,O\u003d72;else if(O\u003d\u003d69)O\u003dthis.i.length\u003c50?61:1;else if(O\u003d\u003d46)C(3,D,l),O\u003d72;else if(O\u003d\u003d41)d\u003dl.type,G\u003dl.proxy,F.removeEventListener?F.removeEventListener(d,G,l.capture):F.detachEvent?F.detachEvent(t_(33,d,6,\"on\"),G):F.addListener\u0026\u0026F.removeListener\u0026\u0026F.removeListener(G),GB--,g\u003dVJ(v,10,F),O\u003d5;else{if(O\u003d\u003d72)return t;O\u003d\u003d92?O\u003d(J|8)\u003e\u003e4?30:47:O\u003d\u003d16?(C(25,D,F.J,l),O\u003d72):O\u003d\u003d73?O\u003dtypeof l!\u003d\u003d\"number\"\u0026\u0026l\u0026\u0026!l.XT?62:72:O\u003d\u003d30\u0026\u0026(O\u003d(J|56)\u003d\u003dJ?10:42)}},bR\u003dfunction(v,V,J,D,l,G,F,d,g,O,t,a,U,n){for(U\u003d2;U!\u003d54;)if(U\u003d\u003d2)U\u003d34;else if(U\u003d\u003d18)a\u003ddV[J](dV.prototype,{prototype:v,propertyIsEnumerable:v,floor:v,console:v,parent:v,length:v,stack:v,document:v,pop:v,splice:v,replace:v,call:v}),U\u003d70;else if(U\u003d\u003d25)U\u003d(V\u002692)\u003d\u003dV?4:58;else if(U\u003d\u003d58)U\u003d(V\u0026105)\u003d\u003dV?21:80;else if(U\u003d\u003d94)t\u003dF[g],U\u003d32;else if(U\u003d\u003d79){if(G\u003dv,(l\u003du.trustedTypes)\u0026\u0026l.createPolicy){try{G\u003dl.createPolicy(J,{createHTML:gV,createScript:gV,createScriptURL:gV})}catch(r){if(u.console)u.console[D](r.message)}a\u003dG}else a\u003dG;U\u003d25}else if(U\u003d\u003d80)U\u003d(V|7)\u003e\u003d15\u0026\u0026(V^10)\u003c23?46:99;else if(U\u003d\u003d62)g++,U\u003d59;else if(U\u003d\u003d59)U\u003dg\u003cF.length?94:80;else if(U\u003d\u003d86)U\u003d59;else if(U\u003d\u003d46)typeof v\u003d\u003d\u003d\"function\"?a\u003dv:(v[nU]||(v[nU]\u003dfunction(r){return v.handleEvent(r)}),a\u003dv[nU]),U\u003d99;else if(U\u003d\u003d21)n\u003dfunction(r){r\u0026\u0026G.appendChild(typeof r\u003d\u003d\u003d\"string\"?d.createTextNode(r):r)},g\u003d1,U\u003d86;else if(U\u003d\u003d4)F.classList?F.classList.remove(G):(F.classList?F.classList.contains(G):I6(41,D,G,B(v,F,20)))\u0026\u0026Y(F,l,68,Array.prototype.filter.call(B(v,F,19),function(r){return r!\u003dG}).join(J)),U\u003d58;else if(U\u003d\u003d97){a:{if(t\u0026\u0026typeof t.length\u003d\u003d\"number\"){if(P(61,v,t)){O\u003dtypeof t.item\u003d\u003d\"function\"||typeof t.item\u003d\u003dD;break a}if(typeof t\u003d\u003d\u003d\"function\"){O\u003dtypeof t.item\u003d\u003d\"function\";break a}}O\u003dfalse}U\u003d(lR(65,32,J,\"\",n,O?Xa(J,6,t):t),62)}else if(U\u003d\u003d34)U\u003dV-1\u00269?25:79;else if(U\u003d\u003d16)n(t),U\u003d62;else if(U\u003d\u003d32)U\u003d!zB(19,\"object\",\"number\",l,t)||P(29,v,t)\u0026\u0026t.nodeType\u003eJ?16:97;else if(U\u003d\u003d99)U\u003d(V^44)\u003c31\u0026\u0026V\u003e\u003e1\u003e\u003d22?18:70;else if(U\u003d\u003d70)return a},WB\u003dfunction(v,V,J,D,l,G,F,d,g,O,t,a,U,n){for(t\u003d30,n\u003d94;;)try{if(t\u003d\u003d96)break;else if(t\u003d\u003d26)U\u003dg,t\u003d51;else if(t\u003d\u003d80)t\u003dF.H.length?24:26;else if(t\u003d\u003d85)t\u003d80;else if(t\u003d\u003d45)n\u003d10,g\u003dE6(null,D,O,F),t\u003d94;else if(t\u003d\u003d33)t\u003d80;else if(t\u003d\u003d81)d\u003dF.Z,d(function(){B(l,V,33,F,V)}),t\u003d26;else if(t\u003d\u003d94)n\u003d94,t\u003d3;else if(t\u003d\u003d24)F.Z\u003dnull,O\u003dF.H.pop(),t\u003d45;else if(t\u003d\u003d30)t\u003d65;else if(t\u003d\u003d65)t\u003d(v^16)\u003e\u003e3?51:33;else if(t\u003d\u003d3)t\u003dG\u0026\u0026F.Z?81:85;else if(t\u003d\u003d51)t\u003d(v\u003e\u003e2\u00265)\u003d\u003d1?9:87;else if(t\u003d\u003d9)this.pR\u003du.document||document,t\u003d87;else{if(t\u003d\u003d87)return U;t\u003d\u003d13\u0026\u0026(n\u003d94,I6(12,J,F,a),t\u003d94)}}catch(r){if(n\u003d\u003d94)throw r;n\u003d\u003d10\u0026\u0026(a\u003dr,t\u003d13)}},cB\u003dfunction(v,V,J,D,l,G,F){for(F\u003d0;F!\u003d53;)if(F\u003d\u003d63)F\u003d(v-4^25)\u003e\u003dv\u0026\u0026(v-1|6)\u003cv?45:73;else if(F\u003d\u003d90)V.Sb\u003dvoid 0,V.nR\u003dfunction(){return V.Sb?V.Sb:V.Sb\u003dnew V},F\u003d38;else if(F\u003d\u003d33)F\u003dV?67:78;else{if(F\u003d\u003d73)return G;if(F\u003d\u003d38)F\u003d(v\u002627)\u003d\u003dv?75:63;else{if(F\u003d\u003d84)throw Error(\"Invalid decorator function \"+J);if(F\u003d\u003d45)wV.call(this),this.J\u003dnew J_(this),this.HU\u003dthis,this.Wr\u003dnull,F\u003d73;else{if(F\u003d\u003d78)throw Error(\"Invalid class name \"+V);F\u003d\u003d75?(G\u003d!!(l\u003dD.UD,(l|V)-(l^J)+(~l\u0026J)),F\u003d63):F\u003d\u003d67?F\u003dtypeof J!\u003d\u003d\"function\"?84:28:F\u003d\u003d0?F\u003d13:F\u003d\u003d28?F\u003dv+3\u00267?38:90:F\u003d\u003d13\u0026\u0026(F\u003dv\u003e\u003e2\u003e\u003d12\u0026\u0026(v\u003e\u003e2\u002616)\u003c2?33:28)}}}},VJ\u003dfunction(v,V,J,D,l,G){{G\u003d93;while(G!\u003d27)if(G\u003d\u003d66)l\u003dJ\u0026\u0026J.parentNode?J.parentNode.removeChild(J):null,G\u003d36;else if(G\u003d\u003dv)D\u003dJ[vB],l\u003dD instanceof J_?D:null,G\u003d65;else if(G\u003d\u003d93)G\u003d68;else if(G\u003d\u003d68)G\u003d(V|16)\u003d\u003dV?66:36;else if(G\u003d\u003d36)G\u003d((V^27)\u00265)\u003d\u003d1?v:65;else if(G\u003d\u003d65)return l}},tP\u003dfunction(v,V,J,D,l,G,F,d,g,O,t,a,U,n){{n\u003d54;while(n!\u003d77)if(n\u003d\u003d14)n\u003d3;else if(n\u003d\u003d93)n\u003dt?85:0;else if(n\u003d\u003d67)a\u003dV,n\u003d14;else if(n\u003d\u003d55)O\u003dP(37,J,D)?!!D.capture:!!D,F\u003dbR(F,10),n\u003d6;else if(n\u003d\u003d4)V8.call(this),V||lP||(lP\u003dnew Dv),this.Od\u003dvoid 0,this.jb\u003dthis.y9\u003dthis.ts\u003dthis.S\u003dnull,this.Q9\u003dfalse,this.FT\u003dnull,this.TJ\u003dfalse,n\u003d99;else if(n\u003d\u003d87)this[this+\"\"]\u003dthis,n\u003d64;else if(n\u003d\u003d6)n\u003dl\u0026\u0026l[HB]?2:44;else if(n\u003d\u003d92)t\u003dVJ(33,8,l),n\u003d93;else if(n\u003d\u003d2)l.J.remove(String(G),F,O,d),n\u003d0;else if(n\u003d\u003d85)(g\u003dt.TH(F,d,O,G))\u0026\u0026t_(33,0,26,null,g),n\u003d0;else if(n\u003d\u003d54)n\u003d25;else if(n\u003d\u003d46)n\u003d(v\u003e\u003e2\u002623)\u003d\u003d3?59:0;else if(n\u003d\u003d0)n\u003d(v|48)\u003d\u003dv?87:64;else{if(n\u003d\u003d64)return U;n\u003d\u003d99?n\u003d(v|88)\u003d\u003dv?97:49:n\u003d\u003d59?n\u003dArray.isArray(G)?67:55:n\u003d\u003d97?(U\u003dMath.floor(this.v()),n\u003d49):n\u003d\u003d49?n\u003d(v\u002629)\u003d\u003dv?74:46:n\u003d\u003d3?n\u003da\u003cG.length?84:0:n\u003d\u003d84?(tP(14,0,null,D,l,G[a],F,d),n\u003d41):n\u003d\u003d74?(this.R\u003dthis.R,this.zH\u003dthis.zH,n\u003d46):n\u003d\u003d44?n\u003dl?92:0:n\u003d\u003d25?n\u003d(v\u003e\u003e2\u00267)\u003d\u003d2?4:99:n\u003d\u003d41\u0026\u0026(a++,n\u003d3)}}},R\u003dfunction(v,V,J,D,l,G,F,d,g,O,t){((V-1|29)\u003cV\u0026\u0026(V+7^26)\u003e\u003dV\u0026\u0026(J\u003d[83,-56,6,-90,43,36,J,74,94,-13],F\u003d2*(G|0)-(G|7)+~G- -8,d\u003do6,g\u003ddV[l.W](l.CJ),g[l.W]\u003dfunction(a){F+\u003d(O\u003da,6)+7*G,F\u0026\u003d7},g.concat\u003dfunction(a,U,n,r){return((O\u003d(a\u003d(r\u003d1558*O+v*O*O-(n\u003dD%16+1,-2128*D)*O+3*D*D*n-114*D*D*O+(d()|0)*n-n*O+J[U\u003dF+75,(U|0)+(U\u0026-8)-2*(U^7)+2*(~U\u00267)]*D*n+F,J[r]),void 0),J)[(F+69\u00267)+(G\u00262)]\u003da,J)[F+(G\u00262)]\u003d-56,a},t\u003dg),(V|40)\u003d\u003dV\u0026\u0026(v.o?t\u003dqv(v.g,v):(D\u003dQJ(v,true,8),D\u0026128\u0026\u0026(D\u003d(D|128)+~(D|128)+(D\u0026-129)-(D|-129),l\u003dQJ(v,true,2),D\u003d(J\u003dD\u003c\u003c2,(J|l)-~l+(J|~l))),t\u003dD)),V|72)\u003d\u003dV\u0026\u0026(v.o?t\u003dqv(v.g,v):(J\u003dQJ(v,true,8),J\u0026128\u0026\u0026(J\u003d(J|128)+~(J|128)+(J\u0026-129)-(J|-129),l\u003dQJ(v,true,2),J\u003d(D\u003dJ\u003c\u003c2,(D|l)-~l+(D|~l))),t\u003dJ)),(V-4\u002630)\u003d\u003d2\u0026\u0026(D\u003dY4(true,8,J),(D|v)- -1+(~D^v)\u0026\u0026(D\u003d(l\u003dD\u0026127,G\u003dY4(true,8,J)\u003c\u003c7,(l|0)-~G+~(l|G)+(l^G))),t\u003dD);for(false;(V\u003c\u003c1\u002614)\u003d\u003d2;0\u003d\u003d![]!\u003d![]){switch(!(G\u003dZf(\"array\",D,\"null\")\u003d\u003d\u003d\"array\"?D:[D],this.m)){case false!\u003d![]!\u003dnull:try{l\u003d!this.H.length,F\u003d[],s6(3,0,this,[R6,F,G]),s6(5,0,this,[eD,v,F]),J\u0026\u0026!l||B(false,J,36,this,true)}catch(a){I6(8,2048,this,a),v(this.m)}break;case !false!\u003d!\"\":v(this.m);break}if(true)break}return(V|48)\u003d\u003dV\u0026\u0026(t\u003d(d\u003d(O\u003d(l\u003dD[J]\u003c\u003c24,G\u003dD[(J|v)+1]\u003c\u003c16,(l|v)-1-(l|~G)),g\u003dD[2*(J\u00262)+(J\u0026-3)+(~J\u00262)]\u003c\u003c8,(g|v)+~g-~(O|g)),F\u003dD[(J|v)+3],(d|v)-(~d^F)+(~d|F))),t},Y\u003dfunction(v,V,J,D,l,G,F,d,g){for(g\u003d94;g!\u003d70;)if(g\u003d\u003d46)c(v,D,V),V[SD]\u003d2796,g\u003d18;else if(g\u003d\u003d7)g\u003d(J\u002676)\u003d\u003dJ?29:52;else if(g\u003d\u003d89)g\u003d(J|7)\u003e\u003e3\u003d\u003d1?14:7;else if(g\u003d\u003d35)V.classList?Array.prototype.forEach.call(v,function(O){bR(\"class\",16,\" \",0,\"string\",O,V)}):Y(V,\"string\",76,Array.prototype.filter.call(B(\"class\",V,17),function(O){return!I6(40,0,O,v)}).join(\" \")),g\u003d15;else{if(g\u003d\u003d15)return d;if(g\u003d\u003d18)g\u003d(J^57)\u003e\u003e4\u003c1\u0026\u0026J-8\u003e\u003d-62?35:15;else if(g\u003d\u003d14){a:{switch(F){case 1:d\u003dG?\"disable\":\"enable\";break a;case v:d\u003dG?\"highlight\":\"unhighlight\";break a;case V:d\u003dG?\"activate\":\"deactivate\";break a;case D:d\u003dG?\"select\":\"unselect\";break a;case 16:d\u003dG?\"check\":\"uncheck\";break a;case l:d\u003dG?\"focus\":\"blur\";break a;case 64:d\u003dG?\"open\":\"close\";break a}throw Error(\"Invalid component state\");}g\u003d7}else g\u003d\u003d52?g\u003d(J+1\u00266)\u003e\u003d0\u0026\u0026(J^44)\u003c6?46:18:g\u003d\u003d29?(typeof v.className\u003d\u003dV?v.className\u003dD:v.setAttribute\u0026\u0026v.setAttribute(\"class\",D),g\u003d52):g\u003d\u003d94\u0026\u0026(g\u003d89)}},C\u003dfunction(v,V,J,D,l,G,F){{F\u003d52;while(F!\u003d74)if(F\u003d\u003d76)F\u003dJ.X[l].length\u003d\u003d0?1:49;else if(F\u003d\u003d52)F\u003d72;else if(F\u003d\u003d82)C(10,V,D),F\u003d76;else if(F\u003d\u003d33)F\u003d(v+9\u002628)\u003cv\u0026\u0026(v-6^13)\u003e\u003dv?59:49;else if(F\u003d\u003d95)this.src\u003dV,this.vr\u003d0,this.X\u003d{},F\u003d33;else if(F\u003d\u003d72)F\u003d((v^54)\u002615)\u003d\u003d2?39:60;else if(F\u003d\u003d15)J.XT\u003dtrue,J.listener\u003dV,J.proxy\u003dV,J.src\u003dV,J.Dc\u003dV,F\u003d9;else if(F\u003d\u003d9)F\u003d(v-6|15)\u003e\u003dv\u0026\u0026(v+6\u002658)\u003cv?95:33;else if(F\u003d\u003d1)delete J.X[l],J.vr--,F\u003d49;else if(F\u003d\u003d59)l\u003dD.type,F\u003d45;else if(F\u003d\u003d45)F\u003dl in J.X\u0026\u0026P(10,1,J.X[l],D)?82:49;else if(F\u003d\u003d68)G\u003dcB(17,0,D,l)\u0026\u0026!!(l.F\u0026D)!\u003dJ\u0026\u0026(!(l.xs\u0026D)||l.dispatchEvent(Y(V,4,9,8,32,J,D)))\u0026\u0026!l.R,F\u003d43;else if(F\u003d\u003d43)F\u003d(v\u003c\u003c2\u002615)\u003e\u003d6\u0026\u0026v+5\u003c17?15:9;else{if(F\u003d\u003d49)return G;F\u003d\u003d39?(G\u003dMath.floor(this.fR+(this.v()-this.m0)),F\u003d60):F\u003d\u003d60\u0026\u0026(F\u003d(v\u002656)\u003d\u003dv?68:43)}}},KU\u003dfunction(v,V,J,D,l,G,F,d,g){{g\u003d53;while(g!\u003d8)if(g\u003d\u003d17)g\u003dV-8\u00265?9:v;else if(g\u003d\u003dv)g\u003dJ.classList?19:51;else if(g\u003d\u003d65){a:{for(F in l)if(G.call(void 0,l[F],F,l)){d\u003dD;break a}d\u003dJ}g\u003d24}else if(g\u003d\u003d51){for(l in G\u003d((Array.prototype.forEach.call(B(\"class\",(F\u003d{},J),16),function(O){F[O]\u003dtrue}),Array.prototype.forEach).call(D,function(O){F[O]\u003dtrue}),\"\"),F)G+\u003dG.length\u003e0?\" \"+l:l;g\u003d(Y(J,\"string\",72,G),9)}else if(g\u003d\u003d13)g\u003dV-2\u003e\u003e5\u003c1\u0026\u0026(V|8)\u003e\u003e4\u003e\u003d1?65:24;else if(g\u003d\u003d23)g\u003d13;else if(g\u003d\u003d19)Array.prototype.forEach.call(D,function(O,t,a){for(a\u003d14;a!\u003d26;)a\u003d\u003d77?(t\u003dzB(51,J,\"class\",\"\"),Y(J,\"string\",64,t+(t.length\u003e0?\" \"+O:O)),a\u003d26):a\u003d\u003d61?(J.classList.add(O),a\u003d26):a\u003d\u003d14?a\u003dJ.classList?61:36:a\u003d\u003d36\u0026\u0026(a\u003d(J.classList?J.classList.contains(O):I6(43,0,O,B(\"class\",J,18)))?26:77)}),g\u003d9;else if(g\u003d\u003d9)g\u003d(V|4)\u003e\u003e4\u003c1\u0026\u0026(V^46)\u003e\u003d11?23:13;else if(g\u003d\u003d53)g\u003d17;else if(g\u003d\u003d24)return d}},s6\u003dfunction(v,V,J,D,l,G,F,d,g,O,t,a,U,n,r,I){{r\u003d62;while(r!\u003d46)if(r\u003d\u003d73)r\u003d(v|40)\u003d\u003dv?2:33;else if(r\u003d\u003d80)r\u003d(v^9)\u003e\u003e3?18:69;else if(r\u003d\u003d2)this[this+\"\"]\u003dthis,I\u003dPromise.resolve(),r\u003d33;else if(r\u003d\u003d69)I\u003dV,r\u003d18;else if(r\u003d\u003d65)r\u003dF?98:35;else if(r\u003d\u003d98){a:{for(n\u003dG.split((O\u003dmn,V)),d\u003dD;d\u003cn.length-l;d++){if(!((U\u003dn[d],U)in O))break a;O\u003dO[U]}(a\u003d(g\u003d(t\u003dn[n.length-l],O[t]),F(g)),a!\u003dg)\u0026\u0026a!\u003dJ\u0026\u0026jD(O,t,{configurable:true,writable:true,value:a})}r\u003d35}else if(r\u003d\u003d70)I\u003dthis.n\u003d\u003d\u003d0?0:Math.sqrt(this.LR/this.n),r\u003d73;else if(r\u003d\u003d57)J.H.splice(V,V,D),r\u003d74;else if(r\u003d\u003d18)r\u003d(v\u003c\u003c2\u002612)\u003c1\u0026\u0026(v|1)\u003e\u003d28?70:73;else if(r\u003d\u003d35)r\u003dv+6\u003e\u003e4?74:57;else if(r\u003d\u003d62)r\u003d80;else if(r\u003d\u003d33)r\u003dv-7\u003c\u003c1\u003e\u003dv\u0026\u0026(v+6^26)\u003cv?65:35;else if(r\u003d\u003d74)return I}},p\u003dfunction(v,V,J,D,l,G,F,d,g,O,t){if((V\u002691)\u003d\u003dV){l\u003dR(D,77);{d\u003dv;while(J\u003ev)d\u003d(F\u003dd\u003c\u003c8,G\u003dY4(true,8,D),(G|v)-1-(~F|G)),J--}m(D,l,d)}return(V\u0026((V|((V\u002630)\u003d\u003dV\u0026\u0026(D\u003ddV[J.W](J.u9),D[J.W]\u003dfunction(){return v},D.concat\u003dfunction(a){v\u003da},O\u003dD),24))\u003d\u003dV\u0026\u0026(v.o?O\u003dqv(v.g,v):(D\u003dQJ(v,true,8),D\u0026128\u0026\u0026(D\u003d(D|128)+~(D|128)+(D\u0026-129)-(D|-129),J\u003dQJ(v,true,2),D\u003d(l\u003dD\u003c\u003c2,(l|J)-~J+(l|~J))),O\u003dD)),115))\u003d\u003dV\u0026\u0026(O\u003dt\u003dfunction(){{var a\u003d28;while(a!\u003d70)if(a\u003d\u003d2){var U\u003dB(false,(s6(3,0,l,r),v),37,l,v);a\u003d60}else if(a\u003d\u003d76)a\u003dG\u003d\u003dJ?2:46;else{if(a\u003d\u003d60)return U;if(a\u003d\u003d46)a\u003dG\u003d\u003d1?65:3;else if(a\u003d\u003d65){var n\u003d!l.H.length;a\u003d(s6(7,0,l,r),n\u0026\u0026B(false,v,32,l,v),60)}else if(a\u003d\u003d3)U\u003dE6(null,0,r,l),a\u003d60;else if(a\u003d\u003d28)a\u003dl.O\u003d\u003dl?62:70;else if(a\u003d\u003d1)var r\u003d[Fl,D,F,(a\u003d76,void 0),d,g,arguments];else a\u003d\u003d62?a\u003dl.N?1:92:a\u003d\u003d92\u0026\u0026(d\u0026\u0026g\u0026\u0026d.removeEventListener(g,t,O$),a\u003d70)}}}),O},CY\u003dfunction(v,V,J,D,l,G,F,d,g,O){for(g\u003d(l.u9\u003d(l.CJ\u003dbR({get:((l.Za\u003dU$,l.fJ\u003ddu,l).As\u003dl[eD],function(){return this.concat()})},44,l.W),dV[l.W](l.CJ,{value:{value:{}}})),0),O\u003d[];g\u003c278;g++)O[g]\u003dString.fromCharCode(g);if((l.Mi\u003d[],l).Ye\u003d[],(l.Js\u003d!(l.O\u003dl,1),l.ED\u003dv,l).Xt\u003d((l.nJ\u003d[],l).N\u003d[],8001),((l.uz\u003d0,l).CR\u003d(l.fR\u003d0,0),l).Da\u003d(l.o\u003dvoid 0,l.J6\u003d0,l.m\u003d(l.h\u003dvoid 0,l.aw\u003d0,void 0),[]),true)d\u003dwindow.performance||{};l.Pr\u003d(l.l\u003dfalse,J);while([])if(l.D\u003dvoid 0,true)break;l.Z\u003d(l.m0\u003d0,((l.A\u003d0,l.T\u003d0,l).Hr\u003dfalse,l.GH\u003dvoid 0,l.V9\u003d25,l).Ed\u003d(l.KR\u003d0,false),l.gn\u003d(l.g\u003dvoid 0,l.Zc\u003d(l.wl\u003dvoid 0,[]),l.V\u003d1,d.timeOrigin)||(d.timing||{}).navigationStart||0,null);while(!(-0!\u003d\u003d0)\u003d\u003d!\"\")if(![\"\"]\u003d\u003d(l.bz\u003d[],0))break;if(l.P\u003d(l.hs\u003dfunction(t){return U6.call(this,t,9)},l.rl\u003dvoid 0,l.gl\u003d(D\u0026\u0026D.length\u003d\u003d2\u0026\u0026(l.nJ\u003dD[0],l.Da\u003dD[1]),false),l.H\u003d[],false),V)try{l.rl\u003dJSON.parse(V)}catch(t){l.rl\u003d{}}Y(l,function(t,a,U,n,r,I,N,z,b){{b\u003d95;while(b!\u003d37)b\u003d\u003d67?b\u003d57:b\u003d\u003d64?(N+\u003dString.fromCharCode(n[z]^121),b\u003d96):b\u003d\u003d14?(m(t,I,a[N]),b\u003d37):b\u003d\u003d57?b\u003dz\u003cn.length?64:14:b\u003d\u003d96?(z++,b\u003d57):b\u003d\u003d95\u0026\u0026(r\u003dR(t,47),U\u003dp(t,60),I\u003dR(t,78),a\u003dk(t,r),n\u003dk(t,U),N\u003d\"\",z\u003d0,b\u003d67)}},41,(Y(l,function(t,a,U,n,r,I,N,z){for(z\u003d27;z!\u003d47;)z\u003d\u003d27?(U\u003dp(t,61),a\u003dR(128,70,t),I\u003d[],N\u003dM(t,454),n\u003d0,r\u003dN.length,z\u003d11):z\u003d\u003d62?(c(t,U,I),z\u003d47):z\u003d\u003d20?z\u003d19:z\u003d\u003d66?(n\u003d((n|0)+(R(128,7,t)|0))%r,I.push(N[n]),z\u003d20):z\u003d\u003d11?z\u003d19:z\u003d\u003d19\u0026\u0026(z\u003da--?66:62)},44,372),331));while(Number()\u003d\u003d\u003d-0)if(Y(l,function(t,a,U,n,r,I,N,z,b){{b\u003d59;while(b!\u003d4)b\u003d\u003d1?b\u003da\u003cn.length?77:47:b\u003d\u003d77?(z+\u003dString.fromCharCode(n[a]^121),b\u003d25):b\u003d\u003d47?(m(t,U,z in I|0),b\u003d4):b\u003d\u003d59?(r\u003dR(t,93),N\u003dR(t,79),U\u003dp(t,59),n\u003dk(t,r),I\u003de(t,N),a\u003d0,z\u003d\"\",b\u003d89):b\u003d\u003d89?b\u003d1:b\u003d\u003d25\u0026\u0026(a++,b\u003d1)}},44,255),{})break;Y(l,function(t,a,U,n){(n\u003dR(t,(a\u003dY4(!(U\u003dR(t,40),0),8,t),90)),h)(n,t,M(t,U)\u003e\u003e\u003ea)},(c(l,138,(((new Xl((Y((m((Y(l,function(t,a,U,n){c(t,(n\u003dp((a\u003dp(t,63),U\u003dR(t,90),t),62),n),k(t,a)||k(t,U))},(Y(l,(c(l,(c((Y(l,function(t){ru(t,1)},(Y(l,function(t,a,U,n,r,I,N,z){c((N\u003dM(t,(n\u003de(t,(U\u003dk(t,(r\u003d(z\u003dp(t,(a\u003d(I\u003dR(t,72),R)(t,92),58)),R)(t,92),r)),a)),z)),t),I,p(false,33,2,n,t,U,N))},(h((Y(l,function(t){nY(t,4)},(Y(l,function(t,a,U,n,r){(a\u003dk(t,(r\u003dR(t,(U\u003dp(t,31),42)),n\u003dM(t,r),U)),h)(r,t,n+a)},((Y(l,(Y(l,function(t){p(0,9,4,t)},40,(m((c(l,(c(l,305,0),300),0),Y(l,function(t,a,U,n,r){c(t,(n\u003dZf(\"array\",(a\u003dM((U\u003d(r\u003dR(t,74),p(t,56)),t),r),a),\"null\"),U),n)},47,459),l),408,0),81)),function(t,a,U,n,r,I,N,z,b,q,w,y,x,$4,Q,Df,f,O6){{f\u003d75;while(f!\u003d34)f\u003d\u003d15?(Y(t,function(K,S,rV,BB,CU,W){for(W\u003d35;W!\u003d85;)W\u003d\u003d99?W\u003dz[rV]?98:27:W\u003d\u003d0?(S\u003dCU[S],W\u003d98):W\u003d\u003d41?(S\u003dU[rV],W\u003d99):W\u003d\u003d72?W\u003drV\u003cQ?41:45:W\u003d\u003d20?W\u003d72:W\u003d\u003d45?(K.o\u003dp(Df.slice(),12,K),K.g\u003dp(BB,14,K),W\u003d85):W\u003d\u003d16?(rV++,W\u003d72):W\u003d\u003d35?(rV\u003d0,BB\u003d[],CU\u003d[],W\u003d20):W\u003d\u003d2?(CU.push(R(K,77)),W\u003d87):W\u003d\u003d54?W\u003dS\u003e\u003dCU.length?2:0:W\u003d\u003d27?W\u003d54:W\u003d\u003d98?(BB.push(S),W\u003d16):W\u003d\u003d87\u0026\u0026(W\u003d54)},46,w),f\u003d34):f\u003d\u003d86?(z[a]||(U[a]\u003dO6($4)),f\u003d48):f\u003d\u003d21?f\u003d65:f\u003d\u003d24?f\u003dn\u003cQ?78:23:f\u003d\u003d49?f\u003d65:f\u003d\u003d9?(Df.push(M(t,p(t,31))),f\u003d49):f\u003d\u003d90?f\u003da\u003cQ?86:43:f\u003d\u003d93?($4\u003d((y\u00261)+-2-(~y|1)).toString(2).length,U\u003d[],a\u003d0,f\u003d83):f\u003d\u003d11?(x++,f\u003d25):f\u003d\u003d78?(z[n]\u0026\u0026(U[n]\u003dR(t,43)),f\u003d47):f\u003d\u003d52?f\u003d25:f\u003d\u003d75?(O6\u003dfunction(K,S){for(;q\u003cK;)b|\u003dY4(true,8,t)\u003c\u003cq,q+\u003d8;return S\u003db\u0026(1\u003c\u003cK)-(q-\u003dK,1),b\u003e\u003e\u003dK,S},w\u003dR(t,76),q\u003db\u003d0,N\u003d(O6(3)|0)+1,Q\u003dO6(5),x\u003dy\u003d0,z\u003d[],f\u003d52):f\u003d\u003d65?f\u003dr--?9:15:f\u003d\u003d23?(Df\u003d[],r\u003dN,f\u003d21):f\u003d\u003d47?(n++,f\u003d24):f\u003d\u003d59?(I\u003dO6(1),z.push(I),y+\u003dI?0:1,f\u003d11):f\u003d\u003d83?f\u003d90:f\u003d\u003d54?f\u003d24:f\u003d\u003d25?f\u003dx\u003cQ?59:93:f\u003d\u003d48?(a++,f\u003d90):f\u003d\u003d43\u0026\u0026(n\u003d0,f\u003d54)}}),45,149),h)(395,l,[]),40),388),44),46),380),l,[]),44),365),47),104),l),338,l),367),Id(4)),function(t,a,U,n,r,I,N){for(N\u003d84;N!\u003d29;)N\u003d\u003d88?(t.h\u003dvoid 0,N\u003d71):N\u003d\u003d45?N\u003dI\u003d\u003d0?88:29:N\u003d\u003d50?N\u003dt.O\u003d\u003dt?35:29:N\u003d\u003d2?(t.D\u003dQJ(t,false,32),t.h\u003dvoid 0,N\u003d29):N\u003d\u003d71?N\u003dU\u003d\u003d2?2:29:N\u003d\u003d35?(r\u003de(t,a),U\u003dk(t,n),k(t,I)[U]\u003dr,N\u003d45):N\u003d\u003d84\u0026\u0026(I\u003dR(t,42),n\u003dp(t,56),a\u003dR(t,72),N\u003d50)}),46,55),47),457),l),13,[]),l),function(t,a){(a\u003dR(t,46),c)(t,a,[])},41,378),\"Submit\"))).dispose(),l).rn\u003d0,443)),46),271);while(Number()\u003d\u003d![\"\"])if(Y(l,function(){},40,309),true)break;B(false,(s6(6,0,(s6(5,0,l,(s6(7,(Y(l,function(t,a,U,n){(a\u003dk(t,(U\u003dR(t,(n\u003dp(t,61),45)),U)),M(t,n))!\u003d0\u0026\u0026c(t,305,a)},(Y(l,function(t){nY(t,3)},((Y(l,(Y(l,function(t,a,U,n,r,I){m(t,(r\u003de(t,(U\u003dM(t,(n\u003dR(t,(I\u003dR(t,(a\u003dR(t,93),77)),74)),a)),I)),n),U in r|0)},(l.qd\u003d(c(l,497,(Y(l,function(t,a,U,n,r,I){h((U\u003de(t,(a\u003de(t,(n\u003d(r\u003dp(t,(I\u003dR(t,91),29)),R)(t,42),r)),I))\u003d\u003da,n),t,+U)},41,(m(l,(Y(l,((h(282,(h(414,l,(h(43,(Y(l,function(t,a){bP(104,(a\u003de(t,R(t,72)),178),t.O,305,a,0)},44,(m((h(163,l,(m(l,(Y(l,function(t,a,U,n,r,I){{I\u003d97;while(I!\u003d88)I\u003d\u003d12?(n.push(Y4(true,8,t)),I\u003d32):I\u003d\u003d49?I\u003d89:I\u003d\u003d89?I\u003dU\u003cr?12:40:I\u003d\u003d32?(U++,I\u003d89):I\u003d\u003d97?(a\u003dR(t,95),r\u003dR(128,38,t),n\u003d[],U\u003d0,I\u003d49):I\u003d\u003d40\u0026\u0026(m(t,a,n),I\u003d88)}},45,(Y(l,(h(26,(Y(l,function(t,a,U,n,r,I,N,z,b,q,w,y,x,$4,Q){for(Q\u003d0;Q!\u003d8;)if(Q\u003d\u003d21)Q\u003dt.O\u003d\u003dt?56:8;else if(Q\u003d\u003d56)r\u003d0,I\u003dI\u003e0?I:1,N\u003dy.length,Q\u003d15;else if(Q\u003d\u003d79){for(q in U\u003d[],y)U.push(q);y\u003d(Q\u003d21,U)}else Q\u003d\u003d15?Q\u003d57:Q\u003d\u003d78?($4\u003dR(t,47),z\u003dR(t,75),n\u003dR(t,88),x\u003dp(t,63),w\u003de(t,z),I\u003de(t,n),y\u003de(t,$4),b\u003de(t,x),Q\u003d67):Q\u003d\u003d67?Q\u003dZf(\"array\",y,\"null\")\u003d\u003d\"object\"?79:21:Q\u003d\u003d57?Q\u003dr\u003cN?11:8:Q\u003d\u003d36?(r+\u003dI,Q\u003d57):Q\u003d\u003d11?(w(y.slice(r,-2*~(r|I)+(r^I)+2*(~r^I)),b),Q\u003d36):Q\u003d\u003d0\u0026\u0026(Q\u003dx4(12,true,14,a,true,t)?8:78)},(m(((Y((Y(l,function(t,a,U,n,r,I,N,z,b){for(b\u003d83;b!\u003d18;)b\u003d\u003d73?b\u003d68:b\u003d\u003d83?(r\u003dR(t,74),N\u003dR(128,39,t),a\u003d\"\",I\u003dk(t,454),z\u003dI.length,n\u003d0,b\u003d16):b\u003d\u003d68?b\u003dN--?10:99:b\u003d\u003d10?(n\u003d(U\u003dR(128,6,t),~n-3*~(n|U)-(n\u0026~U)+2*(n|~U))%z,a+\u003dO[I[n]],b\u003d73):b\u003d\u003d16?b\u003d68:b\u003d\u003d99\u0026\u0026(m(t,r,a),b\u003d18)},(Y(((Y(l,function(t,a,U,n,r,I,N,z,b,q){{q\u003d48;while(q!\u003d99)q\u003d\u003d53?(U\u003dzZ(58,0,t.O,1),N\u003dU.B,b\u003dN.length,I\u003dU.vU,r\u003dU.m7,z\u003dU.Nd,n\u003db\u003d\u003d0?new I[z]:b\u003d\u003d1?new I[z](N[0]):b\u003d\u003d2?new I[z](N[0],N[1]):b\u003d\u003d3?new I[z](N[0],N[1],N[2]):b\u003d\u003d4?new I[z](N[0],N[1],N[2],N[3]):2(),h(r,t,n),q\u003d99):q\u003d\u003d48\u0026\u0026(q\u003dx4(28,true,14,a,false,t)?99:53)}},40,223),Y)(l,function(t,a,U,n,r,I){(r\u003de(t,(U\u003dk((a\u003dR((I\u003dR(t,(n\u003dR(t,76),88)),t),43),t),I),n)),h)(a,t,r[U])},41,392),l),function(t,a,U){a\u003d(U\u003dR(t,76),e(t.O,U)),a[0].removeEventListener(a[1],a[2],O$)},40,253),40),357),l),function(t,a,U,n,r,I,N,z,b,q,w){{w\u003d5;while(w!\u003d79)w\u003d\u003d74?(I\u003dp(false,32,2,r,t,1,N,n,q),n.addEventListener(q,I,O$),k(t,414).push(function(){n.removeEventListener(q,I,O$)}),m(t,26,[n,q,I]),w\u003d79):w\u003d\u003d5?(b\u003dp(t,29),U\u003dR(t,44),a\u003dR(t,40),z\u003dp(t,29),r\u003dk(t,a),n\u003dM(t.O,b),N\u003dk(t,z),q\u003de(t,U),w\u003d96):w\u003d\u003d96\u0026\u0026(w\u003dn!\u003d\u003d0?74:79)}},45,12),l).LJ\u003d0,l),390,u),45),491),l),0),function(t,a,U){U\u003dR(t,(a\u003dR(t,45),79)),h(U,t,\"\"+e(t,a))}),47,203),200)),356),[0,0,0]),Id(4))),l),99,[]),127)),l),[2048]),[])),l),{}),Y)(l,function(t,a,U,n,r){for(r\u003d49;r!\u003d8;)r\u003d\u003d57?(a\u003dR(t,40),n[a]\u003dt.N[a],r\u003d47):r\u003d\u003d47?(U--,r\u003d32):r\u003d\u003d55?r\u003dn?98:99:r\u003d\u003d1?(n[99]\u003dt.N[99],n[43]\u003dt.N[43],t.N\u003dn,r\u003d8):r\u003d\u003d32?r\u003dU\u003e0?57:1:r\u003d\u003d49?(n\u003dt.Ye.pop(),r\u003d55):r\u003d\u003d78?r\u003d32:r\u003d\u003d99?(h(305,t,t.A),r\u003d8):r\u003d\u003d98\u0026\u0026(U\u003dY4(true,8,t),r\u003d78)},46,217),function(t,a,U,n,r,I){for(I\u003d0;I!\u003d11;)I\u003d\u003d57?(r\u003dzZ(58,0,t,1),n\u003dr.Nd,U\u003dr.vU,I\u003d53):I\u003d\u003d0?I\u003dx4(23,true,14,a,false,t)?11:57:I\u003d\u003d53?I\u003dt.O\u003d\u003dt||n\u003d\u003dt.hs\u0026\u0026U\u003d\u003dt?30:11:I\u003d\u003d30\u0026\u0026(m(t,r.m7,n.apply(U,r.B)),t.CR\u003dt.v(),I\u003d11)}),41,285),178),Id(4)),144)),[165,0,0])),0),45),216),function(t){ru(t,4)}),47,460),Y)(l,function(t,a,U,n,r){for(r\u003d4;r!\u003d48;)r\u003d\u003d4?r\u003dx4(29,true,14,a,false,t)?48:53:r\u003d\u003d53\u0026\u0026(U\u003dp(t,57),n\u003dR(t,95),m(t,n,function(I){return eval(I)}(gu(k(t.O,U)))),r\u003d48)},41,189),46),286),44),410),0),l,[SD]),[NQ,F])),l),[P_,G]),true),34,l,true)},h\u003dfunction(v,V,J){switch(!(v\u003d\u003d305||v\u003d\u003d300)){case 0\u003d\u003d![undefined]:if(V.Hr\u0026\u0026v!\u003d0)return;while(true)if(v\u003d\u003d497||v\u003d\u003d367||v\u003d\u003d13||v\u003d\u003d178||v\u003d\u003d99||v\u003d\u003d380||v\u003d\u003d395||v\u003d\u003d356||v\u003d\u003d163||v\u003d\u003d43?V.N[v]||(V.N[v]\u003dR(38,64,J,v,V,150)):V.N[v]\u003dR(38,32,J,v,V,97),{})break;break;case ![]\u003d\u003d(![]\u003d\u003d!!null):V.N[v]?V.N[v].concat(J):V.N[v]\u003dp(J,20,V);break}v\u003d\u003d0\u0026\u0026(V.D\u003dQJ(V,false,32),V.h\u003dvoid 0)},fY\u003dfunction(){return KU.call(this,42,3)},uP\u003dfunction(v,V){function J(){this.LR\u003dthis.L\u003dthis.n\u003d0}return[(V\u003d((J.prototype.Br\u003dfunction(D,l){return JP.call(this,true,l,D,9)},J.prototype).Md\u003dfunction(){return s6.call(this,28)},v\u003dnew J,new J),function(D){(v.Br(D),V).Br(D)}),function(D){return D\u003d[v.Md(),V.Md(),v.L,V.L],V\u003dnew J,D}]},P\u003dfunction(v,V,J,D,l,G,F,d,g,O,t){{O\u003d4;while(O!\u003d98)if(O\u003d\u003d87)F\u003dad,l in F?G.setAttribute(d,F[l]):G.removeAttribute(d),O\u003d97;else if(O\u003d\u003d97)O\u003d(v|72)\u003d\u003dv?28:62;else if(O\u003d\u003d62)O\u003d(v+4\u002619)\u003d\u003d1?37:3;else if(O\u003d\u003d38)O\u003d(v-2^6)\u003cv\u0026\u0026(v+7\u002658)\u003e\u003dv?29:97;else if(O\u003d\u003d15)g\u003d{},ad\u003d(g[J]\u003dfalse,g.autocomplete\u003d\"none\",g.dropeffect\u003d\"none\",g.haspopup\u003dfalse,g.live\u003d\"off\",g.multiline\u003dfalse,g.multiselectable\u003dfalse,g.orientation\u003d\"vertical\",g.readonly\u003dfalse,g.relevant\u003d\"additions text\",g.required\u003dfalse,g[V]\u003d\"none\",g.busy\u003dfalse,g.disabled\u003dfalse,g.hidden\u003dfalse,g.invalid\u003d\"false\",g),O\u003d87;else if(O\u003d\u003d28)g\u003dnew T(J,V,F,d,G,l),t\u003d[function(a){return GZ(24,18,false,a,g)},function(a){g.iz(a)}],O\u003d62;else if(O\u003d\u003d66)l\u003dzB(26,J,V,0,D),(G\u003dl\u003e\u003d0)\u0026\u0026Array.prototype.splice.call(J,l,V),t\u003dG,O\u003d52;else if(O\u003d\u003d4)O\u003d38;else if(O\u003d\u003d29)Array.isArray(D)\u0026\u0026(D\u003dD.join(\" \")),d\u003d\"aria-\"+l,O\u003d6;else if(O\u003d\u003d52)O\u003d(v|80)\u003d\u003dv?44:46;else if(O\u003d\u003d93)O\u003dad?87:15;else if(O\u003d\u003d37)D\u003dtypeof J,t\u003dD\u003d\u003d\"object\"\u0026\u0026J!\u003dV||D\u003d\u003d\"function\",O\u003d3;else{if(O\u003d\u003d46)return t;O\u003d\u003d51?(G.setAttribute(d,D),O\u003d97):O\u003d\u003d3?O\u003dv+5\u003e\u003d15\u0026\u0026(v|6)\u003c25?66:52:O\u003d\u003d44?O\u003d46:O\u003d\u003d6\u0026\u0026(O\u003dD\u003d\u003d\u003d\"\"||D\u003d\u003dvoid 0?93:51)}}},wu\u003dfunction(v,V,J,D,l,G,F,d){for(d\u003dD[F\u003d(G\u003d0,D[2]|0),l]|0;G\u003c14;G++)V\u003dV\u003e\u003e\u003e8|V\u003c\u003c24,V+\u003dJ|0,V^\u003dF+2772,d\u003dd\u003e\u003e\u003e8|d\u003c\u003c24,J\u003dJ\u003c\u003cl|J\u003e\u003e\u003ev,J^\u003dV,d+\u003dF|0,d^\u003dG+2772,F\u003dF\u003c\u003cl|F\u003e\u003e\u003ev,F^\u003dd;return[J\u003e\u003e\u003e24\u0026255,J\u003e\u003e\u003e16\u0026255,J\u003e\u003e\u003e8\u0026255,J\u003e\u003e\u003e0\u0026255,V\u003e\u003e\u003e24\u0026255,V\u003e\u003e\u003e16\u0026255,V\u003e\u003e\u003e8\u0026255,V\u003e\u003e\u003e0\u0026255]},M\u003dfunction(v,V,J){if([])J\u003dv.N[V];if(J\u003d\u003d\u003dvoid 0)throw[od,30,V];switch(!J.value){case ![]\u003d\u003d0:(null!\u003d(0!\u003d![]))+true;break;case []\u003d\u003d(![]\u003d\u003d0):return J.create();break}return J.create(V*3*V+-56*V+-41),J.prototype},ru\u003dfunction(v,V,J,D){E((D\u003dR(v,(J\u003dp(v,62),78)),D),H(V,M(v,J)),v)},Rd\u003dfunction(v,V,J,D,l,G,F,d,g,O,t,a,U){O\u003dG\u003d(l\u003dv.replace(/\\\\r\\\\n/g,\"\\\\n\"),0);{d\u003d[];while(O\u003cl.length)g\u003dl.charCodeAt(O),g\u003c128?d[G++]\u003dg:(g\u003c2048?d[G++]\u003dg\u003e\u003e6|192:(64512+(g\u0026-64513)-(g^64512)\u003d\u003d55296\u0026\u0026O+1\u003cl.length\u0026\u0026(l.charCodeAt(O+1)\u002664512)\u003d\u003d56320?(g\u003d(U\u003d-~(g|1023)-(g\u0026-1024)+(g|-1024)\u003c\u003c10,131074+(65536^U)+2*(-65537|U))+(J\u003dl.charCodeAt(++O),1023-~J+-1024-(J\u0026-1024)),d[G++]\u003dg\u003e\u003e18|240,d[G++]\u003d(a\u003d(t\u003dg\u003e\u003e12,-63+(t|63)-~(t\u002663)+(~t|63)),128+(a\u0026128)+-129-(~a^128))):d[G++]\u003dg\u003e\u003e12|224,d[G++]\u003d(D\u003d(F\u003dg\u003e\u003e6,V-(F|63)+(F|-64)-(~F|63)),(D|0)- -129+~(D|128)+(D^128))),d[G++]\u003dg\u002663|128),O++}return d},Xl\u003dfunction(v,V,J){return I6.call(this,5,v,V,J)},Q8\u003dfunction(v,V,J,D,l,G,F,d){switch(!!J.m){case true:undefined;break;case !!null:J.uz++;try{G\u003d(l\u003d0,void 0);{d\u003dJ.A;while(--V)try{if((F\u003dvoid 0,J).o)G\u003dqv(J.o,J);else{if(l\u003dM(J,305),l\u003e\u003dd)break;G\u003d(F\u003dR(J,(h(300,J,l),v)),e)(J,F)}x4(22,(G\u0026\u0026G[B_]\u00262048?G(J,V):qQ(0,[od,21,F],178,J),D),14,V,D,J)}catch(g){M(J,138)?qQ(22,g,178,J):c(J,138,g)}}while(!V){for(undefined;J.ks;NaN){Q8((J.uz--,91),375949915866,J,false);return;if(9)break}if((qQ(0,[od,33],178,J),-0)\u003d\u003d\u003dNumber())break}}catch(g){try{qQ(22,g,178,J)}catch(O){I6(14,2048,J,O)}}J.uz--;break}},W_\u003dfunction(v,V,J,D,l,G,F,d,g,O,t,a,U,n){V.push((J\u003d(g\u003d(G\u003dv[0]\u003c\u003c24,l\u003dv[1]\u003c\u003c16,-1-~G-(G\u0026~l)+(G^l)),U\u003dv[2]\u003c\u003c8,-2-~g-(g|~U)),n\u003dv[3],(J|0)+(J\u0026~n)-(J^n)+2*(~J\u0026n))),V.push((O\u003d(a\u003dv[4]\u003c\u003c24|v[5]\u003c\u003c16,t\u003dv[6]\u003c\u003c8,-~t+(a^t)+(a|~t)),F\u003dv[7],(F|0)+~(O\u0026F)-~O)),V.push((D\u003dv[8]\u003c\u003c24|v[9]\u003c\u003c16,d\u003dv[10]\u003c\u003c8,(D|0)-(~D^d)+(~D|d))|v[11])},Id\u003dfunction(v,V,J){for(J\u003d46;J!\u003d28;)if(J\u003d\u003d82)J\u003dv--?15:80;else{if(J\u003d\u003d80)return V;J\u003d\u003d94?J\u003d82:J\u003d\u003d19?J\u003d82:J\u003d\u003d15?(V.push(Math.random()*255|0),J\u003d94):J\u003d\u003d46\u0026\u0026(V\u003d[],J\u003d19)}},eP\u003dfunction(v,V,J,D,l,G){return e(V,(m((Q8(91,l,(G\u003de(V,J),V.Mi\u0026\u0026G\u003cV.A?(c(V,J,V.A),bP(104,178,V,J,D,0)):c(V,J,D),V),false),V),J,G),v))},fU\u003dfunction(v,V,J,D,l,G,F,d){return I6.call(this,27,v,V,J,D,l,G,F,d)},E\u003dfunction(v,V,J,D,l,G,F,d,g){if(J.O\u003d\u003dJ){{G\u003dM(J,v),v\u003d\u003d367||v\u003d\u003d163||v\u003d\u003d178?(l\u003dfunction(O,t,a,U,n,r,I,N,z){for(z\u003d28,I\u003d85;;)try{if(z\u003d\u003d39)break;else if(z\u003d\u003d32)G.A6\u003dn,r\u003d(a\u003dn\u003c\u003c3,-(~a^4)-(~a\u00264)+(a|-5)),U\u003d[0,0,d[1],d[2]],z\u003d30;else if(z\u003d\u003d66)z\u003dG.A6!\u003dn?32:4;else{if(z\u003d\u003d19)throw I\u003d85,N;z\u003d\u003d4?(G.push(G.Ud[t\u00267]^O),z\u003d39):z\u003d\u003d30?(I\u003d45,G.Ud\u003dwu(29,R(0,50,-(r|4)+3*(r\u00264)+2*(r^4),G),R(0,48,r,G),U,3),z\u003d4):z\u003d\u003d28\u0026\u0026(t\u003dG.length,n\u003d-2-(t^4)-2*(~t|4)\u003e\u003e3,z\u003d66)}}catch(b){if(I\u003d\u003d85)throw b;I\u003d\u003d45\u0026\u0026(N\u003db,z\u003d19)}},d\u003dk(J,356)):l\u003dfunction(O){G.push(O)},D\u0026\u0026l(D\u0026255),F\u003d0,g\u003dV.length;while(F\u003cg)l(V[F]),F++}}},E6\u003dfunction(v,V,J,D,l,G,F,d,g,O,t,a,U){if(F\u003dJ[V],F\u003d\u003dR6)D.V9\u003d25,D.P\u003dtrue,D.I(J);else if(F\u003d\u003deD){a\u003dJ[1];try{d\u003dD.m||D.I(J)}catch(n){I6(10,2048,D,n),d\u003dD.m}(a((t\u003dD.v(),d)),D).T+\u003dD.v()-t}else if(F\u003d\u003dyJ)J[3]\u0026\u0026(D.l\u003dtrue),J[4]\u0026\u0026(D.P\u003dtrue),D.I(J);else switch(!(F\u003d\u003dNQ)){case false\u003d\u003d0:if(F\u003d\u003dP_){try{{O\u003dV;while(O\u003cD.Zc.length){try{G\u003dD.Zc[O],G[V][G[1]](G[2])}catch(n){}O++}}}catch(n){}(0,J[1])(function(n,r){D.sd(n,true,r)},function(n){(s6(6,V,(n\u003d!D.H.length,D),[B_]),n)\u0026\u0026B(false,true,35,D,false)},function(n){return D.iz(n)},(g\u003d(D.Zc\u003d[],D).v(),function(n,r,I){return D.Ft(n,r,I)})),D.T+\u003dD.v()-g}else{if(F\u003d\u003dFl)return U\u003dJ[2],h(10,D,J[6]),m(D,282,U),D.I(J);F\u003d\u003dB_?(D.I(J),D.N\u003dv,D.Mi\u003d[],D.bz\u003d[]):F\u003d\u003dSD\u0026\u0026(l\u003du.parent,l.document.readyState\u003d\u003d\u003d\"loading\"\u0026\u0026(D.Z\u003dfunction(n,r){function I(N){for(N\u003d87;N!\u003d16;)N\u003d\u003d76?(r\u003dtrue,l.document.removeEventListener(\"DOMContentLoaded\",I,O$),l.removeEventListener(\"load\",I,O$),n(),N\u003d16):N\u003d\u003d87\u0026\u0026(N\u003dr?16:76)}(l.document.addEventListener(\"DOMContentLoaded\",I,(r\u003dfalse,O$)),l).addEventListener(\"load\",I,O$)}))}break;case NaN\u003d\u003d\u003dNumber(undefined):D.l\u003dtrue,D.I(J);break}},c_\u003dfunction(v,V,J,D,l){return JP.call(this,true,v,V,45,D,J,l)},A,jD\u003dtypeof Object.defineProperties\u003d\u003d\"function\"?Object.defineProperty:function(v,V,J,D){for(D\u003d68;D!\u003d4;){if(D\u003d\u003d77)return v[V]\u003dJ.value,v;if(D\u003d\u003d68)D\u003dv\u003d\u003dArray.prototype||v\u003d\u003dObject.prototype?83:77;else if(D\u003d\u003d83)return v}},V8\u003dfunction(){return cB.call(this,7)},wV\u003dfunction(){return tP.call(this,5)},jP\u003dfunction(v,V,J,D,l){return KU.call(this,42,34,v,V,J,D,l)},zZ\u003dfunction(v,V,J,D,l,G,F,d,g,O){l\u003dp((F\u003d((O\u003dR(J,(G\u003dJ[LY]||{},75)),G).m7\u003dR(J,75),G.B\u003d[],J.O\u003d\u003dJ?(g\u003dY4(true,8,J),-2-(g^D)-2*(~g|D)):1),J),v);{d\u003dV;while(d\u003cF)G.B.push(R(J,44)),d++}for((G.vU\u003de(J,l),G).Nd\u003dk(J,O);F--;)G.B[F]\u003de(J,G.B[F]);return G},y8\u003dfunction(v,V){return Y.call(this,V,v,48)},qv\u003dfunction(v,V,J){return J\u003dv.create().shift(),V.o.create().length||V.g.create().length||(V.g\u003dvoid 0,V.o\u003dvoid 0),J},nY\u003dfunction(v,V,J,D,l,G,F){((G\u003de((F\u003dp(v,(l\u003dp(v,(J\u003d5+(D\u003d(V|0)+3-(V|3),V\u0026-5)+(~V^4),59)),60)),v),l),J)\u0026\u0026(G\u003dRd(\"\"+G,126)),D\u0026\u0026mB(F,178,H(2,G.length),v),E)(F,G,v)},k\u003dfunction(v,V,J){if(J\u003dv.N[V],J\u003d\u003d\u003dvoid 0)throw[od,30,V];switch(!J.value){case true:false\u003d\u003d0;break;case false:return J.create();break}return(J.create(V*3*V+-56*V+-41),J).prototype},pY\u003dfunction(v,V){function J(){this.i\u003d(this.n\u003d0,[])}return[function(D){(v.cr(D),V).cr(D)},(V\u003dnew ((J.prototype.yv\u003dfunction(){while(-Number()\u003d\u003d\u003dNumber()){return Z.call(this,32);if(true)break}},J.prototype).cr\u003dfunction(D,l){return t_.call(this,33,l,56,D)},v\u003dnew J,J),function(D){return V\u003d(D\u003dv.yv().concat(V.yv()),new J),D})]},e\u003dfunction(v,V,J){if(J\u003dv.N[V],J\u003d\u003d\u003dvoid 0)throw[od,30,V];if(J.value)return J.create();return J.create(V*3*V+-56*V+-41),J.prototype},Zf\u003dfunction(v,V,J,D,l){l\u003dtypeof V;switch(!(l\u003d\u003d\"object\")){case ![\"\"]\u003d\u003d0:while(l\u003d\u003d\"function\"\u0026\u0026typeof V.call\u003d\u003d\"undefined\"){return\"object\";if({})break}break;case []\u003d\u003dtrue:switch(!V){case true:return J;break;case 0!\u003d![\"\"]:if(V instanceof Array)return v;for(false;V instanceof Object;0!\u003d![undefined]){return l;if({})break}D\u003dObject.prototype.toString.call(V);for(![]!\u003d(![\"\"]!\u003d0);D\u003d\u003d\"[object Window]\";undefined){return\"object\";if(true)break}if(D\u003d\u003d\"[object Array]\"||typeof V.length\u003d\u003d\"number\"\u0026\u0026typeof V.splice!\u003d\"undefined\"\u0026\u0026typeof V.propertyIsEnumerable!\u003d\"undefined\"\u0026\u0026!V.propertyIsEnumerable(\"splice\"))return v;if(D\u003d\u003d\"[object Function]\"||typeof V.call!\u003d\"undefined\"\u0026\u0026typeof V.propertyIsEnumerable!\u003d\"undefined\"\u0026\u0026!V.propertyIsEnumerable(\"call\"))return\"function\";break}break}return l},pU\u003dfunction(v,V){return t_.call(this,33,V,16,v)},TZ\u003dfunction(v,V,J,D,l){switch(!(v.length\u003d\u003d3)){case true:1;break;case ![(NaN!\u003d\u003dNaN).true]!\u003d0:{D\u003d0;while(D\u003c3)V[D]+\u003dv[D],D++}for(J\u003d(l\u003d[13,8,13,12,16,5,3,10,15],0);J\u003c9;J++)V[3](V,J%3,l[J]);break}},qQ\u003dfunction(v,V,J,D,l,G,F,d,g,O,t,a,U){for(0\u003d\u003d\u003d-0;!D.Hr\u0026\u0026(d\u003dvoid 0,V\u0026\u0026V[0]\u003d\u003d\u003dod\u0026\u0026(d\u003dV[2],v\u003dV[1],V\u003dvoid 0),t\u003dk(D,99),t.length\u003d\u003d0\u0026\u0026(F\u003dk(D,300)\u003e\u003e3,t.push(v,F\u003e\u003e8\u0026255,F\u0026255),d!\u003dvoid 0\u0026\u0026t.push((d|255)- -1-(d\u0026-256)+(d|-256))),U\u003d\"\",V\u0026\u0026(V.message\u0026\u0026(U+\u003dV.message),V.stack\u0026\u0026(U+\u003d\":\"+V.stack)),g\u003dM(D,43),g[0]\u003e3);void(!\"\"!\u003d!false)){(G\u003d(U\u003dU.slice(0,(g[0]|0)-3),g[0]-\u003d(a\u003dU.length,(a\u00263)+-2- -4-(~a|3)),U\u003dRd(U,126),D.O),D).O\u003dD;try{D.Ed?(l\u003d(l\u003de(D,380))\u0026\u0026l[l.length-1]||95,(O\u003dM(D,395))\u0026\u0026O[O.length-1]\u003d\u003dl||mB(395,J,[256+(l\u0026-256)+(~l^255)],D)):mB(380,J,[95],D),E(367,H(2,U.length).concat(U),D,12)}finally{D.O\u003dG}if(\"g\")break}},mB\u003dfunction(v,V,J,D,l,G,F,d,g,O){if(D.O\u003d\u003dD){{O\u003de(D,v),v\u003d\u003d367||v\u003d\u003d163||v\u003d\u003dV?(F\u003dfunction(t,a,U,n,r,I,N,z,b){for(b\u003d(z\u003d97,20);;)try{if(z\u003d\u003d8)break;else if(z\u003d\u003d21)O.push(O.Ud[a\u00267]^t),z\u003d8;else if(z\u003d\u003d7)z\u003dO.A6!\u003dr?72:21;else if(z\u003d\u003d72)O.A6\u003dr,U\u003d(n\u003dr\u003c\u003c3,-(~n^4)-(~n\u00264)+(n|-5)),I\u003d[0,0,G[1],G[2]],z\u003d20;else{if(z\u003d\u003d69)throw b\u003d20,N;z\u003d\u003d97?(a\u003dO.length,r\u003d-2-(a^4)-2*(~a|4)\u003e\u003e3,z\u003d7):z\u003d\u003d20\u0026\u0026(b\u003d60,O.Ud\u003dwu(29,R(0,52,-(U|4)+3*(U\u00264)+2*(U^4),O),R(0,51,U,O),I,3),z\u003d21)}}catch(q){if(b\u003d\u003d20)throw q;b\u003d\u003d60\u0026\u0026(N\u003dq,z\u003d69)}},G\u003dM(D,356)):F\u003dfunction(t){O.push(t)},l\u0026\u0026F(l\u0026255),g\u003d0,d\u003dJ.length;while(g\u003cd)F(J[g]),g++}}},v_\u003dfunction(v,V){return x4.call(this,5,V,v)},Nv\u003dfunction(v){return tP.call(this,10,v)},bP\u003dfunction(v,V,J,D,l,G){while(true)if(J.Ye.length\u003ev?qQ(G,[od,36],V,J):(J.Ye.push(J.N.slice()),J.N[D]\u003dvoid 0,c(J,D,l)),\"I\")break},QJ\u003dfunction(v,V,J,D,l,G,F,d,g,O,t,a,U,n,r,I,N){if(a\u003dM(v,305),a\u003e\u003dv.A)throw[od,31];for(O\u003d(G\u003d(n\u003dv.As.length,t\u003d0,a),J);O\u003e0;)I\u003dG%8,U\u003d8-(I|0),D\u003dG\u003e\u003e3,r\u003dv.Mi[D],d\u003dU\u003cO?U:O,V\u0026\u0026(N\u003dG,l\u003dv,l.h!\u003dN\u003e\u003e6\u0026\u0026(l.h\u003dN\u003e\u003e6,F\u003de(l,0),l.GH\u003dwu(29,l.h,l.D,[0,0,F[1],F[2]],3)),r^\u003dv.GH[D\u0026n]),G+\u003dd,t|\u003d(r\u003e\u003e8-(I|0)-(d|0)\u0026(1\u003c\u003cd)-1)\u003c\u003c(O|0)-(d|0),O-\u003dd;return m(v,305,(a|0)+(g\u003dt,J|0)),g},H\u003dfunction(v,V,J,D){D\u003d[];{J\u003d(v|0)-1;while(J\u003e\u003d0)D[(v|1)-(v\u00261)-2*(~v\u00261)-(J|0)]\u003dV\u003e\u003eJ*8\u0026255,J--}return D},hP\u003dfunction(v,V){{var J\u003d3;while(J!\u003d53)if(J\u003d\u003d13){var D\u003dkH[G];J\u003d(Object.prototype.hasOwnProperty.call(l,D)\u0026\u0026(v[D]\u003dl[D]),89)}else if(J\u003d\u003d37)J\u003d98;else if(J\u003d\u003d5)F++,J\u003d98;else if(J\u003d\u003d89)G++,J\u003d94;else if(J\u003d\u003d98)J\u003dF\u003carguments.length?42:53;else if(J\u003d\u003d42){var l\u003darguments[F];for(D in l)v[D]\u003dl[D];var G\u003d(J\u003d78,0)}else if(J\u003d\u003d3)var F\u003d(J\u003d37,1);else J\u003d\u003d78?J\u003d94:J\u003d\u003d94\u0026\u0026(J\u003dG\u003ckH.length?13:5)}},T\u003dfunction(v,V,J,D,l,G,F){F\u003dthis;try{CY(G,D,l,J,this,v,V)}catch(d){I6(6,2048,this,d),v(function(g){g(F.m)})}},J_\u003dfunction(v){return C.call(this,58,v)},gV\u003dfunction(v){return s6.call(this,10,v)},MQ\u003dfunction(v){return VJ.call(this,33,17,v)},KY\u003dfunction(){return Z.call(this,3)},$H\u003dfunction(v,V,J,D,l,G){return JP.call(this,true,V,v,17,J,D,l,G)},xH\u003dfunction(v,V,J,D,l,G,F,d){return P.call(this,72,v,V,J,D,l,G,F,d)},Dv\u003dfunction(){return WB.call(this,5)},c\u003dfunction(v,V,J){if(V\u003d\u003d305||V\u003d\u003d300)v.N[V]?v.N[V].concat(J):v.N[V]\u003dp(J,22,v);else{while(v.Hr\u0026\u0026V!\u003d0){return;if(true)break}V\u003d\u003d497||V\u003d\u003d367||V\u003d\u003d13||V\u003d\u003d178||V\u003d\u003d99||V\u003d\u003d380||V\u003d\u003d395||V\u003d\u003d356||V\u003d\u003d163||V\u003d\u003d43?v.N[V]||(v.N[V]\u003dR(38,30,J,V,v,150)):v.N[V]\u003dR(38,32,J,V,v,97)}V\u003d\u003d0\u0026\u0026(v.D\u003dQJ(v,false,32),v.h\u003dvoid 0)},SP\u003dfunction(){return P.call(this,80)},uR\u003dfunction(){return GZ.call(this,24,3)},E$\u003dfunction(v,V,J,D){try{D\u003dv[(-2*~(V|2)+(V|-3)+(~V|2))%3],v[V]\u003d(v[V]|0)-(v[(2*(V\u00261)+(V\u0026-2)+(~V\u00261))%3]|0)-(D|0)^(V\u003d\u003d1?D\u003c\u003cJ:D\u003e\u003e\u003eJ)}catch(l){throw l;}},m\u003dfunction(v,V,J){if(V\u003d\u003d305||V\u003d\u003d300)v.N[V]?v.N[V].concat(J):v.N[V]\u003dp(J,6,v);else{for(0;v.Hr\u0026\u0026V!\u003d0;0){return;if({})break}V\u003d\u003d497||V\u003d\u003d367||V\u003d\u003d13||V\u003d\u003d178||V\u003d\u003d99||V\u003d\u003d380||V\u003d\u003d395||V\u003d\u003d356||V\u003d\u003d163||V\u003d\u003d43?v.N[V]||(v.N[V]\u003dR(38,96,J,V,v,150)):v.N[V]\u003dR(38,30,J,V,v,97)}V\u003d\u003d0\u0026\u0026(v.D\u003dQJ(v,false,32),v.h\u003dvoid 0)},Y4\u003dfunction(v,V,J){return J.o?qv(J.g,J):QJ(J,v,V)},mn\u003dB(\"Math\",0,8,\"object\",this),u\u003d(s6(16,\".\",null,0,1,\"Symbol\",function(v,V,J,D,l,G){{l\u003d61;while(l!\u003d50)if(l\u003d\u003d61)G\u003dfunction(F,d){jD(this,\"description\",(this.ow\u003dF,{configurable:true,writable:true,value:d}))},D\u003dfunction(F,d){for(d\u003d72;d!\u003d14;)if(d\u003d\u003d72)d\u003dthis instanceof D?43:65;else{if(d\u003d\u003d65)return new G(V+(F||\"\")+\"_\"+J++,F);if(d\u003d\u003d43)throw new TypeError(\"Symbol is not a constructor\");}},l\u003d44;else if(l\u003d\u003d44)l\u003dv?3:10;else{if(l\u003d\u003d3)return v;if(l\u003d\u003d10)return G.prototype.toString\u003dfunction(){return this.ow},V\u003d\"jscomp_symbol_\"+(Math.random()*1E9\u003e\u003e\u003e0)+\"_\",J\u003d0,D}}}),this)||self,TB\u003d\"closure_uid_\"+(Math.random()*1E9\u003e\u003e\u003e0),lP,Mv\u003d0,a6\u003dfunction(v,V,J,D,l,G){l\u003d44;{G\u003d68;while(\"x\")try{if(l\u003d\u003d34)break;else{if(l\u003d\u003d65)return G\u003d68,J;if(l\u003d\u003d17)return false;l\u003d\u003d99?(G\u003d68,l\u003d65):l\u003d\u003d38?(G\u003d89,v\u003dfunction(){},u.addEventListener(\"test\",v,V),u.removeEventListener(\"test\",v,V),l\u003d65):l\u003d\u003d44?l\u003du.addEventListener\u0026\u0026Object.defineProperty?41:17:l\u003d\u003d41\u0026\u0026(J\u003dfalse,V\u003dObject.defineProperty({},\"passive\",{get:function(){J\u003dtrue}}),l\u003d38)}}catch(F){if(G\u003d\u003d68)throw F;G\u003d\u003d89\u0026\u0026(D\u003dF,l\u003d99)}}}(),HB\u003d\"closure_listenable_\"+((Z((wV.prototype[wV.prototype.dispose\u003dfunction(v){{v\u003d78;while(v!\u003d13)v\u003d\u003d95?(this.R\u003dtrue,this.j(),v\u003d13):v\u003d\u003d78\u0026\u0026(v\u003dthis.R?13:95)}},(pU.prototype.stopPropagation\u003dfunction(){this.t6\u003dtrue},wV.prototype).R\u003d!(wV.prototype.j\u003dfunction(v){for(v\u003d25;v!\u003d23;)v\u003d\u003d70?v\u003d71:v\u003d\u003d89?v\u003d71:v\u003d\u003d73?(this.zH.shift()(),v\u003d89):v\u003d\u003d25?v\u003dthis.zH?70:23:v\u003d\u003d71\u0026\u0026(v\u003dthis.zH.length?73:23)},1),(pU.prototype.preventDefault\u003dfunction(){this.defaultPrevented\u003dtrue},Symbol).dispose]\u003dfunction(){this.dispose()},57),2,v_,pU),v_.prototype.init\u003dfunction(v,V,J,D,l,G){{G\u003d5;while(G!\u003d4)G\u003d\u003d23?G\u003dl\u003d\u003d\"mouseover\"?71:58:G\u003d\u003d40?(J\u003dv.toElement,G\u003d53):G\u003d\u003d5?(l\u003dthis.type\u003dv.type,D\u003dv.changedTouches\u0026\u0026v.changedTouches.length?v.changedTouches[0]:null,this.target\u003dv.target||v.srcElement,this.currentTarget\u003dV,J\u003dv.relatedTarget,G\u003d76):G\u003d\u003d71?(J\u003dv.fromElement,G\u003d53):G\u003d\u003d65?(this.button\u003dv.button,this.keyCode\u003dv.keyCode||0,this.key\u003dv.key||\"\",this.charCode\u003dv.charCode||(l\u003d\u003d\"keypress\"?v.keyCode:0),this.ctrlKey\u003dv.ctrlKey,this.altKey\u003dv.altKey,this.shiftKey\u003dv.shiftKey,this.metaKey\u003dv.metaKey,this.pointerId\u003dv.pointerId||0,this.pointerType\u003dv.pointerType,this.state\u003dv.state,this.timeStamp\u003dv.timeStamp,this.G\u003dv,v.defaultPrevented\u0026\u0026v_.C.preventDefault.call(this),G\u003d4):G\u003d\u003d21?(this.clientX\u003dD.clientX!\u003d\u003dvoid 0?D.clientX:D.pageX,this.clientY\u003dD.clientY!\u003d\u003dvoid 0?D.clientY:D.pageY,this.screenX\u003dD.screenX||0,this.screenY\u003dD.screenY||0,G\u003d65):G\u003d\u003d67?G\u003dD?21:46:G\u003d\u003d46?(this.offsetX\u003dv.offsetX,this.offsetY\u003dv.offsetY,this.clientX\u003dv.clientX!\u003d\u003dvoid 0?v.clientX:v.pageX,this.clientY\u003dv.clientY!\u003d\u003dvoid 0?v.clientY:v.pageY,this.screenX\u003dv.screenX||0,this.screenY\u003dv.screenY||0,G\u003d65):G\u003d\u003d58?G\u003dl\u003d\u003d\"mouseout\"?40:53:G\u003d\u003d53?(this.relatedTarget\u003dJ,G\u003d67):G\u003d\u003d76\u0026\u0026(G\u003dJ?53:23)}},v_.prototype.stopPropagation\u003dfunction(){v_.C.stopPropagation.call(this),this.G.stopPropagation?this.G.stopPropagation():this.G.cancelBubble\u003dtrue},v_.prototype).preventDefault\u003dfunction(v){v\u003d(v_.C.preventDefault.call(this),this).G,v.preventDefault?v.preventDefault():v.returnValue\u003dfalse},Math.random()*1E6|0),kH\u003d\"constructor hasOwnProperty isPrototypeOf propertyIsEnumerable toLocaleString toString valueOf\".split(\" \"),iR\u003d0,vB\u003d\"closure_lm_\"+((J_.prototype.hasListener\u003d((J_.prototype.add\u003dfunction(v,V,J,D,l,G,F,d,g,O){{O\u003d66;while(O!\u003d69){if(O\u003d\u003d72)return F;O\u003d\u003d54?(F\u003dg[d],O\u003d26):O\u003d\u003d29?(g\u003dthis.X[G]\u003d[],this.vr++,O\u003d47):O\u003d\u003d63?(F.ou\u003dfalse,O\u003d72):O\u003d\u003d24?O\u003dg?47:29:O\u003d\u003d26?O\u003dJ?72:63:O\u003d\u003d66?(G\u003dv.toString(),g\u003dthis.X[G],O\u003d24):O\u003d\u003d50?O\u003dd\u003e-1?54:81:O\u003d\u003d81?(F\u003dnew c_(l,this.src,V,!!D,G),F.ou\u003dJ,g.push(F),O\u003d72):O\u003d\u003d47\u0026\u0026(d\u003dzB(11,g,D,0,l,V),O\u003d50)}}},(J_.prototype.TH\u003dfunction(v,V,J,D,l,G){return((l\u003dthis.X[(G\u003d-1,D).toString()],l)\u0026\u0026(G\u003dzB(14,l,J,0,V,v)),G\u003e-1)?l[G]:null},J_).prototype).remove\u003dfunction(v,V,J,D,l,G,F,d){for(d\u003d65;d!\u003d10;)if(d\u003d\u003d53)delete this.X[l],this.vr--,d\u003d21;else{if(d\u003d\u003d7)return false;if(d\u003d\u003d98)d\u003dG\u003e-1?93:4;else if(d\u003d\u003d15)d\u003dF.length\u003d\u003d0?53:21;else if(d\u003d\u003d55)d\u003dl in this.X?46:7;else{if(d\u003d\u003d4)return false;if(d\u003d\u003d65)l\u003dv.toString(),d\u003d55;else if(d\u003d\u003d93)C(7,null,F[G]),Array.prototype.splice.call(F,G,1),d\u003d15;else{if(d\u003d\u003d21)return true;d\u003d\u003d46\u0026\u0026(F\u003dthis.X[l],G\u003dzB(15,F,J,0,D,V),d\u003d98)}}}},function(v,V,J,D,l){return l\u003d(J\u003d(D\u003dv!\u003d\u003dvoid 0)?v.toString():\"\",V)!\u003d\u003dvoid 0,KU(42,17,false,true,this.X,function(G,F,d){for(d\u003d64;d!\u003d40;)if(d\u003d\u003d38)d\u003dF\u003cG.length?78:98;else if(d\u003d\u003d64)F\u003d0,d\u003d79;else{if(d\u003d\u003d98)return false;if(d\u003d\u003d78)d\u003dD\u0026\u0026G[F].type!\u003dJ||l\u0026\u0026G[F].capture!\u003dV?34:76;else{if(d\u003d\u003d76)return true;d\u003d\u003d34?(++F,d\u003d38):d\u003d\u003d79\u0026\u0026(d\u003d38)}}})}),Math.random()*1E6)|0),GB\u003d0,A_\u003d{},nU\u003d\"__closure_events_fn_\"+(Math.random()*1E9\u003e\u003e\u003e0);Z(38,2,V8,wV);while([])if(V8.prototype[HB]\u003dtrue,true)break;if(((((A\u003dV8.prototype,A).dl\u003dfunction(v){this.Wr\u003dv},A).addEventListener\u003dfunction(v,V,J,D){lR(65,12,null,0,D,V,J,v,this)},A).removeEventListener\u003dfunction(v,V,J,D){tP(15,0,null,J,this,v,V,D)},A.dispatchEvent\u003dfunction(v,V,J,D,l,G,F,d,g,O,t,a){{a\u003d37;while(a!\u003d69)if(a\u003d\u003d81)J.target\u003dJ.target||l,a\u003d58;else if(a\u003d\u003d66)a\u003d82;else if(a\u003d\u003d64)O\u003dJ,J\u003dnew pU(t,l),hP(J,O),a\u003d58;else if(a\u003d\u003d22)a\u003dV?40:93;else if(a\u003d\u003d85)a\u003dd?7:92;else if(a\u003d\u003d79)D++,a\u003d97;else if(a\u003d\u003d7)G\u003d[],a\u003d6;else if(a\u003d\u003d24)a\u003dtypeof J\u003d\u003d\u003d\"string\"?0:83;else if(a\u003d\u003d83)a\u003dJ instanceof pU?81:64;else if(a\u003d\u003d97)a\u003d!J.t6\u0026\u0026D\u003cV.length?16:93;else if(a\u003d\u003d14)a\u003dd?63:92;else if(a\u003d\u003d54)g\u003dJ.currentTarget\u003dl,F\u003dU6(true,19,t,J,true,g)\u0026\u0026F,J.t6||(F\u003dU6(true,21,t,J,false,g)\u0026\u0026F),a\u003d22;else if(a\u003d\u003d37)d\u003dthis.Wr,a\u003d85;else if(a\u003d\u003d6)a\u003d14;else if(a\u003d\u003d51)d\u003dd.Wr,a\u003d14;else if(a\u003d\u003d48)a\u003dJ.t6?22:54;else if(a\u003d\u003d40)D\u003d0,a\u003d39;else if(a\u003d\u003d47)D--,a\u003d82;else if(a\u003d\u003d82)a\u003d!J.t6\u0026\u0026D\u003e\u003d0?19:48;else if(a\u003d\u003d63)G.push(d),a\u003d51;else if(a\u003d\u003d19)g\u003dJ.currentTarget\u003dV[D],F\u003dU6(true,18,t,J,true,g)\u0026\u0026F,a\u003d47;else if(a\u003d\u003d4)D\u003dV.length-1,a\u003d66;else if(a\u003d\u003d76)a\u003dV?4:48;else{if(a\u003d\u003d93)return F;a\u003d\u003d0?(J\u003dnew pU(J,l),a\u003d58):a\u003d\u003d16?(g\u003dJ.currentTarget\u003dV[D],F\u003dU6(true,22,t,J,false,g)\u0026\u0026F,a\u003d79):a\u003d\u003d39?a\u003d97:a\u003d\u003d58?(F\u003dtrue,a\u003d76):a\u003d\u003d92\u0026\u0026(V\u003dG,l\u003dthis.HU,J\u003dv,t\u003dJ.type||J,a\u003d24)}}},A).j\u003dfunction(){this.Wr\u003d((V8.C.j.call(this),this).J\u0026\u0026Xa(0,11,null,this.J),null)},A.TH\u003dfunction(v,V,J,D){return this.J.TH(v,V,J,String(D))},true)A.hasListener\u003dfunction(v,V){return this.J.hasListener(v!\u003d\u003dvoid 0?String(v):void 0,V)};var ad;(((((A\u003d(Z(((cB(29,((((\"ARTICLE SECTION NAV ASIDE H1 H2 H3 H4 H5 H6 HEADER FOOTER ADDRESS P HR PRE BLOCKQUOTE OL UL LH LI DL DT DD FIGURE FIGCAPTION MAIN DIV EM STRONG SMALL S CITE Q DFN ABBR RUBY RB RT RTC RP DATA TIME CODE VAR SAMP KBD SUB SUP I B U MARK BDI BDO SPAN BR WBR NOBR INS DEL PICTURE PARAM TRACK MAP TABLE CAPTION COLGROUP COL TBODY THEAD TFOOT TR TD TH SELECT DATALIST OPTGROUP OPTION OUTPUT PROGRESS METER FIELDSET LEGEND DETAILS SUMMARY MENU DIALOG SLOT CANVAS FONT CENTER ACRONYM BASEFONT BIG DIR HGROUP STRIKE TT\".split(\" \").concat([\"BUTTON\",\"INPUT\"]),A\u003dDv.prototype,A.Y\u003dfunction(v,V){return typeof v\u003d\u003d\u003d(V\u003dthis.pR,\"string\")?V.getElementById(v):v},A.getElementsByTagName\u003dfunction(v,V){return(V||this.pR).getElementsByTagName(String(v))},A.createElement\u003dfunction(v,V,J){return(J\u003d(V\u003dString(v),this.pR),J.contentType\u003d\u003d\u003d\"application/xhtml+xml\"\u0026\u0026(V\u003dV.toLowerCase()),J).createElement(V)},A.createTextNode\u003dfunction(v){return this.pR.createTextNode(String(v))},A.appendChild\u003dfunction(v,V){v.appendChild(V)},A.append\u003dfunction(v,V){bR(null,32,0,\"string\",\"array\",v,arguments,v.nodeType\u003d\u003d9?v:v.ownerDocument||v.document)},A).canHaveChildren\u003dfunction(v,V){for(V\u003d91;V!\u003d97;){if(V\u003d\u003d22)return false;if(V\u003d\u003d24){switch(v.tagName){case \"APPLET\":case \"AREA\":case \"BASE\":case \"BR\":case \"COL\":case \"COMMAND\":case \"EMBED\":case \"FRAME\":case \"HR\":case \"IMG\":case \"INPUT\":case \"IFRAME\":case \"ISINDEX\":case \"KEYGEN\":case \"LINK\":case \"NOFRAMES\":case \"NOSCRIPT\":case \"META\":case \"OBJECT\":case \"PARAM\":case \"SCRIPT\":case \"SOURCE\":case \"STYLE\":case \"TRACK\":case \"WBR\":return false}return true}V\u003d\u003d91\u0026\u0026(V\u003dv.nodeType!\u003d1?22:24)}},A).removeNode\u003dMQ,A).contains\u003dfunction(v,V,J,D){for(D\u003d88;D!\u003d85;)if(D\u003d\u003d6)D\u003d50;else{if(D\u003d\u003d74)return false;if(D\u003d\u003d43)D\u003dtypeof v.compareDocumentPosition!\u003d\"undefined\"?28:6;else{if(D\u003d\u003d63)return V\u003d\u003dv;if(D\u003d\u003d50)D\u003dV\u0026\u0026v!\u003dV?62:63;else if(D\u003d\u003d41)D\u003dv.contains\u0026\u0026V.nodeType\u003d\u003d1?14:43;else if(D\u003d\u003d88)D\u003dv\u0026\u0026V?41:74;else if(D\u003d\u003d4)D\u003d50;else if(D\u003d\u003d62)V\u003dV.parentNode,D\u003d4;else{if(D\u003d\u003d28)return v\u003d\u003dV||!!(J\u003dv.compareDocumentPosition(V),2*(J|0)-~(J\u002616)- -1+2*~J);if(D\u003d\u003d14)return v\u003d\u003dV||v.contains(V)}}}},KY)),KY.prototype).WU\u003d\"\",KY.prototype.wn\u003d0,25),2,Nv,V8),Nv).prototype,A).zJ\u003dKY.nR(),A).Y\u003dfunction(){return this.S},A).getParent\u003dfunction(){return this.y9},A).Ni\u003dfunction(){(Z(29,this,function(v){v.Q9\u0026\u0026v.Ni()}),this).Od\u0026\u0026Xa(0,9,null,this.Od),this.Q9\u003dfalse},A.j\u003dfunction(v){for(v\u003d46;v!\u003d15;)v\u003d\u003d64?v\u003dthis.Od?71:6:v\u003d\u003d6?(Z(5,this,function(V){V.dispose()}),!this.TJ\u0026\u0026this.S\u0026\u0026MQ(this.S),this.y9\u003dthis.S\u003dthis.FT\u003dthis.jb\u003dnull,Nv.C.j.call(this),v\u003d15):v\u003d\u003d71?(this.Od.dispose(),delete this.Od,v\u003d6):v\u003d\u003d46\u0026\u0026(this.Q9\u0026\u0026this.Ni(),v\u003d64)},A).dl\u003dfunction(v,V){for(V\u003d68;V!\u003d39;)if(V\u003d\u003d68)V\u003dthis.y9\u0026\u0026this.y9!\u003dv?31:74;else if(V\u003d\u003d74)Nv.C.dl.call(this,v),V\u003d39;else if(V\u003d\u003d31)throw Error(\"Method not supported\");},A.removeChild\u003dfunction(v,V,J,D,l,G,F,d,g,O,t,a,U){{U\u003d65;while(U!\u003d60)if(U\u003d\u003d97)a.y9\u003dnull,Nv.C.dl.call(a,null),U\u003d83;else if(U\u003d\u003d27)a\u003dv,U\u003d52;else if(U\u003d\u003d49)U\u003dV?28:27;else{if(U\u003d\u003d76)throw Error(\"Child is not in parent component\");if(U\u003d\u003d77)return v;if(U\u003d\u003d66)G\u003dnull,U\u003d47;else if(U\u003d\u003d28)v.Ni(),v.S\u0026\u0026MQ(v.S),U\u003d27;else if(U\u003d\u003d84)U\u003d(O\u003dv.ts)?16:61;else if(U\u003d\u003d52)U\u003da\u003d\u003dnull?8:97;else if(U\u003d\u003d16)t\u003dO,U\u003d94;else if(U\u003d\u003d51)U\u003dg\u0026\u0026v?95:83;else{if(U\u003d\u003d8)throw Error(\"Unable to set parent component\");U\u003d\u003d94?(g\u003dt,U\u003d98):U\u003d\u003d43?(t\u003dv,U\u003d94):U\u003d\u003d80?(l\u003dthis.FT,G\u003d(l!\u003d\u003dnull\u0026\u0026g in l?l[g]:void 0)||null,U\u003d47):U\u003d\u003d25?U\u003dtypeof v\u003d\u003d\u003d\"string\"?43:84:U\u003d\u003d83?U\u003dv?77:76:U\u003d\u003d98?U\u003dthis.FT\u0026\u0026g?80:66:U\u003d\u003d47?(v\u003dG,U\u003d51):U\u003d\u003d95?(F\u003dthis.FT,g in F\u0026\u0026delete F[g],P(12,1,this.jb,v),U\u003d49):U\u003d\u003d61?(J\u003dv.zJ,D\u003dv,d\u003dJ.WU+\":\"+(J.wn++).toString(36),O\u003dD.ts\u003dd,U\u003d16):U\u003d\u003d65\u0026\u0026(U\u003dv?25:83)}}}};var H_,AP\u003d{button:\"pressed\",checkbox:\"checked\",menuitem:\"selected\",menuitemcheckbox:\"checked\",menuitemradio:(((A\u003d(cB(5,SP),SP.prototype),A).h6\u003dfunction(v,V,J,D){(D\u003dv.Y?v.Y():v)\u0026\u0026(J?jP:y8)(D,[V])},A.OD\u003dfunction(){return\"goog-control\"},A).u\u003dfunction(v,V,J,D,l,G,F){for(F\u003d97;F!\u003d48;)F\u003d\u003d90?F\u003dD?98:48:F\u003d\u003d98?F\u003dthis.Ru?70:87:F\u003d\u003d70?((G\u003dthis.Ru[v])\u0026\u0026this.h6(V,G,J),this.xe(D,v,J),F\u003d48):F\u003d\u003d87?(l\u003dthis.OD(),l.replace(/\\\\xa0|\\\\s/g,\" \"),this.Ru\u003d{1:l+\"-disabled\",2:l+\"-hover\",4:l+\"-active\",8:l+\"-selected\",16:l+\"-checked\",32:l+\"-focused\",64:l+\"-open\"},F\u003d70):F\u003d\u003d97\u0026\u0026(D\u003dV.Y(),F\u003d90)},\"checked\"),radio:\"checked\",tab:\"selected\",treeitem:\"selected\"},PB\u003d(((cB(21,(Z(39,(A.xe\u003d(A.Iu\u003d(A.eb\u003dfunction(v){return v.Y()},function(v,V,J,D,l,G,F,d,g){for(F\u003d31,d\u003d22;;)try{if(F\u003d\u003d24)break;else F\u003d\u003d97?F\u003dD!\u003dV?56:24:F\u003d\u003d70?(J.tabIndex\u003d-1,J.removeAttribute(\"tabIndex\"),F\u003d24):F\u003d\u003d31?F\u003dcB(9,0,32,v)\u0026\u0026(G\u003dv.eb())?60:24:F\u003d\u003d63?(J.tabIndex\u003d0,F\u003d24):F\u003d\u003d58?F\u003dv.F\u002632?39:94:F\u003d\u003d39?(v.lz\u00264\u0026\u0026cB(10,0,4,v)\u0026\u0026v.setActive(false),v.lz\u002632\u0026\u0026cB(3,0,32,v)\u0026\u0026C(16,2,false,32,v)\u0026\u0026v.u(false,32),F\u003d94):F\u003d\u003d60?F\u003d!V\u0026\u0026v.F\u002632?64:94:F\u003d\u003d91?(l\u003dG.tabIndex,D\u003dtypeof l\u003d\u003d\u003d\"number\"\u0026\u0026l\u003e\u003d0\u0026\u0026l\u003c32768,F\u003d97):F\u003d\u003d19?F\u003dV?63:70:F\u003d\u003d74?(d\u003d22,F\u003d44):F\u003d\u003d56?(J\u003dG,F\u003d19):F\u003d\u003d64?(d\u003d59,G.blur(),F\u003d44):F\u003d\u003d44?(d\u003d22,F\u003d58):F\u003d\u003d94\u0026\u0026(F\u003d(D\u003dG.hasAttribute(\"tabindex\"))?91:97)}catch(O){if(d\u003d\u003d22)throw O;d\u003d\u003d59\u0026\u0026(g\u003dO,F\u003d74)}}),function(v,V,J,D,l,G,F,d){(l\u003d(F\u003d(H_||(H_\u003d{1:\"disabled\",8:\"selected\",16:\"checked\",64:\"expanded\"}),H_[V]),v.getAttribute(\"role\")||null))?(D\u003dAP[l]||F,d\u003dF\u003d\u003d\"checked\"||F\u003d\u003d\"selected\"?D:F):d\u003dF,(G\u003dd)\u0026\u0026P(7,\"sort\",\"atomic\",J,G,v)}),2),fY,SP),fY)),fY).prototype.xe\u003dfunction(v,V,J){switch(V){case 8:case 16:P(6,\"sort\",\"atomic\",J,\"pressed\",v);break;default:case 64:case 1:fY.C.xe.call(this,v,V,J)}},fY).prototype.OD\u003dfunction(){return\"goog-button\"},{});A\u003d(Z(89,2,fU,Nv),fU).prototype,A.F\u003d0;while(0\u003d\u003d\u003d-Number())if(![]!\u003d(A.eb\u003dfunction(){return this.U.eb(this)},true))break;(A.lz\u003d(A.j\u003dfunction(v){{v\u003d93;while(v!\u003d83)v\u003d\u003d78?(this.ke.dispose(),delete this.ke,v\u003d19):v\u003d\u003d19?(delete this.U,this.K\u003dnull,v\u003d83):v\u003d\u003d55?v\u003dthis.ke?78:19:v\u003d\u003d93\u0026\u0026(fU.C.j.call(this),v\u003d55)}},(A.isVisible\u003dfunction(){return this.ey},A).ey\u003d(A.isEnabled\u003dfunction(){return!(this.F\u00261)},A.xs\u003d0,!(A.UD\u003d(A.Ni\u003dfunction(){(fU.C.Ni.call(this),this.ke)\u0026\u0026this.ke.detach(),this.isVisible()\u0026\u0026this.isEnabled()\u0026\u0026this.U.Iu(this,false)},A.h6\u003dfunction(v,V,J){{J\u003d12;while(J!\u003d1)J\u003d\u003d87?J\u003dv\u0026\u0026this.K\u0026\u0026P(11,1,this.K,v)?32:1:J\u003d\u003d86?(this.K\u003dnull,J\u003d54):J\u003d\u003d32?J\u003dthis.K.length\u003d\u003d0?86:54:J\u003d\u003d54?(this.U.h6(this,v,false),J\u003d1):J\u003d\u003d51?J\u003dv?3:1:J\u003d\u003d3?(this.K?I6(42,0,v,this.K)||this.K.push(v):this.K\u003d[v],this.U.h6(this,v,true),J\u003d1):J\u003d\u003d12\u0026\u0026(J\u003dV?51:87)}},39),0)),255),A).K\u003dnull;while(\"n\")if(A.isActive\u003dfunction(){return!!(this.F\u00264)},13)break;if(typeof fU!\u003d\u003d(A.u\u003dfunction(v,V,J,D,l,G,F){for(F\u003d99;F!\u003d25;)F\u003d\u003d79?(G\u003d!v,D\u003dthis.getParent(),F\u003d30):F\u003d\u003d78?(this.setActive(false),C(48,2,false,2,this)\u0026\u0026this.u(false,2),F\u003d2):F\u003d\u003d30?F\u003dD\u0026\u0026typeof D.isEnabled\u003d\u003d\"function\"\u0026\u0026!D.isEnabled()||!C(8,2,!G,1,this)?25:80:F\u003d\u003d2?(this.isVisible()\u0026\u0026this.U.Iu(this,G),this.u(!G,1,true),F\u003d25):F\u003d\u003d94?(this.U.u(V,this,v),this.F\u003dv?this.F|V:(l\u003dthis.F,(l|~V)-(l\u0026~~V)-(~l\u0026~V)),F\u003d25):F\u003d\u003d99?F\u003dJ||V!\u003d1?26:79:F\u003d\u003d26?F\u003dcB(11,0,V,this)\u0026\u0026v!\u003d!!(this.F\u0026V)?94:25:F\u003d\u003d80\u0026\u0026(F\u003dG?2:78)},(A.setActive\u003dfunction(v){C(32,2,v,4,this)\u0026\u0026this.u(v,4)},A).getState\u003dfunction(){return this.F},\"function\"))throw Error(\"Invalid component class \"+fU);for(0;typeof SP!\u003d\u003d\"function\";true!\u003d[]){throw Error(\"Invalid renderer class \"+SP);if({})break}var iP\u003dZ(11,fU),LU\u003d(cB(49,\"goog-button\",((Z(25,2,(((cB(13,(Z((cB((PB[iP]\u003dSP,50),\"goog-control\",function(){return new fU(null)}),38),2,uR,fY),uR)),uR.prototype.xe\u003dfunction(){},uR.prototype).Iu\u003dfunction(){},uR).prototype.u\u003dfunction(v,V,J,D,l){{l\u003d39;while(l!\u003d49)l\u003d\u003d39?(uR.C.u.call(this,v,V,J),D\u003dV.Y(),l\u003d92):l\u003d\u003d11?(D.disabled\u003dJ,l\u003d49):l\u003d\u003d92\u0026\u0026(l\u003dD\u0026\u0026v\u003d\u003d1?11:49)}},Xl),fU),Xl.prototype).j\u003dfunction(){if(Xl.C.j.call(this),delete this.PU,[])delete this.l9},function(){return new Xl(null)})),u).requestIdleCallback?function(v){requestIdleCallback(function(){v()},{timeout:4})}:u.setImmediate?function(v){setImmediate(v)}:function(v){setTimeout(v,0)},O$\u003d{passive:true,capture:true},LY\u003dString.fromCharCode(105,110,116,101,103,67,104,101,99,107,66,121,112,97,115,115),od\u003d{},R6\u003d[],P_\u003d[],Fl\u003d[],yJ\u003d[],B_\u003d[],eD\u003d(T.prototype.sD\u003d(T.prototype.i9\u003dvoid 0,void 0),T.prototype.ks\u003dfalse,[]),NQ\u003d[],SD\u003d(T.prototype.au\u003d\"toString\",[]);while({})if(![]\u003d\u003d(W_,false))break;var o6\u003d((((Id,function(){})(E$),TZ,function(){})(pY),function(){})(uP),A\u003dT.prototype,void 0),dV\u003d((A.sd\u003d(A.Qv\u003dfunction(v,V,J,D,l){return B.call(this,v,V,3,J,D,l)},function(v,V,J,D,l,G){return R.call(this,v,9,V,J,D,l,G)}),T.prototype.W\u003d\"create\",A.b9\u003dfunction(v,V,J,D,l,G,F,d,g){return Xa.call(this,v,17,V,J,D,l,G,F,d,g)},A.Ys\u003d0,A).v\u003d(window.performance||{}).now?function(){if(5)return this.gn+window.performance.now()}:function(){return+new Date},A.Iw\u003dfunction(){return C.call(this,20)},od.constructor);if(\"v\")A.dn\u003dfunction(v,V,J,D,l,G,F,d,g,O,t){return x4.call(this,8,V,v,J,D,l,G,F,d,g,O,t)};var du\u003d(((A.pJ\u003dfunction(){return tP.call(this,88)},A\u003dT.prototype,A).I\u003dfunction(v,V){return v\u003d{},o6\u003dfunction(){return V\u003d\u003dv?-41:21},V\u003d{},function(J,D,l,G,F,d,g,O,t,a,U,n,r,I,N,z,b,q,w,y,x,$4,Q,Df,f,O6,K,S,rV,BB,CU,W,YH,Jq,L,Fa,X,Vp,Zv,s$,k4){X\u003d(Fa\u003dundefined,L\u003d93,60);{Vp\u003dfalse;while(true)try{if(X\u003d\u003d18)break;else if(X\u003d\u003d77)X\u003dq.done?9:54;else{if(X\u003d\u003d87)return k4;if(X\u003d\u003d81)L\u003d63,qQ(17,s$,178,this),Fa\u003d18,X\u003d26;else if(X\u003d\u003d94)r\u003dN.charCodeAt(y),X\u003d4;else if(X\u003d\u003d31)L\u003d80,S\u003de(this,99),S.length\u003e0\u0026\u0026E(497,H(2,S.length).concat(S),this,15),E(497,H(1,this.V+1\u003e\u003e1),this,104),mB(497,178,H(1,this[eD].length),this),$4\u003dthis.Ed?M(this,395):k(this,380),$4.length\u003e0\u0026\u0026E(178,H(2,$4.length).concat($4),this,127),O\u003de(this,178),O.length\u003e4\u0026\u0026E(497,H(2,O.length).concat(O),this,126),Df\u003d0,Df+\u003d(BB\u003dk(this,408),2048+(BB|-2048)),Df-\u003d(b\u003dM(this,497).length,2*(b\u00265)-1+(b\u0026-6)-(b|-6)),f\u003dk(this,367),f.length\u003e4\u0026\u0026(Df-\u003d(F\u003df.length,(F|3)-~(F\u00263)-1)),Df\u003e0\u0026\u0026E(497,H(2,Df).concat(Id(Df)),this,10),X\u003d67;else if(X\u003d\u003d75)X\u003d77;else if(X\u003d\u003d60)CU\u003dV,V\u003dv,X\u003d62;else if(X\u003d\u003d54)D\u003dq.value,X\u003d91;else if(X\u003d\u003d19)L\u003d63,X\u003d78;else if(X\u003d\u003d91)L\u003d69,D(),X\u003d78;else if(X\u003d\u003d36)g\u003dG,e(this,395).length\u003dl.shift(),k(this,497).length\u003dl.shift(),M(this,43)[0]\u003dl.shift(),e(this,380).length\u003dl.shift(),e(this,367).length\u003dl.shift(),k(this,178).length\u003dl.shift(),k(this,13).length\u003dl.shift(),e(this,163).length\u003dl.shift(),k4\u003dg,Fa\u003d87,X\u003d26;else if(X\u003d\u003d4)X\u003dr\u003e255?21:14;else if(X\u003d\u003d97)X\u003dW\u003d\u003dB_?15:26;else if(X\u003d\u003d22)X\u003d65;else if(X\u003d\u003d10)X\u003d85;else if(X\u003d\u003d35)G\u003d\"\",w\u003d0,X\u003d10;else if(X\u003d\u003d34)l\u003dJ[2],d\u003dH(2,(M(this,497).length|0)+2),rV\u003dthis.O,this.O\u003dthis,X\u003d31;else if(X\u003d\u003d11)X\u003dG?57:35;else if(X\u003d\u003d63)X\u003df.length\u003e1E6?79:66;else if(X\u003d\u003d9)x.length\u003d0,X\u003d26;else if(X\u003d\u003d66)E(497,H(2,f.length).concat(f),this,153),X\u003d27;else if(X\u003d\u003d55)k4\u003deP(282,this,305,J[1],8001),Fa\u003d50,X\u003d26;else if(X\u003d\u003d40)X\u003dFa!\u003d\u003dundefined?26:1;else if(X\u003d\u003d27)L\u003d63,this.O\u003drV,X\u003d40;else if(X\u003d\u003d43)L\u003d27,N\u003datob(a),y\u003dK\u003d0,Q\u003d[],X\u003d22;else if(X\u003d\u003d12)X\u003dW\u003d\u003dyJ?53:58;else if(X\u003d\u003d15){if(x\u003dk(this,414),YH\u003dtypeof Symbol!\u003d\"undefined\"\u0026\u0026Symbol.iterator\u0026\u0026x[Symbol.iterator])O6\u003dYH.call(x);else if(typeof x.length\u003d\u003d\"number\")O6\u003d{next:GZ(24,17,0,x)};else throw Error(String(x)+\" is not an iterable or ArrayLike\");U\u003dO6,q\u003dU.next(),X\u003d75}else if(X\u003d\u003d78)q\u003dU.next(),X\u003d77;else if(X\u003d\u003d65)X\u003dy\u003cN.length?94:42;else if(X\u003d\u003d79)f\u003df.slice(0,1E6),mB(497,178,[],this,250),E(497,[],this,27),X\u003d66;else if(X\u003d\u003d57)G\u003d\"!\"+G,X\u003d36;else if(X\u003d\u003d42)this.Mi\u003dQ,this.A\u003dthis.Mi.length\u003c\u003c3,h(0,this,[0,0,0]),X\u003d41;else if(X\u003d\u003d1)L\u003d63,z\u003dId(2).concat(M(this,497)),z[1]\u003dz[0]^3,z[3]\u003dz[1]^d[0],z[4]\u003d(n\u003dz[1],I\u003dd[1],1+(n\u0026~I)+2*(~n\u0026I)+(n|~I)),G\u003dthis.jy(z),X\u003d11;else if(X\u003d\u003d13)X\u003dW\u003d\u003deD?34:12;else if(X\u003d\u003d41)L\u003d63,Q8(91,8001,this,false),X\u003d26;else if(X\u003d\u003d93)a\u003dJ[1],X\u003d43;else if(X\u003d\u003d88)t\u003dz[w][this.au](16),t.length\u003d\u003d1\u0026\u0026(t\u003d\"0\"+t),G+\u003dt,X\u003d48;else if(X\u003d\u003d26)L\u003d93,V\u003dCU,X\u003d47;else{if(X\u003d\u003d50)return k4;if(X\u003d\u003d14)Q[K++]\u003dr,X\u003d49;else if(X\u003d\u003d53)eP(282,this,305,J[1],J[2]),X\u003d26;else if(X\u003d\u003d47)Fa!\u003d\u003dundefined?(X\u003dFa,Fa\u003dundefined):X\u003d18;else if(X\u003d\u003d58)X\u003dW\u003d\u003dFl?55:97;else if(X\u003d\u003d23)J[1].push(M(this,395).length,k(this,497).length,e(this,43)[0],M(this,380).length,k(this,367).length,M(this,178).length,k(this,13).length,e(this,163).length),h(282,this,J[2]),this.N[429]\u0026\u0026eP(282,this,305,k(this,429),8001),X\u003d26;else if(X\u003d\u003d62)L\u003d63,W\u003dJ[0],X\u003d52;else if(X\u003d\u003d48)w++,X\u003d85;else if(X\u003d\u003d71)X\u003dW\u003d\u003dR6?23:13;else if(X\u003d\u003d49)y++,X\u003d65;else if(X\u003d\u003d67)X\u003df.length\u003e4?63:27;else if(X\u003d\u003d85)X\u003dw\u003cz.length?88:36;else if(X\u003d\u003d52)X\u003dW\u003d\u003dNQ?93:71;else if(X\u003d\u003d21)Q[K++]\u003d(r|255)-~(r\u0026255)+~r-(~r\u0026255),r\u003e\u003e\u003d8,X\u003d14;else if(X\u003d\u003d32)throw Zv;}}}catch(h_){if(Zv\u003dh_,L\u003d\u003d93)throw h_;L\u003d\u003d27?(s$\u003dh_,X\u003d81):L\u003d\u003d69?(Jq\u003dh_,X\u003d19):L\u003d\u003d80?(Fa\u003d32,X\u003d27):L\u003d\u003d63\u0026\u0026(Fa\u003d32,X\u003d26)}}}}(),A.cU\u003d0,A).Sy\u003d0,A.jy\u003dfunction(v,V,J,D,l){return I6.call(this,80,v,V,J,D,l)},/./),U$,vu\u003dNQ.pop.bind(T.prototype[(T.prototype[P_]\u003d[0,0,1,1,0,1,1],A).iz\u003d(A.Ft\u003dfunction(){return s6.call(this,41)},function(){return tP.call(this,48)}),R6]),gu\u003d(U$\u003dbR((du[T.prototype.au]\u003dvu,{get:vu}),45,T.prototype.W),T.prototype.KJ\u003dvoid 0,function(v,V){return(V\u003dbR(null,3,\"bg\",\"error\"))\u0026\u0026v.eval(V.createScript(\"1\"))\u003d\u003d\u003d1?function(J){return V.createScript(J)}:function(J){return\"\"+J}})(u);return(function(v){return T.prototype.KJ\u003dv,xH});}).call(this);'].join('\\n')))(d)(l.substr(0,n),O,a,g,r,U,z),Q[1]),Q[0]);break}else b\u003d\u003d44?(X\u003d\"FNL\"+d,b\u003d89):b\u003d\u003d38?(Z\u003dc(X,5,O),D\u003dZ[0],f\u003dZ[1],b\u003d54):b\u003d\u003d89?b\u003dV?1:38:b\u003d\u003d15\u0026\u0026(P\u003d57,X\u003d\"FNL\"+u,b\u003d38)}catch(B){if(P\u003d\u003d57)throw B;P\u003d\u003d67\u0026\u0026(u\u003dB,b\u003d15)}}}),function(V){f\u0026\u0026f(V)})]};}).call(this);"],null,"g8pm3olANQV-VwJYJjKxO28VB8UApUzDkQrZiGmAPjY","ybmWjTof/Lc1mU/CRvGKS35H/vINeLyzvbZkRnxLqwiWW5KufUe9RAqc5v71KOo/SwFYDr/aPIun6yqN5MW+HK2oCcT9ooDaECvN/SfjkvEMNSDgBHOGk3HmrCwmrAoNSBs1Lbqt/kn0nHTU5yEo72XX7e/OYjUQaOl03GJDxvSz+/+lTcPJSyP6E1TVA9AUQrqZTjqVTTgM5k94vGfNJqXWwl1HFKmrSkBJTxodmEfIZ121XnVXoIXsEpP1qLo20vFCFQo/iGv2/ExPGS6CAWVe7flGMeaJlIbFYTuQ55YzIQkvrBJMDN8mvPP4bKIAiIfTozbh7swJX7GOk/hTfDHfbOjYy9dXn0z/IUYrfQjPuA2kFloLkqnGhz8M7ghqSIbN3T/73d0f0ATNqEmH1O56XtIKFRvZX1ugnD6yTaGxRIuJxSN0QQItdGdaHYvDgNA82bp5DoKzlt23MVWTU0itLH30geN80aQjPv17Js7jhl5Yy/GMfz4S7tdQkra/HPEO6jXMmvvLFoXerbmsuzkLI5N8ulpxBkI4W7l0MuIRBxC6PQ+vvojlSa/R2S2XbaPxIypxs4klpUvvCjyyI7xTXhZd1FXmCkHWlE1M7iwSdIs9HESm/W6tnZ3cDY9gl4rFdNkdPzriX/NsP5UICjaFCM5XaO/JX37RPYfkNED/MdXoMtScq60nON3bygFuSkxYcnyRvKUVmY8rgvg9kyxeZfp0KuBFfRp2zK3hZYXJBzmQiNZqxM6zrI4aMlIYe3cvGno0E5rhb2whs/Vu6ysv4Jjrjh1DRn5hRWFoBWs1zyceZEi3ijXl7cCtNR+nBLOVeLfZrk26AtnFTUYSZAuQ/nMxegKkBDgaZQZhk7tFWh2PyocudeMOPn2XFI967Yp/diSyEvAjKDt2S4NQQcQPRDwmVWhluWVPQLeS8bLW7huApTXC4DhGcrtii02XNKcVuGx/zK7fNpnurOr68jSEnwhRg5Gql2FpZYSykjPIkS8BhSNwaC53SBo01q3zgZB4e97znC+H8xuJPgygWRnwKuPey2WVGHQSbi94llmW11VAb20EvwIYXl/9uSSRDqHvrIoRNrO7LB65Dhihrr0P8BuB3R1hGsv+XW94oEfcoND070J93DdWfHF1Umx/fJWBqA4pzKDb0f1Zk3rgSho9KJu4oxTten/WnEKs6/u1CEeiJDt+DL+mA6R0Au41mjYzmKOaFSBMj+EiPqHFT4KvYmSYCGfmnVnGoujgMwQ2X1p6IH7E9iwozykPOMF7fjrbNXj5tQMVBe3OXPkO9LxQM4BlOm2fAhpdByIoownOBU4N8rNTxanXdBxb3xPmlWPQ6VupNIL0OncvUZG9xX78W4wAf+SEAU4OoSEKfM7EgUt7HgyBrlN8QjzCdTbTGBMXVcFdhEmUkjkqErUqG+ysjyHHhyo1A8P0uDta0MJVp4xEdMdnLq6gd+JhQMDzceOArH2kYg7hG09TvlCj+qRD0i19IC5PVtoeEzpzeQQWD0SZs2jZt++dQ7DY66YCh39oGpKAeZHpM9OIRYYMxlTzYsBGrTWtsS6UvIVsFG4gn6Hq7vowbDLC8iQMdYuF73Z+MMgNpPOLLUF/TprybWWmXikDzE2BBlfoGTuz9mio5Vre11j+siZUkSJrgwFK3Y5sGiD0F9yV+3UkTAx9ziHnhlSA6ob9A13IS+IwD96rzJc6DJXBTEEgdltlEGZSBztz9yw51gIeQs/ycSTCAG5/RezhIGRzpt/5T4b8sOO3zjJAkEeY6gVtxoUMSQHojsTYE6bv3ocXC8OVVlwTQ31QT+Dwq3tP2CppXTysnG8jiEwJgyJEaTV6Eg0pKOhe6QLe/c48TLkUvToEL1ipDPA+IMgQUTMEe6Ut4xNofSyEvQUPNdnRaS97i4EUUZ8R6DjB+fRQt/aKPwkd56qztIJYuLSlzpGJr1Xsp6vOPM64CxXBdp+Wl4bcYDUvCtQnM5pVpiGOSwakeJOW9vO6mXfAYMm33f/qeXi4EByy7++HPkZEUPtllvQkg9MAsgQfmBPYZZT3MYM1BbSHGPKOaSfUn8khgSpsueuf3v9q90DFH5z1Ck8lSWOQM61kCq4QKVmaNElJGZ+SkKjk43dyE2HMRX1ag7BpuFIE4RqFtU5/h7feEqKSXq9mSKz/rwmmjqdSJtJVe0yEz5aRppU2f3E4VzgY9/ArxZafEvvgLTVnRn9UxX1OPMTj2dvz/z4sGR4YWW6kj2TvtawDC8dBXPlKpVjSGqKno5IIw6WP6vhuZZfhyVQ6hYfZgiPd5tPbDqhEfqV00aMsInML/SGUYd/zjLjZ6Rc5PahCzJrRpLFQ7KO/5yZ/OSJKx1I44NI1I2V4kjUf5rycbv4lFuASu9zC2gExoJFRowKQE/8hdGxeAgBwcyMH47goA4/BwXDID/ogve7+kc/3HoICSm8DeyHuvH78AeHyjjguuRwEP2e122ERtjZiK5zHA1QKaZRxp243LhBnqWTcqO+FTb6G2HSezIf59scBXF5ZC71k8K+FZRetvfhp1zuGmZczfDLdON3o7SFOM6PD8rYpeVuEy9uBiFodTCo308nL9VD93plOCRJHhsDXU1FKGpKieW6lg15iyXGK8k2NUH2FOxtl7kiBZALkz22DoreAEoLFY9zoOkfHvgZEBhVVP3rVyEwMEPJuhHQtzlyuF7O+xsWfXwMgoTL2luzXeHsB0iG7gtWdFJwGbZA8EalUBM1aUbsPeITwAPFhvC9xy663q/kOeXje7Kt+Y/T0JBMIx5T5g6VSF9vBvb/s19yR+xpSSqKFh20fTDBslkyKqa16ZMJ3zhhnym283h5v63NsJmnLKo1wDO2YJjx5jt4gauHaVc5vlTAcmzerG7L3htl/kBOMgelhvDVVRcxhcRVMipK6hT3tb1/AiQ3p7p2YqdEAF7zhD+YoOUzepNmLPVRRW/SFh8dhU+kwOWlBcAS9vrPLNQWj+aNR9eHy6QQELIZuYxWQkeEsZ1qvfaoaDOl8WxMgXdnl3QvoB7osXgEthz41TGItImHZSuZyWRnVY4XuqlDje1gqusdhtMREXPkyRhCDCauur9fsZI4au3Z1OIF9E1oOZscXBj1uxLtKU1gpq0r5BP8qlX51RI/8ah8eqJJEm3d+T+jUeTjQx5chrbqBa9fMDhF7ZQ3WYJdLFyIsOKm/FDULWExrlND9GQTAP7Z7ZIRQijpHksEW7dmYYlGEuPBGkRg7oROxF6WaY3mjEatw16JeUVofFsf7FuQRS4sz8yiZ2jKHmahphmtD+/UY7P3Np0tlYORZvMhKefHW1oui5YJ4q0hDP6ZRHKmMaQaFixvcnuVDHrQJ7asl3oxHRVcBChrTKysZqemcBfChXEcEvid/iv6EcuKk7IKUtNOsil8pajExu2Cc4+0k1ewwTUSOIVxGM29M+T/s803aOAHFxnkOv6pqghjXi3zP6UZu2MTlNnXhqF1IsOXqF9kKX/PrNYPuegJxXAGcQfLh0DWqkxOO8EAwX9szRSwAHMkCQabKkhwm4Y80Yt3hJrPtRGpOfGlyvuYKo0wGLVcIrFiRqutw+Jvdsmbrv4h8Y5+MjLN3PMCzMyB0Z+bN/PJqT4/zRFGRKVnKIH1f94s+6x7Uw82DqwBWLSIOLcMPytNuMWUAEQpjV82BjuhQN6o+FVZz4s9mlX0nmtkGGupy5cnPD5YVBzPmygwEV1GKMpITB8cvT8Iv9W+YakwzJ8/o0sdWOA0l/gyRquKFothGehXwhJAkqebM27Hq1hB4l0EqkZU/K53JM4GOwO7LEzuoayHdPoeHtQ1FGs3rSqOyZXwu4wWf4HHRXZz9FlOx0xxbs6F3H/pMdEoGw9b88ka25pzRKlST2c8PLcSGChiCtwoplxvG0QADYuKBdwURpFPZ1I9+SEYTsD+gAOjsq6Ku4b/ivdo/XaJCxL+4fMPvC5Q1Sf3gAigXwUfeJp2sKH1cx53xxqBHpd2n2VWIRbP/l0EDL5t4+rV6Uvp5ZB9JNoCQmA9iLHdDLL4O+hO1F0BvcUxL2Il8d+ToSq5r0iDhs+6JJivtKpg3F33fOBTdyuFCR9JCmU9nvN+Wvu5YteUeOGfWAEh0zek5CpkRm1xT2P6nTvkCKzqsx1zdW7x7GpFA0PSnNL8/J37I8FSGpsUzn7Ku9szB+NNJARFqhC1wJMAqyXG+Iappsa/d72cjPDZAdzvP2kK4CF0bc6/Oz4ddkNZfBsU7ep1S76EEcGUUybiY4T9kDB9HG2rNsl5VoDGNuokCinUgwzqujkZ+0kERVm9GBl6Sf3Q9R4Rdb4FIGj4wtndNmJNwY8Agz/ojCtIV19CEymfqVOvJ9Fy9Blw6f1DzrlcJ1HrUQw1XqV1Uqw+XdelxDvWsVr7tdXn6Kam6X+i7Z1D4r/c/zkEWPWLU7DYsVawYeClVUliIUze4Hs5t2dlufVIm/3KXKzo7awSgweZyO+q8vjzx6DLsO5A2ABf62vIwHhUom9o0AappUkJqHaCKBJkx2EmKgIbc8UNPnrVtjy0NJ2BsqhmaBguqRWKE1cUdsSjXkY5MpagPeEUtr9l0TTrm438STeXCL7tEFPXntvHoyjjPtkwUoVtYUkLwhw7BFHrFNZiGcH/R4IibNiQRISEuvLF+0y5yfJl0xCEn1u3CIYtYGOVdM5EDcpgk9cViY9hAILxzDu97MRx5tXLl43+8zsLVPCrtFvO7WebvP1OgR8k2Fqi4X9Q5giWoR3JQgWDb/V+QSjWxSsE8GW61s+gQxgXyV1HHKN/opPKhL3S34VRbwSp7wP6rXgk+az2QpakKX0VeltnigSFooXxomi7i8sCxbMIS8vNG8mWGxJ3gerDOjj4BuFfLxm/Q/0ugDIfugy0JAahULutfTvb9IWZOcnXS5Rv0OEAhvS7avjP65Ge8yVyYv5tRW8RYIcqXmGdHSNu9JDf4oFx4yRsKHQG8v7zjgezd/wKc9qvI1HT9jHZQaZFfXZqXr6IhYHjh38j8WIn6XGSLfUsHGXr3cKqYFhv68pMv8BZNQld7nf3SRMIaAtZVKr+VVV6AxFkZ6Qa0UCFFuImP0GzOuyVnVWGbCRd7SVvrVo0c9LaSEC8A3Fbx3wGfG/+VQjnexOP9adIMcgwi4/Daxp/WBXEzon1Dtl10oB8Icc5iMbNVd27DzqUHVcttNQ15r4R2QgAiEj0wLkbhRdGVhpAUhCR/iRKroLYtrih0wV5Cm2ClUP4/+oeivf38lgGbfVn9m8CYfgS9i/uEAFYf30rfhlY+zslsSKN0pIHe9J1f3aIJKSTNvoiFekqLIREwqapE5PGH2SSWmOxRme7j3nNhtPlEcnFomgal00bwbezvY8m3Dlq9C92vzyIM+WNeNCdXSppiJFJ2zSc4H/rYpWYPjv7+26WUNkE32fb81CBQe6OEwvmTSWu5WxHY7bZraZ6Xfb9B0laId5CM4n+orSCoEsnggcU6MnPD3UP3J3uid7z8N2+2n9QKvOIs884l9wgTlWOFFOM7+Tr2dFtyzL38VXsOBNloY0EJCtZWwqXxE9Rlv9a1aTshzGdtOmAiJAFYMhztzkFqNZEfrK71+a6HHovdO9sgFOOTdkKubmdGyPvjKDJ4B9mBIMv66ZDk0iM7EwR/QTj7BtWTertVgApg7xqkn3v85EVngXEvXAWZBnekx3bnYhpVxSWfSUDyOp2qlakOT96PWvcXnMb0ToHb5pX5EoDtxxZZdZNvUbz0VKKLHjnPUlzvQi/uOh+RR6MfsNHOlM/LAzIj/EhpIMlwyiZR2lH1c/92nap/XK+HczRK4i5cu9I+TzW9QOxjLXo8X7sisuvpeX+psNzj/l+0EZXWE7pBbj8nZ/ud1LfXt67AKrIoQ8dKTlaSsBhKMX07kQcUZlzrLvzY5TG6zyx5h3/kq2+InkW0lttN67kbjtfNBDGzFGP3tGVn1dEALzo+O31Eo6AjcLwb2pQQgQq03nnkJebRDeo6hZlfHet5mLSlW/Yug7ySARDKOHVTDSVFdKiCEfP7iNJO4p53a+luTx7twgmnidvt90IAbKzKAKGFV33VKEReoFs83KnpnkWSltaQ8gASlR1qS71yl+KSTWEQx+dIMq6a675MBeboyK2w7RIR3JL+NJC7oaa8GPYQEC0Ivygg9Zvl2uVxa7dR+2TNXUrBHuZf8KAg1cqdAvPti6SK4EQh81CT2n5aCLlDytPaAoBGG5J4J6DjzrDFQV/Iq503U6sM/EfbdEb9nbbXSKQluWkqkkorVXep+9pZm09X9uhsfuogZAl7IiZTefE5H3AS81NrI/bCnMRoSevWxpxZ20zOJ5bceoVLx1LoFEMYSnkMDfdIRVc7c0id2CnFwvbh+YZYPWilwaTHd55oSU7G0qS2KJJCOhS4wjVGxmzvv/qPo4qgoHN/ucdYHj7EXluXfobpqp+VbDpGcIH7sOZICrGFFl4DbV3vM4i6hg5X1Os+OkeOILss2XVN35Cv+UMBYEnoP/b2pKZASKN8aQGUq66JJ/fEHz9Iep6Ziw/UgkJjub+CJz+iXAoKXlz4z0/0/+qKYkS9Hwhoizh90ogdN93aBgaYk+luH/Zjl5FjwBegGmsOxXnUZeTn/hoZEx7nwKJk+gFrrQWFk5uSuQxgwuApA08ht3YAK+lCxLO3JG5/BM2DGPr6slbMQhbhbEAWt5luHgxZdC5t5TH5lOsV5Fo+QkwZ7YT82BxSTxZI0ms0ZP+R7qJH1Nr7flCeF50T6D9seyPlUF1Uv6toNWEZBBGD7shHEO0qbOXUfERl60iGF1F0PHnIuzLsVJQBGwiGDN2O2JRlEECgrq39VkHjS1y4XdBbVWFtJd36QmgmQLjRNFA0tEKJDSQDb83eCpdt5mCTcAeydqoq5j7UyUqjxM5IHS+xm3neWgXIzrmMAFuC/4xiny6DZ7hv/FNSyrCOJ75PoVfw3BgxadlvYJa3B92itB9Z65Wwfn4404Cg/uZge4uljrE/LGYmJeYUEpV9STMzp1EEKPFTPYpZQKrBiBZZGfOP7OyPuUPzEuAOTlmTFgFOZmEFEXPUrs5lNjzkY2sZibsbkvmrffjRycX1F92+wlV5TECnBm43vhImxraDClcu2wtxWmsPgL58Hp3sVAlALFfbgMY2Y8XTLw51MSWXwIXt7uMtgAtoHIzkBS7aflJvjYJRYdBx9w3ESufjrPl8Sv0+wVbAoGwqIjdSKLswO4zAh3WZtEsKfrpMWBkW6qmwYTEL8YpiZSTGNsm6u2AbbgaxZUCuuIzSkPPrmcc7GHTM3kGpZPdlLNLKL6vhrKMVmlcnaSiX3H5udFkyiRDb2rcaq9shTTNI5Iav+6zw9lTlX2fUVCNmL8tvm3fhNDa9cZSbbXnUKqAcYFWQLLrZ0gPzQTYW9fAZKrn3cz/yfeWPCUQqpZkXXycOQAer4ysPqUxvJMMQgiLkxc5pkO4xVPtNG2loDH4pBSVxp//RCLIy6MSTJ3WLYC6xp6srfIrwoykZmvvIe3b/D34m0vYArrog8SfAuC3kdx5b2Q4P054raLVXikFl/yS8mRj9NyFA8At55xLeWCFgnkaD2gN2REBLDXH6W4XmlDRy27ZQd64CfND+BzfTdw7n6KedkHRt8Hco4cqn5wqE0CmBhi16rIPzadV79tofmg/0yNoNkzW0lxJ25+KvRAcM29+3I112Wb0K2cwlth2XPI76t8LiqB59BwieTNgnY8OvwGORn5csX/ZdkRMiS6C++3Ch0QCN1LAYOZ/MFITyChmB6MkjvpJRzqIcI5uBQSle/rxwJ4PMC8t/X1ls49oUyzCoGC04QwJCXLxcS0JVvyf/TaUkRG3MxSLmDn8cjge03yzYLGK6xFjOkglU9N39HEYAiRKIemr7TKngoCXNu+N48V3w7iEKbaSsd1l6+wZY43PHaaaiN3Knv6o18lLejDbHXWhKrg9RAFFfwboft28RoaxB7h6K66B9X1UE3vXbBn1XLYzRfR8X9TQHbvo7X4gFdc+N9tlCZLN4a5i8ywEYdwkKqs86/AvCMQaC7M5N+N9X231ZAdBJyOTBMxUstXEkVv4/xHH/ICC5xjG+BN+iDsHa3+DvtQFhfuDVVV8S8u+Dyw2iYwOlkpITD7vzVB7TclA+/5bMUQq36gyxrxvtBBT73XOUhR1CNXfxVnB1V+SbpVAxekcWeLhQo5usu+E8gWI0BqYuEajtE10GbagIsGIEhRu9dJ5upQ8mMTiCpyocz9tMNScA+QjugidxxLpN7qOPc/uWuT1ZtqYUO6gu83M73jT0xTSd7yb5gIs2kJAY+CA4H+wtg+UMtX76EWAA5TTUGo9eIwfsaQ7G/vX/RQxp6SRducar0vw84uRLB7uJdD1uJd81ejL31qy+K5T/1tj9tCZ5YImr49K8kiwzTmOb4yDO5oPceS9M7LIFsV36VQn3+yhsdd2oJ5FMgyvnkrhbqYklNo4xYJ5aQi077YtO+08kZ8ycGabX6mGmxZiReOn8ZhhoQTxpsNBNWf4ifPKcQN9+ssbi8SxM6Z7HJa95kmtkYPcAlc4A5hv0OFZZCtg8pWxyZGDanL/80/4+hbkkMKLIlOPa9LDYpSyomlRgHen3bmGKirtpwkQC+KO9Dy2LQ8dh873reBysIa4VTpHqEHN014S0zuaCVtJNaaT4DC4zROaebsHuV2uPCMojwqGX5I62+El5YIT5dQpjmblYmLfZXmVFkthUNlNpVSznLDf+7zFiP0HagflEHio/OF+r/n6ZdY40yXSslsPfEo14krZccqtB/6LGcN8KCVtUQGh1osBbpMzk3WSG+Qnr+d1EoIFVSOGA4LfDdQhTD9zTl25uk0yszfiO+jqntOLbfUwJhrgEsDnef3Xq7d96kGBOFPSyrl933uB1Nrjs0TV0GwiZuFfGaTD+1/Iqdxi++1FEpXNLpwB8+0T9uYONAzFzrVVhIYru8qZrHQRdE8om0RL03TwkwJIPPvWV+2jhjAgvQiRAsYFA64bSsefcISn5zBeU+drPOlcOvQ0hKey4+EkO9LjcBAZfP9aCqFHwupISD7/7Q7ib4DbMMY0eTBZCGDyiWQd+8wko4Dai5SRrF0Tt8uvbX+8ndZpBieKR1z9uJemGVoMw8NobyixMDdx2fFBD/n/4sjcPzrhbBHGQb2FzkmdL4jFZcpz0Rr6LsPsLZdWxmTDy1PNfVHByC6SLecaUgAJn/z4zSavJBjoZo4WCLnwstt6djKeuFeSRazCsUy2TztvbA3PuCRQ4hGRASrb/OKfK3v4KYSOn3a3Y6i621a3N4a7wxEq/Wt9xQkzph9091qA6FXoBTA9SiObHxh6dche0Alj5Pu4luSdohyv7tMjALBcPbATAgqpYwUAhEN8Bh5YASo5bi/r3lGqOZZ5Ij35VSgf2dzSwb+DIml5UmMRaqcy6DZR+HoHiEVmLIOpU0wjGYk7KPfn1z+isgyPEfSs4x+vtfE9zQkxTGPIK/YNp2czmUPH974FOPeAcstKqrqPAwugn3xprkJyfQr7CyMdOgZ8WWqClXKffa1iEcYisNCdHfjfr7s6wKZJdePfVTlG3sxpkwYYGLdhN2Bp8wwoN0lk2c02udq1nS9QiD5tQHLFsbGLLV2qBXYcGw1VVFc24VpEOyLhjTjBceNL66MxZwFVwyaWGL/PUiWooq7JddVBi6TrEyqHxNe2KKNaJxmfE1EjpOjdGgk5hSuWhEU7UqrPjc7DZrqCxKDbolG7WgnM2SA9/BF8ef1VYc4IE1WsM+DJn1qgxgGOMWCFfFWZSR0yvBjglTipeVelkanpkBMrz6o2DftFqQ6H4C6CICB8S1o5L+BB8elAfElsNWiq56PbbOAPZ+VvslaiETC/l3UfG2PRLA716FtjXsRvmOp7/npEtgud4xcfvS4eyAw8LF+AmthA8vMkhSgRNQ/HyIcPOqYYyELairX+dFpfHOuK5ufqOY9MvtzV0dfWN4sMcb/q5Z3cmfk7JNQz3k0tBBH0YFDQ/tTT81QzzPkay0EiamgyXVpnPgI/VER/JWTREhNeju1dtM3w/PCF8fy3A7wnUlNEyggfoWmOjR2VQtyzaIO6UWYt7KZVMY5fJi9nuzRUVIOx52/WsIvcLKFdXzTPH+BU+qvCQwtliSHXy+e0bi6tT9ERvSmxNUbo5tui6cXcyvN0WgSL57yTziXFRLasO25m7CPiquDpjuR6VoIzv4Ba91CkQH3qXhdeYl/Tid9eND7Gm7Dv8sIm+891WoaiEwfByykApih3sO7P2H7h0dwTYGnEBaUIy+B9TWkTUBDHyntrwKbW9q9411nA2K3AIKBMSlqHihpC6X3hIy4FjlfAcycFnOfBmgF+LKzGqs/Tcq5CWl/8PVf7Gr817Zb5Xane/VR5glr+SFZFZV12G7e9GY58nNsgu3KtqGnEQYjLyg/A9iA/ks6I9LbB4fHC+CAHCAaUzjY0yGkZKkyDSnw6ALv0paW0yDaZ350pDraQiDfaxAVdPxoEproJBg35La3dRJqPsrx3moUNxVngtQFgrZdeRtcuphXDGPgBjrBlxHWKs9hMKBx+box+Pldn0bHuSN7kE1GZKruPMOZvqPN86e2agC6J0/ar5yWepFIEVXkz17lzXku+AlS4G3SFoc2xcFKeRfKIi4EQPXQObTnPYKG1pCguuHhDFFgbHVTbgFdMWor3Y20VOR+62P9lLEgDm0XAulcDAcyCejVziZzpzC73QhxtcrlNFwG9DHwpETlQtQ/S4LVmNkpYJZ+hvWItSJAC0+VZ3lvOpcGUyDX7bNGFg1HHf9a1tfNEf6VjVducJl3Z/aLR7TiJqU6quxFkbMrMyr7AXqdh1W4z/tZwEthCxnt1F3kGURNIz3oOYqwF5gkl20gUi9ZuO1IiFDGbkfmJnoqYMPt8P+Qrri7bbLq7pgOKBvcZ41aGWtaIXKQ8PtO+kU/NUaBkrAKUYuQXSQZLavLM6s1sdvZzw8ejafxArx23HaGKHx9k1h+VePhvi7Zf43wY71ndu/zeSC24pTZ1B2Xrd5AUwsfFW4maf7wGQBBQMpg71zX02OJzm8BDDJEBwH9ZSLk1i/n1g729BfUXB8D090i3zda0NJbfZI68SyxFKyweOwHA5voXPKYowcY2+qWXtGx0zVpVY46njrePswVsHR5yEkkUsxOnS8Gf0izVpUc+gCAEPS6/NedjAymV5bJNZRhJ8ajQZzf13yBNjhGTkIk1k1BZ4WQUXSKku3ahz4m7NJ1abdJWa3CeNdY9pgcSjcWWLQadceQyuny1ppblgwBdSrlWLh2F6+dgCJLIAM9CTQTfprXEcOdtlpdJp0CYt2QoliOF2U7oo0DGCwfg6RLqOAr5rtevafVMJr/QQzsnIoSOQqWYc2bzdtLgeQLV2A275jvLF1P/6H4Hv63JqJVuP9rU35+rJK9gMeT8/KjJ/PRGIlfsgh6SHcTK1YAMhGrzhxnnnHwOXNMEfzApptUgmAaM6f4dK3SqI6hr/bbJzaZVcFxWoZ7fUXOrEHABDeDUrHqtNbOaxzZTm0DIRE04zQ3vVpewIUMePfImRmKjE4+8VUYxEYhAVrI46W0qBe6nwr5bor2IGyG7gBQZMGaeTUJfOOxXRugp2ZaJu0Foj43RM02Q2ZMtAyybMQDNFXj/MVXqmD7IOQj0ai+pSMGqxfiJLaRSghLvvWWoX07JC7WoZRSZaaHcsi3M0AkmdHQHAAUYro3aFbt5fJiib5kzf+MdMtv5WsJbU0o2/EZbFygLEBKY8ac7fmpCDX3xiHecHck1zEq0+IF8wEI7Dl4sza0dad3LlvFekZEAV3FiCtt0BuH17SlXH3RCodK13xCmSBQ0D2zCOU5zo5Osf4e+CBrCJZd6X+ER/sWksmojp1ThOKOWuhleATPX8Iei4gZ96TndotLUHFdIGswTW3uNgBTuj5ujCrs/i5nQ+3zdsXMzg5JnZEm0gn2hxtbc7FdXjKYTRIkhHV6dok9jzLirF4N1hnE3etGhScG9Ez/91CdMC0Rxp5oZ2LPKvCZHxI8vZP/YfDxXuhE8y+KEELFF7R7jedVusPPb78OAjjpQ4kl/7yVa7JwC0x+H9AOOQ4mhpmHcPVl+z/rxFoVI3XJKyQGJg08nI3zqtW5f4SFyDnZt6ujl41T9FPEwlB4hP0dMV8J1j7Imb09A4aq/wpaQ8ucqGTuik371Sua1PK2hpNKAIKEedmd9MSV7RET1MwJbpxo3CZ4mB89XaeNNSBLkapmmMyq4xjC9WeGdUxwVliBsgywJbjG4ZLODRrgtMGrjBDCNYoEpvNpUOzH1hrpCEDWl4siHrkDKrmhtCl1dfX89YvC3JPhrskLi4cVyHCxDSO2Rg/aLzvopOhDxW2/im3YPSIDqBOHsFm0DbCY60yrmQhS99uEg7giXfeuBF5zpZepZh3JhZPb7F+ZtjaNONh+CKrrwKIdcoi9JuacEiRx3SAu7VW/IqvHgYqEOyMGEy+prMFWWBOQDkUV+aTqkjZCEUfwy/gEkFEuZJl0M+GBffTWCikMI4xbY/IwaaZv1qCwlClNAafkSq7zxcZd+DG+UH+caUZsnVLWklMsn1DFfjWCr4C96XdFn0P1MjvBsrUmWGG1nkzPNtjV7qs589kaUgcBT7DerjO9XRpKsPZ7eSMg0wT21fmXmCi3D1Dr2xjSpYLrX2IYYA/B7ON11rkAepTfLIwO1cSFUF000O1pP8whdszA6ArA/jrxUlNwHkaJu/JvV2H0FTz6oSP+lGgg4LBFvrzaZKgjIXbsoQgujGAEhGWeGctyD+zWUzqT3ufB+hpU/i2tSegps24GM7CCT/XDZlunhzLL/9NQ3tpk1Mt3BP13+IpQDWQVdKbuiLD46kkSNwXFahjVWYVK0LREwW2zSC3yoOnkX9wvhgh87GZoIN4ZCQwVjsDiGeGOJdui2/B1GahRhJt+RDmkcHgTJ+jfOhvroijK8Ae/8a2yShXA+7Vli2obGl9/pcDR6Ba0SN50MledJzj5mP3qdJFkcDlHrIFyOrDdjRm53NnzqDsIYujwMVBVyA++Tj4wqWmAY0f725/8pyITmKoyV9YA0UdVzgS5B4/91I7ZXpuok56NcVVoYrV+nGN7D6PU/WFBY1s+K07CXBiPOJBJ/wRIHxlRLSz9oINEu3Z0Oxg1O/8t2yPaDOPDOR/IFYQIVvw3w50ohB5FS7+y/NFtuTMPEEkJiskgCH2b/Oe9ZvJn1x8VPg8BakP/g8FNOS55D8zK2QQoAVTgYas2EnC0E4bkR4doinN7vWuvXF+++Kv7qNk7MP1dk5GTCxsykyHUKxfuY6gQobey7QgT9kQQNNMWYJRSBDCJo2uJMAMiqdEACLTdLevPc1NRRTZVrAxErExPYsrYTfJweNwlXPmEHskYNuPnHJnOBpV7QkiYm13nUc0LgQlbEXu9YMzXPWJHkdMITXAfwdGLiTbqzP2/iZL1zhM/qVDTvyjvYqINt6KppHeSiDSUDVtnlSpBM3tcbNB5r4QrHxZYEREOOVWcEI0XSWkZVbmijDKHn/oPuqwfwa4Y9z24i/aaTB54FNB0G8LM62PDp6t4MXkCoyv9s1wTkDaVfre6FsmKEv+qHimFEVihsvcbLyR3Ak4MFs6jbZnZ+1vV8S2czLtP3Q2Iu5L8M4n1I0acAPZpK2CBqEKebDj+RLFp8F64ZpFE5KofpuekGJ379IsydnURwyBdPAI7eqUzknR8l0jQK+VdJF760ACkkFVPCHCGC2baSeWoWT6C2ESAKCmlonxvFRtKaeFCywR6Xmt0uCN9f+a1pPtZO9TIiRlcmkaOYUWox99QF0sEB83LYKbc5/Z2LWd11ANq0VMQEINvQZuggJzZtz+PrqweXWmrh7CEDw6ANvBNPCM0sfb/svsC7Rmidr/vcQES7c+c18R9fEmG/sCfgRUIllKcs5K/FonxqCT6Ulm9bTz5c/QwpLYkaiYYHYknJHq/2uFnLHtxwcD0o8pgqR+4rtvX8vPYeVMtOat8+d0cSquNcDsia42EcFE/DpeohckwgPKrfLZelEZq4kLZ7Vv1hP/9mipKvIpAox+o8ScYj5sHquuAKXZQBXgmyc7GMkidrYhmC2JIdZbfvzqp9eXlKafNxnyDkDm7yCuD/CYglAZ1WcY9iT2bNw5Fg+Gd9Aa9wXfB6Py/53LKoBJ9C8CzRfiz7yngsh3k1bVudbPYMDglewV6NoTJTC4p7f7jw5XzFPpkfgQmu9S7/oc1/Sun6qxuDkyfS7qXAeKy+kv88DI2wFOx3XpCOOjPkUOE0UftAL1zbcXApABstBtA9RzpD2yCF1olmM3biwNOzcmYILVns8A4BTczN5+c9xsMGDAN+iuIDinCyeuSJr3P9h4TRBlqQihWztDEU6ueNNPtgRktTal6/ZbE8RRCVbMLHse2p8+ys8Uu9oATobPzn25AnBmcBvAHtkVyx7K4WZXkVcefIh3KheKdtnx7WewzDQl1V0iWQ/dddPuSiWt0YpbdnhN/eGucwxfsAkXkcm1kaDV42MxEXVe1U+uuQUF/GDgZeXdtAHxU493ay5/OhlX6yTj0gqjUPZxZajTpGYaNf2OKt8x5UMw5RnhbTzhoVf9TCdyZ+G0G5zEY0i7vKfIVRVpGhWT6fwlia+pUk/ewGqCj1aLX3RGBqYGSuSnrl/4yXmBrvToQYE8UnxbmO/ABFbkRsdUDAFfYTaICO/R21WAP446mM19u0mN7Sza2fjnWHSEeVHCyinpvK7vkWdsHvzCPYVh07txvuqmWhZdl6j7SO4SeQgPDJmWyBWZWmYjR4Ugk0PdBrYsSm19GcKhH6AI9srBhC7GJGXC1synaaKY8aSoHmPSLvWtYfR6SuWygPuADTfpI/lwiDmNXGd2Wl4Hs2st4/SZs6b0BPkw2wnFowZqQtOS//DYg/OpDNxDBlD3fFWy15IjLNyETDnoUnKIFwSdHFpGqtiAxKbiXF7dKkHSWNAJgE7nj8OF0azm4QG7prg8gOc0Mq66CBG2Ur4Yu5PX2KhJVAlmVWFgzpxvcXS7VGmUOUTc55DCnSr6P+n3b3c9a3rJNqEYzj259gePhwaZjVqBzIp3PbwkCSuJFoX/0JzEWyHr0/+SPmhUy25vU3iF+ka64h1D9LnzwxeFF/5ABMq+IVGvjL5qWp+bOszI0JBAtE2FvGiZ0KYxfZ+/+xAc/136jtCxJ3HkCCVyBTvs8GeMpGuaYJsaca7hlGUrUk1CNymMaTN0SFCrphzJLZVh/G9VQnb5kggvaf7CPyCpZsgLCbPymHCNzeF2Z85CQGcT9aT6WS23aE3tz6oDW2lhHNP470xf1L94V8/QTziaxblKSsmuqCutLwqQQjMW7Xgx9WWE63ceX8nOtZwwEBq641rLIyhyXHgmZEMok2s+5iAzlsUCR12GLUytT4+zhluEMdDjjPK6oCZK7p04wqu4NEQFUtY48cTh3NdlW1g+MOpZHADhkH0d29cjkSFoJPV9rgG3Tu3TxkglRxDAU33M+k0ulJOwNqk4NrmZx6b9kAHwbVBe0eeN6kaEI9gze+MC5bFdWgYYZ8c01IiRsHahjHuqXuSrlf8lYJqZ7iMtDd3vy70aEMsglOJ5Pyk/czfwK9OBpvrS8BbQWcSsRHJW00DhyF0RIUnakbWdWSMuH/1bHyO7jKEIps4lQZ/dDBZSMjEgnfv0wNBYDY78NG2CsBWYyL8gpVzYy5QvXtWsb0bGKzWimJTZFZNTOJdSIALDKj53UQHU4J3eUmUvA/iuNJDc3xDIyBncItVNw7N0Q3WngQN4pXVLO9L9pyPv+hka9BRaKkiOcQ5G5bR2zJ/+osSLsmw0JabHJ7zcNO0Bd+XzfSuvRPyfigGpFY5NCPtNVvwg14dJ1YrSmBvFSObjRDF0mTX7WwPZ7jB+Q5k3tzW9M6OYQFz1PaEf8ZtGJuHETW7ItpkEEOu25uDS2QGM0LZ4ZAQtW/xR2XoDhUSSH6KiExKOF6eyjB8IHfWxhjn35f/7V7Zrww3rOKvr+r1Lyk7+/OmxtLXh8wFNluxby87AOqlXdahZQW6ct9hewm6+iCDXOEBblZuNs42DABufwsBhYrvRYXNWLzCQOssQlntOtWv3hk1bfGEFT13NiXqs42+QCsmhuXaj2JbE4cpcYzJJ6e3FHrDH99irLis5Yd8KfJqcCJOyISSm2h9JaRtNGJjwfPAtJ0XpMQ4Zyr+7fH4SRtZG48gOHrnT6Gs2q1LRI8VTL/WtnhHVT/xLq0edajrpOKbjhioctBLe/NhwdNkbRn2xDXU12QfLR/FJRisKO2gptT/qWJQgp4ctg8eQtkdnLB53cb3iOZLQxNG6eciBvTTnT2L/Z1Rxt6cj+iDG0DP27445FUQN4vNDyfytbGwnLpx+s2WaB0mbAHu8i3W8qVt8KRwBu7gNIW1vZdDNWvul1l0xJ7vHNUCwo76YoahMdC57A9SCyNeNRSIDvKv3H/w+Wjf/HjrZdjkPj7aa0lByjhlavxzLqg8ywMh0rtivBVcOx+opT2k8HWcqF/SpCDKjAr5rdeGKjHVM3c6F787t8cdb5FqZXbK5Au7sxGPm7vp2F/3bjQnkOvMak/vT9lMyIIdyoyNjDLm7BCr5LKpy6Jf8uCKXNqdLVeAL9F9cqLKLFekBUv1igbSNYo7/i6fK1guMe426wP1atFN4x0rblnrM1EI3bY95f8cCe8om+kjoigGv7LQoK+dZZ25o2cCwqwQY3ezkXBI6p7Xq6OGu93TRvgiP4EwBQia61qe6rM2IXTBsBDJEwLbNPmqsH5OuWgSsEn2F3k+uXtB8ivvrmGUi4axSec5NYKcDUno6osT8dG1KzuPDwK2TN5Cl/7Jx+E5ptm2XSGln5KFe6lXLyA/iqSAxp2AmCBOOwWo7ZDQNuEJN+WoyBjRjGq3iBVr8vq/hQA3wla2u15cJU1XcBsEgDOrODYsv/WCwNegAFiuNzeY1nP5M/TxsCb8rei1QW4ma2mM6p3bLreqGDRjcuiZUccH54DHgYdu32aeCOZPGLYc26nYP1PYOYe57qeYQBFgqLtOp3Ipv7bAQcxJ0ApcXnyuH2fhC+ndC9sUyOdOufp5S6whIGilOpwV2DP56hAGtyrfTIO21aJNySYV74dHqXAovux6H/LeKkDdThs+7l4BHnf1WpfTyYjzL5YzyPHtrRO8+D1wexAVgM2a6uEz/9BmpdYymL+K+SVOpmSfy2vBjYTs7V84Wu55KU/UkV4yFrfZm9PQ5820xuQa605qg7f9DaSn6mDQ5UIj2KxWE8efEmRWxoC3wuv6LphYJnfytrZ/kAQg4y8nZvYC2ccvdKMr8YqFIah/vHykp3s9qzXlX4Qp0ibZe9f9weToFHOh7aCbRMIbd+DsnKkl68qLEyCtca19hFabvJBQsYzYXdtae3m+mwh32E9sR1P6IvbMPaT4eqfnQ1HK/KRKLJBcAKgYKFCK2b2mhzn0zDAAw+XiAe+0woMMxYa6NAhTqVAkHLbVFLF/6j2HhQmOzUu3VxAyQN94L8ujxtBL/lOSfgTvuANg6bSwAfkBA83AtNfNsknFQf8GsXk9ZuZaO/OreQKKCyZ6aSX9dGgZ9D5Lr5aJFrRA76yPAsJq+5Gbh2uk7jQPv1jN5X1J2iYfS571HD87BWb/YSJPEgBYQWX9zXAyID8g2UGfWs/X2xkskKnU7QrL4afstRAYWvyPoVxUtED4WETpPEZtYtckcoXMprdM07+0E7hSuHi2YSST1PUTNHaPi/hBQeCdlSLu1A0HdAgQ+MhJntQWhEMA8lQdoCL9LaZLW0RNuJOl8sh3PcG/39Dzm6hgroPHQT0Qt0Kv5DGorBXAwEB1bGOfvLFhFmh6F7yYWGEzcwXOv5DUUPDcxI6S/0XB4Oyb8CFYu/TVALulMbxg6mmgayfPmXZl3PtbHvGuOvBXVNRfcncba2jiE6vaNuyHA+BCNFjOy4og5BTMlz7NhVTCJtJEhzCbFsgkmWEke0K1GiSEyRPYeOJZnqHvuHd8AaVot4sxGMlYpcGShqNvCcuajMNI2t4uH9czNvrNH5N9DEoalhjI/41JEARp/033r1kvrQZmpgwXmZaLDcXCZ0rtCHAUd28F3i2isQjbG/T2KAihc3J9IGRs4fasn7o4jDfqQeMzS1Q7z67QCClyiq92JKtR+P5jef5R1jb+sbC8qyhuXWRdoHh/8fPcyrDlLGQ/C55Gdb9e/KLj8o1Qal53ogl2Pa72zCcbpWe+0tU4f95JZdpqsyyt4sR8XAFU0l7/2jxRuB5NgWqZV8NIpeRtdVpEaYe2zHc3pVyl9V2cTbxWI2g6tAvsgt98loJHrbDnZbHetu3itb+txY4CLNF0omSy6uEie866+GJQBjS662lSMI6jmWqoDCuhoHToBr477jI+sb+aeCd7OOA3qyGbvJkCl0+l3em54in+LrdASAgBS5IS5y+AUukXDbPZEVW9FDTbPytRFHOl0oHlnTAA2SzkjfjdumhROwNDHEAjLzJ5+QQ5WwbK/znXScjgotmZyakfQXJ30f4mzhx8gn9KPSG2d6y05gnsOV0TN7pUFxItdwOJJKrukCmUlIVhhkJm+ueu+zZaz8z4p+H3cDY8+IvmIdpgHeoEzdD6mBU53+beBNOgQR+lzaJgLpIqP0v84mZ19jj/fKB9HbdZVZMOXcgavJTHlvI0zQgI5KVm0J3/+zcaJUEXz2xIPnNbEkA9rRyZpk4M5hG81tDAMMylAuH9B6DzhndIGXuR4tUHRa3fzca4BjYiU3VXk7xB2v4+0PnjUatFQ35PEZ/aMeFcse/l+hzDKpMXbmy58o+0pDM4CYScM+v/YWrhp4ysP3JBiupx8q9FfAeXAwtx9mgu+2cSj8kI8pO3ngepaBXjaTqerH5meTwAjqPXngNXYvsz1cqNN4XU+m7ZZvjim6oIbF3S9ChMyXh3iskvX0yiwr4tkTdzZ2l9kujY4PLkKBBUfWcgGduPyDNvisbOjZDJ5Un5enp8RrP3ib7CIj9PM73rb/oivbZMQWr/kez2KhKfJaqdEcPbgbPNGg+1LAFbcCQn/QbigKJEcbykBKv9kxV78zgnoHjqvkbaLX5fQnwd7icjT0AUf0uYTwHq7z1+xguyBwbFZJxTBa2D/alTEUhpCG3pzt5fj8Iqt/WhiRdGVGACMM0zmIqUa+tJao4olcEJGe+0DDgzcUY4iTWbH/OFS7ljSp0gX4NfSPhmvpSNFXrPrAcxJB2Pqgn8xZLh3nRtvrbbphrul4ANdZozrNihrQnXhsJUtqjq+XWoTb56sKE+8cHH//Wi5KredIfl4HCvR4gnhhexKnF5QBWSseDPXK2YzlLw1I3VJNmPWt9gOtaLduZpeVcSix6XavCHeM5kjBFX17JES2y3/ARXfpO2VlS3aMpvgmggl4AKMxtmudV+UApCZh4ooGkcs5j33X50jn5UGZcXo56Jw9JRIB+KGgiNUJ+EJIt4rTxJOUa0KEmHSgv842Xx+fRB0nlpOxKmyjagZkqendXzv0ZS8l9yMI/XIt0kmRwq59AccR1qEdW9rJ44f0hi4aRK8MHwn+yZg+6+lMJIDt794Wzg4pjjXi+YEXv86hDwHkL1x5JWyKLibgZS4pWG/QwaBnoOogZm6uuJVECl8SY82eTrQiUPfoPnmCcgGID87rU7ePD1K0Kgz0j9YUn2rhqG+KTq0WQbTfrKXHanDhSbQpUGaOZoqxilK2VD6TDp1guqp1JvhAw/c0y7MbHbsDUP1V9lx8tVIXfkWAJY+p3RwFKRKKuoyiQ33DrTjxcIGWKhOBp3KrP9kaz7TvF9eW0gVy7ZW4H1oYdT0VE3E7DCqcxFuTZEpAs9YEMz1gidbxH0nfogxgTZHzhPXcIciCa0BA1XTuYC7io1+toR8Y4Jt2vkwZJF3rcdO2qwqOvv0EpRD9jfuX5BNOkiMlp5pcTtJyveOCP543LQy5LQF/xTxjZbABrwAEHknHLOzZUuisWY3Zaef3DcBRuKrt1JtEbOlQwJMPoW2ky284dSWE2hq5rMTOjmz5ROwZOe94wKQnsWKoZMDQ/Pkq+BGCgle9Qz8x6Tn7yd/rEPajXfjV3EfgYu1Ah02gLfgljEl8VUyHE/U2vPGKPnxnI9lLm8sr4ozLN2VjTF5fxIp+yomf8iQSTmm2ajg2kzVx1IUKxnIf0dDuf+0cLz4PC6DbWM/jUuw5Eg3INudy0tB6s7a+a1X/m53571vDRgInxgUinlhym+fVhs4TV8Dd3YK+ZE5aXMNMFkIb1y344ax82EiT6dPS4K89esGBkb8z6J9DzMoBApGNl8FD3vHqyGroKzQT8lwjR7aiZo51DB/ysWEbHrQFqX2g3hB69tv9Jdj65dFjtxgmrhdwWJIQ5kYH1A/oZbiPKza2lGXW7lE/GA2HCwkXJDmZ+JK5H8y9djoyVpT+VW7k6m28sQlqgfh4RbOdSC3BKN7idMtBVpR4MfV6FUbGoqdi5M5zxmlxNYZPlxH+Y2xNnCGHw3SYasBPtQNSV5kgwuCgsjeTLcJ3MeYVblq/q+Qgx4wv24Z+Eh6kAdA5egHaaS/A4CFqc6MD6DDqQChGJILGMlPOmjlpK+AJ36clV5YzQ1Amh/e7C7cwnioD7/PtUCsZSpq2gbB8M6/VnQ4XtCH9xQ3SEC5d+igyd9zruIiLdlUSAG8k4hQXtsNiPEciG+AsxeImQuRPNtO/lfZPUxFR/TFwQ1fbUST8HWiKOnMqJwepd9WfHt60BUA6BNeIPFCOkRRGJciJGvR9uwPFbuTpvaknEoQeVVKLVeomVWJgVlb+zuwG62327vrHkDeJKl2hj/Yo0vKi+IlPOUerJComjiY56bmbqWMwHeiZFyxniJod0BuYvyn+57N8Uj846B0Y3ewZXMjG2zKoAtXYPjh/hyHcYKecUnmj7AZPXIrUTMXNbASXF6WeUHt0cVk8OM0tGUQS8WxuW/w2yTimuyFO2ShQpLsrpvib/VOfPbzsNAP8xpxMsofTAqpWh5lH6de42FzdsXSA0KsS6Jedp87ma7wCt6RCtAUk+wiArp4aWsWo82P7R22jQbwBRxqXx/qleKyPgXVIOUJjqif+Ywe35kobANjKA+J7X/DJ0SOY4oipX8OjwpHU8lpUZ48SaWd/1psa8ImVez2FJnhIY+ADPSn+wdrApJtYnXPrgZLmDfIc4ozuY9G6HOPdeHTAGDXo0d3eCyJ6NcSk8wek6m+yo3iDFSHAkfA82WmvezoZ2Xwygutl2ANEqCbcD66QVQ9Do4ArfuLIcNFSxnQTShkaL/ma9yYEaRdCVQBU9tvfLVng4KepY0iHHDpQaqskKxdJLY4cD3UsaLvJycjIFSNIOs0gT1kJwz3PlKxEKUjOqUlwlyPbRHF+/FS8pmSexGsq3g6dUt4rygIJ04xTqyfXfuqCI2bByksw+Ac9N+gYcgss1K5H+yRz0Ynjxo3Zwl0nZ23fvUunS7PVU1oSY4b8SZAE0pIodc3FJzaqZOGvcsZXZRy76UzgHSuu74Vf0nSZrp7lv35EQAC0PbFyCfeh6Y0FRncrRum30UUxQiedw+ri/yo0m/Hci9w8cj2v3rKmwyNr/NYSMo1CiqVPtQVPm1GoCeJOkEdH7YQDagqqs9LRD5OFtC36gxHrSLyr6ilg+K5vy11WRwFGlzoIYYCxLCdx3O7dvfq8dCIGtFRwf75IXNlFnS/vaD4rV9xauAwkbFF4+LgpvKXGIR0DweS73qykoeS4wQ0DNS0SeKDrmQLvD7vxXxoHyxrENkwL8DLmJhCEE8DPs0RkoFWL8IA5G36JHFIaobnszjF1wX5js25Fhr44r/7GEKftScv+4PHY8Pv/Tn2AqB5ZCMe+WECyH9uve/XdzgW7BeV1bslubie1o7Dd20zqdMb6HI5cK+gkG/aBqF5ca6k5nF8+/7rmqOkSKhwHZnz1hYXl8fDHK31iV3oH9SFP0UwimvN4pE+11n2IRV98KbJaOnS0w+mnL/4Cm49V4jbzhsJbWvrpcFllIn1Qw96q0WwNSm0OwzG3Glpie7wGX1CJah1Vu106yQyQ+lSwhITdWf+rDFJwJzYja/YLfGw8R3nC60I/rGL391c3Shi4urU2Yhes56hesQt6Q5tIyXlZYisFvjO11uf6cTmtog8HRKWEMxZHUiF3jhelbDtfWlqRyaAxGxKC5wQErIDUB+XW45ZwUi5B4VCtcPOkG4ZkZd6i8pHMebkJYJV7PCvNhFoOHABfyaYBc+ED54bIyY9BOUIC7NILYLDDL4b4XmFYHVi+fHGO9NYX2seE2EooHLyhFN3FJaz1GFUdPrDCVUn91Gu7tFr6a6yThquaJekbHfGH+hqFGt20/9mJy8oxz1TFBlE+GrMyCnRUyxcACOty8vB06OmPjucX4CP3BE9bsA+Hnx+cOLlURRLfyTcjUadxwLpLqkOAbh/kZJG8UReSfa9ipv71TYVSgAfggMW3v4ZmUiLfeLLqlUiLExxOVph5NbXD8X9ZTlkVeV4/DBIcRa9pISOXMoxj+qiF3O8Idoit6mSgBXHUIQSUO53HkvAVmOgD7QtVcf1cZcK4Rr0BdooWeZvpwOz/whh5KCWfR3yqWNZZT+zGe/219krE3/zpRd/RnGbc9G0UYnKDEmiIfa/i07mg10h/X7PZ3cZkQNnWwkyAS5EShy3qKZ8HBQqv8fN2u3b0kuDzPfMfrjQvrWEZJ/0XkgCKEuqiTCCVDKDfqGH0gZ0aXItsh7QrL2r2IYt/QhTODNFVTuep3ZX+wtRbtjRXiZ5ODK7kyUrkH7anj/1TiOeHjRBKBfqXZWrC/CTtc6TGXE1G6MZQ3CBSfC8g/rtWJqy05G9yXvrqXf7BBIn3FBqK5HPpf5FI0APeoEsOjOzm2V0xVECnl93uLdyYLoM5vMRjGGVfW/6DvRnbLX39PjbFHjKzhiKhgBeviSY4krIS+CC7xIuxO+ROyNg7rji8GthXUxmPkgMyZXy6QvzkrO4GiwiLjsP7XzdezGitOKmXPQdSs0kXBYnTXO5GY7kFmN18sMvzql/VfeR32cI4+KrDh2OqaZHtnuMSvFzAqHqd5nvpwwEkEi5tSRcusSW2hbkEtqg7/6PnyxzQsy5wG1ydWBqgN91i7X7bsdaneZjzgK3o2lW1EJ2GNjxio7bdQ85W4mOjR/42k3cCmg+DiarRmNDuO/fZnjOeIutrCzYpzL0Soe45gIX/8NmOXc3Y9SMP3gWNuhTsxKvKOJUVd8n297XECdVQn7U2RH3dqacC1b3ekpajXJ5xNDpTicGdeGhLuf6adYoD1rdskoQOPVOi469icGxfO98Ls2cRvaF7zqiaP/VfnqVQniX/uD68vjT4tRz6kIw8bks24Iy1blBDHzgfOiza2zdJFHSVylpdWJRnBEFGTPXlkrlLdtic0EAjvoLbRcfWQeFkeCKcUSlQVfGTfSvOB8j4ccOcfTYNmFTzYsIaQkrbcbdXFKNlHYnevTdwDabtIJgTXBCCRHqgsop5Zuz+jSmA20u3IsgE4b3Q/f6AT40BMl8BUjnqHR3krtT6pUOvpFZyNLIZKCD60KX+NYRH3maYXystBEyJ85glFk8tOurOl3H2udBmMMpcGsRwUnpPBA9xzL1OlPjUpQs/qDwNAnfzAlAVOoc8ohuS2VFeQvdOWxV4k9/Ow82l3DAq7ZUqBmfUSPmdLUr2QYk9pEHE1dNHVBsHAEG2AEQJqkpHay9KpPjJQLAn3ZHkxN1dD1KWgNsE4wyaQXm+44lkegY2oZ4HsGCiFG6e+0ErQOqMieumnoFEM1aViaUM6vQ3nSLrVnk5hys0lCyl20PLrnIn2LxT1O2j6JAy8LdEJQa4cZ9eAdsFhh7N83rrT/lYknnH0e7lcenySKyRSwh2roD1wwWFe/3m3JshuysFX8SoZRZAFKYSgizqShrG8rI5v0pcfiHeyBkRpYLrXuToG9QG5LjpywI09c4Bo9431l0P22JbPXqU3v0XRoXIkZVBoOj/VuXsr+LzIXd2G0+Vrhdca6hqv8Q6Xqs4aqNwUhso/s2oY3PTjso3qzprKS67aBL8a73tdhY3Z6ukD/50DLefgTRvRWTvM2i85tde1bRCAtNWpUMwpuV95pKExR4P5VURUolxSmBkrwwjigyNRGRWU4mHjFixFqhUr9gyXful8ZcWwK+AX3WCYpqdmtWpTvE5WYSmuIo5CLzGbxhQah825QWLDE1tSJ7KxrLIDktLdV1iz6wBljNXnJcFC8IE7uRb5EuOd6v3t1Rc2ao0zlIGU3CpyWpwX7N+imhLLdKBiD+TbOI494ua1/OR+2GxMUXgn5Xj8MC+Gc9vsQ9rPTPR/JnijyMtRhClNoKDYZTlwMrVZvpqgeICo0gyWx91Qinyaj1PTOgFLgYJIOHPUWKM0Pq4yZR0+Yrwk/IRhh8ffEal/DC4TcPZljZ56jaustkB1qaps35nuoj7iq29nUn/LsWG5PL4p4O1kAt10ie7Xp5BfMO3ttjg4vT4UgsNOXVqkvtxdpfvkXAS7k077kzO6M8KcXZfkhGt4bleyBH4gBqp/gpUaenPRrL2foxLegC8NmGLQhgIh/uyEzjbAWV6DP6W6P4ICkwodiiV3nggbIyzZPsaFTL86JCttArjz3px5xRgsnQDUvo/WpJSZS5qZ5uKQ99TM6ye9Uypb7Y/JWebk22XMSDroEz0VlEKbfn4Vs05Xtz4AqxiD6K5MPVUnSZQbDwbvV4cCtkxs+DW2W5YrdBFlPEGZfa19iNa2rHhbiILdmM6oCMspp4n5OmbJp2dcinsYnVp0RRQTPb1xIxzPvnxqKrQ2nlmWerEx/rCkuH33VNFJBjx8S3JIV8pRTvlIBv/kt26OU6n6EKkHM51j7lRHNuHyeH5X7Sx0g/G08WQ8P+y3lXG++PaiimYQuz9aCnKSot4siW1QRgb8+LwQqQBeG9YSHKTY8Sm2OF3wfpH9RYKpqhNbqRuEjN0ncXrlUpvMaJm00P8Xd/XytSyeMtLfe0zi+uCMXKgdlOJ+Qq71O0uT5JWTPLrU8iNZ/W18Lm3vRRc9uIKtfKf/jBaczzIha3X5hRjK6a6PC+Nl9jqFCK+v4m9YFSwLCQdblpeCsokj4XDKY9763cbw+4N7uckyzyzs1AmbiNH7M5iw9DBtS7rlvc2RmEggi52REE9bUUhHI4qCe3ZjnbGkpj45M3wfAq/81lyHVY1KktFisAL5kJEexOVP5//MPQR23NGm47HbXzsX8Yru5FJ7TiNqs3aSTG2xg4wudAp5SNTY9bsYGQdBYQyXFKfTTey3E2XTWASq2xP2WJY6L0q4lRLh7tb+3vaFE2TwZSQwYaW19ZzfP3GKhS1iqgPcSDR0wRLImLNpEpoVtr6itx0NqxZCr12+SX4ZXv1gZsC38CeNmePOwVgeWiAcf+tyMfSP8AYsfEMW4YPQkzS08L8y27Qx4E27awGo/QfGO76THSxc9pc/2e+37iwSDlTylqZ65+SLkvlj1R++0LypjcvDMNlUbfrxnXswyFqv+r/NNrM/+SiIsau2/Gbj6MRiy8VwMYzXlQPMcy0FRJsfepzBrzwAzp8dVNdQHCqLVfmXxL7D65ysiEE49ZBGTB5TUChekaNsBZljtkpQ8We20OBUYDa8dIz66ApS6Hw6dSSr8bxrcQQAkZSiUGa5R8C32Dxun6jpf5AFV+9os80JxQSUrVf12rDP3GPdokOmj25LM3ZYvZyUFLrSH2bGC/vV1Y9uQ4cotSBWZC5Ej7///KDTN+W/BWUo3X+3EUg0E8cRdOsn7I2a1tniBNNmiYK5kmhv64Y3oT/ajjzsx4pokepujp+RzGDKpT/JZ1S9JAoajXMQ+4dH8S01tvvidocflseUVXeaZzO927aWTeRlnucLIGo/Ccxh5sv3V1db1PmVFmYgjPq/TyHHOF7XiwmBcj1B78CDfLATJtm5CGsugnTPgnbPohHB4tLF7pasIdEKO7fOFdE6MP4zOEuNhecA62TW7uHDsl5mnSngDcJi09MQU0E0Ljky9o3fBlIafJBZ5X3mHQENeMtFJfP7o4ItgumumwlBDqoohsolVk3GFcBnkRiY+B38pUxoMWJYiv+7yALqXRYGfJqG7pmobp1YIHwBWehcAmlaCXIqviAqSqCH9zYT98p9aRvHVcenesEG2A1aHIsmv9ME7KGqG2e5Q2XSUoSq8PfQ0Ng0A1/iU0hFNI8yJwra7Xe62nNZAkSuqS4TVV1LRcLKqPocZDIUwvqGgX2mOgGcyq20ifGuKM4GJD+R7zf38EXQyjLztE97FBAboAy35Vv3qQ0znTDoLrXc6HEpQtMryc2FHxohKRzN3g4zZnFhuyq32i+VgIQ/fG6NIC7p1vcx2Bd4qbZoT9OaRZF38raVJ1OlkCVQNSimcmQqLWQFgi5BfcQqn0vPa3mvKKfpyE+o50JgVwEcsvQQTyCp7O9FqaIuvA6Tlf4A8TzKujrzZqkhlEG/JzQocczuB1xb13rPgagk0L3I39q2qCYQv/bsoAQE9FeelqyZhHp/E3M+y+XoC1L49WTP8SxFwFv6p97CvWFCNlTsqYa03esOwykUz/dYyU3I4K5y3n2eKKgCM7D2FWtORIT4uKp0SR6mYTDysshIkg75KaChwm7g8SUezQSjECI7m0w4bGfTME6F8657V1FMwSOYyCTicmL5pPOmn+wegugCqgng737B9RfvDezIebK8x808IjnAEGU3IB9CCHaN9Dp+ZhGDvcyrGoZfeciKeegcnAiHflA3U4NdGczo3+KG8ordF01Ql5LH/iSH6Gx2ZD+WLdOmfsiZ6eYD2jxjwEP9pNmKy7KXkf37uuffD9VBFx7z0HhA6o3Co6QLmanWPFNepLGyme8i4LZUh/7r6OMskI+uYRpLilou+eIw0+nujjATpvY3NEx9qurZmAN+2E4YvTQOXyZ/HDX7+/eb6MUP83LSbLS5flg7kgHtkQjVzQ406TrMgAzxH6Qo0jMh4XmWUJulAIE0W44JGIEfoIgZ4NlUb/F6pdecqhgv/Wuf+IQYyq1sOalhuYSQ08camICBNPj/P2SExcwRDlEDIF7C9I5y0KcxbV/vAc+yGLCJF3xxfIkKQLfDE9UsD22rYwq+CeTWZArSooLabxPT503pyJn0hMjRSSNSRsI08OqS1rKCztKrUFkTR58w/FIs4lVMczsFzXANP+kBi4ckmVUddB/OvCAZcyp6fn7s672CDb6M1lHZ2a2yD/sYkekdzq+azOPIfPSpdegF44OP0fDgaxAaKVLP+bf5qxrXverYna9vHypHf4q1rSYuldIGLz5tRhi+6ZsPkeFEZqHTbCaPDkxY/WzqrQgdk+VdXZTEGLzFa31VaAYuIdE3ToCByZ5gjJnHSl6IRSrGMZbVG9E8aXeuqnKKpeK2kn07RZKjlNLCop8EPKHeZgrtPlfC6jm90QZxmXxVXuOsg/cmOq13S9awH69VOB5r+KYxKYXNVCIYvdDJtUjcJLTQxJElvA3MdV5TIy6StJPzSPXN0L5adMY0TNA/CsN8rMgONEiyOylTEVdg5n62rzG0WsALNMVjwNLOEH/BgbmFaKvQEFVEe0z2NCMFB1ICyA/j3P1Bzt6FkowUhJ7ocGcyyEv9gIAU8KzqqwURAne6bTC46G2GR5yrL4ZU7LiLq5ts3Y7MRw+jQontqKhsC9h+fjQknzKFslQE2Efl3Iy8lqDGwI3UsEJSSQEY+AU68yzUzOjau/fKJTzV5FjkDLZclAbYJzut5xH42kZhYZzx5h3IEGAf+JqILE7q7MFLOY07Qzj96RKZdj/Pdz24l5ENg7IzNd57EPeO4dIiRRVCpU01eYR8miYsCkHYLW5u4JXVKHNLVLFYRAQFwiG2o0AZmsIRI2hnWmHFEz31zG9onvVm6BnClGVWGwI8wtVqGxeR4DNffZgT2HqNwq6nqns+REVspJC8kSwNuFAxqsApD5548eAR9dPDwhyD9eQn6KAqzmkNBDnFijPDx1+6NSG2rVpz7ucbf4j5k36wR85YSSn6d6OhzY+F9Fth2B/lYTKVCCptXCddF1ewjKubAsSCjSbXw2szZaD2GwBnOj09uXCobBQw+qXF8GBucVkOJnG/E+Kfuw+Zl4l9S8IrsRld4D1BuO35F+SZ6wXJ8lUDyHqw+CneEy17LTQUBJ93VUeyzPPA9XXt1vI9xAYJtwh9cPnTOOi9kY3znV35KGmaRwIsh3eM0dYMm3rl5kxPgZ/LpHGQDgqmFn9Ajw7P2/BbHEg6b3qhkYyrJyop4i9hXyrSzEbZVC0XBWR4C6dUDRKJEyv1ELjA7KhfGp8wowsHFLJWl1us5uxd2qN13O7vmFV7oqm7Y1qgJ9aUjRrb4Ydz/Y3W7DlrKaCFDmWOFHFQegaA5xtYPzQO/aiAUXuj5NXTXAG9an9ghFKEBoMjGv+P/T9YBH8t/cH+zgFh7IU8w1juVgpKJPw25uyZvaVmJLxadZ/MTEyNK5EnziVOByh/9kXTY4q/DjqirwXZpFq3sBGPOkuCUXB4GR0OdNIKVRlXFRjLj2+iwOCr7gXBY3XuAbteoarODeuBtRhAQOiDw7VJLenZe8G+KDx9KTPSsf2t6Kd4clx+AySEnvz7PgTPvnBemQbRXSRnJIz8ESlX/yahOSigi736r7Gk7DjdMDX/EqcVqCuw1LsicXD22qx4ct1m2iaUT6pzCSMp+ovUZIASyrK77s+J+IRUvGmzLRGOqC2+tvjj4zGwKJDtXqFhb02DGLBTNqQzL6niutL2rybNOtGyKNga3vvrodaJifbNZhjU1TGtzpxegvsHPwfwhj8Mz8lx8dTcMxmOjL6XglvbTRQbf1aO2dUHzBzaKvCj+Frxoneuoz77xHHMFsZjvemt+avFSz976sRc+ytfNPzB0PrCpKFgy5lYKgo8e2FtlQyDkbano0cAfQ7ujJzKsbcVpF+9CoWiVwaDspR3CouIMq0gmVMliDrEvAzozvV0/YIEwnLfkQmqkQFnQME9j12ec6HTFpJ/ndwZX5cyowTg1UnQ9Ae+wo1YV4n2TFkes+ncNLdS76ogmGn58NHfmUibeQPOH3QGJTNNLdKlW0/5RSwYgA7OUpeQleBJjewVi/nWL+7PXA4L3xK1FAcdwC8QEgc8MAItwe6A6Rbbb5LffUWUxH1pWjRMOu5kOzRxfbj/InqIoHeJMA2fF+EBuBC2guiwXnOVVACqd+YxkUfeLHH+6+9NjNjBeFM+sNDvi1l2K7yKEw4SMjL0kJzAaKwgURLlFWvIA6QVDCiknzw4av48PVLFVo1/GGVkc5+1CMrZYvKA4qfICC6Jc9sl8SQA12hNy5kn6FBkavbeyOO5ehOgDAQQ6LHBzq9RML1ESEQZB2NG6xHvwCVUrFq6grLiZPmE8edtOkJW2sb3VfFdsCjXClms0VEPqhySMWkaADZbiDxmzyP/UrqtE2w53OkZTXCjZ+B6UyTdEaZEv9T36nNYpAUw1gaTVu7Cvy3VuPJfqpO01tsj5CXEjDZfz0DwxJ9ABinIFxik1tjjBeu1ngskCGTnFfgkUQKeO8E2Vf3ZuAa5y8tlPE/IQEqdp7AUXwh3JIzdosliqyzlO5tWzCQU3XyjyPotqJdPIgaf9emGRRrtPuqjsLdIOc++j+LbjplnGS/EXd90PLuJ6CA+dg0Y1+0wxHDQmFjn6AhJ6o9tbkJGWupLrD6SBolrtDEUenmWuK67iSk4B85/Bfsp3yiDe3HPzr9+8VS8WPe5lcbJ8dc3tuPBgFqbnxytJrsGb83dYlIwPx8DsST9cAQrCaI3uqvwjL8UI50iS4FXozKa3odgAUvQJscIYn7CcCUXNdEym6ZEvn/eb9Wm8OtGUbYgyJaBZSrTQsAbRZ9fJKQ5T40J0FooCw2AsMPGDrKJWOzh/DtV1pYf0rjrNqLC6E+7sBT4b2XxnYvqO0IepaT9p8jT6bRsdUFx2mXRIfhdl2QXhhmZCD+h9k5Qvjy4wP4lCYtkYnxqPRByfsXg8UE2VSGZhcP4DMSamSnGc59XCWc3HGlDF/dxjvljGgwu1FuRngREo6Rhiqj4ZCNe9X1Wh6Ba8kXzUqDTRrb2cQ83h+6O95uzYQ/GIIyih1zM4giOi90HWQkljahJDNliVA96bD4HKVvbkkV5MCuNoSUdLNXK2bSo0E2MTwFXiqduFGqNYZS9vIk0NorJDZJ1nUBSxQb4AaUCz1F5nqtmi/pMlpOrMRWqsr7ka/UOUH4cp/rZwXj+Q0ba1qcnQhKUJLz42wEg2/zWVd7UO+CvFgIyM15Eot+eRp2yMoCx7cy1rVwkShdrar7c5o0yMeX0m/YaQe13a1y6SRh6d/0KEgNGGe8BeBuiaF1TxiptL3DefxBmxLqVoHsophX2HITnUPzo2XwCxxbdlCFwyLPx/HDZ6CL1X/BANkvPoSQA53/NtbevsaMtKDpsbyOduSC982vod7n619Fmq9po8A4TqiquvCaDD1YOUIp619ePwykrXhF0E8mBuqqN7A1t67eEPa2Qp1a8d4qkFG10XJ0BPevvuESO+doTNLMQeQ53IeMMyjlvONy0pqYVFEHQ3U7BAsxO8f+zsOVDwqx4kT+bRBNLCXxU+lUid0qobRq8tMLLvwtNSf1njjwH2cwa1WME5BHfAYa0WQauDnkSXXAJmrbXLMvqA4g5US68eigP2wdyxSDfQ3x0W9uDQzc8LqAKr5l4ayMoc8y18SBJbA+NYJA8Lflrsbnx6wd2BP+ZdXLMeWCm1CMkOy9L7UIorzdJAJXIQ+gJPKLsZLFzyPcUI1C7m7HX+twkOxXwW7EvLXqFWYGYZtATfTQ/TyZ3PupIHK1Y80Ki0MrFi3n6BvrvcpQzTHM8yCylRJR9Dm7nUbkIB05hhMem8W1OyX5/xVtbyGH2N98xZnLhrMnU+3m8KxjaVghgVNcbD1/QHInLK1GI3DzU4KsYGdOyj+AxA61cLFvre4W5qVSgeIBJv/lEU061qlG7O8PVRZYUIYIz+M1TNBJDsvOlgDOFzKm7b0GJL2LJyy493N8WS9kOE278Yg8+6flcYtY6g7iMApDuT3Se5BiuaPliTXhlPv8fQba3PwFqp8Ed6XPmnqum8stcsEjan79hcGfA8lSwD63zy2fxASamle88H4Xo00571BZrOWbiQhpuHRcm9Q5eS3KcM8Uf+m4Zz58q7FCNKkGdlyQ7ppQ40Ze09Mlj/XdZv/xq9ReMz3DlP+/zqOfiqL0QXgKtm2q5lgXrpBwHZuh3tGRFBB0cAfi89geHcissNu6DA/JCRNxcSbZI+Tj2Dxw7S7/nI/ZHpVxLRDoZNSlcy3jyL9JJ/u8q+07aIdFqDXSIqOiI8UmUszTb8n0qGO02MI/BSddL0Mvk8P/Jpgficb4gQe4iIoQkDwGFl2nbb7rLIGJK5KUbPwqdZWYrXuS7lvrKke2BajKwgSz8+VvbIzGghujmTWCXsgVKOo7uhLBmMN9mcy7GQ836AsVan4sGaK5wdej0fmIs165aMaNz0PUILsk3HaM0+cKMAoGXs+BJyEoYucmd+90YIw1g34PcnJPzG96So+niueJalxW8kIXE6wf3KDvgBBQ/R4qsokPz4el3FSnaGyTavhCJn0/zKit9BRch7h2rW+1rc06d3xDlErVPFx4kAnYu43uz2awKBT2Vraes17BIOapbKwkHCnoOfej4nZ4R+dkDPYCKGsddPYEYy8IO05G4EcaOG8Nvl3aeQQNWXqldD8pJmD4+qW27scJ/RaIUnBlmKzr68hrz3GVkmejFMvdoiDdmEq8v8US7AFFm8IJ3v93G9AXO9z43wUU+wRigBau0eSmbQDTU9jv1l3P42CVXUln7yYgkjo1A/Am/AMjtiICt48hNyNI2PL+ZbvkJkSZU6GVsE6uge4Pfo/IJRfU5tNFK1E4Tdt/JjlI0WmVgQxJuth9AqwOJg0brrxxJBJGSAs/itvbMT/r8jC6cuOj4T8NXdj1oxivhY8ilGMszLMh4n3Da8Q7TVIIy9aeWb3dDXDAX5SnAxql1nLdv1iqv+Z8XWcI8cLuicvD42Nw40uhetgedR0nt3xSDk/Ltt098pwc07lo9gFvGiV+maxQIkACMgDdEaqcrHjzI1ZMjXcwh6WGGkRQdZThO2hLuoIO5imiCNynckH5EXlubpsWMCcTi+86/jdJdFLq9px9aFJml/HgA4/B21nlM94mN+nDDhDC53AW4P9fcT+ASZV+uc1JErJHgjMaMgWX4XiD1DCj+8ViIfx8jlobilzEYTjaRKlZwszVxUMldIa7sngmQ4ztzAeMMeyyPQOoTwM2UGY0Jk6Jy0hZmNmV7EN9EpXVwz1ertw1L/AcpEp1GMsdh2eJ5VwYKohzatFc6mtCw/FL5c7CR0zYLIle1iirYcqNn4F8gxCKuk9j4nBtPj/AAHYZU7uIX9RduqUpvXfOwcga0o0gYNy9KEm2sb1inYmwrhwh56VhdaaLBHLG/w6+tOFIGAp4fkYn23cSMdLOzo0zjMpQh1dz3L7alBBfRzHK9Zltr35JSVjQ2poAgcYvoxFD/GytcwDDR5Bb265mwyofWnbXETGckvwHdq3gOfIDVybS+8O3kfphWhfIBNw1ZjilcWk7Ub6Aep8CMXG5ScjNQUDLczVFiI0XOGYJf51Wlu8xmMoCr9AO+5nc7Y068ZcllNVJSFR1eFFB19JqGdxT86/1dBt89Zqm0L5E3JtqKpROIJ78ECL4QSuEaPqkp9xk6x7vaDOTMNar372gOSh1lDyJk/cdO2DjlbD19RsBK2ZM8dkOD5GTRnflLa0XxKI/FXqP1iu4qSZpFuXYy7vSxoueHTry64BHCtDjNrfrSuaKEqGNc8UE71aGF2gUCml1kpVXES/ozNxGurSCGBqtcoFHn6oyL/nmIJ0deITvygTojsAbCbPA7G/uf4ybaYvY6kUP5xqNLEE/D6Jbfqz4mDwMrsmPMNBB0yRNEbgKGQ3lLmj5sobcTh83cTCI8Jm3EXZMkTDcpJEBhScx0pU8+GO6tDkK/agM81VVC4iCWdFp4WWU2Ne7Lr4Z7N8NmRzWBJ4IQ+NGoSkh9yu2wHABCyE8V5me3d7wzgOd18OrzCiJ+0X/MhOUZKpOM/IBEsm5WZbXvNgGFymYe+9nCSLu3go9xHPJ4aWirNs9xLDIdkiPd+atzCBIREOyBAJUkFB/f50XlPmFQ+Wbf4w4zZGEtELJNrzQE/1RFkOWYuTaAEirntGagHM1XElBgIMmNa3RRIusECDpi63NvKPq/F5+5bBhDbeHcWf/fujwo+4qjQcvxSvb8EndVa0WSyQv6HOp0i/Iln9gltVQAeXcBhVlJIw0B9PWiLZOGPtrZAowZi/jG3VlouZb9EhF5bJwqMIPJAAKylHUsWuaRKOUsB4BhhykboCag0TomYEmwz+Btbst7aGUTx9r1LJTJThX7CO5esfWSWfE3W4Nelv/LhVdbYojW/WTUVor+w0i9GGxdsPmnRp0BKv3lpH+ow5Xej9KHnqq48Dr4bx7hNkrA/HM9ib40B0DyiEe8m0OYpEHpeKSupkxXIIJ5SHgWWiv7VlqMpxB2u6+pmNF5aoa9ado8grvkb4SLjDQKAjLzb13iQCfRFusEREAwmHecSmQmZPyK1fGeli0yN5esJIABwsTPo/Etd9yd0sznSx6RiJAcbd5uoaXss1tIJE6M/0C3qysnELs6CiMA/y8dCs2Es1caAmhpL7c8btro9qXQKQDgiS+6mkWuzAr1VAUpV9Ab/mRh8EJWRd+j5GuMsJ/HCMsPKc5BT+NDV6HohCJ2wjm2OrCh7HVLOs1oNcXawZcjTwtT5rwdKlKKaSXKhC/An+Y2vYtm92lLgawKLtCCRfRuhCRlaKHHU7WhBI7rNmK5gV3P8uNB4koVQEAfQ/vmrRdVjafRP8FoEV0dh/PBJ2S7YzX7YvuxtH7gYyPw2AOkI8myMRwE6rthgTVkMq9vt0in4XfgIBBmmHEmOEh2s1qxYqlkpxAsXY+vk9KMypSQCXQpFeZUpGH/xOUWNX1DzZpNm1EKqIuRP5S8I3tnffGF8RsbJSzCQqgwWP/GHHuQ7XxkcHoD0NBtMYLYNTGu6dd9AHANDMT/GY2L0g4DhoS8q9/2x8glyn9cfitnecV18KiNYYVu2RqBk3Ep7Lbc424PRAcbkofBQ/W/VlZkQM/mkyNQwSBBgewos9i6Sofcz5gLuNBnTLiJUHkXXmj6caTrtCA+hkRp6P9iedARWH0Me1Nh4bUDJV62xNfJLO/A27OcUpj6x/z82EShDa9CslR6bQ65+WhtMPe+y1DON8EMmjbJkH5zOpTc+mvmV/aawy+fgP+qplQqRwZ5aQgBl24uzgg//xmz9AUN0Z4K/0ZVcGfOYlYCjkfaaW0sWd+uTPJsRTzow/X/6COJhWYEkwfdKHoEBXCc29hJ9hLoKsK/Z2ZW8nmYK+b4xfnd+NM2EpfPr1NsmR8ejbfLUA8n/G9YjgWw6GGpIUe89lEIJNrf01tuKKioGJrp0N+3J4Pypn/mURTGsBb0EaNdypPVRczAsNBxASYSleI6n4bI+6RGei/kclH84U4ckr7TyRQKL7ZRxSOlB+PcIAD8BRfcDXH7D4qY/5/WtUaXW0jbdDROqV7pyvRc+R0DmZ7uEG5riVC5/8vWZ/Ls9BeVDo4ChQ8F2u9+y6Q7DT6QkIfZNxcr24Y54eqQ4A94KMhim4XaIzysUxuhJTK0y/Mie9cFmOYzSjGuO59xJxYZD9dR6e+TAa2k0+7TIQ0R18feyjlTxxluCRUriv2NW7LDoQXdK7fjMO7dRUmQigl9tsWwI0tOnClaS9UV8K4x5nVX22hJFqYPDn4wkQ47x6AIAyKZZvZQfUKRpokWlApbQ8e9JxEeK2rB7ysxQ7rXLNgZMAJnGipgR+3yaRQKzw4Nf4UZZyM+3QiFfOw6ntbBwx+P8cFeb0qupx1EijW/5vIo5kowFc8EIiJfnxbxaLQGS/9l66SeM1Mt7Ab97Iqo97W3644BsOuUEYIDomnhGjP899bA7iInLKkS8wLkeQdd+Us1hwcL5v7ebNmaWjVjmdAateMTQWIy0Wy/4EcQRzAcKx2SJNuj9hWC/SUCCIQoWK6I+ovg6HaWrrm5FW6nD1YhwTJy2UwVkVleXU9TGhK23FSwOCuKwrMRXa4JvWlDNYqE6JMRmykjEp7zpMmfbUGEXwL498X73O10M1b0H5HS5FY4YXoy2ktzVQT+W+DBxXblfJUdDZwLxk8Ov04gnCP8qErP+rMJX6mAQg5zuwAFChzBQ5Nrv2FiIBcIwZ0eI6euicZzkVpQSkIsgbpIqtwMn7850Sfu4kiej5iqRJnyS8ecKx4fiZNgpzrxDrwkz9fYyK+vYGxFPE71z9cQDlFIiXrJehb7lfxd+j5MwbH+WltXQfWkiFo8tzGstOWc30LBke4FcjxQJBQakPQ//L18vYnNjZnJhbWU","botguard",null,"[null,null,null,null,null,[[102195078,40]],[40],[],[]]"]], sideChannel: {}});</script><script class="ds:1" nonce="">AF_initDataCallback({key: 'ds:1', hash: '6', data:["AP2JV8c18O5ogMl/3qsLX4kVpSEkoi67L0CpyPSdFM44M15CLtAfokzzosReXpo47/swDJk436DfoM1H/CNv0TBykom5iphWO0puCpbJmUg+uf8KZYYnhESzxVOEhdMh2i8LFu9e/SSYtNOk4vI1Kk7yvLHKg0Q8J/W4tQ\u003d\u003d"], sideChannel: {}});</script><script id="wiz_jd" nonce="">if (window['_wjdc']) {const wjd = {}; window['_wjdc'](wjd); delete window['_wjdc'];}</script><script aria-hidden="true" id="WIZ-footer" nonce="">window.wiz_progress&&window.wiz_progress();window.stopScanForCss&&window.stopScanForCss(); ccTick('bl');</script><div id="ZCHFDb"></div></div></div><div class="wmGw4"><c-wiz jsrenderer="ZdRp7e" jsshadow="" jsdata="deferred-i1" data-node-index="0;0" jsmodel="hc6Ubd" c-wiz=""><footer class="FZfKCe"><div class="eXa0v" jscontroller="xiZRqc" jsaction="rcuQ6b:npT2md;OmFrlf:VPRXbd"><div jsshadow="" class="O1htCb-H9tDt" jsname="rfCUpd" jscontroller="yRXbo" jsaction="iFFCZc:Y0y4c;Rld2oe:gDkf4c;EDR5Je:QdOKJc;FzgWvd:RFVo1b"><div jsname="wSASue" class="VfPpkd-O1htCb VfPpkd-O1htCb-OWXEXe-INsAgc VfPpkd-O1htCb-OWXEXe-di8rgd-V67aGc ReCbLb UAQDDf dEoyBf"><div class="VfPpkd-TkwUic" jsname="oYxtQd" jsaction="focus:AHmuwe; blur:O22p3e; click:cOuCgd; keydown:I481le; mousedown:UX7yZ; mouseup:lbsD7e; mouseenter:tfO1Yc; mouseleave:JywGue; touchstart:p6p2H; touchmove:FwuNnf; touchend:yfqBxc; touchcancel:JMtRjd;" aria-autocomplete="none" role="combobox" tabindex="0" aria-haspopup="listbox" aria-expanded="false" aria-labelledby="i2 i3" aria-controls="i5" aria-describedby="" aria-live="polite" aria-disabled="false"><span jscontroller="bTi8wc" class="VfPpkd-NSFCdd-i5vt6e VfPpkd-NSFCdd-i5vt6e-OWXEXe-NSFCdd VfPpkd-NSFCdd-i5vt6e-OWXEXe-di8rgd-V67aGc" jsname="B9mpmd"><span class="VfPpkd-NSFCdd-Brv4Fb"></span><span class="VfPpkd-NSFCdd-MpmGFe"></span></span><span hidden="" id="i2" aria-label="Change language"></span><span class="VfPpkd-uusGie-fmcmS-haAclf" aria-hidden="true"><span id="i3" class="VfPpkd-uusGie-fmcmS" jsname="Fb0Bif" aria-label="">English (United States)</span></span><span class="VfPpkd-t08AT-Bz112c"><svg class="VfPpkd-t08AT-Bz112c-Bd00G" viewBox="7 10 10 5" focusable="false" aria-hidden="true"><polygon class="VfPpkd-t08AT-Bz112c-mt1Mkb" stroke="none" fill-rule="evenodd" points="7 10 12 15 17 10"></polygon><polygon class="VfPpkd-t08AT-Bz112c-auswjd" stroke="none" fill-rule="evenodd" points="7 15 12 10 17 15"></polygon></svg></span><span id="i5" style="display: none" aria-hidden="true" role="listbox"></span><div class="VfPpkd-aPP78e"></div></div><div class="VfPpkd-xl07Ob-XxIAqe VfPpkd-xl07Ob-XxIAqe-OWXEXe-tsQazb VfPpkd-xl07Ob  VfPpkd-YPmvEd s8kOBc dmaMHc" jsname="xl07Ob" jscontroller="ywOR5c" jsaction="keydown:I481le;JIbuQc:j697N(rymPhb);XVaHYd:c9v4Fb(rymPhb);Oyo5M:b5fzT(rymPhb);DimkCe:TQSy7b(rymPhb);m0LGSd:fAWgXe(rymPhb);WAiFGd:kVJJuc(rymPhb);" data-is-hoisted="false" data-should-flip-corner-horizontally="false" data-stay-in-viewport="false" data-menu-uid="ucj-1"><ul class="VfPpkd-rymPhb r6B9Fd bwNLcf P2Hi5d VfPpkd-OJnkse" jsname="rymPhb" jscontroller="PHUIyb" jsaction="mouseleave:JywGue; touchcancel:JMtRjd; focus:AHmuwe; blur:O22p3e; keydown:I481le;" role="listbox" tabindex="-1" aria-label="Change language" data-evolution="true" data-disable-idom="true"><span class="VfPpkd-BFbNVe-bF1uUb NZp2ef" aria-hidden="true"></span><li class="MCs1Pd HiC7Nc VfPpkd-OkbHre VfPpkd-aJasdd-RWgCYc-wQNmvb VfPpkd-rymPhb-ibnC6b VfPpkd-rymPhb-ibnC6b-OWXEXe-SfQLQb-Woal0c-RWgCYc" jsaction=" keydown:RDtNu; keyup:JdS61c; click:o6ZaF; mousedown:teoBgf; mouseup:NZPHBc; mouseleave:xq3APb; touchstart:jJiBRc; touchmove:kZeBdd; touchend:VfAz8;focusin:MeMJlc; focusout:bkTmIf;mouseenter:SKyDAe; change:uOgbud;" role="option" aria-selected="false" tabindex="-1" data-value="af"><span class="VfPpkd-rymPhb-pZXsl"></span><span class="VfPpkd-rymPhb-Zmlebc-LhBDec"></span><span class="VfPpkd-rymPhb-Gtdoyb"><span class="VfPpkd-rymPhb-fpDzbe-fmcmS" jsname="K4r5Ff">Afrikaans</span></span></li><li class="MCs1Pd HiC7Nc VfPpkd-OkbHre VfPpkd-aJasdd-RWgCYc-wQNmvb VfPpkd-rymPhb-ibnC6b VfPpkd-rymPhb-ibnC6b-OWXEXe-SfQLQb-Woal0c-RWgCYc" jsaction=" keydown:RDtNu; keyup:JdS61c; click:o6ZaF; mousedown:teoBgf; mouseup:NZPHBc; mouseleave:xq3APb; touchstart:jJiBRc; touchmove:kZeBdd; touchend:VfAz8;focusin:MeMJlc; focusout:bkTmIf;mouseenter:SKyDAe; change:uOgbud;" role="option" aria-selected="false" tabindex="-1" data-value="az"><span class="VfPpkd-rymPhb-pZXsl"></span><span class="VfPpkd-rymPhb-Zmlebc-LhBDec"></span><span class="VfPpkd-rymPhb-Gtdoyb"><span class="VfPpkd-rymPhb-fpDzbe-fmcmS" jsname="K4r5Ff">azərbaycan</span></span></li><li class="MCs1Pd HiC7Nc VfPpkd-OkbHre VfPpkd-aJasdd-RWgCYc-wQNmvb VfPpkd-rymPhb-ibnC6b VfPpkd-rymPhb-ibnC6b-OWXEXe-SfQLQb-Woal0c-RWgCYc" jsaction=" keydown:RDtNu; keyup:JdS61c; click:o6ZaF; mousedown:teoBgf; mouseup:NZPHBc; mouseleave:xq3APb; touchstart:jJiBRc; touchmove:kZeBdd; touchend:VfAz8;focusin:MeMJlc; focusout:bkTmIf;mouseenter:SKyDAe; change:uOgbud;" role="option" aria-selected="false" tabindex="-1" data-value="bs"><span class="VfPpkd-rymPhb-pZXsl"></span><span class="VfPpkd-rymPhb-Zmlebc-LhBDec"></span><span class="VfPpkd-rymPhb-Gtdoyb"><span class="VfPpkd-rymPhb-fpDzbe-fmcmS" jsname="K4r5Ff">bosanski</span></span></li><li class="MCs1Pd HiC7Nc VfPpkd-OkbHre VfPpkd-aJasdd-RWgCYc-wQNmvb VfPpkd-rymPhb-ibnC6b VfPpkd-rymPhb-ibnC6b-OWXEXe-SfQLQb-Woal0c-RWgCYc" jsaction=" keydown:RDtNu; keyup:JdS61c; click:o6ZaF; mousedown:teoBgf; mouseup:NZPHBc; mouseleave:xq3APb; touchstart:jJiBRc; touchmove:kZeBdd; touchend:VfAz8;focusin:MeMJlc; focusout:bkTmIf;mouseenter:SKyDAe; change:uOgbud;" role="option" aria-selected="false" tabindex="-1" data-value="ca"><span class="VfPpkd-rymPhb-pZXsl"></span><span class="VfPpkd-rymPhb-Zmlebc-LhBDec"></span><span class="VfPpkd-rymPhb-Gtdoyb"><span class="VfPpkd-rymPhb-fpDzbe-fmcmS" jsname="K4r5Ff">català</span></span></li><li class="MCs1Pd HiC7Nc VfPpkd-OkbHre VfPpkd-aJasdd-RWgCYc-wQNmvb VfPpkd-rymPhb-ibnC6b VfPpkd-rymPhb-ibnC6b-OWXEXe-SfQLQb-Woal0c-RWgCYc" jsaction=" keydown:RDtNu; keyup:JdS61c; click:o6ZaF; mousedown:teoBgf; mouseup:NZPHBc; mouseleave:xq3APb; touchstart:jJiBRc; touchmove:kZeBdd; touchend:VfAz8;focusin:MeMJlc; focusout:bkTmIf;mouseenter:SKyDAe; change:uOgbud;" role="option" aria-selected="false" tabindex="-1" data-value="cs"><span class="VfPpkd-rymPhb-pZXsl"></span><span class="VfPpkd-rymPhb-Zmlebc-LhBDec"></span><span class="VfPpkd-rymPhb-Gtdoyb"><span class="VfPpkd-rymPhb-fpDzbe-fmcmS" jsname="K4r5Ff">Čeština</span></span></li><li class="MCs1Pd HiC7Nc VfPpkd-OkbHre VfPpkd-aJasdd-RWgCYc-wQNmvb VfPpkd-rymPhb-ibnC6b VfPpkd-rymPhb-ibnC6b-OWXEXe-SfQLQb-Woal0c-RWgCYc" jsaction=" keydown:RDtNu; keyup:JdS61c; click:o6ZaF; mousedown:teoBgf; mouseup:NZPHBc; mouseleave:xq3APb; touchstart:jJiBRc; touchmove:kZeBdd; touchend:VfAz8;focusin:MeMJlc; focusout:bkTmIf;mouseenter:SKyDAe; change:uOgbud;" role="option" aria-selected="false" tabindex="-1" data-value="cy"><span class="VfPpkd-rymPhb-pZXsl"></span><span class="VfPpkd-rymPhb-Zmlebc-LhBDec"></span><span class="VfPpkd-rymPhb-Gtdoyb"><span class="VfPpkd-rymPhb-fpDzbe-fmcmS" jsname="K4r5Ff">Cymraeg</span></span></li><li class="MCs1Pd HiC7Nc VfPpkd-OkbHre VfPpkd-aJasdd-RWgCYc-wQNmvb VfPpkd-rymPhb-ibnC6b VfPpkd-rymPhb-ibnC6b-OWXEXe-SfQLQb-Woal0c-RWgCYc" jsaction=" keydown:RDtNu; keyup:JdS61c; click:o6ZaF; mousedown:teoBgf; mouseup:NZPHBc; mouseleave:xq3APb; touchstart:jJiBRc; touchmove:kZeBdd; touchend:VfAz8;focusin:MeMJlc; focusout:bkTmIf;mouseenter:SKyDAe; change:uOgbud;" role="option" aria-selected="false" tabindex="-1" data-value="da"><span class="VfPpkd-rymPhb-pZXsl"></span><span class="VfPpkd-rymPhb-Zmlebc-LhBDec"></span><span class="VfPpkd-rymPhb-Gtdoyb"><span class="VfPpkd-rymPhb-fpDzbe-fmcmS" jsname="K4r5Ff">Dansk</span></span></li><li class="MCs1Pd HiC7Nc VfPpkd-OkbHre VfPpkd-aJasdd-RWgCYc-wQNmvb VfPpkd-rymPhb-ibnC6b VfPpkd-rymPhb-ibnC6b-OWXEXe-SfQLQb-Woal0c-RWgCYc" jsaction=" keydown:RDtNu; keyup:JdS61c; click:o6ZaF; mousedown:teoBgf; mouseup:NZPHBc; mouseleave:xq3APb; touchstart:jJiBRc; touchmove:kZeBdd; touchend:VfAz8;focusin:MeMJlc; focusout:bkTmIf;mouseenter:SKyDAe; change:uOgbud;" role="option" aria-selected="false" tabindex="-1" data-value="de"><span class="VfPpkd-rymPhb-pZXsl"></span><span class="VfPpkd-rymPhb-Zmlebc-LhBDec"></span><span class="VfPpkd-rymPhb-Gtdoyb"><span class="VfPpkd-rymPhb-fpDzbe-fmcmS" jsname="K4r5Ff">Deutsch</span></span></li><li class="MCs1Pd HiC7Nc VfPpkd-OkbHre VfPpkd-aJasdd-RWgCYc-wQNmvb VfPpkd-rymPhb-ibnC6b VfPpkd-rymPhb-ibnC6b-OWXEXe-SfQLQb-Woal0c-RWgCYc" jsaction=" keydown:RDtNu; keyup:JdS61c; click:o6ZaF; mousedown:teoBgf; mouseup:NZPHBc; mouseleave:xq3APb; touchstart:jJiBRc; touchmove:kZeBdd; touchend:VfAz8;focusin:MeMJlc; focusout:bkTmIf;mouseenter:SKyDAe; change:uOgbud;" role="option" aria-selected="false" tabindex="-1" data-value="et"><span class="VfPpkd-rymPhb-pZXsl"></span><span class="VfPpkd-rymPhb-Zmlebc-LhBDec"></span><span class="VfPpkd-rymPhb-Gtdoyb"><span class="VfPpkd-rymPhb-fpDzbe-fmcmS" jsname="K4r5Ff">eesti</span></span></li><li class="MCs1Pd HiC7Nc VfPpkd-OkbHre VfPpkd-aJasdd-RWgCYc-wQNmvb VfPpkd-rymPhb-ibnC6b VfPpkd-rymPhb-ibnC6b-OWXEXe-SfQLQb-Woal0c-RWgCYc" jsaction=" keydown:RDtNu; keyup:JdS61c; click:o6ZaF; mousedown:teoBgf; mouseup:NZPHBc; mouseleave:xq3APb; touchstart:jJiBRc; touchmove:kZeBdd; touchend:VfAz8;focusin:MeMJlc; focusout:bkTmIf;mouseenter:SKyDAe; change:uOgbud;" role="option" aria-selected="false" tabindex="-1" data-value="en-GB"><span class="VfPpkd-rymPhb-pZXsl"></span><span class="VfPpkd-rymPhb-Zmlebc-LhBDec"></span><span class="VfPpkd-rymPhb-Gtdoyb"><span class="VfPpkd-rymPhb-fpDzbe-fmcmS" jsname="K4r5Ff">English (United Kingdom)</span></span></li><li class="MCs1Pd HiC7Nc VfPpkd-OkbHre VfPpkd-aJasdd-RWgCYc-wQNmvb VfPpkd-rymPhb-ibnC6b VfPpkd-rymPhb-ibnC6b-OWXEXe-SfQLQb-Woal0c-RWgCYc VfPpkd-rymPhb-ibnC6b-OWXEXe-gk6SMd" jsaction=" keydown:RDtNu; keyup:JdS61c; click:o6ZaF; mousedown:teoBgf; mouseup:NZPHBc; mouseleave:xq3APb; touchstart:jJiBRc; touchmove:kZeBdd; touchend:VfAz8;focusin:MeMJlc; focusout:bkTmIf;mouseenter:SKyDAe; change:uOgbud;" role="option" aria-selected="true" tabindex="0" data-value="en-US" data-708c49e2-dcf0-4d62-b457-88577bfe3081="English (United States)"><span class="VfPpkd-rymPhb-pZXsl"></span><span class="VfPpkd-rymPhb-Zmlebc-LhBDec"></span><span class="VfPpkd-rymPhb-Gtdoyb"><span class="VfPpkd-rymPhb-fpDzbe-fmcmS" jsname="K4r5Ff">English (United States)</span></span></li><li class="MCs1Pd HiC7Nc VfPpkd-OkbHre VfPpkd-aJasdd-RWgCYc-wQNmvb VfPpkd-rymPhb-ibnC6b VfPpkd-rymPhb-ibnC6b-OWXEXe-SfQLQb-Woal0c-RWgCYc" jsaction=" keydown:RDtNu; keyup:JdS61c; click:o6ZaF; mousedown:teoBgf; mouseup:NZPHBc; mouseleave:xq3APb; touchstart:jJiBRc; touchmove:kZeBdd; touchend:VfAz8;focusin:MeMJlc; focusout:bkTmIf;mouseenter:SKyDAe; change:uOgbud;" role="option" aria-selected="false" tabindex="-1" data-value="es-ES"><span class="VfPpkd-rymPhb-pZXsl"></span><span class="VfPpkd-rymPhb-Zmlebc-LhBDec"></span><span class="VfPpkd-rymPhb-Gtdoyb"><span class="VfPpkd-rymPhb-fpDzbe-fmcmS" jsname="K4r5Ff">Español (España)</span></span></li><li class="MCs1Pd HiC7Nc VfPpkd-OkbHre VfPpkd-aJasdd-RWgCYc-wQNmvb VfPpkd-rymPhb-ibnC6b VfPpkd-rymPhb-ibnC6b-OWXEXe-SfQLQb-Woal0c-RWgCYc" jsaction=" keydown:RDtNu; keyup:JdS61c; click:o6ZaF; mousedown:teoBgf; mouseup:NZPHBc; mouseleave:xq3APb; touchstart:jJiBRc; touchmove:kZeBdd; touchend:VfAz8;focusin:MeMJlc; focusout:bkTmIf;mouseenter:SKyDAe; change:uOgbud;" role="option" aria-selected="false" tabindex="-1" data-value="es-419"><span class="VfPpkd-rymPhb-pZXsl"></span><span class="VfPpkd-rymPhb-Zmlebc-LhBDec"></span><span class="VfPpkd-rymPhb-Gtdoyb"><span class="VfPpkd-rymPhb-fpDzbe-fmcmS" jsname="K4r5Ff">Español (Latinoamérica)</span></span></li><li class="MCs1Pd HiC7Nc VfPpkd-OkbHre VfPpkd-aJasdd-RWgCYc-wQNmvb VfPpkd-rymPhb-ibnC6b VfPpkd-rymPhb-ibnC6b-OWXEXe-SfQLQb-Woal0c-RWgCYc" jsaction=" keydown:RDtNu; keyup:JdS61c; click:o6ZaF; mousedown:teoBgf; mouseup:NZPHBc; mouseleave:xq3APb; touchstart:jJiBRc; touchmove:kZeBdd; touchend:VfAz8;focusin:MeMJlc; focusout:bkTmIf;mouseenter:SKyDAe; change:uOgbud;" role="option" aria-selected="false" tabindex="-1" data-value="eu"><span class="VfPpkd-rymPhb-pZXsl"></span><span class="VfPpkd-rymPhb-Zmlebc-LhBDec"></span><span class="VfPpkd-rymPhb-Gtdoyb"><span class="VfPpkd-rymPhb-fpDzbe-fmcmS" jsname="K4r5Ff">euskara</span></span></li><li class="MCs1Pd HiC7Nc VfPpkd-OkbHre VfPpkd-aJasdd-RWgCYc-wQNmvb VfPpkd-rymPhb-ibnC6b VfPpkd-rymPhb-ibnC6b-OWXEXe-SfQLQb-Woal0c-RWgCYc" jsaction=" keydown:RDtNu; keyup:JdS61c; click:o6ZaF; mousedown:teoBgf; mouseup:NZPHBc; mouseleave:xq3APb; touchstart:jJiBRc; touchmove:kZeBdd; touchend:VfAz8;focusin:MeMJlc; focusout:bkTmIf;mouseenter:SKyDAe; change:uOgbud;" role="option" aria-selected="false" tabindex="-1" data-value="fil"><span class="VfPpkd-rymPhb-pZXsl"></span><span class="VfPpkd-rymPhb-Zmlebc-LhBDec"></span><span class="VfPpkd-rymPhb-Gtdoyb"><span class="VfPpkd-rymPhb-fpDzbe-fmcmS" jsname="K4r5Ff">Filipino</span></span></li><li class="MCs1Pd HiC7Nc VfPpkd-OkbHre VfPpkd-aJasdd-RWgCYc-wQNmvb VfPpkd-rymPhb-ibnC6b VfPpkd-rymPhb-ibnC6b-OWXEXe-SfQLQb-Woal0c-RWgCYc" jsaction=" keydown:RDtNu; keyup:JdS61c; click:o6ZaF; mousedown:teoBgf; mouseup:NZPHBc; mouseleave:xq3APb; touchstart:jJiBRc; touchmove:kZeBdd; touchend:VfAz8;focusin:MeMJlc; focusout:bkTmIf;mouseenter:SKyDAe; change:uOgbud;" role="option" aria-selected="false" tabindex="-1" data-value="fr-CA"><span class="VfPpkd-rymPhb-pZXsl"></span><span class="VfPpkd-rymPhb-Zmlebc-LhBDec"></span><span class="VfPpkd-rymPhb-Gtdoyb"><span class="VfPpkd-rymPhb-fpDzbe-fmcmS" jsname="K4r5Ff">Français (Canada)</span></span></li><li class="MCs1Pd HiC7Nc VfPpkd-OkbHre VfPpkd-aJasdd-RWgCYc-wQNmvb VfPpkd-rymPhb-ibnC6b VfPpkd-rymPhb-ibnC6b-OWXEXe-SfQLQb-Woal0c-RWgCYc" jsaction=" keydown:RDtNu; keyup:JdS61c; click:o6ZaF; mousedown:teoBgf; mouseup:NZPHBc; mouseleave:xq3APb; touchstart:jJiBRc; touchmove:kZeBdd; touchend:VfAz8;focusin:MeMJlc; focusout:bkTmIf;mouseenter:SKyDAe; change:uOgbud;" role="option" aria-selected="false" tabindex="-1" data-value="fr-FR"><span class="VfPpkd-rymPhb-pZXsl"></span><span class="VfPpkd-rymPhb-Zmlebc-LhBDec"></span><span class="VfPpkd-rymPhb-Gtdoyb"><span class="VfPpkd-rymPhb-fpDzbe-fmcmS" jsname="K4r5Ff">Français (France)</span></span></li><li class="MCs1Pd HiC7Nc VfPpkd-OkbHre VfPpkd-aJasdd-RWgCYc-wQNmvb VfPpkd-rymPhb-ibnC6b VfPpkd-rymPhb-ibnC6b-OWXEXe-SfQLQb-Woal0c-RWgCYc" jsaction=" keydown:RDtNu; keyup:JdS61c; click:o6ZaF; mousedown:teoBgf; mouseup:NZPHBc; mouseleave:xq3APb; touchstart:jJiBRc; touchmove:kZeBdd; touchend:VfAz8;focusin:MeMJlc; focusout:bkTmIf;mouseenter:SKyDAe; change:uOgbud;" role="option" aria-selected="false" tabindex="-1" data-value="ga"><span class="VfPpkd-rymPhb-pZXsl"></span><span class="VfPpkd-rymPhb-Zmlebc-LhBDec"></span><span class="VfPpkd-rymPhb-Gtdoyb"><span class="VfPpkd-rymPhb-fpDzbe-fmcmS" jsname="K4r5Ff">Gaeilge</span></span></li><li class="MCs1Pd HiC7Nc VfPpkd-OkbHre VfPpkd-aJasdd-RWgCYc-wQNmvb VfPpkd-rymPhb-ibnC6b VfPpkd-rymPhb-ibnC6b-OWXEXe-SfQLQb-Woal0c-RWgCYc" jsaction=" keydown:RDtNu; keyup:JdS61c; click:o6ZaF; mousedown:teoBgf; mouseup:NZPHBc; mouseleave:xq3APb; touchstart:jJiBRc; touchmove:kZeBdd; touchend:VfAz8;focusin:MeMJlc; focusout:bkTmIf;mouseenter:SKyDAe; change:uOgbud;" role="option" aria-selected="false" tabindex="-1" data-value="gl"><span class="VfPpkd-rymPhb-pZXsl"></span><span class="VfPpkd-rymPhb-Zmlebc-LhBDec"></span><span class="VfPpkd-rymPhb-Gtdoyb"><span class="VfPpkd-rymPhb-fpDzbe-fmcmS" jsname="K4r5Ff">galego</span></span></li><li class="MCs1Pd HiC7Nc VfPpkd-OkbHre VfPpkd-aJasdd-RWgCYc-wQNmvb VfPpkd-rymPhb-ibnC6b VfPpkd-rymPhb-ibnC6b-OWXEXe-SfQLQb-Woal0c-RWgCYc" jsaction=" keydown:RDtNu; keyup:JdS61c; click:o6ZaF; mousedown:teoBgf; mouseup:NZPHBc; mouseleave:xq3APb; touchstart:jJiBRc; touchmove:kZeBdd; touchend:VfAz8;focusin:MeMJlc; focusout:bkTmIf;mouseenter:SKyDAe; change:uOgbud;" role="option" aria-selected="false" tabindex="-1" data-value="hr"><span class="VfPpkd-rymPhb-pZXsl"></span><span class="VfPpkd-rymPhb-Zmlebc-LhBDec"></span><span class="VfPpkd-rymPhb-Gtdoyb"><span class="VfPpkd-rymPhb-fpDzbe-fmcmS" jsname="K4r5Ff">Hrvatski</span></span></li><li class="MCs1Pd HiC7Nc VfPpkd-OkbHre VfPpkd-aJasdd-RWgCYc-wQNmvb VfPpkd-rymPhb-ibnC6b VfPpkd-rymPhb-ibnC6b-OWXEXe-SfQLQb-Woal0c-RWgCYc" jsaction=" keydown:RDtNu; keyup:JdS61c; click:o6ZaF; mousedown:teoBgf; mouseup:NZPHBc; mouseleave:xq3APb; touchstart:jJiBRc; touchmove:kZeBdd; touchend:VfAz8;focusin:MeMJlc; focusout:bkTmIf;mouseenter:SKyDAe; change:uOgbud;" role="option" aria-selected="false" tabindex="-1" data-value="id"><span class="VfPpkd-rymPhb-pZXsl"></span><span class="VfPpkd-rymPhb-Zmlebc-LhBDec"></span><span class="VfPpkd-rymPhb-Gtdoyb"><span class="VfPpkd-rymPhb-fpDzbe-fmcmS" jsname="K4r5Ff">Indonesia</span></span></li><li class="MCs1Pd HiC7Nc VfPpkd-OkbHre VfPpkd-aJasdd-RWgCYc-wQNmvb VfPpkd-rymPhb-ibnC6b VfPpkd-rymPhb-ibnC6b-OWXEXe-SfQLQb-Woal0c-RWgCYc" jsaction=" keydown:RDtNu; keyup:JdS61c; click:o6ZaF; mousedown:teoBgf; mouseup:NZPHBc; mouseleave:xq3APb; touchstart:jJiBRc; touchmove:kZeBdd; touchend:VfAz8;focusin:MeMJlc; focusout:bkTmIf;mouseenter:SKyDAe; change:uOgbud;" role="option" aria-selected="false" tabindex="-1" data-value="zu"><span class="VfPpkd-rymPhb-pZXsl"></span><span class="VfPpkd-rymPhb-Zmlebc-LhBDec"></span><span class="VfPpkd-rymPhb-Gtdoyb"><span class="VfPpkd-rymPhb-fpDzbe-fmcmS" jsname="K4r5Ff">isiZulu</span></span></li><li class="MCs1Pd HiC7Nc VfPpkd-OkbHre VfPpkd-aJasdd-RWgCYc-wQNmvb VfPpkd-rymPhb-ibnC6b VfPpkd-rymPhb-ibnC6b-OWXEXe-SfQLQb-Woal0c-RWgCYc" jsaction=" keydown:RDtNu; keyup:JdS61c; click:o6ZaF; mousedown:teoBgf; mouseup:NZPHBc; mouseleave:xq3APb; touchstart:jJiBRc; touchmove:kZeBdd; touchend:VfAz8;focusin:MeMJlc; focusout:bkTmIf;mouseenter:SKyDAe; change:uOgbud;" role="option" aria-selected="false" tabindex="-1" data-value="is"><span class="VfPpkd-rymPhb-pZXsl"></span><span class="VfPpkd-rymPhb-Zmlebc-LhBDec"></span><span class="VfPpkd-rymPhb-Gtdoyb"><span class="VfPpkd-rymPhb-fpDzbe-fmcmS" jsname="K4r5Ff">íslenska</span></span></li><li class="MCs1Pd HiC7Nc VfPpkd-OkbHre VfPpkd-aJasdd-RWgCYc-wQNmvb VfPpkd-rymPhb-ibnC6b VfPpkd-rymPhb-ibnC6b-OWXEXe-SfQLQb-Woal0c-RWgCYc" jsaction=" keydown:RDtNu; keyup:JdS61c; click:o6ZaF; mousedown:teoBgf; mouseup:NZPHBc; mouseleave:xq3APb; touchstart:jJiBRc; touchmove:kZeBdd; touchend:VfAz8;focusin:MeMJlc; focusout:bkTmIf;mouseenter:SKyDAe; change:uOgbud;" role="option" aria-selected="false" tabindex="-1" data-value="it"><span class="VfPpkd-rymPhb-pZXsl"></span><span class="VfPpkd-rymPhb-Zmlebc-LhBDec"></span><span class="VfPpkd-rymPhb-Gtdoyb"><span class="VfPpkd-rymPhb-fpDzbe-fmcmS" jsname="K4r5Ff">Italiano</span></span></li><li class="MCs1Pd HiC7Nc VfPpkd-OkbHre VfPpkd-aJasdd-RWgCYc-wQNmvb VfPpkd-rymPhb-ibnC6b VfPpkd-rymPhb-ibnC6b-OWXEXe-SfQLQb-Woal0c-RWgCYc" jsaction=" keydown:RDtNu; keyup:JdS61c; click:o6ZaF; mousedown:teoBgf; mouseup:NZPHBc; mouseleave:xq3APb; touchstart:jJiBRc; touchmove:kZeBdd; touchend:VfAz8;focusin:MeMJlc; focusout:bkTmIf;mouseenter:SKyDAe; change:uOgbud;" role="option" aria-selected="false" tabindex="-1" data-value="sw"><span class="VfPpkd-rymPhb-pZXsl"></span><span class="VfPpkd-rymPhb-Zmlebc-LhBDec"></span><span class="VfPpkd-rymPhb-Gtdoyb"><span class="VfPpkd-rymPhb-fpDzbe-fmcmS" jsname="K4r5Ff">Kiswahili</span></span></li><li class="MCs1Pd HiC7Nc VfPpkd-OkbHre VfPpkd-aJasdd-RWgCYc-wQNmvb VfPpkd-rymPhb-ibnC6b VfPpkd-rymPhb-ibnC6b-OWXEXe-SfQLQb-Woal0c-RWgCYc" jsaction=" keydown:RDtNu; keyup:JdS61c; click:o6ZaF; mousedown:teoBgf; mouseup:NZPHBc; mouseleave:xq3APb; touchstart:jJiBRc; touchmove:kZeBdd; touchend:VfAz8;focusin:MeMJlc; focusout:bkTmIf;mouseenter:SKyDAe; change:uOgbud;" role="option" aria-selected="false" tabindex="-1" data-value="lv"><span class="VfPpkd-rymPhb-pZXsl"></span><span class="VfPpkd-rymPhb-Zmlebc-LhBDec"></span><span class="VfPpkd-rymPhb-Gtdoyb"><span class="VfPpkd-rymPhb-fpDzbe-fmcmS" jsname="K4r5Ff">latviešu</span></span></li><li class="MCs1Pd HiC7Nc VfPpkd-OkbHre VfPpkd-aJasdd-RWgCYc-wQNmvb VfPpkd-rymPhb-ibnC6b VfPpkd-rymPhb-ibnC6b-OWXEXe-SfQLQb-Woal0c-RWgCYc" jsaction=" keydown:RDtNu; keyup:JdS61c; click:o6ZaF; mousedown:teoBgf; mouseup:NZPHBc; mouseleave:xq3APb; touchstart:jJiBRc; touchmove:kZeBdd; touchend:VfAz8;focusin:MeMJlc; focusout:bkTmIf;mouseenter:SKyDAe; change:uOgbud;" role="option" aria-selected="false" tabindex="-1" data-value="lt"><span class="VfPpkd-rymPhb-pZXsl"></span><span class="VfPpkd-rymPhb-Zmlebc-LhBDec"></span><span class="VfPpkd-rymPhb-Gtdoyb"><span class="VfPpkd-rymPhb-fpDzbe-fmcmS" jsname="K4r5Ff">lietuvių</span></span></li><li class="MCs1Pd HiC7Nc VfPpkd-OkbHre VfPpkd-aJasdd-RWgCYc-wQNmvb VfPpkd-rymPhb-ibnC6b VfPpkd-rymPhb-ibnC6b-OWXEXe-SfQLQb-Woal0c-RWgCYc" jsaction=" keydown:RDtNu; keyup:JdS61c; click:o6ZaF; mousedown:teoBgf; mouseup:NZPHBc; mouseleave:xq3APb; touchstart:jJiBRc; touchmove:kZeBdd; touchend:VfAz8;focusin:MeMJlc; focusout:bkTmIf;mouseenter:SKyDAe; change:uOgbud;" role="option" aria-selected="false" tabindex="-1" data-value="hu"><span class="VfPpkd-rymPhb-pZXsl"></span><span class="VfPpkd-rymPhb-Zmlebc-LhBDec"></span><span class="VfPpkd-rymPhb-Gtdoyb"><span class="VfPpkd-rymPhb-fpDzbe-fmcmS" jsname="K4r5Ff">magyar</span></span></li><li class="MCs1Pd HiC7Nc VfPpkd-OkbHre VfPpkd-aJasdd-RWgCYc-wQNmvb VfPpkd-rymPhb-ibnC6b VfPpkd-rymPhb-ibnC6b-OWXEXe-SfQLQb-Woal0c-RWgCYc" jsaction=" keydown:RDtNu; keyup:JdS61c; click:o6ZaF; mousedown:teoBgf; mouseup:NZPHBc; mouseleave:xq3APb; touchstart:jJiBRc; touchmove:kZeBdd; touchend:VfAz8;focusin:MeMJlc; focusout:bkTmIf;mouseenter:SKyDAe; change:uOgbud;" role="option" aria-selected="false" tabindex="-1" data-value="ms"><span class="VfPpkd-rymPhb-pZXsl"></span><span class="VfPpkd-rymPhb-Zmlebc-LhBDec"></span><span class="VfPpkd-rymPhb-Gtdoyb"><span class="VfPpkd-rymPhb-fpDzbe-fmcmS" jsname="K4r5Ff">Melayu</span></span></li><li class="MCs1Pd HiC7Nc VfPpkd-OkbHre VfPpkd-aJasdd-RWgCYc-wQNmvb VfPpkd-rymPhb-ibnC6b VfPpkd-rymPhb-ibnC6b-OWXEXe-SfQLQb-Woal0c-RWgCYc" jsaction=" keydown:RDtNu; keyup:JdS61c; click:o6ZaF; mousedown:teoBgf; mouseup:NZPHBc; mouseleave:xq3APb; touchstart:jJiBRc; touchmove:kZeBdd; touchend:VfAz8;focusin:MeMJlc; focusout:bkTmIf;mouseenter:SKyDAe; change:uOgbud;" role="option" aria-selected="false" tabindex="-1" data-value="nl"><span class="VfPpkd-rymPhb-pZXsl"></span><span class="VfPpkd-rymPhb-Zmlebc-LhBDec"></span><span class="VfPpkd-rymPhb-Gtdoyb"><span class="VfPpkd-rymPhb-fpDzbe-fmcmS" jsname="K4r5Ff">Nederlands</span></span></li><li class="MCs1Pd HiC7Nc VfPpkd-OkbHre VfPpkd-aJasdd-RWgCYc-wQNmvb VfPpkd-rymPhb-ibnC6b VfPpkd-rymPhb-ibnC6b-OWXEXe-SfQLQb-Woal0c-RWgCYc" jsaction=" keydown:RDtNu; keyup:JdS61c; click:o6ZaF; mousedown:teoBgf; mouseup:NZPHBc; mouseleave:xq3APb; touchstart:jJiBRc; touchmove:kZeBdd; touchend:VfAz8;focusin:MeMJlc; focusout:bkTmIf;mouseenter:SKyDAe; change:uOgbud;" role="option" aria-selected="false" tabindex="-1" data-value="no"><span class="VfPpkd-rymPhb-pZXsl"></span><span class="VfPpkd-rymPhb-Zmlebc-LhBDec"></span><span class="VfPpkd-rymPhb-Gtdoyb"><span class="VfPpkd-rymPhb-fpDzbe-fmcmS" jsname="K4r5Ff">norsk</span></span></li><li class="MCs1Pd HiC7Nc VfPpkd-OkbHre VfPpkd-aJasdd-RWgCYc-wQNmvb VfPpkd-rymPhb-ibnC6b VfPpkd-rymPhb-ibnC6b-OWXEXe-SfQLQb-Woal0c-RWgCYc" jsaction=" keydown:RDtNu; keyup:JdS61c; click:o6ZaF; mousedown:teoBgf; mouseup:NZPHBc; mouseleave:xq3APb; touchstart:jJiBRc; touchmove:kZeBdd; touchend:VfAz8;focusin:MeMJlc; focusout:bkTmIf;mouseenter:SKyDAe; change:uOgbud;" role="option" aria-selected="false" tabindex="-1" data-value="uz"><span class="VfPpkd-rymPhb-pZXsl"></span><span class="VfPpkd-rymPhb-Zmlebc-LhBDec"></span><span class="VfPpkd-rymPhb-Gtdoyb"><span class="VfPpkd-rymPhb-fpDzbe-fmcmS" jsname="K4r5Ff">o‘zbek</span></span></li><li class="MCs1Pd HiC7Nc VfPpkd-OkbHre VfPpkd-aJasdd-RWgCYc-wQNmvb VfPpkd-rymPhb-ibnC6b VfPpkd-rymPhb-ibnC6b-OWXEXe-SfQLQb-Woal0c-RWgCYc" jsaction=" keydown:RDtNu; keyup:JdS61c; click:o6ZaF; mousedown:teoBgf; mouseup:NZPHBc; mouseleave:xq3APb; touchstart:jJiBRc; touchmove:kZeBdd; touchend:VfAz8;focusin:MeMJlc; focusout:bkTmIf;mouseenter:SKyDAe; change:uOgbud;" role="option" aria-selected="false" tabindex="-1" data-value="pl"><span class="VfPpkd-rymPhb-pZXsl"></span><span class="VfPpkd-rymPhb-Zmlebc-LhBDec"></span><span class="VfPpkd-rymPhb-Gtdoyb"><span class="VfPpkd-rymPhb-fpDzbe-fmcmS" jsname="K4r5Ff">polski</span></span></li><li class="MCs1Pd HiC7Nc VfPpkd-OkbHre VfPpkd-aJasdd-RWgCYc-wQNmvb VfPpkd-rymPhb-ibnC6b VfPpkd-rymPhb-ibnC6b-OWXEXe-SfQLQb-Woal0c-RWgCYc" jsaction=" keydown:RDtNu; keyup:JdS61c; click:o6ZaF; mousedown:teoBgf; mouseup:NZPHBc; mouseleave:xq3APb; touchstart:jJiBRc; touchmove:kZeBdd; touchend:VfAz8;focusin:MeMJlc; focusout:bkTmIf;mouseenter:SKyDAe; change:uOgbud;" role="option" aria-selected="false" tabindex="-1" data-value="pt-BR"><span class="VfPpkd-rymPhb-pZXsl"></span><span class="VfPpkd-rymPhb-Zmlebc-LhBDec"></span><span class="VfPpkd-rymPhb-Gtdoyb"><span class="VfPpkd-rymPhb-fpDzbe-fmcmS" jsname="K4r5Ff">Português (Brasil)</span></span></li><li class="MCs1Pd HiC7Nc VfPpkd-OkbHre VfPpkd-aJasdd-RWgCYc-wQNmvb VfPpkd-rymPhb-ibnC6b VfPpkd-rymPhb-ibnC6b-OWXEXe-SfQLQb-Woal0c-RWgCYc" jsaction=" keydown:RDtNu; keyup:JdS61c; click:o6ZaF; mousedown:teoBgf; mouseup:NZPHBc; mouseleave:xq3APb; touchstart:jJiBRc; touchmove:kZeBdd; touchend:VfAz8;focusin:MeMJlc; focusout:bkTmIf;mouseenter:SKyDAe; change:uOgbud;" role="option" aria-selected="false" tabindex="-1" data-value="pt-PT"><span class="VfPpkd-rymPhb-pZXsl"></span><span class="VfPpkd-rymPhb-Zmlebc-LhBDec"></span><span class="VfPpkd-rymPhb-Gtdoyb"><span class="VfPpkd-rymPhb-fpDzbe-fmcmS" jsname="K4r5Ff">Português (Portugal)</span></span></li><li class="MCs1Pd HiC7Nc VfPpkd-OkbHre VfPpkd-aJasdd-RWgCYc-wQNmvb VfPpkd-rymPhb-ibnC6b VfPpkd-rymPhb-ibnC6b-OWXEXe-SfQLQb-Woal0c-RWgCYc" jsaction=" keydown:RDtNu; keyup:JdS61c; click:o6ZaF; mousedown:teoBgf; mouseup:NZPHBc; mouseleave:xq3APb; touchstart:jJiBRc; touchmove:kZeBdd; touchend:VfAz8;focusin:MeMJlc; focusout:bkTmIf;mouseenter:SKyDAe; change:uOgbud;" role="option" aria-selected="false" tabindex="-1" data-value="ro"><span class="VfPpkd-rymPhb-pZXsl"></span><span class="VfPpkd-rymPhb-Zmlebc-LhBDec"></span><span class="VfPpkd-rymPhb-Gtdoyb"><span class="VfPpkd-rymPhb-fpDzbe-fmcmS" jsname="K4r5Ff">română</span></span></li><li class="MCs1Pd HiC7Nc VfPpkd-OkbHre VfPpkd-aJasdd-RWgCYc-wQNmvb VfPpkd-rymPhb-ibnC6b VfPpkd-rymPhb-ibnC6b-OWXEXe-SfQLQb-Woal0c-RWgCYc" jsaction=" keydown:RDtNu; keyup:JdS61c; click:o6ZaF; mousedown:teoBgf; mouseup:NZPHBc; mouseleave:xq3APb; touchstart:jJiBRc; touchmove:kZeBdd; touchend:VfAz8;focusin:MeMJlc; focusout:bkTmIf;mouseenter:SKyDAe; change:uOgbud;" role="option" aria-selected="false" tabindex="-1" data-value="sq"><span class="VfPpkd-rymPhb-pZXsl"></span><span class="VfPpkd-rymPhb-Zmlebc-LhBDec"></span><span class="VfPpkd-rymPhb-Gtdoyb"><span class="VfPpkd-rymPhb-fpDzbe-fmcmS" jsname="K4r5Ff">shqip</span></span></li><li class="MCs1Pd HiC7Nc VfPpkd-OkbHre VfPpkd-aJasdd-RWgCYc-wQNmvb VfPpkd-rymPhb-ibnC6b VfPpkd-rymPhb-ibnC6b-OWXEXe-SfQLQb-Woal0c-RWgCYc" jsaction=" keydown:RDtNu; keyup:JdS61c; click:o6ZaF; mousedown:teoBgf; mouseup:NZPHBc; mouseleave:xq3APb; touchstart:jJiBRc; touchmove:kZeBdd; touchend:VfAz8;focusin:MeMJlc; focusout:bkTmIf;mouseenter:SKyDAe; change:uOgbud;" role="option" aria-selected="false" tabindex="-1" data-value="sk"><span class="VfPpkd-rymPhb-pZXsl"></span><span class="VfPpkd-rymPhb-Zmlebc-LhBDec"></span><span class="VfPpkd-rymPhb-Gtdoyb"><span class="VfPpkd-rymPhb-fpDzbe-fmcmS" jsname="K4r5Ff">Slovenčina</span></span></li><li class="MCs1Pd HiC7Nc VfPpkd-OkbHre VfPpkd-aJasdd-RWgCYc-wQNmvb VfPpkd-rymPhb-ibnC6b VfPpkd-rymPhb-ibnC6b-OWXEXe-SfQLQb-Woal0c-RWgCYc" jsaction=" keydown:RDtNu; keyup:JdS61c; click:o6ZaF; mousedown:teoBgf; mouseup:NZPHBc; mouseleave:xq3APb; touchstart:jJiBRc; touchmove:kZeBdd; touchend:VfAz8;focusin:MeMJlc; focusout:bkTmIf;mouseenter:SKyDAe; change:uOgbud;" role="option" aria-selected="false" tabindex="-1" data-value="sl"><span class="VfPpkd-rymPhb-pZXsl"></span><span class="VfPpkd-rymPhb-Zmlebc-LhBDec"></span><span class="VfPpkd-rymPhb-Gtdoyb"><span class="VfPpkd-rymPhb-fpDzbe-fmcmS" jsname="K4r5Ff">slovenščina</span></span></li><li class="MCs1Pd HiC7Nc VfPpkd-OkbHre VfPpkd-aJasdd-RWgCYc-wQNmvb VfPpkd-rymPhb-ibnC6b VfPpkd-rymPhb-ibnC6b-OWXEXe-SfQLQb-Woal0c-RWgCYc" jsaction=" keydown:RDtNu; keyup:JdS61c; click:o6ZaF; mousedown:teoBgf; mouseup:NZPHBc; mouseleave:xq3APb; touchstart:jJiBRc; touchmove:kZeBdd; touchend:VfAz8;focusin:MeMJlc; focusout:bkTmIf;mouseenter:SKyDAe; change:uOgbud;" role="option" aria-selected="false" tabindex="-1" data-value="sr-Latn"><span class="VfPpkd-rymPhb-pZXsl"></span><span class="VfPpkd-rymPhb-Zmlebc-LhBDec"></span><span class="VfPpkd-rymPhb-Gtdoyb"><span class="VfPpkd-rymPhb-fpDzbe-fmcmS" jsname="K4r5Ff">srpski (latinica)</span></span></li><li class="MCs1Pd HiC7Nc VfPpkd-OkbHre VfPpkd-aJasdd-RWgCYc-wQNmvb VfPpkd-rymPhb-ibnC6b VfPpkd-rymPhb-ibnC6b-OWXEXe-SfQLQb-Woal0c-RWgCYc" jsaction=" keydown:RDtNu; keyup:JdS61c; click:o6ZaF; mousedown:teoBgf; mouseup:NZPHBc; mouseleave:xq3APb; touchstart:jJiBRc; touchmove:kZeBdd; touchend:VfAz8;focusin:MeMJlc; focusout:bkTmIf;mouseenter:SKyDAe; change:uOgbud;" role="option" aria-selected="false" tabindex="-1" data-value="fi"><span class="VfPpkd-rymPhb-pZXsl"></span><span class="VfPpkd-rymPhb-Zmlebc-LhBDec"></span><span class="VfPpkd-rymPhb-Gtdoyb"><span class="VfPpkd-rymPhb-fpDzbe-fmcmS" jsname="K4r5Ff">Suomi</span></span></li><li class="MCs1Pd HiC7Nc VfPpkd-OkbHre VfPpkd-aJasdd-RWgCYc-wQNmvb VfPpkd-rymPhb-ibnC6b VfPpkd-rymPhb-ibnC6b-OWXEXe-SfQLQb-Woal0c-RWgCYc" jsaction=" keydown:RDtNu; keyup:JdS61c; click:o6ZaF; mousedown:teoBgf; mouseup:NZPHBc; mouseleave:xq3APb; touchstart:jJiBRc; touchmove:kZeBdd; touchend:VfAz8;focusin:MeMJlc; focusout:bkTmIf;mouseenter:SKyDAe; change:uOgbud;" role="option" aria-selected="false" tabindex="-1" data-value="sv"><span class="VfPpkd-rymPhb-pZXsl"></span><span class="VfPpkd-rymPhb-Zmlebc-LhBDec"></span><span class="VfPpkd-rymPhb-Gtdoyb"><span class="VfPpkd-rymPhb-fpDzbe-fmcmS" jsname="K4r5Ff">Svenska</span></span></li><li class="MCs1Pd HiC7Nc VfPpkd-OkbHre VfPpkd-aJasdd-RWgCYc-wQNmvb VfPpkd-rymPhb-ibnC6b VfPpkd-rymPhb-ibnC6b-OWXEXe-SfQLQb-Woal0c-RWgCYc" jsaction=" keydown:RDtNu; keyup:JdS61c; click:o6ZaF; mousedown:teoBgf; mouseup:NZPHBc; mouseleave:xq3APb; touchstart:jJiBRc; touchmove:kZeBdd; touchend:VfAz8;focusin:MeMJlc; focusout:bkTmIf;mouseenter:SKyDAe; change:uOgbud;" role="option" aria-selected="false" tabindex="-1" data-value="vi"><span class="VfPpkd-rymPhb-pZXsl"></span><span class="VfPpkd-rymPhb-Zmlebc-LhBDec"></span><span class="VfPpkd-rymPhb-Gtdoyb"><span class="VfPpkd-rymPhb-fpDzbe-fmcmS" jsname="K4r5Ff">Tiếng Việt</span></span></li><li class="MCs1Pd HiC7Nc VfPpkd-OkbHre VfPpkd-aJasdd-RWgCYc-wQNmvb VfPpkd-rymPhb-ibnC6b VfPpkd-rymPhb-ibnC6b-OWXEXe-SfQLQb-Woal0c-RWgCYc" jsaction=" keydown:RDtNu; keyup:JdS61c; click:o6ZaF; mousedown:teoBgf; mouseup:NZPHBc; mouseleave:xq3APb; touchstart:jJiBRc; touchmove:kZeBdd; touchend:VfAz8;focusin:MeMJlc; focusout:bkTmIf;mouseenter:SKyDAe; change:uOgbud;" role="option" aria-selected="false" tabindex="-1" data-value="tr"><span class="VfPpkd-rymPhb-pZXsl"></span><span class="VfPpkd-rymPhb-Zmlebc-LhBDec"></span><span class="VfPpkd-rymPhb-Gtdoyb"><span class="VfPpkd-rymPhb-fpDzbe-fmcmS" jsname="K4r5Ff">Türkçe</span></span></li><li class="MCs1Pd HiC7Nc VfPpkd-OkbHre VfPpkd-aJasdd-RWgCYc-wQNmvb VfPpkd-rymPhb-ibnC6b VfPpkd-rymPhb-ibnC6b-OWXEXe-SfQLQb-Woal0c-RWgCYc" jsaction=" keydown:RDtNu; keyup:JdS61c; click:o6ZaF; mousedown:teoBgf; mouseup:NZPHBc; mouseleave:xq3APb; touchstart:jJiBRc; touchmove:kZeBdd; touchend:VfAz8;focusin:MeMJlc; focusout:bkTmIf;mouseenter:SKyDAe; change:uOgbud;" role="option" aria-selected="false" tabindex="-1" data-value="el"><span class="VfPpkd-rymPhb-pZXsl"></span><span class="VfPpkd-rymPhb-Zmlebc-LhBDec"></span><span class="VfPpkd-rymPhb-Gtdoyb"><span class="VfPpkd-rymPhb-fpDzbe-fmcmS" jsname="K4r5Ff">Ελληνικά</span></span></li><li class="MCs1Pd HiC7Nc VfPpkd-OkbHre VfPpkd-aJasdd-RWgCYc-wQNmvb VfPpkd-rymPhb-ibnC6b VfPpkd-rymPhb-ibnC6b-OWXEXe-SfQLQb-Woal0c-RWgCYc" jsaction=" keydown:RDtNu; keyup:JdS61c; click:o6ZaF; mousedown:teoBgf; mouseup:NZPHBc; mouseleave:xq3APb; touchstart:jJiBRc; touchmove:kZeBdd; touchend:VfAz8;focusin:MeMJlc; focusout:bkTmIf;mouseenter:SKyDAe; change:uOgbud;" role="option" aria-selected="false" tabindex="-1" data-value="be"><span class="VfPpkd-rymPhb-pZXsl"></span><span class="VfPpkd-rymPhb-Zmlebc-LhBDec"></span><span class="VfPpkd-rymPhb-Gtdoyb"><span class="VfPpkd-rymPhb-fpDzbe-fmcmS" jsname="K4r5Ff">беларуская</span></span></li><li class="MCs1Pd HiC7Nc VfPpkd-OkbHre VfPpkd-aJasdd-RWgCYc-wQNmvb VfPpkd-rymPhb-ibnC6b VfPpkd-rymPhb-ibnC6b-OWXEXe-SfQLQb-Woal0c-RWgCYc" jsaction=" keydown:RDtNu; keyup:JdS61c; click:o6ZaF; mousedown:teoBgf; mouseup:NZPHBc; mouseleave:xq3APb; touchstart:jJiBRc; touchmove:kZeBdd; touchend:VfAz8;focusin:MeMJlc; focusout:bkTmIf;mouseenter:SKyDAe; change:uOgbud;" role="option" aria-selected="false" tabindex="-1" data-value="bg"><span class="VfPpkd-rymPhb-pZXsl"></span><span class="VfPpkd-rymPhb-Zmlebc-LhBDec"></span><span class="VfPpkd-rymPhb-Gtdoyb"><span class="VfPpkd-rymPhb-fpDzbe-fmcmS" jsname="K4r5Ff">български</span></span></li><li class="MCs1Pd HiC7Nc VfPpkd-OkbHre VfPpkd-aJasdd-RWgCYc-wQNmvb VfPpkd-rymPhb-ibnC6b VfPpkd-rymPhb-ibnC6b-OWXEXe-SfQLQb-Woal0c-RWgCYc" jsaction=" keydown:RDtNu; keyup:JdS61c; click:o6ZaF; mousedown:teoBgf; mouseup:NZPHBc; mouseleave:xq3APb; touchstart:jJiBRc; touchmove:kZeBdd; touchend:VfAz8;focusin:MeMJlc; focusout:bkTmIf;mouseenter:SKyDAe; change:uOgbud;" role="option" aria-selected="false" tabindex="-1" data-value="ky"><span class="VfPpkd-rymPhb-pZXsl"></span><span class="VfPpkd-rymPhb-Zmlebc-LhBDec"></span><span class="VfPpkd-rymPhb-Gtdoyb"><span class="VfPpkd-rymPhb-fpDzbe-fmcmS" jsname="K4r5Ff">кыргызча</span></span></li><li class="MCs1Pd HiC7Nc VfPpkd-OkbHre VfPpkd-aJasdd-RWgCYc-wQNmvb VfPpkd-rymPhb-ibnC6b VfPpkd-rymPhb-ibnC6b-OWXEXe-SfQLQb-Woal0c-RWgCYc" jsaction=" keydown:RDtNu; keyup:JdS61c; click:o6ZaF; mousedown:teoBgf; mouseup:NZPHBc; mouseleave:xq3APb; touchstart:jJiBRc; touchmove:kZeBdd; touchend:VfAz8;focusin:MeMJlc; focusout:bkTmIf;mouseenter:SKyDAe; change:uOgbud;" role="option" aria-selected="false" tabindex="-1" data-value="kk"><span class="VfPpkd-rymPhb-pZXsl"></span><span class="VfPpkd-rymPhb-Zmlebc-LhBDec"></span><span class="VfPpkd-rymPhb-Gtdoyb"><span class="VfPpkd-rymPhb-fpDzbe-fmcmS" jsname="K4r5Ff">қазақ тілі</span></span></li><li class="MCs1Pd HiC7Nc VfPpkd-OkbHre VfPpkd-aJasdd-RWgCYc-wQNmvb VfPpkd-rymPhb-ibnC6b VfPpkd-rymPhb-ibnC6b-OWXEXe-SfQLQb-Woal0c-RWgCYc" jsaction=" keydown:RDtNu; keyup:JdS61c; click:o6ZaF; mousedown:teoBgf; mouseup:NZPHBc; mouseleave:xq3APb; touchstart:jJiBRc; touchmove:kZeBdd; touchend:VfAz8;focusin:MeMJlc; focusout:bkTmIf;mouseenter:SKyDAe; change:uOgbud;" role="option" aria-selected="false" tabindex="-1" data-value="mk"><span class="VfPpkd-rymPhb-pZXsl"></span><span class="VfPpkd-rymPhb-Zmlebc-LhBDec"></span><span class="VfPpkd-rymPhb-Gtdoyb"><span class="VfPpkd-rymPhb-fpDzbe-fmcmS" jsname="K4r5Ff">македонски</span></span></li><li class="MCs1Pd HiC7Nc VfPpkd-OkbHre VfPpkd-aJasdd-RWgCYc-wQNmvb VfPpkd-rymPhb-ibnC6b VfPpkd-rymPhb-ibnC6b-OWXEXe-SfQLQb-Woal0c-RWgCYc" jsaction=" keydown:RDtNu; keyup:JdS61c; click:o6ZaF; mousedown:teoBgf; mouseup:NZPHBc; mouseleave:xq3APb; touchstart:jJiBRc; touchmove:kZeBdd; touchend:VfAz8;focusin:MeMJlc; focusout:bkTmIf;mouseenter:SKyDAe; change:uOgbud;" role="option" aria-selected="false" tabindex="-1" data-value="mn"><span class="VfPpkd-rymPhb-pZXsl"></span><span class="VfPpkd-rymPhb-Zmlebc-LhBDec"></span><span class="VfPpkd-rymPhb-Gtdoyb"><span class="VfPpkd-rymPhb-fpDzbe-fmcmS" jsname="K4r5Ff">монгол</span></span></li><li class="MCs1Pd HiC7Nc VfPpkd-OkbHre VfPpkd-aJasdd-RWgCYc-wQNmvb VfPpkd-rymPhb-ibnC6b VfPpkd-rymPhb-ibnC6b-OWXEXe-SfQLQb-Woal0c-RWgCYc" jsaction=" keydown:RDtNu; keyup:JdS61c; click:o6ZaF; mousedown:teoBgf; mouseup:NZPHBc; mouseleave:xq3APb; touchstart:jJiBRc; touchmove:kZeBdd; touchend:VfAz8;focusin:MeMJlc; focusout:bkTmIf;mouseenter:SKyDAe; change:uOgbud;" role="option" aria-selected="false" tabindex="-1" data-value="ru"><span class="VfPpkd-rymPhb-pZXsl"></span><span class="VfPpkd-rymPhb-Zmlebc-LhBDec"></span><span class="VfPpkd-rymPhb-Gtdoyb"><span class="VfPpkd-rymPhb-fpDzbe-fmcmS" jsname="K4r5Ff">Русский</span></span></li><li class="MCs1Pd HiC7Nc VfPpkd-OkbHre VfPpkd-aJasdd-RWgCYc-wQNmvb VfPpkd-rymPhb-ibnC6b VfPpkd-rymPhb-ibnC6b-OWXEXe-SfQLQb-Woal0c-RWgCYc" jsaction=" keydown:RDtNu; keyup:JdS61c; click:o6ZaF; mousedown:teoBgf; mouseup:NZPHBc; mouseleave:xq3APb; touchstart:jJiBRc; touchmove:kZeBdd; touchend:VfAz8;focusin:MeMJlc; focusout:bkTmIf;mouseenter:SKyDAe; change:uOgbud;" role="option" aria-selected="false" tabindex="-1" data-value="sr-Cyrl"><span class="VfPpkd-rymPhb-pZXsl"></span><span class="VfPpkd-rymPhb-Zmlebc-LhBDec"></span><span class="VfPpkd-rymPhb-Gtdoyb"><span class="VfPpkd-rymPhb-fpDzbe-fmcmS" jsname="K4r5Ff">српски (ћирилица)</span></span></li><li class="MCs1Pd HiC7Nc VfPpkd-OkbHre VfPpkd-aJasdd-RWgCYc-wQNmvb VfPpkd-rymPhb-ibnC6b VfPpkd-rymPhb-ibnC6b-OWXEXe-SfQLQb-Woal0c-RWgCYc" jsaction=" keydown:RDtNu; keyup:JdS61c; click:o6ZaF; mousedown:teoBgf; mouseup:NZPHBc; mouseleave:xq3APb; touchstart:jJiBRc; touchmove:kZeBdd; touchend:VfAz8;focusin:MeMJlc; focusout:bkTmIf;mouseenter:SKyDAe; change:uOgbud;" role="option" aria-selected="false" tabindex="-1" data-value="uk"><span class="VfPpkd-rymPhb-pZXsl"></span><span class="VfPpkd-rymPhb-Zmlebc-LhBDec"></span><span class="VfPpkd-rymPhb-Gtdoyb"><span class="VfPpkd-rymPhb-fpDzbe-fmcmS" jsname="K4r5Ff">Українська</span></span></li><li class="MCs1Pd HiC7Nc VfPpkd-OkbHre VfPpkd-aJasdd-RWgCYc-wQNmvb VfPpkd-rymPhb-ibnC6b VfPpkd-rymPhb-ibnC6b-OWXEXe-SfQLQb-Woal0c-RWgCYc" jsaction=" keydown:RDtNu; keyup:JdS61c; click:o6ZaF; mousedown:teoBgf; mouseup:NZPHBc; mouseleave:xq3APb; touchstart:jJiBRc; touchmove:kZeBdd; touchend:VfAz8;focusin:MeMJlc; focusout:bkTmIf;mouseenter:SKyDAe; change:uOgbud;" role="option" aria-selected="false" tabindex="-1" data-value="ka"><span class="VfPpkd-rymPhb-pZXsl"></span><span class="VfPpkd-rymPhb-Zmlebc-LhBDec"></span><span class="VfPpkd-rymPhb-Gtdoyb"><span class="VfPpkd-rymPhb-fpDzbe-fmcmS" jsname="K4r5Ff">ქართული</span></span></li><li class="MCs1Pd HiC7Nc VfPpkd-OkbHre VfPpkd-aJasdd-RWgCYc-wQNmvb VfPpkd-rymPhb-ibnC6b VfPpkd-rymPhb-ibnC6b-OWXEXe-SfQLQb-Woal0c-RWgCYc" jsaction=" keydown:RDtNu; keyup:JdS61c; click:o6ZaF; mousedown:teoBgf; mouseup:NZPHBc; mouseleave:xq3APb; touchstart:jJiBRc; touchmove:kZeBdd; touchend:VfAz8;focusin:MeMJlc; focusout:bkTmIf;mouseenter:SKyDAe; change:uOgbud;" role="option" aria-selected="false" tabindex="-1" data-value="hy"><span class="VfPpkd-rymPhb-pZXsl"></span><span class="VfPpkd-rymPhb-Zmlebc-LhBDec"></span><span class="VfPpkd-rymPhb-Gtdoyb"><span class="VfPpkd-rymPhb-fpDzbe-fmcmS" jsname="K4r5Ff">հայերեն</span></span></li><li class="MCs1Pd HiC7Nc VfPpkd-OkbHre VfPpkd-aJasdd-RWgCYc-wQNmvb VfPpkd-rymPhb-ibnC6b VfPpkd-rymPhb-ibnC6b-OWXEXe-SfQLQb-Woal0c-RWgCYc" jsaction=" keydown:RDtNu; keyup:JdS61c; click:o6ZaF; mousedown:teoBgf; mouseup:NZPHBc; mouseleave:xq3APb; touchstart:jJiBRc; touchmove:kZeBdd; touchend:VfAz8;focusin:MeMJlc; focusout:bkTmIf;mouseenter:SKyDAe; change:uOgbud;" role="option" aria-selected="false" tabindex="-1" data-value="iw"><span class="VfPpkd-rymPhb-pZXsl"></span><span class="VfPpkd-rymPhb-Zmlebc-LhBDec"></span><span class="VfPpkd-rymPhb-Gtdoyb"><span class="VfPpkd-rymPhb-fpDzbe-fmcmS" jsname="K4r5Ff">‫עברית‬‎</span></span></li><li class="MCs1Pd HiC7Nc VfPpkd-OkbHre VfPpkd-aJasdd-RWgCYc-wQNmvb VfPpkd-rymPhb-ibnC6b VfPpkd-rymPhb-ibnC6b-OWXEXe-SfQLQb-Woal0c-RWgCYc" jsaction=" keydown:RDtNu; keyup:JdS61c; click:o6ZaF; mousedown:teoBgf; mouseup:NZPHBc; mouseleave:xq3APb; touchstart:jJiBRc; touchmove:kZeBdd; touchend:VfAz8;focusin:MeMJlc; focusout:bkTmIf;mouseenter:SKyDAe; change:uOgbud;" role="option" aria-selected="false" tabindex="-1" data-value="ur"><span class="VfPpkd-rymPhb-pZXsl"></span><span class="VfPpkd-rymPhb-Zmlebc-LhBDec"></span><span class="VfPpkd-rymPhb-Gtdoyb"><span class="VfPpkd-rymPhb-fpDzbe-fmcmS" jsname="K4r5Ff">‫اردو‬‎</span></span></li><li class="MCs1Pd HiC7Nc VfPpkd-OkbHre VfPpkd-aJasdd-RWgCYc-wQNmvb VfPpkd-rymPhb-ibnC6b VfPpkd-rymPhb-ibnC6b-OWXEXe-SfQLQb-Woal0c-RWgCYc" jsaction=" keydown:RDtNu; keyup:JdS61c; click:o6ZaF; mousedown:teoBgf; mouseup:NZPHBc; mouseleave:xq3APb; touchstart:jJiBRc; touchmove:kZeBdd; touchend:VfAz8;focusin:MeMJlc; focusout:bkTmIf;mouseenter:SKyDAe; change:uOgbud;" role="option" aria-selected="false" tabindex="-1" data-value="ar"><span class="VfPpkd-rymPhb-pZXsl"></span><span class="VfPpkd-rymPhb-Zmlebc-LhBDec"></span><span class="VfPpkd-rymPhb-Gtdoyb"><span class="VfPpkd-rymPhb-fpDzbe-fmcmS" jsname="K4r5Ff">‫العربية‬‎</span></span></li><li class="MCs1Pd HiC7Nc VfPpkd-OkbHre VfPpkd-aJasdd-RWgCYc-wQNmvb VfPpkd-rymPhb-ibnC6b VfPpkd-rymPhb-ibnC6b-OWXEXe-SfQLQb-Woal0c-RWgCYc" jsaction=" keydown:RDtNu; keyup:JdS61c; click:o6ZaF; mousedown:teoBgf; mouseup:NZPHBc; mouseleave:xq3APb; touchstart:jJiBRc; touchmove:kZeBdd; touchend:VfAz8;focusin:MeMJlc; focusout:bkTmIf;mouseenter:SKyDAe; change:uOgbud;" role="option" aria-selected="false" tabindex="-1" data-value="fa"><span class="VfPpkd-rymPhb-pZXsl"></span><span class="VfPpkd-rymPhb-Zmlebc-LhBDec"></span><span class="VfPpkd-rymPhb-Gtdoyb"><span class="VfPpkd-rymPhb-fpDzbe-fmcmS" jsname="K4r5Ff">‫فارسی‬‎</span></span></li><li class="MCs1Pd HiC7Nc VfPpkd-OkbHre VfPpkd-aJasdd-RWgCYc-wQNmvb VfPpkd-rymPhb-ibnC6b VfPpkd-rymPhb-ibnC6b-OWXEXe-SfQLQb-Woal0c-RWgCYc" jsaction=" keydown:RDtNu; keyup:JdS61c; click:o6ZaF; mousedown:teoBgf; mouseup:NZPHBc; mouseleave:xq3APb; touchstart:jJiBRc; touchmove:kZeBdd; touchend:VfAz8;focusin:MeMJlc; focusout:bkTmIf;mouseenter:SKyDAe; change:uOgbud;" role="option" aria-selected="false" tabindex="-1" data-value="am"><span class="VfPpkd-rymPhb-pZXsl"></span><span class="VfPpkd-rymPhb-Zmlebc-LhBDec"></span><span class="VfPpkd-rymPhb-Gtdoyb"><span class="VfPpkd-rymPhb-fpDzbe-fmcmS" jsname="K4r5Ff">አማርኛ</span></span></li><li class="MCs1Pd HiC7Nc VfPpkd-OkbHre VfPpkd-aJasdd-RWgCYc-wQNmvb VfPpkd-rymPhb-ibnC6b VfPpkd-rymPhb-ibnC6b-OWXEXe-SfQLQb-Woal0c-RWgCYc" jsaction=" keydown:RDtNu; keyup:JdS61c; click:o6ZaF; mousedown:teoBgf; mouseup:NZPHBc; mouseleave:xq3APb; touchstart:jJiBRc; touchmove:kZeBdd; touchend:VfAz8;focusin:MeMJlc; focusout:bkTmIf;mouseenter:SKyDAe; change:uOgbud;" role="option" aria-selected="false" tabindex="-1" data-value="ne"><span class="VfPpkd-rymPhb-pZXsl"></span><span class="VfPpkd-rymPhb-Zmlebc-LhBDec"></span><span class="VfPpkd-rymPhb-Gtdoyb"><span class="VfPpkd-rymPhb-fpDzbe-fmcmS" jsname="K4r5Ff">नेपाली</span></span></li><li class="MCs1Pd HiC7Nc VfPpkd-OkbHre VfPpkd-aJasdd-RWgCYc-wQNmvb VfPpkd-rymPhb-ibnC6b VfPpkd-rymPhb-ibnC6b-OWXEXe-SfQLQb-Woal0c-RWgCYc" jsaction=" keydown:RDtNu; keyup:JdS61c; click:o6ZaF; mousedown:teoBgf; mouseup:NZPHBc; mouseleave:xq3APb; touchstart:jJiBRc; touchmove:kZeBdd; touchend:VfAz8;focusin:MeMJlc; focusout:bkTmIf;mouseenter:SKyDAe; change:uOgbud;" role="option" aria-selected="false" tabindex="-1" data-value="mr"><span class="VfPpkd-rymPhb-pZXsl"></span><span class="VfPpkd-rymPhb-Zmlebc-LhBDec"></span><span class="VfPpkd-rymPhb-Gtdoyb"><span class="VfPpkd-rymPhb-fpDzbe-fmcmS" jsname="K4r5Ff">मराठी</span></span></li><li class="MCs1Pd HiC7Nc VfPpkd-OkbHre VfPpkd-aJasdd-RWgCYc-wQNmvb VfPpkd-rymPhb-ibnC6b VfPpkd-rymPhb-ibnC6b-OWXEXe-SfQLQb-Woal0c-RWgCYc" jsaction=" keydown:RDtNu; keyup:JdS61c; click:o6ZaF; mousedown:teoBgf; mouseup:NZPHBc; mouseleave:xq3APb; touchstart:jJiBRc; touchmove:kZeBdd; touchend:VfAz8;focusin:MeMJlc; focusout:bkTmIf;mouseenter:SKyDAe; change:uOgbud;" role="option" aria-selected="false" tabindex="-1" data-value="hi"><span class="VfPpkd-rymPhb-pZXsl"></span><span class="VfPpkd-rymPhb-Zmlebc-LhBDec"></span><span class="VfPpkd-rymPhb-Gtdoyb"><span class="VfPpkd-rymPhb-fpDzbe-fmcmS" jsname="K4r5Ff">हिन्दी</span></span></li><li class="MCs1Pd HiC7Nc VfPpkd-OkbHre VfPpkd-aJasdd-RWgCYc-wQNmvb VfPpkd-rymPhb-ibnC6b VfPpkd-rymPhb-ibnC6b-OWXEXe-SfQLQb-Woal0c-RWgCYc" jsaction=" keydown:RDtNu; keyup:JdS61c; click:o6ZaF; mousedown:teoBgf; mouseup:NZPHBc; mouseleave:xq3APb; touchstart:jJiBRc; touchmove:kZeBdd; touchend:VfAz8;focusin:MeMJlc; focusout:bkTmIf;mouseenter:SKyDAe; change:uOgbud;" role="option" aria-selected="false" tabindex="-1" data-value="as"><span class="VfPpkd-rymPhb-pZXsl"></span><span class="VfPpkd-rymPhb-Zmlebc-LhBDec"></span><span class="VfPpkd-rymPhb-Gtdoyb"><span class="VfPpkd-rymPhb-fpDzbe-fmcmS" jsname="K4r5Ff">অসমীয়া</span></span></li><li class="MCs1Pd HiC7Nc VfPpkd-OkbHre VfPpkd-aJasdd-RWgCYc-wQNmvb VfPpkd-rymPhb-ibnC6b VfPpkd-rymPhb-ibnC6b-OWXEXe-SfQLQb-Woal0c-RWgCYc" jsaction=" keydown:RDtNu; keyup:JdS61c; click:o6ZaF; mousedown:teoBgf; mouseup:NZPHBc; mouseleave:xq3APb; touchstart:jJiBRc; touchmove:kZeBdd; touchend:VfAz8;focusin:MeMJlc; focusout:bkTmIf;mouseenter:SKyDAe; change:uOgbud;" role="option" aria-selected="false" tabindex="-1" data-value="bn"><span class="VfPpkd-rymPhb-pZXsl"></span><span class="VfPpkd-rymPhb-Zmlebc-LhBDec"></span><span class="VfPpkd-rymPhb-Gtdoyb"><span class="VfPpkd-rymPhb-fpDzbe-fmcmS" jsname="K4r5Ff">বাংলা</span></span></li><li class="MCs1Pd HiC7Nc VfPpkd-OkbHre VfPpkd-aJasdd-RWgCYc-wQNmvb VfPpkd-rymPhb-ibnC6b VfPpkd-rymPhb-ibnC6b-OWXEXe-SfQLQb-Woal0c-RWgCYc" jsaction=" keydown:RDtNu; keyup:JdS61c; click:o6ZaF; mousedown:teoBgf; mouseup:NZPHBc; mouseleave:xq3APb; touchstart:jJiBRc; touchmove:kZeBdd; touchend:VfAz8;focusin:MeMJlc; focusout:bkTmIf;mouseenter:SKyDAe; change:uOgbud;" role="option" aria-selected="false" tabindex="-1" data-value="pa"><span class="VfPpkd-rymPhb-pZXsl"></span><span class="VfPpkd-rymPhb-Zmlebc-LhBDec"></span><span class="VfPpkd-rymPhb-Gtdoyb"><span class="VfPpkd-rymPhb-fpDzbe-fmcmS" jsname="K4r5Ff">ਪੰਜਾਬੀ</span></span></li><li class="MCs1Pd HiC7Nc VfPpkd-OkbHre VfPpkd-aJasdd-RWgCYc-wQNmvb VfPpkd-rymPhb-ibnC6b VfPpkd-rymPhb-ibnC6b-OWXEXe-SfQLQb-Woal0c-RWgCYc" jsaction=" keydown:RDtNu; keyup:JdS61c; click:o6ZaF; mousedown:teoBgf; mouseup:NZPHBc; mouseleave:xq3APb; touchstart:jJiBRc; touchmove:kZeBdd; touchend:VfAz8;focusin:MeMJlc; focusout:bkTmIf;mouseenter:SKyDAe; change:uOgbud;" role="option" aria-selected="false" tabindex="-1" data-value="gu"><span class="VfPpkd-rymPhb-pZXsl"></span><span class="VfPpkd-rymPhb-Zmlebc-LhBDec"></span><span class="VfPpkd-rymPhb-Gtdoyb"><span class="VfPpkd-rymPhb-fpDzbe-fmcmS" jsname="K4r5Ff">ગુજરાતી</span></span></li><li class="MCs1Pd HiC7Nc VfPpkd-OkbHre VfPpkd-aJasdd-RWgCYc-wQNmvb VfPpkd-rymPhb-ibnC6b VfPpkd-rymPhb-ibnC6b-OWXEXe-SfQLQb-Woal0c-RWgCYc" jsaction=" keydown:RDtNu; keyup:JdS61c; click:o6ZaF; mousedown:teoBgf; mouseup:NZPHBc; mouseleave:xq3APb; touchstart:jJiBRc; touchmove:kZeBdd; touchend:VfAz8;focusin:MeMJlc; focusout:bkTmIf;mouseenter:SKyDAe; change:uOgbud;" role="option" aria-selected="false" tabindex="-1" data-value="or"><span class="VfPpkd-rymPhb-pZXsl"></span><span class="VfPpkd-rymPhb-Zmlebc-LhBDec"></span><span class="VfPpkd-rymPhb-Gtdoyb"><span class="VfPpkd-rymPhb-fpDzbe-fmcmS" jsname="K4r5Ff">ଓଡ଼ିଆ</span></span></li><li class="MCs1Pd HiC7Nc VfPpkd-OkbHre VfPpkd-aJasdd-RWgCYc-wQNmvb VfPpkd-rymPhb-ibnC6b VfPpkd-rymPhb-ibnC6b-OWXEXe-SfQLQb-Woal0c-RWgCYc" jsaction=" keydown:RDtNu; keyup:JdS61c; click:o6ZaF; mousedown:teoBgf; mouseup:NZPHBc; mouseleave:xq3APb; touchstart:jJiBRc; touchmove:kZeBdd; touchend:VfAz8;focusin:MeMJlc; focusout:bkTmIf;mouseenter:SKyDAe; change:uOgbud;" role="option" aria-selected="false" tabindex="-1" data-value="ta"><span class="VfPpkd-rymPhb-pZXsl"></span><span class="VfPpkd-rymPhb-Zmlebc-LhBDec"></span><span class="VfPpkd-rymPhb-Gtdoyb"><span class="VfPpkd-rymPhb-fpDzbe-fmcmS" jsname="K4r5Ff">தமிழ்</span></span></li><li class="MCs1Pd HiC7Nc VfPpkd-OkbHre VfPpkd-aJasdd-RWgCYc-wQNmvb VfPpkd-rymPhb-ibnC6b VfPpkd-rymPhb-ibnC6b-OWXEXe-SfQLQb-Woal0c-RWgCYc" jsaction=" keydown:RDtNu; keyup:JdS61c; click:o6ZaF; mousedown:teoBgf; mouseup:NZPHBc; mouseleave:xq3APb; touchstart:jJiBRc; touchmove:kZeBdd; touchend:VfAz8;focusin:MeMJlc; focusout:bkTmIf;mouseenter:SKyDAe; change:uOgbud;" role="option" aria-selected="false" tabindex="-1" data-value="te"><span class="VfPpkd-rymPhb-pZXsl"></span><span class="VfPpkd-rymPhb-Zmlebc-LhBDec"></span><span class="VfPpkd-rymPhb-Gtdoyb"><span class="VfPpkd-rymPhb-fpDzbe-fmcmS" jsname="K4r5Ff">తెలుగు</span></span></li><li class="MCs1Pd HiC7Nc VfPpkd-OkbHre VfPpkd-aJasdd-RWgCYc-wQNmvb VfPpkd-rymPhb-ibnC6b VfPpkd-rymPhb-ibnC6b-OWXEXe-SfQLQb-Woal0c-RWgCYc" jsaction=" keydown:RDtNu; keyup:JdS61c; click:o6ZaF; mousedown:teoBgf; mouseup:NZPHBc; mouseleave:xq3APb; touchstart:jJiBRc; touchmove:kZeBdd; touchend:VfAz8;focusin:MeMJlc; focusout:bkTmIf;mouseenter:SKyDAe; change:uOgbud;" role="option" aria-selected="false" tabindex="-1" data-value="kn"><span class="VfPpkd-rymPhb-pZXsl"></span><span class="VfPpkd-rymPhb-Zmlebc-LhBDec"></span><span class="VfPpkd-rymPhb-Gtdoyb"><span class="VfPpkd-rymPhb-fpDzbe-fmcmS" jsname="K4r5Ff">ಕನ್ನಡ</span></span></li><li class="MCs1Pd HiC7Nc VfPpkd-OkbHre VfPpkd-aJasdd-RWgCYc-wQNmvb VfPpkd-rymPhb-ibnC6b VfPpkd-rymPhb-ibnC6b-OWXEXe-SfQLQb-Woal0c-RWgCYc" jsaction=" keydown:RDtNu; keyup:JdS61c; click:o6ZaF; mousedown:teoBgf; mouseup:NZPHBc; mouseleave:xq3APb; touchstart:jJiBRc; touchmove:kZeBdd; touchend:VfAz8;focusin:MeMJlc; focusout:bkTmIf;mouseenter:SKyDAe; change:uOgbud;" role="option" aria-selected="false" tabindex="-1" data-value="ml"><span class="VfPpkd-rymPhb-pZXsl"></span><span class="VfPpkd-rymPhb-Zmlebc-LhBDec"></span><span class="VfPpkd-rymPhb-Gtdoyb"><span class="VfPpkd-rymPhb-fpDzbe-fmcmS" jsname="K4r5Ff">മലയാളം</span></span></li><li class="MCs1Pd HiC7Nc VfPpkd-OkbHre VfPpkd-aJasdd-RWgCYc-wQNmvb VfPpkd-rymPhb-ibnC6b VfPpkd-rymPhb-ibnC6b-OWXEXe-SfQLQb-Woal0c-RWgCYc" jsaction=" keydown:RDtNu; keyup:JdS61c; click:o6ZaF; mousedown:teoBgf; mouseup:NZPHBc; mouseleave:xq3APb; touchstart:jJiBRc; touchmove:kZeBdd; touchend:VfAz8;focusin:MeMJlc; focusout:bkTmIf;mouseenter:SKyDAe; change:uOgbud;" role="option" aria-selected="false" tabindex="-1" data-value="si"><span class="VfPpkd-rymPhb-pZXsl"></span><span class="VfPpkd-rymPhb-Zmlebc-LhBDec"></span><span class="VfPpkd-rymPhb-Gtdoyb"><span class="VfPpkd-rymPhb-fpDzbe-fmcmS" jsname="K4r5Ff">සිංහල</span></span></li><li class="MCs1Pd HiC7Nc VfPpkd-OkbHre VfPpkd-aJasdd-RWgCYc-wQNmvb VfPpkd-rymPhb-ibnC6b VfPpkd-rymPhb-ibnC6b-OWXEXe-SfQLQb-Woal0c-RWgCYc" jsaction=" keydown:RDtNu; keyup:JdS61c; click:o6ZaF; mousedown:teoBgf; mouseup:NZPHBc; mouseleave:xq3APb; touchstart:jJiBRc; touchmove:kZeBdd; touchend:VfAz8;focusin:MeMJlc; focusout:bkTmIf;mouseenter:SKyDAe; change:uOgbud;" role="option" aria-selected="false" tabindex="-1" data-value="th"><span class="VfPpkd-rymPhb-pZXsl"></span><span class="VfPpkd-rymPhb-Zmlebc-LhBDec"></span><span class="VfPpkd-rymPhb-Gtdoyb"><span class="VfPpkd-rymPhb-fpDzbe-fmcmS" jsname="K4r5Ff">ไทย</span></span></li><li class="MCs1Pd HiC7Nc VfPpkd-OkbHre VfPpkd-aJasdd-RWgCYc-wQNmvb VfPpkd-rymPhb-ibnC6b VfPpkd-rymPhb-ibnC6b-OWXEXe-SfQLQb-Woal0c-RWgCYc" jsaction=" keydown:RDtNu; keyup:JdS61c; click:o6ZaF; mousedown:teoBgf; mouseup:NZPHBc; mouseleave:xq3APb; touchstart:jJiBRc; touchmove:kZeBdd; touchend:VfAz8;focusin:MeMJlc; focusout:bkTmIf;mouseenter:SKyDAe; change:uOgbud;" role="option" aria-selected="false" tabindex="-1" data-value="lo"><span class="VfPpkd-rymPhb-pZXsl"></span><span class="VfPpkd-rymPhb-Zmlebc-LhBDec"></span><span class="VfPpkd-rymPhb-Gtdoyb"><span class="VfPpkd-rymPhb-fpDzbe-fmcmS" jsname="K4r5Ff">ລາວ</span></span></li><li class="MCs1Pd HiC7Nc VfPpkd-OkbHre VfPpkd-aJasdd-RWgCYc-wQNmvb VfPpkd-rymPhb-ibnC6b VfPpkd-rymPhb-ibnC6b-OWXEXe-SfQLQb-Woal0c-RWgCYc" jsaction=" keydown:RDtNu; keyup:JdS61c; click:o6ZaF; mousedown:teoBgf; mouseup:NZPHBc; mouseleave:xq3APb; touchstart:jJiBRc; touchmove:kZeBdd; touchend:VfAz8;focusin:MeMJlc; focusout:bkTmIf;mouseenter:SKyDAe; change:uOgbud;" role="option" aria-selected="false" tabindex="-1" data-value="my"><span class="VfPpkd-rymPhb-pZXsl"></span><span class="VfPpkd-rymPhb-Zmlebc-LhBDec"></span><span class="VfPpkd-rymPhb-Gtdoyb"><span class="VfPpkd-rymPhb-fpDzbe-fmcmS" jsname="K4r5Ff">မြန်မာ</span></span></li><li class="MCs1Pd HiC7Nc VfPpkd-OkbHre VfPpkd-aJasdd-RWgCYc-wQNmvb VfPpkd-rymPhb-ibnC6b VfPpkd-rymPhb-ibnC6b-OWXEXe-SfQLQb-Woal0c-RWgCYc" jsaction=" keydown:RDtNu; keyup:JdS61c; click:o6ZaF; mousedown:teoBgf; mouseup:NZPHBc; mouseleave:xq3APb; touchstart:jJiBRc; touchmove:kZeBdd; touchend:VfAz8;focusin:MeMJlc; focusout:bkTmIf;mouseenter:SKyDAe; change:uOgbud;" role="option" aria-selected="false" tabindex="-1" data-value="km"><span class="VfPpkd-rymPhb-pZXsl"></span><span class="VfPpkd-rymPhb-Zmlebc-LhBDec"></span><span class="VfPpkd-rymPhb-Gtdoyb"><span class="VfPpkd-rymPhb-fpDzbe-fmcmS" jsname="K4r5Ff">ខ្មែរ</span></span></li><li class="MCs1Pd HiC7Nc VfPpkd-OkbHre VfPpkd-aJasdd-RWgCYc-wQNmvb VfPpkd-rymPhb-ibnC6b VfPpkd-rymPhb-ibnC6b-OWXEXe-SfQLQb-Woal0c-RWgCYc" jsaction=" keydown:RDtNu; keyup:JdS61c; click:o6ZaF; mousedown:teoBgf; mouseup:NZPHBc; mouseleave:xq3APb; touchstart:jJiBRc; touchmove:kZeBdd; touchend:VfAz8;focusin:MeMJlc; focusout:bkTmIf;mouseenter:SKyDAe; change:uOgbud;" role="option" aria-selected="false" tabindex="-1" data-value="ko"><span class="VfPpkd-rymPhb-pZXsl"></span><span class="VfPpkd-rymPhb-Zmlebc-LhBDec"></span><span class="VfPpkd-rymPhb-Gtdoyb"><span class="VfPpkd-rymPhb-fpDzbe-fmcmS" jsname="K4r5Ff">한국어</span></span></li><li class="MCs1Pd HiC7Nc VfPpkd-OkbHre VfPpkd-aJasdd-RWgCYc-wQNmvb VfPpkd-rymPhb-ibnC6b VfPpkd-rymPhb-ibnC6b-OWXEXe-SfQLQb-Woal0c-RWgCYc" jsaction=" keydown:RDtNu; keyup:JdS61c; click:o6ZaF; mousedown:teoBgf; mouseup:NZPHBc; mouseleave:xq3APb; touchstart:jJiBRc; touchmove:kZeBdd; touchend:VfAz8;focusin:MeMJlc; focusout:bkTmIf;mouseenter:SKyDAe; change:uOgbud;" role="option" aria-selected="false" tabindex="-1" data-value="zh-HK"><span class="VfPpkd-rymPhb-pZXsl"></span><span class="VfPpkd-rymPhb-Zmlebc-LhBDec"></span><span class="VfPpkd-rymPhb-Gtdoyb"><span class="VfPpkd-rymPhb-fpDzbe-fmcmS" jsname="K4r5Ff">中文（香港）</span></span></li><li class="MCs1Pd HiC7Nc VfPpkd-OkbHre VfPpkd-aJasdd-RWgCYc-wQNmvb VfPpkd-rymPhb-ibnC6b VfPpkd-rymPhb-ibnC6b-OWXEXe-SfQLQb-Woal0c-RWgCYc" jsaction=" keydown:RDtNu; keyup:JdS61c; click:o6ZaF; mousedown:teoBgf; mouseup:NZPHBc; mouseleave:xq3APb; touchstart:jJiBRc; touchmove:kZeBdd; touchend:VfAz8;focusin:MeMJlc; focusout:bkTmIf;mouseenter:SKyDAe; change:uOgbud;" role="option" aria-selected="false" tabindex="-1" data-value="ja"><span class="VfPpkd-rymPhb-pZXsl"></span><span class="VfPpkd-rymPhb-Zmlebc-LhBDec"></span><span class="VfPpkd-rymPhb-Gtdoyb"><span class="VfPpkd-rymPhb-fpDzbe-fmcmS" jsname="K4r5Ff">日本語</span></span></li><li class="MCs1Pd HiC7Nc VfPpkd-OkbHre VfPpkd-aJasdd-RWgCYc-wQNmvb VfPpkd-rymPhb-ibnC6b VfPpkd-rymPhb-ibnC6b-OWXEXe-SfQLQb-Woal0c-RWgCYc" jsaction=" keydown:RDtNu; keyup:JdS61c; click:o6ZaF; mousedown:teoBgf; mouseup:NZPHBc; mouseleave:xq3APb; touchstart:jJiBRc; touchmove:kZeBdd; touchend:VfAz8;focusin:MeMJlc; focusout:bkTmIf;mouseenter:SKyDAe; change:uOgbud;" role="option" aria-selected="false" tabindex="-1" data-value="zh-CN"><span class="VfPpkd-rymPhb-pZXsl"></span><span class="VfPpkd-rymPhb-Zmlebc-LhBDec"></span><span class="VfPpkd-rymPhb-Gtdoyb"><span class="VfPpkd-rymPhb-fpDzbe-fmcmS" jsname="K4r5Ff">简体中文</span></span></li><li class="MCs1Pd HiC7Nc VfPpkd-OkbHre VfPpkd-aJasdd-RWgCYc-wQNmvb VfPpkd-rymPhb-ibnC6b VfPpkd-rymPhb-ibnC6b-OWXEXe-SfQLQb-Woal0c-RWgCYc" jsaction=" keydown:RDtNu; keyup:JdS61c; click:o6ZaF; mousedown:teoBgf; mouseup:NZPHBc; mouseleave:xq3APb; touchstart:jJiBRc; touchmove:kZeBdd; touchend:VfAz8;focusin:MeMJlc; focusout:bkTmIf;mouseenter:SKyDAe; change:uOgbud;" role="option" aria-selected="false" tabindex="-1" data-value="zh-TW"><span class="VfPpkd-rymPhb-pZXsl"></span><span class="VfPpkd-rymPhb-Zmlebc-LhBDec"></span><span class="VfPpkd-rymPhb-Gtdoyb"><span class="VfPpkd-rymPhb-fpDzbe-fmcmS" jsname="K4r5Ff">繁體中文</span></span></li></ul></div></div></div></div><ul class="HwzH1e"><li class="qKvP1b"><a class="AVAq4d TrZEUc" href="https://support.google.com/accounts?hl=en-US&amp;p=account_iph" target="_blank">Help</a></li><li class="qKvP1b"><a class="AVAq4d TrZEUc" href="https://accounts.google.com/TOS?loc=IN&amp;hl=en-US&amp;privacy=true" target="_blank">Privacy</a></li><li class="qKvP1b"><a class="AVAq4d TrZEUc" href="https://accounts.google.com/TOS?loc=IN&amp;hl=en-US" target="_blank">Terms</a></li></ul></footer><c-data id="i1" jsdata=" OsjLy;_;1"></c-data></c-wiz><script aria-hidden="true" nonce="">window.wiz_progress&&window.wiz_progress();window.wiz_tick&&window.wiz_tick('ZdRp7e');</script></div></div><iframe height="0" width="0" tabindex="-1" sandbox="allow-same-origin allow-scripts allow-forms allow-popups allow-popups-to-escape-sandbox allow-storage-access-by-user-activation" src="https://accounts.youtube.com/accounts/CheckConnection?pmpo=https%3A%2F%2Faccounts.google.com&amp;v=-909018216&amp;timestamp=1752988130415" style="position: absolute; left: 0px; top: 0px; z-index: -1;"></iframe><iframe src="/_/bscframe" style="display: none;"></iframe></body></html>
Navigating to youtube page
Navigating back to youtube page
Navigating forward to youtube page
Navigating to refresh youtube page
page title:  Facebook – log in or sign up
current window id - 919A390BF6391F3ABA5DDF561D5CB8C7
total window id's [919A390BF6391F3ABA5DDF561D5CB8C7]

********************* After opening the insta page ********************************
page title: Facebook – log in or sign up
current window id - 919A390BF6391F3ABA5DDF561D5CB8C7
total window id's [919A390BF6391F3ABA5DDF561D5CB8C7, C5E5A5A9766AB757592D849730400313]

********************* After switching to the insta page ********************************
page title: 
current window id - C5E5A5A9766AB757592D849730400313
total window id's [919A390BF6391F3ABA5DDF561D5CB8C7, C5E5A5A9766AB757592D849730400313]

********************* After switching to the fb page ********************************
page title: Instagram
current window id - C5E5A5A9766AB757592D849730400313
total window id's [919A390BF6391F3ABA5DDF561D5CB8C7, C5E5A5A9766AB757592D849730400313]]]>
  </system-out>
</testsuite> <!-- ipltesting.TestRelatedExample -->
