<?xml version="1.0" encoding="UTF-8"?>
<!-- Generated by org.testng.reporters.JUnitReportReporter -->
<testsuite hostname="DESKTOP-6RSBDQK" failures="0" tests="2" name="api_testing.RequestBuilder" time="5.942" errors="0" timestamp="2025-06-02T12:19:15 IST" skipped="0">
  <testcase classname="api_testing.RequestBuilder" name="validate_response_body" time="4.539"/>
  <testcase classname="api_testing.RequestBuilder" name="validate_status_code" time="1.403"/>
</testsuite> <!-- api_testing.RequestBuilder -->
