<?xml version="1.0" encoding="UTF-8"?>
<!-- Generated by org.testng.reporters.JUnitReportReporter -->
<testsuite hostname="DESKTOP-6RSBDQK" failures="0" tests="1" name="ipltesting.AlertExample" time="17.262" errors="0" timestamp="2025-07-22T18:52:06 IST" skipped="0">
  <testcase classname="ipltesting.AlertExample" name="alertDemo" time="17.262"/>
</testsuite> <!-- ipltesting.AlertExample -->
