<?xml version="1.0" encoding="UTF-8"?>
<!-- Generated by org.testng.reporters.JUnitReportReporter -->
<testsuite hostname="DESKTOP-6RSBDQK" failures="0" tests="1" name="test.RediffValidation" time="3.112" errors="0" timestamp="2024-12-07T17:18:12 IST" skipped="0">
  <testcase classname="test.RediffValidation" name="Redfflogin" time="3.112">
    <system-out>
      <![CDATA[Username = chiragpatel@infosystechnologies.com
Password = SoftwareTestingHead
button name = Sign in]]>
    </system-out>
  </testcase> <!-- Redfflogin -->
  <system-out>
    <![CDATA[Username = chiragpatel@infosystechnologies.com
Password = SoftwareTestingHead
button name = Sign in]]>
  </system-out>
</testsuite> <!-- test.RediffValidation -->
