<?xml version="1.0" encoding="UTF-8"?>
<!-- Generated by org.testng.reporters.JUnitReportReporter -->
<testsuite hostname="DESKTOP-6RSBDQK" failures="0" tests="1" name="ipltesting.LocatorExample" time="23.566" errors="0" timestamp="2025-07-20T09:31:04 IST" skipped="0">
  <testcase classname="ipltesting.LocatorExample" name="locator" time="23.566"/>
</testsuite> <!-- ipltesting.LocatorExample -->
