<?xml version="1.0" encoding="UTF-8"?>
<!-- Generated by org.testng.reporters.JUnitReportReporter -->
<testsuite hostname="DESKTOP-6RSBDQK" failures="0" tests="1" name="ipltesting.Rollsroyce" time="32.491" errors="0" timestamp="2025-07-20T13:51:18 IST" skipped="0">
  <testcase classname="ipltesting.Rollsroyce" name="mediaNavigation" time="32.491"/>
</testsuite> <!-- ipltesting.Rollsroyce -->
