<?xml version="1.0" encoding="UTF-8"?>
<!-- Generated by org.testng.reporters.JUnitReportReporter -->
<testsuite hostname="DESKTOP-6RSBDQK" failures="0" tests="1" name="Live_testcases.StaleElement_Exp" time="5.055" errors="1" timestamp="2025-07-20T12:11:47 IST" skipped="0">
  <testcase classname="Live_testcases.StaleElement_Exp" name="waitExample" time="5.055">
    <error message="no such element: Unable to locate element: {&quot;method&quot;:&quot;xpath&quot;,&quot;selector&quot;:&quot;//h3[contains(text(),&#039;Google AI&#039;)]&quot;}
  (Session info: chrome=138.0.7204.157)
For documentation on this error, please visit: https://www.selenium.dev/documentation/webdriver/troubleshooting/errors#no-such-element-exception
Build info: version: &#039;4.34.0&#039;, revision: &#039;707dcb4246*&#039;
System info: os.name: &#039;Windows 11&#039;, os.arch: &#039;amd64&#039;, os.version: &#039;10.0&#039;, java.version: &#039;21.0.4&#039;
Driver info: org.openqa.selenium.chrome.ChromeDriver
Command: [ef5eeab9d7ac5556a3f0185db85ed520, findElement {value=//h3[contains(text(),&#039;Google AI&#039;)], using=xpath}]
Capabilities {acceptInsecureCerts: false, browserName: chrome, browserVersion: 138.0.7204.157, chrome: {chromedriverVersion: 138.0.7204.157 (e533e98b126..., userDataDir: C:\Users\DELLEN~1\AppData\L...}, fedcm:accounts: true, goog:chromeOptions: {debuggerAddress: localhost:59343}, networkConnectionEnabled: false, pageLoadStrategy: normal, platformName: windows, proxy: Proxy(), se:cdp: ws://localhost:59343/devtoo..., se:cdpVersion: 138.0.7204.157, setWindowRect: true, strictFileInteractability: false, timeouts: {implicit: 0, pageLoad: 300000, script: 30000}, unhandledPromptBehavior: dismiss and notify, webauthn:extension:credBlob: true, webauthn:extension:largeBlob: true, webauthn:extension:minPinLength: true, webauthn:extension:prf: true, webauthn:virtualAuthenticators: true}
Session ID: ef5eeab9d7ac5556a3f0185db85ed520" type="org.openqa.selenium.NoSuchElementException">
      <![CDATA[org.openqa.selenium.NoSuchElementException: no such element: Unable to locate element: {"method":"xpath","selector":"//h3[contains(text(),'Google AI')]"}
  (Session info: chrome=138.0.7204.157)
For documentation on this error, please visit: https://www.selenium.dev/documentation/webdriver/troubleshooting/errors#no-such-element-exception
Build info: version: '4.34.0', revision: '707dcb4246*'
System info: os.name: 'Windows 11', os.arch: 'amd64', os.version: '10.0', java.version: '21.0.4'
Driver info: org.openqa.selenium.chrome.ChromeDriver
Command: [ef5eeab9d7ac5556a3f0185db85ed520, findElement {value=//h3[contains(text(),'Google AI')], using=xpath}]
Capabilities {acceptInsecureCerts: false, browserName: chrome, browserVersion: 138.0.7204.157, chrome: {chromedriverVersion: 138.0.7204.157 (e533e98b126..., userDataDir: C:\Users\DELLEN~1\AppData\L...}, fedcm:accounts: true, goog:chromeOptions: {debuggerAddress: localhost:59343}, networkConnectionEnabled: false, pageLoadStrategy: normal, platformName: windows, proxy: Proxy(), se:cdp: ws://localhost:59343/devtoo..., se:cdpVersion: 138.0.7204.157, setWindowRect: true, strictFileInteractability: false, timeouts: {implicit: 0, pageLoad: 300000, script: 30000}, unhandledPromptBehavior: dismiss and notify, webauthn:extension:credBlob: true, webauthn:extension:largeBlob: true, webauthn:extension:minPinLength: true, webauthn:extension:prf: true, webauthn:virtualAuthenticators: true}
Session ID: ef5eeab9d7ac5556a3f0185db85ed520
at java.base/jdk.internal.reflect.DirectConstructorHandleAccessor.newInstance(DirectConstructorHandleAccessor.java:62)
at java.base/java.lang.reflect.Constructor.newInstanceWithCaller(Constructor.java:502)
at java.base/java.lang.reflect.Constructor.newInstance(Constructor.java:486)
at org.openqa.selenium.remote.ErrorCodec.decode(ErrorCodec.java:167)
at org.openqa.selenium.remote.codec.w3c.W3CHttpResponseCodec.decode(W3CHttpResponseCodec.java:138)
at org.openqa.selenium.remote.codec.w3c.W3CHttpResponseCodec.decode(W3CHttpResponseCodec.java:50)
at org.openqa.selenium.remote.HttpCommandExecutor.execute(HttpCommandExecutor.java:215)
at org.openqa.selenium.remote.service.DriverCommandExecutor.invokeExecute(DriverCommandExecutor.java:216)
at org.openqa.selenium.remote.service.DriverCommandExecutor.execute(DriverCommandExecutor.java:174)
at org.openqa.selenium.remote.RemoteWebDriver.execute(RemoteWebDriver.java:544)
at org.openqa.selenium.remote.ElementLocation$ElementFinder$2.findElement(ElementLocation.java:165)
at org.openqa.selenium.remote.ElementLocation.findElement(ElementLocation.java:59)
at org.openqa.selenium.remote.RemoteWebDriver.findElement(RemoteWebDriver.java:367)
at org.openqa.selenium.remote.RemoteWebDriver.findElement(RemoteWebDriver.java:361)
at Live_testcases.StaleElement_Exp.waitExample(StaleElement_Exp.java:52)
at java.base/jdk.internal.reflect.DirectMethodHandleAccessor.invoke(DirectMethodHandleAccessor.java:103)
at java.base/java.lang.reflect.Method.invoke(Method.java:580)
at org.testng.internal.invokers.MethodInvocationHelper.invokeMethod(MethodInvocationHelper.java:141)
at org.testng.internal.invokers.TestInvoker.invokeMethod(TestInvoker.java:687)
at org.testng.internal.invokers.TestInvoker.invokeTestMethod(TestInvoker.java:230)
at org.testng.internal.invokers.MethodRunner.runInSequence(MethodRunner.java:63)
at org.testng.internal.invokers.TestInvoker$MethodInvocationAgent.invoke(TestInvoker.java:995)
at org.testng.internal.invokers.TestInvoker.invokeTestMethods(TestInvoker.java:203)
at org.testng.internal.invokers.TestMethodWorker.invokeTestMethods(TestMethodWorker.java:154)
at org.testng.internal.invokers.TestMethodWorker.run(TestMethodWorker.java:134)
at java.base/java.util.ArrayList.forEach(ArrayList.java:1596)
at org.testng.TestRunner.privateRun(TestRunner.java:741)
at org.testng.TestRunner.run(TestRunner.java:616)
at org.testng.SuiteRunner.runTest(SuiteRunner.java:421)
at org.testng.SuiteRunner.runSequentially(SuiteRunner.java:413)
at org.testng.SuiteRunner.privateRun(SuiteRunner.java:373)
at org.testng.SuiteRunner.run(SuiteRunner.java:312)
at org.testng.SuiteRunnerWorker.runSuite(SuiteRunnerWorker.java:52)
at org.testng.SuiteRunnerWorker.run(SuiteRunnerWorker.java:95)
at org.testng.TestNG.runSuitesSequentially(TestNG.java:1274)
at org.testng.TestNG.runSuitesLocally(TestNG.java:1208)
at org.testng.TestNG.runSuites(TestNG.java:1112)
at org.testng.TestNG.run(TestNG.java:1079)
at org.testng.remote.AbstractRemoteTestNG.run(AbstractRemoteTestNG.java:115)
at org.testng.remote.RemoteTestNG.initAndRun(RemoteTestNG.java:293)
at org.testng.remote.RemoteTestNG.main(RemoteTestNG.java:91)
]]>
    </error>
  </testcase> <!-- waitExample -->
  <system-out>
    <![CDATA[Username = chiragpatel@infosystechnologies.com
Password = SoftwareTestingHead
button name = Log In
Username =1
Passowrd =chnirag
Username =2
Passowrd =patel
Text: Andorra - Link: https://www.facebook.com/biz/directory/AD/
Text: United Arab Emirates - Link: https://www.facebook.com/biz/directory/AE/
Text: Afghanistan - Link: https://www.facebook.com/biz/directory/AF/
Text: Antigua - Link: https://www.facebook.com/biz/directory/AG/
Text: Anguilla - Link: https://www.facebook.com/biz/directory/AI/
Text: Albania - Link: https://www.facebook.com/biz/directory/AL/
Text: Armenia - Link: https://www.facebook.com/biz/directory/AM/
Text: Angola - Link: https://www.facebook.com/biz/directory/AO/
Text: Argentina - Link: https://www.facebook.com/biz/directory/AR/
Text: Austria - Link: https://www.facebook.com/biz/directory/AT/
Text: Australia - Link: https://www.facebook.com/biz/directory/AU/
Text: Aruba - Link: https://www.facebook.com/biz/directory/AW/
Text: Azerbaijan - Link: https://www.facebook.com/biz/directory/AZ/
Text: Bosnia and Herzegovina - Link: https://www.facebook.com/biz/directory/BA/
Text: Barbados - Link: https://www.facebook.com/biz/directory/BB/
Text: Bangladesh - Link: https://www.facebook.com/biz/directory/BD/
Text: Belgium - Link: https://www.facebook.com/biz/directory/BE/
Text: Burkina Faso - Link: https://www.facebook.com/biz/directory/BF/
Text: Bulgaria - Link: https://www.facebook.com/biz/directory/BG/
Text: Bahrain - Link: https://www.facebook.com/biz/directory/BH/
Text: Burundi - Link: https://www.facebook.com/biz/directory/BI/
Text: Benin - Link: https://www.facebook.com/biz/directory/BJ/
Text: Bermuda - Link: https://www.facebook.com/biz/directory/BM/
Text: Brunei - Link: https://www.facebook.com/biz/directory/BN/
Text: Bolivia - Link: https://www.facebook.com/biz/directory/BO/
Text: Bonaire, Saint Eustatius and Saba - Link: https://www.facebook.com/biz/directory/BQ/
Text: Brazil - Link: https://www.facebook.com/biz/directory/BR/
Text: The Bahamas - Link: https://www.facebook.com/biz/directory/BS/
Text: Bhutan - Link: https://www.facebook.com/biz/directory/BT/
Text: Botswana - Link: https://www.facebook.com/biz/directory/BW/
Text: Belarus - Link: https://www.facebook.com/biz/directory/BY/
Text: Belize - Link: https://www.facebook.com/biz/directory/BZ/
Text: Canada - Link: https://www.facebook.com/biz/directory/CA/
Text: Democratic Republic of the Congo - Link: https://www.facebook.com/biz/directory/CD/
Text: Republic of the Congo - Link: https://www.facebook.com/biz/directory/CG/
Text: Switzerland - Link: https://www.facebook.com/biz/directory/CH/
Text: Côte d'Ivoire - Link: https://www.facebook.com/biz/directory/CI/
Text: Chile - Link: https://www.facebook.com/biz/directory/CL/
Text: Cameroon - Link: https://www.facebook.com/biz/directory/CM/
Text: China - Link: https://www.facebook.com/biz/directory/CN/
Text: Colombia - Link: https://www.facebook.com/biz/directory/CO/
Text: Costa Rica - Link: https://www.facebook.com/biz/directory/CR/
Text: Cuba - Link: https://www.facebook.com/biz/directory/CU/
Text: Cape Verde - Link: https://www.facebook.com/biz/directory/CV/
Text: Curaçao - Link: https://www.facebook.com/biz/directory/CW/
Text: Cyprus - Link: https://www.facebook.com/biz/directory/CY/
Text: Czech Republic - Link: https://www.facebook.com/biz/directory/CZ/
Text: Germany - Link: https://www.facebook.com/biz/directory/DE/
Text: Djibouti - Link: https://www.facebook.com/biz/directory/DJ/
Text: Denmark - Link: https://www.facebook.com/biz/directory/DK/
Text: Dominica - Link: https://www.facebook.com/biz/directory/DM/
Text: Dominican Republic - Link: https://www.facebook.com/biz/directory/DO/
Text: Algeria - Link: https://www.facebook.com/biz/directory/DZ/
Text: Ecuador - Link: https://www.facebook.com/biz/directory/EC/
Text: Estonia - Link: https://www.facebook.com/biz/directory/EE/
Text: Egypt - Link: https://www.facebook.com/biz/directory/EG/
Text: Spain - Link: https://www.facebook.com/biz/directory/ES/
Text: Ethiopia - Link: https://www.facebook.com/biz/directory/ET/
Text: Finland - Link: https://www.facebook.com/biz/directory/FI/
Text: Fiji - Link: https://www.facebook.com/biz/directory/FJ/
Text: Faroe Islands - Link: https://www.facebook.com/biz/directory/FO/
Text: France - Link: https://www.facebook.com/biz/directory/FR/
Text: Gabon - Link: https://www.facebook.com/biz/directory/GA/
Text: United Kingdom - Link: https://www.facebook.com/biz/directory/GB/
Text: Grenada - Link: https://www.facebook.com/biz/directory/GD/
Text: Georgia - Link: https://www.facebook.com/biz/directory/GE/
Text: French Guiana - Link: https://www.facebook.com/biz/directory/GF/
Text: Guernsey - Link: https://www.facebook.com/biz/directory/GG/
Text: Ghana - Link: https://www.facebook.com/biz/directory/GH/
Text: Gibraltar - Link: https://www.facebook.com/biz/directory/GI/
Text: The Gambia - Link: https://www.facebook.com/biz/directory/GM/
Text: Guinea - Link: https://www.facebook.com/biz/directory/GN/
Text: Guadeloupe - Link: https://www.facebook.com/biz/directory/GP/
Text: Greece - Link: https://www.facebook.com/biz/directory/GR/
Text: Guatemala - Link: https://www.facebook.com/biz/directory/GT/
Text: Guam - Link: https://www.facebook.com/biz/directory/GU/
Text: Guyana - Link: https://www.facebook.com/biz/directory/GY/
Text: Hong Kong - Link: https://www.facebook.com/biz/directory/HK/
Text: Honduras - Link: https://www.facebook.com/biz/directory/HN/
Text: Croatia - Link: https://www.facebook.com/biz/directory/HR/
Text: Haiti - Link: https://www.facebook.com/biz/directory/HT/
Text: Hungary - Link: https://www.facebook.com/biz/directory/HU/
Text: Indonesia - Link: https://www.facebook.com/biz/directory/ID/
Text: Ireland - Link: https://www.facebook.com/biz/directory/IE/
Text: Israel - Link: https://www.facebook.com/biz/directory/IL/
Text: Isle of Man - Link: https://www.facebook.com/biz/directory/IM/
Text: India - Link: https://www.facebook.com/biz/directory/IN/
Text: Iraq - Link: https://www.facebook.com/biz/directory/IQ/
Text: Iran - Link: https://www.facebook.com/biz/directory/IR/
Text: Iceland - Link: https://www.facebook.com/biz/directory/IS/
Text: Italy - Link: https://www.facebook.com/biz/directory/IT/
Text: Jersey - Link: https://www.facebook.com/biz/directory/JE/
Text: Jamaica - Link: https://www.facebook.com/biz/directory/JM/
Text: Jordan - Link: https://www.facebook.com/biz/directory/JO/
Text: Japan - Link: https://www.facebook.com/biz/directory/JP/
Text: Kenya - Link: https://www.facebook.com/biz/directory/KE/
Text: Kyrgyzstan - Link: https://www.facebook.com/biz/directory/KG/
Text: Cambodia - Link: https://www.facebook.com/biz/directory/KH/
Text: Saint Kitts and Nevis - Link: https://www.facebook.com/biz/directory/KN/
Text: South Korea - Link: https://www.facebook.com/biz/directory/KR/
Text: Kuwait - Link: https://www.facebook.com/biz/directory/KW/
Text: Cayman Islands - Link: https://www.facebook.com/biz/directory/KY/
Text: Kazakhstan - Link: https://www.facebook.com/biz/directory/KZ/
Text: Laos - Link: https://www.facebook.com/biz/directory/LA/
Text: Lebanon - Link: https://www.facebook.com/biz/directory/LB/
Text: St. Lucia - Link: https://www.facebook.com/biz/directory/LC/
Text: Liechtenstein - Link: https://www.facebook.com/biz/directory/LI/
Text: Sri Lanka - Link: https://www.facebook.com/biz/directory/LK/
Text: Liberia - Link: https://www.facebook.com/biz/directory/LR/
Text: Lesotho - Link: https://www.facebook.com/biz/directory/LS/
Text: Lithuania - Link: https://www.facebook.com/biz/directory/LT/
Text: Luxembourg - Link: https://www.facebook.com/biz/directory/LU/
Text: Latvia - Link: https://www.facebook.com/biz/directory/LV/
Text: Libya - Link: https://www.facebook.com/biz/directory/LY/
Text: Morocco - Link: https://www.facebook.com/biz/directory/MA/
Text: Monaco - Link: https://www.facebook.com/biz/directory/MC/
Text: Moldova - Link: https://www.facebook.com/biz/directory/MD/
Text: Montenegro - Link: https://www.facebook.com/biz/directory/ME/
Text: Saint Martin - Link: https://www.facebook.com/biz/directory/MF/
Text: Madagascar - Link: https://www.facebook.com/biz/directory/MG/
Text: North Macedonia - Link: https://www.facebook.com/biz/directory/MK/
Text: Mali - Link: https://www.facebook.com/biz/directory/ML/
Text: Myanmar - Link: https://www.facebook.com/biz/directory/MM/
Text: Mongolia - Link: https://www.facebook.com/biz/directory/MN/
Text: Macau - Link: https://www.facebook.com/biz/directory/MO/
Text: Northern Mariana Islands - Link: https://www.facebook.com/biz/directory/MP/
Text: Martinique - Link: https://www.facebook.com/biz/directory/MQ/
Text: Mauritania - Link: https://www.facebook.com/biz/directory/MR/
Text: Malta - Link: https://www.facebook.com/biz/directory/MT/
Text: Mauritius - Link: https://www.facebook.com/biz/directory/MU/
Text: Maldives - Link: https://www.facebook.com/biz/directory/MV/
Text: Malawi - Link: https://www.facebook.com/biz/directory/MW/
Text: Mexico - Link: https://www.facebook.com/biz/directory/MX/
Text: Malaysia - Link: https://www.facebook.com/biz/directory/MY/
Text: Mozambique - Link: https://www.facebook.com/biz/directory/MZ/
Text: Namibia - Link: https://www.facebook.com/biz/directory/NA/
Text: New Caledonia - Link: https://www.facebook.com/biz/directory/NC/
Text: Niger - Link: https://www.facebook.com/biz/directory/NE/
Text: Nigeria - Link: https://www.facebook.com/biz/directory/NG/
Text: Nicaragua - Link: https://www.facebook.com/biz/directory/NI/
Text: Netherlands - Link: https://www.facebook.com/biz/directory/NL/
Text: Norway - Link: https://www.facebook.com/biz/directory/NO/
Text: Nepal - Link: https://www.facebook.com/biz/directory/NP/
Text: New Zealand - Link: https://www.facebook.com/biz/directory/NZ/
Text: Oman - Link: https://www.facebook.com/biz/directory/OM/
Text: Panama - Link: https://www.facebook.com/biz/directory/PA/
Text: Peru - Link: https://www.facebook.com/biz/directory/PE/
Text: French Polynesia - Link: https://www.facebook.com/biz/directory/PF/
Text: Papua New Guinea - Link: https://www.facebook.com/biz/directory/PG/
Text: Philippines - Link: https://www.facebook.com/biz/directory/PH/
Text: Pakistan - Link: https://www.facebook.com/biz/directory/PK/
Text: Poland - Link: https://www.facebook.com/biz/directory/PL/
Text: Puerto Rico - Link: https://www.facebook.com/biz/directory/PR/
Text: Palestine - Link: https://www.facebook.com/biz/directory/PS/
Text: Portugal - Link: https://www.facebook.com/biz/directory/PT/
Text: Paraguay - Link: https://www.facebook.com/biz/directory/PY/
Text: Qatar - Link: https://www.facebook.com/biz/directory/QA/
Text: Réunion - Link: https://www.facebook.com/biz/directory/RE/
Text: Romania - Link: https://www.facebook.com/biz/directory/RO/
Text: Serbia - Link: https://www.facebook.com/biz/directory/RS/
Text: Russia - Link: https://www.facebook.com/biz/directory/RU/
Text: Rwanda - Link: https://www.facebook.com/biz/directory/RW/
Text: Saudi Arabia - Link: https://www.facebook.com/biz/directory/SA/
Text: Solomon Islands - Link: https://www.facebook.com/biz/directory/SB/
Text: Seychelles - Link: https://www.facebook.com/biz/directory/SC/
Text: Sudan - Link: https://www.facebook.com/biz/directory/SD/
Text: Sweden - Link: https://www.facebook.com/biz/directory/SE/
Text: Singapore - Link: https://www.facebook.com/biz/directory/SG/
Text: Slovenia - Link: https://www.facebook.com/biz/directory/SI/
Text: Slovakia - Link: https://www.facebook.com/biz/directory/SK/
Text: Sierra Leone - Link: https://www.facebook.com/biz/directory/SL/
Text: San Marino - Link: https://www.facebook.com/biz/directory/SM/
Text: Senegal - Link: https://www.facebook.com/biz/directory/SN/
Text: Somalia - Link: https://www.facebook.com/biz/directory/SO/
Text: Suriname - Link: https://www.facebook.com/biz/directory/SR/
Text: South Sudan - Link: https://www.facebook.com/biz/directory/SS/
Text: El Salvador - Link: https://www.facebook.com/biz/directory/SV/
Text: Sint Maarten - Link: https://www.facebook.com/biz/directory/SX/
Text: Syria - Link: https://www.facebook.com/biz/directory/SY/
Text: Swaziland - Link: https://www.facebook.com/biz/directory/SZ/
Text: Turks and Caicos Islands - Link: https://www.facebook.com/biz/directory/TC/
Text: Chad - Link: https://www.facebook.com/biz/directory/TD/
Text: Togo - Link: https://www.facebook.com/biz/directory/TG/
Text: Thailand - Link: https://www.facebook.com/biz/directory/TH/
Text: Tajikistan - Link: https://www.facebook.com/biz/directory/TJ/
Text: Timor-Leste - Link: https://www.facebook.com/biz/directory/TL/
Text: Tunisia - Link: https://www.facebook.com/biz/directory/TN/
Text: Tonga - Link: https://www.facebook.com/biz/directory/TO/
Text: Türkiye - Link: https://www.facebook.com/biz/directory/TR/
Text: Trinidad and Tobago - Link: https://www.facebook.com/biz/directory/TT/
Text: Taiwan - Link: https://www.facebook.com/biz/directory/TW/
Text: Tanzania - Link: https://www.facebook.com/biz/directory/TZ/
Text: Ukraine - Link: https://www.facebook.com/biz/directory/UA/
Text: Uganda - Link: https://www.facebook.com/biz/directory/UG/
Text: United States - Link: https://www.facebook.com/biz/directory/US/
Text: Uruguay - Link: https://www.facebook.com/biz/directory/UY/
Text: Uzbekistan - Link: https://www.facebook.com/biz/directory/UZ/
Text: Vatican City - Link: https://www.facebook.com/biz/directory/VA/
Text: Saint Vincent and the Grenadines - Link: https://www.facebook.com/biz/directory/VC/
Text: Venezuela - Link: https://www.facebook.com/biz/directory/VE/
Text: British Virgin Islands - Link: https://www.facebook.com/biz/directory/VG/
Text: US Virgin Islands - Link: https://www.facebook.com/biz/directory/VI/
Text: Vietnam - Link: https://www.facebook.com/biz/directory/VN/
Text: Vanuatu - Link: https://www.facebook.com/biz/directory/VU/
Text: Samoa - Link: https://www.facebook.com/biz/directory/WS/
Text: Yemen - Link: https://www.facebook.com/biz/directory/YE/
Text: Mayotte - Link: https://www.facebook.com/biz/directory/YT/
Text: South Africa - Link: https://www.facebook.com/biz/directory/ZA/
Text: Zambia - Link: https://www.facebook.com/biz/directory/ZM/
Text: Zimbabwe - Link: https://www.facebook.com/biz/directory/ZW/
Total links=210]]>
  </system-out>
</testsuite> <!-- Live_testcases.StaleElement_Exp -->
