<?xml version="1.0" encoding="UTF-8"?>
<!-- Generated by org.testng.reporters.JUnitReportReporter -->
<testsuite hostname="DESKTOP-6RSBDQK" failures="0" tests="1" name="test.ExplicitWait" time="4.515" errors="0" timestamp="2024-12-07T18:05:44 IST" skipped="0">
  <testcase classname="test.ExplicitWait" name="waitExample" time="4.515"/>
</testsuite> <!-- test.ExplicitWait -->
