<?xml version="1.0" encoding="UTF-8"?>
<!-- Generated by org.testng.reporters.JUnitReportReporter -->
<testsuite hostname="DESKTOP-6RSBDQK" failures="0" tests="1" name="api_testing.MyApiTest" time="3.317" errors="0" timestamp="2025-04-25T11:57:16 IST" skipped="0">
  <testcase classname="api_testing.MyApiTest" name="testGet" time="3.317"/>
</testsuite> <!-- api_testing.MyApiTest -->
