<?xml version="1.0" encoding="UTF-8"?>
<!-- Generated by org.testng.reporters.JUnitReportReporter -->
<testsuite hostname="DESKTOP-6RSBDQK" failures="0" tests="1" name="api_testing.GetRequest" time="3.412" errors="0" timestamp="2025-02-03T21:40:52 IST" skipped="0">
  <testcase classname="api_testing.GetRequest" name="validate_status_code" time="3.412"/>
</testsuite> <!-- api_testing.GetRequest -->
