<?xml version="1.0" encoding="UTF-8"?>
<!-- Generated by org.testng.reporters.JUnitReportReporter -->
<testsuite hostname="DESKTOP-6RSBDQK" failures="0" tests="2" name="ipltesting.List_WebElement_Amazon" time="26.682" errors="0" timestamp="2025-07-20T15:17:46 IST" skipped="0">
  <testcase classname="ipltesting.List_WebElement_Amazon" name="locatoramazon" time="5.778"/>
  <testcase classname="ipltesting.List_WebElement_Amazon" name="software" time="20.904"/>
</testsuite> <!-- ipltesting.List_WebElement_Amazon -->
