<?xml version="1.0" encoding="UTF-8"?>
<!-- Generated by org.testng.reporters.JUnitReportReporter -->
<testsuite hostname="DESKTOP-6RSBDQK" failures="0" tests="2" name="api_testing.ResponseSpecification2" time="5.591" errors="0" timestamp="2025-04-25T22:54:53 IST" skipped="0">
  <testcase classname="api_testing.ResponseSpecification2" name="validate_response_body" time="4.065"/>
  <testcase classname="api_testing.ResponseSpecification2" name="validate_response_code" time="1.526"/>
</testsuite> <!-- api_testing.ResponseSpecification2 -->
