<?xml version="1.0" encoding="UTF-8"?>
<!-- Generated by org.testng.reporters.JUnitReportReporter -->
<testsuite hostname="DESKTOP-6RSBDQK" failures="0" tests="2" name="api_testing.ResponseSpecification1" time="5.962" errors="0" timestamp="2025-04-25T22:54:31 IST" skipped="0">
  <testcase classname="api_testing.ResponseSpecification1" name="validate_response_body" time="4.463"/>
  <testcase classname="api_testing.ResponseSpecification1" name="validate_response_code" time="1.499"/>
</testsuite> <!-- api_testing.ResponseSpecification1 -->
