<?xml version="1.0" encoding="UTF-8"?>
<!-- Generated by org.testng.reporters.JUnitReportReporter -->
<testsuite hostname="DESKTOP-6RSBDQK" failures="0" tests="1" name="api_testing.AutomatePost2" time="2.796" errors="0" timestamp="2025-02-17T21:23:59 IST" skipped="0">
  <testcase classname="api_testing.AutomatePost2" name="validate_post_request_build_style" time="2.796"/>
</testsuite> <!-- api_testing.AutomatePost2 -->
