<?xml version="1.0" encoding="UTF-8"?>
<!-- Generated by org.testng.reporters.JUnitReportReporter -->
<testsuite hostname="DESKTOP-6RSBDQK" failures="0" tests="1" name="basic.Dummy" time="6.295" errors="0" timestamp="2025-07-20T22:41:09 IST" skipped="0">
  <testcase classname="basic.Dummy" name="Testcheckbox" time="6.295"/>
</testsuite> <!-- basic.Dummy -->
