<?xml version="1.0" encoding="UTF-8"?>
<!-- Generated by org.testng.reporters.JUnitReportReporter -->
<testsuite hostname="DESKTOP-6RSBDQK" failures="0" tests="3" name="ipltesting.Dataexampl" time="0.010" errors="0" timestamp="2024-12-07T22:56:55 IST" skipped="0">
  <testcase classname="ipltesting.Dataexampl" name="validLogin" time="0.002">
    <system-out>
      <![CDATA[Username =Testing software123
Passowrd =testing Method123]]>
    </system-out>
  </testcase> <!-- validLogin -->
  <testcase classname="ipltesting.Dataexampl" name="validLogin" time="0.000">
    <system-out>
      <![CDATA[Username =Testing software
Passowrd =testing Method]]>
    </system-out>
  </testcase> <!-- validLogin -->
  <testcase classname="ipltesting.Dataexampl" name="validLogin" time="0.008">
    <system-out>
      <![CDATA[Username =Software Testing
Passowrd =Method Testing]]>
    </system-out>
  </testcase> <!-- validLogin -->
  <system-out>
    <![CDATA[Username =Software Testing
Passowrd =Method Testing
Username =Testing software
Passowrd =testing Method
Username =Testing software123
Passowrd =testing Method123]]>
  </system-out>
</testsuite> <!-- ipltesting.Dataexampl -->
