<?xml version="1.0" encoding="UTF-8"?>
<!-- Generated by org.testng.reporters.JUnitReportReporter -->
<testsuite hostname="DESKTOP-6RSBDQK" failures="0" tests="2" name="api_testing.Api_Log_Headers" time="5.680" errors="0" timestamp="2025-02-17T10:53:45 IST" skipped="0">
  <testcase classname="api_testing.Api_Log_Headers" name="log_only_validatoin_fails" time="3.962"/>
  <testcase classname="api_testing.Api_Log_Headers" name="request_response_logging" time="1.718"/>
</testsuite> <!-- api_testing.Api_Log_Headers -->
