<?xml version="1.0" encoding="UTF-8"?>
<!-- Generated by org.testng.reporters.JUnitReportReporter -->
<testsuite hostname="DESKTOP-6RSBDQK" failures="0" tests="5" name="api_testing.AutomatedGet" time="9.867" errors="0" timestamp="2025-04-25T11:21:09 IST" skipped="0">
  <testcase classname="api_testing.AutomatedGet" name="extract_response" time="1.354"/>
  <testcase classname="api_testing.AutomatedGet" name="extractSingle_Value_From_response" time="4.389"/>
  <testcase classname="api_testing.AutomatedGet" name="validate_response_body" time="1.486"/>
  <testcase classname="api_testing.AutomatedGet" name="extractString_Single_Value_From_response" time="1.318"/>
  <testcase classname="api_testing.AutomatedGet" name="hemcrest_assert_on_response" time="1.320"/>
</testsuite> <!-- api_testing.AutomatedGet -->
