<?xml version="1.0" encoding="UTF-8"?>
<!-- Generated by org.testng.reporters.JUnitReportReporter -->
<testsuite hostname="DESKTOP-6RSBDQK" failures="0" tests="2" name="api_testing.Requestspecific2" time="4.441" errors="0" timestamp="2025-04-25T11:57:32 IST" skipped="0">
  <testcase classname="api_testing.Requestspecific2" name="validate_response_code" time="1.519"/>
  <testcase classname="api_testing.Requestspecific2" name="validate_response_body" time="2.922"/>
</testsuite> <!-- api_testing.Requestspecific2 -->
