<?xml version="1.0" encoding="UTF-8"?>
<!-- Generated by org.testng.reporters.JUnitReportReporter -->
<testsuite hostname="DESKTOP-6RSBDQK" failures="0" tests="4" name="ipltesting.GroupsTesting" time="0.023" errors="0" timestamp="2025-07-20T14:20:14 IST" skipped="0">
  <testcase classname="ipltesting.GroupsTesting" name="Updatepassword" time="0.003"/>
  <testcase classname="ipltesting.GroupsTesting" name="Deleteuser" time="0.015"/>
  <testcase classname="ipltesting.GroupsTesting" name="Read" time="0.002"/>
  <testcase classname="ipltesting.GroupsTesting" name="a1" time="0.003"/>
</testsuite> <!-- ipltesting.GroupsTesting -->
