<?xml version="1.0" encoding="UTF-8"?>
<!-- Generated by org.testng.reporters.JUnitReportReporter -->
<testsuite hostname="DESKTOP-6RSBDQK" failures="0" tests="1" name="basic.RadioButton_Facebook" time="4.655" errors="0" timestamp="2025-07-20T22:39:50 IST" skipped="0">
  <testcase classname="basic.RadioButton_Facebook" name="webElementCommandDemo" time="4.655"/>
</testsuite> <!-- basic.RadioButton_Facebook -->
