<?xml version="1.0" encoding="UTF-8"?>
<!-- Generated by org.testng.reporters.JUnitReportReporter -->
<testsuite hostname="DESKTOP-6RSBDQK" failures="0" tests="1" name="ipltesting.AccessSite" time="3.601" errors="0" timestamp="2024-12-07T22:25:54 IST" skipped="0">
  <testcase classname="ipltesting.AccessSite" name="mvain" time="3.601"/>
</testsuite> <!-- ipltesting.AccessSite -->
