<?xml version="1.0" encoding="UTF-8"?>
<!-- Generated by org.testng.reporters.JUnitReportReporter -->
<testsuite hostname="DESKTOP-6RSBDQK" failures="0" tests="1" name="Live_testcases.New1" time="0.010" errors="0" timestamp="2025-02-19T15:28:07 IST" skipped="0">
  <testcase classname="Live_testcases.New1" name="mvain" time="0.010"/>
</testsuite> <!-- Live_testcases.New1 -->
